[2025-04-10T15:44:36.608+0000] {local_task_job_runner.py:123} INFO - ::group::Pre task execution logs
[2025-04-10T15:44:36.620+0000] {taskinstance.py:2614} INFO - Dependencies all met for dep_context=non-requeueable deps ti=<TaskInstance: weather_forecast_ingestion_dag.clean manual__2025-04-10T15:38:53.107322+00:00 [queued]>
[2025-04-10T15:44:36.624+0000] {taskinstance.py:2614} INFO - Dependencies all met for dep_context=requeueable deps ti=<TaskInstance: weather_forecast_ingestion_dag.clean manual__2025-04-10T15:38:53.107322+00:00 [queued]>
[2025-04-10T15:44:36.624+0000] {taskinstance.py:2867} INFO - Starting attempt 2 of 2
[2025-04-10T15:44:36.630+0000] {taskinstance.py:2890} INFO - Executing <Task(_PythonDecoratedOperator): clean> on 2025-04-10 15:38:53.107322+00:00
[2025-04-10T15:44:36.633+0000] {warnings.py:112} WARNING - /home/***/.local/lib/python3.12/site-packages/***/task/task_runner/standard_task_runner.py:70: DeprecationWarning: This process (pid=564) is multi-threaded, use of fork() may lead to deadlocks in the child.
  pid = os.fork()

[2025-04-10T15:44:36.634+0000] {standard_task_runner.py:72} INFO - Started process 565 to run task
[2025-04-10T15:44:36.635+0000] {standard_task_runner.py:104} INFO - Running: ['***', 'tasks', 'run', 'weather_forecast_ingestion_dag', 'clean', 'manual__2025-04-10T15:38:53.107322+00:00', '--job-id', '658', '--raw', '--subdir', 'DAGS_FOLDER/weather_forecast_ingestion_dag.py', '--cfg-path', '/tmp/tmpdmsmzkjx']
[2025-04-10T15:44:36.636+0000] {standard_task_runner.py:105} INFO - Job 658: Subtask clean
[2025-04-10T15:44:36.667+0000] {task_command.py:467} INFO - Running <TaskInstance: weather_forecast_ingestion_dag.clean manual__2025-04-10T15:38:53.107322+00:00 [running]> on host 98acdd3c69ae
[2025-04-10T15:44:36.708+0000] {taskinstance.py:3134} INFO - Exporting env vars: AIRFLOW_CTX_DAG_OWNER='beni' AIRFLOW_CTX_DAG_ID='weather_forecast_ingestion_dag' AIRFLOW_CTX_TASK_ID='clean' AIRFLOW_CTX_EXECUTION_DATE='2025-04-10T15:38:53.107322+00:00' AIRFLOW_CTX_TRY_NUMBER='2' AIRFLOW_CTX_DAG_RUN_ID='manual__2025-04-10T15:38:53.107322+00:00'
[2025-04-10T15:44:36.710+0000] {taskinstance.py:732} INFO - ::endgroup::
[2025-04-10T15:44:37.137+0000] {logging_mixin.py:190} INFO - ⚠️ Could not parse/delete weather_forecast/bamberg/2025-04-10T1100.json: can't compare offset-naive and offset-aware datetimes
[2025-04-10T15:44:37.138+0000] {logging_mixin.py:190} INFO - ⚠️ Could not parse/delete weather_forecast/bamberg/2025-04-10T1200.json: can't compare offset-naive and offset-aware datetimes
[2025-04-10T15:44:37.138+0000] {logging_mixin.py:190} INFO - ⚠️ Could not parse/delete weather_forecast/bamberg/2025-04-10T1300.json: can't compare offset-naive and offset-aware datetimes
[2025-04-10T15:44:37.139+0000] {logging_mixin.py:190} INFO - ⚠️ Could not parse/delete weather_forecast/bamberg/2025-04-10T1400.json: can't compare offset-naive and offset-aware datetimes
[2025-04-10T15:44:37.139+0000] {logging_mixin.py:190} INFO - ⚠️ Could not parse/delete weather_forecast/bamberg/2025-04-10T1500.json: can't compare offset-naive and offset-aware datetimes
[2025-04-10T15:44:37.140+0000] {logging_mixin.py:190} INFO - ⚠️ Could not parse/delete weather_forecast/bamberg/2025-04-10T1600.json: can't compare offset-naive and offset-aware datetimes
[2025-04-10T15:44:37.140+0000] {logging_mixin.py:190} INFO - ⚠️ Could not parse/delete weather_forecast/bamberg/2025-04-10T1700.json: can't compare offset-naive and offset-aware datetimes
[2025-04-10T15:44:37.140+0000] {logging_mixin.py:190} INFO - ⚠️ Could not parse/delete weather_forecast/bamberg/2025-04-10T1800.json: can't compare offset-naive and offset-aware datetimes
[2025-04-10T15:44:37.141+0000] {logging_mixin.py:190} INFO - ⚠️ Could not parse/delete weather_forecast/bamberg/2025-04-10T1900.json: can't compare offset-naive and offset-aware datetimes
[2025-04-10T15:44:37.141+0000] {logging_mixin.py:190} INFO - ⚠️ Could not parse/delete weather_forecast/bamberg/2025-04-10T2000.json: can't compare offset-naive and offset-aware datetimes
[2025-04-10T15:44:37.142+0000] {logging_mixin.py:190} INFO - ⚠️ Could not parse/delete weather_forecast/bamberg/2025-04-11T0600.json: can't compare offset-naive and offset-aware datetimes
[2025-04-10T15:44:37.142+0000] {logging_mixin.py:190} INFO - ⚠️ Could not parse/delete weather_forecast/bamberg/2025-04-11T0700.json: can't compare offset-naive and offset-aware datetimes
[2025-04-10T15:44:37.143+0000] {logging_mixin.py:190} INFO - ⚠️ Could not parse/delete weather_forecast/bamberg/2025-04-11T0800.json: can't compare offset-naive and offset-aware datetimes
[2025-04-10T15:44:37.143+0000] {logging_mixin.py:190} INFO - ⚠️ Could not parse/delete weather_forecast/bamberg/2025-04-11T0900.json: can't compare offset-naive and offset-aware datetimes
[2025-04-10T15:44:37.144+0000] {logging_mixin.py:190} INFO - ⚠️ Could not parse/delete weather_forecast/bamberg/2025-04-11T1000.json: can't compare offset-naive and offset-aware datetimes
[2025-04-10T15:44:37.144+0000] {logging_mixin.py:190} INFO - ⚠️ Could not parse/delete weather_forecast/bamberg/2025-04-11T1100.json: can't compare offset-naive and offset-aware datetimes
[2025-04-10T15:44:37.145+0000] {logging_mixin.py:190} INFO - ⚠️ Could not parse/delete weather_forecast/bamberg/2025-04-11T1200.json: can't compare offset-naive and offset-aware datetimes
[2025-04-10T15:44:37.145+0000] {logging_mixin.py:190} INFO - ⚠️ Could not parse/delete weather_forecast/bamberg/2025-04-11T1300.json: can't compare offset-naive and offset-aware datetimes
[2025-04-10T15:44:37.145+0000] {logging_mixin.py:190} INFO - ⚠️ Could not parse/delete weather_forecast/bamberg/2025-04-11T1400.json: can't compare offset-naive and offset-aware datetimes
[2025-04-10T15:44:37.146+0000] {logging_mixin.py:190} INFO - ⚠️ Could not parse/delete weather_forecast/bamberg/2025-04-11T1500.json: can't compare offset-naive and offset-aware datetimes
[2025-04-10T15:44:37.146+0000] {logging_mixin.py:190} INFO - ⚠️ Could not parse/delete weather_forecast/bamberg/2025-04-11T1600.json: can't compare offset-naive and offset-aware datetimes
[2025-04-10T15:44:37.147+0000] {logging_mixin.py:190} INFO - ⚠️ Could not parse/delete weather_forecast/bamberg/2025-04-11T1700.json: can't compare offset-naive and offset-aware datetimes
[2025-04-10T15:44:37.147+0000] {logging_mixin.py:190} INFO - ⚠️ Could not parse/delete weather_forecast/bamberg/2025-04-11T1800.json: can't compare offset-naive and offset-aware datetimes
[2025-04-10T15:44:37.147+0000] {logging_mixin.py:190} INFO - ⚠️ Could not parse/delete weather_forecast/bamberg/2025-04-11T1900.json: can't compare offset-naive and offset-aware datetimes
[2025-04-10T15:44:37.148+0000] {logging_mixin.py:190} INFO - ⚠️ Could not parse/delete weather_forecast/bamberg/2025-04-11T2000.json: can't compare offset-naive and offset-aware datetimes
[2025-04-10T15:44:37.148+0000] {logging_mixin.py:190} INFO - ⚠️ Could not parse/delete weather_forecast/bamberg/2025-04-12T0600.json: can't compare offset-naive and offset-aware datetimes
[2025-04-10T15:44:37.148+0000] {logging_mixin.py:190} INFO - ⚠️ Could not parse/delete weather_forecast/bamberg/2025-04-12T0700.json: can't compare offset-naive and offset-aware datetimes
[2025-04-10T15:44:37.149+0000] {logging_mixin.py:190} INFO - ⚠️ Could not parse/delete weather_forecast/bamberg/2025-04-12T0800.json: can't compare offset-naive and offset-aware datetimes
[2025-04-10T15:44:37.149+0000] {logging_mixin.py:190} INFO - ⚠️ Could not parse/delete weather_forecast/bamberg/2025-04-12T0900.json: can't compare offset-naive and offset-aware datetimes
[2025-04-10T15:44:37.149+0000] {logging_mixin.py:190} INFO - ⚠️ Could not parse/delete weather_forecast/bamberg/2025-04-12T1000.json: can't compare offset-naive and offset-aware datetimes
[2025-04-10T15:44:37.150+0000] {logging_mixin.py:190} INFO - ⚠️ Could not parse/delete weather_forecast/bamberg/2025-04-12T1100.json: can't compare offset-naive and offset-aware datetimes
[2025-04-10T15:44:37.150+0000] {logging_mixin.py:190} INFO - ⚠️ Could not parse/delete weather_forecast/bamberg/2025-04-12T1200.json: can't compare offset-naive and offset-aware datetimes
[2025-04-10T15:44:37.150+0000] {logging_mixin.py:190} INFO - ⚠️ Could not parse/delete weather_forecast/bamberg/2025-04-12T1300.json: can't compare offset-naive and offset-aware datetimes
[2025-04-10T15:44:37.151+0000] {logging_mixin.py:190} INFO - ⚠️ Could not parse/delete weather_forecast/bamberg/2025-04-12T1400.json: can't compare offset-naive and offset-aware datetimes
[2025-04-10T15:44:37.151+0000] {logging_mixin.py:190} INFO - ⚠️ Could not parse/delete weather_forecast/bamberg/2025-04-12T1500.json: can't compare offset-naive and offset-aware datetimes
[2025-04-10T15:44:37.152+0000] {logging_mixin.py:190} INFO - ⚠️ Could not parse/delete weather_forecast/bamberg/2025-04-12T1600.json: can't compare offset-naive and offset-aware datetimes
[2025-04-10T15:44:37.152+0000] {logging_mixin.py:190} INFO - ⚠️ Could not parse/delete weather_forecast/bamberg/2025-04-12T1700.json: can't compare offset-naive and offset-aware datetimes
[2025-04-10T15:44:37.152+0000] {logging_mixin.py:190} INFO - ⚠️ Could not parse/delete weather_forecast/bamberg/2025-04-12T1800.json: can't compare offset-naive and offset-aware datetimes
[2025-04-10T15:44:37.153+0000] {logging_mixin.py:190} INFO - ⚠️ Could not parse/delete weather_forecast/bamberg/2025-04-12T1900.json: can't compare offset-naive and offset-aware datetimes
[2025-04-10T15:44:37.153+0000] {logging_mixin.py:190} INFO - ⚠️ Could not parse/delete weather_forecast/bamberg/2025-04-12T2000.json: can't compare offset-naive and offset-aware datetimes
[2025-04-10T15:44:37.153+0000] {logging_mixin.py:190} INFO - ⚠️ Could not parse/delete weather_forecast/bamberg/2025-04-13T0600.json: can't compare offset-naive and offset-aware datetimes
[2025-04-10T15:44:37.154+0000] {logging_mixin.py:190} INFO - ⚠️ Could not parse/delete weather_forecast/bamberg/2025-04-13T0700.json: can't compare offset-naive and offset-aware datetimes
[2025-04-10T15:44:37.154+0000] {logging_mixin.py:190} INFO - ⚠️ Could not parse/delete weather_forecast/bamberg/2025-04-13T0800.json: can't compare offset-naive and offset-aware datetimes
[2025-04-10T15:44:37.154+0000] {logging_mixin.py:190} INFO - ⚠️ Could not parse/delete weather_forecast/bamberg/2025-04-13T0900.json: can't compare offset-naive and offset-aware datetimes
[2025-04-10T15:44:37.155+0000] {logging_mixin.py:190} INFO - ⚠️ Could not parse/delete weather_forecast/bamberg/2025-04-13T1000.json: can't compare offset-naive and offset-aware datetimes
[2025-04-10T15:44:37.155+0000] {logging_mixin.py:190} INFO - ⚠️ Could not parse/delete weather_forecast/bamberg/2025-04-13T1100.json: can't compare offset-naive and offset-aware datetimes
[2025-04-10T15:44:37.155+0000] {logging_mixin.py:190} INFO - ⚠️ Could not parse/delete weather_forecast/bamberg/2025-04-13T1200.json: can't compare offset-naive and offset-aware datetimes
[2025-04-10T15:44:37.155+0000] {logging_mixin.py:190} INFO - ⚠️ Could not parse/delete weather_forecast/bamberg/2025-04-13T1300.json: can't compare offset-naive and offset-aware datetimes
[2025-04-10T15:44:37.156+0000] {logging_mixin.py:190} INFO - ⚠️ Could not parse/delete weather_forecast/bamberg/2025-04-13T1400.json: can't compare offset-naive and offset-aware datetimes
[2025-04-10T15:44:37.156+0000] {logging_mixin.py:190} INFO - ⚠️ Could not parse/delete weather_forecast/bamberg/2025-04-13T1500.json: can't compare offset-naive and offset-aware datetimes
[2025-04-10T15:44:37.156+0000] {logging_mixin.py:190} INFO - ⚠️ Could not parse/delete weather_forecast/bamberg/2025-04-13T1600.json: can't compare offset-naive and offset-aware datetimes
[2025-04-10T15:44:37.157+0000] {logging_mixin.py:190} INFO - ⚠️ Could not parse/delete weather_forecast/bamberg/2025-04-13T1700.json: can't compare offset-naive and offset-aware datetimes
[2025-04-10T15:44:37.157+0000] {logging_mixin.py:190} INFO - ⚠️ Could not parse/delete weather_forecast/bamberg/2025-04-13T1800.json: can't compare offset-naive and offset-aware datetimes
[2025-04-10T15:44:37.157+0000] {logging_mixin.py:190} INFO - ⚠️ Could not parse/delete weather_forecast/bamberg/2025-04-13T1900.json: can't compare offset-naive and offset-aware datetimes
[2025-04-10T15:44:37.158+0000] {logging_mixin.py:190} INFO - ⚠️ Could not parse/delete weather_forecast/bamberg/2025-04-13T2000.json: can't compare offset-naive and offset-aware datetimes
[2025-04-10T15:44:37.158+0000] {logging_mixin.py:190} INFO - ⚠️ Could not parse/delete weather_forecast/bamberg/2025-04-14T0600.json: can't compare offset-naive and offset-aware datetimes
[2025-04-10T15:44:37.158+0000] {logging_mixin.py:190} INFO - ⚠️ Could not parse/delete weather_forecast/bamberg/2025-04-14T0700.json: can't compare offset-naive and offset-aware datetimes
[2025-04-10T15:44:37.158+0000] {logging_mixin.py:190} INFO - ⚠️ Could not parse/delete weather_forecast/bamberg/2025-04-14T0800.json: can't compare offset-naive and offset-aware datetimes
[2025-04-10T15:44:37.159+0000] {logging_mixin.py:190} INFO - ⚠️ Could not parse/delete weather_forecast/bamberg/2025-04-14T0900.json: can't compare offset-naive and offset-aware datetimes
[2025-04-10T15:44:37.159+0000] {logging_mixin.py:190} INFO - ⚠️ Could not parse/delete weather_forecast/bamberg/2025-04-14T1000.json: can't compare offset-naive and offset-aware datetimes
[2025-04-10T15:44:37.159+0000] {logging_mixin.py:190} INFO - ⚠️ Could not parse/delete weather_forecast/bamberg/2025-04-14T1100.json: can't compare offset-naive and offset-aware datetimes
[2025-04-10T15:44:37.159+0000] {logging_mixin.py:190} INFO - ⚠️ Could not parse/delete weather_forecast/bamberg/2025-04-14T1200.json: can't compare offset-naive and offset-aware datetimes
[2025-04-10T15:44:37.160+0000] {logging_mixin.py:190} INFO - ⚠️ Could not parse/delete weather_forecast/bamberg/2025-04-14T1300.json: can't compare offset-naive and offset-aware datetimes
[2025-04-10T15:44:37.160+0000] {logging_mixin.py:190} INFO - ⚠️ Could not parse/delete weather_forecast/bamberg/2025-04-14T1400.json: can't compare offset-naive and offset-aware datetimes
[2025-04-10T15:44:37.160+0000] {logging_mixin.py:190} INFO - ⚠️ Could not parse/delete weather_forecast/bamberg/2025-04-14T1500.json: can't compare offset-naive and offset-aware datetimes
[2025-04-10T15:44:37.161+0000] {logging_mixin.py:190} INFO - ⚠️ Could not parse/delete weather_forecast/bamberg/2025-04-14T1600.json: can't compare offset-naive and offset-aware datetimes
[2025-04-10T15:44:37.161+0000] {logging_mixin.py:190} INFO - ⚠️ Could not parse/delete weather_forecast/bamberg/2025-04-14T1700.json: can't compare offset-naive and offset-aware datetimes
[2025-04-10T15:44:37.161+0000] {logging_mixin.py:190} INFO - ⚠️ Could not parse/delete weather_forecast/bamberg/2025-04-14T1800.json: can't compare offset-naive and offset-aware datetimes
[2025-04-10T15:44:37.161+0000] {logging_mixin.py:190} INFO - ⚠️ Could not parse/delete weather_forecast/bamberg/2025-04-14T1900.json: can't compare offset-naive and offset-aware datetimes
[2025-04-10T15:44:37.161+0000] {logging_mixin.py:190} INFO - ⚠️ Could not parse/delete weather_forecast/bamberg/2025-04-14T2000.json: can't compare offset-naive and offset-aware datetimes
[2025-04-10T15:44:37.162+0000] {logging_mixin.py:190} INFO - ⚠️ Could not parse/delete weather_forecast/bamberg/2025-04-15T0600.json: can't compare offset-naive and offset-aware datetimes
[2025-04-10T15:44:37.162+0000] {logging_mixin.py:190} INFO - ⚠️ Could not parse/delete weather_forecast/bamberg/2025-04-15T0700.json: can't compare offset-naive and offset-aware datetimes
[2025-04-10T15:44:37.162+0000] {logging_mixin.py:190} INFO - ⚠️ Could not parse/delete weather_forecast/bamberg/2025-04-15T0800.json: can't compare offset-naive and offset-aware datetimes
[2025-04-10T15:44:37.162+0000] {logging_mixin.py:190} INFO - ⚠️ Could not parse/delete weather_forecast/bamberg/2025-04-15T0900.json: can't compare offset-naive and offset-aware datetimes
[2025-04-10T15:44:37.163+0000] {logging_mixin.py:190} INFO - ⚠️ Could not parse/delete weather_forecast/bamberg/2025-04-15T1000.json: can't compare offset-naive and offset-aware datetimes
[2025-04-10T15:44:37.163+0000] {logging_mixin.py:190} INFO - ⚠️ Could not parse/delete weather_forecast/bamberg/2025-04-15T1100.json: can't compare offset-naive and offset-aware datetimes
[2025-04-10T15:44:37.163+0000] {logging_mixin.py:190} INFO - ⚠️ Could not parse/delete weather_forecast/bamberg/2025-04-15T1200.json: can't compare offset-naive and offset-aware datetimes
[2025-04-10T15:44:37.164+0000] {logging_mixin.py:190} INFO - ⚠️ Could not parse/delete weather_forecast/bamberg/2025-04-15T1300.json: can't compare offset-naive and offset-aware datetimes
[2025-04-10T15:44:37.164+0000] {logging_mixin.py:190} INFO - ⚠️ Could not parse/delete weather_forecast/bamberg/2025-04-15T1400.json: can't compare offset-naive and offset-aware datetimes
[2025-04-10T15:44:37.164+0000] {logging_mixin.py:190} INFO - ⚠️ Could not parse/delete weather_forecast/bamberg/2025-04-15T1500.json: can't compare offset-naive and offset-aware datetimes
[2025-04-10T15:44:37.164+0000] {logging_mixin.py:190} INFO - ⚠️ Could not parse/delete weather_forecast/bamberg/2025-04-15T1600.json: can't compare offset-naive and offset-aware datetimes
[2025-04-10T15:44:37.165+0000] {logging_mixin.py:190} INFO - ⚠️ Could not parse/delete weather_forecast/bamberg/2025-04-15T1700.json: can't compare offset-naive and offset-aware datetimes
[2025-04-10T15:44:37.165+0000] {logging_mixin.py:190} INFO - ⚠️ Could not parse/delete weather_forecast/bamberg/2025-04-15T1800.json: can't compare offset-naive and offset-aware datetimes
[2025-04-10T15:44:37.165+0000] {logging_mixin.py:190} INFO - ⚠️ Could not parse/delete weather_forecast/bamberg/2025-04-15T1900.json: can't compare offset-naive and offset-aware datetimes
[2025-04-10T15:44:37.165+0000] {logging_mixin.py:190} INFO - ⚠️ Could not parse/delete weather_forecast/bamberg/2025-04-15T2000.json: can't compare offset-naive and offset-aware datetimes
[2025-04-10T15:44:37.166+0000] {logging_mixin.py:190} INFO - ⚠️ Could not parse/delete weather_forecast/bamberg/2025-04-16T0600.json: can't compare offset-naive and offset-aware datetimes
[2025-04-10T15:44:37.166+0000] {logging_mixin.py:190} INFO - ⚠️ Could not parse/delete weather_forecast/bamberg/2025-04-16T0700.json: can't compare offset-naive and offset-aware datetimes
[2025-04-10T15:44:37.166+0000] {logging_mixin.py:190} INFO - ⚠️ Could not parse/delete weather_forecast/bamberg/2025-04-16T0800.json: can't compare offset-naive and offset-aware datetimes
[2025-04-10T15:44:37.166+0000] {logging_mixin.py:190} INFO - ⚠️ Could not parse/delete weather_forecast/bamberg/2025-04-16T0900.json: can't compare offset-naive and offset-aware datetimes
[2025-04-10T15:44:37.166+0000] {logging_mixin.py:190} INFO - ⚠️ Could not parse/delete weather_forecast/bamberg/2025-04-16T1000.json: can't compare offset-naive and offset-aware datetimes
[2025-04-10T15:44:37.167+0000] {logging_mixin.py:190} INFO - ⚠️ Could not parse/delete weather_forecast/bamberg/2025-04-16T1100.json: can't compare offset-naive and offset-aware datetimes
[2025-04-10T15:44:37.167+0000] {logging_mixin.py:190} INFO - ⚠️ Could not parse/delete weather_forecast/bamberg/2025-04-16T1200.json: can't compare offset-naive and offset-aware datetimes
[2025-04-10T15:44:37.167+0000] {logging_mixin.py:190} INFO - ⚠️ Could not parse/delete weather_forecast/bamberg/2025-04-16T1300.json: can't compare offset-naive and offset-aware datetimes
[2025-04-10T15:44:37.167+0000] {logging_mixin.py:190} INFO - ⚠️ Could not parse/delete weather_forecast/bamberg/2025-04-16T1400.json: can't compare offset-naive and offset-aware datetimes
[2025-04-10T15:44:37.168+0000] {logging_mixin.py:190} INFO - ⚠️ Could not parse/delete weather_forecast/bamberg/2025-04-16T1500.json: can't compare offset-naive and offset-aware datetimes
[2025-04-10T15:44:37.168+0000] {logging_mixin.py:190} INFO - ⚠️ Could not parse/delete weather_forecast/bamberg/2025-04-16T1600.json: can't compare offset-naive and offset-aware datetimes
[2025-04-10T15:44:37.168+0000] {logging_mixin.py:190} INFO - ⚠️ Could not parse/delete weather_forecast/bamberg/2025-04-16T1700.json: can't compare offset-naive and offset-aware datetimes
[2025-04-10T15:44:37.168+0000] {logging_mixin.py:190} INFO - ⚠️ Could not parse/delete weather_forecast/bamberg/2025-04-16T1800.json: can't compare offset-naive and offset-aware datetimes
[2025-04-10T15:44:37.169+0000] {logging_mixin.py:190} INFO - ⚠️ Could not parse/delete weather_forecast/bamberg/2025-04-16T1900.json: can't compare offset-naive and offset-aware datetimes
[2025-04-10T15:44:37.169+0000] {logging_mixin.py:190} INFO - ⚠️ Could not parse/delete weather_forecast/bamberg/2025-04-16T2000.json: can't compare offset-naive and offset-aware datetimes
[2025-04-10T15:44:37.169+0000] {logging_mixin.py:190} INFO - ⚠️ Could not parse/delete weather_forecast/bamberg/2025-04-17T0600.json: can't compare offset-naive and offset-aware datetimes
[2025-04-10T15:44:37.169+0000] {logging_mixin.py:190} INFO - ⚠️ Could not parse/delete weather_forecast/bamberg/2025-04-17T0700.json: can't compare offset-naive and offset-aware datetimes
[2025-04-10T15:44:37.170+0000] {logging_mixin.py:190} INFO - ⚠️ Could not parse/delete weather_forecast/bamberg/2025-04-17T0800.json: can't compare offset-naive and offset-aware datetimes
[2025-04-10T15:44:37.170+0000] {logging_mixin.py:190} INFO - ⚠️ Could not parse/delete weather_forecast/bamberg/2025-04-17T0900.json: can't compare offset-naive and offset-aware datetimes
[2025-04-10T15:44:37.170+0000] {logging_mixin.py:190} INFO - ⚠️ Could not parse/delete weather_forecast/bamberg/2025-04-17T1000.json: can't compare offset-naive and offset-aware datetimes
[2025-04-10T15:44:37.170+0000] {logging_mixin.py:190} INFO - ⚠️ Could not parse/delete weather_forecast/bamberg/2025-04-17T1100.json: can't compare offset-naive and offset-aware datetimes
[2025-04-10T15:44:37.170+0000] {logging_mixin.py:190} INFO - ⚠️ Could not parse/delete weather_forecast/bamberg/2025-04-17T1200.json: can't compare offset-naive and offset-aware datetimes
[2025-04-10T15:44:37.171+0000] {logging_mixin.py:190} INFO - ⚠️ Could not parse/delete weather_forecast/bamberg/2025-04-17T1300.json: can't compare offset-naive and offset-aware datetimes
[2025-04-10T15:44:37.171+0000] {logging_mixin.py:190} INFO - ⚠️ Could not parse/delete weather_forecast/bamberg/2025-04-17T1400.json: can't compare offset-naive and offset-aware datetimes
[2025-04-10T15:44:37.171+0000] {logging_mixin.py:190} INFO - ⚠️ Could not parse/delete weather_forecast/bamberg/2025-04-17T1500.json: can't compare offset-naive and offset-aware datetimes
[2025-04-10T15:44:37.171+0000] {logging_mixin.py:190} INFO - ⚠️ Could not parse/delete weather_forecast/bamberg/2025-04-17T1600.json: can't compare offset-naive and offset-aware datetimes
[2025-04-10T15:44:37.171+0000] {logging_mixin.py:190} INFO - ⚠️ Could not parse/delete weather_forecast/bamberg/2025-04-17T1700.json: can't compare offset-naive and offset-aware datetimes
[2025-04-10T15:44:37.172+0000] {logging_mixin.py:190} INFO - ⚠️ Could not parse/delete weather_forecast/bamberg/2025-04-17T1800.json: can't compare offset-naive and offset-aware datetimes
[2025-04-10T15:44:37.172+0000] {logging_mixin.py:190} INFO - ⚠️ Could not parse/delete weather_forecast/bamberg/2025-04-17T1900.json: can't compare offset-naive and offset-aware datetimes
[2025-04-10T15:44:37.172+0000] {logging_mixin.py:190} INFO - ⚠️ Could not parse/delete weather_forecast/bamberg/2025-04-17T2000.json: can't compare offset-naive and offset-aware datetimes
[2025-04-10T15:44:37.172+0000] {python.py:240} INFO - Done. Returned value was: None
[2025-04-10T15:44:37.185+0000] {taskinstance.py:341} INFO - ::group::Post task execution logs
[2025-04-10T15:44:37.186+0000] {taskinstance.py:353} INFO - Marking task as SUCCESS. dag_id=weather_forecast_ingestion_dag, task_id=clean, run_id=manual__2025-04-10T15:38:53.107322+00:00, execution_date=20250410T153853, start_date=20250410T154436, end_date=20250410T154437
[2025-04-10T15:44:37.247+0000] {local_task_job_runner.py:266} INFO - Task exited with return code 0
[2025-04-10T15:44:37.262+0000] {taskinstance.py:3901} INFO - 0 downstream tasks scheduled from follow-on schedule check
[2025-04-10T15:44:37.263+0000] {local_task_job_runner.py:245} INFO - ::endgroup::
