[2025-04-11T19:00:01.222+0000] {local_task_job_runner.py:123} INFO - ::group::Pre task execution logs
[2025-04-11T19:00:01.235+0000] {taskinstance.py:2614} INFO - Dependencies all met for dep_context=non-requeueable deps ti=<TaskInstance: air_ingestion_dag.ingest scheduled__2025-04-11T18:00:00+00:00 [queued]>
[2025-04-11T19:00:01.239+0000] {taskinstance.py:2614} INFO - Dependencies all met for dep_context=requeueable deps ti=<TaskInstance: air_ingestion_dag.ingest scheduled__2025-04-11T18:00:00+00:00 [queued]>
[2025-04-11T19:00:01.239+0000] {taskinstance.py:2867} INFO - Starting attempt 1 of 2
[2025-04-11T19:00:01.245+0000] {taskinstance.py:2890} INFO - Executing <Task(_PythonDecoratedOperator): ingest> on 2025-04-11 18:00:00+00:00
[2025-04-11T19:00:01.249+0000] {warnings.py:112} WARNING - /home/***/.local/lib/python3.12/site-packages/***/task/task_runner/standard_task_runner.py:70: DeprecationWarning: This process (pid=192) is multi-threaded, use of fork() may lead to deadlocks in the child.
  pid = os.fork()

[2025-04-11T19:00:01.251+0000] {standard_task_runner.py:104} INFO - Running: ['***', 'tasks', 'run', 'air_ingestion_dag', 'ingest', 'scheduled__2025-04-11T18:00:00+00:00', '--job-id', '761', '--raw', '--subdir', 'DAGS_FOLDER/air_ingestion_dag.py', '--cfg-path', '/tmp/tmp0pvhfm06']
[2025-04-11T19:00:01.253+0000] {standard_task_runner.py:72} INFO - Started process 193 to run task
[2025-04-11T19:00:01.253+0000] {standard_task_runner.py:105} INFO - Job 761: Subtask ingest
[2025-04-11T19:00:01.292+0000] {task_command.py:467} INFO - Running <TaskInstance: air_ingestion_dag.ingest scheduled__2025-04-11T18:00:00+00:00 [running]> on host e1fcb75fb946
[2025-04-11T19:00:01.346+0000] {taskinstance.py:3134} INFO - Exporting env vars: AIRFLOW_CTX_DAG_OWNER='beni' AIRFLOW_CTX_DAG_ID='air_ingestion_dag' AIRFLOW_CTX_TASK_ID='ingest' AIRFLOW_CTX_EXECUTION_DATE='2025-04-11T18:00:00+00:00' AIRFLOW_CTX_TRY_NUMBER='1' AIRFLOW_CTX_DAG_RUN_ID='scheduled__2025-04-11T18:00:00+00:00'
[2025-04-11T19:00:01.347+0000] {taskinstance.py:732} INFO - ::endgroup::
[2025-04-11T19:00:01.349+0000] {air_ingestion_dag.py:30} INFO - 📅 Fetching UBA data for MEZ day: 2025-04-11
[2025-04-11T19:00:01.587+0000] {air_ingestion_dag.py:40} INFO - 📦 Parsed 11 entries
[2025-04-11T19:00:01.587+0000] {air_ingestion_dag.py:43} INFO - 💾 Saving air entry for 2025-04-11T04:00:00+00:00
[2025-04-11T19:00:01.968+0000] {logging_mixin.py:190} INFO - ✅ Saved: gs://gooutside-raw/air/bamberg/2025-04-11T0400.json
[2025-04-11T19:00:01.968+0000] {air_ingestion_dag.py:43} INFO - 💾 Saving air entry for 2025-04-11T05:00:00+00:00
[2025-04-11T19:00:02.313+0000] {logging_mixin.py:190} INFO - ✅ Saved: gs://gooutside-raw/air/bamberg/2025-04-11T0500.json
[2025-04-11T19:00:02.313+0000] {air_ingestion_dag.py:43} INFO - 💾 Saving air entry for 2025-04-11T06:00:00+00:00
[2025-04-11T19:00:02.667+0000] {logging_mixin.py:190} INFO - ✅ Saved: gs://gooutside-raw/air/bamberg/2025-04-11T0600.json
[2025-04-11T19:00:02.667+0000] {air_ingestion_dag.py:43} INFO - 💾 Saving air entry for 2025-04-11T07:00:00+00:00
[2025-04-11T19:00:03.011+0000] {logging_mixin.py:190} INFO - ✅ Saved: gs://gooutside-raw/air/bamberg/2025-04-11T0700.json
[2025-04-11T19:00:03.011+0000] {air_ingestion_dag.py:43} INFO - 💾 Saving air entry for 2025-04-11T08:00:00+00:00
[2025-04-11T19:00:03.382+0000] {logging_mixin.py:190} INFO - ✅ Saved: gs://gooutside-raw/air/bamberg/2025-04-11T0800.json
[2025-04-11T19:00:03.383+0000] {air_ingestion_dag.py:43} INFO - 💾 Saving air entry for 2025-04-11T09:00:00+00:00
[2025-04-11T19:00:03.739+0000] {logging_mixin.py:190} INFO - ✅ Saved: gs://gooutside-raw/air/bamberg/2025-04-11T0900.json
[2025-04-11T19:00:03.739+0000] {air_ingestion_dag.py:43} INFO - 💾 Saving air entry for 2025-04-11T10:00:00+00:00
[2025-04-11T19:00:04.059+0000] {logging_mixin.py:190} INFO - ✅ Saved: gs://gooutside-raw/air/bamberg/2025-04-11T1000.json
[2025-04-11T19:00:04.060+0000] {air_ingestion_dag.py:43} INFO - 💾 Saving air entry for 2025-04-11T11:00:00+00:00
[2025-04-11T19:00:04.403+0000] {logging_mixin.py:190} INFO - ✅ Saved: gs://gooutside-raw/air/bamberg/2025-04-11T1100.json
[2025-04-11T19:00:04.403+0000] {air_ingestion_dag.py:43} INFO - 💾 Saving air entry for 2025-04-11T12:00:00+00:00
[2025-04-11T19:00:04.731+0000] {logging_mixin.py:190} INFO - ✅ Saved: gs://gooutside-raw/air/bamberg/2025-04-11T1200.json
[2025-04-11T19:00:04.733+0000] {air_ingestion_dag.py:43} INFO - 💾 Saving air entry for 2025-04-11T13:00:00+00:00
[2025-04-11T19:00:05.094+0000] {logging_mixin.py:190} INFO - ✅ Saved: gs://gooutside-raw/air/bamberg/2025-04-11T1300.json
[2025-04-11T19:00:05.095+0000] {air_ingestion_dag.py:43} INFO - 💾 Saving air entry for 2025-04-11T14:00:00+00:00
[2025-04-11T19:00:05.398+0000] {logging_mixin.py:190} INFO - ✅ Saved: gs://gooutside-raw/air/bamberg/2025-04-11T1400.json
[2025-04-11T19:00:05.398+0000] {python.py:240} INFO - Done. Returned value was: None
[2025-04-11T19:00:05.411+0000] {taskinstance.py:341} INFO - ::group::Post task execution logs
[2025-04-11T19:00:05.412+0000] {taskinstance.py:353} INFO - Marking task as SUCCESS. dag_id=air_ingestion_dag, task_id=ingest, run_id=scheduled__2025-04-11T18:00:00+00:00, execution_date=20250411T180000, start_date=20250411T190001, end_date=20250411T190005
[2025-04-11T19:00:05.464+0000] {local_task_job_runner.py:266} INFO - Task exited with return code 0
[2025-04-11T19:00:05.475+0000] {taskinstance.py:3901} INFO - 0 downstream tasks scheduled from follow-on schedule check
[2025-04-11T19:00:05.476+0000] {local_task_job_runner.py:245} INFO - ::endgroup::
