[2025-04-11T08:54:33.867+0000] {local_task_job_runner.py:123} INFO - ::group::Pre task execution logs
[2025-04-11T08:54:33.877+0000] {taskinstance.py:2614} INFO - Dependencies all met for dep_context=non-requeueable deps ti=<TaskInstance: air_ingestion_dag.ingest manual__2025-04-11T08:54:33.055197+00:00 [queued]>
[2025-04-11T08:54:33.880+0000] {taskinstance.py:2614} INFO - Dependencies all met for dep_context=requeueable deps ti=<TaskInstance: air_ingestion_dag.ingest manual__2025-04-11T08:54:33.055197+00:00 [queued]>
[2025-04-11T08:54:33.881+0000] {taskinstance.py:2867} INFO - Starting attempt 1 of 2
[2025-04-11T08:54:33.886+0000] {taskinstance.py:2890} INFO - Executing <Task(_PythonDecoratedOperator): ingest> on 2025-04-11 08:54:33.055197+00:00
[2025-04-11T08:54:33.889+0000] {warnings.py:112} WARNING - /home/***/.local/lib/python3.12/site-packages/***/task/task_runner/standard_task_runner.py:70: DeprecationWarning: This process (pid=55) is multi-threaded, use of fork() may lead to deadlocks in the child.
  pid = os.fork()

[2025-04-11T08:54:33.890+0000] {standard_task_runner.py:72} INFO - Started process 56 to run task
[2025-04-11T08:54:33.890+0000] {standard_task_runner.py:104} INFO - Running: ['***', 'tasks', 'run', 'air_ingestion_dag', 'ingest', 'manual__2025-04-11T08:54:33.055197+00:00', '--job-id', '716', '--raw', '--subdir', 'DAGS_FOLDER/air_ingestion_dag.py', '--cfg-path', '/tmp/tmppxvyr1a3']
[2025-04-11T08:54:33.892+0000] {standard_task_runner.py:105} INFO - Job 716: Subtask ingest
[2025-04-11T08:54:33.918+0000] {task_command.py:467} INFO - Running <TaskInstance: air_ingestion_dag.ingest manual__2025-04-11T08:54:33.055197+00:00 [running]> on host e1fcb75fb946
[2025-04-11T08:54:33.964+0000] {taskinstance.py:3134} INFO - Exporting env vars: AIRFLOW_CTX_DAG_OWNER='beni' AIRFLOW_CTX_DAG_ID='air_ingestion_dag' AIRFLOW_CTX_TASK_ID='ingest' AIRFLOW_CTX_EXECUTION_DATE='2025-04-11T08:54:33.055197+00:00' AIRFLOW_CTX_TRY_NUMBER='1' AIRFLOW_CTX_DAG_RUN_ID='manual__2025-04-11T08:54:33.055197+00:00'
[2025-04-11T08:54:33.965+0000] {taskinstance.py:732} INFO - ::endgroup::
[2025-04-11T08:54:33.966+0000] {air_ingestion_dag.py:30} INFO - 📅 Fetching UBA data for MEZ day: 2025-04-11
[2025-04-11T08:54:34.138+0000] {air_ingestion_dag.py:40} INFO - 📦 Parsed 2 entries
[2025-04-11T08:54:34.139+0000] {air_ingestion_dag.py:43} INFO - 💾 Saving air entry for 2025-04-11T04:00:00+00:00
[2025-04-11T08:54:34.594+0000] {logging_mixin.py:190} INFO - ✅ Saved: gs://gooutside-raw/air/bamberg/2025-04-11T0400.json
[2025-04-11T08:54:34.595+0000] {air_ingestion_dag.py:43} INFO - 💾 Saving air entry for 2025-04-11T05:00:00+00:00
[2025-04-11T08:54:34.972+0000] {logging_mixin.py:190} INFO - ✅ Saved: gs://gooutside-raw/air/bamberg/2025-04-11T0500.json
[2025-04-11T08:54:34.973+0000] {python.py:240} INFO - Done. Returned value was: None
[2025-04-11T08:54:34.990+0000] {taskinstance.py:341} INFO - ::group::Post task execution logs
[2025-04-11T08:54:34.991+0000] {taskinstance.py:353} INFO - Marking task as SUCCESS. dag_id=air_ingestion_dag, task_id=ingest, run_id=manual__2025-04-11T08:54:33.055197+00:00, execution_date=20250411T085433, start_date=20250411T085433, end_date=20250411T085434
[2025-04-11T08:54:35.029+0000] {local_task_job_runner.py:266} INFO - Task exited with return code 0
[2025-04-11T08:54:35.043+0000] {taskinstance.py:3901} INFO - 0 downstream tasks scheduled from follow-on schedule check
[2025-04-11T08:54:35.044+0000] {local_task_job_runner.py:245} INFO - ::endgroup::
