[2025-04-12T14:17:14.899+0000] {local_task_job_runner.py:123} INFO - ::group::Pre task execution logs
[2025-04-12T14:17:14.911+0000] {taskinstance.py:2614} INFO - Dependencies all met for dep_context=non-requeueable deps ti=<TaskInstance: weather_forecast_ingestion_dag.clean scheduled__2025-04-12T13:00:00+00:00 [queued]>
[2025-04-12T14:17:14.916+0000] {taskinstance.py:2614} INFO - Dependencies all met for dep_context=requeueable deps ti=<TaskInstance: weather_forecast_ingestion_dag.clean scheduled__2025-04-12T13:00:00+00:00 [queued]>
[2025-04-12T14:17:14.916+0000] {taskinstance.py:2867} INFO - Starting attempt 1 of 2
[2025-04-12T14:17:14.922+0000] {taskinstance.py:2890} INFO - Executing <Task(_PythonDecoratedOperator): clean> on 2025-04-12 13:00:00+00:00
[2025-04-12T14:17:14.925+0000] {warnings.py:112} WARNING - /home/***/.local/lib/python3.12/site-packages/***/task/task_runner/standard_task_runner.py:70: DeprecationWarning: This process (pid=190) is multi-threaded, use of fork() may lead to deadlocks in the child.
  pid = os.fork()

[2025-04-12T14:17:14.926+0000] {standard_task_runner.py:72} INFO - Started process 191 to run task
[2025-04-12T14:17:14.926+0000] {standard_task_runner.py:104} INFO - Running: ['***', 'tasks', 'run', 'weather_forecast_ingestion_dag', 'clean', 'scheduled__2025-04-12T13:00:00+00:00', '--job-id', '813', '--raw', '--subdir', 'DAGS_FOLDER/weather_forecast_ingestion_dag.py', '--cfg-path', '/tmp/tmpcij24u23']
[2025-04-12T14:17:14.928+0000] {standard_task_runner.py:105} INFO - Job 813: Subtask clean
[2025-04-12T14:17:14.958+0000] {task_command.py:467} INFO - Running <TaskInstance: weather_forecast_ingestion_dag.clean scheduled__2025-04-12T13:00:00+00:00 [running]> on host caedfbfc7792
[2025-04-12T14:17:15.005+0000] {taskinstance.py:3134} INFO - Exporting env vars: AIRFLOW_CTX_DAG_OWNER='beni' AIRFLOW_CTX_DAG_ID='weather_forecast_ingestion_dag' AIRFLOW_CTX_TASK_ID='clean' AIRFLOW_CTX_EXECUTION_DATE='2025-04-12T13:00:00+00:00' AIRFLOW_CTX_TRY_NUMBER='1' AIRFLOW_CTX_DAG_RUN_ID='scheduled__2025-04-12T13:00:00+00:00'
[2025-04-12T14:17:15.006+0000] {taskinstance.py:732} INFO - ::endgroup::
[2025-04-12T14:17:15.434+0000] {logging_mixin.py:190} INFO - 🗑️ Deleting outdated forecast: weather_forecast/bamberg/2025-04-12T1400.json
[2025-04-12T14:17:15.504+0000] {python.py:240} INFO - Done. Returned value was: None
[2025-04-12T14:17:15.523+0000] {taskinstance.py:341} INFO - ::group::Post task execution logs
[2025-04-12T14:17:15.524+0000] {taskinstance.py:353} INFO - Marking task as SUCCESS. dag_id=weather_forecast_ingestion_dag, task_id=clean, run_id=scheduled__2025-04-12T13:00:00+00:00, execution_date=20250412T130000, start_date=20250412T141714, end_date=20250412T141715
[2025-04-12T14:17:15.593+0000] {local_task_job_runner.py:266} INFO - Task exited with return code 0
[2025-04-12T14:17:15.611+0000] {taskinstance.py:3901} INFO - 0 downstream tasks scheduled from follow-on schedule check
[2025-04-12T14:17:15.612+0000] {local_task_job_runner.py:245} INFO - ::endgroup::
