[2025-04-06T20:11:28.519+0000] {local_task_job_runner.py:123} INFO - ::group::Pre task execution logs
[2025-04-06T20:11:28.544+0000] {taskinstance.py:2614} INFO - Dependencies all met for dep_context=non-requeueable deps ti=<TaskInstance: air_ingestion_dag.ingest scheduled__2025-04-06T19:00:00+00:00 [queued]>
[2025-04-06T20:11:28.574+0000] {taskinstance.py:2614} INFO - Dependencies all met for dep_context=requeueable deps ti=<TaskInstance: air_ingestion_dag.ingest scheduled__2025-04-06T19:00:00+00:00 [queued]>
[2025-04-06T20:11:28.578+0000] {taskinstance.py:2867} INFO - Starting attempt 1 of 2
[2025-04-06T20:11:28.614+0000] {taskinstance.py:2890} INFO - Executing <Task(_PythonDecoratedOperator): ingest> on 2025-04-06 19:00:00+00:00
[2025-04-06T20:11:28.623+0000] {warnings.py:112} WARNING - /home/***/.local/lib/python3.12/site-packages/***/task/task_runner/standard_task_runner.py:70: DeprecationWarning: This process (pid=257) is multi-threaded, use of fork() may lead to deadlocks in the child.
  pid = os.fork()

[2025-04-06T20:11:28.627+0000] {standard_task_runner.py:72} INFO - Started process 259 to run task
[2025-04-06T20:11:28.628+0000] {standard_task_runner.py:104} INFO - Running: ['***', 'tasks', 'run', 'air_ingestion_dag', 'ingest', 'scheduled__2025-04-06T19:00:00+00:00', '--job-id', '183', '--raw', '--subdir', 'DAGS_FOLDER/air_ingestion_dag.py', '--cfg-path', '/tmp/tmp4o55n8pr']
[2025-04-06T20:11:28.634+0000] {standard_task_runner.py:105} INFO - Job 183: Subtask ingest
[2025-04-06T20:11:28.761+0000] {task_command.py:467} INFO - Running <TaskInstance: air_ingestion_dag.ingest scheduled__2025-04-06T19:00:00+00:00 [running]> on host 242fb041fbeb
[2025-04-06T20:11:28.840+0000] {taskinstance.py:3134} INFO - Exporting env vars: AIRFLOW_CTX_DAG_OWNER='beni' AIRFLOW_CTX_DAG_ID='air_ingestion_dag' AIRFLOW_CTX_TASK_ID='ingest' AIRFLOW_CTX_EXECUTION_DATE='2025-04-06T19:00:00+00:00' AIRFLOW_CTX_TRY_NUMBER='1' AIRFLOW_CTX_DAG_RUN_ID='scheduled__2025-04-06T19:00:00+00:00'
[2025-04-06T20:11:28.842+0000] {taskinstance.py:732} INFO - ::endgroup::
[2025-04-06T20:11:29.533+0000] {logging_mixin.py:190} INFO - ✅ Saved: gs://gooutside-raw/air/bamberg/2025-04-06 05:00:00.json
[2025-04-06T20:11:29.904+0000] {logging_mixin.py:190} INFO - ✅ Saved: gs://gooutside-raw/air/bamberg/2025-04-06 06:00:00.json
[2025-04-06T20:11:30.269+0000] {logging_mixin.py:190} INFO - ✅ Saved: gs://gooutside-raw/air/bamberg/2025-04-06 07:00:00.json
[2025-04-06T20:11:30.639+0000] {logging_mixin.py:190} INFO - ✅ Saved: gs://gooutside-raw/air/bamberg/2025-04-06 08:00:00.json
[2025-04-06T20:11:31.007+0000] {logging_mixin.py:190} INFO - ✅ Saved: gs://gooutside-raw/air/bamberg/2025-04-06 09:00:00.json
[2025-04-06T20:11:31.351+0000] {logging_mixin.py:190} INFO - ✅ Saved: gs://gooutside-raw/air/bamberg/2025-04-06 10:00:00.json
[2025-04-06T20:11:31.701+0000] {logging_mixin.py:190} INFO - ✅ Saved: gs://gooutside-raw/air/bamberg/2025-04-06 11:00:00.json
[2025-04-06T20:11:32.056+0000] {logging_mixin.py:190} INFO - ✅ Saved: gs://gooutside-raw/air/bamberg/2025-04-06 12:00:00.json
[2025-04-06T20:11:32.395+0000] {logging_mixin.py:190} INFO - ✅ Saved: gs://gooutside-raw/air/bamberg/2025-04-06 13:00:00.json
[2025-04-06T20:11:32.747+0000] {logging_mixin.py:190} INFO - ✅ Saved: gs://gooutside-raw/air/bamberg/2025-04-06 14:00:00.json
[2025-04-06T20:11:33.080+0000] {logging_mixin.py:190} INFO - ✅ Saved: gs://gooutside-raw/air/bamberg/2025-04-06 15:00:00.json
[2025-04-06T20:11:33.418+0000] {logging_mixin.py:190} INFO - ✅ Saved: gs://gooutside-raw/air/bamberg/2025-04-06 16:00:00.json
[2025-04-06T20:11:33.768+0000] {logging_mixin.py:190} INFO - ✅ Saved: gs://gooutside-raw/air/bamberg/2025-04-06 17:00:00.json
[2025-04-06T20:11:33.768+0000] {python.py:240} INFO - Done. Returned value was: None
[2025-04-06T20:11:33.779+0000] {taskinstance.py:341} INFO - ::group::Post task execution logs
[2025-04-06T20:11:33.780+0000] {taskinstance.py:353} INFO - Marking task as SUCCESS. dag_id=air_ingestion_dag, task_id=ingest, run_id=scheduled__2025-04-06T19:00:00+00:00, execution_date=20250406T190000, start_date=20250406T201128, end_date=20250406T201133
[2025-04-06T20:11:33.843+0000] {local_task_job_runner.py:266} INFO - Task exited with return code 0
[2025-04-06T20:11:33.853+0000] {taskinstance.py:3901} INFO - 0 downstream tasks scheduled from follow-on schedule check
[2025-04-06T20:11:33.853+0000] {local_task_job_runner.py:245} INFO - ::endgroup::
