[2025-04-05T10:01:48.656+0000] {local_task_job_runner.py:123} INFO - ::group::Pre task execution logs
[2025-04-05T10:01:48.667+0000] {taskinstance.py:2614} INFO - Dependencies all met for dep_context=non-requeueable deps ti=<TaskInstance: air_ingestion_dag.ingest manual__2025-04-05T10:01:47.565298+00:00 [queued]>
[2025-04-05T10:01:48.671+0000] {taskinstance.py:2614} INFO - Dependencies all met for dep_context=requeueable deps ti=<TaskInstance: air_ingestion_dag.ingest manual__2025-04-05T10:01:47.565298+00:00 [queued]>
[2025-04-05T10:01:48.671+0000] {taskinstance.py:2867} INFO - Starting attempt 1 of 2
[2025-04-05T10:01:48.677+0000] {taskinstance.py:2890} INFO - Executing <Task(_PythonDecoratedOperator): ingest> on 2025-04-05 10:01:47.565298+00:00
[2025-04-05T10:01:48.680+0000] {warnings.py:112} WARNING - /home/***/.local/lib/python3.12/site-packages/***/task/task_runner/standard_task_runner.py:70: DeprecationWarning: This process (pid=51) is multi-threaded, use of fork() may lead to deadlocks in the child.
  pid = os.fork()

[2025-04-05T10:01:48.681+0000] {standard_task_runner.py:72} INFO - Started process 52 to run task
[2025-04-05T10:01:48.682+0000] {standard_task_runner.py:104} INFO - Running: ['***', 'tasks', 'run', 'air_ingestion_dag', 'ingest', 'manual__2025-04-05T10:01:47.565298+00:00', '--job-id', '114', '--raw', '--subdir', 'DAGS_FOLDER/air_ingestion_dag.py', '--cfg-path', '/tmp/tmpw1fnqrj6']
[2025-04-05T10:01:48.684+0000] {standard_task_runner.py:105} INFO - Job 114: Subtask ingest
[2025-04-05T10:01:48.714+0000] {task_command.py:467} INFO - Running <TaskInstance: air_ingestion_dag.ingest manual__2025-04-05T10:01:47.565298+00:00 [running]> on host 242fb041fbeb
[2025-04-05T10:01:48.759+0000] {taskinstance.py:3134} INFO - Exporting env vars: AIRFLOW_CTX_DAG_OWNER='beni' AIRFLOW_CTX_DAG_ID='air_ingestion_dag' AIRFLOW_CTX_TASK_ID='ingest' AIRFLOW_CTX_EXECUTION_DATE='2025-04-05T10:01:47.565298+00:00' AIRFLOW_CTX_TRY_NUMBER='1' AIRFLOW_CTX_DAG_RUN_ID='manual__2025-04-05T10:01:47.565298+00:00'
[2025-04-05T10:01:48.760+0000] {taskinstance.py:732} INFO - ::endgroup::
[2025-04-05T10:01:49.366+0000] {logging_mixin.py:190} INFO - ✅ Saved: gs://gooutside-raw/air/bamberg/2025-04-05 05:00:00.json
[2025-04-05T10:01:49.739+0000] {logging_mixin.py:190} INFO - ✅ Saved: gs://gooutside-raw/air/bamberg/2025-04-05 06:00:00.json
[2025-04-05T10:01:50.114+0000] {logging_mixin.py:190} INFO - ✅ Saved: gs://gooutside-raw/air/bamberg/2025-04-05 07:00:00.json
[2025-04-05T10:01:50.486+0000] {logging_mixin.py:190} INFO - ✅ Saved: gs://gooutside-raw/air/bamberg/2025-04-05 08:00:00.json
[2025-04-05T10:01:50.487+0000] {python.py:240} INFO - Done. Returned value was: None
[2025-04-05T10:01:50.507+0000] {taskinstance.py:341} INFO - ::group::Post task execution logs
[2025-04-05T10:01:50.507+0000] {taskinstance.py:353} INFO - Marking task as SUCCESS. dag_id=air_ingestion_dag, task_id=ingest, run_id=manual__2025-04-05T10:01:47.565298+00:00, execution_date=20250405T100147, start_date=20250405T100148, end_date=20250405T100150
[2025-04-05T10:01:50.549+0000] {local_task_job_runner.py:266} INFO - Task exited with return code 0
[2025-04-05T10:01:50.561+0000] {taskinstance.py:3901} INFO - 0 downstream tasks scheduled from follow-on schedule check
[2025-04-05T10:01:50.562+0000] {local_task_job_runner.py:245} INFO - ::endgroup::
