[2025-04-05T00:58:52.000+0000] {local_task_job_runner.py:123} INFO - ::group::Pre task execution logs
[2025-04-05T00:58:52.018+0000] {taskinstance.py:2614} INFO - Dependencies all met for dep_context=non-requeueable deps ti=<TaskInstance: weather_ingestion_dag.ingest scheduled__2025-04-04T22:00:00+00:00 [queued]>
[2025-04-05T00:58:52.025+0000] {taskinstance.py:2614} INFO - Dependencies all met for dep_context=requeueable deps ti=<TaskInstance: weather_ingestion_dag.ingest scheduled__2025-04-04T22:00:00+00:00 [queued]>
[2025-04-05T00:58:52.025+0000] {taskinstance.py:2867} INFO - Starting attempt 2 of 2
[2025-04-05T00:58:52.037+0000] {taskinstance.py:2890} INFO - Executing <Task(_PythonDecoratedOperator): ingest> on 2025-04-04 22:00:00+00:00
[2025-04-05T00:58:52.040+0000] {warnings.py:112} WARNING - /home/***/.local/lib/python3.12/site-packages/***/task/task_runner/standard_task_runner.py:70: DeprecationWarning: This process (pid=167) is multi-threaded, use of fork() may lead to deadlocks in the child.
  pid = os.fork()

[2025-04-05T00:58:52.042+0000] {standard_task_runner.py:72} INFO - Started process 173 to run task
[2025-04-05T00:58:52.042+0000] {standard_task_runner.py:104} INFO - Running: ['***', 'tasks', 'run', 'weather_ingestion_dag', 'ingest', 'scheduled__2025-04-04T22:00:00+00:00', '--job-id', '60', '--raw', '--subdir', 'DAGS_FOLDER/weather_ingestion_dag.py', '--cfg-path', '/tmp/tmp0bikfvdz']
[2025-04-05T00:58:52.044+0000] {standard_task_runner.py:105} INFO - Job 60: Subtask ingest
[2025-04-05T00:58:52.094+0000] {task_command.py:467} INFO - Running <TaskInstance: weather_ingestion_dag.ingest scheduled__2025-04-04T22:00:00+00:00 [running]> on host de9170386aa6
[2025-04-05T00:58:52.184+0000] {taskinstance.py:3134} INFO - Exporting env vars: AIRFLOW_CTX_DAG_OWNER='beni' AIRFLOW_CTX_DAG_ID='weather_ingestion_dag' AIRFLOW_CTX_TASK_ID='ingest' AIRFLOW_CTX_EXECUTION_DATE='2025-04-04T22:00:00+00:00' AIRFLOW_CTX_TRY_NUMBER='2' AIRFLOW_CTX_DAG_RUN_ID='scheduled__2025-04-04T22:00:00+00:00'
[2025-04-05T00:58:52.185+0000] {taskinstance.py:732} INFO - ::endgroup::
[2025-04-05T00:59:07.294+0000] {logging_mixin.py:190} INFO - ❌ API Error: HTTPSConnectionPool(host='api.brightsky.dev', port=443): Max retries exceeded with url: /weather?lat=49.89&lon=10.89&date=2025-04-05&tz=Europe%2FBerlin (Caused by SSLError(SSLEOFError(8, '[SSL: UNEXPECTED_EOF_WHILE_READING] EOF occurred in violation of protocol (_ssl.c:1010)')))
[2025-04-05T00:59:07.295+0000] {python.py:240} INFO - Done. Returned value was: None
[2025-04-05T00:59:07.311+0000] {taskinstance.py:341} INFO - ::group::Post task execution logs
[2025-04-05T00:59:07.311+0000] {taskinstance.py:353} INFO - Marking task as SUCCESS. dag_id=weather_ingestion_dag, task_id=ingest, run_id=scheduled__2025-04-04T22:00:00+00:00, execution_date=20250404T220000, start_date=20250405T005852, end_date=20250405T005907
[2025-04-05T00:59:07.357+0000] {local_task_job_runner.py:266} INFO - Task exited with return code 0
[2025-04-05T00:59:07.368+0000] {taskinstance.py:3901} INFO - 0 downstream tasks scheduled from follow-on schedule check
[2025-04-05T00:59:07.369+0000] {local_task_job_runner.py:245} INFO - ::endgroup::
