[2025-04-10T14:37:46.187+0000] {local_task_job_runner.py:123} INFO - ::group::Pre task execution logs
[2025-04-10T14:37:46.205+0000] {taskinstance.py:2614} INFO - Dependencies all met for dep_context=non-requeueable deps ti=<TaskInstance: air_ingestion_backfill_dag.ingest scheduled__2025-04-09T21:00:00+00:00 [queued]>
[2025-04-10T14:37:46.218+0000] {taskinstance.py:2614} INFO - Dependencies all met for dep_context=requeueable deps ti=<TaskInstance: air_ingestion_backfill_dag.ingest scheduled__2025-04-09T21:00:00+00:00 [queued]>
[2025-04-10T14:37:46.218+0000] {taskinstance.py:2867} INFO - Starting attempt 1 of 2
[2025-04-10T14:37:46.234+0000] {taskinstance.py:2890} INFO - Executing <Task(_PythonDecoratedOperator): ingest> on 2025-04-09 21:00:00+00:00
[2025-04-10T14:37:46.238+0000] {warnings.py:112} WARNING - /home/***/.local/lib/python3.12/site-packages/***/task/task_runner/standard_task_runner.py:70: DeprecationWarning: This process (pid=357) is multi-threaded, use of fork() may lead to deadlocks in the child.
  pid = os.fork()

[2025-04-10T14:37:46.240+0000] {standard_task_runner.py:72} INFO - Started process 362 to run task
[2025-04-10T14:37:46.242+0000] {standard_task_runner.py:104} INFO - Running: ['***', 'tasks', 'run', 'air_ingestion_backfill_dag', 'ingest', 'scheduled__2025-04-09T21:00:00+00:00', '--job-id', '593', '--raw', '--subdir', 'DAGS_FOLDER/air_backfill_dag.py', '--cfg-path', '/tmp/tmp0fl57tlp']
[2025-04-10T14:37:46.245+0000] {standard_task_runner.py:105} INFO - Job 593: Subtask ingest
[2025-04-10T14:37:46.367+0000] {task_command.py:467} INFO - Running <TaskInstance: air_ingestion_backfill_dag.ingest scheduled__2025-04-09T21:00:00+00:00 [running]> on host 98acdd3c69ae
[2025-04-10T14:37:46.474+0000] {taskinstance.py:3134} INFO - Exporting env vars: AIRFLOW_CTX_DAG_OWNER='beni' AIRFLOW_CTX_DAG_ID='air_ingestion_backfill_dag' AIRFLOW_CTX_TASK_ID='ingest' AIRFLOW_CTX_EXECUTION_DATE='2025-04-09T21:00:00+00:00' AIRFLOW_CTX_TRY_NUMBER='1' AIRFLOW_CTX_DAG_RUN_ID='scheduled__2025-04-09T21:00:00+00:00'
[2025-04-10T14:37:46.475+0000] {taskinstance.py:732} INFO - ::endgroup::
[2025-04-10T14:37:46.477+0000] {air_backfill_dag.py:34} INFO - ⏱ Execution time: 2025-04-09T21:00:00+00:00
[2025-04-10T14:37:46.477+0000] {air_backfill_dag.py:35} INFO - 📅 Fetching UBA data for MEZ day: 2025-04-09
[2025-04-10T14:37:46.593+0000] {air_backfill_dag.py:52} INFO - 📦 Parsed 13 entries, found 0 for current hour
[2025-04-10T14:37:46.593+0000] {python.py:240} INFO - Done. Returned value was: None
[2025-04-10T14:37:46.602+0000] {taskinstance.py:341} INFO - ::group::Post task execution logs
[2025-04-10T14:37:46.602+0000] {taskinstance.py:353} INFO - Marking task as SUCCESS. dag_id=air_ingestion_backfill_dag, task_id=ingest, run_id=scheduled__2025-04-09T21:00:00+00:00, execution_date=20250409T210000, start_date=20250410T143746, end_date=20250410T143746
[2025-04-10T14:37:46.641+0000] {local_task_job_runner.py:266} INFO - Task exited with return code 0
[2025-04-10T14:37:46.654+0000] {taskinstance.py:3901} INFO - 0 downstream tasks scheduled from follow-on schedule check
[2025-04-10T14:37:46.654+0000] {local_task_job_runner.py:245} INFO - ::endgroup::
