[2025-04-10T14:31:28.228+0000] {local_task_job_runner.py:123} INFO - ::group::Pre task execution logs
[2025-04-10T14:31:28.239+0000] {taskinstance.py:2614} INFO - Dependencies all met for dep_context=non-requeueable deps ti=<TaskInstance: air_ingestion_dag.ingest manual__2025-04-10T14:31:27.324970+00:00 [queued]>
[2025-04-10T14:31:28.243+0000] {taskinstance.py:2614} INFO - Dependencies all met for dep_context=requeueable deps ti=<TaskInstance: air_ingestion_dag.ingest manual__2025-04-10T14:31:27.324970+00:00 [queued]>
[2025-04-10T14:31:28.243+0000] {taskinstance.py:2867} INFO - Starting attempt 1 of 2
[2025-04-10T14:31:28.248+0000] {taskinstance.py:2890} INFO - Executing <Task(_PythonDecoratedOperator): ingest> on 2025-04-10 14:31:27.324970+00:00
[2025-04-10T14:31:28.251+0000] {warnings.py:112} WARNING - /home/***/.local/lib/python3.12/site-packages/***/task/task_runner/standard_task_runner.py:70: DeprecationWarning: This process (pid=309) is multi-threaded, use of fork() may lead to deadlocks in the child.
  pid = os.fork()

[2025-04-10T14:31:28.252+0000] {standard_task_runner.py:72} INFO - Started process 310 to run task
[2025-04-10T14:31:28.252+0000] {standard_task_runner.py:104} INFO - Running: ['***', 'tasks', 'run', 'air_ingestion_dag', 'ingest', 'manual__2025-04-10T14:31:27.324970+00:00', '--job-id', '577', '--raw', '--subdir', 'DAGS_FOLDER/air_ingestion_dag.py', '--cfg-path', '/tmp/tmplzr64gzp']
[2025-04-10T14:31:28.254+0000] {standard_task_runner.py:105} INFO - Job 577: Subtask ingest
[2025-04-10T14:31:28.282+0000] {task_command.py:467} INFO - Running <TaskInstance: air_ingestion_dag.ingest manual__2025-04-10T14:31:27.324970+00:00 [running]> on host 98acdd3c69ae
[2025-04-10T14:31:28.327+0000] {taskinstance.py:3134} INFO - Exporting env vars: AIRFLOW_CTX_DAG_OWNER='beni' AIRFLOW_CTX_DAG_ID='air_ingestion_dag' AIRFLOW_CTX_TASK_ID='ingest' AIRFLOW_CTX_EXECUTION_DATE='2025-04-10T14:31:27.324970+00:00' AIRFLOW_CTX_TRY_NUMBER='1' AIRFLOW_CTX_DAG_RUN_ID='manual__2025-04-10T14:31:27.324970+00:00'
[2025-04-10T14:31:28.328+0000] {taskinstance.py:732} INFO - ::endgroup::
[2025-04-10T14:31:28.329+0000] {air_ingestion_dag.py:30} INFO - 📅 Fetching UBA data for MEZ day: 2025-04-10
[2025-04-10T14:31:28.521+0000] {air_ingestion_dag.py:40} INFO - 📦 Parsed 6 entries
[2025-04-10T14:31:28.522+0000] {air_ingestion_dag.py:43} INFO - 💾 Saving air entry for 2025-04-10T06:00:00+00:00
[2025-04-10T14:31:28.970+0000] {logging_mixin.py:190} INFO - ✅ Saved: gs://gooutside-raw/air/bamberg/2025-04-10T0600.json
[2025-04-10T14:31:28.971+0000] {air_ingestion_dag.py:43} INFO - 💾 Saving air entry for 2025-04-10T07:00:00+00:00
[2025-04-10T14:31:29.334+0000] {logging_mixin.py:190} INFO - ✅ Saved: gs://gooutside-raw/air/bamberg/2025-04-10T0700.json
[2025-04-10T14:31:29.335+0000] {air_ingestion_dag.py:43} INFO - 💾 Saving air entry for 2025-04-10T08:00:00+00:00
[2025-04-10T14:31:29.694+0000] {logging_mixin.py:190} INFO - ✅ Saved: gs://gooutside-raw/air/bamberg/2025-04-10T0800.json
[2025-04-10T14:31:29.695+0000] {air_ingestion_dag.py:43} INFO - 💾 Saving air entry for 2025-04-10T09:00:00+00:00
[2025-04-10T14:31:30.072+0000] {logging_mixin.py:190} INFO - ✅ Saved: gs://gooutside-raw/air/bamberg/2025-04-10T0900.json
[2025-04-10T14:31:30.073+0000] {air_ingestion_dag.py:43} INFO - 💾 Saving air entry for 2025-04-10T10:00:00+00:00
[2025-04-10T14:31:30.474+0000] {logging_mixin.py:190} INFO - ✅ Saved: gs://gooutside-raw/air/bamberg/2025-04-10T1000.json
[2025-04-10T14:31:30.474+0000] {air_ingestion_dag.py:43} INFO - 💾 Saving air entry for 2025-04-10T11:00:00+00:00
[2025-04-10T14:31:30.838+0000] {logging_mixin.py:190} INFO - ✅ Saved: gs://gooutside-raw/air/bamberg/2025-04-10T1100.json
[2025-04-10T14:31:30.838+0000] {python.py:240} INFO - Done. Returned value was: None
[2025-04-10T14:31:30.850+0000] {taskinstance.py:341} INFO - ::group::Post task execution logs
[2025-04-10T14:31:30.850+0000] {taskinstance.py:353} INFO - Marking task as SUCCESS. dag_id=air_ingestion_dag, task_id=ingest, run_id=manual__2025-04-10T14:31:27.324970+00:00, execution_date=20250410T143127, start_date=20250410T143128, end_date=20250410T143130
[2025-04-10T14:31:30.891+0000] {local_task_job_runner.py:266} INFO - Task exited with return code 0
[2025-04-10T14:31:30.902+0000] {taskinstance.py:3901} INFO - 0 downstream tasks scheduled from follow-on schedule check
[2025-04-10T14:31:30.903+0000] {local_task_job_runner.py:245} INFO - ::endgroup::
