[2025-04-08T14:53:20.477+0000] {local_task_job_runner.py:123} INFO - ::group::Pre task execution logs
[2025-04-08T14:53:20.503+0000] {taskinstance.py:2614} INFO - Dependencies all met for dep_context=non-requeueable deps ti=<TaskInstance: air_ingestion_dag.ingest backfill__2024-01-05T22:00:00+00:00 [queued]>
[2025-04-08T14:53:20.526+0000] {taskinstance.py:2614} INFO - Dependencies all met for dep_context=requeueable deps ti=<TaskInstance: air_ingestion_dag.ingest backfill__2024-01-05T22:00:00+00:00 [queued]>
[2025-04-08T14:53:20.527+0000] {taskinstance.py:2867} INFO - Starting attempt 1 of 2
[2025-04-08T14:53:20.554+0000] {taskinstance.py:2890} INFO - Executing <Task(_PythonDecoratedOperator): ingest> on 2024-01-05 22:00:00+00:00
[2025-04-08T14:53:20.561+0000] {warnings.py:112} WARNING - /home/***/.local/lib/python3.12/site-packages/***/task/task_runner/standard_task_runner.py:70: DeprecationWarning: This process (pid=119) is multi-threaded, use of fork() may lead to deadlocks in the child.
  pid = os.fork()

[2025-04-08T14:53:20.563+0000] {standard_task_runner.py:72} INFO - Started process 120 to run task
[2025-04-08T14:53:20.566+0000] {standard_task_runner.py:104} INFO - Running: ['***', 'tasks', 'run', 'air_ingestion_dag', 'ingest', 'backfill__2024-01-05T22:00:00+00:00', '--job-id', '420', '--pool', 'default_pool', '--raw', '--subdir', 'DAGS_FOLDER/air_ingestion_dag.py', '--cfg-path', '/tmp/tmple6og09m']
[2025-04-08T14:53:20.571+0000] {standard_task_runner.py:105} INFO - Job 420: Subtask ingest
[2025-04-08T14:53:20.651+0000] {task_command.py:467} INFO - Running <TaskInstance: air_ingestion_dag.ingest backfill__2024-01-05T22:00:00+00:00 [running]> on host bb9ffce3cfda
[2025-04-08T14:53:20.764+0000] {taskinstance.py:3134} INFO - Exporting env vars: AIRFLOW_CTX_DAG_OWNER='beni' AIRFLOW_CTX_DAG_ID='air_ingestion_dag' AIRFLOW_CTX_TASK_ID='ingest' AIRFLOW_CTX_EXECUTION_DATE='2024-01-05T22:00:00+00:00' AIRFLOW_CTX_TRY_NUMBER='1' AIRFLOW_CTX_DAG_RUN_ID='backfill__2024-01-05T22:00:00+00:00'
[2025-04-08T14:53:20.765+0000] {taskinstance.py:732} INFO - ::endgroup::
[2025-04-08T14:53:20.769+0000] {logging_mixin.py:190} INFO - ⏰ Running for local time: 2024-01-05T23:00:00+01:00 (UTC: 2024-01-05T22:00:00+00:00)
[2025-04-08T14:53:20.770+0000] {logging_mixin.py:190} INFO - ⏭️ Skipping run at 2024-01-05T23:00:00+01:00 – outside ingestion window
[2025-04-08T14:53:20.770+0000] {python.py:240} INFO - Done. Returned value was: None
[2025-04-08T14:53:20.786+0000] {taskinstance.py:341} INFO - ::group::Post task execution logs
[2025-04-08T14:53:20.787+0000] {taskinstance.py:353} INFO - Marking task as SUCCESS. dag_id=air_ingestion_dag, task_id=ingest, run_id=backfill__2024-01-05T22:00:00+00:00, execution_date=20240105T220000, start_date=20250408T145320, end_date=20250408T145320
[2025-04-08T14:53:20.832+0000] {local_task_job_runner.py:266} INFO - Task exited with return code 0
[2025-04-08T14:53:20.851+0000] {taskinstance.py:3901} INFO - 0 downstream tasks scheduled from follow-on schedule check
[2025-04-08T14:53:20.852+0000] {local_task_job_runner.py:245} INFO - ::endgroup::
