[2025-04-08T14:52:41.330+0000] {local_task_job_runner.py:123} INFO - ::group::Pre task execution logs
[2025-04-08T14:52:41.355+0000] {taskinstance.py:2614} INFO - Dependencies all met for dep_context=non-requeueable deps ti=<TaskInstance: air_ingestion_dag.ingest backfill__2024-01-05T09:00:00+00:00 [queued]>
[2025-04-08T14:52:41.366+0000] {taskinstance.py:2614} INFO - Dependencies all met for dep_context=requeueable deps ti=<TaskInstance: air_ingestion_dag.ingest backfill__2024-01-05T09:00:00+00:00 [queued]>
[2025-04-08T14:52:41.366+0000] {taskinstance.py:2867} INFO - Starting attempt 1 of 2
[2025-04-08T14:52:41.374+0000] {taskinstance.py:2890} INFO - Executing <Task(_PythonDecoratedOperator): ingest> on 2024-01-05 09:00:00+00:00
[2025-04-08T14:52:41.384+0000] {standard_task_runner.py:104} INFO - Running: ['***', 'tasks', 'run', 'air_ingestion_dag', 'ingest', 'backfill__2024-01-05T09:00:00+00:00', '--job-id', '412', '--pool', 'default_pool', '--raw', '--subdir', 'DAGS_FOLDER/air_ingestion_dag.py', '--cfg-path', '/tmp/tmpc6o30kno']
[2025-04-08T14:52:41.384+0000] {warnings.py:112} WARNING - /home/***/.local/lib/python3.12/site-packages/***/task/task_runner/standard_task_runner.py:70: DeprecationWarning: This process (pid=106) is multi-threaded, use of fork() may lead to deadlocks in the child.
  pid = os.fork()

[2025-04-08T14:52:41.386+0000] {standard_task_runner.py:105} INFO - Job 412: Subtask ingest
[2025-04-08T14:52:41.386+0000] {standard_task_runner.py:72} INFO - Started process 110 to run task
[2025-04-08T14:52:41.456+0000] {task_command.py:467} INFO - Running <TaskInstance: air_ingestion_dag.ingest backfill__2024-01-05T09:00:00+00:00 [running]> on host bb9ffce3cfda
[2025-04-08T14:52:41.537+0000] {taskinstance.py:3134} INFO - Exporting env vars: AIRFLOW_CTX_DAG_OWNER='beni' AIRFLOW_CTX_DAG_ID='air_ingestion_dag' AIRFLOW_CTX_TASK_ID='ingest' AIRFLOW_CTX_EXECUTION_DATE='2024-01-05T09:00:00+00:00' AIRFLOW_CTX_TRY_NUMBER='1' AIRFLOW_CTX_DAG_RUN_ID='backfill__2024-01-05T09:00:00+00:00'
[2025-04-08T14:52:41.538+0000] {taskinstance.py:732} INFO - ::endgroup::
[2025-04-08T14:52:41.541+0000] {logging_mixin.py:190} INFO - ⏰ Running for local time: 2024-01-05T10:00:00+01:00 (UTC: 2024-01-05T09:00:00+00:00)
[2025-04-08T14:52:42.051+0000] {logging_mixin.py:190} INFO - ✅ Saved: gs://gooutside-raw/air/bamberg/2024-01-05T0600.json
[2025-04-08T14:52:42.410+0000] {logging_mixin.py:190} INFO - ✅ Saved: gs://gooutside-raw/air/bamberg/2024-01-05T0700.json
[2025-04-08T14:52:42.739+0000] {logging_mixin.py:190} INFO - ✅ Saved: gs://gooutside-raw/air/bamberg/2024-01-05T0800.json
[2025-04-08T14:52:43.056+0000] {logging_mixin.py:190} INFO - ✅ Saved: gs://gooutside-raw/air/bamberg/2024-01-05T0900.json
[2025-04-08T14:52:43.380+0000] {logging_mixin.py:190} INFO - ✅ Saved: gs://gooutside-raw/air/bamberg/2024-01-05T1000.json
[2025-04-08T14:52:43.703+0000] {logging_mixin.py:190} INFO - ✅ Saved: gs://gooutside-raw/air/bamberg/2024-01-05T1100.json
[2025-04-08T14:52:44.033+0000] {logging_mixin.py:190} INFO - ✅ Saved: gs://gooutside-raw/air/bamberg/2024-01-05T1200.json
[2025-04-08T14:52:44.383+0000] {logging_mixin.py:190} INFO - ✅ Saved: gs://gooutside-raw/air/bamberg/2024-01-05T1300.json
[2025-04-08T14:52:44.713+0000] {logging_mixin.py:190} INFO - ✅ Saved: gs://gooutside-raw/air/bamberg/2024-01-05T1400.json
[2025-04-08T14:52:45.037+0000] {logging_mixin.py:190} INFO - ✅ Saved: gs://gooutside-raw/air/bamberg/2024-01-05T1500.json
[2025-04-08T14:52:45.364+0000] {logging_mixin.py:190} INFO - ✅ Saved: gs://gooutside-raw/air/bamberg/2024-01-05T1600.json
[2025-04-08T14:52:45.716+0000] {logging_mixin.py:190} INFO - ✅ Saved: gs://gooutside-raw/air/bamberg/2024-01-05T1700.json
[2025-04-08T14:52:46.019+0000] {logging_mixin.py:190} INFO - ✅ Saved: gs://gooutside-raw/air/bamberg/2024-01-05T1800.json
[2025-04-08T14:52:46.342+0000] {logging_mixin.py:190} INFO - ✅ Saved: gs://gooutside-raw/air/bamberg/2024-01-05T1900.json
[2025-04-08T14:52:46.343+0000] {python.py:240} INFO - Done. Returned value was: None
[2025-04-08T14:52:46.372+0000] {taskinstance.py:341} INFO - ::group::Post task execution logs
[2025-04-08T14:52:46.374+0000] {taskinstance.py:353} INFO - Marking task as SUCCESS. dag_id=air_ingestion_dag, task_id=ingest, run_id=backfill__2024-01-05T09:00:00+00:00, execution_date=20240105T090000, start_date=20250408T145241, end_date=20250408T145246
[2025-04-08T14:52:46.510+0000] {local_task_job_runner.py:266} INFO - Task exited with return code 0
[2025-04-08T14:52:46.539+0000] {taskinstance.py:3901} INFO - 0 downstream tasks scheduled from follow-on schedule check
[2025-04-08T14:52:46.543+0000] {local_task_job_runner.py:245} INFO - ::endgroup::
