[2025-04-09T14:00:00.903+0000] {local_task_job_runner.py:123} INFO - ::group::Pre task execution logs
[2025-04-09T14:00:00.915+0000] {taskinstance.py:2614} INFO - Dependencies all met for dep_context=non-requeueable deps ti=<TaskInstance: air_ingestion_dag.ingest scheduled__2025-04-09T13:00:00+00:00 [queued]>
[2025-04-09T14:00:00.919+0000] {taskinstance.py:2614} INFO - Dependencies all met for dep_context=requeueable deps ti=<TaskInstance: air_ingestion_dag.ingest scheduled__2025-04-09T13:00:00+00:00 [queued]>
[2025-04-09T14:00:00.919+0000] {taskinstance.py:2867} INFO - Starting attempt 1 of 2
[2025-04-09T14:00:00.925+0000] {taskinstance.py:2890} INFO - Executing <Task(_PythonDecoratedOperator): ingest> on 2025-04-09 13:00:00+00:00
[2025-04-09T14:00:00.930+0000] {warnings.py:112} WARNING - /home/***/.local/lib/python3.12/site-packages/***/task/task_runner/standard_task_runner.py:70: DeprecationWarning: This process (pid=78) is multi-threaded, use of fork() may lead to deadlocks in the child.
  pid = os.fork()

[2025-04-09T14:00:00.931+0000] {standard_task_runner.py:72} INFO - Started process 80 to run task
[2025-04-09T14:00:00.931+0000] {standard_task_runner.py:104} INFO - Running: ['***', 'tasks', 'run', 'air_ingestion_dag', 'ingest', 'scheduled__2025-04-09T13:00:00+00:00', '--job-id', '499', '--raw', '--subdir', 'DAGS_FOLDER/air_ingestion_dag.py', '--cfg-path', '/tmp/tmpjgmoars1']
[2025-04-09T14:00:00.934+0000] {standard_task_runner.py:105} INFO - Job 499: Subtask ingest
[2025-04-09T14:00:00.968+0000] {task_command.py:467} INFO - Running <TaskInstance: air_ingestion_dag.ingest scheduled__2025-04-09T13:00:00+00:00 [running]> on host 98acdd3c69ae
[2025-04-09T14:00:01.021+0000] {taskinstance.py:3134} INFO - Exporting env vars: AIRFLOW_CTX_DAG_OWNER='beni' AIRFLOW_CTX_DAG_ID='air_ingestion_dag' AIRFLOW_CTX_TASK_ID='ingest' AIRFLOW_CTX_EXECUTION_DATE='2025-04-09T13:00:00+00:00' AIRFLOW_CTX_TRY_NUMBER='1' AIRFLOW_CTX_DAG_RUN_ID='scheduled__2025-04-09T13:00:00+00:00'
[2025-04-09T14:00:01.023+0000] {taskinstance.py:732} INFO - ::endgroup::
[2025-04-09T14:00:01.195+0000] {air_ingestion_dag.py:29} INFO - 📦 Parsed 6 entries
[2025-04-09T14:00:01.195+0000] {air_ingestion_dag.py:32} INFO - 💾 Saving entry for 2025-04-09T06:00:00+00:00
[2025-04-09T14:00:01.559+0000] {logging_mixin.py:190} INFO - ✅ Saved: gs://gooutside-raw/air/bamberg/2025-04-09T0600.json
[2025-04-09T14:00:01.559+0000] {air_ingestion_dag.py:32} INFO - 💾 Saving entry for 2025-04-09T07:00:00+00:00
[2025-04-09T14:00:01.931+0000] {logging_mixin.py:190} INFO - ✅ Saved: gs://gooutside-raw/air/bamberg/2025-04-09T0700.json
[2025-04-09T14:00:01.933+0000] {air_ingestion_dag.py:32} INFO - 💾 Saving entry for 2025-04-09T08:00:00+00:00
[2025-04-09T14:00:02.303+0000] {logging_mixin.py:190} INFO - ✅ Saved: gs://gooutside-raw/air/bamberg/2025-04-09T0800.json
[2025-04-09T14:00:02.303+0000] {air_ingestion_dag.py:32} INFO - 💾 Saving entry for 2025-04-09T09:00:00+00:00
[2025-04-09T14:00:02.736+0000] {logging_mixin.py:190} INFO - ✅ Saved: gs://gooutside-raw/air/bamberg/2025-04-09T0900.json
[2025-04-09T14:00:02.736+0000] {air_ingestion_dag.py:32} INFO - 💾 Saving entry for 2025-04-09T10:00:00+00:00
[2025-04-09T14:00:03.090+0000] {logging_mixin.py:190} INFO - ✅ Saved: gs://gooutside-raw/air/bamberg/2025-04-09T1000.json
[2025-04-09T14:00:03.091+0000] {air_ingestion_dag.py:32} INFO - 💾 Saving entry for 2025-04-09T11:00:00+00:00
[2025-04-09T14:00:03.481+0000] {logging_mixin.py:190} INFO - ✅ Saved: gs://gooutside-raw/air/bamberg/2025-04-09T1100.json
[2025-04-09T14:00:03.481+0000] {python.py:240} INFO - Done. Returned value was: None
[2025-04-09T14:00:03.493+0000] {taskinstance.py:341} INFO - ::group::Post task execution logs
[2025-04-09T14:00:03.493+0000] {taskinstance.py:353} INFO - Marking task as SUCCESS. dag_id=air_ingestion_dag, task_id=ingest, run_id=scheduled__2025-04-09T13:00:00+00:00, execution_date=20250409T130000, start_date=20250409T140000, end_date=20250409T140003
[2025-04-09T14:00:03.536+0000] {local_task_job_runner.py:266} INFO - Task exited with return code 0
[2025-04-09T14:00:03.547+0000] {taskinstance.py:3901} INFO - 0 downstream tasks scheduled from follow-on schedule check
[2025-04-09T14:00:03.548+0000] {local_task_job_runner.py:245} INFO - ::endgroup::
