[2025-04-08T14:31:11.114+0000] {local_task_job_runner.py:123} INFO - ::group::Pre task execution logs
[2025-04-08T14:31:11.361+0000] {taskinstance.py:2614} INFO - Dependencies all met for dep_context=non-requeueable deps ti=<TaskInstance: air_ingestion_dag.ingest backfill__2024-01-02T07:00:00+00:00 [queued]>
[2025-04-08T14:31:11.404+0000] {taskinstance.py:2614} INFO - Dependencies all met for dep_context=requeueable deps ti=<TaskInstance: air_ingestion_dag.ingest backfill__2024-01-02T07:00:00+00:00 [queued]>
[2025-04-08T14:31:11.423+0000] {taskinstance.py:2867} INFO - Starting attempt 1 of 2
[2025-04-08T14:31:11.468+0000] {taskinstance.py:2890} INFO - Executing <Task(_PythonDecoratedOperator): ingest> on 2024-01-02 07:00:00+00:00
[2025-04-08T14:31:11.485+0000] {warnings.py:112} WARNING - /home/***/.local/lib/python3.12/site-packages/***/task/task_runner/standard_task_runner.py:70: DeprecationWarning: This process (pid=115) is multi-threaded, use of fork() may lead to deadlocks in the child.
  pid = os.fork()

[2025-04-08T14:31:11.494+0000] {standard_task_runner.py:72} INFO - Started process 131 to run task
[2025-04-08T14:31:11.499+0000] {standard_task_runner.py:104} INFO - Running: ['***', 'tasks', 'run', 'air_ingestion_dag', 'ingest', 'backfill__2024-01-02T07:00:00+00:00', '--job-id', '311', '--pool', 'default_pool', '--raw', '--subdir', 'DAGS_FOLDER/air_ingestion_dag.py', '--cfg-path', '/tmp/tmpbs0336oc']
[2025-04-08T14:31:11.518+0000] {standard_task_runner.py:105} INFO - Job 311: Subtask ingest
[2025-04-08T14:31:12.002+0000] {task_command.py:467} INFO - Running <TaskInstance: air_ingestion_dag.ingest backfill__2024-01-02T07:00:00+00:00 [running]> on host ef6176db86b3
[2025-04-08T14:31:12.554+0000] {taskinstance.py:3134} INFO - Exporting env vars: AIRFLOW_CTX_DAG_OWNER='beni' AIRFLOW_CTX_DAG_ID='air_ingestion_dag' AIRFLOW_CTX_TASK_ID='ingest' AIRFLOW_CTX_EXECUTION_DATE='2024-01-02T07:00:00+00:00' AIRFLOW_CTX_TRY_NUMBER='1' AIRFLOW_CTX_DAG_RUN_ID='backfill__2024-01-02T07:00:00+00:00'
[2025-04-08T14:31:12.566+0000] {taskinstance.py:732} INFO - ::endgroup::
[2025-04-08T14:31:12.579+0000] {logging_mixin.py:190} INFO - ⏰ Running for local time: 2024-01-02T08:00:00+01:00 (UTC: 2024-01-02T07:00:00+00:00)
[2025-04-08T14:31:13.728+0000] {logging_mixin.py:190} INFO - ✅ Saved: gs://gooutside-raw/air/bamberg/2024-01-02T0600.json
[2025-04-08T14:31:14.086+0000] {logging_mixin.py:190} INFO - ✅ Saved: gs://gooutside-raw/air/bamberg/2024-01-02T0700.json
[2025-04-08T14:31:14.443+0000] {logging_mixin.py:190} INFO - ✅ Saved: gs://gooutside-raw/air/bamberg/2024-01-02T0800.json
[2025-04-08T14:31:14.804+0000] {logging_mixin.py:190} INFO - ✅ Saved: gs://gooutside-raw/air/bamberg/2024-01-02T0900.json
[2025-04-08T14:31:15.203+0000] {logging_mixin.py:190} INFO - ✅ Saved: gs://gooutside-raw/air/bamberg/2024-01-02T1000.json
[2025-04-08T14:31:15.537+0000] {logging_mixin.py:190} INFO - ✅ Saved: gs://gooutside-raw/air/bamberg/2024-01-02T1100.json
[2025-04-08T14:31:15.887+0000] {logging_mixin.py:190} INFO - ✅ Saved: gs://gooutside-raw/air/bamberg/2024-01-02T1200.json
[2025-04-08T14:31:16.275+0000] {logging_mixin.py:190} INFO - ✅ Saved: gs://gooutside-raw/air/bamberg/2024-01-02T1300.json
[2025-04-08T14:31:16.800+0000] {logging_mixin.py:190} INFO - ✅ Saved: gs://gooutside-raw/air/bamberg/2024-01-02T1400.json
[2025-04-08T14:31:17.278+0000] {logging_mixin.py:190} INFO - ✅ Saved: gs://gooutside-raw/air/bamberg/2024-01-02T1500.json
[2025-04-08T14:31:17.676+0000] {logging_mixin.py:190} INFO - ✅ Saved: gs://gooutside-raw/air/bamberg/2024-01-02T1600.json
[2025-04-08T14:31:18.068+0000] {logging_mixin.py:190} INFO - ✅ Saved: gs://gooutside-raw/air/bamberg/2024-01-02T1700.json
[2025-04-08T14:31:18.068+0000] {python.py:240} INFO - Done. Returned value was: None
[2025-04-08T14:31:18.095+0000] {taskinstance.py:341} INFO - ::group::Post task execution logs
[2025-04-08T14:31:18.096+0000] {taskinstance.py:353} INFO - Marking task as SUCCESS. dag_id=air_ingestion_dag, task_id=ingest, run_id=backfill__2024-01-02T07:00:00+00:00, execution_date=20240102T070000, start_date=20250408T143111, end_date=20250408T143118
[2025-04-08T14:31:18.140+0000] {local_task_job_runner.py:266} INFO - Task exited with return code 0
[2025-04-08T14:31:18.176+0000] {taskinstance.py:3901} INFO - 0 downstream tasks scheduled from follow-on schedule check
[2025-04-08T14:31:18.178+0000] {local_task_job_runner.py:245} INFO - ::endgroup::
