[2025-04-06T21:12:29.237+0000] {local_task_job_runner.py:123} INFO - ::group::Pre task execution logs
[2025-04-06T21:12:29.249+0000] {taskinstance.py:2614} INFO - Dependencies all met for dep_context=non-requeueable deps ti=<TaskInstance: air_ingestion_dag.ingest scheduled__2025-04-06T20:00:00+00:00 [queued]>
[2025-04-06T21:12:29.253+0000] {taskinstance.py:2614} INFO - Dependencies all met for dep_context=requeueable deps ti=<TaskInstance: air_ingestion_dag.ingest scheduled__2025-04-06T20:00:00+00:00 [queued]>
[2025-04-06T21:12:29.253+0000] {taskinstance.py:2867} INFO - Starting attempt 1 of 2
[2025-04-06T21:12:29.259+0000] {taskinstance.py:2890} INFO - Executing <Task(_PythonDecoratedOperator): ingest> on 2025-04-06 20:00:00+00:00
[2025-04-06T21:12:29.263+0000] {warnings.py:112} WARNING - /home/***/.local/lib/python3.12/site-packages/***/task/task_runner/standard_task_runner.py:70: DeprecationWarning: This process (pid=262) is multi-threaded, use of fork() may lead to deadlocks in the child.
  pid = os.fork()

[2025-04-06T21:12:29.264+0000] {standard_task_runner.py:72} INFO - Started process 264 to run task
[2025-04-06T21:12:29.264+0000] {standard_task_runner.py:104} INFO - Running: ['***', 'tasks', 'run', 'air_ingestion_dag', 'ingest', 'scheduled__2025-04-06T20:00:00+00:00', '--job-id', '185', '--raw', '--subdir', 'DAGS_FOLDER/air_ingestion_dag.py', '--cfg-path', '/tmp/tmppi4cytdr']
[2025-04-06T21:12:29.266+0000] {standard_task_runner.py:105} INFO - Job 185: Subtask ingest
[2025-04-06T21:12:29.310+0000] {task_command.py:467} INFO - Running <TaskInstance: air_ingestion_dag.ingest scheduled__2025-04-06T20:00:00+00:00 [running]> on host 242fb041fbeb
[2025-04-06T21:12:29.374+0000] {taskinstance.py:3134} INFO - Exporting env vars: AIRFLOW_CTX_DAG_OWNER='beni' AIRFLOW_CTX_DAG_ID='air_ingestion_dag' AIRFLOW_CTX_TASK_ID='ingest' AIRFLOW_CTX_EXECUTION_DATE='2025-04-06T20:00:00+00:00' AIRFLOW_CTX_TRY_NUMBER='1' AIRFLOW_CTX_DAG_RUN_ID='scheduled__2025-04-06T20:00:00+00:00'
[2025-04-06T21:12:29.376+0000] {taskinstance.py:732} INFO - ::endgroup::
[2025-04-06T21:12:29.992+0000] {logging_mixin.py:190} INFO - ✅ Saved: gs://gooutside-raw/air/bamberg/2025-04-06 05:00:00.json
[2025-04-06T21:12:30.353+0000] {logging_mixin.py:190} INFO - ✅ Saved: gs://gooutside-raw/air/bamberg/2025-04-06 06:00:00.json
[2025-04-06T21:12:30.709+0000] {logging_mixin.py:190} INFO - ✅ Saved: gs://gooutside-raw/air/bamberg/2025-04-06 07:00:00.json
[2025-04-06T21:12:31.076+0000] {logging_mixin.py:190} INFO - ✅ Saved: gs://gooutside-raw/air/bamberg/2025-04-06 08:00:00.json
[2025-04-06T21:12:31.491+0000] {logging_mixin.py:190} INFO - ✅ Saved: gs://gooutside-raw/air/bamberg/2025-04-06 09:00:00.json
[2025-04-06T21:12:31.862+0000] {logging_mixin.py:190} INFO - ✅ Saved: gs://gooutside-raw/air/bamberg/2025-04-06 10:00:00.json
[2025-04-06T21:12:32.216+0000] {logging_mixin.py:190} INFO - ✅ Saved: gs://gooutside-raw/air/bamberg/2025-04-06 11:00:00.json
[2025-04-06T21:12:32.659+0000] {logging_mixin.py:190} INFO - ✅ Saved: gs://gooutside-raw/air/bamberg/2025-04-06 12:00:00.json
[2025-04-06T21:12:33.021+0000] {logging_mixin.py:190} INFO - ✅ Saved: gs://gooutside-raw/air/bamberg/2025-04-06 13:00:00.json
[2025-04-06T21:12:33.589+0000] {logging_mixin.py:190} INFO - ✅ Saved: gs://gooutside-raw/air/bamberg/2025-04-06 14:00:00.json
[2025-04-06T21:12:34.990+0000] {logging_mixin.py:190} INFO - ✅ Saved: gs://gooutside-raw/air/bamberg/2025-04-06 15:00:00.json
[2025-04-06T21:12:35.347+0000] {logging_mixin.py:190} INFO - ✅ Saved: gs://gooutside-raw/air/bamberg/2025-04-06 16:00:00.json
[2025-04-06T21:12:35.700+0000] {logging_mixin.py:190} INFO - ✅ Saved: gs://gooutside-raw/air/bamberg/2025-04-06 17:00:00.json
[2025-04-06T21:12:35.705+0000] {python.py:240} INFO - Done. Returned value was: None
[2025-04-06T21:12:35.730+0000] {taskinstance.py:341} INFO - ::group::Post task execution logs
[2025-04-06T21:12:35.740+0000] {taskinstance.py:353} INFO - Marking task as SUCCESS. dag_id=air_ingestion_dag, task_id=ingest, run_id=scheduled__2025-04-06T20:00:00+00:00, execution_date=20250406T200000, start_date=20250406T211229, end_date=20250406T211235
[2025-04-06T21:12:35.818+0000] {local_task_job_runner.py:266} INFO - Task exited with return code 0
[2025-04-06T21:12:35.832+0000] {taskinstance.py:3901} INFO - 0 downstream tasks scheduled from follow-on schedule check
[2025-04-06T21:12:35.833+0000] {local_task_job_runner.py:245} INFO - ::endgroup::
