[2025-04-08T14:52:41.318+0000] {local_task_job_runner.py:123} INFO - ::group::Pre task execution logs
[2025-04-08T14:52:41.334+0000] {taskinstance.py:2614} INFO - Dependencies all met for dep_context=non-requeueable deps ti=<TaskInstance: air_ingestion_dag.ingest backfill__2024-01-05T10:00:00+00:00 [queued]>
[2025-04-08T14:52:41.347+0000] {taskinstance.py:2614} INFO - Dependencies all met for dep_context=requeueable deps ti=<TaskInstance: air_ingestion_dag.ingest backfill__2024-01-05T10:00:00+00:00 [queued]>
[2025-04-08T14:52:41.347+0000] {taskinstance.py:2867} INFO - Starting attempt 1 of 2
[2025-04-08T14:52:41.358+0000] {taskinstance.py:2890} INFO - Executing <Task(_PythonDecoratedOperator): ingest> on 2024-01-05 10:00:00+00:00
[2025-04-08T14:52:41.363+0000] {warnings.py:112} WARNING - /home/***/.local/lib/python3.12/site-packages/***/task/task_runner/standard_task_runner.py:70: DeprecationWarning: This process (pid=122) is multi-threaded, use of fork() may lead to deadlocks in the child.
  pid = os.fork()

[2025-04-08T14:52:41.365+0000] {standard_task_runner.py:72} INFO - Started process 125 to run task
[2025-04-08T14:52:41.365+0000] {standard_task_runner.py:104} INFO - Running: ['***', 'tasks', 'run', 'air_ingestion_dag', 'ingest', 'backfill__2024-01-05T10:00:00+00:00', '--job-id', '411', '--pool', 'default_pool', '--raw', '--subdir', 'DAGS_FOLDER/air_ingestion_dag.py', '--cfg-path', '/tmp/tmpfhcn5g_s']
[2025-04-08T14:52:41.367+0000] {standard_task_runner.py:105} INFO - Job 411: Subtask ingest
[2025-04-08T14:52:41.421+0000] {task_command.py:467} INFO - Running <TaskInstance: air_ingestion_dag.ingest backfill__2024-01-05T10:00:00+00:00 [running]> on host 48eda3218d1e
[2025-04-08T14:52:41.508+0000] {taskinstance.py:3134} INFO - Exporting env vars: AIRFLOW_CTX_DAG_OWNER='beni' AIRFLOW_CTX_DAG_ID='air_ingestion_dag' AIRFLOW_CTX_TASK_ID='ingest' AIRFLOW_CTX_EXECUTION_DATE='2024-01-05T10:00:00+00:00' AIRFLOW_CTX_TRY_NUMBER='1' AIRFLOW_CTX_DAG_RUN_ID='backfill__2024-01-05T10:00:00+00:00'
[2025-04-08T14:52:41.510+0000] {taskinstance.py:732} INFO - ::endgroup::
[2025-04-08T14:52:41.514+0000] {logging_mixin.py:190} INFO - ⏰ Running for local time: 2024-01-05T11:00:00+01:00 (UTC: 2024-01-05T10:00:00+00:00)
[2025-04-08T14:52:42.060+0000] {logging_mixin.py:190} INFO - ✅ Saved: gs://gooutside-raw/air/bamberg/2024-01-05T0600.json
[2025-04-08T14:52:42.450+0000] {logging_mixin.py:190} INFO - ✅ Saved: gs://gooutside-raw/air/bamberg/2024-01-05T0700.json
[2025-04-08T14:52:42.772+0000] {logging_mixin.py:190} INFO - ✅ Saved: gs://gooutside-raw/air/bamberg/2024-01-05T0800.json
[2025-04-08T14:52:43.096+0000] {logging_mixin.py:190} INFO - ✅ Saved: gs://gooutside-raw/air/bamberg/2024-01-05T0900.json
[2025-04-08T14:52:43.416+0000] {logging_mixin.py:190} INFO - ✅ Saved: gs://gooutside-raw/air/bamberg/2024-01-05T1000.json
[2025-04-08T14:52:43.744+0000] {logging_mixin.py:190} INFO - ✅ Saved: gs://gooutside-raw/air/bamberg/2024-01-05T1100.json
[2025-04-08T14:52:44.083+0000] {logging_mixin.py:190} INFO - ✅ Saved: gs://gooutside-raw/air/bamberg/2024-01-05T1200.json
[2025-04-08T14:52:44.418+0000] {logging_mixin.py:190} INFO - ✅ Saved: gs://gooutside-raw/air/bamberg/2024-01-05T1300.json
[2025-04-08T14:52:44.763+0000] {logging_mixin.py:190} INFO - ✅ Saved: gs://gooutside-raw/air/bamberg/2024-01-05T1400.json
[2025-04-08T14:52:45.098+0000] {logging_mixin.py:190} INFO - ✅ Saved: gs://gooutside-raw/air/bamberg/2024-01-05T1500.json
[2025-04-08T14:52:45.426+0000] {logging_mixin.py:190} INFO - ✅ Saved: gs://gooutside-raw/air/bamberg/2024-01-05T1600.json
[2025-04-08T14:52:45.809+0000] {logging_mixin.py:190} INFO - ✅ Saved: gs://gooutside-raw/air/bamberg/2024-01-05T1700.json
[2025-04-08T14:52:46.119+0000] {logging_mixin.py:190} INFO - ✅ Saved: gs://gooutside-raw/air/bamberg/2024-01-05T1800.json
[2025-04-08T14:52:46.444+0000] {logging_mixin.py:190} INFO - ✅ Saved: gs://gooutside-raw/air/bamberg/2024-01-05T1900.json
[2025-04-08T14:52:46.446+0000] {python.py:240} INFO - Done. Returned value was: None
[2025-04-08T14:52:46.496+0000] {taskinstance.py:341} INFO - ::group::Post task execution logs
[2025-04-08T14:52:46.497+0000] {taskinstance.py:353} INFO - Marking task as SUCCESS. dag_id=air_ingestion_dag, task_id=ingest, run_id=backfill__2024-01-05T10:00:00+00:00, execution_date=20240105T100000, start_date=20250408T145241, end_date=20250408T145246
[2025-04-08T14:52:46.576+0000] {local_task_job_runner.py:266} INFO - Task exited with return code 0
[2025-04-08T14:52:46.611+0000] {taskinstance.py:3901} INFO - 0 downstream tasks scheduled from follow-on schedule check
[2025-04-08T14:52:46.612+0000] {local_task_job_runner.py:245} INFO - ::endgroup::
