[2025-04-14T08:00:01.283+0000] {local_task_job_runner.py:123} INFO - ::group::Pre task execution logs
[2025-04-14T08:00:01.305+0000] {taskinstance.py:2614} INFO - Dependencies all met for dep_context=non-requeueable deps ti=<TaskInstance: pollen_ingestion_dag.ingest scheduled__2025-04-13T08:00:00+00:00 [queued]>
[2025-04-14T08:00:01.315+0000] {taskinstance.py:2614} INFO - Dependencies all met for dep_context=requeueable deps ti=<TaskInstance: pollen_ingestion_dag.ingest scheduled__2025-04-13T08:00:00+00:00 [queued]>
[2025-04-14T08:00:01.315+0000] {taskinstance.py:2867} INFO - Starting attempt 1 of 2
[2025-04-14T08:00:01.326+0000] {taskinstance.py:2890} INFO - Executing <Task(_PythonDecoratedOperator): ingest> on 2025-04-13 08:00:00+00:00
[2025-04-14T08:00:01.332+0000] {warnings.py:112} WARNING - /home/***/.local/lib/python3.12/site-packages/***/task/task_runner/standard_task_runner.py:70: DeprecationWarning: This process (pid=716) is multi-threaded, use of fork() may lead to deadlocks in the child.
  pid = os.fork()

[2025-04-14T08:00:01.336+0000] {standard_task_runner.py:72} INFO - Started process 721 to run task
[2025-04-14T08:00:01.335+0000] {standard_task_runner.py:104} INFO - Running: ['***', 'tasks', 'run', 'pollen_ingestion_dag', 'ingest', 'scheduled__2025-04-13T08:00:00+00:00', '--job-id', '988', '--raw', '--subdir', 'DAGS_FOLDER/pollen_ingestion_dag.py', '--cfg-path', '/tmp/tmpv9oq5zq0']
[2025-04-14T08:00:01.338+0000] {standard_task_runner.py:105} INFO - Job 988: Subtask ingest
[2025-04-14T08:00:01.398+0000] {task_command.py:467} INFO - Running <TaskInstance: pollen_ingestion_dag.ingest scheduled__2025-04-13T08:00:00+00:00 [running]> on host caedfbfc7792
[2025-04-14T08:00:01.479+0000] {taskinstance.py:3134} INFO - Exporting env vars: AIRFLOW_CTX_DAG_OWNER='beni' AIRFLOW_CTX_DAG_ID='pollen_ingestion_dag' AIRFLOW_CTX_TASK_ID='ingest' AIRFLOW_CTX_EXECUTION_DATE='2025-04-13T08:00:00+00:00' AIRFLOW_CTX_TRY_NUMBER='1' AIRFLOW_CTX_DAG_RUN_ID='scheduled__2025-04-13T08:00:00+00:00'
[2025-04-14T08:00:01.481+0000] {taskinstance.py:732} INFO - ::endgroup::
[2025-04-14T08:00:01.614+0000] {pollen_ingestion_dag.py:35} INFO - 🌼 Pollen forecast for bamberg on 2025-04-14
[2025-04-14T08:00:01.614+0000] {pollen_ingestion_dag.py:36} INFO -    Region: Bayern nördl. der Donau, o. Bayr. Wald, o. Mainfranken (slug: bayern_nord)
[2025-04-14T08:00:01.614+0000] {pollen_ingestion_dag.py:37} INFO -    8 pollen types found
[2025-04-14T08:00:01.615+0000] {pollen_ingestion_dag.py:39} INFO -      - Beifuss: 0
[2025-04-14T08:00:01.615+0000] {pollen_ingestion_dag.py:39} INFO -      - Ambrosia: 0
[2025-04-14T08:00:01.615+0000] {pollen_ingestion_dag.py:39} INFO -      - Graeser: 0
[2025-04-14T08:00:01.615+0000] {pollen_ingestion_dag.py:39} INFO -      - Erle: 0-1
[2025-04-14T08:00:01.615+0000] {pollen_ingestion_dag.py:39} INFO -      - Roggen: 0
[2025-04-14T08:00:01.616+0000] {pollen_ingestion_dag.py:39} INFO -      - Esche: 3
[2025-04-14T08:00:01.616+0000] {pollen_ingestion_dag.py:39} INFO -      - Hasel: 0
[2025-04-14T08:00:01.616+0000] {pollen_ingestion_dag.py:39} INFO -      - Birke: 3
[2025-04-14T08:00:02.088+0000] {logging_mixin.py:190} INFO - ✅ Saved: gs://gooutside-raw/pollen/bayern_nord/2025-04-14.json
[2025-04-14T08:00:02.089+0000] {pollen_ingestion_dag.py:42} INFO - ✅ Saved entry to GCS for 2025-04-14
[2025-04-14T08:00:02.089+0000] {python.py:240} INFO - Done. Returned value was: None
[2025-04-14T08:00:02.100+0000] {taskinstance.py:341} INFO - ::group::Post task execution logs
[2025-04-14T08:00:02.100+0000] {taskinstance.py:353} INFO - Marking task as SUCCESS. dag_id=pollen_ingestion_dag, task_id=ingest, run_id=scheduled__2025-04-13T08:00:00+00:00, execution_date=20250413T080000, start_date=20250414T080001, end_date=20250414T080002
[2025-04-14T08:00:02.164+0000] {local_task_job_runner.py:266} INFO - Task exited with return code 0
[2025-04-14T08:00:02.176+0000] {taskinstance.py:3901} INFO - 0 downstream tasks scheduled from follow-on schedule check
[2025-04-14T08:00:02.177+0000] {local_task_job_runner.py:245} INFO - ::endgroup::
