[2025-04-10T15:00:57.812+0000] {local_task_job_runner.py:123} INFO - ::group::Pre task execution logs
[2025-04-10T15:00:57.823+0000] {taskinstance.py:2614} INFO - Dependencies all met for dep_context=non-requeueable deps ti=<TaskInstance: air_ingestion_backfill_dag_simple.ingest scheduled__2025-04-10T14:00:00+00:00 [queued]>
[2025-04-10T15:00:57.828+0000] {taskinstance.py:2614} INFO - Dependencies all met for dep_context=requeueable deps ti=<TaskInstance: air_ingestion_backfill_dag_simple.ingest scheduled__2025-04-10T14:00:00+00:00 [queued]>
[2025-04-10T15:00:57.829+0000] {taskinstance.py:2867} INFO - Starting attempt 1 of 2
[2025-04-10T15:00:57.836+0000] {taskinstance.py:2890} INFO - Executing <Task(_PythonDecoratedOperator): ingest> on 2025-04-10 14:00:00+00:00
[2025-04-10T15:00:57.842+0000] {warnings.py:112} WARNING - /home/***/.local/lib/python3.12/site-packages/***/task/task_runner/standard_task_runner.py:70: DeprecationWarning: This process (pid=537) is multi-threaded, use of fork() may lead to deadlocks in the child.
  pid = os.fork()

[2025-04-10T15:00:57.843+0000] {standard_task_runner.py:72} INFO - Started process 544 to run task
[2025-04-10T15:00:57.843+0000] {standard_task_runner.py:104} INFO - Running: ['***', 'tasks', 'run', 'air_ingestion_backfill_dag_simple', 'ingest', 'scheduled__2025-04-10T14:00:00+00:00', '--job-id', '651', '--raw', '--subdir', 'DAGS_FOLDER/air_backfill_dag.py', '--cfg-path', '/tmp/tmpdtmv_n8g']
[2025-04-10T15:00:57.844+0000] {standard_task_runner.py:105} INFO - Job 651: Subtask ingest
[2025-04-10T15:00:57.876+0000] {task_command.py:467} INFO - Running <TaskInstance: air_ingestion_backfill_dag_simple.ingest scheduled__2025-04-10T14:00:00+00:00 [running]> on host 98acdd3c69ae
[2025-04-10T15:00:57.922+0000] {taskinstance.py:3134} INFO - Exporting env vars: AIRFLOW_CTX_DAG_OWNER='beni' AIRFLOW_CTX_DAG_ID='air_ingestion_backfill_dag_simple' AIRFLOW_CTX_TASK_ID='ingest' AIRFLOW_CTX_EXECUTION_DATE='2025-04-10T14:00:00+00:00' AIRFLOW_CTX_TRY_NUMBER='1' AIRFLOW_CTX_DAG_RUN_ID='scheduled__2025-04-10T14:00:00+00:00'
[2025-04-10T15:00:57.923+0000] {taskinstance.py:732} INFO - ::endgroup::
[2025-04-10T15:00:58.419+0000] {logging_mixin.py:190} INFO - ✅ Saved: gs://gooutside-raw/air/bamberg/2025-04-10T0600.json
[2025-04-10T15:00:58.748+0000] {logging_mixin.py:190} INFO - ✅ Saved: gs://gooutside-raw/air/bamberg/2025-04-10T0700.json
[2025-04-10T15:00:59.089+0000] {logging_mixin.py:190} INFO - ✅ Saved: gs://gooutside-raw/air/bamberg/2025-04-10T0800.json
[2025-04-10T15:00:59.420+0000] {logging_mixin.py:190} INFO - ✅ Saved: gs://gooutside-raw/air/bamberg/2025-04-10T0900.json
[2025-04-10T15:00:59.775+0000] {logging_mixin.py:190} INFO - ✅ Saved: gs://gooutside-raw/air/bamberg/2025-04-10T1000.json
[2025-04-10T15:01:00.139+0000] {logging_mixin.py:190} INFO - ✅ Saved: gs://gooutside-raw/air/bamberg/2025-04-10T1100.json
[2025-04-10T15:01:00.141+0000] {python.py:240} INFO - Done. Returned value was: None
[2025-04-10T15:01:00.153+0000] {taskinstance.py:341} INFO - ::group::Post task execution logs
[2025-04-10T15:01:00.153+0000] {taskinstance.py:353} INFO - Marking task as SUCCESS. dag_id=air_ingestion_backfill_dag_simple, task_id=ingest, run_id=scheduled__2025-04-10T14:00:00+00:00, execution_date=20250410T140000, start_date=20250410T150057, end_date=20250410T150100
[2025-04-10T15:01:00.192+0000] {local_task_job_runner.py:266} INFO - Task exited with return code 0
[2025-04-10T15:01:00.202+0000] {taskinstance.py:3901} INFO - 0 downstream tasks scheduled from follow-on schedule check
[2025-04-10T15:01:00.203+0000] {local_task_job_runner.py:245} INFO - ::endgroup::
