[2025-04-09T13:58:54.529+0000] {local_task_job_runner.py:123} INFO - ::group::Pre task execution logs
[2025-04-09T13:58:54.542+0000] {taskinstance.py:2614} INFO - Dependencies all met for dep_context=non-requeueable deps ti=<TaskInstance: air_ingestion_dag.ingest manual__2025-04-09T13:58:53.905880+00:00 [queued]>
[2025-04-09T13:58:54.547+0000] {taskinstance.py:2614} INFO - Dependencies all met for dep_context=requeueable deps ti=<TaskInstance: air_ingestion_dag.ingest manual__2025-04-09T13:58:53.905880+00:00 [queued]>
[2025-04-09T13:58:54.547+0000] {taskinstance.py:2867} INFO - Starting attempt 1 of 2
[2025-04-09T13:58:54.554+0000] {taskinstance.py:2890} INFO - Executing <Task(_PythonDecoratedOperator): ingest> on 2025-04-09 13:58:53.905880+00:00
[2025-04-09T13:58:54.557+0000] {warnings.py:112} WARNING - /home/***/.local/lib/python3.12/site-packages/***/task/task_runner/standard_task_runner.py:70: DeprecationWarning: This process (pid=75) is multi-threaded, use of fork() may lead to deadlocks in the child.
  pid = os.fork()

[2025-04-09T13:58:54.559+0000] {standard_task_runner.py:72} INFO - Started process 76 to run task
[2025-04-09T13:58:54.560+0000] {standard_task_runner.py:104} INFO - Running: ['***', 'tasks', 'run', 'air_ingestion_dag', 'ingest', 'manual__2025-04-09T13:58:53.905880+00:00', '--job-id', '497', '--raw', '--subdir', 'DAGS_FOLDER/air_ingestion_dag.py', '--cfg-path', '/tmp/tmp196_i017']
[2025-04-09T13:58:54.562+0000] {standard_task_runner.py:105} INFO - Job 497: Subtask ingest
[2025-04-09T13:58:54.592+0000] {task_command.py:467} INFO - Running <TaskInstance: air_ingestion_dag.ingest manual__2025-04-09T13:58:53.905880+00:00 [running]> on host 98acdd3c69ae
[2025-04-09T13:58:54.638+0000] {taskinstance.py:3134} INFO - Exporting env vars: AIRFLOW_CTX_DAG_OWNER='beni' AIRFLOW_CTX_DAG_ID='air_ingestion_dag' AIRFLOW_CTX_TASK_ID='ingest' AIRFLOW_CTX_EXECUTION_DATE='2025-04-09T13:58:53.905880+00:00' AIRFLOW_CTX_TRY_NUMBER='1' AIRFLOW_CTX_DAG_RUN_ID='manual__2025-04-09T13:58:53.905880+00:00'
[2025-04-09T13:58:54.639+0000] {taskinstance.py:732} INFO - ::endgroup::
[2025-04-09T13:58:54.870+0000] {air_ingestion_dag.py:29} INFO - 📦 Parsed 6 entries
[2025-04-09T13:58:54.871+0000] {air_ingestion_dag.py:32} INFO - 💾 Saving entry for 2025-04-09T06:00:00+00:00
[2025-04-09T13:58:55.320+0000] {logging_mixin.py:190} INFO - ✅ Saved: gs://gooutside-raw/air/bamberg/2025-04-09T0600.json
[2025-04-09T13:58:55.320+0000] {air_ingestion_dag.py:32} INFO - 💾 Saving entry for 2025-04-09T07:00:00+00:00
[2025-04-09T13:58:55.679+0000] {logging_mixin.py:190} INFO - ✅ Saved: gs://gooutside-raw/air/bamberg/2025-04-09T0700.json
[2025-04-09T13:58:55.681+0000] {air_ingestion_dag.py:32} INFO - 💾 Saving entry for 2025-04-09T08:00:00+00:00
[2025-04-09T13:58:56.060+0000] {logging_mixin.py:190} INFO - ✅ Saved: gs://gooutside-raw/air/bamberg/2025-04-09T0800.json
[2025-04-09T13:58:56.061+0000] {air_ingestion_dag.py:32} INFO - 💾 Saving entry for 2025-04-09T09:00:00+00:00
[2025-04-09T13:58:56.487+0000] {logging_mixin.py:190} INFO - ✅ Saved: gs://gooutside-raw/air/bamberg/2025-04-09T0900.json
[2025-04-09T13:58:56.488+0000] {air_ingestion_dag.py:32} INFO - 💾 Saving entry for 2025-04-09T10:00:00+00:00
[2025-04-09T13:58:57.298+0000] {logging_mixin.py:190} INFO - ✅ Saved: gs://gooutside-raw/air/bamberg/2025-04-09T1000.json
[2025-04-09T13:58:57.298+0000] {air_ingestion_dag.py:32} INFO - 💾 Saving entry for 2025-04-09T11:00:00+00:00
[2025-04-09T13:58:57.657+0000] {logging_mixin.py:190} INFO - ✅ Saved: gs://gooutside-raw/air/bamberg/2025-04-09T1100.json
[2025-04-09T13:58:57.657+0000] {python.py:240} INFO - Done. Returned value was: None
[2025-04-09T13:58:57.677+0000] {taskinstance.py:341} INFO - ::group::Post task execution logs
[2025-04-09T13:58:57.678+0000] {taskinstance.py:353} INFO - Marking task as SUCCESS. dag_id=air_ingestion_dag, task_id=ingest, run_id=manual__2025-04-09T13:58:53.905880+00:00, execution_date=20250409T135853, start_date=20250409T135854, end_date=20250409T135857
[2025-04-09T13:58:57.755+0000] {local_task_job_runner.py:266} INFO - Task exited with return code 0
[2025-04-09T13:58:57.770+0000] {taskinstance.py:3901} INFO - 0 downstream tasks scheduled from follow-on schedule check
[2025-04-09T13:58:57.771+0000] {local_task_job_runner.py:245} INFO - ::endgroup::
