[2025-04-10T14:14:49.943+0000] {local_task_job_runner.py:123} INFO - ::group::Pre task execution logs
[2025-04-10T14:14:49.956+0000] {taskinstance.py:2614} INFO - Dependencies all met for dep_context=non-requeueable deps ti=<TaskInstance: air_ingestion_dag.ingest manual__2025-04-10T14:14:49.436920+00:00 [queued]>
[2025-04-10T14:14:49.962+0000] {taskinstance.py:2614} INFO - Dependencies all met for dep_context=requeueable deps ti=<TaskInstance: air_ingestion_dag.ingest manual__2025-04-10T14:14:49.436920+00:00 [queued]>
[2025-04-10T14:14:49.963+0000] {taskinstance.py:2867} INFO - Starting attempt 1 of 2
[2025-04-10T14:14:49.970+0000] {taskinstance.py:2890} INFO - Executing <Task(_PythonDecoratedOperator): ingest> on 2025-04-10 14:14:49.436920+00:00
[2025-04-10T14:14:49.974+0000] {warnings.py:112} WARNING - /home/***/.local/lib/python3.12/site-packages/***/task/task_runner/standard_task_runner.py:70: DeprecationWarning: This process (pid=303) is multi-threaded, use of fork() may lead to deadlocks in the child.
  pid = os.fork()

[2025-04-10T14:14:49.975+0000] {standard_task_runner.py:72} INFO - Started process 304 to run task
[2025-04-10T14:14:49.975+0000] {standard_task_runner.py:104} INFO - Running: ['***', 'tasks', 'run', 'air_ingestion_dag', 'ingest', 'manual__2025-04-10T14:14:49.436920+00:00', '--job-id', '573', '--raw', '--subdir', 'DAGS_FOLDER/air_ingestion_dag.py', '--cfg-path', '/tmp/tmp0wt4h2zu']
[2025-04-10T14:14:49.977+0000] {standard_task_runner.py:105} INFO - Job 573: Subtask ingest
[2025-04-10T14:14:50.008+0000] {task_command.py:467} INFO - Running <TaskInstance: air_ingestion_dag.ingest manual__2025-04-10T14:14:49.436920+00:00 [running]> on host 98acdd3c69ae
[2025-04-10T14:14:50.059+0000] {taskinstance.py:3134} INFO - Exporting env vars: AIRFLOW_CTX_DAG_OWNER='beni' AIRFLOW_CTX_DAG_ID='air_ingestion_dag' AIRFLOW_CTX_TASK_ID='ingest' AIRFLOW_CTX_EXECUTION_DATE='2025-04-10T14:14:49.436920+00:00' AIRFLOW_CTX_TRY_NUMBER='1' AIRFLOW_CTX_DAG_RUN_ID='manual__2025-04-10T14:14:49.436920+00:00'
[2025-04-10T14:14:50.060+0000] {taskinstance.py:732} INFO - ::endgroup::
[2025-04-10T14:14:50.062+0000] {air_ingestion_dag.py:30} INFO - 📅 Fetching UBA data for MEZ day: 2025-04-10
[2025-04-10T14:14:50.265+0000] {air_ingestion_dag.py:40} INFO - 📦 Parsed 5 entries
[2025-04-10T14:14:50.266+0000] {air_ingestion_dag.py:43} INFO - 💾 Saving air entry for 2025-04-10T06:00:00+00:00
[2025-04-10T14:14:50.651+0000] {logging_mixin.py:190} INFO - ✅ Saved: gs://gooutside-raw/air/bamberg/2025-04-10T0600.json
[2025-04-10T14:14:50.652+0000] {air_ingestion_dag.py:43} INFO - 💾 Saving air entry for 2025-04-10T07:00:00+00:00
[2025-04-10T14:14:51.023+0000] {logging_mixin.py:190} INFO - ✅ Saved: gs://gooutside-raw/air/bamberg/2025-04-10T0700.json
[2025-04-10T14:14:51.024+0000] {air_ingestion_dag.py:43} INFO - 💾 Saving air entry for 2025-04-10T08:00:00+00:00
[2025-04-10T14:14:51.392+0000] {logging_mixin.py:190} INFO - ✅ Saved: gs://gooutside-raw/air/bamberg/2025-04-10T0800.json
[2025-04-10T14:14:51.393+0000] {air_ingestion_dag.py:43} INFO - 💾 Saving air entry for 2025-04-10T09:00:00+00:00
[2025-04-10T14:14:51.771+0000] {logging_mixin.py:190} INFO - ✅ Saved: gs://gooutside-raw/air/bamberg/2025-04-10T0900.json
[2025-04-10T14:14:51.772+0000] {air_ingestion_dag.py:43} INFO - 💾 Saving air entry for 2025-04-10T10:00:00+00:00
[2025-04-10T14:14:52.147+0000] {logging_mixin.py:190} INFO - ✅ Saved: gs://gooutside-raw/air/bamberg/2025-04-10T1000.json
[2025-04-10T14:14:52.147+0000] {python.py:240} INFO - Done. Returned value was: None
[2025-04-10T14:14:52.155+0000] {taskinstance.py:341} INFO - ::group::Post task execution logs
[2025-04-10T14:14:52.156+0000] {taskinstance.py:353} INFO - Marking task as SUCCESS. dag_id=air_ingestion_dag, task_id=ingest, run_id=manual__2025-04-10T14:14:49.436920+00:00, execution_date=20250410T141449, start_date=20250410T141449, end_date=20250410T141452
[2025-04-10T14:14:52.214+0000] {local_task_job_runner.py:266} INFO - Task exited with return code 0
[2025-04-10T14:14:52.226+0000] {taskinstance.py:3901} INFO - 0 downstream tasks scheduled from follow-on schedule check
[2025-04-10T14:14:52.228+0000] {local_task_job_runner.py:245} INFO - ::endgroup::
