[2025-04-13T15:01:47.023+0000] {local_task_job_runner.py:123} INFO - ::group::Pre task execution logs
[2025-04-13T15:01:47.036+0000] {taskinstance.py:2614} INFO - Dependencies all met for dep_context=non-requeueable deps ti=<TaskInstance: weather_ingestion_dag.ingest scheduled__2025-04-13T14:00:00+00:00 [queued]>
[2025-04-13T15:01:47.040+0000] {taskinstance.py:2614} INFO - Dependencies all met for dep_context=requeueable deps ti=<TaskInstance: weather_ingestion_dag.ingest scheduled__2025-04-13T14:00:00+00:00 [queued]>
[2025-04-13T15:01:47.041+0000] {taskinstance.py:2867} INFO - Starting attempt 1 of 2
[2025-04-13T15:01:47.048+0000] {taskinstance.py:2890} INFO - Executing <Task(_PythonDecoratedOperator): ingest> on 2025-04-13 14:00:00+00:00
[2025-04-13T15:01:47.051+0000] {warnings.py:112} WARNING - /home/***/.local/lib/python3.12/site-packages/***/task/task_runner/standard_task_runner.py:70: DeprecationWarning: This process (pid=504) is multi-threaded, use of fork() may lead to deadlocks in the child.
  pid = os.fork()

[2025-04-13T15:01:47.053+0000] {standard_task_runner.py:72} INFO - Started process 506 to run task
[2025-04-13T15:01:47.055+0000] {standard_task_runner.py:104} INFO - Running: ['***', 'tasks', 'run', 'weather_ingestion_dag', 'ingest', 'scheduled__2025-04-13T14:00:00+00:00', '--job-id', '918', '--raw', '--subdir', 'DAGS_FOLDER/weather_ingestion_dag.py', '--cfg-path', '/tmp/tmp9_b3u5ki']
[2025-04-13T15:01:47.057+0000] {standard_task_runner.py:105} INFO - Job 918: Subtask ingest
[2025-04-13T15:01:47.123+0000] {task_command.py:467} INFO - Running <TaskInstance: weather_ingestion_dag.ingest scheduled__2025-04-13T14:00:00+00:00 [running]> on host caedfbfc7792
[2025-04-13T15:01:47.228+0000] {taskinstance.py:3134} INFO - Exporting env vars: AIRFLOW_CTX_DAG_OWNER='beni' AIRFLOW_CTX_DAG_ID='weather_ingestion_dag' AIRFLOW_CTX_TASK_ID='ingest' AIRFLOW_CTX_EXECUTION_DATE='2025-04-13T14:00:00+00:00' AIRFLOW_CTX_TRY_NUMBER='1' AIRFLOW_CTX_DAG_RUN_ID='scheduled__2025-04-13T14:00:00+00:00'
[2025-04-13T15:01:47.232+0000] {taskinstance.py:732} INFO - ::endgroup::
[2025-04-13T15:01:47.234+0000] {weather_ingestion_dag.py:31} INFO - 🌍 Current UTC hour: 2025-04-13T15:00:00+00:00
[2025-04-13T15:01:47.423+0000] {weather_ingestion_dag.py:38} INFO - ⏱ Found 1 matching entries for this hour
[2025-04-13T15:01:47.423+0000] {weather_ingestion_dag.py:41} INFO - 💾 Saving weather entry for 2025-04-13T15:00:00+00:00
[2025-04-13T15:01:47.880+0000] {logging_mixin.py:190} INFO - ✅ Saved: gs://gooutside-raw/weather/bamberg/2025-04-13T1500.json
[2025-04-13T15:01:47.881+0000] {python.py:240} INFO - Done. Returned value was: None
[2025-04-13T15:01:47.890+0000] {taskinstance.py:341} INFO - ::group::Post task execution logs
[2025-04-13T15:01:47.890+0000] {taskinstance.py:353} INFO - Marking task as SUCCESS. dag_id=weather_ingestion_dag, task_id=ingest, run_id=scheduled__2025-04-13T14:00:00+00:00, execution_date=20250413T140000, start_date=20250413T150147, end_date=20250413T150147
[2025-04-13T15:01:47.945+0000] {local_task_job_runner.py:266} INFO - Task exited with return code 0
[2025-04-13T15:01:47.962+0000] {taskinstance.py:3901} INFO - 0 downstream tasks scheduled from follow-on schedule check
[2025-04-13T15:01:47.963+0000] {local_task_job_runner.py:245} INFO - ::endgroup::
