[2025-04-07T18:04:22.023+0000] {local_task_job_runner.py:123} INFO - ::group::Pre task execution logs
[2025-04-07T18:04:22.036+0000] {taskinstance.py:2614} INFO - Dependencies all met for dep_context=non-requeueable deps ti=<TaskInstance: air_ingestion_dag.ingest scheduled__2025-04-07T17:00:00+00:00 [queued]>
[2025-04-07T18:04:22.041+0000] {taskinstance.py:2614} INFO - Dependencies all met for dep_context=requeueable deps ti=<TaskInstance: air_ingestion_dag.ingest scheduled__2025-04-07T17:00:00+00:00 [queued]>
[2025-04-07T18:04:22.042+0000] {taskinstance.py:2867} INFO - Starting attempt 1 of 2
[2025-04-07T18:04:22.050+0000] {taskinstance.py:2890} INFO - Executing <Task(_PythonDecoratedOperator): ingest> on 2025-04-07 17:00:00+00:00
[2025-04-07T18:04:22.056+0000] {warnings.py:112} WARNING - /home/***/.local/lib/python3.12/site-packages/***/task/task_runner/standard_task_runner.py:70: DeprecationWarning: This process (pid=70) is multi-threaded, use of fork() may lead to deadlocks in the child.
  pid = os.fork()

[2025-04-07T18:04:22.057+0000] {standard_task_runner.py:72} INFO - Started process 74 to run task
[2025-04-07T18:04:22.057+0000] {standard_task_runner.py:104} INFO - Running: ['***', 'tasks', 'run', 'air_ingestion_dag', 'ingest', 'scheduled__2025-04-07T17:00:00+00:00', '--job-id', '231', '--raw', '--subdir', 'DAGS_FOLDER/air_ingestion_dag.py', '--cfg-path', '/tmp/tmptxqrsr4_']
[2025-04-07T18:04:22.060+0000] {standard_task_runner.py:105} INFO - Job 231: Subtask ingest
[2025-04-07T18:04:22.091+0000] {task_command.py:467} INFO - Running <TaskInstance: air_ingestion_dag.ingest scheduled__2025-04-07T17:00:00+00:00 [running]> on host 242fb041fbeb
[2025-04-07T18:04:22.146+0000] {taskinstance.py:3134} INFO - Exporting env vars: AIRFLOW_CTX_DAG_OWNER='beni' AIRFLOW_CTX_DAG_ID='air_ingestion_dag' AIRFLOW_CTX_TASK_ID='ingest' AIRFLOW_CTX_EXECUTION_DATE='2025-04-07T17:00:00+00:00' AIRFLOW_CTX_TRY_NUMBER='1' AIRFLOW_CTX_DAG_RUN_ID='scheduled__2025-04-07T17:00:00+00:00'
[2025-04-07T18:04:22.149+0000] {taskinstance.py:732} INFO - ::endgroup::
[2025-04-07T18:04:22.744+0000] {logging_mixin.py:190} INFO - ✅ Saved: gs://gooutside-raw/air/bamberg/2025-04-07T0500.json
[2025-04-07T18:04:23.174+0000] {logging_mixin.py:190} INFO - ✅ Saved: gs://gooutside-raw/air/bamberg/2025-04-07T0600.json
[2025-04-07T18:04:23.547+0000] {logging_mixin.py:190} INFO - ✅ Saved: gs://gooutside-raw/air/bamberg/2025-04-07T0700.json
[2025-04-07T18:04:23.879+0000] {logging_mixin.py:190} INFO - ✅ Saved: gs://gooutside-raw/air/bamberg/2025-04-07T0800.json
[2025-04-07T18:04:24.243+0000] {logging_mixin.py:190} INFO - ✅ Saved: gs://gooutside-raw/air/bamberg/2025-04-07T0900.json
[2025-04-07T18:04:24.595+0000] {logging_mixin.py:190} INFO - ✅ Saved: gs://gooutside-raw/air/bamberg/2025-04-07T1000.json
[2025-04-07T18:04:24.950+0000] {logging_mixin.py:190} INFO - ✅ Saved: gs://gooutside-raw/air/bamberg/2025-04-07T1100.json
[2025-04-07T18:04:25.325+0000] {logging_mixin.py:190} INFO - ✅ Saved: gs://gooutside-raw/air/bamberg/2025-04-07T1200.json
[2025-04-07T18:04:25.696+0000] {logging_mixin.py:190} INFO - ✅ Saved: gs://gooutside-raw/air/bamberg/2025-04-07T1300.json
[2025-04-07T18:04:26.072+0000] {logging_mixin.py:190} INFO - ✅ Saved: gs://gooutside-raw/air/bamberg/2025-04-07T1400.json
[2025-04-07T18:04:26.455+0000] {logging_mixin.py:190} INFO - ✅ Saved: gs://gooutside-raw/air/bamberg/2025-04-07T1500.json
[2025-04-07T18:04:26.807+0000] {logging_mixin.py:190} INFO - ✅ Saved: gs://gooutside-raw/air/bamberg/2025-04-07T1600.json
[2025-04-07T18:04:26.810+0000] {python.py:240} INFO - Done. Returned value was: None
[2025-04-07T18:04:26.826+0000] {taskinstance.py:341} INFO - ::group::Post task execution logs
[2025-04-07T18:04:26.827+0000] {taskinstance.py:353} INFO - Marking task as SUCCESS. dag_id=air_ingestion_dag, task_id=ingest, run_id=scheduled__2025-04-07T17:00:00+00:00, execution_date=20250407T170000, start_date=20250407T180422, end_date=20250407T180426
[2025-04-07T18:04:26.873+0000] {local_task_job_runner.py:266} INFO - Task exited with return code 0
[2025-04-07T18:04:26.886+0000] {taskinstance.py:3901} INFO - 0 downstream tasks scheduled from follow-on schedule check
[2025-04-07T18:04:26.889+0000] {local_task_job_runner.py:245} INFO - ::endgroup::
