[2025-04-08T09:01:50.521+0000] {local_task_job_runner.py:123} INFO - ::group::Pre task execution logs
[2025-04-08T09:01:50.539+0000] {taskinstance.py:2614} INFO - Dependencies all met for dep_context=non-requeueable deps ti=<TaskInstance: air_ingestion_dag.ingest scheduled__2025-04-08T08:00:00+00:00 [queued]>
[2025-04-08T09:01:50.545+0000] {taskinstance.py:2614} INFO - Dependencies all met for dep_context=requeueable deps ti=<TaskInstance: air_ingestion_dag.ingest scheduled__2025-04-08T08:00:00+00:00 [queued]>
[2025-04-08T09:01:50.546+0000] {taskinstance.py:2867} INFO - Starting attempt 1 of 2
[2025-04-08T09:01:50.553+0000] {taskinstance.py:2890} INFO - Executing <Task(_PythonDecoratedOperator): ingest> on 2025-04-08 08:00:00+00:00
[2025-04-08T09:01:50.557+0000] {warnings.py:112} WARNING - /home/***/.local/lib/python3.12/site-packages/***/task/task_runner/standard_task_runner.py:70: DeprecationWarning: This process (pid=181) is multi-threaded, use of fork() may lead to deadlocks in the child.
  pid = os.fork()

[2025-04-08T09:01:50.558+0000] {standard_task_runner.py:72} INFO - Started process 183 to run task
[2025-04-08T09:01:50.559+0000] {standard_task_runner.py:104} INFO - Running: ['***', 'tasks', 'run', 'air_ingestion_dag', 'ingest', 'scheduled__2025-04-08T08:00:00+00:00', '--job-id', '268', '--raw', '--subdir', 'DAGS_FOLDER/air_ingestion_dag.py', '--cfg-path', '/tmp/tmp_ftxkzj5']
[2025-04-08T09:01:50.561+0000] {standard_task_runner.py:105} INFO - Job 268: Subtask ingest
[2025-04-08T09:01:50.615+0000] {task_command.py:467} INFO - Running <TaskInstance: air_ingestion_dag.ingest scheduled__2025-04-08T08:00:00+00:00 [running]> on host 242fb041fbeb
[2025-04-08T09:01:50.688+0000] {taskinstance.py:3134} INFO - Exporting env vars: AIRFLOW_CTX_DAG_OWNER='beni' AIRFLOW_CTX_DAG_ID='air_ingestion_dag' AIRFLOW_CTX_TASK_ID='ingest' AIRFLOW_CTX_EXECUTION_DATE='2025-04-08T08:00:00+00:00' AIRFLOW_CTX_TRY_NUMBER='1' AIRFLOW_CTX_DAG_RUN_ID='scheduled__2025-04-08T08:00:00+00:00'
[2025-04-08T09:01:50.689+0000] {taskinstance.py:732} INFO - ::endgroup::
[2025-04-08T09:01:51.231+0000] {logging_mixin.py:190} INFO - ✅ Saved: gs://gooutside-raw/air/bamberg/2025-04-08T0500.json
[2025-04-08T09:01:51.578+0000] {logging_mixin.py:190} INFO - ✅ Saved: gs://gooutside-raw/air/bamberg/2025-04-08T0600.json
[2025-04-08T09:01:51.579+0000] {python.py:240} INFO - Done. Returned value was: None
[2025-04-08T09:01:51.597+0000] {taskinstance.py:341} INFO - ::group::Post task execution logs
[2025-04-08T09:01:51.597+0000] {taskinstance.py:353} INFO - Marking task as SUCCESS. dag_id=air_ingestion_dag, task_id=ingest, run_id=scheduled__2025-04-08T08:00:00+00:00, execution_date=20250408T080000, start_date=20250408T090150, end_date=20250408T090151
[2025-04-08T09:01:51.644+0000] {local_task_job_runner.py:266} INFO - Task exited with return code 0
[2025-04-08T09:01:51.655+0000] {taskinstance.py:3901} INFO - 0 downstream tasks scheduled from follow-on schedule check
[2025-04-08T09:01:51.656+0000] {local_task_job_runner.py:245} INFO - ::endgroup::
[2025-04-08T17:20:53.104+0000] {local_task_job_runner.py:123} INFO - ::group::Pre task execution logs
[2025-04-08T17:20:53.127+0000] {taskinstance.py:2614} INFO - Dependencies all met for dep_context=non-requeueable deps ti=<TaskInstance: air_ingestion_dag.ingest scheduled__2025-04-08T08:00:00+00:00 [queued]>
[2025-04-08T17:20:53.139+0000] {taskinstance.py:2614} INFO - Dependencies all met for dep_context=requeueable deps ti=<TaskInstance: air_ingestion_dag.ingest scheduled__2025-04-08T08:00:00+00:00 [queued]>
[2025-04-08T17:20:53.140+0000] {taskinstance.py:2867} INFO - Starting attempt 1 of 2
[2025-04-08T17:20:53.152+0000] {taskinstance.py:2890} INFO - Executing <Task(_PythonDecoratedOperator): ingest> on 2025-04-08 08:00:00+00:00
[2025-04-08T17:20:53.159+0000] {warnings.py:112} WARNING - /home/***/.local/lib/python3.12/site-packages/***/task/task_runner/standard_task_runner.py:70: DeprecationWarning: This process (pid=157) is multi-threaded, use of fork() may lead to deadlocks in the child.
  pid = os.fork()

[2025-04-08T17:20:53.163+0000] {standard_task_runner.py:72} INFO - Started process 161 to run task
[2025-04-08T17:20:53.161+0000] {standard_task_runner.py:104} INFO - Running: ['***', 'tasks', 'run', 'air_ingestion_dag', 'ingest', 'scheduled__2025-04-08T08:00:00+00:00', '--job-id', '431', '--raw', '--subdir', 'DAGS_FOLDER/air_ingestion_dag.py', '--cfg-path', '/tmp/tmpphzcutkb']
[2025-04-08T17:20:53.164+0000] {standard_task_runner.py:105} INFO - Job 431: Subtask ingest
[2025-04-08T17:20:53.299+0000] {task_command.py:467} INFO - Running <TaskInstance: air_ingestion_dag.ingest scheduled__2025-04-08T08:00:00+00:00 [running]> on host 48eda3218d1e
[2025-04-08T17:20:53.409+0000] {taskinstance.py:3134} INFO - Exporting env vars: AIRFLOW_CTX_DAG_OWNER='beni' AIRFLOW_CTX_DAG_ID='air_ingestion_dag' AIRFLOW_CTX_TASK_ID='ingest' AIRFLOW_CTX_EXECUTION_DATE='2025-04-08T08:00:00+00:00' AIRFLOW_CTX_TRY_NUMBER='1' AIRFLOW_CTX_DAG_RUN_ID='scheduled__2025-04-08T08:00:00+00:00'
[2025-04-08T17:20:53.410+0000] {taskinstance.py:732} INFO - ::endgroup::
[2025-04-08T17:20:53.414+0000] {logging_mixin.py:190} INFO - ⏰ Running for local time: 2025-04-08T10:00:00+02:00 (UTC: 2025-04-08T08:00:00+00:00)
[2025-04-08T17:20:54.050+0000] {logging_mixin.py:190} INFO - ✅ Saved: gs://gooutside-raw/air/bamberg/2025-04-08T0600.json
[2025-04-08T17:20:54.431+0000] {logging_mixin.py:190} INFO - ✅ Saved: gs://gooutside-raw/air/bamberg/2025-04-08T0700.json
[2025-04-08T17:20:54.772+0000] {logging_mixin.py:190} INFO - ✅ Saved: gs://gooutside-raw/air/bamberg/2025-04-08T0800.json
[2025-04-08T17:20:55.106+0000] {logging_mixin.py:190} INFO - ✅ Saved: gs://gooutside-raw/air/bamberg/2025-04-08T0900.json
[2025-04-08T17:20:55.455+0000] {logging_mixin.py:190} INFO - ✅ Saved: gs://gooutside-raw/air/bamberg/2025-04-08T1000.json
[2025-04-08T17:20:55.881+0000] {logging_mixin.py:190} INFO - ✅ Saved: gs://gooutside-raw/air/bamberg/2025-04-08T1100.json
[2025-04-08T17:20:56.231+0000] {logging_mixin.py:190} INFO - ✅ Saved: gs://gooutside-raw/air/bamberg/2025-04-08T1200.json
[2025-04-08T17:20:56.642+0000] {logging_mixin.py:190} INFO - ✅ Saved: gs://gooutside-raw/air/bamberg/2025-04-08T1300.json
[2025-04-08T17:20:57.004+0000] {logging_mixin.py:190} INFO - ✅ Saved: gs://gooutside-raw/air/bamberg/2025-04-08T1400.json
[2025-04-08T17:20:57.360+0000] {logging_mixin.py:190} INFO - ✅ Saved: gs://gooutside-raw/air/bamberg/2025-04-08T1500.json
[2025-04-08T17:20:57.717+0000] {logging_mixin.py:190} INFO - ✅ Saved: gs://gooutside-raw/air/bamberg/2025-04-08T1600.json
[2025-04-08T17:20:57.717+0000] {python.py:240} INFO - Done. Returned value was: None
[2025-04-08T17:20:57.726+0000] {taskinstance.py:341} INFO - ::group::Post task execution logs
[2025-04-08T17:20:57.726+0000] {taskinstance.py:353} INFO - Marking task as SUCCESS. dag_id=air_ingestion_dag, task_id=ingest, run_id=scheduled__2025-04-08T08:00:00+00:00, execution_date=20250408T080000, start_date=20250408T172053, end_date=20250408T172057
[2025-04-08T17:20:57.761+0000] {local_task_job_runner.py:266} INFO - Task exited with return code 0
[2025-04-08T17:20:57.773+0000] {taskinstance.py:3901} INFO - 0 downstream tasks scheduled from follow-on schedule check
[2025-04-08T17:20:57.773+0000] {local_task_job_runner.py:245} INFO - ::endgroup::
