[2025-04-14T08:00:01.274+0000] {local_task_job_runner.py:123} INFO - ::group::Pre task execution logs
[2025-04-14T08:00:01.296+0000] {taskinstance.py:2614} INFO - Dependencies all met for dep_context=non-requeueable deps ti=<TaskInstance: air_ingestion_dag.ingest scheduled__2025-04-14T07:00:00+00:00 [queued]>
[2025-04-14T08:00:01.302+0000] {taskinstance.py:2614} INFO - Dependencies all met for dep_context=requeueable deps ti=<TaskInstance: air_ingestion_dag.ingest scheduled__2025-04-14T07:00:00+00:00 [queued]>
[2025-04-14T08:00:01.302+0000] {taskinstance.py:2867} INFO - Starting attempt 1 of 2
[2025-04-14T08:00:01.309+0000] {taskinstance.py:2890} INFO - Executing <Task(_PythonDecoratedOperator): ingest> on 2025-04-14 07:00:00+00:00
[2025-04-14T08:00:01.313+0000] {warnings.py:112} WARNING - /home/***/.local/lib/python3.12/site-packages/***/task/task_runner/standard_task_runner.py:70: DeprecationWarning: This process (pid=715) is multi-threaded, use of fork() may lead to deadlocks in the child.
  pid = os.fork()

[2025-04-14T08:00:01.315+0000] {standard_task_runner.py:72} INFO - Started process 719 to run task
[2025-04-14T08:00:01.314+0000] {standard_task_runner.py:104} INFO - Running: ['***', 'tasks', 'run', 'air_ingestion_dag', 'ingest', 'scheduled__2025-04-14T07:00:00+00:00', '--job-id', '989', '--raw', '--subdir', 'DAGS_FOLDER/air_ingestion_dag.py', '--cfg-path', '/tmp/tmp3u69etr4']
[2025-04-14T08:00:01.317+0000] {standard_task_runner.py:105} INFO - Job 989: Subtask ingest
[2025-04-14T08:00:01.385+0000] {task_command.py:467} INFO - Running <TaskInstance: air_ingestion_dag.ingest scheduled__2025-04-14T07:00:00+00:00 [running]> on host caedfbfc7792
[2025-04-14T08:00:01.469+0000] {taskinstance.py:3134} INFO - Exporting env vars: AIRFLOW_CTX_DAG_OWNER='beni' AIRFLOW_CTX_DAG_ID='air_ingestion_dag' AIRFLOW_CTX_TASK_ID='ingest' AIRFLOW_CTX_EXECUTION_DATE='2025-04-14T07:00:00+00:00' AIRFLOW_CTX_TRY_NUMBER='1' AIRFLOW_CTX_DAG_RUN_ID='scheduled__2025-04-14T07:00:00+00:00'
[2025-04-14T08:00:01.472+0000] {taskinstance.py:732} INFO - ::endgroup::
[2025-04-14T08:00:01.474+0000] {air_ingestion_dag.py:30} INFO - 📅 Fetching UBA data for MEZ day: 2025-04-14
[2025-04-14T08:00:01.685+0000] {air_ingestion_dag.py:40} INFO - 📦 Parsed 0 entries
[2025-04-14T08:00:01.685+0000] {python.py:240} INFO - Done. Returned value was: None
[2025-04-14T08:00:01.710+0000] {taskinstance.py:341} INFO - ::group::Post task execution logs
[2025-04-14T08:00:01.711+0000] {taskinstance.py:353} INFO - Marking task as SUCCESS. dag_id=air_ingestion_dag, task_id=ingest, run_id=scheduled__2025-04-14T07:00:00+00:00, execution_date=20250414T070000, start_date=20250414T080001, end_date=20250414T080001
[2025-04-14T08:00:01.790+0000] {local_task_job_runner.py:266} INFO - Task exited with return code 0
[2025-04-14T08:00:01.805+0000] {taskinstance.py:3901} INFO - 0 downstream tasks scheduled from follow-on schedule check
[2025-04-14T08:00:01.806+0000] {local_task_job_runner.py:245} INFO - ::endgroup::
