[2025-04-13T20:08:45.664+0000] {local_task_job_runner.py:123} INFO - ::group::Pre task execution logs
[2025-04-13T20:08:45.696+0000] {taskinstance.py:2614} INFO - Dependencies all met for dep_context=non-requeueable deps ti=<TaskInstance: air_ingestion_dag.ingest scheduled__2025-04-13T19:00:00+00:00 [queued]>
[2025-04-13T20:08:45.702+0000] {taskinstance.py:2614} INFO - Dependencies all met for dep_context=requeueable deps ti=<TaskInstance: air_ingestion_dag.ingest scheduled__2025-04-13T19:00:00+00:00 [queued]>
[2025-04-13T20:08:45.703+0000] {taskinstance.py:2867} INFO - Starting attempt 1 of 2
[2025-04-13T20:08:45.716+0000] {taskinstance.py:2890} INFO - Executing <Task(_PythonDecoratedOperator): ingest> on 2025-04-13 19:00:00+00:00
[2025-04-13T20:08:45.720+0000] {warnings.py:112} WARNING - /home/***/.local/lib/python3.12/site-packages/***/task/task_runner/standard_task_runner.py:70: DeprecationWarning: This process (pid=563) is multi-threaded, use of fork() may lead to deadlocks in the child.
  pid = os.fork()

[2025-04-13T20:08:45.722+0000] {standard_task_runner.py:72} INFO - Started process 569 to run task
[2025-04-13T20:08:45.724+0000] {standard_task_runner.py:104} INFO - Running: ['***', 'tasks', 'run', 'air_ingestion_dag', 'ingest', 'scheduled__2025-04-13T19:00:00+00:00', '--job-id', '939', '--raw', '--subdir', 'DAGS_FOLDER/air_ingestion_dag.py', '--cfg-path', '/tmp/tmpx8fig6zc']
[2025-04-13T20:08:45.727+0000] {standard_task_runner.py:105} INFO - Job 939: Subtask ingest
[2025-04-13T20:08:45.777+0000] {task_command.py:467} INFO - Running <TaskInstance: air_ingestion_dag.ingest scheduled__2025-04-13T19:00:00+00:00 [running]> on host caedfbfc7792
[2025-04-13T20:08:45.835+0000] {taskinstance.py:3134} INFO - Exporting env vars: AIRFLOW_CTX_DAG_OWNER='beni' AIRFLOW_CTX_DAG_ID='air_ingestion_dag' AIRFLOW_CTX_TASK_ID='ingest' AIRFLOW_CTX_EXECUTION_DATE='2025-04-13T19:00:00+00:00' AIRFLOW_CTX_TRY_NUMBER='1' AIRFLOW_CTX_DAG_RUN_ID='scheduled__2025-04-13T19:00:00+00:00'
[2025-04-13T20:08:45.836+0000] {taskinstance.py:732} INFO - ::endgroup::
[2025-04-13T20:08:45.838+0000] {air_ingestion_dag.py:30} INFO - 📅 Fetching UBA data for MEZ day: 2025-04-13
[2025-04-13T20:08:46.048+0000] {air_ingestion_dag.py:40} INFO - 📦 Parsed 13 entries
[2025-04-13T20:08:46.048+0000] {air_ingestion_dag.py:43} INFO - 💾 Saving air entry for 2025-04-13T04:00:00+00:00
[2025-04-13T20:08:46.435+0000] {logging_mixin.py:190} INFO - ✅ Saved: gs://gooutside-raw/air/bamberg/2025-04-13T0400.json
[2025-04-13T20:08:46.435+0000] {air_ingestion_dag.py:43} INFO - 💾 Saving air entry for 2025-04-13T05:00:00+00:00
[2025-04-13T20:08:46.810+0000] {logging_mixin.py:190} INFO - ✅ Saved: gs://gooutside-raw/air/bamberg/2025-04-13T0500.json
[2025-04-13T20:08:46.810+0000] {air_ingestion_dag.py:43} INFO - 💾 Saving air entry for 2025-04-13T06:00:00+00:00
[2025-04-13T20:08:47.184+0000] {logging_mixin.py:190} INFO - ✅ Saved: gs://gooutside-raw/air/bamberg/2025-04-13T0600.json
[2025-04-13T20:08:47.185+0000] {air_ingestion_dag.py:43} INFO - 💾 Saving air entry for 2025-04-13T07:00:00+00:00
[2025-04-13T20:08:47.596+0000] {logging_mixin.py:190} INFO - ✅ Saved: gs://gooutside-raw/air/bamberg/2025-04-13T0700.json
[2025-04-13T20:08:47.600+0000] {air_ingestion_dag.py:43} INFO - 💾 Saving air entry for 2025-04-13T08:00:00+00:00
[2025-04-13T20:08:47.970+0000] {logging_mixin.py:190} INFO - ✅ Saved: gs://gooutside-raw/air/bamberg/2025-04-13T0800.json
[2025-04-13T20:08:47.971+0000] {air_ingestion_dag.py:43} INFO - 💾 Saving air entry for 2025-04-13T09:00:00+00:00
[2025-04-13T20:08:48.355+0000] {logging_mixin.py:190} INFO - ✅ Saved: gs://gooutside-raw/air/bamberg/2025-04-13T0900.json
[2025-04-13T20:08:48.356+0000] {air_ingestion_dag.py:43} INFO - 💾 Saving air entry for 2025-04-13T10:00:00+00:00
[2025-04-13T20:08:48.734+0000] {logging_mixin.py:190} INFO - ✅ Saved: gs://gooutside-raw/air/bamberg/2025-04-13T1000.json
[2025-04-13T20:08:48.736+0000] {air_ingestion_dag.py:43} INFO - 💾 Saving air entry for 2025-04-13T11:00:00+00:00
[2025-04-13T20:08:49.143+0000] {logging_mixin.py:190} INFO - ✅ Saved: gs://gooutside-raw/air/bamberg/2025-04-13T1100.json
[2025-04-13T20:08:49.151+0000] {air_ingestion_dag.py:43} INFO - 💾 Saving air entry for 2025-04-13T12:00:00+00:00
[2025-04-13T20:08:49.511+0000] {logging_mixin.py:190} INFO - ✅ Saved: gs://gooutside-raw/air/bamberg/2025-04-13T1200.json
[2025-04-13T20:08:49.517+0000] {air_ingestion_dag.py:43} INFO - 💾 Saving air entry for 2025-04-13T13:00:00+00:00
[2025-04-13T20:08:49.903+0000] {logging_mixin.py:190} INFO - ✅ Saved: gs://gooutside-raw/air/bamberg/2025-04-13T1300.json
[2025-04-13T20:08:49.905+0000] {air_ingestion_dag.py:43} INFO - 💾 Saving air entry for 2025-04-13T14:00:00+00:00
[2025-04-13T20:08:50.299+0000] {logging_mixin.py:190} INFO - ✅ Saved: gs://gooutside-raw/air/bamberg/2025-04-13T1400.json
[2025-04-13T20:08:50.303+0000] {air_ingestion_dag.py:43} INFO - 💾 Saving air entry for 2025-04-13T15:00:00+00:00
[2025-04-13T20:08:50.666+0000] {logging_mixin.py:190} INFO - ✅ Saved: gs://gooutside-raw/air/bamberg/2025-04-13T1500.json
[2025-04-13T20:08:50.668+0000] {air_ingestion_dag.py:43} INFO - 💾 Saving air entry for 2025-04-13T16:00:00+00:00
[2025-04-13T20:08:51.066+0000] {logging_mixin.py:190} INFO - ✅ Saved: gs://gooutside-raw/air/bamberg/2025-04-13T1600.json
[2025-04-13T20:08:51.066+0000] {python.py:240} INFO - Done. Returned value was: None
[2025-04-13T20:08:51.077+0000] {taskinstance.py:341} INFO - ::group::Post task execution logs
[2025-04-13T20:08:51.078+0000] {taskinstance.py:353} INFO - Marking task as SUCCESS. dag_id=air_ingestion_dag, task_id=ingest, run_id=scheduled__2025-04-13T19:00:00+00:00, execution_date=20250413T190000, start_date=20250413T200845, end_date=20250413T200851
[2025-04-13T20:08:51.114+0000] {local_task_job_runner.py:266} INFO - Task exited with return code 0
[2025-04-13T20:08:51.132+0000] {taskinstance.py:3901} INFO - 0 downstream tasks scheduled from follow-on schedule check
[2025-04-13T20:08:51.133+0000] {local_task_job_runner.py:245} INFO - ::endgroup::
