[2025-04-08T04:39:52.511+0000] {local_task_job_runner.py:123} INFO - ::group::Pre task execution logs
[2025-04-08T04:39:52.525+0000] {taskinstance.py:2614} INFO - Dependencies all met for dep_context=non-requeueable deps ti=<TaskInstance: weather_ingestion_dag.ingest scheduled__2025-04-08T03:00:00+00:00 [queued]>
[2025-04-08T04:39:52.530+0000] {taskinstance.py:2614} INFO - Dependencies all met for dep_context=requeueable deps ti=<TaskInstance: weather_ingestion_dag.ingest scheduled__2025-04-08T03:00:00+00:00 [queued]>
[2025-04-08T04:39:52.531+0000] {taskinstance.py:2867} INFO - Starting attempt 1 of 2
[2025-04-08T04:39:52.540+0000] {taskinstance.py:2890} INFO - Executing <Task(_PythonDecoratedOperator): ingest> on 2025-04-08 03:00:00+00:00
[2025-04-08T04:39:52.545+0000] {warnings.py:112} WARNING - /home/***/.local/lib/python3.12/site-packages/***/task/task_runner/standard_task_runner.py:70: DeprecationWarning: This process (pid=146) is multi-threaded, use of fork() may lead to deadlocks in the child.
  pid = os.fork()

[2025-04-08T04:39:52.546+0000] {standard_task_runner.py:72} INFO - Started process 149 to run task
[2025-04-08T04:39:52.546+0000] {standard_task_runner.py:104} INFO - Running: ['***', 'tasks', 'run', 'weather_ingestion_dag', 'ingest', 'scheduled__2025-04-08T03:00:00+00:00', '--job-id', '256', '--raw', '--subdir', 'DAGS_FOLDER/weather_ingestion_dag.py', '--cfg-path', '/tmp/tmpxtzunqwa']
[2025-04-08T04:39:52.548+0000] {standard_task_runner.py:105} INFO - Job 256: Subtask ingest
[2025-04-08T04:39:52.580+0000] {task_command.py:467} INFO - Running <TaskInstance: weather_ingestion_dag.ingest scheduled__2025-04-08T03:00:00+00:00 [running]> on host 242fb041fbeb
[2025-04-08T04:39:52.633+0000] {taskinstance.py:3134} INFO - Exporting env vars: AIRFLOW_CTX_DAG_OWNER='beni' AIRFLOW_CTX_DAG_ID='weather_ingestion_dag' AIRFLOW_CTX_TASK_ID='ingest' AIRFLOW_CTX_EXECUTION_DATE='2025-04-08T03:00:00+00:00' AIRFLOW_CTX_TRY_NUMBER='1' AIRFLOW_CTX_DAG_RUN_ID='scheduled__2025-04-08T03:00:00+00:00'
[2025-04-08T04:39:52.634+0000] {taskinstance.py:732} INFO - ::endgroup::
[2025-04-08T04:39:53.186+0000] {logging_mixin.py:190} INFO - ✅ Saved: gs://gooutside-raw/weather/bamberg/2025-04-08T06:00:00+02:00.json
[2025-04-08T04:39:53.532+0000] {logging_mixin.py:190} INFO - ✅ Saved: gs://gooutside-raw/weather/bamberg/2025-04-08T07:00:00+02:00.json
[2025-04-08T04:39:53.883+0000] {logging_mixin.py:190} INFO - ✅ Saved: gs://gooutside-raw/weather/bamberg/2025-04-08T08:00:00+02:00.json
[2025-04-08T04:39:54.257+0000] {logging_mixin.py:190} INFO - ✅ Saved: gs://gooutside-raw/weather/bamberg/2025-04-08T09:00:00+02:00.json
[2025-04-08T04:39:54.601+0000] {logging_mixin.py:190} INFO - ✅ Saved: gs://gooutside-raw/weather/bamberg/2025-04-08T10:00:00+02:00.json
[2025-04-08T04:39:54.953+0000] {logging_mixin.py:190} INFO - ✅ Saved: gs://gooutside-raw/weather/bamberg/2025-04-08T11:00:00+02:00.json
[2025-04-08T04:39:55.318+0000] {logging_mixin.py:190} INFO - ✅ Saved: gs://gooutside-raw/weather/bamberg/2025-04-08T12:00:00+02:00.json
[2025-04-08T04:39:55.681+0000] {logging_mixin.py:190} INFO - ✅ Saved: gs://gooutside-raw/weather/bamberg/2025-04-08T13:00:00+02:00.json
[2025-04-08T04:39:56.105+0000] {logging_mixin.py:190} INFO - ✅ Saved: gs://gooutside-raw/weather/bamberg/2025-04-08T14:00:00+02:00.json
[2025-04-08T04:39:56.465+0000] {logging_mixin.py:190} INFO - ✅ Saved: gs://gooutside-raw/weather/bamberg/2025-04-08T15:00:00+02:00.json
[2025-04-08T04:39:56.822+0000] {logging_mixin.py:190} INFO - ✅ Saved: gs://gooutside-raw/weather/bamberg/2025-04-08T16:00:00+02:00.json
[2025-04-08T04:39:57.237+0000] {logging_mixin.py:190} INFO - ✅ Saved: gs://gooutside-raw/weather/bamberg/2025-04-08T17:00:00+02:00.json
[2025-04-08T04:39:57.582+0000] {logging_mixin.py:190} INFO - ✅ Saved: gs://gooutside-raw/weather/bamberg/2025-04-08T18:00:00+02:00.json
[2025-04-08T04:39:57.584+0000] {python.py:240} INFO - Done. Returned value was: None
[2025-04-08T04:39:57.595+0000] {taskinstance.py:341} INFO - ::group::Post task execution logs
[2025-04-08T04:39:57.595+0000] {taskinstance.py:353} INFO - Marking task as SUCCESS. dag_id=weather_ingestion_dag, task_id=ingest, run_id=scheduled__2025-04-08T03:00:00+00:00, execution_date=20250408T030000, start_date=20250408T043952, end_date=20250408T043957
[2025-04-08T04:39:57.644+0000] {local_task_job_runner.py:266} INFO - Task exited with return code 0
[2025-04-08T04:39:57.654+0000] {taskinstance.py:3901} INFO - 0 downstream tasks scheduled from follow-on schedule check
[2025-04-08T04:39:57.654+0000] {local_task_job_runner.py:245} INFO - ::endgroup::
