[2025-04-07T17:11:19.262+0000] {local_task_job_runner.py:123} INFO - ::group::Pre task execution logs
[2025-04-07T17:11:19.280+0000] {taskinstance.py:2614} INFO - Dependencies all met for dep_context=non-requeueable deps ti=<TaskInstance: air_ingestion_dag.ingest scheduled__2025-04-07T16:00:00+00:00 [queued]>
[2025-04-07T17:11:19.287+0000] {taskinstance.py:2614} INFO - Dependencies all met for dep_context=requeueable deps ti=<TaskInstance: air_ingestion_dag.ingest scheduled__2025-04-07T16:00:00+00:00 [queued]>
[2025-04-07T17:11:19.288+0000] {taskinstance.py:2867} INFO - Starting attempt 1 of 2
[2025-04-07T17:11:19.299+0000] {taskinstance.py:2890} INFO - Executing <Task(_PythonDecoratedOperator): ingest> on 2025-04-07 16:00:00+00:00
[2025-04-07T17:11:19.310+0000] {warnings.py:112} WARNING - /home/***/.local/lib/python3.12/site-packages/***/task/task_runner/standard_task_runner.py:70: DeprecationWarning: This process (pid=64) is multi-threaded, use of fork() may lead to deadlocks in the child.
  pid = os.fork()

[2025-04-07T17:11:19.314+0000] {standard_task_runner.py:72} INFO - Started process 66 to run task
[2025-04-07T17:11:19.315+0000] {standard_task_runner.py:104} INFO - Running: ['***', 'tasks', 'run', 'air_ingestion_dag', 'ingest', 'scheduled__2025-04-07T16:00:00+00:00', '--job-id', '229', '--raw', '--subdir', 'DAGS_FOLDER/air_ingestion_dag.py', '--cfg-path', '/tmp/tmp7ww5wanp']
[2025-04-07T17:11:19.324+0000] {standard_task_runner.py:105} INFO - Job 229: Subtask ingest
[2025-04-07T17:11:19.389+0000] {task_command.py:467} INFO - Running <TaskInstance: air_ingestion_dag.ingest scheduled__2025-04-07T16:00:00+00:00 [running]> on host 242fb041fbeb
[2025-04-07T17:11:19.449+0000] {taskinstance.py:3134} INFO - Exporting env vars: AIRFLOW_CTX_DAG_OWNER='beni' AIRFLOW_CTX_DAG_ID='air_ingestion_dag' AIRFLOW_CTX_TASK_ID='ingest' AIRFLOW_CTX_EXECUTION_DATE='2025-04-07T16:00:00+00:00' AIRFLOW_CTX_TRY_NUMBER='1' AIRFLOW_CTX_DAG_RUN_ID='scheduled__2025-04-07T16:00:00+00:00'
[2025-04-07T17:11:19.450+0000] {taskinstance.py:732} INFO - ::endgroup::
[2025-04-07T17:11:20.043+0000] {logging_mixin.py:190} INFO - ✅ Saved: gs://gooutside-raw/air/bamberg/2025-04-07T0500.json
[2025-04-07T17:11:20.424+0000] {logging_mixin.py:190} INFO - ✅ Saved: gs://gooutside-raw/air/bamberg/2025-04-07T0600.json
[2025-04-07T17:11:20.807+0000] {logging_mixin.py:190} INFO - ✅ Saved: gs://gooutside-raw/air/bamberg/2025-04-07T0700.json
[2025-04-07T17:11:21.185+0000] {logging_mixin.py:190} INFO - ✅ Saved: gs://gooutside-raw/air/bamberg/2025-04-07T0800.json
[2025-04-07T17:11:21.564+0000] {logging_mixin.py:190} INFO - ✅ Saved: gs://gooutside-raw/air/bamberg/2025-04-07T0900.json
[2025-04-07T17:11:21.940+0000] {logging_mixin.py:190} INFO - ✅ Saved: gs://gooutside-raw/air/bamberg/2025-04-07T1000.json
[2025-04-07T17:11:22.317+0000] {logging_mixin.py:190} INFO - ✅ Saved: gs://gooutside-raw/air/bamberg/2025-04-07T1100.json
[2025-04-07T17:11:22.676+0000] {logging_mixin.py:190} INFO - ✅ Saved: gs://gooutside-raw/air/bamberg/2025-04-07T1200.json
[2025-04-07T17:11:23.049+0000] {logging_mixin.py:190} INFO - ✅ Saved: gs://gooutside-raw/air/bamberg/2025-04-07T1300.json
[2025-04-07T17:11:23.432+0000] {logging_mixin.py:190} INFO - ✅ Saved: gs://gooutside-raw/air/bamberg/2025-04-07T1400.json
[2025-04-07T17:11:23.792+0000] {logging_mixin.py:190} INFO - ✅ Saved: gs://gooutside-raw/air/bamberg/2025-04-07T1500.json
[2025-04-07T17:11:23.793+0000] {python.py:240} INFO - Done. Returned value was: None
[2025-04-07T17:11:23.808+0000] {taskinstance.py:341} INFO - ::group::Post task execution logs
[2025-04-07T17:11:23.809+0000] {taskinstance.py:353} INFO - Marking task as SUCCESS. dag_id=air_ingestion_dag, task_id=ingest, run_id=scheduled__2025-04-07T16:00:00+00:00, execution_date=20250407T160000, start_date=20250407T171119, end_date=20250407T171123
[2025-04-07T17:11:23.868+0000] {local_task_job_runner.py:266} INFO - Task exited with return code 0
[2025-04-07T17:11:23.884+0000] {taskinstance.py:3901} INFO - 0 downstream tasks scheduled from follow-on schedule check
[2025-04-07T17:11:23.887+0000] {local_task_job_runner.py:245} INFO - ::endgroup::
