[2025-03-27T10:05:36.968+0000] {processor.py:186} INFO - Started process (PID=74) to work on /home/airflow/.local/lib/python3.12/site-packages/airflow/example_dags/example_branch_labels.py
[2025-03-27T10:05:36.969+0000] {processor.py:914} INFO - Processing file /home/airflow/.local/lib/python3.12/site-packages/airflow/example_dags/example_branch_labels.py for tasks to queue
[2025-03-27T10:05:36.971+0000] {logging_mixin.py:190} INFO - [2025-03-27T10:05:36.971+0000] {dagbag.py:588} INFO - Filling up the DagBag from /home/airflow/.local/lib/python3.12/site-packages/airflow/example_dags/example_branch_labels.py
[2025-03-27T10:05:36.978+0000] {processor.py:925} INFO - DAG(s) 'example_branch_labels' retrieved from /home/airflow/.local/lib/python3.12/site-packages/airflow/example_dags/example_branch_labels.py
[2025-03-27T10:05:37.041+0000] {logging_mixin.py:190} INFO - [2025-03-27T10:05:37.040+0000] {override.py:1912} INFO - Created Permission View: can read on DAG:example_branch_labels
[2025-03-27T10:05:37.047+0000] {logging_mixin.py:190} INFO - [2025-03-27T10:05:37.046+0000] {override.py:1912} INFO - Created Permission View: can delete on DAG:example_branch_labels
[2025-03-27T10:05:37.050+0000] {logging_mixin.py:190} INFO - [2025-03-27T10:05:37.050+0000] {override.py:1912} INFO - Created Permission View: can edit on DAG:example_branch_labels
[2025-03-27T10:05:37.054+0000] {logging_mixin.py:190} INFO - [2025-03-27T10:05:37.054+0000] {override.py:1912} INFO - Created Permission View: can read on DAG Run:example_branch_labels
[2025-03-27T10:05:37.058+0000] {logging_mixin.py:190} INFO - [2025-03-27T10:05:37.058+0000] {override.py:1912} INFO - Created Permission View: can delete on DAG Run:example_branch_labels
[2025-03-27T10:05:37.063+0000] {logging_mixin.py:190} INFO - [2025-03-27T10:05:37.063+0000] {override.py:1912} INFO - Created Permission View: can create on DAG Run:example_branch_labels
[2025-03-27T10:05:37.067+0000] {logging_mixin.py:190} INFO - [2025-03-27T10:05:37.066+0000] {override.py:1912} INFO - Created Permission View: menu access on DAG Run:example_branch_labels
[2025-03-27T10:05:37.067+0000] {logging_mixin.py:190} INFO - [2025-03-27T10:05:37.067+0000] {dag.py:3239} INFO - Sync 1 DAGs
[2025-03-27T10:05:37.074+0000] {logging_mixin.py:190} INFO - [2025-03-27T10:05:37.073+0000] {dag.py:3262} INFO - Creating ORM DAG for example_branch_labels
[2025-03-27T10:05:37.079+0000] {logging_mixin.py:190} INFO - [2025-03-27T10:05:37.079+0000] {dag.py:4180} INFO - Setting next_dagrun for example_branch_labels to 2025-03-26 00:00:00+00:00, run_after=2025-03-27 00:00:00+00:00
[2025-03-27T10:05:37.088+0000] {processor.py:208} INFO - Processing /home/airflow/.local/lib/python3.12/site-packages/airflow/example_dags/example_branch_labels.py took 0.123 seconds
[2025-03-27T10:06:07.327+0000] {processor.py:186} INFO - Started process (PID=136) to work on /home/airflow/.local/lib/python3.12/site-packages/airflow/example_dags/example_branch_labels.py
[2025-03-27T10:06:07.327+0000] {processor.py:914} INFO - Processing file /home/airflow/.local/lib/python3.12/site-packages/airflow/example_dags/example_branch_labels.py for tasks to queue
[2025-03-27T10:06:07.328+0000] {logging_mixin.py:190} INFO - [2025-03-27T10:06:07.328+0000] {dagbag.py:588} INFO - Filling up the DagBag from /home/airflow/.local/lib/python3.12/site-packages/airflow/example_dags/example_branch_labels.py
[2025-03-27T10:06:07.333+0000] {processor.py:925} INFO - DAG(s) 'example_branch_labels' retrieved from /home/airflow/.local/lib/python3.12/site-packages/airflow/example_dags/example_branch_labels.py
[2025-03-27T10:06:07.346+0000] {logging_mixin.py:190} INFO - [2025-03-27T10:06:07.346+0000] {dag.py:3239} INFO - Sync 1 DAGs
[2025-03-27T10:06:07.367+0000] {logging_mixin.py:190} INFO - [2025-03-27T10:06:07.367+0000] {dag.py:4180} INFO - Setting next_dagrun for example_branch_labels to 2025-03-26 00:00:00+00:00, run_after=2025-03-27 00:00:00+00:00
[2025-03-27T10:06:07.377+0000] {processor.py:208} INFO - Processing /home/airflow/.local/lib/python3.12/site-packages/airflow/example_dags/example_branch_labels.py took 0.053 seconds
[2025-03-27T10:06:38.466+0000] {processor.py:186} INFO - Started process (PID=200) to work on /home/airflow/.local/lib/python3.12/site-packages/airflow/example_dags/example_branch_labels.py
[2025-03-27T10:06:38.467+0000] {processor.py:914} INFO - Processing file /home/airflow/.local/lib/python3.12/site-packages/airflow/example_dags/example_branch_labels.py for tasks to queue
[2025-03-27T10:06:38.468+0000] {logging_mixin.py:190} INFO - [2025-03-27T10:06:38.468+0000] {dagbag.py:588} INFO - Filling up the DagBag from /home/airflow/.local/lib/python3.12/site-packages/airflow/example_dags/example_branch_labels.py
[2025-03-27T10:06:38.474+0000] {processor.py:925} INFO - DAG(s) 'example_branch_labels' retrieved from /home/airflow/.local/lib/python3.12/site-packages/airflow/example_dags/example_branch_labels.py
[2025-03-27T10:06:38.486+0000] {logging_mixin.py:190} INFO - [2025-03-27T10:06:38.486+0000] {dag.py:3239} INFO - Sync 1 DAGs
[2025-03-27T10:06:38.555+0000] {logging_mixin.py:190} INFO - [2025-03-27T10:06:38.555+0000] {dag.py:4180} INFO - Setting next_dagrun for example_branch_labels to 2025-03-26 00:00:00+00:00, run_after=2025-03-27 00:00:00+00:00
[2025-03-27T10:06:38.642+0000] {processor.py:208} INFO - Processing /home/airflow/.local/lib/python3.12/site-packages/airflow/example_dags/example_branch_labels.py took 0.181 seconds
[2025-03-27T10:07:09.628+0000] {processor.py:186} INFO - Started process (PID=263) to work on /home/airflow/.local/lib/python3.12/site-packages/airflow/example_dags/example_branch_labels.py
[2025-03-27T10:07:09.629+0000] {processor.py:914} INFO - Processing file /home/airflow/.local/lib/python3.12/site-packages/airflow/example_dags/example_branch_labels.py for tasks to queue
[2025-03-27T10:07:09.630+0000] {logging_mixin.py:190} INFO - [2025-03-27T10:07:09.630+0000] {dagbag.py:588} INFO - Filling up the DagBag from /home/airflow/.local/lib/python3.12/site-packages/airflow/example_dags/example_branch_labels.py
[2025-03-27T10:07:09.638+0000] {processor.py:925} INFO - DAG(s) 'example_branch_labels' retrieved from /home/airflow/.local/lib/python3.12/site-packages/airflow/example_dags/example_branch_labels.py
[2025-03-27T10:07:09.651+0000] {logging_mixin.py:190} INFO - [2025-03-27T10:07:09.650+0000] {dag.py:3239} INFO - Sync 1 DAGs
[2025-03-27T10:07:09.663+0000] {logging_mixin.py:190} INFO - [2025-03-27T10:07:09.663+0000] {dag.py:4180} INFO - Setting next_dagrun for example_branch_labels to 2025-03-26 00:00:00+00:00, run_after=2025-03-27 00:00:00+00:00
[2025-03-27T10:07:09.673+0000] {processor.py:208} INFO - Processing /home/airflow/.local/lib/python3.12/site-packages/airflow/example_dags/example_branch_labels.py took 0.048 seconds
[2025-03-27T10:07:40.861+0000] {processor.py:186} INFO - Started process (PID=326) to work on /home/airflow/.local/lib/python3.12/site-packages/airflow/example_dags/example_branch_labels.py
[2025-03-27T10:07:40.861+0000] {processor.py:914} INFO - Processing file /home/airflow/.local/lib/python3.12/site-packages/airflow/example_dags/example_branch_labels.py for tasks to queue
[2025-03-27T10:07:40.862+0000] {logging_mixin.py:190} INFO - [2025-03-27T10:07:40.862+0000] {dagbag.py:588} INFO - Filling up the DagBag from /home/airflow/.local/lib/python3.12/site-packages/airflow/example_dags/example_branch_labels.py
[2025-03-27T10:07:40.867+0000] {processor.py:925} INFO - DAG(s) 'example_branch_labels' retrieved from /home/airflow/.local/lib/python3.12/site-packages/airflow/example_dags/example_branch_labels.py
[2025-03-27T10:07:40.877+0000] {logging_mixin.py:190} INFO - [2025-03-27T10:07:40.877+0000] {dag.py:3239} INFO - Sync 1 DAGs
[2025-03-27T10:07:40.888+0000] {logging_mixin.py:190} INFO - [2025-03-27T10:07:40.888+0000] {dag.py:4180} INFO - Setting next_dagrun for example_branch_labels to 2025-03-26 00:00:00+00:00, run_after=2025-03-27 00:00:00+00:00
[2025-03-27T10:07:40.896+0000] {processor.py:208} INFO - Processing /home/airflow/.local/lib/python3.12/site-packages/airflow/example_dags/example_branch_labels.py took 0.038 seconds
[2025-03-27T10:08:11.688+0000] {processor.py:186} INFO - Started process (PID=388) to work on /home/airflow/.local/lib/python3.12/site-packages/airflow/example_dags/example_branch_labels.py
[2025-03-27T10:08:11.689+0000] {processor.py:914} INFO - Processing file /home/airflow/.local/lib/python3.12/site-packages/airflow/example_dags/example_branch_labels.py for tasks to queue
[2025-03-27T10:08:11.690+0000] {logging_mixin.py:190} INFO - [2025-03-27T10:08:11.690+0000] {dagbag.py:588} INFO - Filling up the DagBag from /home/airflow/.local/lib/python3.12/site-packages/airflow/example_dags/example_branch_labels.py
[2025-03-27T10:08:11.695+0000] {processor.py:925} INFO - DAG(s) 'example_branch_labels' retrieved from /home/airflow/.local/lib/python3.12/site-packages/airflow/example_dags/example_branch_labels.py
[2025-03-27T10:08:11.706+0000] {logging_mixin.py:190} INFO - [2025-03-27T10:08:11.706+0000] {dag.py:3239} INFO - Sync 1 DAGs
[2025-03-27T10:08:11.717+0000] {logging_mixin.py:190} INFO - [2025-03-27T10:08:11.717+0000] {dag.py:4180} INFO - Setting next_dagrun for example_branch_labels to 2025-03-26 00:00:00+00:00, run_after=2025-03-27 00:00:00+00:00
[2025-03-27T10:08:11.727+0000] {processor.py:208} INFO - Processing /home/airflow/.local/lib/python3.12/site-packages/airflow/example_dags/example_branch_labels.py took 0.042 seconds
[2025-03-27T10:08:42.670+0000] {processor.py:186} INFO - Started process (PID=451) to work on /home/airflow/.local/lib/python3.12/site-packages/airflow/example_dags/example_branch_labels.py
[2025-03-27T10:08:42.671+0000] {processor.py:914} INFO - Processing file /home/airflow/.local/lib/python3.12/site-packages/airflow/example_dags/example_branch_labels.py for tasks to queue
[2025-03-27T10:08:42.672+0000] {logging_mixin.py:190} INFO - [2025-03-27T10:08:42.672+0000] {dagbag.py:588} INFO - Filling up the DagBag from /home/airflow/.local/lib/python3.12/site-packages/airflow/example_dags/example_branch_labels.py
[2025-03-27T10:08:42.677+0000] {processor.py:925} INFO - DAG(s) 'example_branch_labels' retrieved from /home/airflow/.local/lib/python3.12/site-packages/airflow/example_dags/example_branch_labels.py
[2025-03-27T10:08:42.687+0000] {logging_mixin.py:190} INFO - [2025-03-27T10:08:42.687+0000] {dag.py:3239} INFO - Sync 1 DAGs
[2025-03-27T10:08:42.698+0000] {logging_mixin.py:190} INFO - [2025-03-27T10:08:42.697+0000] {dag.py:4180} INFO - Setting next_dagrun for example_branch_labels to 2025-03-26 00:00:00+00:00, run_after=2025-03-27 00:00:00+00:00
[2025-03-27T10:08:42.706+0000] {processor.py:208} INFO - Processing /home/airflow/.local/lib/python3.12/site-packages/airflow/example_dags/example_branch_labels.py took 0.039 seconds
[2025-03-27T10:09:13.589+0000] {processor.py:186} INFO - Started process (PID=513) to work on /home/airflow/.local/lib/python3.12/site-packages/airflow/example_dags/example_branch_labels.py
[2025-03-27T10:09:13.589+0000] {processor.py:914} INFO - Processing file /home/airflow/.local/lib/python3.12/site-packages/airflow/example_dags/example_branch_labels.py for tasks to queue
[2025-03-27T10:09:13.591+0000] {logging_mixin.py:190} INFO - [2025-03-27T10:09:13.590+0000] {dagbag.py:588} INFO - Filling up the DagBag from /home/airflow/.local/lib/python3.12/site-packages/airflow/example_dags/example_branch_labels.py
[2025-03-27T10:09:13.597+0000] {processor.py:925} INFO - DAG(s) 'example_branch_labels' retrieved from /home/airflow/.local/lib/python3.12/site-packages/airflow/example_dags/example_branch_labels.py
[2025-03-27T10:09:13.608+0000] {logging_mixin.py:190} INFO - [2025-03-27T10:09:13.608+0000] {dag.py:3239} INFO - Sync 1 DAGs
[2025-03-27T10:09:13.619+0000] {logging_mixin.py:190} INFO - [2025-03-27T10:09:13.619+0000] {dag.py:4180} INFO - Setting next_dagrun for example_branch_labels to 2025-03-26 00:00:00+00:00, run_after=2025-03-27 00:00:00+00:00
[2025-03-27T10:09:13.628+0000] {processor.py:208} INFO - Processing /home/airflow/.local/lib/python3.12/site-packages/airflow/example_dags/example_branch_labels.py took 0.042 seconds
[2025-03-27T10:09:44.313+0000] {processor.py:186} INFO - Started process (PID=575) to work on /home/airflow/.local/lib/python3.12/site-packages/airflow/example_dags/example_branch_labels.py
[2025-03-27T10:09:44.314+0000] {processor.py:914} INFO - Processing file /home/airflow/.local/lib/python3.12/site-packages/airflow/example_dags/example_branch_labels.py for tasks to queue
[2025-03-27T10:09:44.316+0000] {logging_mixin.py:190} INFO - [2025-03-27T10:09:44.316+0000] {dagbag.py:588} INFO - Filling up the DagBag from /home/airflow/.local/lib/python3.12/site-packages/airflow/example_dags/example_branch_labels.py
[2025-03-27T10:09:44.321+0000] {processor.py:925} INFO - DAG(s) 'example_branch_labels' retrieved from /home/airflow/.local/lib/python3.12/site-packages/airflow/example_dags/example_branch_labels.py
[2025-03-27T10:09:44.336+0000] {logging_mixin.py:190} INFO - [2025-03-27T10:09:44.336+0000] {dag.py:3239} INFO - Sync 1 DAGs
[2025-03-27T10:09:44.349+0000] {logging_mixin.py:190} INFO - [2025-03-27T10:09:44.349+0000] {dag.py:4180} INFO - Setting next_dagrun for example_branch_labels to 2025-03-26 00:00:00+00:00, run_after=2025-03-27 00:00:00+00:00
[2025-03-27T10:09:44.358+0000] {processor.py:208} INFO - Processing /home/airflow/.local/lib/python3.12/site-packages/airflow/example_dags/example_branch_labels.py took 0.049 seconds
[2025-03-27T10:10:15.307+0000] {processor.py:186} INFO - Started process (PID=638) to work on /home/airflow/.local/lib/python3.12/site-packages/airflow/example_dags/example_branch_labels.py
[2025-03-27T10:10:15.309+0000] {processor.py:914} INFO - Processing file /home/airflow/.local/lib/python3.12/site-packages/airflow/example_dags/example_branch_labels.py for tasks to queue
[2025-03-27T10:10:15.312+0000] {logging_mixin.py:190} INFO - [2025-03-27T10:10:15.312+0000] {dagbag.py:588} INFO - Filling up the DagBag from /home/airflow/.local/lib/python3.12/site-packages/airflow/example_dags/example_branch_labels.py
[2025-03-27T10:10:15.320+0000] {processor.py:925} INFO - DAG(s) 'example_branch_labels' retrieved from /home/airflow/.local/lib/python3.12/site-packages/airflow/example_dags/example_branch_labels.py
[2025-03-27T10:10:15.333+0000] {logging_mixin.py:190} INFO - [2025-03-27T10:10:15.333+0000] {dag.py:3239} INFO - Sync 1 DAGs
[2025-03-27T10:10:15.347+0000] {logging_mixin.py:190} INFO - [2025-03-27T10:10:15.347+0000] {dag.py:4180} INFO - Setting next_dagrun for example_branch_labels to 2025-03-26 00:00:00+00:00, run_after=2025-03-27 00:00:00+00:00
[2025-03-27T10:10:15.363+0000] {processor.py:208} INFO - Processing /home/airflow/.local/lib/python3.12/site-packages/airflow/example_dags/example_branch_labels.py took 0.060 seconds
[2025-03-27T10:10:46.407+0000] {processor.py:186} INFO - Started process (PID=701) to work on /home/airflow/.local/lib/python3.12/site-packages/airflow/example_dags/example_branch_labels.py
[2025-03-27T10:10:46.411+0000] {processor.py:914} INFO - Processing file /home/airflow/.local/lib/python3.12/site-packages/airflow/example_dags/example_branch_labels.py for tasks to queue
[2025-03-27T10:10:46.413+0000] {logging_mixin.py:190} INFO - [2025-03-27T10:10:46.412+0000] {dagbag.py:588} INFO - Filling up the DagBag from /home/airflow/.local/lib/python3.12/site-packages/airflow/example_dags/example_branch_labels.py
[2025-03-27T10:10:46.418+0000] {processor.py:925} INFO - DAG(s) 'example_branch_labels' retrieved from /home/airflow/.local/lib/python3.12/site-packages/airflow/example_dags/example_branch_labels.py
[2025-03-27T10:10:46.430+0000] {logging_mixin.py:190} INFO - [2025-03-27T10:10:46.430+0000] {dag.py:3239} INFO - Sync 1 DAGs
[2025-03-27T10:10:46.442+0000] {logging_mixin.py:190} INFO - [2025-03-27T10:10:46.442+0000] {dag.py:4180} INFO - Setting next_dagrun for example_branch_labels to 2025-03-26 00:00:00+00:00, run_after=2025-03-27 00:00:00+00:00
[2025-03-27T10:10:46.450+0000] {processor.py:208} INFO - Processing /home/airflow/.local/lib/python3.12/site-packages/airflow/example_dags/example_branch_labels.py took 0.046 seconds
[2025-03-27T10:11:17.674+0000] {processor.py:186} INFO - Started process (PID=764) to work on /home/airflow/.local/lib/python3.12/site-packages/airflow/example_dags/example_branch_labels.py
[2025-03-27T10:11:17.676+0000] {processor.py:914} INFO - Processing file /home/airflow/.local/lib/python3.12/site-packages/airflow/example_dags/example_branch_labels.py for tasks to queue
[2025-03-27T10:11:17.678+0000] {logging_mixin.py:190} INFO - [2025-03-27T10:11:17.678+0000] {dagbag.py:588} INFO - Filling up the DagBag from /home/airflow/.local/lib/python3.12/site-packages/airflow/example_dags/example_branch_labels.py
[2025-03-27T10:11:17.685+0000] {processor.py:925} INFO - DAG(s) 'example_branch_labels' retrieved from /home/airflow/.local/lib/python3.12/site-packages/airflow/example_dags/example_branch_labels.py
[2025-03-27T10:11:17.699+0000] {logging_mixin.py:190} INFO - [2025-03-27T10:11:17.699+0000] {dag.py:3239} INFO - Sync 1 DAGs
[2025-03-27T10:11:17.716+0000] {logging_mixin.py:190} INFO - [2025-03-27T10:11:17.716+0000] {dag.py:4180} INFO - Setting next_dagrun for example_branch_labels to 2025-03-26 00:00:00+00:00, run_after=2025-03-27 00:00:00+00:00
[2025-03-27T10:11:17.727+0000] {processor.py:208} INFO - Processing /home/airflow/.local/lib/python3.12/site-packages/airflow/example_dags/example_branch_labels.py took 0.057 seconds
[2025-03-27T10:11:48.293+0000] {processor.py:186} INFO - Started process (PID=827) to work on /home/airflow/.local/lib/python3.12/site-packages/airflow/example_dags/example_branch_labels.py
[2025-03-27T10:11:48.293+0000] {processor.py:914} INFO - Processing file /home/airflow/.local/lib/python3.12/site-packages/airflow/example_dags/example_branch_labels.py for tasks to queue
[2025-03-27T10:11:48.294+0000] {logging_mixin.py:190} INFO - [2025-03-27T10:11:48.294+0000] {dagbag.py:588} INFO - Filling up the DagBag from /home/airflow/.local/lib/python3.12/site-packages/airflow/example_dags/example_branch_labels.py
[2025-03-27T10:11:48.299+0000] {processor.py:925} INFO - DAG(s) 'example_branch_labels' retrieved from /home/airflow/.local/lib/python3.12/site-packages/airflow/example_dags/example_branch_labels.py
[2025-03-27T10:11:48.309+0000] {logging_mixin.py:190} INFO - [2025-03-27T10:11:48.309+0000] {dag.py:3239} INFO - Sync 1 DAGs
[2025-03-27T10:11:48.320+0000] {logging_mixin.py:190} INFO - [2025-03-27T10:11:48.320+0000] {dag.py:4180} INFO - Setting next_dagrun for example_branch_labels to 2025-03-26 00:00:00+00:00, run_after=2025-03-27 00:00:00+00:00
[2025-03-27T10:11:48.330+0000] {processor.py:208} INFO - Processing /home/airflow/.local/lib/python3.12/site-packages/airflow/example_dags/example_branch_labels.py took 0.040 seconds
[2025-03-27T10:12:19.103+0000] {processor.py:186} INFO - Started process (PID=890) to work on /home/airflow/.local/lib/python3.12/site-packages/airflow/example_dags/example_branch_labels.py
[2025-03-27T10:12:19.103+0000] {processor.py:914} INFO - Processing file /home/airflow/.local/lib/python3.12/site-packages/airflow/example_dags/example_branch_labels.py for tasks to queue
[2025-03-27T10:12:19.104+0000] {logging_mixin.py:190} INFO - [2025-03-27T10:12:19.104+0000] {dagbag.py:588} INFO - Filling up the DagBag from /home/airflow/.local/lib/python3.12/site-packages/airflow/example_dags/example_branch_labels.py
[2025-03-27T10:12:19.111+0000] {processor.py:925} INFO - DAG(s) 'example_branch_labels' retrieved from /home/airflow/.local/lib/python3.12/site-packages/airflow/example_dags/example_branch_labels.py
[2025-03-27T10:12:19.123+0000] {logging_mixin.py:190} INFO - [2025-03-27T10:12:19.123+0000] {dag.py:3239} INFO - Sync 1 DAGs
[2025-03-27T10:12:19.135+0000] {logging_mixin.py:190} INFO - [2025-03-27T10:12:19.134+0000] {dag.py:4180} INFO - Setting next_dagrun for example_branch_labels to 2025-03-26 00:00:00+00:00, run_after=2025-03-27 00:00:00+00:00
[2025-03-27T10:12:19.143+0000] {processor.py:208} INFO - Processing /home/airflow/.local/lib/python3.12/site-packages/airflow/example_dags/example_branch_labels.py took 0.044 seconds
[2025-03-27T10:12:49.902+0000] {processor.py:186} INFO - Started process (PID=953) to work on /home/airflow/.local/lib/python3.12/site-packages/airflow/example_dags/example_branch_labels.py
[2025-03-27T10:12:49.902+0000] {processor.py:914} INFO - Processing file /home/airflow/.local/lib/python3.12/site-packages/airflow/example_dags/example_branch_labels.py for tasks to queue
[2025-03-27T10:12:49.904+0000] {logging_mixin.py:190} INFO - [2025-03-27T10:12:49.903+0000] {dagbag.py:588} INFO - Filling up the DagBag from /home/airflow/.local/lib/python3.12/site-packages/airflow/example_dags/example_branch_labels.py
[2025-03-27T10:12:49.913+0000] {processor.py:925} INFO - DAG(s) 'example_branch_labels' retrieved from /home/airflow/.local/lib/python3.12/site-packages/airflow/example_dags/example_branch_labels.py
[2025-03-27T10:12:49.925+0000] {logging_mixin.py:190} INFO - [2025-03-27T10:12:49.924+0000] {dag.py:3239} INFO - Sync 1 DAGs
[2025-03-27T10:12:49.937+0000] {logging_mixin.py:190} INFO - [2025-03-27T10:12:49.937+0000] {dag.py:4180} INFO - Setting next_dagrun for example_branch_labels to 2025-03-26 00:00:00+00:00, run_after=2025-03-27 00:00:00+00:00
[2025-03-27T10:12:49.946+0000] {processor.py:208} INFO - Processing /home/airflow/.local/lib/python3.12/site-packages/airflow/example_dags/example_branch_labels.py took 0.048 seconds
[2025-03-27T10:13:21.035+0000] {processor.py:186} INFO - Started process (PID=1016) to work on /home/airflow/.local/lib/python3.12/site-packages/airflow/example_dags/example_branch_labels.py
[2025-03-27T10:13:21.036+0000] {processor.py:914} INFO - Processing file /home/airflow/.local/lib/python3.12/site-packages/airflow/example_dags/example_branch_labels.py for tasks to queue
[2025-03-27T10:13:21.040+0000] {logging_mixin.py:190} INFO - [2025-03-27T10:13:21.040+0000] {dagbag.py:588} INFO - Filling up the DagBag from /home/airflow/.local/lib/python3.12/site-packages/airflow/example_dags/example_branch_labels.py
[2025-03-27T10:13:21.045+0000] {processor.py:925} INFO - DAG(s) 'example_branch_labels' retrieved from /home/airflow/.local/lib/python3.12/site-packages/airflow/example_dags/example_branch_labels.py
[2025-03-27T10:13:21.057+0000] {logging_mixin.py:190} INFO - [2025-03-27T10:13:21.057+0000] {dag.py:3239} INFO - Sync 1 DAGs
[2025-03-27T10:13:21.069+0000] {logging_mixin.py:190} INFO - [2025-03-27T10:13:21.069+0000] {dag.py:4180} INFO - Setting next_dagrun for example_branch_labels to 2025-03-26 00:00:00+00:00, run_after=2025-03-27 00:00:00+00:00
[2025-03-27T10:13:21.079+0000] {processor.py:208} INFO - Processing /home/airflow/.local/lib/python3.12/site-packages/airflow/example_dags/example_branch_labels.py took 0.048 seconds
[2025-03-27T10:13:52.083+0000] {processor.py:186} INFO - Started process (PID=1079) to work on /home/airflow/.local/lib/python3.12/site-packages/airflow/example_dags/example_branch_labels.py
[2025-03-27T10:13:52.084+0000] {processor.py:914} INFO - Processing file /home/airflow/.local/lib/python3.12/site-packages/airflow/example_dags/example_branch_labels.py for tasks to queue
[2025-03-27T10:13:52.087+0000] {logging_mixin.py:190} INFO - [2025-03-27T10:13:52.087+0000] {dagbag.py:588} INFO - Filling up the DagBag from /home/airflow/.local/lib/python3.12/site-packages/airflow/example_dags/example_branch_labels.py
[2025-03-27T10:13:52.104+0000] {processor.py:925} INFO - DAG(s) 'example_branch_labels' retrieved from /home/airflow/.local/lib/python3.12/site-packages/airflow/example_dags/example_branch_labels.py
[2025-03-27T10:13:52.123+0000] {logging_mixin.py:190} INFO - [2025-03-27T10:13:52.123+0000] {dag.py:3239} INFO - Sync 1 DAGs
[2025-03-27T10:13:52.134+0000] {logging_mixin.py:190} INFO - [2025-03-27T10:13:52.134+0000] {dag.py:4180} INFO - Setting next_dagrun for example_branch_labels to 2025-03-26 00:00:00+00:00, run_after=2025-03-27 00:00:00+00:00
[2025-03-27T10:13:52.144+0000] {processor.py:208} INFO - Processing /home/airflow/.local/lib/python3.12/site-packages/airflow/example_dags/example_branch_labels.py took 0.065 seconds
[2025-03-27T10:14:22.993+0000] {processor.py:186} INFO - Started process (PID=1142) to work on /home/airflow/.local/lib/python3.12/site-packages/airflow/example_dags/example_branch_labels.py
[2025-03-27T10:14:22.994+0000] {processor.py:914} INFO - Processing file /home/airflow/.local/lib/python3.12/site-packages/airflow/example_dags/example_branch_labels.py for tasks to queue
[2025-03-27T10:14:22.995+0000] {logging_mixin.py:190} INFO - [2025-03-27T10:14:22.995+0000] {dagbag.py:588} INFO - Filling up the DagBag from /home/airflow/.local/lib/python3.12/site-packages/airflow/example_dags/example_branch_labels.py
[2025-03-27T10:14:23.001+0000] {processor.py:925} INFO - DAG(s) 'example_branch_labels' retrieved from /home/airflow/.local/lib/python3.12/site-packages/airflow/example_dags/example_branch_labels.py
[2025-03-27T10:14:23.014+0000] {logging_mixin.py:190} INFO - [2025-03-27T10:14:23.014+0000] {dag.py:3239} INFO - Sync 1 DAGs
[2025-03-27T10:14:23.025+0000] {logging_mixin.py:190} INFO - [2025-03-27T10:14:23.025+0000] {dag.py:4180} INFO - Setting next_dagrun for example_branch_labels to 2025-03-26 00:00:00+00:00, run_after=2025-03-27 00:00:00+00:00
[2025-03-27T10:14:23.035+0000] {processor.py:208} INFO - Processing /home/airflow/.local/lib/python3.12/site-packages/airflow/example_dags/example_branch_labels.py took 0.045 seconds
[2025-03-27T10:14:54.093+0000] {processor.py:186} INFO - Started process (PID=1205) to work on /home/airflow/.local/lib/python3.12/site-packages/airflow/example_dags/example_branch_labels.py
[2025-03-27T10:14:54.094+0000] {processor.py:914} INFO - Processing file /home/airflow/.local/lib/python3.12/site-packages/airflow/example_dags/example_branch_labels.py for tasks to queue
[2025-03-27T10:14:54.095+0000] {logging_mixin.py:190} INFO - [2025-03-27T10:14:54.095+0000] {dagbag.py:588} INFO - Filling up the DagBag from /home/airflow/.local/lib/python3.12/site-packages/airflow/example_dags/example_branch_labels.py
[2025-03-27T10:14:54.102+0000] {processor.py:925} INFO - DAG(s) 'example_branch_labels' retrieved from /home/airflow/.local/lib/python3.12/site-packages/airflow/example_dags/example_branch_labels.py
[2025-03-27T10:14:54.113+0000] {logging_mixin.py:190} INFO - [2025-03-27T10:14:54.113+0000] {dag.py:3239} INFO - Sync 1 DAGs
[2025-03-27T10:14:54.124+0000] {logging_mixin.py:190} INFO - [2025-03-27T10:14:54.124+0000] {dag.py:4180} INFO - Setting next_dagrun for example_branch_labels to 2025-03-26 00:00:00+00:00, run_after=2025-03-27 00:00:00+00:00
[2025-03-27T10:14:54.134+0000] {processor.py:208} INFO - Processing /home/airflow/.local/lib/python3.12/site-packages/airflow/example_dags/example_branch_labels.py took 0.044 seconds
[2025-03-27T10:15:24.977+0000] {processor.py:186} INFO - Started process (PID=1267) to work on /home/airflow/.local/lib/python3.12/site-packages/airflow/example_dags/example_branch_labels.py
[2025-03-27T10:15:24.978+0000] {processor.py:914} INFO - Processing file /home/airflow/.local/lib/python3.12/site-packages/airflow/example_dags/example_branch_labels.py for tasks to queue
[2025-03-27T10:15:24.979+0000] {logging_mixin.py:190} INFO - [2025-03-27T10:15:24.979+0000] {dagbag.py:588} INFO - Filling up the DagBag from /home/airflow/.local/lib/python3.12/site-packages/airflow/example_dags/example_branch_labels.py
[2025-03-27T10:15:24.984+0000] {processor.py:925} INFO - DAG(s) 'example_branch_labels' retrieved from /home/airflow/.local/lib/python3.12/site-packages/airflow/example_dags/example_branch_labels.py
[2025-03-27T10:15:24.996+0000] {logging_mixin.py:190} INFO - [2025-03-27T10:15:24.996+0000] {dag.py:3239} INFO - Sync 1 DAGs
[2025-03-27T10:15:25.008+0000] {logging_mixin.py:190} INFO - [2025-03-27T10:15:25.008+0000] {dag.py:4180} INFO - Setting next_dagrun for example_branch_labels to 2025-03-26 00:00:00+00:00, run_after=2025-03-27 00:00:00+00:00
[2025-03-27T10:15:25.018+0000] {processor.py:208} INFO - Processing /home/airflow/.local/lib/python3.12/site-packages/airflow/example_dags/example_branch_labels.py took 0.045 seconds
[2025-03-27T10:15:55.910+0000] {processor.py:186} INFO - Started process (PID=1330) to work on /home/airflow/.local/lib/python3.12/site-packages/airflow/example_dags/example_branch_labels.py
[2025-03-27T10:15:55.914+0000] {processor.py:914} INFO - Processing file /home/airflow/.local/lib/python3.12/site-packages/airflow/example_dags/example_branch_labels.py for tasks to queue
[2025-03-27T10:15:55.915+0000] {logging_mixin.py:190} INFO - [2025-03-27T10:15:55.915+0000] {dagbag.py:588} INFO - Filling up the DagBag from /home/airflow/.local/lib/python3.12/site-packages/airflow/example_dags/example_branch_labels.py
[2025-03-27T10:15:55.921+0000] {processor.py:925} INFO - DAG(s) 'example_branch_labels' retrieved from /home/airflow/.local/lib/python3.12/site-packages/airflow/example_dags/example_branch_labels.py
[2025-03-27T10:15:55.933+0000] {logging_mixin.py:190} INFO - [2025-03-27T10:15:55.933+0000] {dag.py:3239} INFO - Sync 1 DAGs
[2025-03-27T10:15:55.948+0000] {logging_mixin.py:190} INFO - [2025-03-27T10:15:55.948+0000] {dag.py:4180} INFO - Setting next_dagrun for example_branch_labels to 2025-03-26 00:00:00+00:00, run_after=2025-03-27 00:00:00+00:00
[2025-03-27T10:15:55.960+0000] {processor.py:208} INFO - Processing /home/airflow/.local/lib/python3.12/site-packages/airflow/example_dags/example_branch_labels.py took 0.053 seconds
[2025-03-27T10:16:27.037+0000] {processor.py:186} INFO - Started process (PID=1393) to work on /home/airflow/.local/lib/python3.12/site-packages/airflow/example_dags/example_branch_labels.py
[2025-03-27T10:16:27.039+0000] {processor.py:914} INFO - Processing file /home/airflow/.local/lib/python3.12/site-packages/airflow/example_dags/example_branch_labels.py for tasks to queue
[2025-03-27T10:16:27.043+0000] {logging_mixin.py:190} INFO - [2025-03-27T10:16:27.042+0000] {dagbag.py:588} INFO - Filling up the DagBag from /home/airflow/.local/lib/python3.12/site-packages/airflow/example_dags/example_branch_labels.py
[2025-03-27T10:16:27.050+0000] {processor.py:925} INFO - DAG(s) 'example_branch_labels' retrieved from /home/airflow/.local/lib/python3.12/site-packages/airflow/example_dags/example_branch_labels.py
[2025-03-27T10:16:27.086+0000] {logging_mixin.py:190} INFO - [2025-03-27T10:16:27.086+0000] {dag.py:3239} INFO - Sync 1 DAGs
[2025-03-27T10:16:27.100+0000] {logging_mixin.py:190} INFO - [2025-03-27T10:16:27.100+0000] {dag.py:4180} INFO - Setting next_dagrun for example_branch_labels to 2025-03-26 00:00:00+00:00, run_after=2025-03-27 00:00:00+00:00
[2025-03-27T10:16:27.110+0000] {processor.py:208} INFO - Processing /home/airflow/.local/lib/python3.12/site-packages/airflow/example_dags/example_branch_labels.py took 0.079 seconds
[2025-03-27T10:16:58.014+0000] {processor.py:186} INFO - Started process (PID=1456) to work on /home/airflow/.local/lib/python3.12/site-packages/airflow/example_dags/example_branch_labels.py
[2025-03-27T10:16:58.014+0000] {processor.py:914} INFO - Processing file /home/airflow/.local/lib/python3.12/site-packages/airflow/example_dags/example_branch_labels.py for tasks to queue
[2025-03-27T10:16:58.019+0000] {logging_mixin.py:190} INFO - [2025-03-27T10:16:58.019+0000] {dagbag.py:588} INFO - Filling up the DagBag from /home/airflow/.local/lib/python3.12/site-packages/airflow/example_dags/example_branch_labels.py
[2025-03-27T10:16:58.024+0000] {processor.py:925} INFO - DAG(s) 'example_branch_labels' retrieved from /home/airflow/.local/lib/python3.12/site-packages/airflow/example_dags/example_branch_labels.py
[2025-03-27T10:16:58.036+0000] {logging_mixin.py:190} INFO - [2025-03-27T10:16:58.036+0000] {dag.py:3239} INFO - Sync 1 DAGs
[2025-03-27T10:16:58.048+0000] {logging_mixin.py:190} INFO - [2025-03-27T10:16:58.048+0000] {dag.py:4180} INFO - Setting next_dagrun for example_branch_labels to 2025-03-26 00:00:00+00:00, run_after=2025-03-27 00:00:00+00:00
[2025-03-27T10:16:58.057+0000] {processor.py:208} INFO - Processing /home/airflow/.local/lib/python3.12/site-packages/airflow/example_dags/example_branch_labels.py took 0.046 seconds
[2025-03-27T10:17:28.844+0000] {processor.py:186} INFO - Started process (PID=1519) to work on /home/airflow/.local/lib/python3.12/site-packages/airflow/example_dags/example_branch_labels.py
[2025-03-27T10:17:28.846+0000] {processor.py:914} INFO - Processing file /home/airflow/.local/lib/python3.12/site-packages/airflow/example_dags/example_branch_labels.py for tasks to queue
[2025-03-27T10:17:28.848+0000] {logging_mixin.py:190} INFO - [2025-03-27T10:17:28.848+0000] {dagbag.py:588} INFO - Filling up the DagBag from /home/airflow/.local/lib/python3.12/site-packages/airflow/example_dags/example_branch_labels.py
[2025-03-27T10:17:28.855+0000] {processor.py:925} INFO - DAG(s) 'example_branch_labels' retrieved from /home/airflow/.local/lib/python3.12/site-packages/airflow/example_dags/example_branch_labels.py
[2025-03-27T10:17:28.866+0000] {logging_mixin.py:190} INFO - [2025-03-27T10:17:28.866+0000] {dag.py:3239} INFO - Sync 1 DAGs
[2025-03-27T10:17:28.879+0000] {logging_mixin.py:190} INFO - [2025-03-27T10:17:28.879+0000] {dag.py:4180} INFO - Setting next_dagrun for example_branch_labels to 2025-03-26 00:00:00+00:00, run_after=2025-03-27 00:00:00+00:00
[2025-03-27T10:17:28.888+0000] {processor.py:208} INFO - Processing /home/airflow/.local/lib/python3.12/site-packages/airflow/example_dags/example_branch_labels.py took 0.048 seconds
[2025-03-27T10:17:59.687+0000] {processor.py:186} INFO - Started process (PID=1582) to work on /home/airflow/.local/lib/python3.12/site-packages/airflow/example_dags/example_branch_labels.py
[2025-03-27T10:17:59.692+0000] {processor.py:914} INFO - Processing file /home/airflow/.local/lib/python3.12/site-packages/airflow/example_dags/example_branch_labels.py for tasks to queue
[2025-03-27T10:17:59.693+0000] {logging_mixin.py:190} INFO - [2025-03-27T10:17:59.693+0000] {dagbag.py:588} INFO - Filling up the DagBag from /home/airflow/.local/lib/python3.12/site-packages/airflow/example_dags/example_branch_labels.py
[2025-03-27T10:17:59.698+0000] {processor.py:925} INFO - DAG(s) 'example_branch_labels' retrieved from /home/airflow/.local/lib/python3.12/site-packages/airflow/example_dags/example_branch_labels.py
[2025-03-27T10:17:59.709+0000] {logging_mixin.py:190} INFO - [2025-03-27T10:17:59.709+0000] {dag.py:3239} INFO - Sync 1 DAGs
[2025-03-27T10:17:59.722+0000] {logging_mixin.py:190} INFO - [2025-03-27T10:17:59.722+0000] {dag.py:4180} INFO - Setting next_dagrun for example_branch_labels to 2025-03-26 00:00:00+00:00, run_after=2025-03-27 00:00:00+00:00
[2025-03-27T10:17:59.730+0000] {processor.py:208} INFO - Processing /home/airflow/.local/lib/python3.12/site-packages/airflow/example_dags/example_branch_labels.py took 0.046 seconds
