[2025-03-27T10:05:36.929+0000] {processor.py:186} INFO - Started process (PID=73) to work on /home/airflow/.local/lib/python3.12/site-packages/airflow/example_dags/example_inlet_event_extra.py
[2025-03-27T10:05:36.929+0000] {processor.py:914} INFO - Processing file /home/airflow/.local/lib/python3.12/site-packages/airflow/example_dags/example_inlet_event_extra.py for tasks to queue
[2025-03-27T10:05:36.931+0000] {logging_mixin.py:190} INFO - [2025-03-27T10:05:36.931+0000] {dagbag.py:588} INFO - Filling up the DagBag from /home/airflow/.local/lib/python3.12/site-packages/airflow/example_dags/example_inlet_event_extra.py
[2025-03-27T10:05:37.260+0000] {processor.py:925} INFO - DAG(s) 'read_dataset_event', 'read_dataset_event_from_classic' retrieved from /home/airflow/.local/lib/python3.12/site-packages/airflow/example_dags/example_inlet_event_extra.py
[2025-03-27T10:05:37.314+0000] {logging_mixin.py:190} INFO - [2025-03-27T10:05:37.313+0000] {override.py:1912} INFO - Created Permission View: can read on DAG:read_dataset_event
[2025-03-27T10:05:37.320+0000] {logging_mixin.py:190} INFO - [2025-03-27T10:05:37.320+0000] {override.py:1912} INFO - Created Permission View: can delete on DAG:read_dataset_event
[2025-03-27T10:05:37.324+0000] {logging_mixin.py:190} INFO - [2025-03-27T10:05:37.324+0000] {override.py:1912} INFO - Created Permission View: can edit on DAG:read_dataset_event
[2025-03-27T10:05:37.328+0000] {logging_mixin.py:190} INFO - [2025-03-27T10:05:37.328+0000] {override.py:1912} INFO - Created Permission View: can read on DAG Run:read_dataset_event
[2025-03-27T10:05:37.333+0000] {logging_mixin.py:190} INFO - [2025-03-27T10:05:37.332+0000] {override.py:1912} INFO - Created Permission View: can delete on DAG Run:read_dataset_event
[2025-03-27T10:05:37.337+0000] {logging_mixin.py:190} INFO - [2025-03-27T10:05:37.337+0000] {override.py:1912} INFO - Created Permission View: can create on DAG Run:read_dataset_event
[2025-03-27T10:05:37.341+0000] {logging_mixin.py:190} INFO - [2025-03-27T10:05:37.341+0000] {override.py:1912} INFO - Created Permission View: menu access on DAG Run:read_dataset_event
[2025-03-27T10:05:37.347+0000] {logging_mixin.py:190} INFO - [2025-03-27T10:05:37.347+0000] {override.py:1912} INFO - Created Permission View: can read on DAG:read_dataset_event_from_classic
[2025-03-27T10:05:37.350+0000] {logging_mixin.py:190} INFO - [2025-03-27T10:05:37.350+0000] {override.py:1912} INFO - Created Permission View: can delete on DAG:read_dataset_event_from_classic
[2025-03-27T10:05:37.354+0000] {logging_mixin.py:190} INFO - [2025-03-27T10:05:37.353+0000] {override.py:1912} INFO - Created Permission View: can edit on DAG:read_dataset_event_from_classic
[2025-03-27T10:05:37.358+0000] {logging_mixin.py:190} INFO - [2025-03-27T10:05:37.358+0000] {override.py:1912} INFO - Created Permission View: can read on DAG Run:read_dataset_event_from_classic
[2025-03-27T10:05:37.361+0000] {logging_mixin.py:190} INFO - [2025-03-27T10:05:37.361+0000] {override.py:1912} INFO - Created Permission View: can delete on DAG Run:read_dataset_event_from_classic
[2025-03-27T10:05:37.365+0000] {logging_mixin.py:190} INFO - [2025-03-27T10:05:37.365+0000] {override.py:1912} INFO - Created Permission View: can create on DAG Run:read_dataset_event_from_classic
[2025-03-27T10:05:37.371+0000] {logging_mixin.py:190} INFO - [2025-03-27T10:05:37.371+0000] {override.py:1912} INFO - Created Permission View: menu access on DAG Run:read_dataset_event_from_classic
[2025-03-27T10:05:37.372+0000] {logging_mixin.py:190} INFO - [2025-03-27T10:05:37.372+0000] {dag.py:3239} INFO - Sync 2 DAGs
[2025-03-27T10:05:37.380+0000] {logging_mixin.py:190} INFO - [2025-03-27T10:05:37.380+0000] {dag.py:3262} INFO - Creating ORM DAG for read_dataset_event
[2025-03-27T10:05:37.384+0000] {logging_mixin.py:190} INFO - [2025-03-27T10:05:37.384+0000] {dag.py:3262} INFO - Creating ORM DAG for read_dataset_event_from_classic
[2025-03-27T10:05:37.393+0000] {logging_mixin.py:190} INFO - [2025-03-27T10:05:37.393+0000] {dag.py:4180} INFO - Setting next_dagrun for read_dataset_event to 2025-03-26 00:00:00+00:00, run_after=2025-03-27 00:00:00+00:00
[2025-03-27T10:05:37.394+0000] {logging_mixin.py:190} INFO - [2025-03-27T10:05:37.394+0000] {dag.py:4180} INFO - Setting next_dagrun for read_dataset_event_from_classic to 2025-03-26 00:00:00+00:00, run_after=2025-03-27 00:00:00+00:00
[2025-03-27T10:05:37.405+0000] {processor.py:208} INFO - Processing /home/airflow/.local/lib/python3.12/site-packages/airflow/example_dags/example_inlet_event_extra.py took 0.481 seconds
[2025-03-27T10:06:07.452+0000] {processor.py:186} INFO - Started process (PID=138) to work on /home/airflow/.local/lib/python3.12/site-packages/airflow/example_dags/example_inlet_event_extra.py
[2025-03-27T10:06:07.452+0000] {processor.py:914} INFO - Processing file /home/airflow/.local/lib/python3.12/site-packages/airflow/example_dags/example_inlet_event_extra.py for tasks to queue
[2025-03-27T10:06:07.454+0000] {logging_mixin.py:190} INFO - [2025-03-27T10:06:07.453+0000] {dagbag.py:588} INFO - Filling up the DagBag from /home/airflow/.local/lib/python3.12/site-packages/airflow/example_dags/example_inlet_event_extra.py
[2025-03-27T10:06:07.754+0000] {processor.py:925} INFO - DAG(s) 'read_dataset_event_from_classic', 'read_dataset_event' retrieved from /home/airflow/.local/lib/python3.12/site-packages/airflow/example_dags/example_inlet_event_extra.py
[2025-03-27T10:06:07.767+0000] {logging_mixin.py:190} INFO - [2025-03-27T10:06:07.766+0000] {dag.py:3239} INFO - Sync 2 DAGs
[2025-03-27T10:06:07.778+0000] {logging_mixin.py:190} INFO - [2025-03-27T10:06:07.778+0000] {dag.py:4180} INFO - Setting next_dagrun for read_dataset_event to 2025-03-26 00:00:00+00:00, run_after=2025-03-27 00:00:00+00:00
[2025-03-27T10:06:07.784+0000] {logging_mixin.py:190} INFO - [2025-03-27T10:06:07.784+0000] {dag.py:4180} INFO - Setting next_dagrun for read_dataset_event_from_classic to 2025-03-26 00:00:00+00:00, run_after=2025-03-27 00:00:00+00:00
[2025-03-27T10:06:07.793+0000] {processor.py:208} INFO - Processing /home/airflow/.local/lib/python3.12/site-packages/airflow/example_dags/example_inlet_event_extra.py took 0.345 seconds
[2025-03-27T10:06:38.423+0000] {processor.py:186} INFO - Started process (PID=199) to work on /home/airflow/.local/lib/python3.12/site-packages/airflow/example_dags/example_inlet_event_extra.py
[2025-03-27T10:06:38.424+0000] {processor.py:914} INFO - Processing file /home/airflow/.local/lib/python3.12/site-packages/airflow/example_dags/example_inlet_event_extra.py for tasks to queue
[2025-03-27T10:06:38.425+0000] {logging_mixin.py:190} INFO - [2025-03-27T10:06:38.425+0000] {dagbag.py:588} INFO - Filling up the DagBag from /home/airflow/.local/lib/python3.12/site-packages/airflow/example_dags/example_inlet_event_extra.py
[2025-03-27T10:06:38.912+0000] {processor.py:925} INFO - DAG(s) 'read_dataset_event_from_classic', 'read_dataset_event' retrieved from /home/airflow/.local/lib/python3.12/site-packages/airflow/example_dags/example_inlet_event_extra.py
[2025-03-27T10:06:38.923+0000] {logging_mixin.py:190} INFO - [2025-03-27T10:06:38.923+0000] {dag.py:3239} INFO - Sync 2 DAGs
[2025-03-27T10:06:38.938+0000] {logging_mixin.py:190} INFO - [2025-03-27T10:06:38.938+0000] {dag.py:4180} INFO - Setting next_dagrun for read_dataset_event to 2025-03-26 00:00:00+00:00, run_after=2025-03-27 00:00:00+00:00
[2025-03-27T10:06:38.944+0000] {logging_mixin.py:190} INFO - [2025-03-27T10:06:38.944+0000] {dag.py:4180} INFO - Setting next_dagrun for read_dataset_event_from_classic to 2025-03-26 00:00:00+00:00, run_after=2025-03-27 00:00:00+00:00
[2025-03-27T10:06:38.952+0000] {processor.py:208} INFO - Processing /home/airflow/.local/lib/python3.12/site-packages/airflow/example_dags/example_inlet_event_extra.py took 0.532 seconds
[2025-03-27T10:07:09.587+0000] {processor.py:186} INFO - Started process (PID=262) to work on /home/airflow/.local/lib/python3.12/site-packages/airflow/example_dags/example_inlet_event_extra.py
[2025-03-27T10:07:09.588+0000] {processor.py:914} INFO - Processing file /home/airflow/.local/lib/python3.12/site-packages/airflow/example_dags/example_inlet_event_extra.py for tasks to queue
[2025-03-27T10:07:09.591+0000] {logging_mixin.py:190} INFO - [2025-03-27T10:07:09.591+0000] {dagbag.py:588} INFO - Filling up the DagBag from /home/airflow/.local/lib/python3.12/site-packages/airflow/example_dags/example_inlet_event_extra.py
[2025-03-27T10:07:09.913+0000] {processor.py:925} INFO - DAG(s) 'read_dataset_event', 'read_dataset_event_from_classic' retrieved from /home/airflow/.local/lib/python3.12/site-packages/airflow/example_dags/example_inlet_event_extra.py
[2025-03-27T10:07:09.925+0000] {logging_mixin.py:190} INFO - [2025-03-27T10:07:09.925+0000] {dag.py:3239} INFO - Sync 2 DAGs
[2025-03-27T10:07:09.936+0000] {logging_mixin.py:190} INFO - [2025-03-27T10:07:09.936+0000] {dag.py:4180} INFO - Setting next_dagrun for read_dataset_event to 2025-03-26 00:00:00+00:00, run_after=2025-03-27 00:00:00+00:00
[2025-03-27T10:07:09.939+0000] {logging_mixin.py:190} INFO - [2025-03-27T10:07:09.939+0000] {dag.py:4180} INFO - Setting next_dagrun for read_dataset_event_from_classic to 2025-03-26 00:00:00+00:00, run_after=2025-03-27 00:00:00+00:00
[2025-03-27T10:07:09.946+0000] {processor.py:208} INFO - Processing /home/airflow/.local/lib/python3.12/site-packages/airflow/example_dags/example_inlet_event_extra.py took 0.363 seconds
[2025-03-27T10:07:40.819+0000] {processor.py:186} INFO - Started process (PID=325) to work on /home/airflow/.local/lib/python3.12/site-packages/airflow/example_dags/example_inlet_event_extra.py
[2025-03-27T10:07:40.819+0000] {processor.py:914} INFO - Processing file /home/airflow/.local/lib/python3.12/site-packages/airflow/example_dags/example_inlet_event_extra.py for tasks to queue
[2025-03-27T10:07:40.820+0000] {logging_mixin.py:190} INFO - [2025-03-27T10:07:40.820+0000] {dagbag.py:588} INFO - Filling up the DagBag from /home/airflow/.local/lib/python3.12/site-packages/airflow/example_dags/example_inlet_event_extra.py
[2025-03-27T10:07:41.119+0000] {processor.py:925} INFO - DAG(s) 'read_dataset_event_from_classic', 'read_dataset_event' retrieved from /home/airflow/.local/lib/python3.12/site-packages/airflow/example_dags/example_inlet_event_extra.py
[2025-03-27T10:07:41.129+0000] {logging_mixin.py:190} INFO - [2025-03-27T10:07:41.129+0000] {dag.py:3239} INFO - Sync 2 DAGs
[2025-03-27T10:07:41.142+0000] {logging_mixin.py:190} INFO - [2025-03-27T10:07:41.142+0000] {dag.py:4180} INFO - Setting next_dagrun for read_dataset_event to 2025-03-26 00:00:00+00:00, run_after=2025-03-27 00:00:00+00:00
[2025-03-27T10:07:41.145+0000] {logging_mixin.py:190} INFO - [2025-03-27T10:07:41.145+0000] {dag.py:4180} INFO - Setting next_dagrun for read_dataset_event_from_classic to 2025-03-26 00:00:00+00:00, run_after=2025-03-27 00:00:00+00:00
[2025-03-27T10:07:41.154+0000] {processor.py:208} INFO - Processing /home/airflow/.local/lib/python3.12/site-packages/airflow/example_dags/example_inlet_event_extra.py took 0.339 seconds
[2025-03-27T10:08:11.653+0000] {processor.py:186} INFO - Started process (PID=387) to work on /home/airflow/.local/lib/python3.12/site-packages/airflow/example_dags/example_inlet_event_extra.py
[2025-03-27T10:08:11.653+0000] {processor.py:914} INFO - Processing file /home/airflow/.local/lib/python3.12/site-packages/airflow/example_dags/example_inlet_event_extra.py for tasks to queue
[2025-03-27T10:08:11.658+0000] {logging_mixin.py:190} INFO - [2025-03-27T10:08:11.658+0000] {dagbag.py:588} INFO - Filling up the DagBag from /home/airflow/.local/lib/python3.12/site-packages/airflow/example_dags/example_inlet_event_extra.py
[2025-03-27T10:08:11.938+0000] {processor.py:925} INFO - DAG(s) 'read_dataset_event_from_classic', 'read_dataset_event' retrieved from /home/airflow/.local/lib/python3.12/site-packages/airflow/example_dags/example_inlet_event_extra.py
[2025-03-27T10:08:11.949+0000] {logging_mixin.py:190} INFO - [2025-03-27T10:08:11.949+0000] {dag.py:3239} INFO - Sync 2 DAGs
[2025-03-27T10:08:11.961+0000] {logging_mixin.py:190} INFO - [2025-03-27T10:08:11.961+0000] {dag.py:4180} INFO - Setting next_dagrun for read_dataset_event to 2025-03-26 00:00:00+00:00, run_after=2025-03-27 00:00:00+00:00
[2025-03-27T10:08:11.964+0000] {logging_mixin.py:190} INFO - [2025-03-27T10:08:11.964+0000] {dag.py:4180} INFO - Setting next_dagrun for read_dataset_event_from_classic to 2025-03-26 00:00:00+00:00, run_after=2025-03-27 00:00:00+00:00
[2025-03-27T10:08:11.971+0000] {processor.py:208} INFO - Processing /home/airflow/.local/lib/python3.12/site-packages/airflow/example_dags/example_inlet_event_extra.py took 0.322 seconds
[2025-03-27T10:08:42.636+0000] {processor.py:186} INFO - Started process (PID=450) to work on /home/airflow/.local/lib/python3.12/site-packages/airflow/example_dags/example_inlet_event_extra.py
[2025-03-27T10:08:42.639+0000] {processor.py:914} INFO - Processing file /home/airflow/.local/lib/python3.12/site-packages/airflow/example_dags/example_inlet_event_extra.py for tasks to queue
[2025-03-27T10:08:42.640+0000] {logging_mixin.py:190} INFO - [2025-03-27T10:08:42.640+0000] {dagbag.py:588} INFO - Filling up the DagBag from /home/airflow/.local/lib/python3.12/site-packages/airflow/example_dags/example_inlet_event_extra.py
[2025-03-27T10:08:42.944+0000] {processor.py:925} INFO - DAG(s) 'read_dataset_event', 'read_dataset_event_from_classic' retrieved from /home/airflow/.local/lib/python3.12/site-packages/airflow/example_dags/example_inlet_event_extra.py
[2025-03-27T10:08:42.954+0000] {logging_mixin.py:190} INFO - [2025-03-27T10:08:42.954+0000] {dag.py:3239} INFO - Sync 2 DAGs
[2025-03-27T10:08:42.965+0000] {logging_mixin.py:190} INFO - [2025-03-27T10:08:42.964+0000] {dag.py:4180} INFO - Setting next_dagrun for read_dataset_event to 2025-03-26 00:00:00+00:00, run_after=2025-03-27 00:00:00+00:00
[2025-03-27T10:08:42.968+0000] {logging_mixin.py:190} INFO - [2025-03-27T10:08:42.968+0000] {dag.py:4180} INFO - Setting next_dagrun for read_dataset_event_from_classic to 2025-03-26 00:00:00+00:00, run_after=2025-03-27 00:00:00+00:00
[2025-03-27T10:08:42.974+0000] {processor.py:208} INFO - Processing /home/airflow/.local/lib/python3.12/site-packages/airflow/example_dags/example_inlet_event_extra.py took 0.342 seconds
[2025-03-27T10:09:13.551+0000] {processor.py:186} INFO - Started process (PID=512) to work on /home/airflow/.local/lib/python3.12/site-packages/airflow/example_dags/example_inlet_event_extra.py
[2025-03-27T10:09:13.552+0000] {processor.py:914} INFO - Processing file /home/airflow/.local/lib/python3.12/site-packages/airflow/example_dags/example_inlet_event_extra.py for tasks to queue
[2025-03-27T10:09:13.556+0000] {logging_mixin.py:190} INFO - [2025-03-27T10:09:13.556+0000] {dagbag.py:588} INFO - Filling up the DagBag from /home/airflow/.local/lib/python3.12/site-packages/airflow/example_dags/example_inlet_event_extra.py
[2025-03-27T10:09:13.839+0000] {processor.py:925} INFO - DAG(s) 'read_dataset_event', 'read_dataset_event_from_classic' retrieved from /home/airflow/.local/lib/python3.12/site-packages/airflow/example_dags/example_inlet_event_extra.py
[2025-03-27T10:09:13.849+0000] {logging_mixin.py:190} INFO - [2025-03-27T10:09:13.848+0000] {dag.py:3239} INFO - Sync 2 DAGs
[2025-03-27T10:09:13.860+0000] {logging_mixin.py:190} INFO - [2025-03-27T10:09:13.860+0000] {dag.py:4180} INFO - Setting next_dagrun for read_dataset_event to 2025-03-26 00:00:00+00:00, run_after=2025-03-27 00:00:00+00:00
[2025-03-27T10:09:13.862+0000] {logging_mixin.py:190} INFO - [2025-03-27T10:09:13.862+0000] {dag.py:4180} INFO - Setting next_dagrun for read_dataset_event_from_classic to 2025-03-26 00:00:00+00:00, run_after=2025-03-27 00:00:00+00:00
[2025-03-27T10:09:13.869+0000] {processor.py:208} INFO - Processing /home/airflow/.local/lib/python3.12/site-packages/airflow/example_dags/example_inlet_event_extra.py took 0.321 seconds
[2025-03-27T10:09:44.489+0000] {processor.py:186} INFO - Started process (PID=579) to work on /home/airflow/.local/lib/python3.12/site-packages/airflow/example_dags/example_inlet_event_extra.py
[2025-03-27T10:09:44.493+0000] {processor.py:914} INFO - Processing file /home/airflow/.local/lib/python3.12/site-packages/airflow/example_dags/example_inlet_event_extra.py for tasks to queue
[2025-03-27T10:09:44.498+0000] {logging_mixin.py:190} INFO - [2025-03-27T10:09:44.497+0000] {dagbag.py:588} INFO - Filling up the DagBag from /home/airflow/.local/lib/python3.12/site-packages/airflow/example_dags/example_inlet_event_extra.py
[2025-03-27T10:09:44.788+0000] {processor.py:925} INFO - DAG(s) 'read_dataset_event_from_classic', 'read_dataset_event' retrieved from /home/airflow/.local/lib/python3.12/site-packages/airflow/example_dags/example_inlet_event_extra.py
[2025-03-27T10:09:44.799+0000] {logging_mixin.py:190} INFO - [2025-03-27T10:09:44.798+0000] {dag.py:3239} INFO - Sync 2 DAGs
[2025-03-27T10:09:44.812+0000] {logging_mixin.py:190} INFO - [2025-03-27T10:09:44.812+0000] {dag.py:4180} INFO - Setting next_dagrun for read_dataset_event to 2025-03-26 00:00:00+00:00, run_after=2025-03-27 00:00:00+00:00
[2025-03-27T10:09:44.815+0000] {logging_mixin.py:190} INFO - [2025-03-27T10:09:44.815+0000] {dag.py:4180} INFO - Setting next_dagrun for read_dataset_event_from_classic to 2025-03-26 00:00:00+00:00, run_after=2025-03-27 00:00:00+00:00
[2025-03-27T10:09:44.822+0000] {processor.py:208} INFO - Processing /home/airflow/.local/lib/python3.12/site-packages/airflow/example_dags/example_inlet_event_extra.py took 0.338 seconds
[2025-03-27T10:10:15.500+0000] {processor.py:186} INFO - Started process (PID=644) to work on /home/airflow/.local/lib/python3.12/site-packages/airflow/example_dags/example_inlet_event_extra.py
[2025-03-27T10:10:15.503+0000] {processor.py:914} INFO - Processing file /home/airflow/.local/lib/python3.12/site-packages/airflow/example_dags/example_inlet_event_extra.py for tasks to queue
[2025-03-27T10:10:15.504+0000] {logging_mixin.py:190} INFO - [2025-03-27T10:10:15.504+0000] {dagbag.py:588} INFO - Filling up the DagBag from /home/airflow/.local/lib/python3.12/site-packages/airflow/example_dags/example_inlet_event_extra.py
[2025-03-27T10:10:15.799+0000] {processor.py:925} INFO - DAG(s) 'read_dataset_event', 'read_dataset_event_from_classic' retrieved from /home/airflow/.local/lib/python3.12/site-packages/airflow/example_dags/example_inlet_event_extra.py
[2025-03-27T10:10:15.809+0000] {logging_mixin.py:190} INFO - [2025-03-27T10:10:15.809+0000] {dag.py:3239} INFO - Sync 2 DAGs
[2025-03-27T10:10:15.820+0000] {logging_mixin.py:190} INFO - [2025-03-27T10:10:15.819+0000] {dag.py:4180} INFO - Setting next_dagrun for read_dataset_event to 2025-03-26 00:00:00+00:00, run_after=2025-03-27 00:00:00+00:00
[2025-03-27T10:10:15.823+0000] {logging_mixin.py:190} INFO - [2025-03-27T10:10:15.822+0000] {dag.py:4180} INFO - Setting next_dagrun for read_dataset_event_from_classic to 2025-03-26 00:00:00+00:00, run_after=2025-03-27 00:00:00+00:00
[2025-03-27T10:10:15.831+0000] {processor.py:208} INFO - Processing /home/airflow/.local/lib/python3.12/site-packages/airflow/example_dags/example_inlet_event_extra.py took 0.335 seconds
[2025-03-27T10:10:46.777+0000] {processor.py:186} INFO - Started process (PID=712) to work on /home/airflow/.local/lib/python3.12/site-packages/airflow/example_dags/example_inlet_event_extra.py
[2025-03-27T10:10:46.777+0000] {processor.py:914} INFO - Processing file /home/airflow/.local/lib/python3.12/site-packages/airflow/example_dags/example_inlet_event_extra.py for tasks to queue
[2025-03-27T10:10:46.779+0000] {logging_mixin.py:190} INFO - [2025-03-27T10:10:46.779+0000] {dagbag.py:588} INFO - Filling up the DagBag from /home/airflow/.local/lib/python3.12/site-packages/airflow/example_dags/example_inlet_event_extra.py
[2025-03-27T10:10:47.182+0000] {processor.py:925} INFO - DAG(s) 'read_dataset_event_from_classic', 'read_dataset_event' retrieved from /home/airflow/.local/lib/python3.12/site-packages/airflow/example_dags/example_inlet_event_extra.py
[2025-03-27T10:10:47.193+0000] {logging_mixin.py:190} INFO - [2025-03-27T10:10:47.193+0000] {dag.py:3239} INFO - Sync 2 DAGs
[2025-03-27T10:10:47.206+0000] {logging_mixin.py:190} INFO - [2025-03-27T10:10:47.206+0000] {dag.py:4180} INFO - Setting next_dagrun for read_dataset_event to 2025-03-26 00:00:00+00:00, run_after=2025-03-27 00:00:00+00:00
[2025-03-27T10:10:47.210+0000] {logging_mixin.py:190} INFO - [2025-03-27T10:10:47.210+0000] {dag.py:4180} INFO - Setting next_dagrun for read_dataset_event_from_classic to 2025-03-26 00:00:00+00:00, run_after=2025-03-27 00:00:00+00:00
[2025-03-27T10:10:47.217+0000] {processor.py:208} INFO - Processing /home/airflow/.local/lib/python3.12/site-packages/airflow/example_dags/example_inlet_event_extra.py took 0.445 seconds
[2025-03-27T10:11:18.142+0000] {processor.py:186} INFO - Started process (PID=780) to work on /home/airflow/.local/lib/python3.12/site-packages/airflow/example_dags/example_inlet_event_extra.py
[2025-03-27T10:11:18.143+0000] {processor.py:914} INFO - Processing file /home/airflow/.local/lib/python3.12/site-packages/airflow/example_dags/example_inlet_event_extra.py for tasks to queue
[2025-03-27T10:11:18.147+0000] {logging_mixin.py:190} INFO - [2025-03-27T10:11:18.147+0000] {dagbag.py:588} INFO - Filling up the DagBag from /home/airflow/.local/lib/python3.12/site-packages/airflow/example_dags/example_inlet_event_extra.py
[2025-03-27T10:11:18.398+0000] {processor.py:925} INFO - DAG(s) 'read_dataset_event_from_classic', 'read_dataset_event' retrieved from /home/airflow/.local/lib/python3.12/site-packages/airflow/example_dags/example_inlet_event_extra.py
[2025-03-27T10:11:18.406+0000] {logging_mixin.py:190} INFO - [2025-03-27T10:11:18.406+0000] {dag.py:3239} INFO - Sync 2 DAGs
[2025-03-27T10:11:18.415+0000] {logging_mixin.py:190} INFO - [2025-03-27T10:11:18.415+0000] {dag.py:4180} INFO - Setting next_dagrun for read_dataset_event to 2025-03-26 00:00:00+00:00, run_after=2025-03-27 00:00:00+00:00
[2025-03-27T10:11:18.416+0000] {logging_mixin.py:190} INFO - [2025-03-27T10:11:18.416+0000] {dag.py:4180} INFO - Setting next_dagrun for read_dataset_event_from_classic to 2025-03-26 00:00:00+00:00, run_after=2025-03-27 00:00:00+00:00
[2025-03-27T10:11:18.422+0000] {processor.py:208} INFO - Processing /home/airflow/.local/lib/python3.12/site-packages/airflow/example_dags/example_inlet_event_extra.py took 0.284 seconds
[2025-03-27T10:11:48.443+0000] {processor.py:186} INFO - Started process (PID=832) to work on /home/airflow/.local/lib/python3.12/site-packages/airflow/example_dags/example_inlet_event_extra.py
[2025-03-27T10:11:48.443+0000] {processor.py:914} INFO - Processing file /home/airflow/.local/lib/python3.12/site-packages/airflow/example_dags/example_inlet_event_extra.py for tasks to queue
[2025-03-27T10:11:48.445+0000] {logging_mixin.py:190} INFO - [2025-03-27T10:11:48.444+0000] {dagbag.py:588} INFO - Filling up the DagBag from /home/airflow/.local/lib/python3.12/site-packages/airflow/example_dags/example_inlet_event_extra.py
[2025-03-27T10:11:48.726+0000] {processor.py:925} INFO - DAG(s) 'read_dataset_event_from_classic', 'read_dataset_event' retrieved from /home/airflow/.local/lib/python3.12/site-packages/airflow/example_dags/example_inlet_event_extra.py
[2025-03-27T10:11:48.737+0000] {logging_mixin.py:190} INFO - [2025-03-27T10:11:48.737+0000] {dag.py:3239} INFO - Sync 2 DAGs
[2025-03-27T10:11:48.746+0000] {logging_mixin.py:190} INFO - [2025-03-27T10:11:48.746+0000] {dag.py:4180} INFO - Setting next_dagrun for read_dataset_event to 2025-03-26 00:00:00+00:00, run_after=2025-03-27 00:00:00+00:00
[2025-03-27T10:11:48.749+0000] {logging_mixin.py:190} INFO - [2025-03-27T10:11:48.749+0000] {dag.py:4180} INFO - Setting next_dagrun for read_dataset_event_from_classic to 2025-03-26 00:00:00+00:00, run_after=2025-03-27 00:00:00+00:00
[2025-03-27T10:11:48.758+0000] {processor.py:208} INFO - Processing /home/airflow/.local/lib/python3.12/site-packages/airflow/example_dags/example_inlet_event_extra.py took 0.318 seconds
[2025-03-27T10:12:19.330+0000] {processor.py:186} INFO - Started process (PID=897) to work on /home/airflow/.local/lib/python3.12/site-packages/airflow/example_dags/example_inlet_event_extra.py
[2025-03-27T10:12:19.331+0000] {processor.py:914} INFO - Processing file /home/airflow/.local/lib/python3.12/site-packages/airflow/example_dags/example_inlet_event_extra.py for tasks to queue
[2025-03-27T10:12:19.332+0000] {logging_mixin.py:190} INFO - [2025-03-27T10:12:19.332+0000] {dagbag.py:588} INFO - Filling up the DagBag from /home/airflow/.local/lib/python3.12/site-packages/airflow/example_dags/example_inlet_event_extra.py
[2025-03-27T10:12:19.629+0000] {processor.py:925} INFO - DAG(s) 'read_dataset_event', 'read_dataset_event_from_classic' retrieved from /home/airflow/.local/lib/python3.12/site-packages/airflow/example_dags/example_inlet_event_extra.py
[2025-03-27T10:12:19.639+0000] {logging_mixin.py:190} INFO - [2025-03-27T10:12:19.639+0000] {dag.py:3239} INFO - Sync 2 DAGs
[2025-03-27T10:12:19.649+0000] {logging_mixin.py:190} INFO - [2025-03-27T10:12:19.649+0000] {dag.py:4180} INFO - Setting next_dagrun for read_dataset_event to 2025-03-26 00:00:00+00:00, run_after=2025-03-27 00:00:00+00:00
[2025-03-27T10:12:19.652+0000] {logging_mixin.py:190} INFO - [2025-03-27T10:12:19.652+0000] {dag.py:4180} INFO - Setting next_dagrun for read_dataset_event_from_classic to 2025-03-26 00:00:00+00:00, run_after=2025-03-27 00:00:00+00:00
[2025-03-27T10:12:19.658+0000] {processor.py:208} INFO - Processing /home/airflow/.local/lib/python3.12/site-packages/airflow/example_dags/example_inlet_event_extra.py took 0.333 seconds
[2025-03-27T10:12:50.167+0000] {processor.py:186} INFO - Started process (PID=962) to work on /home/airflow/.local/lib/python3.12/site-packages/airflow/example_dags/example_inlet_event_extra.py
[2025-03-27T10:12:50.168+0000] {processor.py:914} INFO - Processing file /home/airflow/.local/lib/python3.12/site-packages/airflow/example_dags/example_inlet_event_extra.py for tasks to queue
[2025-03-27T10:12:50.169+0000] {logging_mixin.py:190} INFO - [2025-03-27T10:12:50.169+0000] {dagbag.py:588} INFO - Filling up the DagBag from /home/airflow/.local/lib/python3.12/site-packages/airflow/example_dags/example_inlet_event_extra.py
[2025-03-27T10:12:50.451+0000] {processor.py:925} INFO - DAG(s) 'read_dataset_event', 'read_dataset_event_from_classic' retrieved from /home/airflow/.local/lib/python3.12/site-packages/airflow/example_dags/example_inlet_event_extra.py
[2025-03-27T10:12:50.461+0000] {logging_mixin.py:190} INFO - [2025-03-27T10:12:50.461+0000] {dag.py:3239} INFO - Sync 2 DAGs
[2025-03-27T10:12:50.474+0000] {logging_mixin.py:190} INFO - [2025-03-27T10:12:50.474+0000] {dag.py:4180} INFO - Setting next_dagrun for read_dataset_event to 2025-03-26 00:00:00+00:00, run_after=2025-03-27 00:00:00+00:00
[2025-03-27T10:12:50.477+0000] {logging_mixin.py:190} INFO - [2025-03-27T10:12:50.477+0000] {dag.py:4180} INFO - Setting next_dagrun for read_dataset_event_from_classic to 2025-03-26 00:00:00+00:00, run_after=2025-03-27 00:00:00+00:00
[2025-03-27T10:12:50.485+0000] {processor.py:208} INFO - Processing /home/airflow/.local/lib/python3.12/site-packages/airflow/example_dags/example_inlet_event_extra.py took 0.322 seconds
[2025-03-27T10:13:21.414+0000] {processor.py:186} INFO - Started process (PID=1028) to work on /home/airflow/.local/lib/python3.12/site-packages/airflow/example_dags/example_inlet_event_extra.py
[2025-03-27T10:13:21.415+0000] {processor.py:914} INFO - Processing file /home/airflow/.local/lib/python3.12/site-packages/airflow/example_dags/example_inlet_event_extra.py for tasks to queue
[2025-03-27T10:13:21.417+0000] {logging_mixin.py:190} INFO - [2025-03-27T10:13:21.417+0000] {dagbag.py:588} INFO - Filling up the DagBag from /home/airflow/.local/lib/python3.12/site-packages/airflow/example_dags/example_inlet_event_extra.py
[2025-03-27T10:13:21.730+0000] {processor.py:925} INFO - DAG(s) 'read_dataset_event', 'read_dataset_event_from_classic' retrieved from /home/airflow/.local/lib/python3.12/site-packages/airflow/example_dags/example_inlet_event_extra.py
[2025-03-27T10:13:21.741+0000] {logging_mixin.py:190} INFO - [2025-03-27T10:13:21.741+0000] {dag.py:3239} INFO - Sync 2 DAGs
[2025-03-27T10:13:21.752+0000] {logging_mixin.py:190} INFO - [2025-03-27T10:13:21.751+0000] {dag.py:4180} INFO - Setting next_dagrun for read_dataset_event to 2025-03-26 00:00:00+00:00, run_after=2025-03-27 00:00:00+00:00
[2025-03-27T10:13:21.754+0000] {logging_mixin.py:190} INFO - [2025-03-27T10:13:21.754+0000] {dag.py:4180} INFO - Setting next_dagrun for read_dataset_event_from_classic to 2025-03-26 00:00:00+00:00, run_after=2025-03-27 00:00:00+00:00
[2025-03-27T10:13:21.761+0000] {processor.py:208} INFO - Processing /home/airflow/.local/lib/python3.12/site-packages/airflow/example_dags/example_inlet_event_extra.py took 0.351 seconds
[2025-03-27T10:13:52.454+0000] {processor.py:186} INFO - Started process (PID=1091) to work on /home/airflow/.local/lib/python3.12/site-packages/airflow/example_dags/example_inlet_event_extra.py
[2025-03-27T10:13:52.454+0000] {processor.py:914} INFO - Processing file /home/airflow/.local/lib/python3.12/site-packages/airflow/example_dags/example_inlet_event_extra.py for tasks to queue
[2025-03-27T10:13:52.456+0000] {logging_mixin.py:190} INFO - [2025-03-27T10:13:52.456+0000] {dagbag.py:588} INFO - Filling up the DagBag from /home/airflow/.local/lib/python3.12/site-packages/airflow/example_dags/example_inlet_event_extra.py
[2025-03-27T10:13:52.745+0000] {processor.py:925} INFO - DAG(s) 'read_dataset_event', 'read_dataset_event_from_classic' retrieved from /home/airflow/.local/lib/python3.12/site-packages/airflow/example_dags/example_inlet_event_extra.py
[2025-03-27T10:13:52.754+0000] {logging_mixin.py:190} INFO - [2025-03-27T10:13:52.754+0000] {dag.py:3239} INFO - Sync 2 DAGs
[2025-03-27T10:13:52.763+0000] {logging_mixin.py:190} INFO - [2025-03-27T10:13:52.763+0000] {dag.py:4180} INFO - Setting next_dagrun for read_dataset_event to 2025-03-26 00:00:00+00:00, run_after=2025-03-27 00:00:00+00:00
[2025-03-27T10:13:52.765+0000] {logging_mixin.py:190} INFO - [2025-03-27T10:13:52.765+0000] {dag.py:4180} INFO - Setting next_dagrun for read_dataset_event_from_classic to 2025-03-26 00:00:00+00:00, run_after=2025-03-27 00:00:00+00:00
[2025-03-27T10:13:52.771+0000] {processor.py:208} INFO - Processing /home/airflow/.local/lib/python3.12/site-packages/airflow/example_dags/example_inlet_event_extra.py took 0.321 seconds
[2025-03-27T10:14:23.345+0000] {processor.py:186} INFO - Started process (PID=1155) to work on /home/airflow/.local/lib/python3.12/site-packages/airflow/example_dags/example_inlet_event_extra.py
[2025-03-27T10:14:23.345+0000] {processor.py:914} INFO - Processing file /home/airflow/.local/lib/python3.12/site-packages/airflow/example_dags/example_inlet_event_extra.py for tasks to queue
[2025-03-27T10:14:23.347+0000] {logging_mixin.py:190} INFO - [2025-03-27T10:14:23.346+0000] {dagbag.py:588} INFO - Filling up the DagBag from /home/airflow/.local/lib/python3.12/site-packages/airflow/example_dags/example_inlet_event_extra.py
[2025-03-27T10:14:23.632+0000] {processor.py:925} INFO - DAG(s) 'read_dataset_event', 'read_dataset_event_from_classic' retrieved from /home/airflow/.local/lib/python3.12/site-packages/airflow/example_dags/example_inlet_event_extra.py
[2025-03-27T10:14:23.641+0000] {logging_mixin.py:190} INFO - [2025-03-27T10:14:23.641+0000] {dag.py:3239} INFO - Sync 2 DAGs
[2025-03-27T10:14:23.650+0000] {logging_mixin.py:190} INFO - [2025-03-27T10:14:23.650+0000] {dag.py:4180} INFO - Setting next_dagrun for read_dataset_event to 2025-03-26 00:00:00+00:00, run_after=2025-03-27 00:00:00+00:00
[2025-03-27T10:14:23.652+0000] {logging_mixin.py:190} INFO - [2025-03-27T10:14:23.651+0000] {dag.py:4180} INFO - Setting next_dagrun for read_dataset_event_from_classic to 2025-03-26 00:00:00+00:00, run_after=2025-03-27 00:00:00+00:00
[2025-03-27T10:14:23.657+0000] {processor.py:208} INFO - Processing /home/airflow/.local/lib/python3.12/site-packages/airflow/example_dags/example_inlet_event_extra.py took 0.315 seconds
[2025-03-27T10:14:54.524+0000] {processor.py:186} INFO - Started process (PID=1218) to work on /home/airflow/.local/lib/python3.12/site-packages/airflow/example_dags/example_inlet_event_extra.py
[2025-03-27T10:14:54.525+0000] {processor.py:914} INFO - Processing file /home/airflow/.local/lib/python3.12/site-packages/airflow/example_dags/example_inlet_event_extra.py for tasks to queue
[2025-03-27T10:14:54.526+0000] {logging_mixin.py:190} INFO - [2025-03-27T10:14:54.526+0000] {dagbag.py:588} INFO - Filling up the DagBag from /home/airflow/.local/lib/python3.12/site-packages/airflow/example_dags/example_inlet_event_extra.py
[2025-03-27T10:14:54.813+0000] {processor.py:925} INFO - DAG(s) 'read_dataset_event_from_classic', 'read_dataset_event' retrieved from /home/airflow/.local/lib/python3.12/site-packages/airflow/example_dags/example_inlet_event_extra.py
[2025-03-27T10:14:54.822+0000] {logging_mixin.py:190} INFO - [2025-03-27T10:14:54.822+0000] {dag.py:3239} INFO - Sync 2 DAGs
[2025-03-27T10:14:54.831+0000] {logging_mixin.py:190} INFO - [2025-03-27T10:14:54.830+0000] {dag.py:4180} INFO - Setting next_dagrun for read_dataset_event to 2025-03-26 00:00:00+00:00, run_after=2025-03-27 00:00:00+00:00
[2025-03-27T10:14:54.833+0000] {logging_mixin.py:190} INFO - [2025-03-27T10:14:54.832+0000] {dag.py:4180} INFO - Setting next_dagrun for read_dataset_event_from_classic to 2025-03-26 00:00:00+00:00, run_after=2025-03-27 00:00:00+00:00
[2025-03-27T10:14:54.838+0000] {processor.py:208} INFO - Processing /home/airflow/.local/lib/python3.12/site-packages/airflow/example_dags/example_inlet_event_extra.py took 0.318 seconds
[2025-03-27T10:15:25.303+0000] {processor.py:186} INFO - Started process (PID=1279) to work on /home/airflow/.local/lib/python3.12/site-packages/airflow/example_dags/example_inlet_event_extra.py
[2025-03-27T10:15:25.305+0000] {processor.py:914} INFO - Processing file /home/airflow/.local/lib/python3.12/site-packages/airflow/example_dags/example_inlet_event_extra.py for tasks to queue
[2025-03-27T10:15:25.306+0000] {logging_mixin.py:190} INFO - [2025-03-27T10:15:25.306+0000] {dagbag.py:588} INFO - Filling up the DagBag from /home/airflow/.local/lib/python3.12/site-packages/airflow/example_dags/example_inlet_event_extra.py
[2025-03-27T10:15:25.584+0000] {processor.py:925} INFO - DAG(s) 'read_dataset_event', 'read_dataset_event_from_classic' retrieved from /home/airflow/.local/lib/python3.12/site-packages/airflow/example_dags/example_inlet_event_extra.py
[2025-03-27T10:15:25.593+0000] {logging_mixin.py:190} INFO - [2025-03-27T10:15:25.593+0000] {dag.py:3239} INFO - Sync 2 DAGs
[2025-03-27T10:15:25.602+0000] {logging_mixin.py:190} INFO - [2025-03-27T10:15:25.602+0000] {dag.py:4180} INFO - Setting next_dagrun for read_dataset_event to 2025-03-26 00:00:00+00:00, run_after=2025-03-27 00:00:00+00:00
[2025-03-27T10:15:25.604+0000] {logging_mixin.py:190} INFO - [2025-03-27T10:15:25.604+0000] {dag.py:4180} INFO - Setting next_dagrun for read_dataset_event_from_classic to 2025-03-26 00:00:00+00:00, run_after=2025-03-27 00:00:00+00:00
[2025-03-27T10:15:25.610+0000] {processor.py:208} INFO - Processing /home/airflow/.local/lib/python3.12/site-packages/airflow/example_dags/example_inlet_event_extra.py took 0.309 seconds
[2025-03-27T10:15:56.245+0000] {processor.py:186} INFO - Started process (PID=1342) to work on /home/airflow/.local/lib/python3.12/site-packages/airflow/example_dags/example_inlet_event_extra.py
[2025-03-27T10:15:56.247+0000] {processor.py:914} INFO - Processing file /home/airflow/.local/lib/python3.12/site-packages/airflow/example_dags/example_inlet_event_extra.py for tasks to queue
[2025-03-27T10:15:56.249+0000] {logging_mixin.py:190} INFO - [2025-03-27T10:15:56.248+0000] {dagbag.py:588} INFO - Filling up the DagBag from /home/airflow/.local/lib/python3.12/site-packages/airflow/example_dags/example_inlet_event_extra.py
[2025-03-27T10:15:56.535+0000] {processor.py:925} INFO - DAG(s) 'read_dataset_event', 'read_dataset_event_from_classic' retrieved from /home/airflow/.local/lib/python3.12/site-packages/airflow/example_dags/example_inlet_event_extra.py
[2025-03-27T10:15:56.544+0000] {logging_mixin.py:190} INFO - [2025-03-27T10:15:56.544+0000] {dag.py:3239} INFO - Sync 2 DAGs
[2025-03-27T10:15:56.553+0000] {logging_mixin.py:190} INFO - [2025-03-27T10:15:56.553+0000] {dag.py:4180} INFO - Setting next_dagrun for read_dataset_event to 2025-03-26 00:00:00+00:00, run_after=2025-03-27 00:00:00+00:00
[2025-03-27T10:15:56.555+0000] {logging_mixin.py:190} INFO - [2025-03-27T10:15:56.555+0000] {dag.py:4180} INFO - Setting next_dagrun for read_dataset_event_from_classic to 2025-03-26 00:00:00+00:00, run_after=2025-03-27 00:00:00+00:00
[2025-03-27T10:15:56.561+0000] {processor.py:208} INFO - Processing /home/airflow/.local/lib/python3.12/site-packages/airflow/example_dags/example_inlet_event_extra.py took 0.318 seconds
[2025-03-27T10:16:27.412+0000] {processor.py:186} INFO - Started process (PID=1405) to work on /home/airflow/.local/lib/python3.12/site-packages/airflow/example_dags/example_inlet_event_extra.py
[2025-03-27T10:16:27.415+0000] {processor.py:914} INFO - Processing file /home/airflow/.local/lib/python3.12/site-packages/airflow/example_dags/example_inlet_event_extra.py for tasks to queue
[2025-03-27T10:16:27.416+0000] {logging_mixin.py:190} INFO - [2025-03-27T10:16:27.416+0000] {dagbag.py:588} INFO - Filling up the DagBag from /home/airflow/.local/lib/python3.12/site-packages/airflow/example_dags/example_inlet_event_extra.py
[2025-03-27T10:16:27.707+0000] {processor.py:925} INFO - DAG(s) 'read_dataset_event_from_classic', 'read_dataset_event' retrieved from /home/airflow/.local/lib/python3.12/site-packages/airflow/example_dags/example_inlet_event_extra.py
[2025-03-27T10:16:27.715+0000] {logging_mixin.py:190} INFO - [2025-03-27T10:16:27.715+0000] {dag.py:3239} INFO - Sync 2 DAGs
[2025-03-27T10:16:27.725+0000] {logging_mixin.py:190} INFO - [2025-03-27T10:16:27.725+0000] {dag.py:4180} INFO - Setting next_dagrun for read_dataset_event to 2025-03-26 00:00:00+00:00, run_after=2025-03-27 00:00:00+00:00
[2025-03-27T10:16:27.727+0000] {logging_mixin.py:190} INFO - [2025-03-27T10:16:27.727+0000] {dag.py:4180} INFO - Setting next_dagrun for read_dataset_event_from_classic to 2025-03-26 00:00:00+00:00, run_after=2025-03-27 00:00:00+00:00
[2025-03-27T10:16:27.733+0000] {processor.py:208} INFO - Processing /home/airflow/.local/lib/python3.12/site-packages/airflow/example_dags/example_inlet_event_extra.py took 0.324 seconds
[2025-03-27T10:16:58.368+0000] {processor.py:186} INFO - Started process (PID=1469) to work on /home/airflow/.local/lib/python3.12/site-packages/airflow/example_dags/example_inlet_event_extra.py
[2025-03-27T10:16:58.371+0000] {processor.py:914} INFO - Processing file /home/airflow/.local/lib/python3.12/site-packages/airflow/example_dags/example_inlet_event_extra.py for tasks to queue
[2025-03-27T10:16:58.372+0000] {logging_mixin.py:190} INFO - [2025-03-27T10:16:58.372+0000] {dagbag.py:588} INFO - Filling up the DagBag from /home/airflow/.local/lib/python3.12/site-packages/airflow/example_dags/example_inlet_event_extra.py
[2025-03-27T10:16:58.654+0000] {processor.py:925} INFO - DAG(s) 'read_dataset_event_from_classic', 'read_dataset_event' retrieved from /home/airflow/.local/lib/python3.12/site-packages/airflow/example_dags/example_inlet_event_extra.py
[2025-03-27T10:16:58.662+0000] {logging_mixin.py:190} INFO - [2025-03-27T10:16:58.662+0000] {dag.py:3239} INFO - Sync 2 DAGs
[2025-03-27T10:16:58.672+0000] {logging_mixin.py:190} INFO - [2025-03-27T10:16:58.672+0000] {dag.py:4180} INFO - Setting next_dagrun for read_dataset_event to 2025-03-26 00:00:00+00:00, run_after=2025-03-27 00:00:00+00:00
[2025-03-27T10:16:58.674+0000] {logging_mixin.py:190} INFO - [2025-03-27T10:16:58.674+0000] {dag.py:4180} INFO - Setting next_dagrun for read_dataset_event_from_classic to 2025-03-26 00:00:00+00:00, run_after=2025-03-27 00:00:00+00:00
[2025-03-27T10:16:58.680+0000] {processor.py:208} INFO - Processing /home/airflow/.local/lib/python3.12/site-packages/airflow/example_dags/example_inlet_event_extra.py took 0.315 seconds
[2025-03-27T10:17:29.128+0000] {processor.py:186} INFO - Started process (PID=1529) to work on /home/airflow/.local/lib/python3.12/site-packages/airflow/example_dags/example_inlet_event_extra.py
[2025-03-27T10:17:29.129+0000] {processor.py:914} INFO - Processing file /home/airflow/.local/lib/python3.12/site-packages/airflow/example_dags/example_inlet_event_extra.py for tasks to queue
[2025-03-27T10:17:29.131+0000] {logging_mixin.py:190} INFO - [2025-03-27T10:17:29.131+0000] {dagbag.py:588} INFO - Filling up the DagBag from /home/airflow/.local/lib/python3.12/site-packages/airflow/example_dags/example_inlet_event_extra.py
[2025-03-27T10:17:29.430+0000] {processor.py:925} INFO - DAG(s) 'read_dataset_event_from_classic', 'read_dataset_event' retrieved from /home/airflow/.local/lib/python3.12/site-packages/airflow/example_dags/example_inlet_event_extra.py
[2025-03-27T10:17:29.440+0000] {logging_mixin.py:190} INFO - [2025-03-27T10:17:29.440+0000] {dag.py:3239} INFO - Sync 2 DAGs
[2025-03-27T10:17:29.454+0000] {logging_mixin.py:190} INFO - [2025-03-27T10:17:29.454+0000] {dag.py:4180} INFO - Setting next_dagrun for read_dataset_event to 2025-03-26 00:00:00+00:00, run_after=2025-03-27 00:00:00+00:00
[2025-03-27T10:17:29.457+0000] {logging_mixin.py:190} INFO - [2025-03-27T10:17:29.457+0000] {dag.py:4180} INFO - Setting next_dagrun for read_dataset_event_from_classic to 2025-03-26 00:00:00+00:00, run_after=2025-03-27 00:00:00+00:00
[2025-03-27T10:17:29.467+0000] {processor.py:208} INFO - Processing /home/airflow/.local/lib/python3.12/site-packages/airflow/example_dags/example_inlet_event_extra.py took 0.343 seconds
[2025-03-27T10:18:00.101+0000] {processor.py:186} INFO - Started process (PID=1592) to work on /home/airflow/.local/lib/python3.12/site-packages/airflow/example_dags/example_inlet_event_extra.py
[2025-03-27T10:18:00.102+0000] {processor.py:914} INFO - Processing file /home/airflow/.local/lib/python3.12/site-packages/airflow/example_dags/example_inlet_event_extra.py for tasks to queue
[2025-03-27T10:18:00.103+0000] {logging_mixin.py:190} INFO - [2025-03-27T10:18:00.103+0000] {dagbag.py:588} INFO - Filling up the DagBag from /home/airflow/.local/lib/python3.12/site-packages/airflow/example_dags/example_inlet_event_extra.py
[2025-03-27T10:18:00.413+0000] {processor.py:925} INFO - DAG(s) 'read_dataset_event_from_classic', 'read_dataset_event' retrieved from /home/airflow/.local/lib/python3.12/site-packages/airflow/example_dags/example_inlet_event_extra.py
[2025-03-27T10:18:00.423+0000] {logging_mixin.py:190} INFO - [2025-03-27T10:18:00.423+0000] {dag.py:3239} INFO - Sync 2 DAGs
[2025-03-27T10:18:00.434+0000] {logging_mixin.py:190} INFO - [2025-03-27T10:18:00.434+0000] {dag.py:4180} INFO - Setting next_dagrun for read_dataset_event to 2025-03-26 00:00:00+00:00, run_after=2025-03-27 00:00:00+00:00
[2025-03-27T10:18:00.438+0000] {logging_mixin.py:190} INFO - [2025-03-27T10:18:00.438+0000] {dag.py:4180} INFO - Setting next_dagrun for read_dataset_event_from_classic to 2025-03-26 00:00:00+00:00, run_after=2025-03-27 00:00:00+00:00
[2025-03-27T10:18:00.445+0000] {processor.py:208} INFO - Processing /home/airflow/.local/lib/python3.12/site-packages/airflow/example_dags/example_inlet_event_extra.py took 0.348 seconds
