[2025-03-27T10:05:35.168+0000] {processor.py:186} INFO - Started process (PID=65) to work on /home/airflow/.local/lib/python3.12/site-packages/airflow/example_dags/example_subdag_operator.py
[2025-03-27T10:05:35.170+0000] {processor.py:914} INFO - Processing file /home/airflow/.local/lib/python3.12/site-packages/airflow/example_dags/example_subdag_operator.py for tasks to queue
[2025-03-27T10:05:35.173+0000] {logging_mixin.py:190} INFO - [2025-03-27T10:05:35.173+0000] {dagbag.py:588} INFO - Filling up the DagBag from /home/airflow/.local/lib/python3.12/site-packages/airflow/example_dags/example_subdag_operator.py
[2025-03-27T10:05:35.209+0000] {processor.py:925} INFO - DAG(s) 'example_subdag_operator.section-1', 'example_subdag_operator.section-2', 'example_subdag_operator' retrieved from /home/airflow/.local/lib/python3.12/site-packages/airflow/example_dags/example_subdag_operator.py
[2025-03-27T10:05:35.286+0000] {logging_mixin.py:190} INFO - [2025-03-27T10:05:35.286+0000] {override.py:1912} INFO - Created Permission View: can read on DAG:example_subdag_operator
[2025-03-27T10:05:35.293+0000] {logging_mixin.py:190} INFO - [2025-03-27T10:05:35.293+0000] {override.py:1912} INFO - Created Permission View: can delete on DAG:example_subdag_operator
[2025-03-27T10:05:35.297+0000] {logging_mixin.py:190} INFO - [2025-03-27T10:05:35.297+0000] {override.py:1912} INFO - Created Permission View: can edit on DAG:example_subdag_operator
[2025-03-27T10:05:35.301+0000] {logging_mixin.py:190} INFO - [2025-03-27T10:05:35.301+0000] {override.py:1912} INFO - Created Permission View: can read on DAG Run:example_subdag_operator
[2025-03-27T10:05:35.305+0000] {logging_mixin.py:190} INFO - [2025-03-27T10:05:35.305+0000] {override.py:1912} INFO - Created Permission View: can delete on DAG Run:example_subdag_operator
[2025-03-27T10:05:35.308+0000] {logging_mixin.py:190} INFO - [2025-03-27T10:05:35.307+0000] {override.py:1912} INFO - Created Permission View: can create on DAG Run:example_subdag_operator
[2025-03-27T10:05:35.311+0000] {logging_mixin.py:190} INFO - [2025-03-27T10:05:35.310+0000] {override.py:1912} INFO - Created Permission View: menu access on DAG Run:example_subdag_operator
[2025-03-27T10:05:35.311+0000] {logging_mixin.py:190} INFO - [2025-03-27T10:05:35.311+0000] {dag.py:3239} INFO - Sync 3 DAGs
[2025-03-27T10:05:35.319+0000] {logging_mixin.py:190} INFO - [2025-03-27T10:05:35.319+0000] {dag.py:3262} INFO - Creating ORM DAG for example_subdag_operator.section-2
[2025-03-27T10:05:35.320+0000] {logging_mixin.py:190} INFO - [2025-03-27T10:05:35.320+0000] {dag.py:3262} INFO - Creating ORM DAG for example_subdag_operator
[2025-03-27T10:05:35.320+0000] {logging_mixin.py:190} INFO - [2025-03-27T10:05:35.320+0000] {dag.py:3262} INFO - Creating ORM DAG for example_subdag_operator.section-1
[2025-03-27T10:05:35.325+0000] {logging_mixin.py:190} INFO - [2025-03-27T10:05:35.325+0000] {dag.py:4180} INFO - Setting next_dagrun for example_subdag_operator to 2022-01-01 00:00:00+00:00, run_after=2022-01-01 00:00:00+00:00
[2025-03-27T10:05:35.326+0000] {logging_mixin.py:190} INFO - [2025-03-27T10:05:35.326+0000] {dag.py:4180} INFO - Setting next_dagrun for example_subdag_operator.section-1 to None, run_after=None
[2025-03-27T10:05:35.326+0000] {logging_mixin.py:190} INFO - [2025-03-27T10:05:35.326+0000] {dag.py:4180} INFO - Setting next_dagrun for example_subdag_operator.section-2 to None, run_after=None
[2025-03-27T10:05:35.331+0000] {logging_mixin.py:190} INFO - [2025-03-27T10:05:35.331+0000] {dag.py:3239} INFO - Sync 2 DAGs
[2025-03-27T10:05:35.334+0000] {logging_mixin.py:190} INFO - [2025-03-27T10:05:35.334+0000] {dag.py:4180} INFO - Setting next_dagrun for example_subdag_operator.section-1 to None, run_after=None
[2025-03-27T10:05:35.336+0000] {logging_mixin.py:190} INFO - [2025-03-27T10:05:35.336+0000] {dag.py:4180} INFO - Setting next_dagrun for example_subdag_operator.section-2 to None, run_after=None
[2025-03-27T10:05:35.342+0000] {processor.py:208} INFO - Processing /home/airflow/.local/lib/python3.12/site-packages/airflow/example_dags/example_subdag_operator.py took 0.178 seconds
[2025-03-27T10:06:05.571+0000] {processor.py:186} INFO - Started process (PID=127) to work on /home/airflow/.local/lib/python3.12/site-packages/airflow/example_dags/example_subdag_operator.py
[2025-03-27T10:06:05.572+0000] {processor.py:914} INFO - Processing file /home/airflow/.local/lib/python3.12/site-packages/airflow/example_dags/example_subdag_operator.py for tasks to queue
[2025-03-27T10:06:05.574+0000] {logging_mixin.py:190} INFO - [2025-03-27T10:06:05.574+0000] {dagbag.py:588} INFO - Filling up the DagBag from /home/airflow/.local/lib/python3.12/site-packages/airflow/example_dags/example_subdag_operator.py
[2025-03-27T10:06:05.591+0000] {processor.py:925} INFO - DAG(s) 'example_subdag_operator.section-1', 'example_subdag_operator.section-2', 'example_subdag_operator' retrieved from /home/airflow/.local/lib/python3.12/site-packages/airflow/example_dags/example_subdag_operator.py
[2025-03-27T10:06:05.599+0000] {logging_mixin.py:190} INFO - [2025-03-27T10:06:05.599+0000] {dag.py:3239} INFO - Sync 3 DAGs
[2025-03-27T10:06:05.612+0000] {logging_mixin.py:190} INFO - [2025-03-27T10:06:05.612+0000] {dag.py:4180} INFO - Setting next_dagrun for example_subdag_operator to 2022-01-01 00:00:00+00:00, run_after=2022-01-01 00:00:00+00:00
[2025-03-27T10:06:05.614+0000] {logging_mixin.py:190} INFO - [2025-03-27T10:06:05.614+0000] {dag.py:4180} INFO - Setting next_dagrun for example_subdag_operator.section-1 to None, run_after=None
[2025-03-27T10:06:05.615+0000] {logging_mixin.py:190} INFO - [2025-03-27T10:06:05.615+0000] {dag.py:4180} INFO - Setting next_dagrun for example_subdag_operator.section-2 to None, run_after=None
[2025-03-27T10:06:05.619+0000] {logging_mixin.py:190} INFO - [2025-03-27T10:06:05.619+0000] {dag.py:3239} INFO - Sync 2 DAGs
[2025-03-27T10:06:05.622+0000] {logging_mixin.py:190} INFO - [2025-03-27T10:06:05.622+0000] {dag.py:4180} INFO - Setting next_dagrun for example_subdag_operator.section-1 to None, run_after=None
[2025-03-27T10:06:05.622+0000] {logging_mixin.py:190} INFO - [2025-03-27T10:06:05.622+0000] {dag.py:4180} INFO - Setting next_dagrun for example_subdag_operator.section-2 to None, run_after=None
[2025-03-27T10:06:05.628+0000] {processor.py:208} INFO - Processing /home/airflow/.local/lib/python3.12/site-packages/airflow/example_dags/example_subdag_operator.py took 0.061 seconds
[2025-03-27T10:06:35.727+0000] {processor.py:186} INFO - Started process (PID=190) to work on /home/airflow/.local/lib/python3.12/site-packages/airflow/example_dags/example_subdag_operator.py
[2025-03-27T10:06:35.728+0000] {processor.py:914} INFO - Processing file /home/airflow/.local/lib/python3.12/site-packages/airflow/example_dags/example_subdag_operator.py for tasks to queue
[2025-03-27T10:06:35.729+0000] {logging_mixin.py:190} INFO - [2025-03-27T10:06:35.729+0000] {dagbag.py:588} INFO - Filling up the DagBag from /home/airflow/.local/lib/python3.12/site-packages/airflow/example_dags/example_subdag_operator.py
[2025-03-27T10:06:35.744+0000] {processor.py:925} INFO - DAG(s) 'example_subdag_operator.section-1', 'example_subdag_operator.section-2', 'example_subdag_operator' retrieved from /home/airflow/.local/lib/python3.12/site-packages/airflow/example_dags/example_subdag_operator.py
[2025-03-27T10:06:35.752+0000] {logging_mixin.py:190} INFO - [2025-03-27T10:06:35.751+0000] {dag.py:3239} INFO - Sync 3 DAGs
[2025-03-27T10:06:35.762+0000] {logging_mixin.py:190} INFO - [2025-03-27T10:06:35.762+0000] {dag.py:4180} INFO - Setting next_dagrun for example_subdag_operator to 2022-01-01 00:00:00+00:00, run_after=2022-01-01 00:00:00+00:00
[2025-03-27T10:06:35.764+0000] {logging_mixin.py:190} INFO - [2025-03-27T10:06:35.764+0000] {dag.py:4180} INFO - Setting next_dagrun for example_subdag_operator.section-1 to None, run_after=None
[2025-03-27T10:06:35.765+0000] {logging_mixin.py:190} INFO - [2025-03-27T10:06:35.765+0000] {dag.py:4180} INFO - Setting next_dagrun for example_subdag_operator.section-2 to None, run_after=None
[2025-03-27T10:06:35.768+0000] {logging_mixin.py:190} INFO - [2025-03-27T10:06:35.768+0000] {dag.py:3239} INFO - Sync 2 DAGs
[2025-03-27T10:06:35.771+0000] {logging_mixin.py:190} INFO - [2025-03-27T10:06:35.771+0000] {dag.py:4180} INFO - Setting next_dagrun for example_subdag_operator.section-1 to None, run_after=None
[2025-03-27T10:06:35.771+0000] {logging_mixin.py:190} INFO - [2025-03-27T10:06:35.771+0000] {dag.py:4180} INFO - Setting next_dagrun for example_subdag_operator.section-2 to None, run_after=None
[2025-03-27T10:06:35.776+0000] {processor.py:208} INFO - Processing /home/airflow/.local/lib/python3.12/site-packages/airflow/example_dags/example_subdag_operator.py took 0.052 seconds
[2025-03-27T10:07:05.918+0000] {processor.py:186} INFO - Started process (PID=253) to work on /home/airflow/.local/lib/python3.12/site-packages/airflow/example_dags/example_subdag_operator.py
[2025-03-27T10:07:05.920+0000] {processor.py:914} INFO - Processing file /home/airflow/.local/lib/python3.12/site-packages/airflow/example_dags/example_subdag_operator.py for tasks to queue
[2025-03-27T10:07:05.922+0000] {logging_mixin.py:190} INFO - [2025-03-27T10:07:05.921+0000] {dagbag.py:588} INFO - Filling up the DagBag from /home/airflow/.local/lib/python3.12/site-packages/airflow/example_dags/example_subdag_operator.py
[2025-03-27T10:07:05.935+0000] {processor.py:925} INFO - DAG(s) 'example_subdag_operator.section-1', 'example_subdag_operator.section-2', 'example_subdag_operator' retrieved from /home/airflow/.local/lib/python3.12/site-packages/airflow/example_dags/example_subdag_operator.py
[2025-03-27T10:07:05.942+0000] {logging_mixin.py:190} INFO - [2025-03-27T10:07:05.942+0000] {dag.py:3239} INFO - Sync 3 DAGs
[2025-03-27T10:07:05.954+0000] {logging_mixin.py:190} INFO - [2025-03-27T10:07:05.954+0000] {dag.py:4180} INFO - Setting next_dagrun for example_subdag_operator to 2022-01-01 00:00:00+00:00, run_after=2022-01-01 00:00:00+00:00
[2025-03-27T10:07:05.956+0000] {logging_mixin.py:190} INFO - [2025-03-27T10:07:05.956+0000] {dag.py:4180} INFO - Setting next_dagrun for example_subdag_operator.section-1 to None, run_after=None
[2025-03-27T10:07:05.956+0000] {logging_mixin.py:190} INFO - [2025-03-27T10:07:05.956+0000] {dag.py:4180} INFO - Setting next_dagrun for example_subdag_operator.section-2 to None, run_after=None
[2025-03-27T10:07:05.960+0000] {logging_mixin.py:190} INFO - [2025-03-27T10:07:05.960+0000] {dag.py:3239} INFO - Sync 2 DAGs
[2025-03-27T10:07:05.963+0000] {logging_mixin.py:190} INFO - [2025-03-27T10:07:05.963+0000] {dag.py:4180} INFO - Setting next_dagrun for example_subdag_operator.section-1 to None, run_after=None
[2025-03-27T10:07:05.963+0000] {logging_mixin.py:190} INFO - [2025-03-27T10:07:05.963+0000] {dag.py:4180} INFO - Setting next_dagrun for example_subdag_operator.section-2 to None, run_after=None
[2025-03-27T10:07:05.968+0000] {processor.py:208} INFO - Processing /home/airflow/.local/lib/python3.12/site-packages/airflow/example_dags/example_subdag_operator.py took 0.053 seconds
[2025-03-27T10:07:36.043+0000] {processor.py:186} INFO - Started process (PID=316) to work on /home/airflow/.local/lib/python3.12/site-packages/airflow/example_dags/example_subdag_operator.py
[2025-03-27T10:07:36.045+0000] {processor.py:914} INFO - Processing file /home/airflow/.local/lib/python3.12/site-packages/airflow/example_dags/example_subdag_operator.py for tasks to queue
[2025-03-27T10:07:36.047+0000] {logging_mixin.py:190} INFO - [2025-03-27T10:07:36.047+0000] {dagbag.py:588} INFO - Filling up the DagBag from /home/airflow/.local/lib/python3.12/site-packages/airflow/example_dags/example_subdag_operator.py
[2025-03-27T10:07:36.071+0000] {processor.py:925} INFO - DAG(s) 'example_subdag_operator.section-1', 'example_subdag_operator.section-2', 'example_subdag_operator' retrieved from /home/airflow/.local/lib/python3.12/site-packages/airflow/example_dags/example_subdag_operator.py
[2025-03-27T10:07:36.081+0000] {logging_mixin.py:190} INFO - [2025-03-27T10:07:36.081+0000] {dag.py:3239} INFO - Sync 3 DAGs
[2025-03-27T10:07:36.094+0000] {logging_mixin.py:190} INFO - [2025-03-27T10:07:36.094+0000] {dag.py:4180} INFO - Setting next_dagrun for example_subdag_operator to 2022-01-01 00:00:00+00:00, run_after=2022-01-01 00:00:00+00:00
[2025-03-27T10:07:36.100+0000] {logging_mixin.py:190} INFO - [2025-03-27T10:07:36.100+0000] {dag.py:4180} INFO - Setting next_dagrun for example_subdag_operator.section-1 to None, run_after=None
[2025-03-27T10:07:36.100+0000] {logging_mixin.py:190} INFO - [2025-03-27T10:07:36.100+0000] {dag.py:4180} INFO - Setting next_dagrun for example_subdag_operator.section-2 to None, run_after=None
[2025-03-27T10:07:36.104+0000] {logging_mixin.py:190} INFO - [2025-03-27T10:07:36.104+0000] {dag.py:3239} INFO - Sync 2 DAGs
[2025-03-27T10:07:36.109+0000] {logging_mixin.py:190} INFO - [2025-03-27T10:07:36.109+0000] {dag.py:4180} INFO - Setting next_dagrun for example_subdag_operator.section-1 to None, run_after=None
[2025-03-27T10:07:36.110+0000] {logging_mixin.py:190} INFO - [2025-03-27T10:07:36.110+0000] {dag.py:4180} INFO - Setting next_dagrun for example_subdag_operator.section-2 to None, run_after=None
[2025-03-27T10:07:36.115+0000] {processor.py:208} INFO - Processing /home/airflow/.local/lib/python3.12/site-packages/airflow/example_dags/example_subdag_operator.py took 0.080 seconds
[2025-03-27T10:08:07.050+0000] {processor.py:186} INFO - Started process (PID=378) to work on /home/airflow/.local/lib/python3.12/site-packages/airflow/example_dags/example_subdag_operator.py
[2025-03-27T10:08:07.052+0000] {processor.py:914} INFO - Processing file /home/airflow/.local/lib/python3.12/site-packages/airflow/example_dags/example_subdag_operator.py for tasks to queue
[2025-03-27T10:08:07.054+0000] {logging_mixin.py:190} INFO - [2025-03-27T10:08:07.053+0000] {dagbag.py:588} INFO - Filling up the DagBag from /home/airflow/.local/lib/python3.12/site-packages/airflow/example_dags/example_subdag_operator.py
[2025-03-27T10:08:07.068+0000] {processor.py:925} INFO - DAG(s) 'example_subdag_operator.section-1', 'example_subdag_operator.section-2', 'example_subdag_operator' retrieved from /home/airflow/.local/lib/python3.12/site-packages/airflow/example_dags/example_subdag_operator.py
[2025-03-27T10:08:07.075+0000] {logging_mixin.py:190} INFO - [2025-03-27T10:08:07.075+0000] {dag.py:3239} INFO - Sync 3 DAGs
[2025-03-27T10:08:07.089+0000] {logging_mixin.py:190} INFO - [2025-03-27T10:08:07.088+0000] {dag.py:4180} INFO - Setting next_dagrun for example_subdag_operator to 2022-01-01 00:00:00+00:00, run_after=2022-01-01 00:00:00+00:00
[2025-03-27T10:08:07.090+0000] {logging_mixin.py:190} INFO - [2025-03-27T10:08:07.090+0000] {dag.py:4180} INFO - Setting next_dagrun for example_subdag_operator.section-1 to None, run_after=None
[2025-03-27T10:08:07.091+0000] {logging_mixin.py:190} INFO - [2025-03-27T10:08:07.091+0000] {dag.py:4180} INFO - Setting next_dagrun for example_subdag_operator.section-2 to None, run_after=None
[2025-03-27T10:08:07.095+0000] {logging_mixin.py:190} INFO - [2025-03-27T10:08:07.095+0000] {dag.py:3239} INFO - Sync 2 DAGs
[2025-03-27T10:08:07.098+0000] {logging_mixin.py:190} INFO - [2025-03-27T10:08:07.098+0000] {dag.py:4180} INFO - Setting next_dagrun for example_subdag_operator.section-1 to None, run_after=None
[2025-03-27T10:08:07.098+0000] {logging_mixin.py:190} INFO - [2025-03-27T10:08:07.098+0000] {dag.py:4180} INFO - Setting next_dagrun for example_subdag_operator.section-2 to None, run_after=None
[2025-03-27T10:08:07.104+0000] {processor.py:208} INFO - Processing /home/airflow/.local/lib/python3.12/site-packages/airflow/example_dags/example_subdag_operator.py took 0.057 seconds
[2025-03-27T10:08:37.903+0000] {processor.py:186} INFO - Started process (PID=441) to work on /home/airflow/.local/lib/python3.12/site-packages/airflow/example_dags/example_subdag_operator.py
[2025-03-27T10:08:37.904+0000] {processor.py:914} INFO - Processing file /home/airflow/.local/lib/python3.12/site-packages/airflow/example_dags/example_subdag_operator.py for tasks to queue
[2025-03-27T10:08:37.905+0000] {logging_mixin.py:190} INFO - [2025-03-27T10:08:37.905+0000] {dagbag.py:588} INFO - Filling up the DagBag from /home/airflow/.local/lib/python3.12/site-packages/airflow/example_dags/example_subdag_operator.py
[2025-03-27T10:08:37.918+0000] {processor.py:925} INFO - DAG(s) 'example_subdag_operator.section-1', 'example_subdag_operator.section-2', 'example_subdag_operator' retrieved from /home/airflow/.local/lib/python3.12/site-packages/airflow/example_dags/example_subdag_operator.py
[2025-03-27T10:08:37.926+0000] {logging_mixin.py:190} INFO - [2025-03-27T10:08:37.926+0000] {dag.py:3239} INFO - Sync 3 DAGs
[2025-03-27T10:08:37.936+0000] {logging_mixin.py:190} INFO - [2025-03-27T10:08:37.936+0000] {dag.py:4180} INFO - Setting next_dagrun for example_subdag_operator to 2022-01-01 00:00:00+00:00, run_after=2022-01-01 00:00:00+00:00
[2025-03-27T10:08:37.938+0000] {logging_mixin.py:190} INFO - [2025-03-27T10:08:37.938+0000] {dag.py:4180} INFO - Setting next_dagrun for example_subdag_operator.section-1 to None, run_after=None
[2025-03-27T10:08:37.938+0000] {logging_mixin.py:190} INFO - [2025-03-27T10:08:37.938+0000] {dag.py:4180} INFO - Setting next_dagrun for example_subdag_operator.section-2 to None, run_after=None
[2025-03-27T10:08:37.942+0000] {logging_mixin.py:190} INFO - [2025-03-27T10:08:37.941+0000] {dag.py:3239} INFO - Sync 2 DAGs
[2025-03-27T10:08:37.944+0000] {logging_mixin.py:190} INFO - [2025-03-27T10:08:37.944+0000] {dag.py:4180} INFO - Setting next_dagrun for example_subdag_operator.section-1 to None, run_after=None
[2025-03-27T10:08:37.944+0000] {logging_mixin.py:190} INFO - [2025-03-27T10:08:37.944+0000] {dag.py:4180} INFO - Setting next_dagrun for example_subdag_operator.section-2 to None, run_after=None
[2025-03-27T10:08:37.949+0000] {processor.py:208} INFO - Processing /home/airflow/.local/lib/python3.12/site-packages/airflow/example_dags/example_subdag_operator.py took 0.049 seconds
[2025-03-27T10:09:08.943+0000] {processor.py:186} INFO - Started process (PID=503) to work on /home/airflow/.local/lib/python3.12/site-packages/airflow/example_dags/example_subdag_operator.py
[2025-03-27T10:09:08.944+0000] {processor.py:914} INFO - Processing file /home/airflow/.local/lib/python3.12/site-packages/airflow/example_dags/example_subdag_operator.py for tasks to queue
[2025-03-27T10:09:08.945+0000] {logging_mixin.py:190} INFO - [2025-03-27T10:09:08.945+0000] {dagbag.py:588} INFO - Filling up the DagBag from /home/airflow/.local/lib/python3.12/site-packages/airflow/example_dags/example_subdag_operator.py
[2025-03-27T10:09:08.958+0000] {processor.py:925} INFO - DAG(s) 'example_subdag_operator.section-1', 'example_subdag_operator.section-2', 'example_subdag_operator' retrieved from /home/airflow/.local/lib/python3.12/site-packages/airflow/example_dags/example_subdag_operator.py
[2025-03-27T10:09:08.965+0000] {logging_mixin.py:190} INFO - [2025-03-27T10:09:08.965+0000] {dag.py:3239} INFO - Sync 3 DAGs
[2025-03-27T10:09:08.976+0000] {logging_mixin.py:190} INFO - [2025-03-27T10:09:08.976+0000] {dag.py:4180} INFO - Setting next_dagrun for example_subdag_operator to 2022-01-01 00:00:00+00:00, run_after=2022-01-01 00:00:00+00:00
[2025-03-27T10:09:08.977+0000] {logging_mixin.py:190} INFO - [2025-03-27T10:09:08.977+0000] {dag.py:4180} INFO - Setting next_dagrun for example_subdag_operator.section-1 to None, run_after=None
[2025-03-27T10:09:08.978+0000] {logging_mixin.py:190} INFO - [2025-03-27T10:09:08.978+0000] {dag.py:4180} INFO - Setting next_dagrun for example_subdag_operator.section-2 to None, run_after=None
[2025-03-27T10:09:08.981+0000] {logging_mixin.py:190} INFO - [2025-03-27T10:09:08.981+0000] {dag.py:3239} INFO - Sync 2 DAGs
[2025-03-27T10:09:08.984+0000] {logging_mixin.py:190} INFO - [2025-03-27T10:09:08.984+0000] {dag.py:4180} INFO - Setting next_dagrun for example_subdag_operator.section-1 to None, run_after=None
[2025-03-27T10:09:08.984+0000] {logging_mixin.py:190} INFO - [2025-03-27T10:09:08.984+0000] {dag.py:4180} INFO - Setting next_dagrun for example_subdag_operator.section-2 to None, run_after=None
[2025-03-27T10:09:08.989+0000] {processor.py:208} INFO - Processing /home/airflow/.local/lib/python3.12/site-packages/airflow/example_dags/example_subdag_operator.py took 0.049 seconds
[2025-03-27T10:09:39.628+0000] {processor.py:186} INFO - Started process (PID=566) to work on /home/airflow/.local/lib/python3.12/site-packages/airflow/example_dags/example_subdag_operator.py
[2025-03-27T10:09:39.630+0000] {processor.py:914} INFO - Processing file /home/airflow/.local/lib/python3.12/site-packages/airflow/example_dags/example_subdag_operator.py for tasks to queue
[2025-03-27T10:09:39.632+0000] {logging_mixin.py:190} INFO - [2025-03-27T10:09:39.632+0000] {dagbag.py:588} INFO - Filling up the DagBag from /home/airflow/.local/lib/python3.12/site-packages/airflow/example_dags/example_subdag_operator.py
[2025-03-27T10:09:39.647+0000] {processor.py:925} INFO - DAG(s) 'example_subdag_operator.section-1', 'example_subdag_operator.section-2', 'example_subdag_operator' retrieved from /home/airflow/.local/lib/python3.12/site-packages/airflow/example_dags/example_subdag_operator.py
[2025-03-27T10:09:39.654+0000] {logging_mixin.py:190} INFO - [2025-03-27T10:09:39.653+0000] {dag.py:3239} INFO - Sync 3 DAGs
[2025-03-27T10:09:39.664+0000] {logging_mixin.py:190} INFO - [2025-03-27T10:09:39.664+0000] {dag.py:4180} INFO - Setting next_dagrun for example_subdag_operator to 2022-01-01 00:00:00+00:00, run_after=2022-01-01 00:00:00+00:00
[2025-03-27T10:09:39.666+0000] {logging_mixin.py:190} INFO - [2025-03-27T10:09:39.666+0000] {dag.py:4180} INFO - Setting next_dagrun for example_subdag_operator.section-1 to None, run_after=None
[2025-03-27T10:09:39.667+0000] {logging_mixin.py:190} INFO - [2025-03-27T10:09:39.667+0000] {dag.py:4180} INFO - Setting next_dagrun for example_subdag_operator.section-2 to None, run_after=None
[2025-03-27T10:09:39.670+0000] {logging_mixin.py:190} INFO - [2025-03-27T10:09:39.670+0000] {dag.py:3239} INFO - Sync 2 DAGs
[2025-03-27T10:09:39.672+0000] {logging_mixin.py:190} INFO - [2025-03-27T10:09:39.672+0000] {dag.py:4180} INFO - Setting next_dagrun for example_subdag_operator.section-1 to None, run_after=None
[2025-03-27T10:09:39.673+0000] {logging_mixin.py:190} INFO - [2025-03-27T10:09:39.673+0000] {dag.py:4180} INFO - Setting next_dagrun for example_subdag_operator.section-2 to None, run_after=None
[2025-03-27T10:09:39.678+0000] {processor.py:208} INFO - Processing /home/airflow/.local/lib/python3.12/site-packages/airflow/example_dags/example_subdag_operator.py took 0.053 seconds
[2025-03-27T10:10:10.433+0000] {processor.py:186} INFO - Started process (PID=629) to work on /home/airflow/.local/lib/python3.12/site-packages/airflow/example_dags/example_subdag_operator.py
[2025-03-27T10:10:10.434+0000] {processor.py:914} INFO - Processing file /home/airflow/.local/lib/python3.12/site-packages/airflow/example_dags/example_subdag_operator.py for tasks to queue
[2025-03-27T10:10:10.436+0000] {logging_mixin.py:190} INFO - [2025-03-27T10:10:10.435+0000] {dagbag.py:588} INFO - Filling up the DagBag from /home/airflow/.local/lib/python3.12/site-packages/airflow/example_dags/example_subdag_operator.py
[2025-03-27T10:10:10.453+0000] {processor.py:925} INFO - DAG(s) 'example_subdag_operator.section-1', 'example_subdag_operator.section-2', 'example_subdag_operator' retrieved from /home/airflow/.local/lib/python3.12/site-packages/airflow/example_dags/example_subdag_operator.py
[2025-03-27T10:10:10.463+0000] {logging_mixin.py:190} INFO - [2025-03-27T10:10:10.463+0000] {dag.py:3239} INFO - Sync 3 DAGs
[2025-03-27T10:10:10.475+0000] {logging_mixin.py:190} INFO - [2025-03-27T10:10:10.475+0000] {dag.py:4180} INFO - Setting next_dagrun for example_subdag_operator to 2022-01-01 00:00:00+00:00, run_after=2022-01-01 00:00:00+00:00
[2025-03-27T10:10:10.477+0000] {logging_mixin.py:190} INFO - [2025-03-27T10:10:10.477+0000] {dag.py:4180} INFO - Setting next_dagrun for example_subdag_operator.section-1 to None, run_after=None
[2025-03-27T10:10:10.478+0000] {logging_mixin.py:190} INFO - [2025-03-27T10:10:10.478+0000] {dag.py:4180} INFO - Setting next_dagrun for example_subdag_operator.section-2 to None, run_after=None
[2025-03-27T10:10:10.481+0000] {logging_mixin.py:190} INFO - [2025-03-27T10:10:10.481+0000] {dag.py:3239} INFO - Sync 2 DAGs
[2025-03-27T10:10:10.484+0000] {logging_mixin.py:190} INFO - [2025-03-27T10:10:10.484+0000] {dag.py:4180} INFO - Setting next_dagrun for example_subdag_operator.section-1 to None, run_after=None
[2025-03-27T10:10:10.484+0000] {logging_mixin.py:190} INFO - [2025-03-27T10:10:10.484+0000] {dag.py:4180} INFO - Setting next_dagrun for example_subdag_operator.section-2 to None, run_after=None
[2025-03-27T10:10:10.489+0000] {processor.py:208} INFO - Processing /home/airflow/.local/lib/python3.12/site-packages/airflow/example_dags/example_subdag_operator.py took 0.059 seconds
[2025-03-27T10:10:40.610+0000] {processor.py:186} INFO - Started process (PID=692) to work on /home/airflow/.local/lib/python3.12/site-packages/airflow/example_dags/example_subdag_operator.py
[2025-03-27T10:10:40.612+0000] {processor.py:914} INFO - Processing file /home/airflow/.local/lib/python3.12/site-packages/airflow/example_dags/example_subdag_operator.py for tasks to queue
[2025-03-27T10:10:40.613+0000] {logging_mixin.py:190} INFO - [2025-03-27T10:10:40.613+0000] {dagbag.py:588} INFO - Filling up the DagBag from /home/airflow/.local/lib/python3.12/site-packages/airflow/example_dags/example_subdag_operator.py
[2025-03-27T10:10:40.626+0000] {processor.py:925} INFO - DAG(s) 'example_subdag_operator.section-1', 'example_subdag_operator.section-2', 'example_subdag_operator' retrieved from /home/airflow/.local/lib/python3.12/site-packages/airflow/example_dags/example_subdag_operator.py
[2025-03-27T10:10:40.635+0000] {logging_mixin.py:190} INFO - [2025-03-27T10:10:40.634+0000] {dag.py:3239} INFO - Sync 3 DAGs
[2025-03-27T10:10:40.650+0000] {logging_mixin.py:190} INFO - [2025-03-27T10:10:40.649+0000] {dag.py:4180} INFO - Setting next_dagrun for example_subdag_operator to 2022-01-01 00:00:00+00:00, run_after=2022-01-01 00:00:00+00:00
[2025-03-27T10:10:40.651+0000] {logging_mixin.py:190} INFO - [2025-03-27T10:10:40.651+0000] {dag.py:4180} INFO - Setting next_dagrun for example_subdag_operator.section-1 to None, run_after=None
[2025-03-27T10:10:40.652+0000] {logging_mixin.py:190} INFO - [2025-03-27T10:10:40.652+0000] {dag.py:4180} INFO - Setting next_dagrun for example_subdag_operator.section-2 to None, run_after=None
[2025-03-27T10:10:40.656+0000] {logging_mixin.py:190} INFO - [2025-03-27T10:10:40.655+0000] {dag.py:3239} INFO - Sync 2 DAGs
[2025-03-27T10:10:40.660+0000] {logging_mixin.py:190} INFO - [2025-03-27T10:10:40.660+0000] {dag.py:4180} INFO - Setting next_dagrun for example_subdag_operator.section-1 to None, run_after=None
[2025-03-27T10:10:40.660+0000] {logging_mixin.py:190} INFO - [2025-03-27T10:10:40.660+0000] {dag.py:4180} INFO - Setting next_dagrun for example_subdag_operator.section-2 to None, run_after=None
[2025-03-27T10:10:40.665+0000] {processor.py:208} INFO - Processing /home/airflow/.local/lib/python3.12/site-packages/airflow/example_dags/example_subdag_operator.py took 0.058 seconds
[2025-03-27T10:11:10.944+0000] {processor.py:186} INFO - Started process (PID=755) to work on /home/airflow/.local/lib/python3.12/site-packages/airflow/example_dags/example_subdag_operator.py
[2025-03-27T10:11:10.945+0000] {processor.py:914} INFO - Processing file /home/airflow/.local/lib/python3.12/site-packages/airflow/example_dags/example_subdag_operator.py for tasks to queue
[2025-03-27T10:11:10.947+0000] {logging_mixin.py:190} INFO - [2025-03-27T10:11:10.947+0000] {dagbag.py:588} INFO - Filling up the DagBag from /home/airflow/.local/lib/python3.12/site-packages/airflow/example_dags/example_subdag_operator.py
[2025-03-27T10:11:10.963+0000] {processor.py:925} INFO - DAG(s) 'example_subdag_operator.section-1', 'example_subdag_operator.section-2', 'example_subdag_operator' retrieved from /home/airflow/.local/lib/python3.12/site-packages/airflow/example_dags/example_subdag_operator.py
[2025-03-27T10:11:10.971+0000] {logging_mixin.py:190} INFO - [2025-03-27T10:11:10.971+0000] {dag.py:3239} INFO - Sync 3 DAGs
[2025-03-27T10:11:10.985+0000] {logging_mixin.py:190} INFO - [2025-03-27T10:11:10.985+0000] {dag.py:4180} INFO - Setting next_dagrun for example_subdag_operator to 2022-01-01 00:00:00+00:00, run_after=2022-01-01 00:00:00+00:00
[2025-03-27T10:11:10.989+0000] {logging_mixin.py:190} INFO - [2025-03-27T10:11:10.989+0000] {dag.py:4180} INFO - Setting next_dagrun for example_subdag_operator.section-1 to None, run_after=None
[2025-03-27T10:11:10.990+0000] {logging_mixin.py:190} INFO - [2025-03-27T10:11:10.990+0000] {dag.py:4180} INFO - Setting next_dagrun for example_subdag_operator.section-2 to None, run_after=None
[2025-03-27T10:11:10.995+0000] {logging_mixin.py:190} INFO - [2025-03-27T10:11:10.995+0000] {dag.py:3239} INFO - Sync 2 DAGs
[2025-03-27T10:11:11.000+0000] {logging_mixin.py:190} INFO - [2025-03-27T10:11:11.000+0000] {dag.py:4180} INFO - Setting next_dagrun for example_subdag_operator.section-1 to None, run_after=None
[2025-03-27T10:11:11.000+0000] {logging_mixin.py:190} INFO - [2025-03-27T10:11:11.000+0000] {dag.py:4180} INFO - Setting next_dagrun for example_subdag_operator.section-2 to None, run_after=None
[2025-03-27T10:11:11.005+0000] {processor.py:208} INFO - Processing /home/airflow/.local/lib/python3.12/site-packages/airflow/example_dags/example_subdag_operator.py took 0.064 seconds
[2025-03-27T10:11:41.636+0000] {processor.py:186} INFO - Started process (PID=818) to work on /home/airflow/.local/lib/python3.12/site-packages/airflow/example_dags/example_subdag_operator.py
[2025-03-27T10:11:41.638+0000] {processor.py:914} INFO - Processing file /home/airflow/.local/lib/python3.12/site-packages/airflow/example_dags/example_subdag_operator.py for tasks to queue
[2025-03-27T10:11:41.640+0000] {logging_mixin.py:190} INFO - [2025-03-27T10:11:41.639+0000] {dagbag.py:588} INFO - Filling up the DagBag from /home/airflow/.local/lib/python3.12/site-packages/airflow/example_dags/example_subdag_operator.py
[2025-03-27T10:11:41.656+0000] {processor.py:925} INFO - DAG(s) 'example_subdag_operator.section-1', 'example_subdag_operator.section-2', 'example_subdag_operator' retrieved from /home/airflow/.local/lib/python3.12/site-packages/airflow/example_dags/example_subdag_operator.py
[2025-03-27T10:11:41.663+0000] {logging_mixin.py:190} INFO - [2025-03-27T10:11:41.663+0000] {dag.py:3239} INFO - Sync 3 DAGs
[2025-03-27T10:11:41.674+0000] {logging_mixin.py:190} INFO - [2025-03-27T10:11:41.673+0000] {dag.py:4180} INFO - Setting next_dagrun for example_subdag_operator to 2022-01-01 00:00:00+00:00, run_after=2022-01-01 00:00:00+00:00
[2025-03-27T10:11:41.675+0000] {logging_mixin.py:190} INFO - [2025-03-27T10:11:41.675+0000] {dag.py:4180} INFO - Setting next_dagrun for example_subdag_operator.section-1 to None, run_after=None
[2025-03-27T10:11:41.676+0000] {logging_mixin.py:190} INFO - [2025-03-27T10:11:41.676+0000] {dag.py:4180} INFO - Setting next_dagrun for example_subdag_operator.section-2 to None, run_after=None
[2025-03-27T10:11:41.679+0000] {logging_mixin.py:190} INFO - [2025-03-27T10:11:41.679+0000] {dag.py:3239} INFO - Sync 2 DAGs
[2025-03-27T10:11:41.682+0000] {logging_mixin.py:190} INFO - [2025-03-27T10:11:41.682+0000] {dag.py:4180} INFO - Setting next_dagrun for example_subdag_operator.section-1 to None, run_after=None
[2025-03-27T10:11:41.682+0000] {logging_mixin.py:190} INFO - [2025-03-27T10:11:41.682+0000] {dag.py:4180} INFO - Setting next_dagrun for example_subdag_operator.section-2 to None, run_after=None
[2025-03-27T10:11:41.687+0000] {processor.py:208} INFO - Processing /home/airflow/.local/lib/python3.12/site-packages/airflow/example_dags/example_subdag_operator.py took 0.054 seconds
[2025-03-27T10:12:12.366+0000] {processor.py:186} INFO - Started process (PID=881) to work on /home/airflow/.local/lib/python3.12/site-packages/airflow/example_dags/example_subdag_operator.py
[2025-03-27T10:12:12.367+0000] {processor.py:914} INFO - Processing file /home/airflow/.local/lib/python3.12/site-packages/airflow/example_dags/example_subdag_operator.py for tasks to queue
[2025-03-27T10:12:12.369+0000] {logging_mixin.py:190} INFO - [2025-03-27T10:12:12.368+0000] {dagbag.py:588} INFO - Filling up the DagBag from /home/airflow/.local/lib/python3.12/site-packages/airflow/example_dags/example_subdag_operator.py
[2025-03-27T10:12:12.384+0000] {processor.py:925} INFO - DAG(s) 'example_subdag_operator.section-1', 'example_subdag_operator.section-2', 'example_subdag_operator' retrieved from /home/airflow/.local/lib/python3.12/site-packages/airflow/example_dags/example_subdag_operator.py
[2025-03-27T10:12:12.391+0000] {logging_mixin.py:190} INFO - [2025-03-27T10:12:12.391+0000] {dag.py:3239} INFO - Sync 3 DAGs
[2025-03-27T10:12:12.402+0000] {logging_mixin.py:190} INFO - [2025-03-27T10:12:12.402+0000] {dag.py:4180} INFO - Setting next_dagrun for example_subdag_operator to 2022-01-01 00:00:00+00:00, run_after=2022-01-01 00:00:00+00:00
[2025-03-27T10:12:12.404+0000] {logging_mixin.py:190} INFO - [2025-03-27T10:12:12.404+0000] {dag.py:4180} INFO - Setting next_dagrun for example_subdag_operator.section-1 to None, run_after=None
[2025-03-27T10:12:12.404+0000] {logging_mixin.py:190} INFO - [2025-03-27T10:12:12.404+0000] {dag.py:4180} INFO - Setting next_dagrun for example_subdag_operator.section-2 to None, run_after=None
[2025-03-27T10:12:12.408+0000] {logging_mixin.py:190} INFO - [2025-03-27T10:12:12.407+0000] {dag.py:3239} INFO - Sync 2 DAGs
[2025-03-27T10:12:12.410+0000] {logging_mixin.py:190} INFO - [2025-03-27T10:12:12.410+0000] {dag.py:4180} INFO - Setting next_dagrun for example_subdag_operator.section-1 to None, run_after=None
[2025-03-27T10:12:12.410+0000] {logging_mixin.py:190} INFO - [2025-03-27T10:12:12.410+0000] {dag.py:4180} INFO - Setting next_dagrun for example_subdag_operator.section-2 to None, run_after=None
[2025-03-27T10:12:12.415+0000] {processor.py:208} INFO - Processing /home/airflow/.local/lib/python3.12/site-packages/airflow/example_dags/example_subdag_operator.py took 0.051 seconds
[2025-03-27T10:12:43.207+0000] {processor.py:186} INFO - Started process (PID=944) to work on /home/airflow/.local/lib/python3.12/site-packages/airflow/example_dags/example_subdag_operator.py
[2025-03-27T10:12:43.208+0000] {processor.py:914} INFO - Processing file /home/airflow/.local/lib/python3.12/site-packages/airflow/example_dags/example_subdag_operator.py for tasks to queue
[2025-03-27T10:12:43.209+0000] {logging_mixin.py:190} INFO - [2025-03-27T10:12:43.209+0000] {dagbag.py:588} INFO - Filling up the DagBag from /home/airflow/.local/lib/python3.12/site-packages/airflow/example_dags/example_subdag_operator.py
[2025-03-27T10:12:43.228+0000] {processor.py:925} INFO - DAG(s) 'example_subdag_operator.section-1', 'example_subdag_operator.section-2', 'example_subdag_operator' retrieved from /home/airflow/.local/lib/python3.12/site-packages/airflow/example_dags/example_subdag_operator.py
[2025-03-27T10:12:43.236+0000] {logging_mixin.py:190} INFO - [2025-03-27T10:12:43.236+0000] {dag.py:3239} INFO - Sync 3 DAGs
[2025-03-27T10:12:43.249+0000] {logging_mixin.py:190} INFO - [2025-03-27T10:12:43.248+0000] {dag.py:4180} INFO - Setting next_dagrun for example_subdag_operator to 2022-01-01 00:00:00+00:00, run_after=2022-01-01 00:00:00+00:00
[2025-03-27T10:12:43.251+0000] {logging_mixin.py:190} INFO - [2025-03-27T10:12:43.250+0000] {dag.py:4180} INFO - Setting next_dagrun for example_subdag_operator.section-1 to None, run_after=None
[2025-03-27T10:12:43.251+0000] {logging_mixin.py:190} INFO - [2025-03-27T10:12:43.251+0000] {dag.py:4180} INFO - Setting next_dagrun for example_subdag_operator.section-2 to None, run_after=None
[2025-03-27T10:12:43.254+0000] {logging_mixin.py:190} INFO - [2025-03-27T10:12:43.254+0000] {dag.py:3239} INFO - Sync 2 DAGs
[2025-03-27T10:12:43.257+0000] {logging_mixin.py:190} INFO - [2025-03-27T10:12:43.257+0000] {dag.py:4180} INFO - Setting next_dagrun for example_subdag_operator.section-1 to None, run_after=None
[2025-03-27T10:12:43.257+0000] {logging_mixin.py:190} INFO - [2025-03-27T10:12:43.257+0000] {dag.py:4180} INFO - Setting next_dagrun for example_subdag_operator.section-2 to None, run_after=None
[2025-03-27T10:12:43.262+0000] {processor.py:208} INFO - Processing /home/airflow/.local/lib/python3.12/site-packages/airflow/example_dags/example_subdag_operator.py took 0.059 seconds
[2025-03-27T10:13:14.152+0000] {processor.py:186} INFO - Started process (PID=1007) to work on /home/airflow/.local/lib/python3.12/site-packages/airflow/example_dags/example_subdag_operator.py
[2025-03-27T10:13:14.152+0000] {processor.py:914} INFO - Processing file /home/airflow/.local/lib/python3.12/site-packages/airflow/example_dags/example_subdag_operator.py for tasks to queue
[2025-03-27T10:13:14.154+0000] {logging_mixin.py:190} INFO - [2025-03-27T10:13:14.153+0000] {dagbag.py:588} INFO - Filling up the DagBag from /home/airflow/.local/lib/python3.12/site-packages/airflow/example_dags/example_subdag_operator.py
[2025-03-27T10:13:14.171+0000] {processor.py:925} INFO - DAG(s) 'example_subdag_operator.section-1', 'example_subdag_operator.section-2', 'example_subdag_operator' retrieved from /home/airflow/.local/lib/python3.12/site-packages/airflow/example_dags/example_subdag_operator.py
[2025-03-27T10:13:14.179+0000] {logging_mixin.py:190} INFO - [2025-03-27T10:13:14.179+0000] {dag.py:3239} INFO - Sync 3 DAGs
[2025-03-27T10:13:14.190+0000] {logging_mixin.py:190} INFO - [2025-03-27T10:13:14.190+0000] {dag.py:4180} INFO - Setting next_dagrun for example_subdag_operator to 2022-01-01 00:00:00+00:00, run_after=2022-01-01 00:00:00+00:00
[2025-03-27T10:13:14.192+0000] {logging_mixin.py:190} INFO - [2025-03-27T10:13:14.191+0000] {dag.py:4180} INFO - Setting next_dagrun for example_subdag_operator.section-1 to None, run_after=None
[2025-03-27T10:13:14.192+0000] {logging_mixin.py:190} INFO - [2025-03-27T10:13:14.192+0000] {dag.py:4180} INFO - Setting next_dagrun for example_subdag_operator.section-2 to None, run_after=None
[2025-03-27T10:13:14.197+0000] {logging_mixin.py:190} INFO - [2025-03-27T10:13:14.197+0000] {dag.py:3239} INFO - Sync 2 DAGs
[2025-03-27T10:13:14.200+0000] {logging_mixin.py:190} INFO - [2025-03-27T10:13:14.200+0000] {dag.py:4180} INFO - Setting next_dagrun for example_subdag_operator.section-1 to None, run_after=None
[2025-03-27T10:13:14.200+0000] {logging_mixin.py:190} INFO - [2025-03-27T10:13:14.200+0000] {dag.py:4180} INFO - Setting next_dagrun for example_subdag_operator.section-2 to None, run_after=None
[2025-03-27T10:13:14.206+0000] {processor.py:208} INFO - Processing /home/airflow/.local/lib/python3.12/site-packages/airflow/example_dags/example_subdag_operator.py took 0.058 seconds
[2025-03-27T10:13:44.226+0000] {processor.py:186} INFO - Started process (PID=1070) to work on /home/airflow/.local/lib/python3.12/site-packages/airflow/example_dags/example_subdag_operator.py
[2025-03-27T10:13:44.227+0000] {processor.py:914} INFO - Processing file /home/airflow/.local/lib/python3.12/site-packages/airflow/example_dags/example_subdag_operator.py for tasks to queue
[2025-03-27T10:13:44.229+0000] {logging_mixin.py:190} INFO - [2025-03-27T10:13:44.229+0000] {dagbag.py:588} INFO - Filling up the DagBag from /home/airflow/.local/lib/python3.12/site-packages/airflow/example_dags/example_subdag_operator.py
[2025-03-27T10:13:44.243+0000] {processor.py:925} INFO - DAG(s) 'example_subdag_operator.section-1', 'example_subdag_operator.section-2', 'example_subdag_operator' retrieved from /home/airflow/.local/lib/python3.12/site-packages/airflow/example_dags/example_subdag_operator.py
[2025-03-27T10:13:44.251+0000] {logging_mixin.py:190} INFO - [2025-03-27T10:13:44.251+0000] {dag.py:3239} INFO - Sync 3 DAGs
[2025-03-27T10:13:44.262+0000] {logging_mixin.py:190} INFO - [2025-03-27T10:13:44.262+0000] {dag.py:4180} INFO - Setting next_dagrun for example_subdag_operator to 2022-01-01 00:00:00+00:00, run_after=2022-01-01 00:00:00+00:00
[2025-03-27T10:13:44.264+0000] {logging_mixin.py:190} INFO - [2025-03-27T10:13:44.264+0000] {dag.py:4180} INFO - Setting next_dagrun for example_subdag_operator.section-1 to None, run_after=None
[2025-03-27T10:13:44.265+0000] {logging_mixin.py:190} INFO - [2025-03-27T10:13:44.265+0000] {dag.py:4180} INFO - Setting next_dagrun for example_subdag_operator.section-2 to None, run_after=None
[2025-03-27T10:13:44.268+0000] {logging_mixin.py:190} INFO - [2025-03-27T10:13:44.268+0000] {dag.py:3239} INFO - Sync 2 DAGs
[2025-03-27T10:13:44.271+0000] {logging_mixin.py:190} INFO - [2025-03-27T10:13:44.271+0000] {dag.py:4180} INFO - Setting next_dagrun for example_subdag_operator.section-1 to None, run_after=None
[2025-03-27T10:13:44.271+0000] {logging_mixin.py:190} INFO - [2025-03-27T10:13:44.271+0000] {dag.py:4180} INFO - Setting next_dagrun for example_subdag_operator.section-2 to None, run_after=None
[2025-03-27T10:13:44.277+0000] {processor.py:208} INFO - Processing /home/airflow/.local/lib/python3.12/site-packages/airflow/example_dags/example_subdag_operator.py took 0.054 seconds
[2025-03-27T10:14:14.294+0000] {processor.py:186} INFO - Started process (PID=1133) to work on /home/airflow/.local/lib/python3.12/site-packages/airflow/example_dags/example_subdag_operator.py
[2025-03-27T10:14:14.295+0000] {processor.py:914} INFO - Processing file /home/airflow/.local/lib/python3.12/site-packages/airflow/example_dags/example_subdag_operator.py for tasks to queue
[2025-03-27T10:14:14.296+0000] {logging_mixin.py:190} INFO - [2025-03-27T10:14:14.296+0000] {dagbag.py:588} INFO - Filling up the DagBag from /home/airflow/.local/lib/python3.12/site-packages/airflow/example_dags/example_subdag_operator.py
[2025-03-27T10:14:14.312+0000] {processor.py:925} INFO - DAG(s) 'example_subdag_operator.section-1', 'example_subdag_operator.section-2', 'example_subdag_operator' retrieved from /home/airflow/.local/lib/python3.12/site-packages/airflow/example_dags/example_subdag_operator.py
[2025-03-27T10:14:14.320+0000] {logging_mixin.py:190} INFO - [2025-03-27T10:14:14.320+0000] {dag.py:3239} INFO - Sync 3 DAGs
[2025-03-27T10:14:14.332+0000] {logging_mixin.py:190} INFO - [2025-03-27T10:14:14.332+0000] {dag.py:4180} INFO - Setting next_dagrun for example_subdag_operator to 2022-01-01 00:00:00+00:00, run_after=2022-01-01 00:00:00+00:00
[2025-03-27T10:14:14.333+0000] {logging_mixin.py:190} INFO - [2025-03-27T10:14:14.333+0000] {dag.py:4180} INFO - Setting next_dagrun for example_subdag_operator.section-1 to None, run_after=None
[2025-03-27T10:14:14.334+0000] {logging_mixin.py:190} INFO - [2025-03-27T10:14:14.334+0000] {dag.py:4180} INFO - Setting next_dagrun for example_subdag_operator.section-2 to None, run_after=None
[2025-03-27T10:14:14.338+0000] {logging_mixin.py:190} INFO - [2025-03-27T10:14:14.337+0000] {dag.py:3239} INFO - Sync 2 DAGs
[2025-03-27T10:14:14.340+0000] {logging_mixin.py:190} INFO - [2025-03-27T10:14:14.340+0000] {dag.py:4180} INFO - Setting next_dagrun for example_subdag_operator.section-1 to None, run_after=None
[2025-03-27T10:14:14.341+0000] {logging_mixin.py:190} INFO - [2025-03-27T10:14:14.340+0000] {dag.py:4180} INFO - Setting next_dagrun for example_subdag_operator.section-2 to None, run_after=None
[2025-03-27T10:14:14.345+0000] {processor.py:208} INFO - Processing /home/airflow/.local/lib/python3.12/site-packages/airflow/example_dags/example_subdag_operator.py took 0.055 seconds
[2025-03-27T10:14:45.140+0000] {processor.py:186} INFO - Started process (PID=1196) to work on /home/airflow/.local/lib/python3.12/site-packages/airflow/example_dags/example_subdag_operator.py
[2025-03-27T10:14:45.141+0000] {processor.py:914} INFO - Processing file /home/airflow/.local/lib/python3.12/site-packages/airflow/example_dags/example_subdag_operator.py for tasks to queue
[2025-03-27T10:14:45.142+0000] {logging_mixin.py:190} INFO - [2025-03-27T10:14:45.142+0000] {dagbag.py:588} INFO - Filling up the DagBag from /home/airflow/.local/lib/python3.12/site-packages/airflow/example_dags/example_subdag_operator.py
[2025-03-27T10:14:45.156+0000] {processor.py:925} INFO - DAG(s) 'example_subdag_operator.section-1', 'example_subdag_operator.section-2', 'example_subdag_operator' retrieved from /home/airflow/.local/lib/python3.12/site-packages/airflow/example_dags/example_subdag_operator.py
[2025-03-27T10:14:45.165+0000] {logging_mixin.py:190} INFO - [2025-03-27T10:14:45.164+0000] {dag.py:3239} INFO - Sync 3 DAGs
[2025-03-27T10:14:45.177+0000] {logging_mixin.py:190} INFO - [2025-03-27T10:14:45.176+0000] {dag.py:4180} INFO - Setting next_dagrun for example_subdag_operator to 2022-01-01 00:00:00+00:00, run_after=2022-01-01 00:00:00+00:00
[2025-03-27T10:14:45.179+0000] {logging_mixin.py:190} INFO - [2025-03-27T10:14:45.179+0000] {dag.py:4180} INFO - Setting next_dagrun for example_subdag_operator.section-1 to None, run_after=None
[2025-03-27T10:14:45.180+0000] {logging_mixin.py:190} INFO - [2025-03-27T10:14:45.180+0000] {dag.py:4180} INFO - Setting next_dagrun for example_subdag_operator.section-2 to None, run_after=None
[2025-03-27T10:14:45.183+0000] {logging_mixin.py:190} INFO - [2025-03-27T10:14:45.183+0000] {dag.py:3239} INFO - Sync 2 DAGs
[2025-03-27T10:14:45.186+0000] {logging_mixin.py:190} INFO - [2025-03-27T10:14:45.186+0000] {dag.py:4180} INFO - Setting next_dagrun for example_subdag_operator.section-1 to None, run_after=None
[2025-03-27T10:14:45.187+0000] {logging_mixin.py:190} INFO - [2025-03-27T10:14:45.187+0000] {dag.py:4180} INFO - Setting next_dagrun for example_subdag_operator.section-2 to None, run_after=None
[2025-03-27T10:14:45.192+0000] {processor.py:208} INFO - Processing /home/airflow/.local/lib/python3.12/site-packages/airflow/example_dags/example_subdag_operator.py took 0.056 seconds
[2025-03-27T10:15:15.254+0000] {processor.py:186} INFO - Started process (PID=1258) to work on /home/airflow/.local/lib/python3.12/site-packages/airflow/example_dags/example_subdag_operator.py
[2025-03-27T10:15:15.255+0000] {processor.py:914} INFO - Processing file /home/airflow/.local/lib/python3.12/site-packages/airflow/example_dags/example_subdag_operator.py for tasks to queue
[2025-03-27T10:15:15.257+0000] {logging_mixin.py:190} INFO - [2025-03-27T10:15:15.256+0000] {dagbag.py:588} INFO - Filling up the DagBag from /home/airflow/.local/lib/python3.12/site-packages/airflow/example_dags/example_subdag_operator.py
[2025-03-27T10:15:15.270+0000] {processor.py:925} INFO - DAG(s) 'example_subdag_operator.section-1', 'example_subdag_operator.section-2', 'example_subdag_operator' retrieved from /home/airflow/.local/lib/python3.12/site-packages/airflow/example_dags/example_subdag_operator.py
[2025-03-27T10:15:15.278+0000] {logging_mixin.py:190} INFO - [2025-03-27T10:15:15.278+0000] {dag.py:3239} INFO - Sync 3 DAGs
[2025-03-27T10:15:15.289+0000] {logging_mixin.py:190} INFO - [2025-03-27T10:15:15.289+0000] {dag.py:4180} INFO - Setting next_dagrun for example_subdag_operator to 2022-01-01 00:00:00+00:00, run_after=2022-01-01 00:00:00+00:00
[2025-03-27T10:15:15.291+0000] {logging_mixin.py:190} INFO - [2025-03-27T10:15:15.291+0000] {dag.py:4180} INFO - Setting next_dagrun for example_subdag_operator.section-1 to None, run_after=None
[2025-03-27T10:15:15.292+0000] {logging_mixin.py:190} INFO - [2025-03-27T10:15:15.292+0000] {dag.py:4180} INFO - Setting next_dagrun for example_subdag_operator.section-2 to None, run_after=None
[2025-03-27T10:15:15.295+0000] {logging_mixin.py:190} INFO - [2025-03-27T10:15:15.295+0000] {dag.py:3239} INFO - Sync 2 DAGs
[2025-03-27T10:15:15.297+0000] {logging_mixin.py:190} INFO - [2025-03-27T10:15:15.297+0000] {dag.py:4180} INFO - Setting next_dagrun for example_subdag_operator.section-1 to None, run_after=None
[2025-03-27T10:15:15.298+0000] {logging_mixin.py:190} INFO - [2025-03-27T10:15:15.298+0000] {dag.py:4180} INFO - Setting next_dagrun for example_subdag_operator.section-2 to None, run_after=None
[2025-03-27T10:15:15.303+0000] {processor.py:208} INFO - Processing /home/airflow/.local/lib/python3.12/site-packages/airflow/example_dags/example_subdag_operator.py took 0.052 seconds
[2025-03-27T10:15:46.051+0000] {processor.py:186} INFO - Started process (PID=1321) to work on /home/airflow/.local/lib/python3.12/site-packages/airflow/example_dags/example_subdag_operator.py
[2025-03-27T10:15:46.052+0000] {processor.py:914} INFO - Processing file /home/airflow/.local/lib/python3.12/site-packages/airflow/example_dags/example_subdag_operator.py for tasks to queue
[2025-03-27T10:15:46.056+0000] {logging_mixin.py:190} INFO - [2025-03-27T10:15:46.056+0000] {dagbag.py:588} INFO - Filling up the DagBag from /home/airflow/.local/lib/python3.12/site-packages/airflow/example_dags/example_subdag_operator.py
[2025-03-27T10:15:46.072+0000] {processor.py:925} INFO - DAG(s) 'example_subdag_operator.section-1', 'example_subdag_operator.section-2', 'example_subdag_operator' retrieved from /home/airflow/.local/lib/python3.12/site-packages/airflow/example_dags/example_subdag_operator.py
[2025-03-27T10:15:46.079+0000] {logging_mixin.py:190} INFO - [2025-03-27T10:15:46.079+0000] {dag.py:3239} INFO - Sync 3 DAGs
[2025-03-27T10:15:46.091+0000] {logging_mixin.py:190} INFO - [2025-03-27T10:15:46.091+0000] {dag.py:4180} INFO - Setting next_dagrun for example_subdag_operator to 2022-01-01 00:00:00+00:00, run_after=2022-01-01 00:00:00+00:00
[2025-03-27T10:15:46.094+0000] {logging_mixin.py:190} INFO - [2025-03-27T10:15:46.094+0000] {dag.py:4180} INFO - Setting next_dagrun for example_subdag_operator.section-1 to None, run_after=None
[2025-03-27T10:15:46.095+0000] {logging_mixin.py:190} INFO - [2025-03-27T10:15:46.095+0000] {dag.py:4180} INFO - Setting next_dagrun for example_subdag_operator.section-2 to None, run_after=None
[2025-03-27T10:15:46.098+0000] {logging_mixin.py:190} INFO - [2025-03-27T10:15:46.098+0000] {dag.py:3239} INFO - Sync 2 DAGs
[2025-03-27T10:15:46.101+0000] {logging_mixin.py:190} INFO - [2025-03-27T10:15:46.101+0000] {dag.py:4180} INFO - Setting next_dagrun for example_subdag_operator.section-1 to None, run_after=None
[2025-03-27T10:15:46.101+0000] {logging_mixin.py:190} INFO - [2025-03-27T10:15:46.101+0000] {dag.py:4180} INFO - Setting next_dagrun for example_subdag_operator.section-2 to None, run_after=None
[2025-03-27T10:15:46.107+0000] {processor.py:208} INFO - Processing /home/airflow/.local/lib/python3.12/site-packages/airflow/example_dags/example_subdag_operator.py took 0.059 seconds
[2025-03-27T10:16:17.004+0000] {processor.py:186} INFO - Started process (PID=1384) to work on /home/airflow/.local/lib/python3.12/site-packages/airflow/example_dags/example_subdag_operator.py
[2025-03-27T10:16:17.005+0000] {processor.py:914} INFO - Processing file /home/airflow/.local/lib/python3.12/site-packages/airflow/example_dags/example_subdag_operator.py for tasks to queue
[2025-03-27T10:16:17.007+0000] {logging_mixin.py:190} INFO - [2025-03-27T10:16:17.007+0000] {dagbag.py:588} INFO - Filling up the DagBag from /home/airflow/.local/lib/python3.12/site-packages/airflow/example_dags/example_subdag_operator.py
[2025-03-27T10:16:17.027+0000] {processor.py:925} INFO - DAG(s) 'example_subdag_operator.section-1', 'example_subdag_operator.section-2', 'example_subdag_operator' retrieved from /home/airflow/.local/lib/python3.12/site-packages/airflow/example_dags/example_subdag_operator.py
[2025-03-27T10:16:17.035+0000] {logging_mixin.py:190} INFO - [2025-03-27T10:16:17.034+0000] {dag.py:3239} INFO - Sync 3 DAGs
[2025-03-27T10:16:17.047+0000] {logging_mixin.py:190} INFO - [2025-03-27T10:16:17.046+0000] {dag.py:4180} INFO - Setting next_dagrun for example_subdag_operator to 2022-01-01 00:00:00+00:00, run_after=2022-01-01 00:00:00+00:00
[2025-03-27T10:16:17.048+0000] {logging_mixin.py:190} INFO - [2025-03-27T10:16:17.048+0000] {dag.py:4180} INFO - Setting next_dagrun for example_subdag_operator.section-1 to None, run_after=None
[2025-03-27T10:16:17.050+0000] {logging_mixin.py:190} INFO - [2025-03-27T10:16:17.050+0000] {dag.py:4180} INFO - Setting next_dagrun for example_subdag_operator.section-2 to None, run_after=None
[2025-03-27T10:16:17.054+0000] {logging_mixin.py:190} INFO - [2025-03-27T10:16:17.053+0000] {dag.py:3239} INFO - Sync 2 DAGs
[2025-03-27T10:16:17.056+0000] {logging_mixin.py:190} INFO - [2025-03-27T10:16:17.056+0000] {dag.py:4180} INFO - Setting next_dagrun for example_subdag_operator.section-1 to None, run_after=None
[2025-03-27T10:16:17.058+0000] {logging_mixin.py:190} INFO - [2025-03-27T10:16:17.058+0000] {dag.py:4180} INFO - Setting next_dagrun for example_subdag_operator.section-2 to None, run_after=None
[2025-03-27T10:16:17.063+0000] {processor.py:208} INFO - Processing /home/airflow/.local/lib/python3.12/site-packages/airflow/example_dags/example_subdag_operator.py took 0.065 seconds
[2025-03-27T10:16:47.223+0000] {processor.py:186} INFO - Started process (PID=1447) to work on /home/airflow/.local/lib/python3.12/site-packages/airflow/example_dags/example_subdag_operator.py
[2025-03-27T10:16:47.224+0000] {processor.py:914} INFO - Processing file /home/airflow/.local/lib/python3.12/site-packages/airflow/example_dags/example_subdag_operator.py for tasks to queue
[2025-03-27T10:16:47.225+0000] {logging_mixin.py:190} INFO - [2025-03-27T10:16:47.225+0000] {dagbag.py:588} INFO - Filling up the DagBag from /home/airflow/.local/lib/python3.12/site-packages/airflow/example_dags/example_subdag_operator.py
[2025-03-27T10:16:47.238+0000] {processor.py:925} INFO - DAG(s) 'example_subdag_operator.section-1', 'example_subdag_operator.section-2', 'example_subdag_operator' retrieved from /home/airflow/.local/lib/python3.12/site-packages/airflow/example_dags/example_subdag_operator.py
[2025-03-27T10:16:47.247+0000] {logging_mixin.py:190} INFO - [2025-03-27T10:16:47.247+0000] {dag.py:3239} INFO - Sync 3 DAGs
[2025-03-27T10:16:47.258+0000] {logging_mixin.py:190} INFO - [2025-03-27T10:16:47.257+0000] {dag.py:4180} INFO - Setting next_dagrun for example_subdag_operator to 2022-01-01 00:00:00+00:00, run_after=2022-01-01 00:00:00+00:00
[2025-03-27T10:16:47.259+0000] {logging_mixin.py:190} INFO - [2025-03-27T10:16:47.259+0000] {dag.py:4180} INFO - Setting next_dagrun for example_subdag_operator.section-1 to None, run_after=None
[2025-03-27T10:16:47.260+0000] {logging_mixin.py:190} INFO - [2025-03-27T10:16:47.260+0000] {dag.py:4180} INFO - Setting next_dagrun for example_subdag_operator.section-2 to None, run_after=None
[2025-03-27T10:16:47.263+0000] {logging_mixin.py:190} INFO - [2025-03-27T10:16:47.263+0000] {dag.py:3239} INFO - Sync 2 DAGs
[2025-03-27T10:16:47.266+0000] {logging_mixin.py:190} INFO - [2025-03-27T10:16:47.265+0000] {dag.py:4180} INFO - Setting next_dagrun for example_subdag_operator.section-1 to None, run_after=None
[2025-03-27T10:16:47.266+0000] {logging_mixin.py:190} INFO - [2025-03-27T10:16:47.266+0000] {dag.py:4180} INFO - Setting next_dagrun for example_subdag_operator.section-2 to None, run_after=None
[2025-03-27T10:16:47.271+0000] {processor.py:208} INFO - Processing /home/airflow/.local/lib/python3.12/site-packages/airflow/example_dags/example_subdag_operator.py took 0.051 seconds
[2025-03-27T10:17:18.025+0000] {processor.py:186} INFO - Started process (PID=1510) to work on /home/airflow/.local/lib/python3.12/site-packages/airflow/example_dags/example_subdag_operator.py
[2025-03-27T10:17:18.026+0000] {processor.py:914} INFO - Processing file /home/airflow/.local/lib/python3.12/site-packages/airflow/example_dags/example_subdag_operator.py for tasks to queue
[2025-03-27T10:17:18.028+0000] {logging_mixin.py:190} INFO - [2025-03-27T10:17:18.027+0000] {dagbag.py:588} INFO - Filling up the DagBag from /home/airflow/.local/lib/python3.12/site-packages/airflow/example_dags/example_subdag_operator.py
[2025-03-27T10:17:18.041+0000] {processor.py:925} INFO - DAG(s) 'example_subdag_operator.section-1', 'example_subdag_operator.section-2', 'example_subdag_operator' retrieved from /home/airflow/.local/lib/python3.12/site-packages/airflow/example_dags/example_subdag_operator.py
[2025-03-27T10:17:18.049+0000] {logging_mixin.py:190} INFO - [2025-03-27T10:17:18.049+0000] {dag.py:3239} INFO - Sync 3 DAGs
[2025-03-27T10:17:18.061+0000] {logging_mixin.py:190} INFO - [2025-03-27T10:17:18.061+0000] {dag.py:4180} INFO - Setting next_dagrun for example_subdag_operator to 2022-01-01 00:00:00+00:00, run_after=2022-01-01 00:00:00+00:00
[2025-03-27T10:17:18.064+0000] {logging_mixin.py:190} INFO - [2025-03-27T10:17:18.063+0000] {dag.py:4180} INFO - Setting next_dagrun for example_subdag_operator.section-1 to None, run_after=None
[2025-03-27T10:17:18.064+0000] {logging_mixin.py:190} INFO - [2025-03-27T10:17:18.064+0000] {dag.py:4180} INFO - Setting next_dagrun for example_subdag_operator.section-2 to None, run_after=None
[2025-03-27T10:17:18.068+0000] {logging_mixin.py:190} INFO - [2025-03-27T10:17:18.068+0000] {dag.py:3239} INFO - Sync 2 DAGs
[2025-03-27T10:17:18.071+0000] {logging_mixin.py:190} INFO - [2025-03-27T10:17:18.071+0000] {dag.py:4180} INFO - Setting next_dagrun for example_subdag_operator.section-1 to None, run_after=None
[2025-03-27T10:17:18.071+0000] {logging_mixin.py:190} INFO - [2025-03-27T10:17:18.071+0000] {dag.py:4180} INFO - Setting next_dagrun for example_subdag_operator.section-2 to None, run_after=None
[2025-03-27T10:17:18.076+0000] {processor.py:208} INFO - Processing /home/airflow/.local/lib/python3.12/site-packages/airflow/example_dags/example_subdag_operator.py took 0.054 seconds
[2025-03-27T10:17:48.931+0000] {processor.py:186} INFO - Started process (PID=1573) to work on /home/airflow/.local/lib/python3.12/site-packages/airflow/example_dags/example_subdag_operator.py
[2025-03-27T10:17:48.932+0000] {processor.py:914} INFO - Processing file /home/airflow/.local/lib/python3.12/site-packages/airflow/example_dags/example_subdag_operator.py for tasks to queue
[2025-03-27T10:17:48.933+0000] {logging_mixin.py:190} INFO - [2025-03-27T10:17:48.933+0000] {dagbag.py:588} INFO - Filling up the DagBag from /home/airflow/.local/lib/python3.12/site-packages/airflow/example_dags/example_subdag_operator.py
[2025-03-27T10:17:48.952+0000] {processor.py:925} INFO - DAG(s) 'example_subdag_operator.section-1', 'example_subdag_operator.section-2', 'example_subdag_operator' retrieved from /home/airflow/.local/lib/python3.12/site-packages/airflow/example_dags/example_subdag_operator.py
[2025-03-27T10:17:48.960+0000] {logging_mixin.py:190} INFO - [2025-03-27T10:17:48.960+0000] {dag.py:3239} INFO - Sync 3 DAGs
[2025-03-27T10:17:48.974+0000] {logging_mixin.py:190} INFO - [2025-03-27T10:17:48.974+0000] {dag.py:4180} INFO - Setting next_dagrun for example_subdag_operator to 2022-01-01 00:00:00+00:00, run_after=2022-01-01 00:00:00+00:00
[2025-03-27T10:17:48.979+0000] {logging_mixin.py:190} INFO - [2025-03-27T10:17:48.978+0000] {dag.py:4180} INFO - Setting next_dagrun for example_subdag_operator.section-1 to None, run_after=None
[2025-03-27T10:17:48.982+0000] {logging_mixin.py:190} INFO - [2025-03-27T10:17:48.982+0000] {dag.py:4180} INFO - Setting next_dagrun for example_subdag_operator.section-2 to None, run_after=None
[2025-03-27T10:17:48.985+0000] {logging_mixin.py:190} INFO - [2025-03-27T10:17:48.985+0000] {dag.py:3239} INFO - Sync 2 DAGs
[2025-03-27T10:17:48.988+0000] {logging_mixin.py:190} INFO - [2025-03-27T10:17:48.988+0000] {dag.py:4180} INFO - Setting next_dagrun for example_subdag_operator.section-1 to None, run_after=None
[2025-03-27T10:17:48.988+0000] {logging_mixin.py:190} INFO - [2025-03-27T10:17:48.988+0000] {dag.py:4180} INFO - Setting next_dagrun for example_subdag_operator.section-2 to None, run_after=None
[2025-03-27T10:17:48.994+0000] {processor.py:208} INFO - Processing /home/airflow/.local/lib/python3.12/site-packages/airflow/example_dags/example_subdag_operator.py took 0.066 seconds
