[2025-03-27T10:05:34.808+0000] {processor.py:186} INFO - Started process (PID=63) to work on /home/airflow/.local/lib/python3.12/site-packages/airflow/example_dags/example_python_operator.py
[2025-03-27T10:05:34.809+0000] {processor.py:914} INFO - Processing file /home/airflow/.local/lib/python3.12/site-packages/airflow/example_dags/example_python_operator.py for tasks to queue
[2025-03-27T10:05:34.811+0000] {logging_mixin.py:190} INFO - [2025-03-27T10:05:34.811+0000] {dagbag.py:588} INFO - Filling up the DagBag from /home/airflow/.local/lib/python3.12/site-packages/airflow/example_dags/example_python_operator.py
[2025-03-27T10:05:34.823+0000] {processor.py:925} INFO - DAG(s) 'example_python_operator' retrieved from /home/airflow/.local/lib/python3.12/site-packages/airflow/example_dags/example_python_operator.py
[2025-03-27T10:05:34.907+0000] {logging_mixin.py:190} INFO - [2025-03-27T10:05:34.906+0000] {override.py:1912} INFO - Created Permission View: can read on DAG:example_python_operator
[2025-03-27T10:05:34.912+0000] {logging_mixin.py:190} INFO - [2025-03-27T10:05:34.912+0000] {override.py:1912} INFO - Created Permission View: can delete on DAG:example_python_operator
[2025-03-27T10:05:34.916+0000] {logging_mixin.py:190} INFO - [2025-03-27T10:05:34.916+0000] {override.py:1912} INFO - Created Permission View: can edit on DAG:example_python_operator
[2025-03-27T10:05:34.924+0000] {logging_mixin.py:190} INFO - [2025-03-27T10:05:34.924+0000] {override.py:1912} INFO - Created Permission View: can read on DAG Run:example_python_operator
[2025-03-27T10:05:34.930+0000] {logging_mixin.py:190} INFO - [2025-03-27T10:05:34.930+0000] {override.py:1912} INFO - Created Permission View: can delete on DAG Run:example_python_operator
[2025-03-27T10:05:34.937+0000] {logging_mixin.py:190} INFO - [2025-03-27T10:05:34.937+0000] {override.py:1912} INFO - Created Permission View: can create on DAG Run:example_python_operator
[2025-03-27T10:05:34.943+0000] {logging_mixin.py:190} INFO - [2025-03-27T10:05:34.943+0000] {override.py:1912} INFO - Created Permission View: menu access on DAG Run:example_python_operator
[2025-03-27T10:05:34.947+0000] {logging_mixin.py:190} INFO - [2025-03-27T10:05:34.947+0000] {dag.py:3239} INFO - Sync 1 DAGs
[2025-03-27T10:05:34.971+0000] {logging_mixin.py:190} INFO - [2025-03-27T10:05:34.970+0000] {dag.py:3262} INFO - Creating ORM DAG for example_python_operator
[2025-03-27T10:05:34.976+0000] {logging_mixin.py:190} INFO - [2025-03-27T10:05:34.975+0000] {dag.py:4180} INFO - Setting next_dagrun for example_python_operator to None, run_after=None
[2025-03-27T10:05:35.116+0000] {processor.py:208} INFO - Processing /home/airflow/.local/lib/python3.12/site-packages/airflow/example_dags/example_python_operator.py took 0.312 seconds
[2025-03-27T10:06:05.525+0000] {processor.py:186} INFO - Started process (PID=126) to work on /home/airflow/.local/lib/python3.12/site-packages/airflow/example_dags/example_python_operator.py
[2025-03-27T10:06:05.527+0000] {processor.py:914} INFO - Processing file /home/airflow/.local/lib/python3.12/site-packages/airflow/example_dags/example_python_operator.py for tasks to queue
[2025-03-27T10:06:05.532+0000] {logging_mixin.py:190} INFO - [2025-03-27T10:06:05.532+0000] {dagbag.py:588} INFO - Filling up the DagBag from /home/airflow/.local/lib/python3.12/site-packages/airflow/example_dags/example_python_operator.py
[2025-03-27T10:06:05.542+0000] {processor.py:925} INFO - DAG(s) 'example_python_operator' retrieved from /home/airflow/.local/lib/python3.12/site-packages/airflow/example_dags/example_python_operator.py
[2025-03-27T10:06:05.555+0000] {logging_mixin.py:190} INFO - [2025-03-27T10:06:05.555+0000] {dag.py:3239} INFO - Sync 1 DAGs
[2025-03-27T10:06:05.563+0000] {logging_mixin.py:190} INFO - [2025-03-27T10:06:05.563+0000] {dag.py:4180} INFO - Setting next_dagrun for example_python_operator to None, run_after=None
[2025-03-27T10:06:05.576+0000] {processor.py:208} INFO - Processing /home/airflow/.local/lib/python3.12/site-packages/airflow/example_dags/example_python_operator.py took 0.058 seconds
[2025-03-27T10:06:35.695+0000] {processor.py:186} INFO - Started process (PID=189) to work on /home/airflow/.local/lib/python3.12/site-packages/airflow/example_dags/example_python_operator.py
[2025-03-27T10:06:35.696+0000] {processor.py:914} INFO - Processing file /home/airflow/.local/lib/python3.12/site-packages/airflow/example_dags/example_python_operator.py for tasks to queue
[2025-03-27T10:06:35.697+0000] {logging_mixin.py:190} INFO - [2025-03-27T10:06:35.697+0000] {dagbag.py:588} INFO - Filling up the DagBag from /home/airflow/.local/lib/python3.12/site-packages/airflow/example_dags/example_python_operator.py
[2025-03-27T10:06:35.703+0000] {processor.py:925} INFO - DAG(s) 'example_python_operator' retrieved from /home/airflow/.local/lib/python3.12/site-packages/airflow/example_dags/example_python_operator.py
[2025-03-27T10:06:35.714+0000] {logging_mixin.py:190} INFO - [2025-03-27T10:06:35.714+0000] {dag.py:3239} INFO - Sync 1 DAGs
[2025-03-27T10:06:35.724+0000] {logging_mixin.py:190} INFO - [2025-03-27T10:06:35.724+0000] {dag.py:4180} INFO - Setting next_dagrun for example_python_operator to None, run_after=None
[2025-03-27T10:06:35.733+0000] {processor.py:208} INFO - Processing /home/airflow/.local/lib/python3.12/site-packages/airflow/example_dags/example_python_operator.py took 0.040 seconds
[2025-03-27T10:07:05.893+0000] {processor.py:186} INFO - Started process (PID=252) to work on /home/airflow/.local/lib/python3.12/site-packages/airflow/example_dags/example_python_operator.py
[2025-03-27T10:07:05.894+0000] {processor.py:914} INFO - Processing file /home/airflow/.local/lib/python3.12/site-packages/airflow/example_dags/example_python_operator.py for tasks to queue
[2025-03-27T10:07:05.896+0000] {logging_mixin.py:190} INFO - [2025-03-27T10:07:05.895+0000] {dagbag.py:588} INFO - Filling up the DagBag from /home/airflow/.local/lib/python3.12/site-packages/airflow/example_dags/example_python_operator.py
[2025-03-27T10:07:05.905+0000] {processor.py:925} INFO - DAG(s) 'example_python_operator' retrieved from /home/airflow/.local/lib/python3.12/site-packages/airflow/example_dags/example_python_operator.py
[2025-03-27T10:07:05.919+0000] {logging_mixin.py:190} INFO - [2025-03-27T10:07:05.919+0000] {dag.py:3239} INFO - Sync 1 DAGs
[2025-03-27T10:07:05.928+0000] {logging_mixin.py:190} INFO - [2025-03-27T10:07:05.928+0000] {dag.py:4180} INFO - Setting next_dagrun for example_python_operator to None, run_after=None
[2025-03-27T10:07:05.937+0000] {processor.py:208} INFO - Processing /home/airflow/.local/lib/python3.12/site-packages/airflow/example_dags/example_python_operator.py took 0.049 seconds
[2025-03-27T10:07:36.022+0000] {processor.py:186} INFO - Started process (PID=315) to work on /home/airflow/.local/lib/python3.12/site-packages/airflow/example_dags/example_python_operator.py
[2025-03-27T10:07:36.024+0000] {processor.py:914} INFO - Processing file /home/airflow/.local/lib/python3.12/site-packages/airflow/example_dags/example_python_operator.py for tasks to queue
[2025-03-27T10:07:36.026+0000] {logging_mixin.py:190} INFO - [2025-03-27T10:07:36.026+0000] {dagbag.py:588} INFO - Filling up the DagBag from /home/airflow/.local/lib/python3.12/site-packages/airflow/example_dags/example_python_operator.py
[2025-03-27T10:07:36.034+0000] {processor.py:925} INFO - DAG(s) 'example_python_operator' retrieved from /home/airflow/.local/lib/python3.12/site-packages/airflow/example_dags/example_python_operator.py
[2025-03-27T10:07:36.053+0000] {logging_mixin.py:190} INFO - [2025-03-27T10:07:36.053+0000] {dag.py:3239} INFO - Sync 1 DAGs
[2025-03-27T10:07:36.062+0000] {logging_mixin.py:190} INFO - [2025-03-27T10:07:36.062+0000] {dag.py:4180} INFO - Setting next_dagrun for example_python_operator to None, run_after=None
[2025-03-27T10:07:36.073+0000] {processor.py:208} INFO - Processing /home/airflow/.local/lib/python3.12/site-packages/airflow/example_dags/example_python_operator.py took 0.057 seconds
[2025-03-27T10:08:07.010+0000] {processor.py:186} INFO - Started process (PID=377) to work on /home/airflow/.local/lib/python3.12/site-packages/airflow/example_dags/example_python_operator.py
[2025-03-27T10:08:07.011+0000] {processor.py:914} INFO - Processing file /home/airflow/.local/lib/python3.12/site-packages/airflow/example_dags/example_python_operator.py for tasks to queue
[2025-03-27T10:08:07.012+0000] {logging_mixin.py:190} INFO - [2025-03-27T10:08:07.012+0000] {dagbag.py:588} INFO - Filling up the DagBag from /home/airflow/.local/lib/python3.12/site-packages/airflow/example_dags/example_python_operator.py
[2025-03-27T10:08:07.018+0000] {processor.py:925} INFO - DAG(s) 'example_python_operator' retrieved from /home/airflow/.local/lib/python3.12/site-packages/airflow/example_dags/example_python_operator.py
[2025-03-27T10:08:07.031+0000] {logging_mixin.py:190} INFO - [2025-03-27T10:08:07.031+0000] {dag.py:3239} INFO - Sync 1 DAGs
[2025-03-27T10:08:07.038+0000] {logging_mixin.py:190} INFO - [2025-03-27T10:08:07.038+0000] {dag.py:4180} INFO - Setting next_dagrun for example_python_operator to None, run_after=None
[2025-03-27T10:08:07.048+0000] {processor.py:208} INFO - Processing /home/airflow/.local/lib/python3.12/site-packages/airflow/example_dags/example_python_operator.py took 0.042 seconds
[2025-03-27T10:08:37.853+0000] {processor.py:186} INFO - Started process (PID=440) to work on /home/airflow/.local/lib/python3.12/site-packages/airflow/example_dags/example_python_operator.py
[2025-03-27T10:08:37.854+0000] {processor.py:914} INFO - Processing file /home/airflow/.local/lib/python3.12/site-packages/airflow/example_dags/example_python_operator.py for tasks to queue
[2025-03-27T10:08:37.855+0000] {logging_mixin.py:190} INFO - [2025-03-27T10:08:37.855+0000] {dagbag.py:588} INFO - Filling up the DagBag from /home/airflow/.local/lib/python3.12/site-packages/airflow/example_dags/example_python_operator.py
[2025-03-27T10:08:37.862+0000] {processor.py:925} INFO - DAG(s) 'example_python_operator' retrieved from /home/airflow/.local/lib/python3.12/site-packages/airflow/example_dags/example_python_operator.py
[2025-03-27T10:08:37.875+0000] {logging_mixin.py:190} INFO - [2025-03-27T10:08:37.875+0000] {dag.py:3239} INFO - Sync 1 DAGs
[2025-03-27T10:08:37.882+0000] {logging_mixin.py:190} INFO - [2025-03-27T10:08:37.882+0000] {dag.py:4180} INFO - Setting next_dagrun for example_python_operator to None, run_after=None
[2025-03-27T10:08:37.891+0000] {processor.py:208} INFO - Processing /home/airflow/.local/lib/python3.12/site-packages/airflow/example_dags/example_python_operator.py took 0.041 seconds
[2025-03-27T10:09:08.901+0000] {processor.py:186} INFO - Started process (PID=502) to work on /home/airflow/.local/lib/python3.12/site-packages/airflow/example_dags/example_python_operator.py
[2025-03-27T10:09:08.901+0000] {processor.py:914} INFO - Processing file /home/airflow/.local/lib/python3.12/site-packages/airflow/example_dags/example_python_operator.py for tasks to queue
[2025-03-27T10:09:08.902+0000] {logging_mixin.py:190} INFO - [2025-03-27T10:09:08.902+0000] {dagbag.py:588} INFO - Filling up the DagBag from /home/airflow/.local/lib/python3.12/site-packages/airflow/example_dags/example_python_operator.py
[2025-03-27T10:09:08.908+0000] {processor.py:925} INFO - DAG(s) 'example_python_operator' retrieved from /home/airflow/.local/lib/python3.12/site-packages/airflow/example_dags/example_python_operator.py
[2025-03-27T10:09:08.918+0000] {logging_mixin.py:190} INFO - [2025-03-27T10:09:08.918+0000] {dag.py:3239} INFO - Sync 1 DAGs
[2025-03-27T10:09:08.924+0000] {logging_mixin.py:190} INFO - [2025-03-27T10:09:08.924+0000] {dag.py:4180} INFO - Setting next_dagrun for example_python_operator to None, run_after=None
[2025-03-27T10:09:08.931+0000] {processor.py:208} INFO - Processing /home/airflow/.local/lib/python3.12/site-packages/airflow/example_dags/example_python_operator.py took 0.033 seconds
[2025-03-27T10:09:39.581+0000] {processor.py:186} INFO - Started process (PID=565) to work on /home/airflow/.local/lib/python3.12/site-packages/airflow/example_dags/example_python_operator.py
[2025-03-27T10:09:39.582+0000] {processor.py:914} INFO - Processing file /home/airflow/.local/lib/python3.12/site-packages/airflow/example_dags/example_python_operator.py for tasks to queue
[2025-03-27T10:09:39.587+0000] {logging_mixin.py:190} INFO - [2025-03-27T10:09:39.586+0000] {dagbag.py:588} INFO - Filling up the DagBag from /home/airflow/.local/lib/python3.12/site-packages/airflow/example_dags/example_python_operator.py
[2025-03-27T10:09:39.597+0000] {processor.py:925} INFO - DAG(s) 'example_python_operator' retrieved from /home/airflow/.local/lib/python3.12/site-packages/airflow/example_dags/example_python_operator.py
[2025-03-27T10:09:39.610+0000] {logging_mixin.py:190} INFO - [2025-03-27T10:09:39.609+0000] {dag.py:3239} INFO - Sync 1 DAGs
[2025-03-27T10:09:39.617+0000] {logging_mixin.py:190} INFO - [2025-03-27T10:09:39.617+0000] {dag.py:4180} INFO - Setting next_dagrun for example_python_operator to None, run_after=None
[2025-03-27T10:09:39.627+0000] {processor.py:208} INFO - Processing /home/airflow/.local/lib/python3.12/site-packages/airflow/example_dags/example_python_operator.py took 0.049 seconds
[2025-03-27T10:10:10.389+0000] {processor.py:186} INFO - Started process (PID=628) to work on /home/airflow/.local/lib/python3.12/site-packages/airflow/example_dags/example_python_operator.py
[2025-03-27T10:10:10.394+0000] {processor.py:914} INFO - Processing file /home/airflow/.local/lib/python3.12/site-packages/airflow/example_dags/example_python_operator.py for tasks to queue
[2025-03-27T10:10:10.396+0000] {logging_mixin.py:190} INFO - [2025-03-27T10:10:10.396+0000] {dagbag.py:588} INFO - Filling up the DagBag from /home/airflow/.local/lib/python3.12/site-packages/airflow/example_dags/example_python_operator.py
[2025-03-27T10:10:10.404+0000] {processor.py:925} INFO - DAG(s) 'example_python_operator' retrieved from /home/airflow/.local/lib/python3.12/site-packages/airflow/example_dags/example_python_operator.py
[2025-03-27T10:10:10.418+0000] {logging_mixin.py:190} INFO - [2025-03-27T10:10:10.418+0000] {dag.py:3239} INFO - Sync 1 DAGs
[2025-03-27T10:10:10.430+0000] {logging_mixin.py:190} INFO - [2025-03-27T10:10:10.429+0000] {dag.py:4180} INFO - Setting next_dagrun for example_python_operator to None, run_after=None
[2025-03-27T10:10:10.439+0000] {processor.py:208} INFO - Processing /home/airflow/.local/lib/python3.12/site-packages/airflow/example_dags/example_python_operator.py took 0.053 seconds
[2025-03-27T10:10:40.580+0000] {processor.py:186} INFO - Started process (PID=691) to work on /home/airflow/.local/lib/python3.12/site-packages/airflow/example_dags/example_python_operator.py
[2025-03-27T10:10:40.581+0000] {processor.py:914} INFO - Processing file /home/airflow/.local/lib/python3.12/site-packages/airflow/example_dags/example_python_operator.py for tasks to queue
[2025-03-27T10:10:40.585+0000] {logging_mixin.py:190} INFO - [2025-03-27T10:10:40.585+0000] {dagbag.py:588} INFO - Filling up the DagBag from /home/airflow/.local/lib/python3.12/site-packages/airflow/example_dags/example_python_operator.py
[2025-03-27T10:10:40.594+0000] {processor.py:925} INFO - DAG(s) 'example_python_operator' retrieved from /home/airflow/.local/lib/python3.12/site-packages/airflow/example_dags/example_python_operator.py
[2025-03-27T10:10:40.608+0000] {logging_mixin.py:190} INFO - [2025-03-27T10:10:40.608+0000] {dag.py:3239} INFO - Sync 1 DAGs
[2025-03-27T10:10:40.615+0000] {logging_mixin.py:190} INFO - [2025-03-27T10:10:40.615+0000] {dag.py:4180} INFO - Setting next_dagrun for example_python_operator to None, run_after=None
[2025-03-27T10:10:40.626+0000] {processor.py:208} INFO - Processing /home/airflow/.local/lib/python3.12/site-packages/airflow/example_dags/example_python_operator.py took 0.050 seconds
[2025-03-27T10:11:10.902+0000] {processor.py:186} INFO - Started process (PID=754) to work on /home/airflow/.local/lib/python3.12/site-packages/airflow/example_dags/example_python_operator.py
[2025-03-27T10:11:10.905+0000] {processor.py:914} INFO - Processing file /home/airflow/.local/lib/python3.12/site-packages/airflow/example_dags/example_python_operator.py for tasks to queue
[2025-03-27T10:11:10.907+0000] {logging_mixin.py:190} INFO - [2025-03-27T10:11:10.907+0000] {dagbag.py:588} INFO - Filling up the DagBag from /home/airflow/.local/lib/python3.12/site-packages/airflow/example_dags/example_python_operator.py
[2025-03-27T10:11:10.914+0000] {processor.py:925} INFO - DAG(s) 'example_python_operator' retrieved from /home/airflow/.local/lib/python3.12/site-packages/airflow/example_dags/example_python_operator.py
[2025-03-27T10:11:10.929+0000] {logging_mixin.py:190} INFO - [2025-03-27T10:11:10.929+0000] {dag.py:3239} INFO - Sync 1 DAGs
[2025-03-27T10:11:10.936+0000] {logging_mixin.py:190} INFO - [2025-03-27T10:11:10.936+0000] {dag.py:4180} INFO - Setting next_dagrun for example_python_operator to None, run_after=None
[2025-03-27T10:11:10.947+0000] {processor.py:208} INFO - Processing /home/airflow/.local/lib/python3.12/site-packages/airflow/example_dags/example_python_operator.py took 0.049 seconds
[2025-03-27T10:11:41.599+0000] {processor.py:186} INFO - Started process (PID=817) to work on /home/airflow/.local/lib/python3.12/site-packages/airflow/example_dags/example_python_operator.py
[2025-03-27T10:11:41.599+0000] {processor.py:914} INFO - Processing file /home/airflow/.local/lib/python3.12/site-packages/airflow/example_dags/example_python_operator.py for tasks to queue
[2025-03-27T10:11:41.600+0000] {logging_mixin.py:190} INFO - [2025-03-27T10:11:41.600+0000] {dagbag.py:588} INFO - Filling up the DagBag from /home/airflow/.local/lib/python3.12/site-packages/airflow/example_dags/example_python_operator.py
[2025-03-27T10:11:41.607+0000] {processor.py:925} INFO - DAG(s) 'example_python_operator' retrieved from /home/airflow/.local/lib/python3.12/site-packages/airflow/example_dags/example_python_operator.py
[2025-03-27T10:11:41.618+0000] {logging_mixin.py:190} INFO - [2025-03-27T10:11:41.618+0000] {dag.py:3239} INFO - Sync 1 DAGs
[2025-03-27T10:11:41.625+0000] {logging_mixin.py:190} INFO - [2025-03-27T10:11:41.625+0000] {dag.py:4180} INFO - Setting next_dagrun for example_python_operator to None, run_after=None
[2025-03-27T10:11:41.634+0000] {processor.py:208} INFO - Processing /home/airflow/.local/lib/python3.12/site-packages/airflow/example_dags/example_python_operator.py took 0.039 seconds
[2025-03-27T10:12:12.333+0000] {processor.py:186} INFO - Started process (PID=880) to work on /home/airflow/.local/lib/python3.12/site-packages/airflow/example_dags/example_python_operator.py
[2025-03-27T10:12:12.336+0000] {processor.py:914} INFO - Processing file /home/airflow/.local/lib/python3.12/site-packages/airflow/example_dags/example_python_operator.py for tasks to queue
[2025-03-27T10:12:12.338+0000] {logging_mixin.py:190} INFO - [2025-03-27T10:12:12.337+0000] {dagbag.py:588} INFO - Filling up the DagBag from /home/airflow/.local/lib/python3.12/site-packages/airflow/example_dags/example_python_operator.py
[2025-03-27T10:12:12.344+0000] {processor.py:925} INFO - DAG(s) 'example_python_operator' retrieved from /home/airflow/.local/lib/python3.12/site-packages/airflow/example_dags/example_python_operator.py
[2025-03-27T10:12:12.356+0000] {logging_mixin.py:190} INFO - [2025-03-27T10:12:12.356+0000] {dag.py:3239} INFO - Sync 1 DAGs
[2025-03-27T10:12:12.363+0000] {logging_mixin.py:190} INFO - [2025-03-27T10:12:12.363+0000] {dag.py:4180} INFO - Setting next_dagrun for example_python_operator to None, run_after=None
[2025-03-27T10:12:12.372+0000] {processor.py:208} INFO - Processing /home/airflow/.local/lib/python3.12/site-packages/airflow/example_dags/example_python_operator.py took 0.042 seconds
[2025-03-27T10:12:43.171+0000] {processor.py:186} INFO - Started process (PID=943) to work on /home/airflow/.local/lib/python3.12/site-packages/airflow/example_dags/example_python_operator.py
[2025-03-27T10:12:43.172+0000] {processor.py:914} INFO - Processing file /home/airflow/.local/lib/python3.12/site-packages/airflow/example_dags/example_python_operator.py for tasks to queue
[2025-03-27T10:12:43.174+0000] {logging_mixin.py:190} INFO - [2025-03-27T10:12:43.173+0000] {dagbag.py:588} INFO - Filling up the DagBag from /home/airflow/.local/lib/python3.12/site-packages/airflow/example_dags/example_python_operator.py
[2025-03-27T10:12:43.180+0000] {processor.py:925} INFO - DAG(s) 'example_python_operator' retrieved from /home/airflow/.local/lib/python3.12/site-packages/airflow/example_dags/example_python_operator.py
[2025-03-27T10:12:43.192+0000] {logging_mixin.py:190} INFO - [2025-03-27T10:12:43.192+0000] {dag.py:3239} INFO - Sync 1 DAGs
[2025-03-27T10:12:43.200+0000] {logging_mixin.py:190} INFO - [2025-03-27T10:12:43.200+0000] {dag.py:4180} INFO - Setting next_dagrun for example_python_operator to None, run_after=None
[2025-03-27T10:12:43.212+0000] {processor.py:208} INFO - Processing /home/airflow/.local/lib/python3.12/site-packages/airflow/example_dags/example_python_operator.py took 0.044 seconds
[2025-03-27T10:13:14.104+0000] {processor.py:186} INFO - Started process (PID=1006) to work on /home/airflow/.local/lib/python3.12/site-packages/airflow/example_dags/example_python_operator.py
[2025-03-27T10:13:14.104+0000] {processor.py:914} INFO - Processing file /home/airflow/.local/lib/python3.12/site-packages/airflow/example_dags/example_python_operator.py for tasks to queue
[2025-03-27T10:13:14.105+0000] {logging_mixin.py:190} INFO - [2025-03-27T10:13:14.105+0000] {dagbag.py:588} INFO - Filling up the DagBag from /home/airflow/.local/lib/python3.12/site-packages/airflow/example_dags/example_python_operator.py
[2025-03-27T10:13:14.112+0000] {processor.py:925} INFO - DAG(s) 'example_python_operator' retrieved from /home/airflow/.local/lib/python3.12/site-packages/airflow/example_dags/example_python_operator.py
[2025-03-27T10:13:14.122+0000] {logging_mixin.py:190} INFO - [2025-03-27T10:13:14.122+0000] {dag.py:3239} INFO - Sync 1 DAGs
[2025-03-27T10:13:14.130+0000] {logging_mixin.py:190} INFO - [2025-03-27T10:13:14.130+0000] {dag.py:4180} INFO - Setting next_dagrun for example_python_operator to None, run_after=None
[2025-03-27T10:13:14.138+0000] {processor.py:208} INFO - Processing /home/airflow/.local/lib/python3.12/site-packages/airflow/example_dags/example_python_operator.py took 0.038 seconds
[2025-03-27T10:13:44.179+0000] {processor.py:186} INFO - Started process (PID=1069) to work on /home/airflow/.local/lib/python3.12/site-packages/airflow/example_dags/example_python_operator.py
[2025-03-27T10:13:44.180+0000] {processor.py:914} INFO - Processing file /home/airflow/.local/lib/python3.12/site-packages/airflow/example_dags/example_python_operator.py for tasks to queue
[2025-03-27T10:13:44.181+0000] {logging_mixin.py:190} INFO - [2025-03-27T10:13:44.181+0000] {dagbag.py:588} INFO - Filling up the DagBag from /home/airflow/.local/lib/python3.12/site-packages/airflow/example_dags/example_python_operator.py
[2025-03-27T10:13:44.187+0000] {processor.py:925} INFO - DAG(s) 'example_python_operator' retrieved from /home/airflow/.local/lib/python3.12/site-packages/airflow/example_dags/example_python_operator.py
[2025-03-27T10:13:44.199+0000] {logging_mixin.py:190} INFO - [2025-03-27T10:13:44.199+0000] {dag.py:3239} INFO - Sync 1 DAGs
[2025-03-27T10:13:44.206+0000] {logging_mixin.py:190} INFO - [2025-03-27T10:13:44.206+0000] {dag.py:4180} INFO - Setting next_dagrun for example_python_operator to None, run_after=None
[2025-03-27T10:13:44.214+0000] {processor.py:208} INFO - Processing /home/airflow/.local/lib/python3.12/site-packages/airflow/example_dags/example_python_operator.py took 0.040 seconds
[2025-03-27T10:14:14.250+0000] {processor.py:186} INFO - Started process (PID=1132) to work on /home/airflow/.local/lib/python3.12/site-packages/airflow/example_dags/example_python_operator.py
[2025-03-27T10:14:14.251+0000] {processor.py:914} INFO - Processing file /home/airflow/.local/lib/python3.12/site-packages/airflow/example_dags/example_python_operator.py for tasks to queue
[2025-03-27T10:14:14.252+0000] {logging_mixin.py:190} INFO - [2025-03-27T10:14:14.252+0000] {dagbag.py:588} INFO - Filling up the DagBag from /home/airflow/.local/lib/python3.12/site-packages/airflow/example_dags/example_python_operator.py
[2025-03-27T10:14:14.258+0000] {processor.py:925} INFO - DAG(s) 'example_python_operator' retrieved from /home/airflow/.local/lib/python3.12/site-packages/airflow/example_dags/example_python_operator.py
[2025-03-27T10:14:14.268+0000] {logging_mixin.py:190} INFO - [2025-03-27T10:14:14.268+0000] {dag.py:3239} INFO - Sync 1 DAGs
[2025-03-27T10:14:14.274+0000] {logging_mixin.py:190} INFO - [2025-03-27T10:14:14.274+0000] {dag.py:4180} INFO - Setting next_dagrun for example_python_operator to None, run_after=None
[2025-03-27T10:14:14.282+0000] {processor.py:208} INFO - Processing /home/airflow/.local/lib/python3.12/site-packages/airflow/example_dags/example_python_operator.py took 0.035 seconds
[2025-03-27T10:14:45.116+0000] {processor.py:186} INFO - Started process (PID=1195) to work on /home/airflow/.local/lib/python3.12/site-packages/airflow/example_dags/example_python_operator.py
[2025-03-27T10:14:45.117+0000] {processor.py:914} INFO - Processing file /home/airflow/.local/lib/python3.12/site-packages/airflow/example_dags/example_python_operator.py for tasks to queue
[2025-03-27T10:14:45.118+0000] {logging_mixin.py:190} INFO - [2025-03-27T10:14:45.118+0000] {dagbag.py:588} INFO - Filling up the DagBag from /home/airflow/.local/lib/python3.12/site-packages/airflow/example_dags/example_python_operator.py
[2025-03-27T10:14:45.125+0000] {processor.py:925} INFO - DAG(s) 'example_python_operator' retrieved from /home/airflow/.local/lib/python3.12/site-packages/airflow/example_dags/example_python_operator.py
[2025-03-27T10:14:45.141+0000] {logging_mixin.py:190} INFO - [2025-03-27T10:14:45.141+0000] {dag.py:3239} INFO - Sync 1 DAGs
[2025-03-27T10:14:45.149+0000] {logging_mixin.py:190} INFO - [2025-03-27T10:14:45.149+0000] {dag.py:4180} INFO - Setting next_dagrun for example_python_operator to None, run_after=None
[2025-03-27T10:14:45.158+0000] {processor.py:208} INFO - Processing /home/airflow/.local/lib/python3.12/site-packages/airflow/example_dags/example_python_operator.py took 0.045 seconds
[2025-03-27T10:15:15.231+0000] {processor.py:186} INFO - Started process (PID=1257) to work on /home/airflow/.local/lib/python3.12/site-packages/airflow/example_dags/example_python_operator.py
[2025-03-27T10:15:15.232+0000] {processor.py:914} INFO - Processing file /home/airflow/.local/lib/python3.12/site-packages/airflow/example_dags/example_python_operator.py for tasks to queue
[2025-03-27T10:15:15.233+0000] {logging_mixin.py:190} INFO - [2025-03-27T10:15:15.233+0000] {dagbag.py:588} INFO - Filling up the DagBag from /home/airflow/.local/lib/python3.12/site-packages/airflow/example_dags/example_python_operator.py
[2025-03-27T10:15:15.239+0000] {processor.py:925} INFO - DAG(s) 'example_python_operator' retrieved from /home/airflow/.local/lib/python3.12/site-packages/airflow/example_dags/example_python_operator.py
[2025-03-27T10:15:15.251+0000] {logging_mixin.py:190} INFO - [2025-03-27T10:15:15.250+0000] {dag.py:3239} INFO - Sync 1 DAGs
[2025-03-27T10:15:15.258+0000] {logging_mixin.py:190} INFO - [2025-03-27T10:15:15.258+0000] {dag.py:4180} INFO - Setting next_dagrun for example_python_operator to None, run_after=None
[2025-03-27T10:15:15.266+0000] {processor.py:208} INFO - Processing /home/airflow/.local/lib/python3.12/site-packages/airflow/example_dags/example_python_operator.py took 0.038 seconds
[2025-03-27T10:15:46.005+0000] {processor.py:186} INFO - Started process (PID=1320) to work on /home/airflow/.local/lib/python3.12/site-packages/airflow/example_dags/example_python_operator.py
[2025-03-27T10:15:46.008+0000] {processor.py:914} INFO - Processing file /home/airflow/.local/lib/python3.12/site-packages/airflow/example_dags/example_python_operator.py for tasks to queue
[2025-03-27T10:15:46.010+0000] {logging_mixin.py:190} INFO - [2025-03-27T10:15:46.010+0000] {dagbag.py:588} INFO - Filling up the DagBag from /home/airflow/.local/lib/python3.12/site-packages/airflow/example_dags/example_python_operator.py
[2025-03-27T10:15:46.018+0000] {processor.py:925} INFO - DAG(s) 'example_python_operator' retrieved from /home/airflow/.local/lib/python3.12/site-packages/airflow/example_dags/example_python_operator.py
[2025-03-27T10:15:46.034+0000] {logging_mixin.py:190} INFO - [2025-03-27T10:15:46.034+0000] {dag.py:3239} INFO - Sync 1 DAGs
[2025-03-27T10:15:46.042+0000] {logging_mixin.py:190} INFO - [2025-03-27T10:15:46.042+0000] {dag.py:4180} INFO - Setting next_dagrun for example_python_operator to None, run_after=None
[2025-03-27T10:15:46.052+0000] {processor.py:208} INFO - Processing /home/airflow/.local/lib/python3.12/site-packages/airflow/example_dags/example_python_operator.py took 0.051 seconds
[2025-03-27T10:16:16.958+0000] {processor.py:186} INFO - Started process (PID=1383) to work on /home/airflow/.local/lib/python3.12/site-packages/airflow/example_dags/example_python_operator.py
[2025-03-27T10:16:16.961+0000] {processor.py:914} INFO - Processing file /home/airflow/.local/lib/python3.12/site-packages/airflow/example_dags/example_python_operator.py for tasks to queue
[2025-03-27T10:16:16.963+0000] {logging_mixin.py:190} INFO - [2025-03-27T10:16:16.963+0000] {dagbag.py:588} INFO - Filling up the DagBag from /home/airflow/.local/lib/python3.12/site-packages/airflow/example_dags/example_python_operator.py
[2025-03-27T10:16:16.975+0000] {processor.py:925} INFO - DAG(s) 'example_python_operator' retrieved from /home/airflow/.local/lib/python3.12/site-packages/airflow/example_dags/example_python_operator.py
[2025-03-27T10:16:16.992+0000] {logging_mixin.py:190} INFO - [2025-03-27T10:16:16.992+0000] {dag.py:3239} INFO - Sync 1 DAGs
[2025-03-27T10:16:17.000+0000] {logging_mixin.py:190} INFO - [2025-03-27T10:16:17.000+0000] {dag.py:4180} INFO - Setting next_dagrun for example_python_operator to None, run_after=None
[2025-03-27T10:16:17.010+0000] {processor.py:208} INFO - Processing /home/airflow/.local/lib/python3.12/site-packages/airflow/example_dags/example_python_operator.py took 0.059 seconds
[2025-03-27T10:16:47.192+0000] {processor.py:186} INFO - Started process (PID=1446) to work on /home/airflow/.local/lib/python3.12/site-packages/airflow/example_dags/example_python_operator.py
[2025-03-27T10:16:47.195+0000] {processor.py:914} INFO - Processing file /home/airflow/.local/lib/python3.12/site-packages/airflow/example_dags/example_python_operator.py for tasks to queue
[2025-03-27T10:16:47.197+0000] {logging_mixin.py:190} INFO - [2025-03-27T10:16:47.197+0000] {dagbag.py:588} INFO - Filling up the DagBag from /home/airflow/.local/lib/python3.12/site-packages/airflow/example_dags/example_python_operator.py
[2025-03-27T10:16:47.206+0000] {processor.py:925} INFO - DAG(s) 'example_python_operator' retrieved from /home/airflow/.local/lib/python3.12/site-packages/airflow/example_dags/example_python_operator.py
[2025-03-27T10:16:47.218+0000] {logging_mixin.py:190} INFO - [2025-03-27T10:16:47.218+0000] {dag.py:3239} INFO - Sync 1 DAGs
[2025-03-27T10:16:47.226+0000] {logging_mixin.py:190} INFO - [2025-03-27T10:16:47.226+0000] {dag.py:4180} INFO - Setting next_dagrun for example_python_operator to None, run_after=None
[2025-03-27T10:16:47.235+0000] {processor.py:208} INFO - Processing /home/airflow/.local/lib/python3.12/site-packages/airflow/example_dags/example_python_operator.py took 0.048 seconds
[2025-03-27T10:17:17.991+0000] {processor.py:186} INFO - Started process (PID=1509) to work on /home/airflow/.local/lib/python3.12/site-packages/airflow/example_dags/example_python_operator.py
[2025-03-27T10:17:17.992+0000] {processor.py:914} INFO - Processing file /home/airflow/.local/lib/python3.12/site-packages/airflow/example_dags/example_python_operator.py for tasks to queue
[2025-03-27T10:17:17.993+0000] {logging_mixin.py:190} INFO - [2025-03-27T10:17:17.993+0000] {dagbag.py:588} INFO - Filling up the DagBag from /home/airflow/.local/lib/python3.12/site-packages/airflow/example_dags/example_python_operator.py
[2025-03-27T10:17:18.000+0000] {processor.py:925} INFO - DAG(s) 'example_python_operator' retrieved from /home/airflow/.local/lib/python3.12/site-packages/airflow/example_dags/example_python_operator.py
[2025-03-27T10:17:18.011+0000] {logging_mixin.py:190} INFO - [2025-03-27T10:17:18.011+0000] {dag.py:3239} INFO - Sync 1 DAGs
[2025-03-27T10:17:18.019+0000] {logging_mixin.py:190} INFO - [2025-03-27T10:17:18.018+0000] {dag.py:4180} INFO - Setting next_dagrun for example_python_operator to None, run_after=None
[2025-03-27T10:17:18.030+0000] {processor.py:208} INFO - Processing /home/airflow/.local/lib/python3.12/site-packages/airflow/example_dags/example_python_operator.py took 0.042 seconds
[2025-03-27T10:17:48.893+0000] {processor.py:186} INFO - Started process (PID=1572) to work on /home/airflow/.local/lib/python3.12/site-packages/airflow/example_dags/example_python_operator.py
[2025-03-27T10:17:48.894+0000] {processor.py:914} INFO - Processing file /home/airflow/.local/lib/python3.12/site-packages/airflow/example_dags/example_python_operator.py for tasks to queue
[2025-03-27T10:17:48.895+0000] {logging_mixin.py:190} INFO - [2025-03-27T10:17:48.895+0000] {dagbag.py:588} INFO - Filling up the DagBag from /home/airflow/.local/lib/python3.12/site-packages/airflow/example_dags/example_python_operator.py
[2025-03-27T10:17:48.904+0000] {processor.py:925} INFO - DAG(s) 'example_python_operator' retrieved from /home/airflow/.local/lib/python3.12/site-packages/airflow/example_dags/example_python_operator.py
[2025-03-27T10:17:48.915+0000] {logging_mixin.py:190} INFO - [2025-03-27T10:17:48.915+0000] {dag.py:3239} INFO - Sync 1 DAGs
[2025-03-27T10:17:48.922+0000] {logging_mixin.py:190} INFO - [2025-03-27T10:17:48.922+0000] {dag.py:4180} INFO - Setting next_dagrun for example_python_operator to None, run_after=None
[2025-03-27T10:17:48.932+0000] {processor.py:208} INFO - Processing /home/airflow/.local/lib/python3.12/site-packages/airflow/example_dags/example_python_operator.py took 0.042 seconds
