[2025-03-27T10:05:34.609+0000] {processor.py:186} INFO - Started process (PID=60) to work on /home/airflow/.local/lib/python3.12/site-packages/airflow/example_dags/example_xcom.py
[2025-03-27T10:05:34.612+0000] {processor.py:914} INFO - Processing file /home/airflow/.local/lib/python3.12/site-packages/airflow/example_dags/example_xcom.py for tasks to queue
[2025-03-27T10:05:34.613+0000] {logging_mixin.py:190} INFO - [2025-03-27T10:05:34.613+0000] {dagbag.py:588} INFO - Filling up the DagBag from /home/airflow/.local/lib/python3.12/site-packages/airflow/example_dags/example_xcom.py
[2025-03-27T10:05:34.623+0000] {processor.py:925} INFO - DAG(s) 'example_xcom' retrieved from /home/airflow/.local/lib/python3.12/site-packages/airflow/example_dags/example_xcom.py
[2025-03-27T10:05:34.694+0000] {logging_mixin.py:190} INFO - [2025-03-27T10:05:34.693+0000] {override.py:1912} INFO - Created Permission View: can read on DAG:example_xcom
[2025-03-27T10:05:34.702+0000] {logging_mixin.py:190} INFO - [2025-03-27T10:05:34.701+0000] {override.py:1912} INFO - Created Permission View: can delete on DAG:example_xcom
[2025-03-27T10:05:34.707+0000] {logging_mixin.py:190} INFO - [2025-03-27T10:05:34.707+0000] {override.py:1912} INFO - Created Permission View: can edit on DAG:example_xcom
[2025-03-27T10:05:34.712+0000] {logging_mixin.py:190} INFO - [2025-03-27T10:05:34.712+0000] {override.py:1912} INFO - Created Permission View: can read on DAG Run:example_xcom
[2025-03-27T10:05:34.718+0000] {logging_mixin.py:190} INFO - [2025-03-27T10:05:34.717+0000] {override.py:1912} INFO - Created Permission View: can delete on DAG Run:example_xcom
[2025-03-27T10:05:34.724+0000] {logging_mixin.py:190} INFO - [2025-03-27T10:05:34.724+0000] {override.py:1912} INFO - Created Permission View: can create on DAG Run:example_xcom
[2025-03-27T10:05:34.732+0000] {logging_mixin.py:190} INFO - [2025-03-27T10:05:34.732+0000] {override.py:1912} INFO - Created Permission View: menu access on DAG Run:example_xcom
[2025-03-27T10:05:34.733+0000] {logging_mixin.py:190} INFO - [2025-03-27T10:05:34.732+0000] {dag.py:3239} INFO - Sync 1 DAGs
[2025-03-27T10:05:34.741+0000] {logging_mixin.py:190} INFO - [2025-03-27T10:05:34.741+0000] {dag.py:3262} INFO - Creating ORM DAG for example_xcom
[2025-03-27T10:05:34.748+0000] {logging_mixin.py:190} INFO - [2025-03-27T10:05:34.748+0000] {dag.py:4180} INFO - Setting next_dagrun for example_xcom to 2021-01-01 00:00:00+00:00, run_after=2021-01-01 00:00:00+00:00
[2025-03-27T10:05:34.767+0000] {processor.py:208} INFO - Processing /home/airflow/.local/lib/python3.12/site-packages/airflow/example_dags/example_xcom.py took 0.161 seconds
[2025-03-27T10:06:05.427+0000] {processor.py:186} INFO - Started process (PID=123) to work on /home/airflow/.local/lib/python3.12/site-packages/airflow/example_dags/example_xcom.py
[2025-03-27T10:06:05.428+0000] {processor.py:914} INFO - Processing file /home/airflow/.local/lib/python3.12/site-packages/airflow/example_dags/example_xcom.py for tasks to queue
[2025-03-27T10:06:05.430+0000] {logging_mixin.py:190} INFO - [2025-03-27T10:06:05.430+0000] {dagbag.py:588} INFO - Filling up the DagBag from /home/airflow/.local/lib/python3.12/site-packages/airflow/example_dags/example_xcom.py
[2025-03-27T10:06:05.439+0000] {processor.py:925} INFO - DAG(s) 'example_xcom' retrieved from /home/airflow/.local/lib/python3.12/site-packages/airflow/example_dags/example_xcom.py
[2025-03-27T10:06:05.453+0000] {logging_mixin.py:190} INFO - [2025-03-27T10:06:05.453+0000] {dag.py:3239} INFO - Sync 1 DAGs
[2025-03-27T10:06:05.465+0000] {logging_mixin.py:190} INFO - [2025-03-27T10:06:05.464+0000] {dag.py:4180} INFO - Setting next_dagrun for example_xcom to 2021-01-01 00:00:00+00:00, run_after=2021-01-01 00:00:00+00:00
[2025-03-27T10:06:05.476+0000] {processor.py:208} INFO - Processing /home/airflow/.local/lib/python3.12/site-packages/airflow/example_dags/example_xcom.py took 0.052 seconds
[2025-03-27T10:06:35.615+0000] {processor.py:186} INFO - Started process (PID=186) to work on /home/airflow/.local/lib/python3.12/site-packages/airflow/example_dags/example_xcom.py
[2025-03-27T10:06:35.617+0000] {processor.py:914} INFO - Processing file /home/airflow/.local/lib/python3.12/site-packages/airflow/example_dags/example_xcom.py for tasks to queue
[2025-03-27T10:06:35.618+0000] {logging_mixin.py:190} INFO - [2025-03-27T10:06:35.618+0000] {dagbag.py:588} INFO - Filling up the DagBag from /home/airflow/.local/lib/python3.12/site-packages/airflow/example_dags/example_xcom.py
[2025-03-27T10:06:35.623+0000] {processor.py:925} INFO - DAG(s) 'example_xcom' retrieved from /home/airflow/.local/lib/python3.12/site-packages/airflow/example_dags/example_xcom.py
[2025-03-27T10:06:35.635+0000] {logging_mixin.py:190} INFO - [2025-03-27T10:06:35.635+0000] {dag.py:3239} INFO - Sync 1 DAGs
[2025-03-27T10:06:35.648+0000] {logging_mixin.py:190} INFO - [2025-03-27T10:06:35.648+0000] {dag.py:4180} INFO - Setting next_dagrun for example_xcom to 2021-01-01 00:00:00+00:00, run_after=2021-01-01 00:00:00+00:00
[2025-03-27T10:06:35.657+0000] {processor.py:208} INFO - Processing /home/airflow/.local/lib/python3.12/site-packages/airflow/example_dags/example_xcom.py took 0.044 seconds
[2025-03-27T10:07:05.806+0000] {processor.py:186} INFO - Started process (PID=249) to work on /home/airflow/.local/lib/python3.12/site-packages/airflow/example_dags/example_xcom.py
[2025-03-27T10:07:05.806+0000] {processor.py:914} INFO - Processing file /home/airflow/.local/lib/python3.12/site-packages/airflow/example_dags/example_xcom.py for tasks to queue
[2025-03-27T10:07:05.808+0000] {logging_mixin.py:190} INFO - [2025-03-27T10:07:05.807+0000] {dagbag.py:588} INFO - Filling up the DagBag from /home/airflow/.local/lib/python3.12/site-packages/airflow/example_dags/example_xcom.py
[2025-03-27T10:07:05.812+0000] {processor.py:925} INFO - DAG(s) 'example_xcom' retrieved from /home/airflow/.local/lib/python3.12/site-packages/airflow/example_dags/example_xcom.py
[2025-03-27T10:07:05.824+0000] {logging_mixin.py:190} INFO - [2025-03-27T10:07:05.824+0000] {dag.py:3239} INFO - Sync 1 DAGs
[2025-03-27T10:07:05.835+0000] {logging_mixin.py:190} INFO - [2025-03-27T10:07:05.835+0000] {dag.py:4180} INFO - Setting next_dagrun for example_xcom to 2021-01-01 00:00:00+00:00, run_after=2021-01-01 00:00:00+00:00
[2025-03-27T10:07:05.843+0000] {processor.py:208} INFO - Processing /home/airflow/.local/lib/python3.12/site-packages/airflow/example_dags/example_xcom.py took 0.042 seconds
[2025-03-27T10:07:35.917+0000] {processor.py:186} INFO - Started process (PID=312) to work on /home/airflow/.local/lib/python3.12/site-packages/airflow/example_dags/example_xcom.py
[2025-03-27T10:07:35.918+0000] {processor.py:914} INFO - Processing file /home/airflow/.local/lib/python3.12/site-packages/airflow/example_dags/example_xcom.py for tasks to queue
[2025-03-27T10:07:35.919+0000] {logging_mixin.py:190} INFO - [2025-03-27T10:07:35.919+0000] {dagbag.py:588} INFO - Filling up the DagBag from /home/airflow/.local/lib/python3.12/site-packages/airflow/example_dags/example_xcom.py
[2025-03-27T10:07:35.925+0000] {processor.py:925} INFO - DAG(s) 'example_xcom' retrieved from /home/airflow/.local/lib/python3.12/site-packages/airflow/example_dags/example_xcom.py
[2025-03-27T10:07:35.944+0000] {logging_mixin.py:190} INFO - [2025-03-27T10:07:35.944+0000] {dag.py:3239} INFO - Sync 1 DAGs
[2025-03-27T10:07:35.956+0000] {logging_mixin.py:190} INFO - [2025-03-27T10:07:35.956+0000] {dag.py:4180} INFO - Setting next_dagrun for example_xcom to 2021-01-01 00:00:00+00:00, run_after=2021-01-01 00:00:00+00:00
[2025-03-27T10:07:35.967+0000] {processor.py:208} INFO - Processing /home/airflow/.local/lib/python3.12/site-packages/airflow/example_dags/example_xcom.py took 0.056 seconds
[2025-03-27T10:08:06.951+0000] {processor.py:186} INFO - Started process (PID=374) to work on /home/airflow/.local/lib/python3.12/site-packages/airflow/example_dags/example_xcom.py
[2025-03-27T10:08:06.952+0000] {processor.py:914} INFO - Processing file /home/airflow/.local/lib/python3.12/site-packages/airflow/example_dags/example_xcom.py for tasks to queue
[2025-03-27T10:08:06.953+0000] {logging_mixin.py:190} INFO - [2025-03-27T10:08:06.953+0000] {dagbag.py:588} INFO - Filling up the DagBag from /home/airflow/.local/lib/python3.12/site-packages/airflow/example_dags/example_xcom.py
[2025-03-27T10:08:06.957+0000] {processor.py:925} INFO - DAG(s) 'example_xcom' retrieved from /home/airflow/.local/lib/python3.12/site-packages/airflow/example_dags/example_xcom.py
[2025-03-27T10:08:06.968+0000] {logging_mixin.py:190} INFO - [2025-03-27T10:08:06.968+0000] {dag.py:3239} INFO - Sync 1 DAGs
[2025-03-27T10:08:06.978+0000] {logging_mixin.py:190} INFO - [2025-03-27T10:08:06.978+0000] {dag.py:4180} INFO - Setting next_dagrun for example_xcom to 2021-01-01 00:00:00+00:00, run_after=2021-01-01 00:00:00+00:00
[2025-03-27T10:08:06.986+0000] {processor.py:208} INFO - Processing /home/airflow/.local/lib/python3.12/site-packages/airflow/example_dags/example_xcom.py took 0.038 seconds
[2025-03-27T10:08:37.756+0000] {processor.py:186} INFO - Started process (PID=437) to work on /home/airflow/.local/lib/python3.12/site-packages/airflow/example_dags/example_xcom.py
[2025-03-27T10:08:37.757+0000] {processor.py:914} INFO - Processing file /home/airflow/.local/lib/python3.12/site-packages/airflow/example_dags/example_xcom.py for tasks to queue
[2025-03-27T10:08:37.758+0000] {logging_mixin.py:190} INFO - [2025-03-27T10:08:37.758+0000] {dagbag.py:588} INFO - Filling up the DagBag from /home/airflow/.local/lib/python3.12/site-packages/airflow/example_dags/example_xcom.py
[2025-03-27T10:08:37.763+0000] {processor.py:925} INFO - DAG(s) 'example_xcom' retrieved from /home/airflow/.local/lib/python3.12/site-packages/airflow/example_dags/example_xcom.py
[2025-03-27T10:08:37.772+0000] {logging_mixin.py:190} INFO - [2025-03-27T10:08:37.772+0000] {dag.py:3239} INFO - Sync 1 DAGs
[2025-03-27T10:08:37.782+0000] {logging_mixin.py:190} INFO - [2025-03-27T10:08:37.781+0000] {dag.py:4180} INFO - Setting next_dagrun for example_xcom to 2021-01-01 00:00:00+00:00, run_after=2021-01-01 00:00:00+00:00
[2025-03-27T10:08:37.789+0000] {processor.py:208} INFO - Processing /home/airflow/.local/lib/python3.12/site-packages/airflow/example_dags/example_xcom.py took 0.035 seconds
[2025-03-27T10:09:08.806+0000] {processor.py:186} INFO - Started process (PID=499) to work on /home/airflow/.local/lib/python3.12/site-packages/airflow/example_dags/example_xcom.py
[2025-03-27T10:09:08.806+0000] {processor.py:914} INFO - Processing file /home/airflow/.local/lib/python3.12/site-packages/airflow/example_dags/example_xcom.py for tasks to queue
[2025-03-27T10:09:08.807+0000] {logging_mixin.py:190} INFO - [2025-03-27T10:09:08.807+0000] {dagbag.py:588} INFO - Filling up the DagBag from /home/airflow/.local/lib/python3.12/site-packages/airflow/example_dags/example_xcom.py
[2025-03-27T10:09:08.812+0000] {processor.py:925} INFO - DAG(s) 'example_xcom' retrieved from /home/airflow/.local/lib/python3.12/site-packages/airflow/example_dags/example_xcom.py
[2025-03-27T10:09:08.822+0000] {logging_mixin.py:190} INFO - [2025-03-27T10:09:08.822+0000] {dag.py:3239} INFO - Sync 1 DAGs
[2025-03-27T10:09:08.831+0000] {logging_mixin.py:190} INFO - [2025-03-27T10:09:08.831+0000] {dag.py:4180} INFO - Setting next_dagrun for example_xcom to 2021-01-01 00:00:00+00:00, run_after=2021-01-01 00:00:00+00:00
[2025-03-27T10:09:08.838+0000] {processor.py:208} INFO - Processing /home/airflow/.local/lib/python3.12/site-packages/airflow/example_dags/example_xcom.py took 0.035 seconds
[2025-03-27T10:09:39.522+0000] {processor.py:186} INFO - Started process (PID=562) to work on /home/airflow/.local/lib/python3.12/site-packages/airflow/example_dags/example_xcom.py
[2025-03-27T10:09:39.522+0000] {processor.py:914} INFO - Processing file /home/airflow/.local/lib/python3.12/site-packages/airflow/example_dags/example_xcom.py for tasks to queue
[2025-03-27T10:09:39.523+0000] {logging_mixin.py:190} INFO - [2025-03-27T10:09:39.523+0000] {dagbag.py:588} INFO - Filling up the DagBag from /home/airflow/.local/lib/python3.12/site-packages/airflow/example_dags/example_xcom.py
[2025-03-27T10:09:39.528+0000] {processor.py:925} INFO - DAG(s) 'example_xcom' retrieved from /home/airflow/.local/lib/python3.12/site-packages/airflow/example_dags/example_xcom.py
[2025-03-27T10:09:39.539+0000] {logging_mixin.py:190} INFO - [2025-03-27T10:09:39.539+0000] {dag.py:3239} INFO - Sync 1 DAGs
[2025-03-27T10:09:39.549+0000] {logging_mixin.py:190} INFO - [2025-03-27T10:09:39.549+0000] {dag.py:4180} INFO - Setting next_dagrun for example_xcom to 2021-01-01 00:00:00+00:00, run_after=2021-01-01 00:00:00+00:00
[2025-03-27T10:09:39.557+0000] {processor.py:208} INFO - Processing /home/airflow/.local/lib/python3.12/site-packages/airflow/example_dags/example_xcom.py took 0.039 seconds
[2025-03-27T10:10:10.293+0000] {processor.py:186} INFO - Started process (PID=625) to work on /home/airflow/.local/lib/python3.12/site-packages/airflow/example_dags/example_xcom.py
[2025-03-27T10:10:10.294+0000] {processor.py:914} INFO - Processing file /home/airflow/.local/lib/python3.12/site-packages/airflow/example_dags/example_xcom.py for tasks to queue
[2025-03-27T10:10:10.297+0000] {logging_mixin.py:190} INFO - [2025-03-27T10:10:10.296+0000] {dagbag.py:588} INFO - Filling up the DagBag from /home/airflow/.local/lib/python3.12/site-packages/airflow/example_dags/example_xcom.py
[2025-03-27T10:10:10.304+0000] {processor.py:925} INFO - DAG(s) 'example_xcom' retrieved from /home/airflow/.local/lib/python3.12/site-packages/airflow/example_dags/example_xcom.py
[2025-03-27T10:10:10.317+0000] {logging_mixin.py:190} INFO - [2025-03-27T10:10:10.317+0000] {dag.py:3239} INFO - Sync 1 DAGs
[2025-03-27T10:10:10.331+0000] {logging_mixin.py:190} INFO - [2025-03-27T10:10:10.330+0000] {dag.py:4180} INFO - Setting next_dagrun for example_xcom to 2021-01-01 00:00:00+00:00, run_after=2021-01-01 00:00:00+00:00
[2025-03-27T10:10:10.342+0000] {processor.py:208} INFO - Processing /home/airflow/.local/lib/python3.12/site-packages/airflow/example_dags/example_xcom.py took 0.054 seconds
[2025-03-27T10:10:40.505+0000] {processor.py:186} INFO - Started process (PID=688) to work on /home/airflow/.local/lib/python3.12/site-packages/airflow/example_dags/example_xcom.py
[2025-03-27T10:10:40.506+0000] {processor.py:914} INFO - Processing file /home/airflow/.local/lib/python3.12/site-packages/airflow/example_dags/example_xcom.py for tasks to queue
[2025-03-27T10:10:40.507+0000] {logging_mixin.py:190} INFO - [2025-03-27T10:10:40.507+0000] {dagbag.py:588} INFO - Filling up the DagBag from /home/airflow/.local/lib/python3.12/site-packages/airflow/example_dags/example_xcom.py
[2025-03-27T10:10:40.513+0000] {processor.py:925} INFO - DAG(s) 'example_xcom' retrieved from /home/airflow/.local/lib/python3.12/site-packages/airflow/example_dags/example_xcom.py
[2025-03-27T10:10:40.523+0000] {logging_mixin.py:190} INFO - [2025-03-27T10:10:40.522+0000] {dag.py:3239} INFO - Sync 1 DAGs
[2025-03-27T10:10:40.534+0000] {logging_mixin.py:190} INFO - [2025-03-27T10:10:40.534+0000] {dag.py:4180} INFO - Setting next_dagrun for example_xcom to 2021-01-01 00:00:00+00:00, run_after=2021-01-01 00:00:00+00:00
[2025-03-27T10:10:40.542+0000] {processor.py:208} INFO - Processing /home/airflow/.local/lib/python3.12/site-packages/airflow/example_dags/example_xcom.py took 0.040 seconds
[2025-03-27T10:11:10.821+0000] {processor.py:186} INFO - Started process (PID=751) to work on /home/airflow/.local/lib/python3.12/site-packages/airflow/example_dags/example_xcom.py
[2025-03-27T10:11:10.823+0000] {processor.py:914} INFO - Processing file /home/airflow/.local/lib/python3.12/site-packages/airflow/example_dags/example_xcom.py for tasks to queue
[2025-03-27T10:11:10.827+0000] {logging_mixin.py:190} INFO - [2025-03-27T10:11:10.827+0000] {dagbag.py:588} INFO - Filling up the DagBag from /home/airflow/.local/lib/python3.12/site-packages/airflow/example_dags/example_xcom.py
[2025-03-27T10:11:10.834+0000] {processor.py:925} INFO - DAG(s) 'example_xcom' retrieved from /home/airflow/.local/lib/python3.12/site-packages/airflow/example_dags/example_xcom.py
[2025-03-27T10:11:10.845+0000] {logging_mixin.py:190} INFO - [2025-03-27T10:11:10.845+0000] {dag.py:3239} INFO - Sync 1 DAGs
[2025-03-27T10:11:10.857+0000] {logging_mixin.py:190} INFO - [2025-03-27T10:11:10.857+0000] {dag.py:4180} INFO - Setting next_dagrun for example_xcom to 2021-01-01 00:00:00+00:00, run_after=2021-01-01 00:00:00+00:00
[2025-03-27T10:11:10.866+0000] {processor.py:208} INFO - Processing /home/airflow/.local/lib/python3.12/site-packages/airflow/example_dags/example_xcom.py took 0.049 seconds
[2025-03-27T10:11:41.534+0000] {processor.py:186} INFO - Started process (PID=814) to work on /home/airflow/.local/lib/python3.12/site-packages/airflow/example_dags/example_xcom.py
[2025-03-27T10:11:41.535+0000] {processor.py:914} INFO - Processing file /home/airflow/.local/lib/python3.12/site-packages/airflow/example_dags/example_xcom.py for tasks to queue
[2025-03-27T10:11:41.537+0000] {logging_mixin.py:190} INFO - [2025-03-27T10:11:41.536+0000] {dagbag.py:588} INFO - Filling up the DagBag from /home/airflow/.local/lib/python3.12/site-packages/airflow/example_dags/example_xcom.py
[2025-03-27T10:11:41.541+0000] {processor.py:925} INFO - DAG(s) 'example_xcom' retrieved from /home/airflow/.local/lib/python3.12/site-packages/airflow/example_dags/example_xcom.py
[2025-03-27T10:11:41.552+0000] {logging_mixin.py:190} INFO - [2025-03-27T10:11:41.552+0000] {dag.py:3239} INFO - Sync 1 DAGs
[2025-03-27T10:11:41.562+0000] {logging_mixin.py:190} INFO - [2025-03-27T10:11:41.562+0000] {dag.py:4180} INFO - Setting next_dagrun for example_xcom to 2021-01-01 00:00:00+00:00, run_after=2021-01-01 00:00:00+00:00
[2025-03-27T10:11:41.570+0000] {processor.py:208} INFO - Processing /home/airflow/.local/lib/python3.12/site-packages/airflow/example_dags/example_xcom.py took 0.039 seconds
[2025-03-27T10:12:12.267+0000] {processor.py:186} INFO - Started process (PID=877) to work on /home/airflow/.local/lib/python3.12/site-packages/airflow/example_dags/example_xcom.py
[2025-03-27T10:12:12.267+0000] {processor.py:914} INFO - Processing file /home/airflow/.local/lib/python3.12/site-packages/airflow/example_dags/example_xcom.py for tasks to queue
[2025-03-27T10:12:12.269+0000] {logging_mixin.py:190} INFO - [2025-03-27T10:12:12.269+0000] {dagbag.py:588} INFO - Filling up the DagBag from /home/airflow/.local/lib/python3.12/site-packages/airflow/example_dags/example_xcom.py
[2025-03-27T10:12:12.274+0000] {processor.py:925} INFO - DAG(s) 'example_xcom' retrieved from /home/airflow/.local/lib/python3.12/site-packages/airflow/example_dags/example_xcom.py
[2025-03-27T10:12:12.284+0000] {logging_mixin.py:190} INFO - [2025-03-27T10:12:12.284+0000] {dag.py:3239} INFO - Sync 1 DAGs
[2025-03-27T10:12:12.294+0000] {logging_mixin.py:190} INFO - [2025-03-27T10:12:12.294+0000] {dag.py:4180} INFO - Setting next_dagrun for example_xcom to 2021-01-01 00:00:00+00:00, run_after=2021-01-01 00:00:00+00:00
[2025-03-27T10:12:12.302+0000] {processor.py:208} INFO - Processing /home/airflow/.local/lib/python3.12/site-packages/airflow/example_dags/example_xcom.py took 0.039 seconds
[2025-03-27T10:12:43.097+0000] {processor.py:186} INFO - Started process (PID=940) to work on /home/airflow/.local/lib/python3.12/site-packages/airflow/example_dags/example_xcom.py
[2025-03-27T10:12:43.098+0000] {processor.py:914} INFO - Processing file /home/airflow/.local/lib/python3.12/site-packages/airflow/example_dags/example_xcom.py for tasks to queue
[2025-03-27T10:12:43.099+0000] {logging_mixin.py:190} INFO - [2025-03-27T10:12:43.099+0000] {dagbag.py:588} INFO - Filling up the DagBag from /home/airflow/.local/lib/python3.12/site-packages/airflow/example_dags/example_xcom.py
[2025-03-27T10:12:43.107+0000] {processor.py:925} INFO - DAG(s) 'example_xcom' retrieved from /home/airflow/.local/lib/python3.12/site-packages/airflow/example_dags/example_xcom.py
[2025-03-27T10:12:43.117+0000] {logging_mixin.py:190} INFO - [2025-03-27T10:12:43.117+0000] {dag.py:3239} INFO - Sync 1 DAGs
[2025-03-27T10:12:43.128+0000] {logging_mixin.py:190} INFO - [2025-03-27T10:12:43.128+0000] {dag.py:4180} INFO - Setting next_dagrun for example_xcom to 2021-01-01 00:00:00+00:00, run_after=2021-01-01 00:00:00+00:00
[2025-03-27T10:12:43.136+0000] {processor.py:208} INFO - Processing /home/airflow/.local/lib/python3.12/site-packages/airflow/example_dags/example_xcom.py took 0.043 seconds
[2025-03-27T10:13:13.993+0000] {processor.py:186} INFO - Started process (PID=1003) to work on /home/airflow/.local/lib/python3.12/site-packages/airflow/example_dags/example_xcom.py
[2025-03-27T10:13:13.994+0000] {processor.py:914} INFO - Processing file /home/airflow/.local/lib/python3.12/site-packages/airflow/example_dags/example_xcom.py for tasks to queue
[2025-03-27T10:13:13.996+0000] {logging_mixin.py:190} INFO - [2025-03-27T10:13:13.996+0000] {dagbag.py:588} INFO - Filling up the DagBag from /home/airflow/.local/lib/python3.12/site-packages/airflow/example_dags/example_xcom.py
[2025-03-27T10:13:14.001+0000] {processor.py:925} INFO - DAG(s) 'example_xcom' retrieved from /home/airflow/.local/lib/python3.12/site-packages/airflow/example_dags/example_xcom.py
[2025-03-27T10:13:14.012+0000] {logging_mixin.py:190} INFO - [2025-03-27T10:13:14.012+0000] {dag.py:3239} INFO - Sync 1 DAGs
[2025-03-27T10:13:14.022+0000] {logging_mixin.py:190} INFO - [2025-03-27T10:13:14.022+0000] {dag.py:4180} INFO - Setting next_dagrun for example_xcom to 2021-01-01 00:00:00+00:00, run_after=2021-01-01 00:00:00+00:00
[2025-03-27T10:13:14.032+0000] {processor.py:208} INFO - Processing /home/airflow/.local/lib/python3.12/site-packages/airflow/example_dags/example_xcom.py took 0.045 seconds
[2025-03-27T10:13:44.067+0000] {processor.py:186} INFO - Started process (PID=1066) to work on /home/airflow/.local/lib/python3.12/site-packages/airflow/example_dags/example_xcom.py
[2025-03-27T10:13:44.068+0000] {processor.py:914} INFO - Processing file /home/airflow/.local/lib/python3.12/site-packages/airflow/example_dags/example_xcom.py for tasks to queue
[2025-03-27T10:13:44.069+0000] {logging_mixin.py:190} INFO - [2025-03-27T10:13:44.069+0000] {dagbag.py:588} INFO - Filling up the DagBag from /home/airflow/.local/lib/python3.12/site-packages/airflow/example_dags/example_xcom.py
[2025-03-27T10:13:44.074+0000] {processor.py:925} INFO - DAG(s) 'example_xcom' retrieved from /home/airflow/.local/lib/python3.12/site-packages/airflow/example_dags/example_xcom.py
[2025-03-27T10:13:44.085+0000] {logging_mixin.py:190} INFO - [2025-03-27T10:13:44.085+0000] {dag.py:3239} INFO - Sync 1 DAGs
[2025-03-27T10:13:44.096+0000] {logging_mixin.py:190} INFO - [2025-03-27T10:13:44.096+0000] {dag.py:4180} INFO - Setting next_dagrun for example_xcom to 2021-01-01 00:00:00+00:00, run_after=2021-01-01 00:00:00+00:00
[2025-03-27T10:13:44.106+0000] {processor.py:208} INFO - Processing /home/airflow/.local/lib/python3.12/site-packages/airflow/example_dags/example_xcom.py took 0.044 seconds
[2025-03-27T10:14:14.150+0000] {processor.py:186} INFO - Started process (PID=1129) to work on /home/airflow/.local/lib/python3.12/site-packages/airflow/example_dags/example_xcom.py
[2025-03-27T10:14:14.154+0000] {processor.py:914} INFO - Processing file /home/airflow/.local/lib/python3.12/site-packages/airflow/example_dags/example_xcom.py for tasks to queue
[2025-03-27T10:14:14.156+0000] {logging_mixin.py:190} INFO - [2025-03-27T10:14:14.156+0000] {dagbag.py:588} INFO - Filling up the DagBag from /home/airflow/.local/lib/python3.12/site-packages/airflow/example_dags/example_xcom.py
[2025-03-27T10:14:14.164+0000] {processor.py:925} INFO - DAG(s) 'example_xcom' retrieved from /home/airflow/.local/lib/python3.12/site-packages/airflow/example_dags/example_xcom.py
[2025-03-27T10:14:14.175+0000] {logging_mixin.py:190} INFO - [2025-03-27T10:14:14.175+0000] {dag.py:3239} INFO - Sync 1 DAGs
[2025-03-27T10:14:14.187+0000] {logging_mixin.py:190} INFO - [2025-03-27T10:14:14.187+0000] {dag.py:4180} INFO - Setting next_dagrun for example_xcom to 2021-01-01 00:00:00+00:00, run_after=2021-01-01 00:00:00+00:00
[2025-03-27T10:14:14.196+0000] {processor.py:208} INFO - Processing /home/airflow/.local/lib/python3.12/site-packages/airflow/example_dags/example_xcom.py took 0.050 seconds
[2025-03-27T10:14:45.020+0000] {processor.py:186} INFO - Started process (PID=1192) to work on /home/airflow/.local/lib/python3.12/site-packages/airflow/example_dags/example_xcom.py
[2025-03-27T10:14:45.021+0000] {processor.py:914} INFO - Processing file /home/airflow/.local/lib/python3.12/site-packages/airflow/example_dags/example_xcom.py for tasks to queue
[2025-03-27T10:14:45.022+0000] {logging_mixin.py:190} INFO - [2025-03-27T10:14:45.022+0000] {dagbag.py:588} INFO - Filling up the DagBag from /home/airflow/.local/lib/python3.12/site-packages/airflow/example_dags/example_xcom.py
[2025-03-27T10:14:45.027+0000] {processor.py:925} INFO - DAG(s) 'example_xcom' retrieved from /home/airflow/.local/lib/python3.12/site-packages/airflow/example_dags/example_xcom.py
[2025-03-27T10:14:45.040+0000] {logging_mixin.py:190} INFO - [2025-03-27T10:14:45.040+0000] {dag.py:3239} INFO - Sync 1 DAGs
[2025-03-27T10:14:45.054+0000] {logging_mixin.py:190} INFO - [2025-03-27T10:14:45.054+0000] {dag.py:4180} INFO - Setting next_dagrun for example_xcom to 2021-01-01 00:00:00+00:00, run_after=2021-01-01 00:00:00+00:00
[2025-03-27T10:14:45.066+0000] {processor.py:208} INFO - Processing /home/airflow/.local/lib/python3.12/site-packages/airflow/example_dags/example_xcom.py took 0.048 seconds
[2025-03-27T10:15:15.139+0000] {processor.py:186} INFO - Started process (PID=1254) to work on /home/airflow/.local/lib/python3.12/site-packages/airflow/example_dags/example_xcom.py
[2025-03-27T10:15:15.142+0000] {processor.py:914} INFO - Processing file /home/airflow/.local/lib/python3.12/site-packages/airflow/example_dags/example_xcom.py for tasks to queue
[2025-03-27T10:15:15.143+0000] {logging_mixin.py:190} INFO - [2025-03-27T10:15:15.143+0000] {dagbag.py:588} INFO - Filling up the DagBag from /home/airflow/.local/lib/python3.12/site-packages/airflow/example_dags/example_xcom.py
[2025-03-27T10:15:15.148+0000] {processor.py:925} INFO - DAG(s) 'example_xcom' retrieved from /home/airflow/.local/lib/python3.12/site-packages/airflow/example_dags/example_xcom.py
[2025-03-27T10:15:15.159+0000] {logging_mixin.py:190} INFO - [2025-03-27T10:15:15.159+0000] {dag.py:3239} INFO - Sync 1 DAGs
[2025-03-27T10:15:15.174+0000] {logging_mixin.py:190} INFO - [2025-03-27T10:15:15.174+0000] {dag.py:4180} INFO - Setting next_dagrun for example_xcom to 2021-01-01 00:00:00+00:00, run_after=2021-01-01 00:00:00+00:00
[2025-03-27T10:15:15.186+0000] {processor.py:208} INFO - Processing /home/airflow/.local/lib/python3.12/site-packages/airflow/example_dags/example_xcom.py took 0.051 seconds
[2025-03-27T10:15:45.914+0000] {processor.py:186} INFO - Started process (PID=1317) to work on /home/airflow/.local/lib/python3.12/site-packages/airflow/example_dags/example_xcom.py
[2025-03-27T10:15:45.918+0000] {processor.py:914} INFO - Processing file /home/airflow/.local/lib/python3.12/site-packages/airflow/example_dags/example_xcom.py for tasks to queue
[2025-03-27T10:15:45.920+0000] {logging_mixin.py:190} INFO - [2025-03-27T10:15:45.919+0000] {dagbag.py:588} INFO - Filling up the DagBag from /home/airflow/.local/lib/python3.12/site-packages/airflow/example_dags/example_xcom.py
[2025-03-27T10:15:45.924+0000] {processor.py:925} INFO - DAG(s) 'example_xcom' retrieved from /home/airflow/.local/lib/python3.12/site-packages/airflow/example_dags/example_xcom.py
[2025-03-27T10:15:45.936+0000] {logging_mixin.py:190} INFO - [2025-03-27T10:15:45.936+0000] {dag.py:3239} INFO - Sync 1 DAGs
[2025-03-27T10:15:45.949+0000] {logging_mixin.py:190} INFO - [2025-03-27T10:15:45.949+0000] {dag.py:4180} INFO - Setting next_dagrun for example_xcom to 2021-01-01 00:00:00+00:00, run_after=2021-01-01 00:00:00+00:00
[2025-03-27T10:15:45.961+0000] {processor.py:208} INFO - Processing /home/airflow/.local/lib/python3.12/site-packages/airflow/example_dags/example_xcom.py took 0.050 seconds
[2025-03-27T10:16:16.863+0000] {processor.py:186} INFO - Started process (PID=1380) to work on /home/airflow/.local/lib/python3.12/site-packages/airflow/example_dags/example_xcom.py
[2025-03-27T10:16:16.864+0000] {processor.py:914} INFO - Processing file /home/airflow/.local/lib/python3.12/site-packages/airflow/example_dags/example_xcom.py for tasks to queue
[2025-03-27T10:16:16.865+0000] {logging_mixin.py:190} INFO - [2025-03-27T10:16:16.865+0000] {dagbag.py:588} INFO - Filling up the DagBag from /home/airflow/.local/lib/python3.12/site-packages/airflow/example_dags/example_xcom.py
[2025-03-27T10:16:16.873+0000] {processor.py:925} INFO - DAG(s) 'example_xcom' retrieved from /home/airflow/.local/lib/python3.12/site-packages/airflow/example_dags/example_xcom.py
[2025-03-27T10:16:16.888+0000] {logging_mixin.py:190} INFO - [2025-03-27T10:16:16.887+0000] {dag.py:3239} INFO - Sync 1 DAGs
[2025-03-27T10:16:16.898+0000] {logging_mixin.py:190} INFO - [2025-03-27T10:16:16.898+0000] {dag.py:4180} INFO - Setting next_dagrun for example_xcom to 2021-01-01 00:00:00+00:00, run_after=2021-01-01 00:00:00+00:00
[2025-03-27T10:16:16.909+0000] {processor.py:208} INFO - Processing /home/airflow/.local/lib/python3.12/site-packages/airflow/example_dags/example_xcom.py took 0.050 seconds
[2025-03-27T10:16:47.102+0000] {processor.py:186} INFO - Started process (PID=1443) to work on /home/airflow/.local/lib/python3.12/site-packages/airflow/example_dags/example_xcom.py
[2025-03-27T10:16:47.102+0000] {processor.py:914} INFO - Processing file /home/airflow/.local/lib/python3.12/site-packages/airflow/example_dags/example_xcom.py for tasks to queue
[2025-03-27T10:16:47.104+0000] {logging_mixin.py:190} INFO - [2025-03-27T10:16:47.104+0000] {dagbag.py:588} INFO - Filling up the DagBag from /home/airflow/.local/lib/python3.12/site-packages/airflow/example_dags/example_xcom.py
[2025-03-27T10:16:47.110+0000] {processor.py:925} INFO - DAG(s) 'example_xcom' retrieved from /home/airflow/.local/lib/python3.12/site-packages/airflow/example_dags/example_xcom.py
[2025-03-27T10:16:47.122+0000] {logging_mixin.py:190} INFO - [2025-03-27T10:16:47.122+0000] {dag.py:3239} INFO - Sync 1 DAGs
[2025-03-27T10:16:47.135+0000] {logging_mixin.py:190} INFO - [2025-03-27T10:16:47.135+0000] {dag.py:4180} INFO - Setting next_dagrun for example_xcom to 2021-01-01 00:00:00+00:00, run_after=2021-01-01 00:00:00+00:00
[2025-03-27T10:16:47.144+0000] {processor.py:208} INFO - Processing /home/airflow/.local/lib/python3.12/site-packages/airflow/example_dags/example_xcom.py took 0.046 seconds
[2025-03-27T10:17:17.898+0000] {processor.py:186} INFO - Started process (PID=1506) to work on /home/airflow/.local/lib/python3.12/site-packages/airflow/example_dags/example_xcom.py
[2025-03-27T10:17:17.901+0000] {processor.py:914} INFO - Processing file /home/airflow/.local/lib/python3.12/site-packages/airflow/example_dags/example_xcom.py for tasks to queue
[2025-03-27T10:17:17.903+0000] {logging_mixin.py:190} INFO - [2025-03-27T10:17:17.902+0000] {dagbag.py:588} INFO - Filling up the DagBag from /home/airflow/.local/lib/python3.12/site-packages/airflow/example_dags/example_xcom.py
[2025-03-27T10:17:17.908+0000] {processor.py:925} INFO - DAG(s) 'example_xcom' retrieved from /home/airflow/.local/lib/python3.12/site-packages/airflow/example_dags/example_xcom.py
[2025-03-27T10:17:17.919+0000] {logging_mixin.py:190} INFO - [2025-03-27T10:17:17.919+0000] {dag.py:3239} INFO - Sync 1 DAGs
[2025-03-27T10:17:17.931+0000] {logging_mixin.py:190} INFO - [2025-03-27T10:17:17.931+0000] {dag.py:4180} INFO - Setting next_dagrun for example_xcom to 2021-01-01 00:00:00+00:00, run_after=2021-01-01 00:00:00+00:00
[2025-03-27T10:17:17.940+0000] {processor.py:208} INFO - Processing /home/airflow/.local/lib/python3.12/site-packages/airflow/example_dags/example_xcom.py took 0.045 seconds
[2025-03-27T10:17:48.808+0000] {processor.py:186} INFO - Started process (PID=1569) to work on /home/airflow/.local/lib/python3.12/site-packages/airflow/example_dags/example_xcom.py
[2025-03-27T10:17:48.810+0000] {processor.py:914} INFO - Processing file /home/airflow/.local/lib/python3.12/site-packages/airflow/example_dags/example_xcom.py for tasks to queue
[2025-03-27T10:17:48.811+0000] {logging_mixin.py:190} INFO - [2025-03-27T10:17:48.811+0000] {dagbag.py:588} INFO - Filling up the DagBag from /home/airflow/.local/lib/python3.12/site-packages/airflow/example_dags/example_xcom.py
[2025-03-27T10:17:48.816+0000] {processor.py:925} INFO - DAG(s) 'example_xcom' retrieved from /home/airflow/.local/lib/python3.12/site-packages/airflow/example_dags/example_xcom.py
[2025-03-27T10:17:48.832+0000] {logging_mixin.py:190} INFO - [2025-03-27T10:17:48.832+0000] {dag.py:3239} INFO - Sync 1 DAGs
[2025-03-27T10:17:48.843+0000] {logging_mixin.py:190} INFO - [2025-03-27T10:17:48.843+0000] {dag.py:4180} INFO - Setting next_dagrun for example_xcom to 2021-01-01 00:00:00+00:00, run_after=2021-01-01 00:00:00+00:00
[2025-03-27T10:17:48.853+0000] {processor.py:208} INFO - Processing /home/airflow/.local/lib/python3.12/site-packages/airflow/example_dags/example_xcom.py took 0.048 seconds
