[2025-03-27T10:05:35.646+0000] {processor.py:186} INFO - Started process (PID=68) to work on /home/airflow/.local/lib/python3.12/site-packages/airflow/example_dags/example_sla_dag.py
[2025-03-27T10:05:35.647+0000] {processor.py:914} INFO - Processing file /home/airflow/.local/lib/python3.12/site-packages/airflow/example_dags/example_sla_dag.py for tasks to queue
[2025-03-27T10:05:35.648+0000] {logging_mixin.py:190} INFO - [2025-03-27T10:05:35.648+0000] {dagbag.py:588} INFO - Filling up the DagBag from /home/airflow/.local/lib/python3.12/site-packages/airflow/example_dags/example_sla_dag.py
[2025-03-27T10:05:35.656+0000] {processor.py:925} INFO - DAG(s) 'example_sla_dag' retrieved from /home/airflow/.local/lib/python3.12/site-packages/airflow/example_dags/example_sla_dag.py
[2025-03-27T10:05:35.711+0000] {logging_mixin.py:190} INFO - [2025-03-27T10:05:35.711+0000] {override.py:1912} INFO - Created Permission View: can read on DAG:example_sla_dag
[2025-03-27T10:05:35.716+0000] {logging_mixin.py:190} INFO - [2025-03-27T10:05:35.716+0000] {override.py:1912} INFO - Created Permission View: can delete on DAG:example_sla_dag
[2025-03-27T10:05:35.724+0000] {logging_mixin.py:190} INFO - [2025-03-27T10:05:35.724+0000] {override.py:1912} INFO - Created Permission View: can edit on DAG:example_sla_dag
[2025-03-27T10:05:35.727+0000] {logging_mixin.py:190} INFO - [2025-03-27T10:05:35.727+0000] {override.py:1912} INFO - Created Permission View: can read on DAG Run:example_sla_dag
[2025-03-27T10:05:35.731+0000] {logging_mixin.py:190} INFO - [2025-03-27T10:05:35.731+0000] {override.py:1912} INFO - Created Permission View: can delete on DAG Run:example_sla_dag
[2025-03-27T10:05:35.734+0000] {logging_mixin.py:190} INFO - [2025-03-27T10:05:35.734+0000] {override.py:1912} INFO - Created Permission View: can create on DAG Run:example_sla_dag
[2025-03-27T10:05:35.736+0000] {logging_mixin.py:190} INFO - [2025-03-27T10:05:35.736+0000] {override.py:1912} INFO - Created Permission View: menu access on DAG Run:example_sla_dag
[2025-03-27T10:05:35.737+0000] {logging_mixin.py:190} INFO - [2025-03-27T10:05:35.737+0000] {dag.py:3239} INFO - Sync 1 DAGs
[2025-03-27T10:05:35.744+0000] {logging_mixin.py:190} INFO - [2025-03-27T10:05:35.743+0000] {dag.py:3262} INFO - Creating ORM DAG for example_sla_dag
[2025-03-27T10:05:35.752+0000] {logging_mixin.py:190} INFO - [2025-03-27T10:05:35.752+0000] {dag.py:4180} INFO - Setting next_dagrun for example_sla_dag to 2025-03-27 10:02:00+00:00, run_after=2025-03-27 10:04:00+00:00
[2025-03-27T10:05:35.760+0000] {processor.py:208} INFO - Processing /home/airflow/.local/lib/python3.12/site-packages/airflow/example_dags/example_sla_dag.py took 0.116 seconds
[2025-03-27T10:06:06.673+0000] {processor.py:186} INFO - Started process (PID=130) to work on /home/airflow/.local/lib/python3.12/site-packages/airflow/example_dags/example_sla_dag.py
[2025-03-27T10:06:06.674+0000] {processor.py:914} INFO - Processing file /home/airflow/.local/lib/python3.12/site-packages/airflow/example_dags/example_sla_dag.py for tasks to queue
[2025-03-27T10:06:06.682+0000] {logging_mixin.py:190} INFO - [2025-03-27T10:06:06.681+0000] {dagbag.py:588} INFO - Filling up the DagBag from /home/airflow/.local/lib/python3.12/site-packages/airflow/example_dags/example_sla_dag.py
[2025-03-27T10:06:06.715+0000] {processor.py:925} INFO - DAG(s) 'example_sla_dag' retrieved from /home/airflow/.local/lib/python3.12/site-packages/airflow/example_dags/example_sla_dag.py
[2025-03-27T10:06:06.737+0000] {logging_mixin.py:190} INFO - [2025-03-27T10:06:06.737+0000] {dag.py:3239} INFO - Sync 1 DAGs
[2025-03-27T10:06:06.752+0000] {logging_mixin.py:190} INFO - [2025-03-27T10:06:06.752+0000] {dag.py:4180} INFO - Setting next_dagrun for example_sla_dag to 2025-03-27 10:04:00+00:00, run_after=2025-03-27 10:06:00+00:00
[2025-03-27T10:06:06.761+0000] {processor.py:208} INFO - Processing /home/airflow/.local/lib/python3.12/site-packages/airflow/example_dags/example_sla_dag.py took 0.093 seconds
[2025-03-27T10:06:36.835+0000] {processor.py:186} INFO - Started process (PID=193) to work on /home/airflow/.local/lib/python3.12/site-packages/airflow/example_dags/example_sla_dag.py
[2025-03-27T10:06:36.836+0000] {processor.py:914} INFO - Processing file /home/airflow/.local/lib/python3.12/site-packages/airflow/example_dags/example_sla_dag.py for tasks to queue
[2025-03-27T10:06:36.838+0000] {logging_mixin.py:190} INFO - [2025-03-27T10:06:36.838+0000] {dagbag.py:588} INFO - Filling up the DagBag from /home/airflow/.local/lib/python3.12/site-packages/airflow/example_dags/example_sla_dag.py
[2025-03-27T10:06:36.848+0000] {processor.py:925} INFO - DAG(s) 'example_sla_dag' retrieved from /home/airflow/.local/lib/python3.12/site-packages/airflow/example_dags/example_sla_dag.py
[2025-03-27T10:06:36.863+0000] {logging_mixin.py:190} INFO - [2025-03-27T10:06:36.862+0000] {dag.py:3239} INFO - Sync 1 DAGs
[2025-03-27T10:06:36.879+0000] {logging_mixin.py:190} INFO - [2025-03-27T10:06:36.879+0000] {dag.py:4180} INFO - Setting next_dagrun for example_sla_dag to 2025-03-27 10:04:00+00:00, run_after=2025-03-27 10:06:00+00:00
[2025-03-27T10:06:36.889+0000] {processor.py:208} INFO - Processing /home/airflow/.local/lib/python3.12/site-packages/airflow/example_dags/example_sla_dag.py took 0.061 seconds
[2025-03-27T10:07:07.045+0000] {processor.py:186} INFO - Started process (PID=256) to work on /home/airflow/.local/lib/python3.12/site-packages/airflow/example_dags/example_sla_dag.py
[2025-03-27T10:07:07.047+0000] {processor.py:914} INFO - Processing file /home/airflow/.local/lib/python3.12/site-packages/airflow/example_dags/example_sla_dag.py for tasks to queue
[2025-03-27T10:07:07.049+0000] {logging_mixin.py:190} INFO - [2025-03-27T10:07:07.049+0000] {dagbag.py:588} INFO - Filling up the DagBag from /home/airflow/.local/lib/python3.12/site-packages/airflow/example_dags/example_sla_dag.py
[2025-03-27T10:07:07.060+0000] {processor.py:925} INFO - DAG(s) 'example_sla_dag' retrieved from /home/airflow/.local/lib/python3.12/site-packages/airflow/example_dags/example_sla_dag.py
[2025-03-27T10:07:07.075+0000] {logging_mixin.py:190} INFO - [2025-03-27T10:07:07.075+0000] {dag.py:3239} INFO - Sync 1 DAGs
[2025-03-27T10:07:07.091+0000] {logging_mixin.py:190} INFO - [2025-03-27T10:07:07.091+0000] {dag.py:4180} INFO - Setting next_dagrun for example_sla_dag to 2025-03-27 10:04:00+00:00, run_after=2025-03-27 10:06:00+00:00
[2025-03-27T10:07:07.104+0000] {processor.py:208} INFO - Processing /home/airflow/.local/lib/python3.12/site-packages/airflow/example_dags/example_sla_dag.py took 0.066 seconds
[2025-03-27T10:07:37.189+0000] {processor.py:186} INFO - Started process (PID=319) to work on /home/airflow/.local/lib/python3.12/site-packages/airflow/example_dags/example_sla_dag.py
[2025-03-27T10:07:37.191+0000] {processor.py:914} INFO - Processing file /home/airflow/.local/lib/python3.12/site-packages/airflow/example_dags/example_sla_dag.py for tasks to queue
[2025-03-27T10:07:37.193+0000] {logging_mixin.py:190} INFO - [2025-03-27T10:07:37.192+0000] {dagbag.py:588} INFO - Filling up the DagBag from /home/airflow/.local/lib/python3.12/site-packages/airflow/example_dags/example_sla_dag.py
[2025-03-27T10:07:37.202+0000] {processor.py:925} INFO - DAG(s) 'example_sla_dag' retrieved from /home/airflow/.local/lib/python3.12/site-packages/airflow/example_dags/example_sla_dag.py
[2025-03-27T10:07:37.218+0000] {logging_mixin.py:190} INFO - [2025-03-27T10:07:37.218+0000] {dag.py:3239} INFO - Sync 1 DAGs
[2025-03-27T10:07:37.233+0000] {logging_mixin.py:190} INFO - [2025-03-27T10:07:37.233+0000] {dag.py:4180} INFO - Setting next_dagrun for example_sla_dag to 2025-03-27 10:04:00+00:00, run_after=2025-03-27 10:06:00+00:00
[2025-03-27T10:07:37.243+0000] {processor.py:208} INFO - Processing /home/airflow/.local/lib/python3.12/site-packages/airflow/example_dags/example_sla_dag.py took 0.063 seconds
[2025-03-27T10:08:08.171+0000] {processor.py:186} INFO - Started process (PID=381) to work on /home/airflow/.local/lib/python3.12/site-packages/airflow/example_dags/example_sla_dag.py
[2025-03-27T10:08:08.172+0000] {processor.py:914} INFO - Processing file /home/airflow/.local/lib/python3.12/site-packages/airflow/example_dags/example_sla_dag.py for tasks to queue
[2025-03-27T10:08:08.176+0000] {logging_mixin.py:190} INFO - [2025-03-27T10:08:08.175+0000] {dagbag.py:588} INFO - Filling up the DagBag from /home/airflow/.local/lib/python3.12/site-packages/airflow/example_dags/example_sla_dag.py
[2025-03-27T10:08:08.186+0000] {processor.py:925} INFO - DAG(s) 'example_sla_dag' retrieved from /home/airflow/.local/lib/python3.12/site-packages/airflow/example_dags/example_sla_dag.py
[2025-03-27T10:08:08.200+0000] {logging_mixin.py:190} INFO - [2025-03-27T10:08:08.200+0000] {dag.py:3239} INFO - Sync 1 DAGs
[2025-03-27T10:08:08.215+0000] {logging_mixin.py:190} INFO - [2025-03-27T10:08:08.214+0000] {dag.py:4180} INFO - Setting next_dagrun for example_sla_dag to 2025-03-27 10:06:00+00:00, run_after=2025-03-27 10:08:00+00:00
[2025-03-27T10:08:08.223+0000] {processor.py:208} INFO - Processing /home/airflow/.local/lib/python3.12/site-packages/airflow/example_dags/example_sla_dag.py took 0.062 seconds
[2025-03-27T10:08:38.997+0000] {processor.py:186} INFO - Started process (PID=444) to work on /home/airflow/.local/lib/python3.12/site-packages/airflow/example_dags/example_sla_dag.py
[2025-03-27T10:08:38.998+0000] {processor.py:914} INFO - Processing file /home/airflow/.local/lib/python3.12/site-packages/airflow/example_dags/example_sla_dag.py for tasks to queue
[2025-03-27T10:08:39.000+0000] {logging_mixin.py:190} INFO - [2025-03-27T10:08:39.000+0000] {dagbag.py:588} INFO - Filling up the DagBag from /home/airflow/.local/lib/python3.12/site-packages/airflow/example_dags/example_sla_dag.py
[2025-03-27T10:08:39.011+0000] {processor.py:925} INFO - DAG(s) 'example_sla_dag' retrieved from /home/airflow/.local/lib/python3.12/site-packages/airflow/example_dags/example_sla_dag.py
[2025-03-27T10:08:39.026+0000] {logging_mixin.py:190} INFO - [2025-03-27T10:08:39.026+0000] {dag.py:3239} INFO - Sync 1 DAGs
[2025-03-27T10:08:39.041+0000] {logging_mixin.py:190} INFO - [2025-03-27T10:08:39.041+0000] {dag.py:4180} INFO - Setting next_dagrun for example_sla_dag to 2025-03-27 10:06:00+00:00, run_after=2025-03-27 10:08:00+00:00
[2025-03-27T10:08:39.051+0000] {processor.py:208} INFO - Processing /home/airflow/.local/lib/python3.12/site-packages/airflow/example_dags/example_sla_dag.py took 0.060 seconds
[2025-03-27T10:09:10.035+0000] {processor.py:186} INFO - Started process (PID=506) to work on /home/airflow/.local/lib/python3.12/site-packages/airflow/example_dags/example_sla_dag.py
[2025-03-27T10:09:10.036+0000] {processor.py:914} INFO - Processing file /home/airflow/.local/lib/python3.12/site-packages/airflow/example_dags/example_sla_dag.py for tasks to queue
[2025-03-27T10:09:10.038+0000] {logging_mixin.py:190} INFO - [2025-03-27T10:09:10.038+0000] {dagbag.py:588} INFO - Filling up the DagBag from /home/airflow/.local/lib/python3.12/site-packages/airflow/example_dags/example_sla_dag.py
[2025-03-27T10:09:10.048+0000] {processor.py:925} INFO - DAG(s) 'example_sla_dag' retrieved from /home/airflow/.local/lib/python3.12/site-packages/airflow/example_dags/example_sla_dag.py
[2025-03-27T10:09:10.062+0000] {logging_mixin.py:190} INFO - [2025-03-27T10:09:10.062+0000] {dag.py:3239} INFO - Sync 1 DAGs
[2025-03-27T10:09:10.078+0000] {logging_mixin.py:190} INFO - [2025-03-27T10:09:10.078+0000] {dag.py:4180} INFO - Setting next_dagrun for example_sla_dag to 2025-03-27 10:06:00+00:00, run_after=2025-03-27 10:08:00+00:00
[2025-03-27T10:09:10.088+0000] {processor.py:208} INFO - Processing /home/airflow/.local/lib/python3.12/site-packages/airflow/example_dags/example_sla_dag.py took 0.059 seconds
[2025-03-27T10:09:40.723+0000] {processor.py:186} INFO - Started process (PID=569) to work on /home/airflow/.local/lib/python3.12/site-packages/airflow/example_dags/example_sla_dag.py
[2025-03-27T10:09:40.723+0000] {processor.py:914} INFO - Processing file /home/airflow/.local/lib/python3.12/site-packages/airflow/example_dags/example_sla_dag.py for tasks to queue
[2025-03-27T10:09:40.725+0000] {logging_mixin.py:190} INFO - [2025-03-27T10:09:40.725+0000] {dagbag.py:588} INFO - Filling up the DagBag from /home/airflow/.local/lib/python3.12/site-packages/airflow/example_dags/example_sla_dag.py
[2025-03-27T10:09:40.732+0000] {processor.py:925} INFO - DAG(s) 'example_sla_dag' retrieved from /home/airflow/.local/lib/python3.12/site-packages/airflow/example_dags/example_sla_dag.py
[2025-03-27T10:09:40.745+0000] {logging_mixin.py:190} INFO - [2025-03-27T10:09:40.745+0000] {dag.py:3239} INFO - Sync 1 DAGs
[2025-03-27T10:09:40.760+0000] {logging_mixin.py:190} INFO - [2025-03-27T10:09:40.760+0000] {dag.py:4180} INFO - Setting next_dagrun for example_sla_dag to 2025-03-27 10:06:00+00:00, run_after=2025-03-27 10:08:00+00:00
[2025-03-27T10:09:40.767+0000] {processor.py:208} INFO - Processing /home/airflow/.local/lib/python3.12/site-packages/airflow/example_dags/example_sla_dag.py took 0.049 seconds
[2025-03-27T10:10:11.542+0000] {processor.py:186} INFO - Started process (PID=632) to work on /home/airflow/.local/lib/python3.12/site-packages/airflow/example_dags/example_sla_dag.py
[2025-03-27T10:10:11.544+0000] {processor.py:914} INFO - Processing file /home/airflow/.local/lib/python3.12/site-packages/airflow/example_dags/example_sla_dag.py for tasks to queue
[2025-03-27T10:10:11.545+0000] {logging_mixin.py:190} INFO - [2025-03-27T10:10:11.545+0000] {dagbag.py:588} INFO - Filling up the DagBag from /home/airflow/.local/lib/python3.12/site-packages/airflow/example_dags/example_sla_dag.py
[2025-03-27T10:10:11.552+0000] {processor.py:925} INFO - DAG(s) 'example_sla_dag' retrieved from /home/airflow/.local/lib/python3.12/site-packages/airflow/example_dags/example_sla_dag.py
[2025-03-27T10:10:11.569+0000] {logging_mixin.py:190} INFO - [2025-03-27T10:10:11.569+0000] {dag.py:3239} INFO - Sync 1 DAGs
[2025-03-27T10:10:11.583+0000] {logging_mixin.py:190} INFO - [2025-03-27T10:10:11.583+0000] {dag.py:4180} INFO - Setting next_dagrun for example_sla_dag to 2025-03-27 10:08:00+00:00, run_after=2025-03-27 10:10:00+00:00
[2025-03-27T10:10:11.594+0000] {processor.py:208} INFO - Processing /home/airflow/.local/lib/python3.12/site-packages/airflow/example_dags/example_sla_dag.py took 0.054 seconds
[2025-03-27T10:10:41.709+0000] {processor.py:186} INFO - Started process (PID=695) to work on /home/airflow/.local/lib/python3.12/site-packages/airflow/example_dags/example_sla_dag.py
[2025-03-27T10:10:41.711+0000] {processor.py:914} INFO - Processing file /home/airflow/.local/lib/python3.12/site-packages/airflow/example_dags/example_sla_dag.py for tasks to queue
[2025-03-27T10:10:41.713+0000] {logging_mixin.py:190} INFO - [2025-03-27T10:10:41.712+0000] {dagbag.py:588} INFO - Filling up the DagBag from /home/airflow/.local/lib/python3.12/site-packages/airflow/example_dags/example_sla_dag.py
[2025-03-27T10:10:41.722+0000] {processor.py:925} INFO - DAG(s) 'example_sla_dag' retrieved from /home/airflow/.local/lib/python3.12/site-packages/airflow/example_dags/example_sla_dag.py
[2025-03-27T10:10:41.738+0000] {logging_mixin.py:190} INFO - [2025-03-27T10:10:41.738+0000] {dag.py:3239} INFO - Sync 1 DAGs
[2025-03-27T10:10:41.756+0000] {logging_mixin.py:190} INFO - [2025-03-27T10:10:41.756+0000] {dag.py:4180} INFO - Setting next_dagrun for example_sla_dag to 2025-03-27 10:08:00+00:00, run_after=2025-03-27 10:10:00+00:00
[2025-03-27T10:10:41.766+0000] {processor.py:208} INFO - Processing /home/airflow/.local/lib/python3.12/site-packages/airflow/example_dags/example_sla_dag.py took 0.064 seconds
[2025-03-27T10:11:12.059+0000] {processor.py:186} INFO - Started process (PID=758) to work on /home/airflow/.local/lib/python3.12/site-packages/airflow/example_dags/example_sla_dag.py
[2025-03-27T10:11:12.061+0000] {processor.py:914} INFO - Processing file /home/airflow/.local/lib/python3.12/site-packages/airflow/example_dags/example_sla_dag.py for tasks to queue
[2025-03-27T10:11:12.064+0000] {logging_mixin.py:190} INFO - [2025-03-27T10:11:12.064+0000] {dagbag.py:588} INFO - Filling up the DagBag from /home/airflow/.local/lib/python3.12/site-packages/airflow/example_dags/example_sla_dag.py
[2025-03-27T10:11:12.074+0000] {processor.py:925} INFO - DAG(s) 'example_sla_dag' retrieved from /home/airflow/.local/lib/python3.12/site-packages/airflow/example_dags/example_sla_dag.py
[2025-03-27T10:11:12.092+0000] {logging_mixin.py:190} INFO - [2025-03-27T10:11:12.092+0000] {dag.py:3239} INFO - Sync 1 DAGs
[2025-03-27T10:11:12.111+0000] {logging_mixin.py:190} INFO - [2025-03-27T10:11:12.111+0000] {dag.py:4180} INFO - Setting next_dagrun for example_sla_dag to 2025-03-27 10:08:00+00:00, run_after=2025-03-27 10:10:00+00:00
[2025-03-27T10:11:12.121+0000] {processor.py:208} INFO - Processing /home/airflow/.local/lib/python3.12/site-packages/airflow/example_dags/example_sla_dag.py took 0.069 seconds
[2025-03-27T10:11:42.744+0000] {processor.py:186} INFO - Started process (PID=821) to work on /home/airflow/.local/lib/python3.12/site-packages/airflow/example_dags/example_sla_dag.py
[2025-03-27T10:11:42.746+0000] {processor.py:914} INFO - Processing file /home/airflow/.local/lib/python3.12/site-packages/airflow/example_dags/example_sla_dag.py for tasks to queue
[2025-03-27T10:11:42.748+0000] {logging_mixin.py:190} INFO - [2025-03-27T10:11:42.748+0000] {dagbag.py:588} INFO - Filling up the DagBag from /home/airflow/.local/lib/python3.12/site-packages/airflow/example_dags/example_sla_dag.py
[2025-03-27T10:11:42.758+0000] {processor.py:925} INFO - DAG(s) 'example_sla_dag' retrieved from /home/airflow/.local/lib/python3.12/site-packages/airflow/example_dags/example_sla_dag.py
[2025-03-27T10:11:42.773+0000] {logging_mixin.py:190} INFO - [2025-03-27T10:11:42.772+0000] {dag.py:3239} INFO - Sync 1 DAGs
[2025-03-27T10:11:42.788+0000] {logging_mixin.py:190} INFO - [2025-03-27T10:11:42.788+0000] {dag.py:4180} INFO - Setting next_dagrun for example_sla_dag to 2025-03-27 10:08:00+00:00, run_after=2025-03-27 10:10:00+00:00
[2025-03-27T10:11:42.798+0000] {processor.py:208} INFO - Processing /home/airflow/.local/lib/python3.12/site-packages/airflow/example_dags/example_sla_dag.py took 0.060 seconds
[2025-03-27T10:12:13.471+0000] {processor.py:186} INFO - Started process (PID=884) to work on /home/airflow/.local/lib/python3.12/site-packages/airflow/example_dags/example_sla_dag.py
[2025-03-27T10:12:13.472+0000] {processor.py:914} INFO - Processing file /home/airflow/.local/lib/python3.12/site-packages/airflow/example_dags/example_sla_dag.py for tasks to queue
[2025-03-27T10:12:13.475+0000] {logging_mixin.py:190} INFO - [2025-03-27T10:12:13.474+0000] {dagbag.py:588} INFO - Filling up the DagBag from /home/airflow/.local/lib/python3.12/site-packages/airflow/example_dags/example_sla_dag.py
[2025-03-27T10:12:13.484+0000] {processor.py:925} INFO - DAG(s) 'example_sla_dag' retrieved from /home/airflow/.local/lib/python3.12/site-packages/airflow/example_dags/example_sla_dag.py
[2025-03-27T10:12:13.500+0000] {logging_mixin.py:190} INFO - [2025-03-27T10:12:13.499+0000] {dag.py:3239} INFO - Sync 1 DAGs
[2025-03-27T10:12:13.514+0000] {logging_mixin.py:190} INFO - [2025-03-27T10:12:13.514+0000] {dag.py:4180} INFO - Setting next_dagrun for example_sla_dag to 2025-03-27 10:10:00+00:00, run_after=2025-03-27 10:12:00+00:00
[2025-03-27T10:12:13.524+0000] {processor.py:208} INFO - Processing /home/airflow/.local/lib/python3.12/site-packages/airflow/example_dags/example_sla_dag.py took 0.059 seconds
[2025-03-27T10:12:44.332+0000] {processor.py:186} INFO - Started process (PID=947) to work on /home/airflow/.local/lib/python3.12/site-packages/airflow/example_dags/example_sla_dag.py
[2025-03-27T10:12:44.335+0000] {processor.py:914} INFO - Processing file /home/airflow/.local/lib/python3.12/site-packages/airflow/example_dags/example_sla_dag.py for tasks to queue
[2025-03-27T10:12:44.338+0000] {logging_mixin.py:190} INFO - [2025-03-27T10:12:44.337+0000] {dagbag.py:588} INFO - Filling up the DagBag from /home/airflow/.local/lib/python3.12/site-packages/airflow/example_dags/example_sla_dag.py
[2025-03-27T10:12:44.352+0000] {processor.py:925} INFO - DAG(s) 'example_sla_dag' retrieved from /home/airflow/.local/lib/python3.12/site-packages/airflow/example_dags/example_sla_dag.py
[2025-03-27T10:12:44.368+0000] {logging_mixin.py:190} INFO - [2025-03-27T10:12:44.368+0000] {dag.py:3239} INFO - Sync 1 DAGs
[2025-03-27T10:12:44.386+0000] {logging_mixin.py:190} INFO - [2025-03-27T10:12:44.386+0000] {dag.py:4180} INFO - Setting next_dagrun for example_sla_dag to 2025-03-27 10:10:00+00:00, run_after=2025-03-27 10:12:00+00:00
[2025-03-27T10:12:44.395+0000] {processor.py:208} INFO - Processing /home/airflow/.local/lib/python3.12/site-packages/airflow/example_dags/example_sla_dag.py took 0.071 seconds
[2025-03-27T10:13:15.241+0000] {processor.py:186} INFO - Started process (PID=1010) to work on /home/airflow/.local/lib/python3.12/site-packages/airflow/example_dags/example_sla_dag.py
[2025-03-27T10:13:15.242+0000] {processor.py:914} INFO - Processing file /home/airflow/.local/lib/python3.12/site-packages/airflow/example_dags/example_sla_dag.py for tasks to queue
[2025-03-27T10:13:15.243+0000] {logging_mixin.py:190} INFO - [2025-03-27T10:13:15.243+0000] {dagbag.py:588} INFO - Filling up the DagBag from /home/airflow/.local/lib/python3.12/site-packages/airflow/example_dags/example_sla_dag.py
[2025-03-27T10:13:15.251+0000] {processor.py:925} INFO - DAG(s) 'example_sla_dag' retrieved from /home/airflow/.local/lib/python3.12/site-packages/airflow/example_dags/example_sla_dag.py
[2025-03-27T10:13:15.265+0000] {logging_mixin.py:190} INFO - [2025-03-27T10:13:15.265+0000] {dag.py:3239} INFO - Sync 1 DAGs
[2025-03-27T10:13:15.279+0000] {logging_mixin.py:190} INFO - [2025-03-27T10:13:15.279+0000] {dag.py:4180} INFO - Setting next_dagrun for example_sla_dag to 2025-03-27 10:10:00+00:00, run_after=2025-03-27 10:12:00+00:00
[2025-03-27T10:13:15.289+0000] {processor.py:208} INFO - Processing /home/airflow/.local/lib/python3.12/site-packages/airflow/example_dags/example_sla_dag.py took 0.052 seconds
[2025-03-27T10:13:45.355+0000] {processor.py:186} INFO - Started process (PID=1073) to work on /home/airflow/.local/lib/python3.12/site-packages/airflow/example_dags/example_sla_dag.py
[2025-03-27T10:13:45.356+0000] {processor.py:914} INFO - Processing file /home/airflow/.local/lib/python3.12/site-packages/airflow/example_dags/example_sla_dag.py for tasks to queue
[2025-03-27T10:13:45.357+0000] {logging_mixin.py:190} INFO - [2025-03-27T10:13:45.357+0000] {dagbag.py:588} INFO - Filling up the DagBag from /home/airflow/.local/lib/python3.12/site-packages/airflow/example_dags/example_sla_dag.py
[2025-03-27T10:13:45.365+0000] {processor.py:925} INFO - DAG(s) 'example_sla_dag' retrieved from /home/airflow/.local/lib/python3.12/site-packages/airflow/example_dags/example_sla_dag.py
[2025-03-27T10:13:45.377+0000] {logging_mixin.py:190} INFO - [2025-03-27T10:13:45.377+0000] {dag.py:3239} INFO - Sync 1 DAGs
[2025-03-27T10:13:45.392+0000] {logging_mixin.py:190} INFO - [2025-03-27T10:13:45.392+0000] {dag.py:4180} INFO - Setting next_dagrun for example_sla_dag to 2025-03-27 10:10:00+00:00, run_after=2025-03-27 10:12:00+00:00
[2025-03-27T10:13:45.404+0000] {processor.py:208} INFO - Processing /home/airflow/.local/lib/python3.12/site-packages/airflow/example_dags/example_sla_dag.py took 0.055 seconds
[2025-03-27T10:14:16.406+0000] {processor.py:186} INFO - Started process (PID=1136) to work on /home/airflow/.local/lib/python3.12/site-packages/airflow/example_dags/example_sla_dag.py
[2025-03-27T10:14:16.408+0000] {processor.py:914} INFO - Processing file /home/airflow/.local/lib/python3.12/site-packages/airflow/example_dags/example_sla_dag.py for tasks to queue
[2025-03-27T10:14:16.412+0000] {logging_mixin.py:190} INFO - [2025-03-27T10:14:16.412+0000] {dagbag.py:588} INFO - Filling up the DagBag from /home/airflow/.local/lib/python3.12/site-packages/airflow/example_dags/example_sla_dag.py
[2025-03-27T10:14:16.423+0000] {processor.py:925} INFO - DAG(s) 'example_sla_dag' retrieved from /home/airflow/.local/lib/python3.12/site-packages/airflow/example_dags/example_sla_dag.py
[2025-03-27T10:14:16.438+0000] {logging_mixin.py:190} INFO - [2025-03-27T10:14:16.438+0000] {dag.py:3239} INFO - Sync 1 DAGs
[2025-03-27T10:14:16.455+0000] {logging_mixin.py:190} INFO - [2025-03-27T10:14:16.455+0000] {dag.py:4180} INFO - Setting next_dagrun for example_sla_dag to 2025-03-27 10:12:00+00:00, run_after=2025-03-27 10:14:00+00:00
[2025-03-27T10:14:16.466+0000] {processor.py:208} INFO - Processing /home/airflow/.local/lib/python3.12/site-packages/airflow/example_dags/example_sla_dag.py took 0.067 seconds
[2025-03-27T10:14:47.281+0000] {processor.py:186} INFO - Started process (PID=1199) to work on /home/airflow/.local/lib/python3.12/site-packages/airflow/example_dags/example_sla_dag.py
[2025-03-27T10:14:47.282+0000] {processor.py:914} INFO - Processing file /home/airflow/.local/lib/python3.12/site-packages/airflow/example_dags/example_sla_dag.py for tasks to queue
[2025-03-27T10:14:47.284+0000] {logging_mixin.py:190} INFO - [2025-03-27T10:14:47.283+0000] {dagbag.py:588} INFO - Filling up the DagBag from /home/airflow/.local/lib/python3.12/site-packages/airflow/example_dags/example_sla_dag.py
[2025-03-27T10:14:47.293+0000] {processor.py:925} INFO - DAG(s) 'example_sla_dag' retrieved from /home/airflow/.local/lib/python3.12/site-packages/airflow/example_dags/example_sla_dag.py
[2025-03-27T10:14:47.310+0000] {logging_mixin.py:190} INFO - [2025-03-27T10:14:47.310+0000] {dag.py:3239} INFO - Sync 1 DAGs
[2025-03-27T10:14:47.328+0000] {logging_mixin.py:190} INFO - [2025-03-27T10:14:47.327+0000] {dag.py:4180} INFO - Setting next_dagrun for example_sla_dag to 2025-03-27 10:12:00+00:00, run_after=2025-03-27 10:14:00+00:00
[2025-03-27T10:14:47.341+0000] {processor.py:208} INFO - Processing /home/airflow/.local/lib/python3.12/site-packages/airflow/example_dags/example_sla_dag.py took 0.068 seconds
[2025-03-27T10:15:17.383+0000] {processor.py:186} INFO - Started process (PID=1261) to work on /home/airflow/.local/lib/python3.12/site-packages/airflow/example_dags/example_sla_dag.py
[2025-03-27T10:15:17.385+0000] {processor.py:914} INFO - Processing file /home/airflow/.local/lib/python3.12/site-packages/airflow/example_dags/example_sla_dag.py for tasks to queue
[2025-03-27T10:15:17.387+0000] {logging_mixin.py:190} INFO - [2025-03-27T10:15:17.387+0000] {dagbag.py:588} INFO - Filling up the DagBag from /home/airflow/.local/lib/python3.12/site-packages/airflow/example_dags/example_sla_dag.py
[2025-03-27T10:15:17.396+0000] {processor.py:925} INFO - DAG(s) 'example_sla_dag' retrieved from /home/airflow/.local/lib/python3.12/site-packages/airflow/example_dags/example_sla_dag.py
[2025-03-27T10:15:17.412+0000] {logging_mixin.py:190} INFO - [2025-03-27T10:15:17.411+0000] {dag.py:3239} INFO - Sync 1 DAGs
[2025-03-27T10:15:17.427+0000] {logging_mixin.py:190} INFO - [2025-03-27T10:15:17.427+0000] {dag.py:4180} INFO - Setting next_dagrun for example_sla_dag to 2025-03-27 10:12:00+00:00, run_after=2025-03-27 10:14:00+00:00
[2025-03-27T10:15:17.437+0000] {processor.py:208} INFO - Processing /home/airflow/.local/lib/python3.12/site-packages/airflow/example_dags/example_sla_dag.py took 0.060 seconds
[2025-03-27T10:15:48.187+0000] {processor.py:186} INFO - Started process (PID=1324) to work on /home/airflow/.local/lib/python3.12/site-packages/airflow/example_dags/example_sla_dag.py
[2025-03-27T10:15:48.188+0000] {processor.py:914} INFO - Processing file /home/airflow/.local/lib/python3.12/site-packages/airflow/example_dags/example_sla_dag.py for tasks to queue
[2025-03-27T10:15:48.191+0000] {logging_mixin.py:190} INFO - [2025-03-27T10:15:48.190+0000] {dagbag.py:588} INFO - Filling up the DagBag from /home/airflow/.local/lib/python3.12/site-packages/airflow/example_dags/example_sla_dag.py
[2025-03-27T10:15:48.205+0000] {processor.py:925} INFO - DAG(s) 'example_sla_dag' retrieved from /home/airflow/.local/lib/python3.12/site-packages/airflow/example_dags/example_sla_dag.py
[2025-03-27T10:15:48.231+0000] {logging_mixin.py:190} INFO - [2025-03-27T10:15:48.230+0000] {dag.py:3239} INFO - Sync 1 DAGs
[2025-03-27T10:15:48.253+0000] {logging_mixin.py:190} INFO - [2025-03-27T10:15:48.252+0000] {dag.py:4180} INFO - Setting next_dagrun for example_sla_dag to 2025-03-27 10:12:00+00:00, run_after=2025-03-27 10:14:00+00:00
[2025-03-27T10:15:48.266+0000] {processor.py:208} INFO - Processing /home/airflow/.local/lib/python3.12/site-packages/airflow/example_dags/example_sla_dag.py took 0.086 seconds
[2025-03-27T10:16:19.143+0000] {processor.py:186} INFO - Started process (PID=1387) to work on /home/airflow/.local/lib/python3.12/site-packages/airflow/example_dags/example_sla_dag.py
[2025-03-27T10:16:19.144+0000] {processor.py:914} INFO - Processing file /home/airflow/.local/lib/python3.12/site-packages/airflow/example_dags/example_sla_dag.py for tasks to queue
[2025-03-27T10:16:19.146+0000] {logging_mixin.py:190} INFO - [2025-03-27T10:16:19.146+0000] {dagbag.py:588} INFO - Filling up the DagBag from /home/airflow/.local/lib/python3.12/site-packages/airflow/example_dags/example_sla_dag.py
[2025-03-27T10:16:19.156+0000] {processor.py:925} INFO - DAG(s) 'example_sla_dag' retrieved from /home/airflow/.local/lib/python3.12/site-packages/airflow/example_dags/example_sla_dag.py
[2025-03-27T10:16:19.172+0000] {logging_mixin.py:190} INFO - [2025-03-27T10:16:19.172+0000] {dag.py:3239} INFO - Sync 1 DAGs
[2025-03-27T10:16:19.189+0000] {logging_mixin.py:190} INFO - [2025-03-27T10:16:19.189+0000] {dag.py:4180} INFO - Setting next_dagrun for example_sla_dag to 2025-03-27 10:14:00+00:00, run_after=2025-03-27 10:16:00+00:00
[2025-03-27T10:16:19.200+0000] {processor.py:208} INFO - Processing /home/airflow/.local/lib/python3.12/site-packages/airflow/example_dags/example_sla_dag.py took 0.066 seconds
[2025-03-27T10:16:49.355+0000] {processor.py:186} INFO - Started process (PID=1450) to work on /home/airflow/.local/lib/python3.12/site-packages/airflow/example_dags/example_sla_dag.py
[2025-03-27T10:16:49.357+0000] {processor.py:914} INFO - Processing file /home/airflow/.local/lib/python3.12/site-packages/airflow/example_dags/example_sla_dag.py for tasks to queue
[2025-03-27T10:16:49.360+0000] {logging_mixin.py:190} INFO - [2025-03-27T10:16:49.360+0000] {dagbag.py:588} INFO - Filling up the DagBag from /home/airflow/.local/lib/python3.12/site-packages/airflow/example_dags/example_sla_dag.py
[2025-03-27T10:16:49.372+0000] {processor.py:925} INFO - DAG(s) 'example_sla_dag' retrieved from /home/airflow/.local/lib/python3.12/site-packages/airflow/example_dags/example_sla_dag.py
[2025-03-27T10:16:49.386+0000] {logging_mixin.py:190} INFO - [2025-03-27T10:16:49.386+0000] {dag.py:3239} INFO - Sync 1 DAGs
[2025-03-27T10:16:49.401+0000] {logging_mixin.py:190} INFO - [2025-03-27T10:16:49.401+0000] {dag.py:4180} INFO - Setting next_dagrun for example_sla_dag to 2025-03-27 10:14:00+00:00, run_after=2025-03-27 10:16:00+00:00
[2025-03-27T10:16:49.410+0000] {processor.py:208} INFO - Processing /home/airflow/.local/lib/python3.12/site-packages/airflow/example_dags/example_sla_dag.py took 0.062 seconds
[2025-03-27T10:17:20.161+0000] {processor.py:186} INFO - Started process (PID=1513) to work on /home/airflow/.local/lib/python3.12/site-packages/airflow/example_dags/example_sla_dag.py
[2025-03-27T10:17:20.163+0000] {processor.py:914} INFO - Processing file /home/airflow/.local/lib/python3.12/site-packages/airflow/example_dags/example_sla_dag.py for tasks to queue
[2025-03-27T10:17:20.165+0000] {logging_mixin.py:190} INFO - [2025-03-27T10:17:20.165+0000] {dagbag.py:588} INFO - Filling up the DagBag from /home/airflow/.local/lib/python3.12/site-packages/airflow/example_dags/example_sla_dag.py
[2025-03-27T10:17:20.176+0000] {processor.py:925} INFO - DAG(s) 'example_sla_dag' retrieved from /home/airflow/.local/lib/python3.12/site-packages/airflow/example_dags/example_sla_dag.py
[2025-03-27T10:17:20.193+0000] {logging_mixin.py:190} INFO - [2025-03-27T10:17:20.192+0000] {dag.py:3239} INFO - Sync 1 DAGs
[2025-03-27T10:17:20.209+0000] {logging_mixin.py:190} INFO - [2025-03-27T10:17:20.209+0000] {dag.py:4180} INFO - Setting next_dagrun for example_sla_dag to 2025-03-27 10:14:00+00:00, run_after=2025-03-27 10:16:00+00:00
[2025-03-27T10:17:20.219+0000] {processor.py:208} INFO - Processing /home/airflow/.local/lib/python3.12/site-packages/airflow/example_dags/example_sla_dag.py took 0.065 seconds
[2025-03-27T10:17:51.035+0000] {processor.py:186} INFO - Started process (PID=1576) to work on /home/airflow/.local/lib/python3.12/site-packages/airflow/example_dags/example_sla_dag.py
[2025-03-27T10:17:51.036+0000] {processor.py:914} INFO - Processing file /home/airflow/.local/lib/python3.12/site-packages/airflow/example_dags/example_sla_dag.py for tasks to queue
[2025-03-27T10:17:51.037+0000] {logging_mixin.py:190} INFO - [2025-03-27T10:17:51.037+0000] {dagbag.py:588} INFO - Filling up the DagBag from /home/airflow/.local/lib/python3.12/site-packages/airflow/example_dags/example_sla_dag.py
[2025-03-27T10:17:51.044+0000] {processor.py:925} INFO - DAG(s) 'example_sla_dag' retrieved from /home/airflow/.local/lib/python3.12/site-packages/airflow/example_dags/example_sla_dag.py
[2025-03-27T10:17:51.056+0000] {logging_mixin.py:190} INFO - [2025-03-27T10:17:51.056+0000] {dag.py:3239} INFO - Sync 1 DAGs
[2025-03-27T10:17:51.071+0000] {logging_mixin.py:190} INFO - [2025-03-27T10:17:51.071+0000] {dag.py:4180} INFO - Setting next_dagrun for example_sla_dag to 2025-03-27 10:14:00+00:00, run_after=2025-03-27 10:16:00+00:00
[2025-03-27T10:17:51.078+0000] {processor.py:208} INFO - Processing /home/airflow/.local/lib/python3.12/site-packages/airflow/example_dags/example_sla_dag.py took 0.049 seconds
