[2025-03-27T10:05:39.191+0000] {processor.py:186} INFO - Started process (PID=98) to work on /home/airflow/.local/lib/python3.12/site-packages/airflow/example_dags/example_display_name.py
[2025-03-27T10:05:39.191+0000] {processor.py:914} INFO - Processing file /home/airflow/.local/lib/python3.12/site-packages/airflow/example_dags/example_display_name.py for tasks to queue
[2025-03-27T10:05:39.193+0000] {logging_mixin.py:190} INFO - [2025-03-27T10:05:39.192+0000] {dagbag.py:588} INFO - Filling up the DagBag from /home/airflow/.local/lib/python3.12/site-packages/airflow/example_dags/example_display_name.py
[2025-03-27T10:05:39.199+0000] {processor.py:925} INFO - DAG(s) 'example_display_name' retrieved from /home/airflow/.local/lib/python3.12/site-packages/airflow/example_dags/example_display_name.py
[2025-03-27T10:05:39.251+0000] {logging_mixin.py:190} INFO - [2025-03-27T10:05:39.250+0000] {override.py:1912} INFO - Created Permission View: can read on DAG:example_display_name
[2025-03-27T10:05:39.256+0000] {logging_mixin.py:190} INFO - [2025-03-27T10:05:39.256+0000] {override.py:1912} INFO - Created Permission View: can delete on DAG:example_display_name
[2025-03-27T10:05:39.260+0000] {logging_mixin.py:190} INFO - [2025-03-27T10:05:39.260+0000] {override.py:1912} INFO - Created Permission View: can edit on DAG:example_display_name
[2025-03-27T10:05:39.262+0000] {logging_mixin.py:190} INFO - [2025-03-27T10:05:39.262+0000] {override.py:1912} INFO - Created Permission View: can read on DAG Run:example_display_name
[2025-03-27T10:05:39.265+0000] {logging_mixin.py:190} INFO - [2025-03-27T10:05:39.265+0000] {override.py:1912} INFO - Created Permission View: can delete on DAG Run:example_display_name
[2025-03-27T10:05:39.268+0000] {logging_mixin.py:190} INFO - [2025-03-27T10:05:39.267+0000] {override.py:1912} INFO - Created Permission View: can create on DAG Run:example_display_name
[2025-03-27T10:05:39.270+0000] {logging_mixin.py:190} INFO - [2025-03-27T10:05:39.270+0000] {override.py:1912} INFO - Created Permission View: menu access on DAG Run:example_display_name
[2025-03-27T10:05:39.270+0000] {logging_mixin.py:190} INFO - [2025-03-27T10:05:39.270+0000] {dag.py:3239} INFO - Sync 1 DAGs
[2025-03-27T10:05:39.276+0000] {logging_mixin.py:190} INFO - [2025-03-27T10:05:39.276+0000] {dag.py:3262} INFO - Creating ORM DAG for example_display_name
[2025-03-27T10:05:39.277+0000] {logging_mixin.py:190} INFO - [2025-03-27T10:05:39.277+0000] {dag.py:4180} INFO - Setting next_dagrun for example_display_name to None, run_after=None
[2025-03-27T10:05:39.284+0000] {processor.py:208} INFO - Processing /home/airflow/.local/lib/python3.12/site-packages/airflow/example_dags/example_display_name.py took 0.097 seconds
[2025-03-27T10:06:09.739+0000] {processor.py:186} INFO - Started process (PID=161) to work on /home/airflow/.local/lib/python3.12/site-packages/airflow/example_dags/example_display_name.py
[2025-03-27T10:06:09.743+0000] {processor.py:914} INFO - Processing file /home/airflow/.local/lib/python3.12/site-packages/airflow/example_dags/example_display_name.py for tasks to queue
[2025-03-27T10:06:09.744+0000] {logging_mixin.py:190} INFO - [2025-03-27T10:06:09.744+0000] {dagbag.py:588} INFO - Filling up the DagBag from /home/airflow/.local/lib/python3.12/site-packages/airflow/example_dags/example_display_name.py
[2025-03-27T10:06:09.748+0000] {processor.py:925} INFO - DAG(s) 'example_display_name' retrieved from /home/airflow/.local/lib/python3.12/site-packages/airflow/example_dags/example_display_name.py
[2025-03-27T10:06:09.758+0000] {logging_mixin.py:190} INFO - [2025-03-27T10:06:09.757+0000] {dag.py:3239} INFO - Sync 1 DAGs
[2025-03-27T10:06:09.764+0000] {logging_mixin.py:190} INFO - [2025-03-27T10:06:09.764+0000] {dag.py:4180} INFO - Setting next_dagrun for example_display_name to None, run_after=None
[2025-03-27T10:06:09.774+0000] {processor.py:208} INFO - Processing /home/airflow/.local/lib/python3.12/site-packages/airflow/example_dags/example_display_name.py took 0.037 seconds
[2025-03-27T10:06:40.898+0000] {processor.py:186} INFO - Started process (PID=224) to work on /home/airflow/.local/lib/python3.12/site-packages/airflow/example_dags/example_display_name.py
[2025-03-27T10:06:40.899+0000] {processor.py:914} INFO - Processing file /home/airflow/.local/lib/python3.12/site-packages/airflow/example_dags/example_display_name.py for tasks to queue
[2025-03-27T10:06:40.900+0000] {logging_mixin.py:190} INFO - [2025-03-27T10:06:40.900+0000] {dagbag.py:588} INFO - Filling up the DagBag from /home/airflow/.local/lib/python3.12/site-packages/airflow/example_dags/example_display_name.py
[2025-03-27T10:06:40.904+0000] {processor.py:925} INFO - DAG(s) 'example_display_name' retrieved from /home/airflow/.local/lib/python3.12/site-packages/airflow/example_dags/example_display_name.py
[2025-03-27T10:06:40.916+0000] {logging_mixin.py:190} INFO - [2025-03-27T10:06:40.916+0000] {dag.py:3239} INFO - Sync 1 DAGs
[2025-03-27T10:06:40.924+0000] {logging_mixin.py:190} INFO - [2025-03-27T10:06:40.924+0000] {dag.py:4180} INFO - Setting next_dagrun for example_display_name to None, run_after=None
[2025-03-27T10:06:40.934+0000] {processor.py:208} INFO - Processing /home/airflow/.local/lib/python3.12/site-packages/airflow/example_dags/example_display_name.py took 0.040 seconds
[2025-03-27T10:07:11.910+0000] {processor.py:186} INFO - Started process (PID=287) to work on /home/airflow/.local/lib/python3.12/site-packages/airflow/example_dags/example_display_name.py
[2025-03-27T10:07:11.911+0000] {processor.py:914} INFO - Processing file /home/airflow/.local/lib/python3.12/site-packages/airflow/example_dags/example_display_name.py for tasks to queue
[2025-03-27T10:07:11.912+0000] {logging_mixin.py:190} INFO - [2025-03-27T10:07:11.912+0000] {dagbag.py:588} INFO - Filling up the DagBag from /home/airflow/.local/lib/python3.12/site-packages/airflow/example_dags/example_display_name.py
[2025-03-27T10:07:11.917+0000] {processor.py:925} INFO - DAG(s) 'example_display_name' retrieved from /home/airflow/.local/lib/python3.12/site-packages/airflow/example_dags/example_display_name.py
[2025-03-27T10:07:11.928+0000] {logging_mixin.py:190} INFO - [2025-03-27T10:07:11.928+0000] {dag.py:3239} INFO - Sync 1 DAGs
[2025-03-27T10:07:11.936+0000] {logging_mixin.py:190} INFO - [2025-03-27T10:07:11.936+0000] {dag.py:4180} INFO - Setting next_dagrun for example_display_name to None, run_after=None
[2025-03-27T10:07:11.946+0000] {processor.py:208} INFO - Processing /home/airflow/.local/lib/python3.12/site-packages/airflow/example_dags/example_display_name.py took 0.039 seconds
[2025-03-27T10:07:43.035+0000] {processor.py:186} INFO - Started process (PID=350) to work on /home/airflow/.local/lib/python3.12/site-packages/airflow/example_dags/example_display_name.py
[2025-03-27T10:07:43.038+0000] {processor.py:914} INFO - Processing file /home/airflow/.local/lib/python3.12/site-packages/airflow/example_dags/example_display_name.py for tasks to queue
[2025-03-27T10:07:43.039+0000] {logging_mixin.py:190} INFO - [2025-03-27T10:07:43.039+0000] {dagbag.py:588} INFO - Filling up the DagBag from /home/airflow/.local/lib/python3.12/site-packages/airflow/example_dags/example_display_name.py
[2025-03-27T10:07:43.043+0000] {processor.py:925} INFO - DAG(s) 'example_display_name' retrieved from /home/airflow/.local/lib/python3.12/site-packages/airflow/example_dags/example_display_name.py
[2025-03-27T10:07:43.059+0000] {logging_mixin.py:190} INFO - [2025-03-27T10:07:43.058+0000] {dag.py:3239} INFO - Sync 1 DAGs
[2025-03-27T10:07:43.068+0000] {logging_mixin.py:190} INFO - [2025-03-27T10:07:43.068+0000] {dag.py:4180} INFO - Setting next_dagrun for example_display_name to None, run_after=None
[2025-03-27T10:07:43.078+0000] {processor.py:208} INFO - Processing /home/airflow/.local/lib/python3.12/site-packages/airflow/example_dags/example_display_name.py took 0.047 seconds
[2025-03-27T10:08:13.846+0000] {processor.py:186} INFO - Started process (PID=412) to work on /home/airflow/.local/lib/python3.12/site-packages/airflow/example_dags/example_display_name.py
[2025-03-27T10:08:13.847+0000] {processor.py:914} INFO - Processing file /home/airflow/.local/lib/python3.12/site-packages/airflow/example_dags/example_display_name.py for tasks to queue
[2025-03-27T10:08:13.848+0000] {logging_mixin.py:190} INFO - [2025-03-27T10:08:13.848+0000] {dagbag.py:588} INFO - Filling up the DagBag from /home/airflow/.local/lib/python3.12/site-packages/airflow/example_dags/example_display_name.py
[2025-03-27T10:08:13.856+0000] {processor.py:925} INFO - DAG(s) 'example_display_name' retrieved from /home/airflow/.local/lib/python3.12/site-packages/airflow/example_dags/example_display_name.py
[2025-03-27T10:08:13.866+0000] {logging_mixin.py:190} INFO - [2025-03-27T10:08:13.866+0000] {dag.py:3239} INFO - Sync 1 DAGs
[2025-03-27T10:08:13.874+0000] {logging_mixin.py:190} INFO - [2025-03-27T10:08:13.874+0000] {dag.py:4180} INFO - Setting next_dagrun for example_display_name to None, run_after=None
[2025-03-27T10:08:13.883+0000] {processor.py:208} INFO - Processing /home/airflow/.local/lib/python3.12/site-packages/airflow/example_dags/example_display_name.py took 0.041 seconds
[2025-03-27T10:08:44.864+0000] {processor.py:186} INFO - Started process (PID=475) to work on /home/airflow/.local/lib/python3.12/site-packages/airflow/example_dags/example_display_name.py
[2025-03-27T10:08:44.865+0000] {processor.py:914} INFO - Processing file /home/airflow/.local/lib/python3.12/site-packages/airflow/example_dags/example_display_name.py for tasks to queue
[2025-03-27T10:08:44.867+0000] {logging_mixin.py:190} INFO - [2025-03-27T10:08:44.866+0000] {dagbag.py:588} INFO - Filling up the DagBag from /home/airflow/.local/lib/python3.12/site-packages/airflow/example_dags/example_display_name.py
[2025-03-27T10:08:44.873+0000] {processor.py:925} INFO - DAG(s) 'example_display_name' retrieved from /home/airflow/.local/lib/python3.12/site-packages/airflow/example_dags/example_display_name.py
[2025-03-27T10:08:44.885+0000] {logging_mixin.py:190} INFO - [2025-03-27T10:08:44.885+0000] {dag.py:3239} INFO - Sync 1 DAGs
[2025-03-27T10:08:44.893+0000] {logging_mixin.py:190} INFO - [2025-03-27T10:08:44.893+0000] {dag.py:4180} INFO - Setting next_dagrun for example_display_name to None, run_after=None
[2025-03-27T10:08:44.904+0000] {processor.py:208} INFO - Processing /home/airflow/.local/lib/python3.12/site-packages/airflow/example_dags/example_display_name.py took 0.043 seconds
[2025-03-27T10:09:15.703+0000] {processor.py:186} INFO - Started process (PID=537) to work on /home/airflow/.local/lib/python3.12/site-packages/airflow/example_dags/example_display_name.py
[2025-03-27T10:09:15.707+0000] {processor.py:914} INFO - Processing file /home/airflow/.local/lib/python3.12/site-packages/airflow/example_dags/example_display_name.py for tasks to queue
[2025-03-27T10:09:15.708+0000] {logging_mixin.py:190} INFO - [2025-03-27T10:09:15.708+0000] {dagbag.py:588} INFO - Filling up the DagBag from /home/airflow/.local/lib/python3.12/site-packages/airflow/example_dags/example_display_name.py
[2025-03-27T10:09:15.715+0000] {processor.py:925} INFO - DAG(s) 'example_display_name' retrieved from /home/airflow/.local/lib/python3.12/site-packages/airflow/example_dags/example_display_name.py
[2025-03-27T10:09:15.725+0000] {logging_mixin.py:190} INFO - [2025-03-27T10:09:15.725+0000] {dag.py:3239} INFO - Sync 1 DAGs
[2025-03-27T10:09:15.733+0000] {logging_mixin.py:190} INFO - [2025-03-27T10:09:15.733+0000] {dag.py:4180} INFO - Setting next_dagrun for example_display_name to None, run_after=None
[2025-03-27T10:09:15.741+0000] {processor.py:208} INFO - Processing /home/airflow/.local/lib/python3.12/site-packages/airflow/example_dags/example_display_name.py took 0.043 seconds
[2025-03-27T10:09:46.539+0000] {processor.py:186} INFO - Started process (PID=600) to work on /home/airflow/.local/lib/python3.12/site-packages/airflow/example_dags/example_display_name.py
[2025-03-27T10:09:46.540+0000] {processor.py:914} INFO - Processing file /home/airflow/.local/lib/python3.12/site-packages/airflow/example_dags/example_display_name.py for tasks to queue
[2025-03-27T10:09:46.541+0000] {logging_mixin.py:190} INFO - [2025-03-27T10:09:46.541+0000] {dagbag.py:588} INFO - Filling up the DagBag from /home/airflow/.local/lib/python3.12/site-packages/airflow/example_dags/example_display_name.py
[2025-03-27T10:09:46.546+0000] {processor.py:925} INFO - DAG(s) 'example_display_name' retrieved from /home/airflow/.local/lib/python3.12/site-packages/airflow/example_dags/example_display_name.py
[2025-03-27T10:09:46.557+0000] {logging_mixin.py:190} INFO - [2025-03-27T10:09:46.557+0000] {dag.py:3239} INFO - Sync 1 DAGs
[2025-03-27T10:09:46.566+0000] {logging_mixin.py:190} INFO - [2025-03-27T10:09:46.566+0000] {dag.py:4180} INFO - Setting next_dagrun for example_display_name to None, run_after=None
[2025-03-27T10:09:46.575+0000] {processor.py:208} INFO - Processing /home/airflow/.local/lib/python3.12/site-packages/airflow/example_dags/example_display_name.py took 0.039 seconds
[2025-03-27T10:10:17.532+0000] {processor.py:186} INFO - Started process (PID=663) to work on /home/airflow/.local/lib/python3.12/site-packages/airflow/example_dags/example_display_name.py
[2025-03-27T10:10:17.532+0000] {processor.py:914} INFO - Processing file /home/airflow/.local/lib/python3.12/site-packages/airflow/example_dags/example_display_name.py for tasks to queue
[2025-03-27T10:10:17.534+0000] {logging_mixin.py:190} INFO - [2025-03-27T10:10:17.533+0000] {dagbag.py:588} INFO - Filling up the DagBag from /home/airflow/.local/lib/python3.12/site-packages/airflow/example_dags/example_display_name.py
[2025-03-27T10:10:17.539+0000] {processor.py:925} INFO - DAG(s) 'example_display_name' retrieved from /home/airflow/.local/lib/python3.12/site-packages/airflow/example_dags/example_display_name.py
[2025-03-27T10:10:17.552+0000] {logging_mixin.py:190} INFO - [2025-03-27T10:10:17.552+0000] {dag.py:3239} INFO - Sync 1 DAGs
[2025-03-27T10:10:17.559+0000] {logging_mixin.py:190} INFO - [2025-03-27T10:10:17.559+0000] {dag.py:4180} INFO - Setting next_dagrun for example_display_name to None, run_after=None
[2025-03-27T10:10:17.572+0000] {processor.py:208} INFO - Processing /home/airflow/.local/lib/python3.12/site-packages/airflow/example_dags/example_display_name.py took 0.045 seconds
[2025-03-27T10:10:48.802+0000] {processor.py:186} INFO - Started process (PID=726) to work on /home/airflow/.local/lib/python3.12/site-packages/airflow/example_dags/example_display_name.py
[2025-03-27T10:10:48.802+0000] {processor.py:914} INFO - Processing file /home/airflow/.local/lib/python3.12/site-packages/airflow/example_dags/example_display_name.py for tasks to queue
[2025-03-27T10:10:48.804+0000] {logging_mixin.py:190} INFO - [2025-03-27T10:10:48.803+0000] {dagbag.py:588} INFO - Filling up the DagBag from /home/airflow/.local/lib/python3.12/site-packages/airflow/example_dags/example_display_name.py
[2025-03-27T10:10:48.808+0000] {processor.py:925} INFO - DAG(s) 'example_display_name' retrieved from /home/airflow/.local/lib/python3.12/site-packages/airflow/example_dags/example_display_name.py
[2025-03-27T10:10:48.819+0000] {logging_mixin.py:190} INFO - [2025-03-27T10:10:48.819+0000] {dag.py:3239} INFO - Sync 1 DAGs
[2025-03-27T10:10:48.831+0000] {logging_mixin.py:190} INFO - [2025-03-27T10:10:48.830+0000] {dag.py:4180} INFO - Setting next_dagrun for example_display_name to None, run_after=None
[2025-03-27T10:10:48.841+0000] {processor.py:208} INFO - Processing /home/airflow/.local/lib/python3.12/site-packages/airflow/example_dags/example_display_name.py took 0.043 seconds
[2025-03-27T10:11:19.730+0000] {processor.py:186} INFO - Started process (PID=789) to work on /home/airflow/.local/lib/python3.12/site-packages/airflow/example_dags/example_display_name.py
[2025-03-27T10:11:19.731+0000] {processor.py:914} INFO - Processing file /home/airflow/.local/lib/python3.12/site-packages/airflow/example_dags/example_display_name.py for tasks to queue
[2025-03-27T10:11:19.732+0000] {logging_mixin.py:190} INFO - [2025-03-27T10:11:19.732+0000] {dagbag.py:588} INFO - Filling up the DagBag from /home/airflow/.local/lib/python3.12/site-packages/airflow/example_dags/example_display_name.py
[2025-03-27T10:11:19.736+0000] {processor.py:925} INFO - DAG(s) 'example_display_name' retrieved from /home/airflow/.local/lib/python3.12/site-packages/airflow/example_dags/example_display_name.py
[2025-03-27T10:11:19.746+0000] {logging_mixin.py:190} INFO - [2025-03-27T10:11:19.746+0000] {dag.py:3239} INFO - Sync 1 DAGs
[2025-03-27T10:11:19.756+0000] {logging_mixin.py:190} INFO - [2025-03-27T10:11:19.756+0000] {dag.py:4180} INFO - Setting next_dagrun for example_display_name to None, run_after=None
[2025-03-27T10:11:19.765+0000] {processor.py:208} INFO - Processing /home/airflow/.local/lib/python3.12/site-packages/airflow/example_dags/example_display_name.py took 0.037 seconds
[2025-03-27T10:11:50.432+0000] {processor.py:186} INFO - Started process (PID=852) to work on /home/airflow/.local/lib/python3.12/site-packages/airflow/example_dags/example_display_name.py
[2025-03-27T10:11:50.435+0000] {processor.py:914} INFO - Processing file /home/airflow/.local/lib/python3.12/site-packages/airflow/example_dags/example_display_name.py for tasks to queue
[2025-03-27T10:11:50.436+0000] {logging_mixin.py:190} INFO - [2025-03-27T10:11:50.436+0000] {dagbag.py:588} INFO - Filling up the DagBag from /home/airflow/.local/lib/python3.12/site-packages/airflow/example_dags/example_display_name.py
[2025-03-27T10:11:50.440+0000] {processor.py:925} INFO - DAG(s) 'example_display_name' retrieved from /home/airflow/.local/lib/python3.12/site-packages/airflow/example_dags/example_display_name.py
[2025-03-27T10:11:50.449+0000] {logging_mixin.py:190} INFO - [2025-03-27T10:11:50.449+0000] {dag.py:3239} INFO - Sync 1 DAGs
[2025-03-27T10:11:50.456+0000] {logging_mixin.py:190} INFO - [2025-03-27T10:11:50.456+0000] {dag.py:4180} INFO - Setting next_dagrun for example_display_name to None, run_after=None
[2025-03-27T10:11:50.465+0000] {processor.py:208} INFO - Processing /home/airflow/.local/lib/python3.12/site-packages/airflow/example_dags/example_display_name.py took 0.037 seconds
[2025-03-27T10:12:21.272+0000] {processor.py:186} INFO - Started process (PID=915) to work on /home/airflow/.local/lib/python3.12/site-packages/airflow/example_dags/example_display_name.py
[2025-03-27T10:12:21.273+0000] {processor.py:914} INFO - Processing file /home/airflow/.local/lib/python3.12/site-packages/airflow/example_dags/example_display_name.py for tasks to queue
[2025-03-27T10:12:21.274+0000] {logging_mixin.py:190} INFO - [2025-03-27T10:12:21.274+0000] {dagbag.py:588} INFO - Filling up the DagBag from /home/airflow/.local/lib/python3.12/site-packages/airflow/example_dags/example_display_name.py
[2025-03-27T10:12:21.281+0000] {processor.py:925} INFO - DAG(s) 'example_display_name' retrieved from /home/airflow/.local/lib/python3.12/site-packages/airflow/example_dags/example_display_name.py
[2025-03-27T10:12:21.291+0000] {logging_mixin.py:190} INFO - [2025-03-27T10:12:21.291+0000] {dag.py:3239} INFO - Sync 1 DAGs
[2025-03-27T10:12:21.298+0000] {logging_mixin.py:190} INFO - [2025-03-27T10:12:21.298+0000] {dag.py:4180} INFO - Setting next_dagrun for example_display_name to None, run_after=None
[2025-03-27T10:12:21.310+0000] {processor.py:208} INFO - Processing /home/airflow/.local/lib/python3.12/site-packages/airflow/example_dags/example_display_name.py took 0.041 seconds
[2025-03-27T10:12:52.040+0000] {processor.py:186} INFO - Started process (PID=978) to work on /home/airflow/.local/lib/python3.12/site-packages/airflow/example_dags/example_display_name.py
[2025-03-27T10:12:52.040+0000] {processor.py:914} INFO - Processing file /home/airflow/.local/lib/python3.12/site-packages/airflow/example_dags/example_display_name.py for tasks to queue
[2025-03-27T10:12:52.041+0000] {logging_mixin.py:190} INFO - [2025-03-27T10:12:52.041+0000] {dagbag.py:588} INFO - Filling up the DagBag from /home/airflow/.local/lib/python3.12/site-packages/airflow/example_dags/example_display_name.py
[2025-03-27T10:12:52.045+0000] {processor.py:925} INFO - DAG(s) 'example_display_name' retrieved from /home/airflow/.local/lib/python3.12/site-packages/airflow/example_dags/example_display_name.py
[2025-03-27T10:12:52.055+0000] {logging_mixin.py:190} INFO - [2025-03-27T10:12:52.055+0000] {dag.py:3239} INFO - Sync 1 DAGs
[2025-03-27T10:12:52.063+0000] {logging_mixin.py:190} INFO - [2025-03-27T10:12:52.063+0000] {dag.py:4180} INFO - Setting next_dagrun for example_display_name to None, run_after=None
[2025-03-27T10:12:52.072+0000] {processor.py:208} INFO - Processing /home/airflow/.local/lib/python3.12/site-packages/airflow/example_dags/example_display_name.py took 0.036 seconds
[2025-03-27T10:13:23.258+0000] {processor.py:186} INFO - Started process (PID=1041) to work on /home/airflow/.local/lib/python3.12/site-packages/airflow/example_dags/example_display_name.py
[2025-03-27T10:13:23.258+0000] {processor.py:914} INFO - Processing file /home/airflow/.local/lib/python3.12/site-packages/airflow/example_dags/example_display_name.py for tasks to queue
[2025-03-27T10:13:23.260+0000] {logging_mixin.py:190} INFO - [2025-03-27T10:13:23.259+0000] {dagbag.py:588} INFO - Filling up the DagBag from /home/airflow/.local/lib/python3.12/site-packages/airflow/example_dags/example_display_name.py
[2025-03-27T10:13:23.264+0000] {processor.py:925} INFO - DAG(s) 'example_display_name' retrieved from /home/airflow/.local/lib/python3.12/site-packages/airflow/example_dags/example_display_name.py
[2025-03-27T10:13:23.275+0000] {logging_mixin.py:190} INFO - [2025-03-27T10:13:23.275+0000] {dag.py:3239} INFO - Sync 1 DAGs
[2025-03-27T10:13:23.285+0000] {logging_mixin.py:190} INFO - [2025-03-27T10:13:23.285+0000] {dag.py:4180} INFO - Setting next_dagrun for example_display_name to None, run_after=None
[2025-03-27T10:13:23.299+0000] {processor.py:208} INFO - Processing /home/airflow/.local/lib/python3.12/site-packages/airflow/example_dags/example_display_name.py took 0.044 seconds
[2025-03-27T10:13:54.404+0000] {processor.py:186} INFO - Started process (PID=1104) to work on /home/airflow/.local/lib/python3.12/site-packages/airflow/example_dags/example_display_name.py
[2025-03-27T10:13:54.405+0000] {processor.py:914} INFO - Processing file /home/airflow/.local/lib/python3.12/site-packages/airflow/example_dags/example_display_name.py for tasks to queue
[2025-03-27T10:13:54.406+0000] {logging_mixin.py:190} INFO - [2025-03-27T10:13:54.406+0000] {dagbag.py:588} INFO - Filling up the DagBag from /home/airflow/.local/lib/python3.12/site-packages/airflow/example_dags/example_display_name.py
[2025-03-27T10:13:54.410+0000] {processor.py:925} INFO - DAG(s) 'example_display_name' retrieved from /home/airflow/.local/lib/python3.12/site-packages/airflow/example_dags/example_display_name.py
[2025-03-27T10:13:54.420+0000] {logging_mixin.py:190} INFO - [2025-03-27T10:13:54.420+0000] {dag.py:3239} INFO - Sync 1 DAGs
[2025-03-27T10:13:54.427+0000] {logging_mixin.py:190} INFO - [2025-03-27T10:13:54.427+0000] {dag.py:4180} INFO - Setting next_dagrun for example_display_name to None, run_after=None
[2025-03-27T10:13:54.438+0000] {processor.py:208} INFO - Processing /home/airflow/.local/lib/python3.12/site-packages/airflow/example_dags/example_display_name.py took 0.037 seconds
[2025-03-27T10:14:25.231+0000] {processor.py:186} INFO - Started process (PID=1167) to work on /home/airflow/.local/lib/python3.12/site-packages/airflow/example_dags/example_display_name.py
[2025-03-27T10:14:25.231+0000] {processor.py:914} INFO - Processing file /home/airflow/.local/lib/python3.12/site-packages/airflow/example_dags/example_display_name.py for tasks to queue
[2025-03-27T10:14:25.233+0000] {logging_mixin.py:190} INFO - [2025-03-27T10:14:25.232+0000] {dagbag.py:588} INFO - Filling up the DagBag from /home/airflow/.local/lib/python3.12/site-packages/airflow/example_dags/example_display_name.py
[2025-03-27T10:14:25.236+0000] {processor.py:925} INFO - DAG(s) 'example_display_name' retrieved from /home/airflow/.local/lib/python3.12/site-packages/airflow/example_dags/example_display_name.py
[2025-03-27T10:14:25.246+0000] {logging_mixin.py:190} INFO - [2025-03-27T10:14:25.246+0000] {dag.py:3239} INFO - Sync 1 DAGs
[2025-03-27T10:14:25.254+0000] {logging_mixin.py:190} INFO - [2025-03-27T10:14:25.254+0000] {dag.py:4180} INFO - Setting next_dagrun for example_display_name to None, run_after=None
[2025-03-27T10:14:25.267+0000] {processor.py:208} INFO - Processing /home/airflow/.local/lib/python3.12/site-packages/airflow/example_dags/example_display_name.py took 0.039 seconds
[2025-03-27T10:14:56.365+0000] {processor.py:186} INFO - Started process (PID=1230) to work on /home/airflow/.local/lib/python3.12/site-packages/airflow/example_dags/example_display_name.py
[2025-03-27T10:14:56.367+0000] {processor.py:914} INFO - Processing file /home/airflow/.local/lib/python3.12/site-packages/airflow/example_dags/example_display_name.py for tasks to queue
[2025-03-27T10:14:56.368+0000] {logging_mixin.py:190} INFO - [2025-03-27T10:14:56.368+0000] {dagbag.py:588} INFO - Filling up the DagBag from /home/airflow/.local/lib/python3.12/site-packages/airflow/example_dags/example_display_name.py
[2025-03-27T10:14:56.374+0000] {processor.py:925} INFO - DAG(s) 'example_display_name' retrieved from /home/airflow/.local/lib/python3.12/site-packages/airflow/example_dags/example_display_name.py
[2025-03-27T10:14:56.386+0000] {logging_mixin.py:190} INFO - [2025-03-27T10:14:56.386+0000] {dag.py:3239} INFO - Sync 1 DAGs
[2025-03-27T10:14:56.393+0000] {logging_mixin.py:190} INFO - [2025-03-27T10:14:56.393+0000] {dag.py:4180} INFO - Setting next_dagrun for example_display_name to None, run_after=None
[2025-03-27T10:14:56.405+0000] {processor.py:208} INFO - Processing /home/airflow/.local/lib/python3.12/site-packages/airflow/example_dags/example_display_name.py took 0.044 seconds
[2025-03-27T10:15:27.067+0000] {processor.py:186} INFO - Started process (PID=1292) to work on /home/airflow/.local/lib/python3.12/site-packages/airflow/example_dags/example_display_name.py
[2025-03-27T10:15:27.067+0000] {processor.py:914} INFO - Processing file /home/airflow/.local/lib/python3.12/site-packages/airflow/example_dags/example_display_name.py for tasks to queue
[2025-03-27T10:15:27.069+0000] {logging_mixin.py:190} INFO - [2025-03-27T10:15:27.069+0000] {dagbag.py:588} INFO - Filling up the DagBag from /home/airflow/.local/lib/python3.12/site-packages/airflow/example_dags/example_display_name.py
[2025-03-27T10:15:27.073+0000] {processor.py:925} INFO - DAG(s) 'example_display_name' retrieved from /home/airflow/.local/lib/python3.12/site-packages/airflow/example_dags/example_display_name.py
[2025-03-27T10:15:27.082+0000] {logging_mixin.py:190} INFO - [2025-03-27T10:15:27.082+0000] {dag.py:3239} INFO - Sync 1 DAGs
[2025-03-27T10:15:27.089+0000] {logging_mixin.py:190} INFO - [2025-03-27T10:15:27.088+0000] {dag.py:4180} INFO - Setting next_dagrun for example_display_name to None, run_after=None
[2025-03-27T10:15:27.101+0000] {processor.py:208} INFO - Processing /home/airflow/.local/lib/python3.12/site-packages/airflow/example_dags/example_display_name.py took 0.037 seconds
[2025-03-27T10:15:58.024+0000] {processor.py:186} INFO - Started process (PID=1355) to work on /home/airflow/.local/lib/python3.12/site-packages/airflow/example_dags/example_display_name.py
[2025-03-27T10:15:58.025+0000] {processor.py:914} INFO - Processing file /home/airflow/.local/lib/python3.12/site-packages/airflow/example_dags/example_display_name.py for tasks to queue
[2025-03-27T10:15:58.026+0000] {logging_mixin.py:190} INFO - [2025-03-27T10:15:58.026+0000] {dagbag.py:588} INFO - Filling up the DagBag from /home/airflow/.local/lib/python3.12/site-packages/airflow/example_dags/example_display_name.py
[2025-03-27T10:15:58.030+0000] {processor.py:925} INFO - DAG(s) 'example_display_name' retrieved from /home/airflow/.local/lib/python3.12/site-packages/airflow/example_dags/example_display_name.py
[2025-03-27T10:15:58.040+0000] {logging_mixin.py:190} INFO - [2025-03-27T10:15:58.040+0000] {dag.py:3239} INFO - Sync 1 DAGs
[2025-03-27T10:15:58.048+0000] {logging_mixin.py:190} INFO - [2025-03-27T10:15:58.048+0000] {dag.py:4180} INFO - Setting next_dagrun for example_display_name to None, run_after=None
[2025-03-27T10:15:58.056+0000] {processor.py:208} INFO - Processing /home/airflow/.local/lib/python3.12/site-packages/airflow/example_dags/example_display_name.py took 0.035 seconds
[2025-03-27T10:16:29.237+0000] {processor.py:186} INFO - Started process (PID=1418) to work on /home/airflow/.local/lib/python3.12/site-packages/airflow/example_dags/example_display_name.py
[2025-03-27T10:16:29.240+0000] {processor.py:914} INFO - Processing file /home/airflow/.local/lib/python3.12/site-packages/airflow/example_dags/example_display_name.py for tasks to queue
[2025-03-27T10:16:29.241+0000] {logging_mixin.py:190} INFO - [2025-03-27T10:16:29.241+0000] {dagbag.py:588} INFO - Filling up the DagBag from /home/airflow/.local/lib/python3.12/site-packages/airflow/example_dags/example_display_name.py
[2025-03-27T10:16:29.246+0000] {processor.py:925} INFO - DAG(s) 'example_display_name' retrieved from /home/airflow/.local/lib/python3.12/site-packages/airflow/example_dags/example_display_name.py
[2025-03-27T10:16:29.256+0000] {logging_mixin.py:190} INFO - [2025-03-27T10:16:29.256+0000] {dag.py:3239} INFO - Sync 1 DAGs
[2025-03-27T10:16:29.266+0000] {logging_mixin.py:190} INFO - [2025-03-27T10:16:29.266+0000] {dag.py:4180} INFO - Setting next_dagrun for example_display_name to None, run_after=None
[2025-03-27T10:16:29.276+0000] {processor.py:208} INFO - Processing /home/airflow/.local/lib/python3.12/site-packages/airflow/example_dags/example_display_name.py took 0.042 seconds
[2025-03-27T10:17:00.154+0000] {processor.py:186} INFO - Started process (PID=1481) to work on /home/airflow/.local/lib/python3.12/site-packages/airflow/example_dags/example_display_name.py
[2025-03-27T10:17:00.155+0000] {processor.py:914} INFO - Processing file /home/airflow/.local/lib/python3.12/site-packages/airflow/example_dags/example_display_name.py for tasks to queue
[2025-03-27T10:17:00.157+0000] {logging_mixin.py:190} INFO - [2025-03-27T10:17:00.157+0000] {dagbag.py:588} INFO - Filling up the DagBag from /home/airflow/.local/lib/python3.12/site-packages/airflow/example_dags/example_display_name.py
[2025-03-27T10:17:00.161+0000] {processor.py:925} INFO - DAG(s) 'example_display_name' retrieved from /home/airflow/.local/lib/python3.12/site-packages/airflow/example_dags/example_display_name.py
[2025-03-27T10:17:00.176+0000] {logging_mixin.py:190} INFO - [2025-03-27T10:17:00.176+0000] {dag.py:3239} INFO - Sync 1 DAGs
[2025-03-27T10:17:00.188+0000] {logging_mixin.py:190} INFO - [2025-03-27T10:17:00.188+0000] {dag.py:4180} INFO - Setting next_dagrun for example_display_name to None, run_after=None
[2025-03-27T10:17:00.201+0000] {processor.py:208} INFO - Processing /home/airflow/.local/lib/python3.12/site-packages/airflow/example_dags/example_display_name.py took 0.050 seconds
[2025-03-27T10:17:31.017+0000] {processor.py:186} INFO - Started process (PID=1544) to work on /home/airflow/.local/lib/python3.12/site-packages/airflow/example_dags/example_display_name.py
[2025-03-27T10:17:31.018+0000] {processor.py:914} INFO - Processing file /home/airflow/.local/lib/python3.12/site-packages/airflow/example_dags/example_display_name.py for tasks to queue
[2025-03-27T10:17:31.019+0000] {logging_mixin.py:190} INFO - [2025-03-27T10:17:31.019+0000] {dagbag.py:588} INFO - Filling up the DagBag from /home/airflow/.local/lib/python3.12/site-packages/airflow/example_dags/example_display_name.py
[2025-03-27T10:17:31.023+0000] {processor.py:925} INFO - DAG(s) 'example_display_name' retrieved from /home/airflow/.local/lib/python3.12/site-packages/airflow/example_dags/example_display_name.py
[2025-03-27T10:17:31.034+0000] {logging_mixin.py:190} INFO - [2025-03-27T10:17:31.034+0000] {dag.py:3239} INFO - Sync 1 DAGs
[2025-03-27T10:17:31.042+0000] {logging_mixin.py:190} INFO - [2025-03-27T10:17:31.042+0000] {dag.py:4180} INFO - Setting next_dagrun for example_display_name to None, run_after=None
[2025-03-27T10:17:31.051+0000] {processor.py:208} INFO - Processing /home/airflow/.local/lib/python3.12/site-packages/airflow/example_dags/example_display_name.py took 0.037 seconds
[2025-03-27T10:18:02.011+0000] {processor.py:186} INFO - Started process (PID=1607) to work on /home/airflow/.local/lib/python3.12/site-packages/airflow/example_dags/example_display_name.py
[2025-03-27T10:18:02.011+0000] {processor.py:914} INFO - Processing file /home/airflow/.local/lib/python3.12/site-packages/airflow/example_dags/example_display_name.py for tasks to queue
[2025-03-27T10:18:02.015+0000] {logging_mixin.py:190} INFO - [2025-03-27T10:18:02.015+0000] {dagbag.py:588} INFO - Filling up the DagBag from /home/airflow/.local/lib/python3.12/site-packages/airflow/example_dags/example_display_name.py
[2025-03-27T10:18:02.019+0000] {processor.py:925} INFO - DAG(s) 'example_display_name' retrieved from /home/airflow/.local/lib/python3.12/site-packages/airflow/example_dags/example_display_name.py
[2025-03-27T10:18:02.029+0000] {logging_mixin.py:190} INFO - [2025-03-27T10:18:02.029+0000] {dag.py:3239} INFO - Sync 1 DAGs
[2025-03-27T10:18:02.037+0000] {logging_mixin.py:190} INFO - [2025-03-27T10:18:02.036+0000] {dag.py:4180} INFO - Setting next_dagrun for example_display_name to None, run_after=None
[2025-03-27T10:18:02.045+0000] {processor.py:208} INFO - Processing /home/airflow/.local/lib/python3.12/site-packages/airflow/example_dags/example_display_name.py took 0.038 seconds
