[2025-03-27T10:05:38.196+0000] {processor.py:186} INFO - Started process (PID=88) to work on /home/airflow/.local/lib/python3.12/site-packages/airflow/example_dags/example_setup_teardown.py
[2025-03-27T10:05:38.198+0000] {processor.py:914} INFO - Processing file /home/airflow/.local/lib/python3.12/site-packages/airflow/example_dags/example_setup_teardown.py for tasks to queue
[2025-03-27T10:05:38.200+0000] {logging_mixin.py:190} INFO - [2025-03-27T10:05:38.200+0000] {dagbag.py:588} INFO - Filling up the DagBag from /home/airflow/.local/lib/python3.12/site-packages/airflow/example_dags/example_setup_teardown.py
[2025-03-27T10:05:38.210+0000] {processor.py:925} INFO - DAG(s) 'example_setup_teardown' retrieved from /home/airflow/.local/lib/python3.12/site-packages/airflow/example_dags/example_setup_teardown.py
[2025-03-27T10:05:38.279+0000] {logging_mixin.py:190} INFO - [2025-03-27T10:05:38.278+0000] {override.py:1912} INFO - Created Permission View: can read on DAG:example_setup_teardown
[2025-03-27T10:05:38.285+0000] {logging_mixin.py:190} INFO - [2025-03-27T10:05:38.285+0000] {override.py:1912} INFO - Created Permission View: can delete on DAG:example_setup_teardown
[2025-03-27T10:05:38.289+0000] {logging_mixin.py:190} INFO - [2025-03-27T10:05:38.289+0000] {override.py:1912} INFO - Created Permission View: can edit on DAG:example_setup_teardown
[2025-03-27T10:05:38.295+0000] {logging_mixin.py:190} INFO - [2025-03-27T10:05:38.295+0000] {override.py:1912} INFO - Created Permission View: can read on DAG Run:example_setup_teardown
[2025-03-27T10:05:38.299+0000] {logging_mixin.py:190} INFO - [2025-03-27T10:05:38.298+0000] {override.py:1912} INFO - Created Permission View: can delete on DAG Run:example_setup_teardown
[2025-03-27T10:05:38.302+0000] {logging_mixin.py:190} INFO - [2025-03-27T10:05:38.301+0000] {override.py:1912} INFO - Created Permission View: can create on DAG Run:example_setup_teardown
[2025-03-27T10:05:38.305+0000] {logging_mixin.py:190} INFO - [2025-03-27T10:05:38.305+0000] {override.py:1912} INFO - Created Permission View: menu access on DAG Run:example_setup_teardown
[2025-03-27T10:05:38.305+0000] {logging_mixin.py:190} INFO - [2025-03-27T10:05:38.305+0000] {dag.py:3239} INFO - Sync 1 DAGs
[2025-03-27T10:05:38.312+0000] {logging_mixin.py:190} INFO - [2025-03-27T10:05:38.312+0000] {dag.py:3262} INFO - Creating ORM DAG for example_setup_teardown
[2025-03-27T10:05:38.312+0000] {logging_mixin.py:190} INFO - [2025-03-27T10:05:38.312+0000] {dag.py:4180} INFO - Setting next_dagrun for example_setup_teardown to None, run_after=None
[2025-03-27T10:05:38.323+0000] {processor.py:208} INFO - Processing /home/airflow/.local/lib/python3.12/site-packages/airflow/example_dags/example_setup_teardown.py took 0.145 seconds
[2025-03-27T10:06:09.139+0000] {processor.py:186} INFO - Started process (PID=151) to work on /home/airflow/.local/lib/python3.12/site-packages/airflow/example_dags/example_setup_teardown.py
[2025-03-27T10:06:09.140+0000] {processor.py:914} INFO - Processing file /home/airflow/.local/lib/python3.12/site-packages/airflow/example_dags/example_setup_teardown.py for tasks to queue
[2025-03-27T10:06:09.142+0000] {logging_mixin.py:190} INFO - [2025-03-27T10:06:09.142+0000] {dagbag.py:588} INFO - Filling up the DagBag from /home/airflow/.local/lib/python3.12/site-packages/airflow/example_dags/example_setup_teardown.py
[2025-03-27T10:06:09.148+0000] {processor.py:925} INFO - DAG(s) 'example_setup_teardown' retrieved from /home/airflow/.local/lib/python3.12/site-packages/airflow/example_dags/example_setup_teardown.py
[2025-03-27T10:06:09.164+0000] {logging_mixin.py:190} INFO - [2025-03-27T10:06:09.163+0000] {dag.py:3239} INFO - Sync 1 DAGs
[2025-03-27T10:06:09.173+0000] {logging_mixin.py:190} INFO - [2025-03-27T10:06:09.173+0000] {dag.py:4180} INFO - Setting next_dagrun for example_setup_teardown to None, run_after=None
[2025-03-27T10:06:09.184+0000] {processor.py:208} INFO - Processing /home/airflow/.local/lib/python3.12/site-packages/airflow/example_dags/example_setup_teardown.py took 0.049 seconds
[2025-03-27T10:06:39.236+0000] {processor.py:186} INFO - Started process (PID=214) to work on /home/airflow/.local/lib/python3.12/site-packages/airflow/example_dags/example_setup_teardown.py
[2025-03-27T10:06:39.237+0000] {processor.py:914} INFO - Processing file /home/airflow/.local/lib/python3.12/site-packages/airflow/example_dags/example_setup_teardown.py for tasks to queue
[2025-03-27T10:06:39.238+0000] {logging_mixin.py:190} INFO - [2025-03-27T10:06:39.238+0000] {dagbag.py:588} INFO - Filling up the DagBag from /home/airflow/.local/lib/python3.12/site-packages/airflow/example_dags/example_setup_teardown.py
[2025-03-27T10:06:39.243+0000] {processor.py:925} INFO - DAG(s) 'example_setup_teardown' retrieved from /home/airflow/.local/lib/python3.12/site-packages/airflow/example_dags/example_setup_teardown.py
[2025-03-27T10:06:39.261+0000] {logging_mixin.py:190} INFO - [2025-03-27T10:06:39.261+0000] {dag.py:3239} INFO - Sync 1 DAGs
[2025-03-27T10:06:39.272+0000] {logging_mixin.py:190} INFO - [2025-03-27T10:06:39.271+0000] {dag.py:4180} INFO - Setting next_dagrun for example_setup_teardown to None, run_after=None
[2025-03-27T10:06:39.282+0000] {processor.py:208} INFO - Processing /home/airflow/.local/lib/python3.12/site-packages/airflow/example_dags/example_setup_teardown.py took 0.050 seconds
[2025-03-27T10:07:10.206+0000] {processor.py:186} INFO - Started process (PID=277) to work on /home/airflow/.local/lib/python3.12/site-packages/airflow/example_dags/example_setup_teardown.py
[2025-03-27T10:07:10.207+0000] {processor.py:914} INFO - Processing file /home/airflow/.local/lib/python3.12/site-packages/airflow/example_dags/example_setup_teardown.py for tasks to queue
[2025-03-27T10:07:10.208+0000] {logging_mixin.py:190} INFO - [2025-03-27T10:07:10.208+0000] {dagbag.py:588} INFO - Filling up the DagBag from /home/airflow/.local/lib/python3.12/site-packages/airflow/example_dags/example_setup_teardown.py
[2025-03-27T10:07:10.213+0000] {processor.py:925} INFO - DAG(s) 'example_setup_teardown' retrieved from /home/airflow/.local/lib/python3.12/site-packages/airflow/example_dags/example_setup_teardown.py
[2025-03-27T10:07:10.228+0000] {logging_mixin.py:190} INFO - [2025-03-27T10:07:10.225+0000] {dag.py:3239} INFO - Sync 1 DAGs
[2025-03-27T10:07:10.235+0000] {logging_mixin.py:190} INFO - [2025-03-27T10:07:10.235+0000] {dag.py:4180} INFO - Setting next_dagrun for example_setup_teardown to None, run_after=None
[2025-03-27T10:07:10.244+0000] {processor.py:208} INFO - Processing /home/airflow/.local/lib/python3.12/site-packages/airflow/example_dags/example_setup_teardown.py took 0.042 seconds
[2025-03-27T10:07:41.414+0000] {processor.py:186} INFO - Started process (PID=340) to work on /home/airflow/.local/lib/python3.12/site-packages/airflow/example_dags/example_setup_teardown.py
[2025-03-27T10:07:41.415+0000] {processor.py:914} INFO - Processing file /home/airflow/.local/lib/python3.12/site-packages/airflow/example_dags/example_setup_teardown.py for tasks to queue
[2025-03-27T10:07:41.417+0000] {logging_mixin.py:190} INFO - [2025-03-27T10:07:41.416+0000] {dagbag.py:588} INFO - Filling up the DagBag from /home/airflow/.local/lib/python3.12/site-packages/airflow/example_dags/example_setup_teardown.py
[2025-03-27T10:07:41.421+0000] {processor.py:925} INFO - DAG(s) 'example_setup_teardown' retrieved from /home/airflow/.local/lib/python3.12/site-packages/airflow/example_dags/example_setup_teardown.py
[2025-03-27T10:07:41.436+0000] {logging_mixin.py:190} INFO - [2025-03-27T10:07:41.436+0000] {dag.py:3239} INFO - Sync 1 DAGs
[2025-03-27T10:07:41.443+0000] {logging_mixin.py:190} INFO - [2025-03-27T10:07:41.443+0000] {dag.py:4180} INFO - Setting next_dagrun for example_setup_teardown to None, run_after=None
[2025-03-27T10:07:41.455+0000] {processor.py:208} INFO - Processing /home/airflow/.local/lib/python3.12/site-packages/airflow/example_dags/example_setup_teardown.py took 0.044 seconds
[2025-03-27T10:08:12.209+0000] {processor.py:186} INFO - Started process (PID=402) to work on /home/airflow/.local/lib/python3.12/site-packages/airflow/example_dags/example_setup_teardown.py
[2025-03-27T10:08:12.210+0000] {processor.py:914} INFO - Processing file /home/airflow/.local/lib/python3.12/site-packages/airflow/example_dags/example_setup_teardown.py for tasks to queue
[2025-03-27T10:08:12.211+0000] {logging_mixin.py:190} INFO - [2025-03-27T10:08:12.211+0000] {dagbag.py:588} INFO - Filling up the DagBag from /home/airflow/.local/lib/python3.12/site-packages/airflow/example_dags/example_setup_teardown.py
[2025-03-27T10:08:12.216+0000] {processor.py:925} INFO - DAG(s) 'example_setup_teardown' retrieved from /home/airflow/.local/lib/python3.12/site-packages/airflow/example_dags/example_setup_teardown.py
[2025-03-27T10:08:12.227+0000] {logging_mixin.py:190} INFO - [2025-03-27T10:08:12.226+0000] {dag.py:3239} INFO - Sync 1 DAGs
[2025-03-27T10:08:12.234+0000] {logging_mixin.py:190} INFO - [2025-03-27T10:08:12.233+0000] {dag.py:4180} INFO - Setting next_dagrun for example_setup_teardown to None, run_after=None
[2025-03-27T10:08:12.243+0000] {processor.py:208} INFO - Processing /home/airflow/.local/lib/python3.12/site-packages/airflow/example_dags/example_setup_teardown.py took 0.037 seconds
[2025-03-27T10:08:43.210+0000] {processor.py:186} INFO - Started process (PID=465) to work on /home/airflow/.local/lib/python3.12/site-packages/airflow/example_dags/example_setup_teardown.py
[2025-03-27T10:08:43.210+0000] {processor.py:914} INFO - Processing file /home/airflow/.local/lib/python3.12/site-packages/airflow/example_dags/example_setup_teardown.py for tasks to queue
[2025-03-27T10:08:43.212+0000] {logging_mixin.py:190} INFO - [2025-03-27T10:08:43.212+0000] {dagbag.py:588} INFO - Filling up the DagBag from /home/airflow/.local/lib/python3.12/site-packages/airflow/example_dags/example_setup_teardown.py
[2025-03-27T10:08:43.216+0000] {processor.py:925} INFO - DAG(s) 'example_setup_teardown' retrieved from /home/airflow/.local/lib/python3.12/site-packages/airflow/example_dags/example_setup_teardown.py
[2025-03-27T10:08:43.228+0000] {logging_mixin.py:190} INFO - [2025-03-27T10:08:43.228+0000] {dag.py:3239} INFO - Sync 1 DAGs
[2025-03-27T10:08:43.235+0000] {logging_mixin.py:190} INFO - [2025-03-27T10:08:43.235+0000] {dag.py:4180} INFO - Setting next_dagrun for example_setup_teardown to None, run_after=None
[2025-03-27T10:08:43.246+0000] {processor.py:208} INFO - Processing /home/airflow/.local/lib/python3.12/site-packages/airflow/example_dags/example_setup_teardown.py took 0.039 seconds
[2025-03-27T10:09:14.114+0000] {processor.py:186} INFO - Started process (PID=527) to work on /home/airflow/.local/lib/python3.12/site-packages/airflow/example_dags/example_setup_teardown.py
[2025-03-27T10:09:14.116+0000] {processor.py:914} INFO - Processing file /home/airflow/.local/lib/python3.12/site-packages/airflow/example_dags/example_setup_teardown.py for tasks to queue
[2025-03-27T10:09:14.118+0000] {logging_mixin.py:190} INFO - [2025-03-27T10:09:14.118+0000] {dagbag.py:588} INFO - Filling up the DagBag from /home/airflow/.local/lib/python3.12/site-packages/airflow/example_dags/example_setup_teardown.py
[2025-03-27T10:09:14.123+0000] {processor.py:925} INFO - DAG(s) 'example_setup_teardown' retrieved from /home/airflow/.local/lib/python3.12/site-packages/airflow/example_dags/example_setup_teardown.py
[2025-03-27T10:09:14.133+0000] {logging_mixin.py:190} INFO - [2025-03-27T10:09:14.133+0000] {dag.py:3239} INFO - Sync 1 DAGs
[2025-03-27T10:09:14.139+0000] {logging_mixin.py:190} INFO - [2025-03-27T10:09:14.139+0000] {dag.py:4180} INFO - Setting next_dagrun for example_setup_teardown to None, run_after=None
[2025-03-27T10:09:14.149+0000] {processor.py:208} INFO - Processing /home/airflow/.local/lib/python3.12/site-packages/airflow/example_dags/example_setup_teardown.py took 0.038 seconds
[2025-03-27T10:09:44.944+0000] {processor.py:186} INFO - Started process (PID=590) to work on /home/airflow/.local/lib/python3.12/site-packages/airflow/example_dags/example_setup_teardown.py
[2025-03-27T10:09:44.945+0000] {processor.py:914} INFO - Processing file /home/airflow/.local/lib/python3.12/site-packages/airflow/example_dags/example_setup_teardown.py for tasks to queue
[2025-03-27T10:09:44.947+0000] {logging_mixin.py:190} INFO - [2025-03-27T10:09:44.946+0000] {dagbag.py:588} INFO - Filling up the DagBag from /home/airflow/.local/lib/python3.12/site-packages/airflow/example_dags/example_setup_teardown.py
[2025-03-27T10:09:44.951+0000] {processor.py:925} INFO - DAG(s) 'example_setup_teardown' retrieved from /home/airflow/.local/lib/python3.12/site-packages/airflow/example_dags/example_setup_teardown.py
[2025-03-27T10:09:44.964+0000] {logging_mixin.py:190} INFO - [2025-03-27T10:09:44.964+0000] {dag.py:3239} INFO - Sync 1 DAGs
[2025-03-27T10:09:44.973+0000] {logging_mixin.py:190} INFO - [2025-03-27T10:09:44.973+0000] {dag.py:4180} INFO - Setting next_dagrun for example_setup_teardown to None, run_after=None
[2025-03-27T10:09:44.985+0000] {processor.py:208} INFO - Processing /home/airflow/.local/lib/python3.12/site-packages/airflow/example_dags/example_setup_teardown.py took 0.044 seconds
[2025-03-27T10:10:15.916+0000] {processor.py:186} INFO - Started process (PID=653) to work on /home/airflow/.local/lib/python3.12/site-packages/airflow/example_dags/example_setup_teardown.py
[2025-03-27T10:10:15.917+0000] {processor.py:914} INFO - Processing file /home/airflow/.local/lib/python3.12/site-packages/airflow/example_dags/example_setup_teardown.py for tasks to queue
[2025-03-27T10:10:15.920+0000] {logging_mixin.py:190} INFO - [2025-03-27T10:10:15.920+0000] {dagbag.py:588} INFO - Filling up the DagBag from /home/airflow/.local/lib/python3.12/site-packages/airflow/example_dags/example_setup_teardown.py
[2025-03-27T10:10:15.925+0000] {processor.py:925} INFO - DAG(s) 'example_setup_teardown' retrieved from /home/airflow/.local/lib/python3.12/site-packages/airflow/example_dags/example_setup_teardown.py
[2025-03-27T10:10:15.939+0000] {logging_mixin.py:190} INFO - [2025-03-27T10:10:15.939+0000] {dag.py:3239} INFO - Sync 1 DAGs
[2025-03-27T10:10:15.946+0000] {logging_mixin.py:190} INFO - [2025-03-27T10:10:15.946+0000] {dag.py:4180} INFO - Setting next_dagrun for example_setup_teardown to None, run_after=None
[2025-03-27T10:10:15.955+0000] {processor.py:208} INFO - Processing /home/airflow/.local/lib/python3.12/site-packages/airflow/example_dags/example_setup_teardown.py took 0.042 seconds
[2025-03-27T10:10:47.042+0000] {processor.py:186} INFO - Started process (PID=716) to work on /home/airflow/.local/lib/python3.12/site-packages/airflow/example_dags/example_setup_teardown.py
[2025-03-27T10:10:47.043+0000] {processor.py:914} INFO - Processing file /home/airflow/.local/lib/python3.12/site-packages/airflow/example_dags/example_setup_teardown.py for tasks to queue
[2025-03-27T10:10:47.044+0000] {logging_mixin.py:190} INFO - [2025-03-27T10:10:47.044+0000] {dagbag.py:588} INFO - Filling up the DagBag from /home/airflow/.local/lib/python3.12/site-packages/airflow/example_dags/example_setup_teardown.py
[2025-03-27T10:10:47.053+0000] {processor.py:925} INFO - DAG(s) 'example_setup_teardown' retrieved from /home/airflow/.local/lib/python3.12/site-packages/airflow/example_dags/example_setup_teardown.py
[2025-03-27T10:10:47.066+0000] {logging_mixin.py:190} INFO - [2025-03-27T10:10:47.066+0000] {dag.py:3239} INFO - Sync 1 DAGs
[2025-03-27T10:10:47.081+0000] {logging_mixin.py:190} INFO - [2025-03-27T10:10:47.080+0000] {dag.py:4180} INFO - Setting next_dagrun for example_setup_teardown to None, run_after=None
[2025-03-27T10:10:47.094+0000] {processor.py:208} INFO - Processing /home/airflow/.local/lib/python3.12/site-packages/airflow/example_dags/example_setup_teardown.py took 0.057 seconds
[2025-03-27T10:11:18.085+0000] {processor.py:186} INFO - Started process (PID=778) to work on /home/airflow/.local/lib/python3.12/site-packages/airflow/example_dags/example_setup_teardown.py
[2025-03-27T10:11:18.086+0000] {processor.py:914} INFO - Processing file /home/airflow/.local/lib/python3.12/site-packages/airflow/example_dags/example_setup_teardown.py for tasks to queue
[2025-03-27T10:11:18.087+0000] {logging_mixin.py:190} INFO - [2025-03-27T10:11:18.087+0000] {dagbag.py:588} INFO - Filling up the DagBag from /home/airflow/.local/lib/python3.12/site-packages/airflow/example_dags/example_setup_teardown.py
[2025-03-27T10:11:18.093+0000] {processor.py:925} INFO - DAG(s) 'example_setup_teardown' retrieved from /home/airflow/.local/lib/python3.12/site-packages/airflow/example_dags/example_setup_teardown.py
[2025-03-27T10:11:18.103+0000] {logging_mixin.py:190} INFO - [2025-03-27T10:11:18.103+0000] {dag.py:3239} INFO - Sync 1 DAGs
[2025-03-27T10:11:18.110+0000] {logging_mixin.py:190} INFO - [2025-03-27T10:11:18.110+0000] {dag.py:4180} INFO - Setting next_dagrun for example_setup_teardown to None, run_after=None
[2025-03-27T10:11:18.122+0000] {processor.py:208} INFO - Processing /home/airflow/.local/lib/python3.12/site-packages/airflow/example_dags/example_setup_teardown.py took 0.040 seconds
[2025-03-27T10:11:48.846+0000] {processor.py:186} INFO - Started process (PID=842) to work on /home/airflow/.local/lib/python3.12/site-packages/airflow/example_dags/example_setup_teardown.py
[2025-03-27T10:11:48.846+0000] {processor.py:914} INFO - Processing file /home/airflow/.local/lib/python3.12/site-packages/airflow/example_dags/example_setup_teardown.py for tasks to queue
[2025-03-27T10:11:48.847+0000] {logging_mixin.py:190} INFO - [2025-03-27T10:11:48.847+0000] {dagbag.py:588} INFO - Filling up the DagBag from /home/airflow/.local/lib/python3.12/site-packages/airflow/example_dags/example_setup_teardown.py
[2025-03-27T10:11:48.852+0000] {processor.py:925} INFO - DAG(s) 'example_setup_teardown' retrieved from /home/airflow/.local/lib/python3.12/site-packages/airflow/example_dags/example_setup_teardown.py
[2025-03-27T10:11:48.866+0000] {logging_mixin.py:190} INFO - [2025-03-27T10:11:48.866+0000] {dag.py:3239} INFO - Sync 1 DAGs
[2025-03-27T10:11:48.874+0000] {logging_mixin.py:190} INFO - [2025-03-27T10:11:48.874+0000] {dag.py:4180} INFO - Setting next_dagrun for example_setup_teardown to None, run_after=None
[2025-03-27T10:11:48.887+0000] {processor.py:208} INFO - Processing /home/airflow/.local/lib/python3.12/site-packages/airflow/example_dags/example_setup_teardown.py took 0.044 seconds
[2025-03-27T10:12:19.721+0000] {processor.py:186} INFO - Started process (PID=905) to work on /home/airflow/.local/lib/python3.12/site-packages/airflow/example_dags/example_setup_teardown.py
[2025-03-27T10:12:19.721+0000] {processor.py:914} INFO - Processing file /home/airflow/.local/lib/python3.12/site-packages/airflow/example_dags/example_setup_teardown.py for tasks to queue
[2025-03-27T10:12:19.722+0000] {logging_mixin.py:190} INFO - [2025-03-27T10:12:19.722+0000] {dagbag.py:588} INFO - Filling up the DagBag from /home/airflow/.local/lib/python3.12/site-packages/airflow/example_dags/example_setup_teardown.py
[2025-03-27T10:12:19.727+0000] {processor.py:925} INFO - DAG(s) 'example_setup_teardown' retrieved from /home/airflow/.local/lib/python3.12/site-packages/airflow/example_dags/example_setup_teardown.py
[2025-03-27T10:12:19.737+0000] {logging_mixin.py:190} INFO - [2025-03-27T10:12:19.737+0000] {dag.py:3239} INFO - Sync 1 DAGs
[2025-03-27T10:12:19.744+0000] {logging_mixin.py:190} INFO - [2025-03-27T10:12:19.744+0000] {dag.py:4180} INFO - Setting next_dagrun for example_setup_teardown to None, run_after=None
[2025-03-27T10:12:19.753+0000] {processor.py:208} INFO - Processing /home/airflow/.local/lib/python3.12/site-packages/airflow/example_dags/example_setup_teardown.py took 0.035 seconds
[2025-03-27T10:12:50.445+0000] {processor.py:186} INFO - Started process (PID=968) to work on /home/airflow/.local/lib/python3.12/site-packages/airflow/example_dags/example_setup_teardown.py
[2025-03-27T10:12:50.446+0000] {processor.py:914} INFO - Processing file /home/airflow/.local/lib/python3.12/site-packages/airflow/example_dags/example_setup_teardown.py for tasks to queue
[2025-03-27T10:12:50.447+0000] {logging_mixin.py:190} INFO - [2025-03-27T10:12:50.447+0000] {dagbag.py:588} INFO - Filling up the DagBag from /home/airflow/.local/lib/python3.12/site-packages/airflow/example_dags/example_setup_teardown.py
[2025-03-27T10:12:50.451+0000] {processor.py:925} INFO - DAG(s) 'example_setup_teardown' retrieved from /home/airflow/.local/lib/python3.12/site-packages/airflow/example_dags/example_setup_teardown.py
[2025-03-27T10:12:50.461+0000] {logging_mixin.py:190} INFO - [2025-03-27T10:12:50.461+0000] {dag.py:3239} INFO - Sync 1 DAGs
[2025-03-27T10:12:50.467+0000] {logging_mixin.py:190} INFO - [2025-03-27T10:12:50.467+0000] {dag.py:4180} INFO - Setting next_dagrun for example_setup_teardown to None, run_after=None
[2025-03-27T10:12:50.475+0000] {processor.py:208} INFO - Processing /home/airflow/.local/lib/python3.12/site-packages/airflow/example_dags/example_setup_teardown.py took 0.033 seconds
[2025-03-27T10:13:21.554+0000] {processor.py:186} INFO - Started process (PID=1031) to work on /home/airflow/.local/lib/python3.12/site-packages/airflow/example_dags/example_setup_teardown.py
[2025-03-27T10:13:21.555+0000] {processor.py:914} INFO - Processing file /home/airflow/.local/lib/python3.12/site-packages/airflow/example_dags/example_setup_teardown.py for tasks to queue
[2025-03-27T10:13:21.556+0000] {logging_mixin.py:190} INFO - [2025-03-27T10:13:21.556+0000] {dagbag.py:588} INFO - Filling up the DagBag from /home/airflow/.local/lib/python3.12/site-packages/airflow/example_dags/example_setup_teardown.py
[2025-03-27T10:13:21.562+0000] {processor.py:925} INFO - DAG(s) 'example_setup_teardown' retrieved from /home/airflow/.local/lib/python3.12/site-packages/airflow/example_dags/example_setup_teardown.py
[2025-03-27T10:13:21.573+0000] {logging_mixin.py:190} INFO - [2025-03-27T10:13:21.573+0000] {dag.py:3239} INFO - Sync 1 DAGs
[2025-03-27T10:13:21.581+0000] {logging_mixin.py:190} INFO - [2025-03-27T10:13:21.581+0000] {dag.py:4180} INFO - Setting next_dagrun for example_setup_teardown to None, run_after=None
[2025-03-27T10:13:21.592+0000] {processor.py:208} INFO - Processing /home/airflow/.local/lib/python3.12/site-packages/airflow/example_dags/example_setup_teardown.py took 0.041 seconds
[2025-03-27T10:13:52.593+0000] {processor.py:186} INFO - Started process (PID=1094) to work on /home/airflow/.local/lib/python3.12/site-packages/airflow/example_dags/example_setup_teardown.py
[2025-03-27T10:13:52.593+0000] {processor.py:914} INFO - Processing file /home/airflow/.local/lib/python3.12/site-packages/airflow/example_dags/example_setup_teardown.py for tasks to queue
[2025-03-27T10:13:52.594+0000] {logging_mixin.py:190} INFO - [2025-03-27T10:13:52.594+0000] {dagbag.py:588} INFO - Filling up the DagBag from /home/airflow/.local/lib/python3.12/site-packages/airflow/example_dags/example_setup_teardown.py
[2025-03-27T10:13:52.599+0000] {processor.py:925} INFO - DAG(s) 'example_setup_teardown' retrieved from /home/airflow/.local/lib/python3.12/site-packages/airflow/example_dags/example_setup_teardown.py
[2025-03-27T10:13:52.611+0000] {logging_mixin.py:190} INFO - [2025-03-27T10:13:52.611+0000] {dag.py:3239} INFO - Sync 1 DAGs
[2025-03-27T10:13:52.619+0000] {logging_mixin.py:190} INFO - [2025-03-27T10:13:52.619+0000] {dag.py:4180} INFO - Setting next_dagrun for example_setup_teardown to None, run_after=None
[2025-03-27T10:13:52.630+0000] {processor.py:208} INFO - Processing /home/airflow/.local/lib/python3.12/site-packages/airflow/example_dags/example_setup_teardown.py took 0.040 seconds
[2025-03-27T10:14:23.429+0000] {processor.py:186} INFO - Started process (PID=1157) to work on /home/airflow/.local/lib/python3.12/site-packages/airflow/example_dags/example_setup_teardown.py
[2025-03-27T10:14:23.429+0000] {processor.py:914} INFO - Processing file /home/airflow/.local/lib/python3.12/site-packages/airflow/example_dags/example_setup_teardown.py for tasks to queue
[2025-03-27T10:14:23.431+0000] {logging_mixin.py:190} INFO - [2025-03-27T10:14:23.430+0000] {dagbag.py:588} INFO - Filling up the DagBag from /home/airflow/.local/lib/python3.12/site-packages/airflow/example_dags/example_setup_teardown.py
[2025-03-27T10:14:23.435+0000] {processor.py:925} INFO - DAG(s) 'example_setup_teardown' retrieved from /home/airflow/.local/lib/python3.12/site-packages/airflow/example_dags/example_setup_teardown.py
[2025-03-27T10:14:23.447+0000] {logging_mixin.py:190} INFO - [2025-03-27T10:14:23.446+0000] {dag.py:3239} INFO - Sync 1 DAGs
[2025-03-27T10:14:23.453+0000] {logging_mixin.py:190} INFO - [2025-03-27T10:14:23.453+0000] {dag.py:4180} INFO - Setting next_dagrun for example_setup_teardown to None, run_after=None
[2025-03-27T10:14:23.462+0000] {processor.py:208} INFO - Processing /home/airflow/.local/lib/python3.12/site-packages/airflow/example_dags/example_setup_teardown.py took 0.036 seconds
[2025-03-27T10:14:54.599+0000] {processor.py:186} INFO - Started process (PID=1220) to work on /home/airflow/.local/lib/python3.12/site-packages/airflow/example_dags/example_setup_teardown.py
[2025-03-27T10:14:54.600+0000] {processor.py:914} INFO - Processing file /home/airflow/.local/lib/python3.12/site-packages/airflow/example_dags/example_setup_teardown.py for tasks to queue
[2025-03-27T10:14:54.601+0000] {logging_mixin.py:190} INFO - [2025-03-27T10:14:54.601+0000] {dagbag.py:588} INFO - Filling up the DagBag from /home/airflow/.local/lib/python3.12/site-packages/airflow/example_dags/example_setup_teardown.py
[2025-03-27T10:14:54.605+0000] {processor.py:925} INFO - DAG(s) 'example_setup_teardown' retrieved from /home/airflow/.local/lib/python3.12/site-packages/airflow/example_dags/example_setup_teardown.py
[2025-03-27T10:14:54.615+0000] {logging_mixin.py:190} INFO - [2025-03-27T10:14:54.615+0000] {dag.py:3239} INFO - Sync 1 DAGs
[2025-03-27T10:14:54.621+0000] {logging_mixin.py:190} INFO - [2025-03-27T10:14:54.621+0000] {dag.py:4180} INFO - Setting next_dagrun for example_setup_teardown to None, run_after=None
[2025-03-27T10:14:54.630+0000] {processor.py:208} INFO - Processing /home/airflow/.local/lib/python3.12/site-packages/airflow/example_dags/example_setup_teardown.py took 0.034 seconds
[2025-03-27T10:15:25.421+0000] {processor.py:186} INFO - Started process (PID=1282) to work on /home/airflow/.local/lib/python3.12/site-packages/airflow/example_dags/example_setup_teardown.py
[2025-03-27T10:15:25.422+0000] {processor.py:914} INFO - Processing file /home/airflow/.local/lib/python3.12/site-packages/airflow/example_dags/example_setup_teardown.py for tasks to queue
[2025-03-27T10:15:25.423+0000] {logging_mixin.py:190} INFO - [2025-03-27T10:15:25.423+0000] {dagbag.py:588} INFO - Filling up the DagBag from /home/airflow/.local/lib/python3.12/site-packages/airflow/example_dags/example_setup_teardown.py
[2025-03-27T10:15:25.428+0000] {processor.py:925} INFO - DAG(s) 'example_setup_teardown' retrieved from /home/airflow/.local/lib/python3.12/site-packages/airflow/example_dags/example_setup_teardown.py
[2025-03-27T10:15:25.439+0000] {logging_mixin.py:190} INFO - [2025-03-27T10:15:25.439+0000] {dag.py:3239} INFO - Sync 1 DAGs
[2025-03-27T10:15:25.446+0000] {logging_mixin.py:190} INFO - [2025-03-27T10:15:25.446+0000] {dag.py:4180} INFO - Setting next_dagrun for example_setup_teardown to None, run_after=None
[2025-03-27T10:15:25.456+0000] {processor.py:208} INFO - Processing /home/airflow/.local/lib/python3.12/site-packages/airflow/example_dags/example_setup_teardown.py took 0.037 seconds
[2025-03-27T10:15:56.379+0000] {processor.py:186} INFO - Started process (PID=1345) to work on /home/airflow/.local/lib/python3.12/site-packages/airflow/example_dags/example_setup_teardown.py
[2025-03-27T10:15:56.380+0000] {processor.py:914} INFO - Processing file /home/airflow/.local/lib/python3.12/site-packages/airflow/example_dags/example_setup_teardown.py for tasks to queue
[2025-03-27T10:15:56.381+0000] {logging_mixin.py:190} INFO - [2025-03-27T10:15:56.381+0000] {dagbag.py:588} INFO - Filling up the DagBag from /home/airflow/.local/lib/python3.12/site-packages/airflow/example_dags/example_setup_teardown.py
[2025-03-27T10:15:56.386+0000] {processor.py:925} INFO - DAG(s) 'example_setup_teardown' retrieved from /home/airflow/.local/lib/python3.12/site-packages/airflow/example_dags/example_setup_teardown.py
[2025-03-27T10:15:56.397+0000] {logging_mixin.py:190} INFO - [2025-03-27T10:15:56.397+0000] {dag.py:3239} INFO - Sync 1 DAGs
[2025-03-27T10:15:56.404+0000] {logging_mixin.py:190} INFO - [2025-03-27T10:15:56.404+0000] {dag.py:4180} INFO - Setting next_dagrun for example_setup_teardown to None, run_after=None
[2025-03-27T10:15:56.414+0000] {processor.py:208} INFO - Processing /home/airflow/.local/lib/python3.12/site-packages/airflow/example_dags/example_setup_teardown.py took 0.039 seconds
[2025-03-27T10:16:27.547+0000] {processor.py:186} INFO - Started process (PID=1408) to work on /home/airflow/.local/lib/python3.12/site-packages/airflow/example_dags/example_setup_teardown.py
[2025-03-27T10:16:27.549+0000] {processor.py:914} INFO - Processing file /home/airflow/.local/lib/python3.12/site-packages/airflow/example_dags/example_setup_teardown.py for tasks to queue
[2025-03-27T10:16:27.551+0000] {logging_mixin.py:190} INFO - [2025-03-27T10:16:27.550+0000] {dagbag.py:588} INFO - Filling up the DagBag from /home/airflow/.local/lib/python3.12/site-packages/airflow/example_dags/example_setup_teardown.py
[2025-03-27T10:16:27.556+0000] {processor.py:925} INFO - DAG(s) 'example_setup_teardown' retrieved from /home/airflow/.local/lib/python3.12/site-packages/airflow/example_dags/example_setup_teardown.py
[2025-03-27T10:16:27.569+0000] {logging_mixin.py:190} INFO - [2025-03-27T10:16:27.569+0000] {dag.py:3239} INFO - Sync 1 DAGs
[2025-03-27T10:16:27.577+0000] {logging_mixin.py:190} INFO - [2025-03-27T10:16:27.577+0000] {dag.py:4180} INFO - Setting next_dagrun for example_setup_teardown to None, run_after=None
[2025-03-27T10:16:27.587+0000] {processor.py:208} INFO - Processing /home/airflow/.local/lib/python3.12/site-packages/airflow/example_dags/example_setup_teardown.py took 0.043 seconds
[2025-03-27T10:16:58.456+0000] {processor.py:186} INFO - Started process (PID=1471) to work on /home/airflow/.local/lib/python3.12/site-packages/airflow/example_dags/example_setup_teardown.py
[2025-03-27T10:16:58.457+0000] {processor.py:914} INFO - Processing file /home/airflow/.local/lib/python3.12/site-packages/airflow/example_dags/example_setup_teardown.py for tasks to queue
[2025-03-27T10:16:58.458+0000] {logging_mixin.py:190} INFO - [2025-03-27T10:16:58.458+0000] {dagbag.py:588} INFO - Filling up the DagBag from /home/airflow/.local/lib/python3.12/site-packages/airflow/example_dags/example_setup_teardown.py
[2025-03-27T10:16:58.462+0000] {processor.py:925} INFO - DAG(s) 'example_setup_teardown' retrieved from /home/airflow/.local/lib/python3.12/site-packages/airflow/example_dags/example_setup_teardown.py
[2025-03-27T10:16:58.473+0000] {logging_mixin.py:190} INFO - [2025-03-27T10:16:58.473+0000] {dag.py:3239} INFO - Sync 1 DAGs
[2025-03-27T10:16:58.479+0000] {logging_mixin.py:190} INFO - [2025-03-27T10:16:58.479+0000] {dag.py:4180} INFO - Setting next_dagrun for example_setup_teardown to None, run_after=None
[2025-03-27T10:16:58.488+0000] {processor.py:208} INFO - Processing /home/airflow/.local/lib/python3.12/site-packages/airflow/example_dags/example_setup_teardown.py took 0.034 seconds
[2025-03-27T10:17:29.387+0000] {processor.py:186} INFO - Started process (PID=1534) to work on /home/airflow/.local/lib/python3.12/site-packages/airflow/example_dags/example_setup_teardown.py
[2025-03-27T10:17:29.387+0000] {processor.py:914} INFO - Processing file /home/airflow/.local/lib/python3.12/site-packages/airflow/example_dags/example_setup_teardown.py for tasks to queue
[2025-03-27T10:17:29.389+0000] {logging_mixin.py:190} INFO - [2025-03-27T10:17:29.389+0000] {dagbag.py:588} INFO - Filling up the DagBag from /home/airflow/.local/lib/python3.12/site-packages/airflow/example_dags/example_setup_teardown.py
[2025-03-27T10:17:29.393+0000] {processor.py:925} INFO - DAG(s) 'example_setup_teardown' retrieved from /home/airflow/.local/lib/python3.12/site-packages/airflow/example_dags/example_setup_teardown.py
[2025-03-27T10:17:29.405+0000] {logging_mixin.py:190} INFO - [2025-03-27T10:17:29.404+0000] {dag.py:3239} INFO - Sync 1 DAGs
[2025-03-27T10:17:29.412+0000] {logging_mixin.py:190} INFO - [2025-03-27T10:17:29.412+0000] {dag.py:4180} INFO - Setting next_dagrun for example_setup_teardown to None, run_after=None
[2025-03-27T10:17:29.421+0000] {processor.py:208} INFO - Processing /home/airflow/.local/lib/python3.12/site-packages/airflow/example_dags/example_setup_teardown.py took 0.037 seconds
[2025-03-27T10:18:00.367+0000] {processor.py:186} INFO - Started process (PID=1597) to work on /home/airflow/.local/lib/python3.12/site-packages/airflow/example_dags/example_setup_teardown.py
[2025-03-27T10:18:00.368+0000] {processor.py:914} INFO - Processing file /home/airflow/.local/lib/python3.12/site-packages/airflow/example_dags/example_setup_teardown.py for tasks to queue
[2025-03-27T10:18:00.369+0000] {logging_mixin.py:190} INFO - [2025-03-27T10:18:00.369+0000] {dagbag.py:588} INFO - Filling up the DagBag from /home/airflow/.local/lib/python3.12/site-packages/airflow/example_dags/example_setup_teardown.py
[2025-03-27T10:18:00.373+0000] {processor.py:925} INFO - DAG(s) 'example_setup_teardown' retrieved from /home/airflow/.local/lib/python3.12/site-packages/airflow/example_dags/example_setup_teardown.py
[2025-03-27T10:18:00.384+0000] {logging_mixin.py:190} INFO - [2025-03-27T10:18:00.384+0000] {dag.py:3239} INFO - Sync 1 DAGs
[2025-03-27T10:18:00.391+0000] {logging_mixin.py:190} INFO - [2025-03-27T10:18:00.391+0000] {dag.py:4180} INFO - Setting next_dagrun for example_setup_teardown to None, run_after=None
[2025-03-27T10:18:00.399+0000] {processor.py:208} INFO - Processing /home/airflow/.local/lib/python3.12/site-packages/airflow/example_dags/example_setup_teardown.py took 0.036 seconds
