[2025-03-27T10:05:39.079+0000] {processor.py:186} INFO - Started process (PID=96) to work on /home/airflow/.local/lib/python3.12/site-packages/airflow/example_dags/example_latest_only.py
[2025-03-27T10:05:39.079+0000] {processor.py:914} INFO - Processing file /home/airflow/.local/lib/python3.12/site-packages/airflow/example_dags/example_latest_only.py for tasks to queue
[2025-03-27T10:05:39.080+0000] {logging_mixin.py:190} INFO - [2025-03-27T10:05:39.080+0000] {dagbag.py:588} INFO - Filling up the DagBag from /home/airflow/.local/lib/python3.12/site-packages/airflow/example_dags/example_latest_only.py
[2025-03-27T10:05:39.085+0000] {processor.py:925} INFO - DAG(s) 'latest_only' retrieved from /home/airflow/.local/lib/python3.12/site-packages/airflow/example_dags/example_latest_only.py
[2025-03-27T10:05:39.136+0000] {logging_mixin.py:190} INFO - [2025-03-27T10:05:39.136+0000] {override.py:1912} INFO - Created Permission View: can read on DAG:latest_only
[2025-03-27T10:05:39.141+0000] {logging_mixin.py:190} INFO - [2025-03-27T10:05:39.141+0000] {override.py:1912} INFO - Created Permission View: can delete on DAG:latest_only
[2025-03-27T10:05:39.146+0000] {logging_mixin.py:190} INFO - [2025-03-27T10:05:39.145+0000] {override.py:1912} INFO - Created Permission View: can edit on DAG:latest_only
[2025-03-27T10:05:39.148+0000] {logging_mixin.py:190} INFO - [2025-03-27T10:05:39.148+0000] {override.py:1912} INFO - Created Permission View: can read on DAG Run:latest_only
[2025-03-27T10:05:39.151+0000] {logging_mixin.py:190} INFO - [2025-03-27T10:05:39.150+0000] {override.py:1912} INFO - Created Permission View: can delete on DAG Run:latest_only
[2025-03-27T10:05:39.153+0000] {logging_mixin.py:190} INFO - [2025-03-27T10:05:39.153+0000] {override.py:1912} INFO - Created Permission View: can create on DAG Run:latest_only
[2025-03-27T10:05:39.155+0000] {logging_mixin.py:190} INFO - [2025-03-27T10:05:39.155+0000] {override.py:1912} INFO - Created Permission View: menu access on DAG Run:latest_only
[2025-03-27T10:05:39.155+0000] {logging_mixin.py:190} INFO - [2025-03-27T10:05:39.155+0000] {dag.py:3239} INFO - Sync 1 DAGs
[2025-03-27T10:05:39.161+0000] {logging_mixin.py:190} INFO - [2025-03-27T10:05:39.161+0000] {dag.py:3262} INFO - Creating ORM DAG for latest_only
[2025-03-27T10:05:39.166+0000] {logging_mixin.py:190} INFO - [2025-03-27T10:05:39.166+0000] {dag.py:4180} INFO - Setting next_dagrun for latest_only to 2025-03-27 04:00:00+00:00, run_after=2025-03-27 08:00:00+00:00
[2025-03-27T10:05:39.174+0000] {processor.py:208} INFO - Processing /home/airflow/.local/lib/python3.12/site-packages/airflow/example_dags/example_latest_only.py took 0.099 seconds
[2025-03-27T10:06:09.693+0000] {processor.py:186} INFO - Started process (PID=159) to work on /home/airflow/.local/lib/python3.12/site-packages/airflow/example_dags/example_latest_only.py
[2025-03-27T10:06:09.694+0000] {processor.py:914} INFO - Processing file /home/airflow/.local/lib/python3.12/site-packages/airflow/example_dags/example_latest_only.py for tasks to queue
[2025-03-27T10:06:09.695+0000] {logging_mixin.py:190} INFO - [2025-03-27T10:06:09.694+0000] {dagbag.py:588} INFO - Filling up the DagBag from /home/airflow/.local/lib/python3.12/site-packages/airflow/example_dags/example_latest_only.py
[2025-03-27T10:06:09.698+0000] {processor.py:925} INFO - DAG(s) 'latest_only' retrieved from /home/airflow/.local/lib/python3.12/site-packages/airflow/example_dags/example_latest_only.py
[2025-03-27T10:06:09.708+0000] {logging_mixin.py:190} INFO - [2025-03-27T10:06:09.708+0000] {dag.py:3239} INFO - Sync 1 DAGs
[2025-03-27T10:06:09.717+0000] {logging_mixin.py:190} INFO - [2025-03-27T10:06:09.717+0000] {dag.py:4180} INFO - Setting next_dagrun for latest_only to 2025-03-27 04:00:00+00:00, run_after=2025-03-27 08:00:00+00:00
[2025-03-27T10:06:09.725+0000] {processor.py:208} INFO - Processing /home/airflow/.local/lib/python3.12/site-packages/airflow/example_dags/example_latest_only.py took 0.034 seconds
[2025-03-27T10:06:40.838+0000] {processor.py:186} INFO - Started process (PID=222) to work on /home/airflow/.local/lib/python3.12/site-packages/airflow/example_dags/example_latest_only.py
[2025-03-27T10:06:40.839+0000] {processor.py:914} INFO - Processing file /home/airflow/.local/lib/python3.12/site-packages/airflow/example_dags/example_latest_only.py for tasks to queue
[2025-03-27T10:06:40.841+0000] {logging_mixin.py:190} INFO - [2025-03-27T10:06:40.841+0000] {dagbag.py:588} INFO - Filling up the DagBag from /home/airflow/.local/lib/python3.12/site-packages/airflow/example_dags/example_latest_only.py
[2025-03-27T10:06:40.846+0000] {processor.py:925} INFO - DAG(s) 'latest_only' retrieved from /home/airflow/.local/lib/python3.12/site-packages/airflow/example_dags/example_latest_only.py
[2025-03-27T10:06:40.857+0000] {logging_mixin.py:190} INFO - [2025-03-27T10:06:40.857+0000] {dag.py:3239} INFO - Sync 1 DAGs
[2025-03-27T10:06:40.869+0000] {logging_mixin.py:190} INFO - [2025-03-27T10:06:40.869+0000] {dag.py:4180} INFO - Setting next_dagrun for latest_only to 2025-03-27 04:00:00+00:00, run_after=2025-03-27 08:00:00+00:00
[2025-03-27T10:06:40.879+0000] {processor.py:208} INFO - Processing /home/airflow/.local/lib/python3.12/site-packages/airflow/example_dags/example_latest_only.py took 0.045 seconds
[2025-03-27T10:07:11.845+0000] {processor.py:186} INFO - Started process (PID=285) to work on /home/airflow/.local/lib/python3.12/site-packages/airflow/example_dags/example_latest_only.py
[2025-03-27T10:07:11.846+0000] {processor.py:914} INFO - Processing file /home/airflow/.local/lib/python3.12/site-packages/airflow/example_dags/example_latest_only.py for tasks to queue
[2025-03-27T10:07:11.847+0000] {logging_mixin.py:190} INFO - [2025-03-27T10:07:11.847+0000] {dagbag.py:588} INFO - Filling up the DagBag from /home/airflow/.local/lib/python3.12/site-packages/airflow/example_dags/example_latest_only.py
[2025-03-27T10:07:11.852+0000] {processor.py:925} INFO - DAG(s) 'latest_only' retrieved from /home/airflow/.local/lib/python3.12/site-packages/airflow/example_dags/example_latest_only.py
[2025-03-27T10:07:11.868+0000] {logging_mixin.py:190} INFO - [2025-03-27T10:07:11.868+0000] {dag.py:3239} INFO - Sync 1 DAGs
[2025-03-27T10:07:11.880+0000] {logging_mixin.py:190} INFO - [2025-03-27T10:07:11.880+0000] {dag.py:4180} INFO - Setting next_dagrun for latest_only to 2025-03-27 04:00:00+00:00, run_after=2025-03-27 08:00:00+00:00
[2025-03-27T10:07:11.890+0000] {processor.py:208} INFO - Processing /home/airflow/.local/lib/python3.12/site-packages/airflow/example_dags/example_latest_only.py took 0.048 seconds
[2025-03-27T10:07:42.986+0000] {processor.py:186} INFO - Started process (PID=348) to work on /home/airflow/.local/lib/python3.12/site-packages/airflow/example_dags/example_latest_only.py
[2025-03-27T10:07:42.987+0000] {processor.py:914} INFO - Processing file /home/airflow/.local/lib/python3.12/site-packages/airflow/example_dags/example_latest_only.py for tasks to queue
[2025-03-27T10:07:42.988+0000] {logging_mixin.py:190} INFO - [2025-03-27T10:07:42.988+0000] {dagbag.py:588} INFO - Filling up the DagBag from /home/airflow/.local/lib/python3.12/site-packages/airflow/example_dags/example_latest_only.py
[2025-03-27T10:07:42.991+0000] {processor.py:925} INFO - DAG(s) 'latest_only' retrieved from /home/airflow/.local/lib/python3.12/site-packages/airflow/example_dags/example_latest_only.py
[2025-03-27T10:07:43.000+0000] {logging_mixin.py:190} INFO - [2025-03-27T10:07:43.000+0000] {dag.py:3239} INFO - Sync 1 DAGs
[2025-03-27T10:07:43.011+0000] {logging_mixin.py:190} INFO - [2025-03-27T10:07:43.011+0000] {dag.py:4180} INFO - Setting next_dagrun for latest_only to 2025-03-27 04:00:00+00:00, run_after=2025-03-27 08:00:00+00:00
[2025-03-27T10:07:43.019+0000] {processor.py:208} INFO - Processing /home/airflow/.local/lib/python3.12/site-packages/airflow/example_dags/example_latest_only.py took 0.036 seconds
[2025-03-27T10:08:13.784+0000] {processor.py:186} INFO - Started process (PID=410) to work on /home/airflow/.local/lib/python3.12/site-packages/airflow/example_dags/example_latest_only.py
[2025-03-27T10:08:13.785+0000] {processor.py:914} INFO - Processing file /home/airflow/.local/lib/python3.12/site-packages/airflow/example_dags/example_latest_only.py for tasks to queue
[2025-03-27T10:08:13.786+0000] {logging_mixin.py:190} INFO - [2025-03-27T10:08:13.786+0000] {dagbag.py:588} INFO - Filling up the DagBag from /home/airflow/.local/lib/python3.12/site-packages/airflow/example_dags/example_latest_only.py
[2025-03-27T10:08:13.790+0000] {processor.py:925} INFO - DAG(s) 'latest_only' retrieved from /home/airflow/.local/lib/python3.12/site-packages/airflow/example_dags/example_latest_only.py
[2025-03-27T10:08:13.802+0000] {logging_mixin.py:190} INFO - [2025-03-27T10:08:13.801+0000] {dag.py:3239} INFO - Sync 1 DAGs
[2025-03-27T10:08:13.815+0000] {logging_mixin.py:190} INFO - [2025-03-27T10:08:13.815+0000] {dag.py:4180} INFO - Setting next_dagrun for latest_only to 2025-03-27 04:00:00+00:00, run_after=2025-03-27 08:00:00+00:00
[2025-03-27T10:08:13.824+0000] {processor.py:208} INFO - Processing /home/airflow/.local/lib/python3.12/site-packages/airflow/example_dags/example_latest_only.py took 0.044 seconds
[2025-03-27T10:08:44.800+0000] {processor.py:186} INFO - Started process (PID=473) to work on /home/airflow/.local/lib/python3.12/site-packages/airflow/example_dags/example_latest_only.py
[2025-03-27T10:08:44.801+0000] {processor.py:914} INFO - Processing file /home/airflow/.local/lib/python3.12/site-packages/airflow/example_dags/example_latest_only.py for tasks to queue
[2025-03-27T10:08:44.802+0000] {logging_mixin.py:190} INFO - [2025-03-27T10:08:44.802+0000] {dagbag.py:588} INFO - Filling up the DagBag from /home/airflow/.local/lib/python3.12/site-packages/airflow/example_dags/example_latest_only.py
[2025-03-27T10:08:44.806+0000] {processor.py:925} INFO - DAG(s) 'latest_only' retrieved from /home/airflow/.local/lib/python3.12/site-packages/airflow/example_dags/example_latest_only.py
[2025-03-27T10:08:44.820+0000] {logging_mixin.py:190} INFO - [2025-03-27T10:08:44.820+0000] {dag.py:3239} INFO - Sync 1 DAGs
[2025-03-27T10:08:44.831+0000] {logging_mixin.py:190} INFO - [2025-03-27T10:08:44.831+0000] {dag.py:4180} INFO - Setting next_dagrun for latest_only to 2025-03-27 04:00:00+00:00, run_after=2025-03-27 08:00:00+00:00
[2025-03-27T10:08:44.841+0000] {processor.py:208} INFO - Processing /home/airflow/.local/lib/python3.12/site-packages/airflow/example_dags/example_latest_only.py took 0.044 seconds
[2025-03-27T10:09:15.645+0000] {processor.py:186} INFO - Started process (PID=535) to work on /home/airflow/.local/lib/python3.12/site-packages/airflow/example_dags/example_latest_only.py
[2025-03-27T10:09:15.648+0000] {processor.py:914} INFO - Processing file /home/airflow/.local/lib/python3.12/site-packages/airflow/example_dags/example_latest_only.py for tasks to queue
[2025-03-27T10:09:15.649+0000] {logging_mixin.py:190} INFO - [2025-03-27T10:09:15.649+0000] {dagbag.py:588} INFO - Filling up the DagBag from /home/airflow/.local/lib/python3.12/site-packages/airflow/example_dags/example_latest_only.py
[2025-03-27T10:09:15.653+0000] {processor.py:925} INFO - DAG(s) 'latest_only' retrieved from /home/airflow/.local/lib/python3.12/site-packages/airflow/example_dags/example_latest_only.py
[2025-03-27T10:09:15.663+0000] {logging_mixin.py:190} INFO - [2025-03-27T10:09:15.663+0000] {dag.py:3239} INFO - Sync 1 DAGs
[2025-03-27T10:09:15.675+0000] {logging_mixin.py:190} INFO - [2025-03-27T10:09:15.675+0000] {dag.py:4180} INFO - Setting next_dagrun for latest_only to 2025-03-27 04:00:00+00:00, run_after=2025-03-27 08:00:00+00:00
[2025-03-27T10:09:15.684+0000] {processor.py:208} INFO - Processing /home/airflow/.local/lib/python3.12/site-packages/airflow/example_dags/example_latest_only.py took 0.041 seconds
[2025-03-27T10:09:46.477+0000] {processor.py:186} INFO - Started process (PID=598) to work on /home/airflow/.local/lib/python3.12/site-packages/airflow/example_dags/example_latest_only.py
[2025-03-27T10:09:46.478+0000] {processor.py:914} INFO - Processing file /home/airflow/.local/lib/python3.12/site-packages/airflow/example_dags/example_latest_only.py for tasks to queue
[2025-03-27T10:09:46.480+0000] {logging_mixin.py:190} INFO - [2025-03-27T10:09:46.479+0000] {dagbag.py:588} INFO - Filling up the DagBag from /home/airflow/.local/lib/python3.12/site-packages/airflow/example_dags/example_latest_only.py
[2025-03-27T10:09:46.484+0000] {processor.py:925} INFO - DAG(s) 'latest_only' retrieved from /home/airflow/.local/lib/python3.12/site-packages/airflow/example_dags/example_latest_only.py
[2025-03-27T10:09:46.495+0000] {logging_mixin.py:190} INFO - [2025-03-27T10:09:46.495+0000] {dag.py:3239} INFO - Sync 1 DAGs
[2025-03-27T10:09:46.509+0000] {logging_mixin.py:190} INFO - [2025-03-27T10:09:46.509+0000] {dag.py:4180} INFO - Setting next_dagrun for latest_only to 2025-03-27 04:00:00+00:00, run_after=2025-03-27 08:00:00+00:00
[2025-03-27T10:09:46.518+0000] {processor.py:208} INFO - Processing /home/airflow/.local/lib/python3.12/site-packages/airflow/example_dags/example_latest_only.py took 0.044 seconds
[2025-03-27T10:10:17.464+0000] {processor.py:186} INFO - Started process (PID=661) to work on /home/airflow/.local/lib/python3.12/site-packages/airflow/example_dags/example_latest_only.py
[2025-03-27T10:10:17.465+0000] {processor.py:914} INFO - Processing file /home/airflow/.local/lib/python3.12/site-packages/airflow/example_dags/example_latest_only.py for tasks to queue
[2025-03-27T10:10:17.466+0000] {logging_mixin.py:190} INFO - [2025-03-27T10:10:17.466+0000] {dagbag.py:588} INFO - Filling up the DagBag from /home/airflow/.local/lib/python3.12/site-packages/airflow/example_dags/example_latest_only.py
[2025-03-27T10:10:17.471+0000] {processor.py:925} INFO - DAG(s) 'latest_only' retrieved from /home/airflow/.local/lib/python3.12/site-packages/airflow/example_dags/example_latest_only.py
[2025-03-27T10:10:17.483+0000] {logging_mixin.py:190} INFO - [2025-03-27T10:10:17.482+0000] {dag.py:3239} INFO - Sync 1 DAGs
[2025-03-27T10:10:17.500+0000] {logging_mixin.py:190} INFO - [2025-03-27T10:10:17.499+0000] {dag.py:4180} INFO - Setting next_dagrun for latest_only to 2025-03-27 04:00:00+00:00, run_after=2025-03-27 08:00:00+00:00
[2025-03-27T10:10:17.514+0000] {processor.py:208} INFO - Processing /home/airflow/.local/lib/python3.12/site-packages/airflow/example_dags/example_latest_only.py took 0.054 seconds
[2025-03-27T10:10:48.725+0000] {processor.py:186} INFO - Started process (PID=724) to work on /home/airflow/.local/lib/python3.12/site-packages/airflow/example_dags/example_latest_only.py
[2025-03-27T10:10:48.727+0000] {processor.py:914} INFO - Processing file /home/airflow/.local/lib/python3.12/site-packages/airflow/example_dags/example_latest_only.py for tasks to queue
[2025-03-27T10:10:48.729+0000] {logging_mixin.py:190} INFO - [2025-03-27T10:10:48.729+0000] {dagbag.py:588} INFO - Filling up the DagBag from /home/airflow/.local/lib/python3.12/site-packages/airflow/example_dags/example_latest_only.py
[2025-03-27T10:10:48.736+0000] {processor.py:925} INFO - DAG(s) 'latest_only' retrieved from /home/airflow/.local/lib/python3.12/site-packages/airflow/example_dags/example_latest_only.py
[2025-03-27T10:10:48.749+0000] {logging_mixin.py:190} INFO - [2025-03-27T10:10:48.749+0000] {dag.py:3239} INFO - Sync 1 DAGs
[2025-03-27T10:10:48.765+0000] {logging_mixin.py:190} INFO - [2025-03-27T10:10:48.765+0000] {dag.py:4180} INFO - Setting next_dagrun for latest_only to 2025-03-27 04:00:00+00:00, run_after=2025-03-27 08:00:00+00:00
[2025-03-27T10:10:48.778+0000] {processor.py:208} INFO - Processing /home/airflow/.local/lib/python3.12/site-packages/airflow/example_dags/example_latest_only.py took 0.057 seconds
[2025-03-27T10:11:19.682+0000] {processor.py:186} INFO - Started process (PID=787) to work on /home/airflow/.local/lib/python3.12/site-packages/airflow/example_dags/example_latest_only.py
[2025-03-27T10:11:19.685+0000] {processor.py:914} INFO - Processing file /home/airflow/.local/lib/python3.12/site-packages/airflow/example_dags/example_latest_only.py for tasks to queue
[2025-03-27T10:11:19.686+0000] {logging_mixin.py:190} INFO - [2025-03-27T10:11:19.686+0000] {dagbag.py:588} INFO - Filling up the DagBag from /home/airflow/.local/lib/python3.12/site-packages/airflow/example_dags/example_latest_only.py
[2025-03-27T10:11:19.689+0000] {processor.py:925} INFO - DAG(s) 'latest_only' retrieved from /home/airflow/.local/lib/python3.12/site-packages/airflow/example_dags/example_latest_only.py
[2025-03-27T10:11:19.699+0000] {logging_mixin.py:190} INFO - [2025-03-27T10:11:19.698+0000] {dag.py:3239} INFO - Sync 1 DAGs
[2025-03-27T10:11:19.709+0000] {logging_mixin.py:190} INFO - [2025-03-27T10:11:19.709+0000] {dag.py:4180} INFO - Setting next_dagrun for latest_only to 2025-03-27 04:00:00+00:00, run_after=2025-03-27 08:00:00+00:00
[2025-03-27T10:11:19.717+0000] {processor.py:208} INFO - Processing /home/airflow/.local/lib/python3.12/site-packages/airflow/example_dags/example_latest_only.py took 0.039 seconds
[2025-03-27T10:11:50.386+0000] {processor.py:186} INFO - Started process (PID=850) to work on /home/airflow/.local/lib/python3.12/site-packages/airflow/example_dags/example_latest_only.py
[2025-03-27T10:11:50.387+0000] {processor.py:914} INFO - Processing file /home/airflow/.local/lib/python3.12/site-packages/airflow/example_dags/example_latest_only.py for tasks to queue
[2025-03-27T10:11:50.388+0000] {logging_mixin.py:190} INFO - [2025-03-27T10:11:50.388+0000] {dagbag.py:588} INFO - Filling up the DagBag from /home/airflow/.local/lib/python3.12/site-packages/airflow/example_dags/example_latest_only.py
[2025-03-27T10:11:50.391+0000] {processor.py:925} INFO - DAG(s) 'latest_only' retrieved from /home/airflow/.local/lib/python3.12/site-packages/airflow/example_dags/example_latest_only.py
[2025-03-27T10:11:50.400+0000] {logging_mixin.py:190} INFO - [2025-03-27T10:11:50.400+0000] {dag.py:3239} INFO - Sync 1 DAGs
[2025-03-27T10:11:50.410+0000] {logging_mixin.py:190} INFO - [2025-03-27T10:11:50.410+0000] {dag.py:4180} INFO - Setting next_dagrun for latest_only to 2025-03-27 04:00:00+00:00, run_after=2025-03-27 08:00:00+00:00
[2025-03-27T10:11:50.417+0000] {processor.py:208} INFO - Processing /home/airflow/.local/lib/python3.12/site-packages/airflow/example_dags/example_latest_only.py took 0.033 seconds
[2025-03-27T10:12:21.214+0000] {processor.py:186} INFO - Started process (PID=913) to work on /home/airflow/.local/lib/python3.12/site-packages/airflow/example_dags/example_latest_only.py
[2025-03-27T10:12:21.216+0000] {processor.py:914} INFO - Processing file /home/airflow/.local/lib/python3.12/site-packages/airflow/example_dags/example_latest_only.py for tasks to queue
[2025-03-27T10:12:21.218+0000] {logging_mixin.py:190} INFO - [2025-03-27T10:12:21.218+0000] {dagbag.py:588} INFO - Filling up the DagBag from /home/airflow/.local/lib/python3.12/site-packages/airflow/example_dags/example_latest_only.py
[2025-03-27T10:12:21.222+0000] {processor.py:925} INFO - DAG(s) 'latest_only' retrieved from /home/airflow/.local/lib/python3.12/site-packages/airflow/example_dags/example_latest_only.py
[2025-03-27T10:12:21.232+0000] {logging_mixin.py:190} INFO - [2025-03-27T10:12:21.232+0000] {dag.py:3239} INFO - Sync 1 DAGs
[2025-03-27T10:12:21.245+0000] {logging_mixin.py:190} INFO - [2025-03-27T10:12:21.245+0000] {dag.py:4180} INFO - Setting next_dagrun for latest_only to 2025-03-27 04:00:00+00:00, run_after=2025-03-27 08:00:00+00:00
[2025-03-27T10:12:21.253+0000] {processor.py:208} INFO - Processing /home/airflow/.local/lib/python3.12/site-packages/airflow/example_dags/example_latest_only.py took 0.042 seconds
[2025-03-27T10:12:51.982+0000] {processor.py:186} INFO - Started process (PID=976) to work on /home/airflow/.local/lib/python3.12/site-packages/airflow/example_dags/example_latest_only.py
[2025-03-27T10:12:51.982+0000] {processor.py:914} INFO - Processing file /home/airflow/.local/lib/python3.12/site-packages/airflow/example_dags/example_latest_only.py for tasks to queue
[2025-03-27T10:12:51.983+0000] {logging_mixin.py:190} INFO - [2025-03-27T10:12:51.983+0000] {dagbag.py:588} INFO - Filling up the DagBag from /home/airflow/.local/lib/python3.12/site-packages/airflow/example_dags/example_latest_only.py
[2025-03-27T10:12:51.987+0000] {processor.py:925} INFO - DAG(s) 'latest_only' retrieved from /home/airflow/.local/lib/python3.12/site-packages/airflow/example_dags/example_latest_only.py
[2025-03-27T10:12:51.998+0000] {logging_mixin.py:190} INFO - [2025-03-27T10:12:51.997+0000] {dag.py:3239} INFO - Sync 1 DAGs
[2025-03-27T10:12:52.010+0000] {logging_mixin.py:190} INFO - [2025-03-27T10:12:52.010+0000] {dag.py:4180} INFO - Setting next_dagrun for latest_only to 2025-03-27 04:00:00+00:00, run_after=2025-03-27 08:00:00+00:00
[2025-03-27T10:12:52.021+0000] {processor.py:208} INFO - Processing /home/airflow/.local/lib/python3.12/site-packages/airflow/example_dags/example_latest_only.py took 0.043 seconds
[2025-03-27T10:13:23.199+0000] {processor.py:186} INFO - Started process (PID=1039) to work on /home/airflow/.local/lib/python3.12/site-packages/airflow/example_dags/example_latest_only.py
[2025-03-27T10:13:23.200+0000] {processor.py:914} INFO - Processing file /home/airflow/.local/lib/python3.12/site-packages/airflow/example_dags/example_latest_only.py for tasks to queue
[2025-03-27T10:13:23.201+0000] {logging_mixin.py:190} INFO - [2025-03-27T10:13:23.201+0000] {dagbag.py:588} INFO - Filling up the DagBag from /home/airflow/.local/lib/python3.12/site-packages/airflow/example_dags/example_latest_only.py
[2025-03-27T10:13:23.206+0000] {processor.py:925} INFO - DAG(s) 'latest_only' retrieved from /home/airflow/.local/lib/python3.12/site-packages/airflow/example_dags/example_latest_only.py
[2025-03-27T10:13:23.220+0000] {logging_mixin.py:190} INFO - [2025-03-27T10:13:23.220+0000] {dag.py:3239} INFO - Sync 1 DAGs
[2025-03-27T10:13:23.232+0000] {logging_mixin.py:190} INFO - [2025-03-27T10:13:23.232+0000] {dag.py:4180} INFO - Setting next_dagrun for latest_only to 2025-03-27 04:00:00+00:00, run_after=2025-03-27 08:00:00+00:00
[2025-03-27T10:13:23.241+0000] {processor.py:208} INFO - Processing /home/airflow/.local/lib/python3.12/site-packages/airflow/example_dags/example_latest_only.py took 0.046 seconds
[2025-03-27T10:13:54.322+0000] {processor.py:186} INFO - Started process (PID=1102) to work on /home/airflow/.local/lib/python3.12/site-packages/airflow/example_dags/example_latest_only.py
[2025-03-27T10:13:54.323+0000] {processor.py:914} INFO - Processing file /home/airflow/.local/lib/python3.12/site-packages/airflow/example_dags/example_latest_only.py for tasks to queue
[2025-03-27T10:13:54.326+0000] {logging_mixin.py:190} INFO - [2025-03-27T10:13:54.326+0000] {dagbag.py:588} INFO - Filling up the DagBag from /home/airflow/.local/lib/python3.12/site-packages/airflow/example_dags/example_latest_only.py
[2025-03-27T10:13:54.336+0000] {processor.py:925} INFO - DAG(s) 'latest_only' retrieved from /home/airflow/.local/lib/python3.12/site-packages/airflow/example_dags/example_latest_only.py
[2025-03-27T10:13:54.361+0000] {logging_mixin.py:190} INFO - [2025-03-27T10:13:54.360+0000] {dag.py:3239} INFO - Sync 1 DAGs
[2025-03-27T10:13:54.374+0000] {logging_mixin.py:190} INFO - [2025-03-27T10:13:54.374+0000] {dag.py:4180} INFO - Setting next_dagrun for latest_only to 2025-03-27 04:00:00+00:00, run_after=2025-03-27 08:00:00+00:00
[2025-03-27T10:13:54.388+0000] {processor.py:208} INFO - Processing /home/airflow/.local/lib/python3.12/site-packages/airflow/example_dags/example_latest_only.py took 0.160 seconds
[2025-03-27T10:14:25.072+0000] {processor.py:186} INFO - Started process (PID=1165) to work on /home/airflow/.local/lib/python3.12/site-packages/airflow/example_dags/example_latest_only.py
[2025-03-27T10:14:25.073+0000] {processor.py:914} INFO - Processing file /home/airflow/.local/lib/python3.12/site-packages/airflow/example_dags/example_latest_only.py for tasks to queue
[2025-03-27T10:14:25.074+0000] {logging_mixin.py:190} INFO - [2025-03-27T10:14:25.074+0000] {dagbag.py:588} INFO - Filling up the DagBag from /home/airflow/.local/lib/python3.12/site-packages/airflow/example_dags/example_latest_only.py
[2025-03-27T10:14:25.078+0000] {processor.py:925} INFO - DAG(s) 'latest_only' retrieved from /home/airflow/.local/lib/python3.12/site-packages/airflow/example_dags/example_latest_only.py
[2025-03-27T10:14:25.114+0000] {logging_mixin.py:190} INFO - [2025-03-27T10:14:25.114+0000] {dag.py:3239} INFO - Sync 1 DAGs
[2025-03-27T10:14:25.201+0000] {logging_mixin.py:190} INFO - [2025-03-27T10:14:25.200+0000] {dag.py:4180} INFO - Setting next_dagrun for latest_only to 2025-03-27 04:00:00+00:00, run_after=2025-03-27 08:00:00+00:00
[2025-03-27T10:14:25.215+0000] {processor.py:208} INFO - Processing /home/airflow/.local/lib/python3.12/site-packages/airflow/example_dags/example_latest_only.py took 0.147 seconds
[2025-03-27T10:14:56.310+0000] {processor.py:186} INFO - Started process (PID=1228) to work on /home/airflow/.local/lib/python3.12/site-packages/airflow/example_dags/example_latest_only.py
[2025-03-27T10:14:56.312+0000] {processor.py:914} INFO - Processing file /home/airflow/.local/lib/python3.12/site-packages/airflow/example_dags/example_latest_only.py for tasks to queue
[2025-03-27T10:14:56.313+0000] {logging_mixin.py:190} INFO - [2025-03-27T10:14:56.313+0000] {dagbag.py:588} INFO - Filling up the DagBag from /home/airflow/.local/lib/python3.12/site-packages/airflow/example_dags/example_latest_only.py
[2025-03-27T10:14:56.317+0000] {processor.py:925} INFO - DAG(s) 'latest_only' retrieved from /home/airflow/.local/lib/python3.12/site-packages/airflow/example_dags/example_latest_only.py
[2025-03-27T10:14:56.327+0000] {logging_mixin.py:190} INFO - [2025-03-27T10:14:56.327+0000] {dag.py:3239} INFO - Sync 1 DAGs
[2025-03-27T10:14:56.341+0000] {logging_mixin.py:190} INFO - [2025-03-27T10:14:56.340+0000] {dag.py:4180} INFO - Setting next_dagrun for latest_only to 2025-03-27 04:00:00+00:00, run_after=2025-03-27 08:00:00+00:00
[2025-03-27T10:14:56.350+0000] {processor.py:208} INFO - Processing /home/airflow/.local/lib/python3.12/site-packages/airflow/example_dags/example_latest_only.py took 0.043 seconds
[2025-03-27T10:15:27.016+0000] {processor.py:186} INFO - Started process (PID=1290) to work on /home/airflow/.local/lib/python3.12/site-packages/airflow/example_dags/example_latest_only.py
[2025-03-27T10:15:27.018+0000] {processor.py:914} INFO - Processing file /home/airflow/.local/lib/python3.12/site-packages/airflow/example_dags/example_latest_only.py for tasks to queue
[2025-03-27T10:15:27.020+0000] {logging_mixin.py:190} INFO - [2025-03-27T10:15:27.020+0000] {dagbag.py:588} INFO - Filling up the DagBag from /home/airflow/.local/lib/python3.12/site-packages/airflow/example_dags/example_latest_only.py
[2025-03-27T10:15:27.024+0000] {processor.py:925} INFO - DAG(s) 'latest_only' retrieved from /home/airflow/.local/lib/python3.12/site-packages/airflow/example_dags/example_latest_only.py
[2025-03-27T10:15:27.034+0000] {logging_mixin.py:190} INFO - [2025-03-27T10:15:27.034+0000] {dag.py:3239} INFO - Sync 1 DAGs
[2025-03-27T10:15:27.044+0000] {logging_mixin.py:190} INFO - [2025-03-27T10:15:27.044+0000] {dag.py:4180} INFO - Setting next_dagrun for latest_only to 2025-03-27 04:00:00+00:00, run_after=2025-03-27 08:00:00+00:00
[2025-03-27T10:15:27.053+0000] {processor.py:208} INFO - Processing /home/airflow/.local/lib/python3.12/site-packages/airflow/example_dags/example_latest_only.py took 0.040 seconds
[2025-03-27T10:15:57.967+0000] {processor.py:186} INFO - Started process (PID=1353) to work on /home/airflow/.local/lib/python3.12/site-packages/airflow/example_dags/example_latest_only.py
[2025-03-27T10:15:57.968+0000] {processor.py:914} INFO - Processing file /home/airflow/.local/lib/python3.12/site-packages/airflow/example_dags/example_latest_only.py for tasks to queue
[2025-03-27T10:15:57.970+0000] {logging_mixin.py:190} INFO - [2025-03-27T10:15:57.970+0000] {dagbag.py:588} INFO - Filling up the DagBag from /home/airflow/.local/lib/python3.12/site-packages/airflow/example_dags/example_latest_only.py
[2025-03-27T10:15:57.975+0000] {processor.py:925} INFO - DAG(s) 'latest_only' retrieved from /home/airflow/.local/lib/python3.12/site-packages/airflow/example_dags/example_latest_only.py
[2025-03-27T10:15:57.986+0000] {logging_mixin.py:190} INFO - [2025-03-27T10:15:57.985+0000] {dag.py:3239} INFO - Sync 1 DAGs
[2025-03-27T10:15:57.996+0000] {logging_mixin.py:190} INFO - [2025-03-27T10:15:57.996+0000] {dag.py:4180} INFO - Setting next_dagrun for latest_only to 2025-03-27 04:00:00+00:00, run_after=2025-03-27 08:00:00+00:00
[2025-03-27T10:15:58.008+0000] {processor.py:208} INFO - Processing /home/airflow/.local/lib/python3.12/site-packages/airflow/example_dags/example_latest_only.py took 0.044 seconds
[2025-03-27T10:16:29.191+0000] {processor.py:186} INFO - Started process (PID=1416) to work on /home/airflow/.local/lib/python3.12/site-packages/airflow/example_dags/example_latest_only.py
[2025-03-27T10:16:29.192+0000] {processor.py:914} INFO - Processing file /home/airflow/.local/lib/python3.12/site-packages/airflow/example_dags/example_latest_only.py for tasks to queue
[2025-03-27T10:16:29.193+0000] {logging_mixin.py:190} INFO - [2025-03-27T10:16:29.193+0000] {dagbag.py:588} INFO - Filling up the DagBag from /home/airflow/.local/lib/python3.12/site-packages/airflow/example_dags/example_latest_only.py
[2025-03-27T10:16:29.197+0000] {processor.py:925} INFO - DAG(s) 'latest_only' retrieved from /home/airflow/.local/lib/python3.12/site-packages/airflow/example_dags/example_latest_only.py
[2025-03-27T10:16:29.205+0000] {logging_mixin.py:190} INFO - [2025-03-27T10:16:29.205+0000] {dag.py:3239} INFO - Sync 1 DAGs
[2025-03-27T10:16:29.215+0000] {logging_mixin.py:190} INFO - [2025-03-27T10:16:29.214+0000] {dag.py:4180} INFO - Setting next_dagrun for latest_only to 2025-03-27 04:00:00+00:00, run_after=2025-03-27 08:00:00+00:00
[2025-03-27T10:16:29.222+0000] {processor.py:208} INFO - Processing /home/airflow/.local/lib/python3.12/site-packages/airflow/example_dags/example_latest_only.py took 0.033 seconds
[2025-03-27T10:17:00.105+0000] {processor.py:186} INFO - Started process (PID=1479) to work on /home/airflow/.local/lib/python3.12/site-packages/airflow/example_dags/example_latest_only.py
[2025-03-27T10:17:00.105+0000] {processor.py:914} INFO - Processing file /home/airflow/.local/lib/python3.12/site-packages/airflow/example_dags/example_latest_only.py for tasks to queue
[2025-03-27T10:17:00.107+0000] {logging_mixin.py:190} INFO - [2025-03-27T10:17:00.107+0000] {dagbag.py:588} INFO - Filling up the DagBag from /home/airflow/.local/lib/python3.12/site-packages/airflow/example_dags/example_latest_only.py
[2025-03-27T10:17:00.111+0000] {processor.py:925} INFO - DAG(s) 'latest_only' retrieved from /home/airflow/.local/lib/python3.12/site-packages/airflow/example_dags/example_latest_only.py
[2025-03-27T10:17:00.121+0000] {logging_mixin.py:190} INFO - [2025-03-27T10:17:00.121+0000] {dag.py:3239} INFO - Sync 1 DAGs
[2025-03-27T10:17:00.132+0000] {logging_mixin.py:190} INFO - [2025-03-27T10:17:00.132+0000] {dag.py:4180} INFO - Setting next_dagrun for latest_only to 2025-03-27 04:00:00+00:00, run_after=2025-03-27 08:00:00+00:00
[2025-03-27T10:17:00.141+0000] {processor.py:208} INFO - Processing /home/airflow/.local/lib/python3.12/site-packages/airflow/example_dags/example_latest_only.py took 0.039 seconds
[2025-03-27T10:17:30.953+0000] {processor.py:186} INFO - Started process (PID=1542) to work on /home/airflow/.local/lib/python3.12/site-packages/airflow/example_dags/example_latest_only.py
[2025-03-27T10:17:30.953+0000] {processor.py:914} INFO - Processing file /home/airflow/.local/lib/python3.12/site-packages/airflow/example_dags/example_latest_only.py for tasks to queue
[2025-03-27T10:17:30.955+0000] {logging_mixin.py:190} INFO - [2025-03-27T10:17:30.955+0000] {dagbag.py:588} INFO - Filling up the DagBag from /home/airflow/.local/lib/python3.12/site-packages/airflow/example_dags/example_latest_only.py
[2025-03-27T10:17:30.961+0000] {processor.py:925} INFO - DAG(s) 'latest_only' retrieved from /home/airflow/.local/lib/python3.12/site-packages/airflow/example_dags/example_latest_only.py
[2025-03-27T10:17:30.975+0000] {logging_mixin.py:190} INFO - [2025-03-27T10:17:30.974+0000] {dag.py:3239} INFO - Sync 1 DAGs
[2025-03-27T10:17:30.989+0000] {logging_mixin.py:190} INFO - [2025-03-27T10:17:30.989+0000] {dag.py:4180} INFO - Setting next_dagrun for latest_only to 2025-03-27 04:00:00+00:00, run_after=2025-03-27 08:00:00+00:00
[2025-03-27T10:17:30.999+0000] {processor.py:208} INFO - Processing /home/airflow/.local/lib/python3.12/site-packages/airflow/example_dags/example_latest_only.py took 0.050 seconds
[2025-03-27T10:18:01.959+0000] {processor.py:186} INFO - Started process (PID=1605) to work on /home/airflow/.local/lib/python3.12/site-packages/airflow/example_dags/example_latest_only.py
[2025-03-27T10:18:01.961+0000] {processor.py:914} INFO - Processing file /home/airflow/.local/lib/python3.12/site-packages/airflow/example_dags/example_latest_only.py for tasks to queue
[2025-03-27T10:18:01.962+0000] {logging_mixin.py:190} INFO - [2025-03-27T10:18:01.962+0000] {dagbag.py:588} INFO - Filling up the DagBag from /home/airflow/.local/lib/python3.12/site-packages/airflow/example_dags/example_latest_only.py
[2025-03-27T10:18:01.966+0000] {processor.py:925} INFO - DAG(s) 'latest_only' retrieved from /home/airflow/.local/lib/python3.12/site-packages/airflow/example_dags/example_latest_only.py
[2025-03-27T10:18:01.975+0000] {logging_mixin.py:190} INFO - [2025-03-27T10:18:01.975+0000] {dag.py:3239} INFO - Sync 1 DAGs
[2025-03-27T10:18:01.987+0000] {logging_mixin.py:190} INFO - [2025-03-27T10:18:01.987+0000] {dag.py:4180} INFO - Setting next_dagrun for latest_only to 2025-03-27 04:00:00+00:00, run_after=2025-03-27 08:00:00+00:00
[2025-03-27T10:18:01.997+0000] {processor.py:208} INFO - Processing /home/airflow/.local/lib/python3.12/site-packages/airflow/example_dags/example_latest_only.py took 0.041 seconds
