[2025-03-27T10:05:38.396+0000] {processor.py:186} INFO - Started process (PID=91) to work on /home/airflow/.local/lib/python3.12/site-packages/airflow/example_dags/example_dataset_alias.py
[2025-03-27T10:05:38.396+0000] {processor.py:914} INFO - Processing file /home/airflow/.local/lib/python3.12/site-packages/airflow/example_dags/example_dataset_alias.py for tasks to queue
[2025-03-27T10:05:38.398+0000] {logging_mixin.py:190} INFO - [2025-03-27T10:05:38.397+0000] {dagbag.py:588} INFO - Filling up the DagBag from /home/airflow/.local/lib/python3.12/site-packages/airflow/example_dags/example_dataset_alias.py
[2025-03-27T10:05:38.719+0000] {processor.py:925} INFO - DAG(s) 'dataset_s3_bucket_consumer', 'dataset_alias_example_alias_consumer', 'dataset_alias_example_alias_producer', 'dataset_s3_bucket_producer' retrieved from /home/airflow/.local/lib/python3.12/site-packages/airflow/example_dags/example_dataset_alias.py
[2025-03-27T10:05:38.762+0000] {logging_mixin.py:190} INFO - [2025-03-27T10:05:38.761+0000] {override.py:1912} INFO - Created Permission View: can read on DAG:dataset_s3_bucket_consumer
[2025-03-27T10:05:38.767+0000] {logging_mixin.py:190} INFO - [2025-03-27T10:05:38.766+0000] {override.py:1912} INFO - Created Permission View: can delete on DAG:dataset_s3_bucket_consumer
[2025-03-27T10:05:38.770+0000] {logging_mixin.py:190} INFO - [2025-03-27T10:05:38.769+0000] {override.py:1912} INFO - Created Permission View: can edit on DAG:dataset_s3_bucket_consumer
[2025-03-27T10:05:38.772+0000] {logging_mixin.py:190} INFO - [2025-03-27T10:05:38.772+0000] {override.py:1912} INFO - Created Permission View: can read on DAG Run:dataset_s3_bucket_consumer
[2025-03-27T10:05:38.775+0000] {logging_mixin.py:190} INFO - [2025-03-27T10:05:38.775+0000] {override.py:1912} INFO - Created Permission View: can delete on DAG Run:dataset_s3_bucket_consumer
[2025-03-27T10:05:38.777+0000] {logging_mixin.py:190} INFO - [2025-03-27T10:05:38.777+0000] {override.py:1912} INFO - Created Permission View: can create on DAG Run:dataset_s3_bucket_consumer
[2025-03-27T10:05:38.780+0000] {logging_mixin.py:190} INFO - [2025-03-27T10:05:38.780+0000] {override.py:1912} INFO - Created Permission View: menu access on DAG Run:dataset_s3_bucket_consumer
[2025-03-27T10:05:38.785+0000] {logging_mixin.py:190} INFO - [2025-03-27T10:05:38.785+0000] {override.py:1912} INFO - Created Permission View: can read on DAG:dataset_alias_example_alias_consumer
[2025-03-27T10:05:38.788+0000] {logging_mixin.py:190} INFO - [2025-03-27T10:05:38.788+0000] {override.py:1912} INFO - Created Permission View: can delete on DAG:dataset_alias_example_alias_consumer
[2025-03-27T10:05:38.791+0000] {logging_mixin.py:190} INFO - [2025-03-27T10:05:38.791+0000] {override.py:1912} INFO - Created Permission View: can edit on DAG:dataset_alias_example_alias_consumer
[2025-03-27T10:05:38.794+0000] {logging_mixin.py:190} INFO - [2025-03-27T10:05:38.794+0000] {override.py:1912} INFO - Created Permission View: can read on DAG Run:dataset_alias_example_alias_consumer
[2025-03-27T10:05:38.796+0000] {logging_mixin.py:190} INFO - [2025-03-27T10:05:38.796+0000] {override.py:1912} INFO - Created Permission View: can delete on DAG Run:dataset_alias_example_alias_consumer
[2025-03-27T10:05:38.799+0000] {logging_mixin.py:190} INFO - [2025-03-27T10:05:38.799+0000] {override.py:1912} INFO - Created Permission View: can create on DAG Run:dataset_alias_example_alias_consumer
[2025-03-27T10:05:38.802+0000] {logging_mixin.py:190} INFO - [2025-03-27T10:05:38.801+0000] {override.py:1912} INFO - Created Permission View: menu access on DAG Run:dataset_alias_example_alias_consumer
[2025-03-27T10:05:38.807+0000] {logging_mixin.py:190} INFO - [2025-03-27T10:05:38.807+0000] {override.py:1912} INFO - Created Permission View: can read on DAG:dataset_alias_example_alias_producer
[2025-03-27T10:05:38.810+0000] {logging_mixin.py:190} INFO - [2025-03-27T10:05:38.810+0000] {override.py:1912} INFO - Created Permission View: can delete on DAG:dataset_alias_example_alias_producer
[2025-03-27T10:05:38.813+0000] {logging_mixin.py:190} INFO - [2025-03-27T10:05:38.813+0000] {override.py:1912} INFO - Created Permission View: can edit on DAG:dataset_alias_example_alias_producer
[2025-03-27T10:05:38.815+0000] {logging_mixin.py:190} INFO - [2025-03-27T10:05:38.815+0000] {override.py:1912} INFO - Created Permission View: can read on DAG Run:dataset_alias_example_alias_producer
[2025-03-27T10:05:38.818+0000] {logging_mixin.py:190} INFO - [2025-03-27T10:05:38.818+0000] {override.py:1912} INFO - Created Permission View: can delete on DAG Run:dataset_alias_example_alias_producer
[2025-03-27T10:05:38.820+0000] {logging_mixin.py:190} INFO - [2025-03-27T10:05:38.820+0000] {override.py:1912} INFO - Created Permission View: can create on DAG Run:dataset_alias_example_alias_producer
[2025-03-27T10:05:38.823+0000] {logging_mixin.py:190} INFO - [2025-03-27T10:05:38.823+0000] {override.py:1912} INFO - Created Permission View: menu access on DAG Run:dataset_alias_example_alias_producer
[2025-03-27T10:05:38.830+0000] {logging_mixin.py:190} INFO - [2025-03-27T10:05:38.830+0000] {override.py:1912} INFO - Created Permission View: can read on DAG:dataset_s3_bucket_producer
[2025-03-27T10:05:38.833+0000] {logging_mixin.py:190} INFO - [2025-03-27T10:05:38.833+0000] {override.py:1912} INFO - Created Permission View: can delete on DAG:dataset_s3_bucket_producer
[2025-03-27T10:05:38.835+0000] {logging_mixin.py:190} INFO - [2025-03-27T10:05:38.835+0000] {override.py:1912} INFO - Created Permission View: can edit on DAG:dataset_s3_bucket_producer
[2025-03-27T10:05:38.838+0000] {logging_mixin.py:190} INFO - [2025-03-27T10:05:38.838+0000] {override.py:1912} INFO - Created Permission View: can read on DAG Run:dataset_s3_bucket_producer
[2025-03-27T10:05:38.841+0000] {logging_mixin.py:190} INFO - [2025-03-27T10:05:38.841+0000] {override.py:1912} INFO - Created Permission View: can delete on DAG Run:dataset_s3_bucket_producer
[2025-03-27T10:05:38.843+0000] {logging_mixin.py:190} INFO - [2025-03-27T10:05:38.843+0000] {override.py:1912} INFO - Created Permission View: can create on DAG Run:dataset_s3_bucket_producer
[2025-03-27T10:05:38.846+0000] {logging_mixin.py:190} INFO - [2025-03-27T10:05:38.846+0000] {override.py:1912} INFO - Created Permission View: menu access on DAG Run:dataset_s3_bucket_producer
[2025-03-27T10:05:38.846+0000] {logging_mixin.py:190} INFO - [2025-03-27T10:05:38.846+0000] {dag.py:3239} INFO - Sync 4 DAGs
[2025-03-27T10:05:38.852+0000] {logging_mixin.py:190} INFO - [2025-03-27T10:05:38.852+0000] {dag.py:3262} INFO - Creating ORM DAG for dataset_alias_example_alias_producer
[2025-03-27T10:05:38.852+0000] {logging_mixin.py:190} INFO - [2025-03-27T10:05:38.852+0000] {dag.py:3262} INFO - Creating ORM DAG for dataset_alias_example_alias_consumer
[2025-03-27T10:05:38.853+0000] {logging_mixin.py:190} INFO - [2025-03-27T10:05:38.852+0000] {dag.py:3262} INFO - Creating ORM DAG for dataset_s3_bucket_consumer
[2025-03-27T10:05:38.853+0000] {logging_mixin.py:190} INFO - [2025-03-27T10:05:38.853+0000] {dag.py:3262} INFO - Creating ORM DAG for dataset_s3_bucket_producer
[2025-03-27T10:05:38.858+0000] {logging_mixin.py:190} INFO - [2025-03-27T10:05:38.858+0000] {dag.py:4180} INFO - Setting next_dagrun for dataset_alias_example_alias_consumer to None, run_after=None
[2025-03-27T10:05:38.858+0000] {logging_mixin.py:190} INFO - [2025-03-27T10:05:38.858+0000] {dag.py:4180} INFO - Setting next_dagrun for dataset_alias_example_alias_producer to None, run_after=None
[2025-03-27T10:05:38.859+0000] {logging_mixin.py:190} INFO - [2025-03-27T10:05:38.859+0000] {dag.py:4180} INFO - Setting next_dagrun for dataset_s3_bucket_consumer to None, run_after=None
[2025-03-27T10:05:38.859+0000] {logging_mixin.py:190} INFO - [2025-03-27T10:05:38.859+0000] {dag.py:4180} INFO - Setting next_dagrun for dataset_s3_bucket_producer to None, run_after=None
[2025-03-27T10:05:38.872+0000] {processor.py:208} INFO - Processing /home/airflow/.local/lib/python3.12/site-packages/airflow/example_dags/example_dataset_alias.py took 0.481 seconds
[2025-03-27T10:06:09.231+0000] {processor.py:186} INFO - Started process (PID=154) to work on /home/airflow/.local/lib/python3.12/site-packages/airflow/example_dags/example_dataset_alias.py
[2025-03-27T10:06:09.234+0000] {processor.py:914} INFO - Processing file /home/airflow/.local/lib/python3.12/site-packages/airflow/example_dags/example_dataset_alias.py for tasks to queue
[2025-03-27T10:06:09.236+0000] {logging_mixin.py:190} INFO - [2025-03-27T10:06:09.236+0000] {dagbag.py:588} INFO - Filling up the DagBag from /home/airflow/.local/lib/python3.12/site-packages/airflow/example_dags/example_dataset_alias.py
[2025-03-27T10:06:09.539+0000] {processor.py:925} INFO - DAG(s) 'dataset_s3_bucket_producer', 'dataset_s3_bucket_consumer', 'dataset_alias_example_alias_producer', 'dataset_alias_example_alias_consumer' retrieved from /home/airflow/.local/lib/python3.12/site-packages/airflow/example_dags/example_dataset_alias.py
[2025-03-27T10:06:09.550+0000] {logging_mixin.py:190} INFO - [2025-03-27T10:06:09.550+0000] {dag.py:3239} INFO - Sync 4 DAGs
[2025-03-27T10:06:09.562+0000] {logging_mixin.py:190} INFO - [2025-03-27T10:06:09.562+0000] {dag.py:4180} INFO - Setting next_dagrun for dataset_alias_example_alias_consumer to None, run_after=None
[2025-03-27T10:06:09.563+0000] {logging_mixin.py:190} INFO - [2025-03-27T10:06:09.563+0000] {dag.py:4180} INFO - Setting next_dagrun for dataset_alias_example_alias_producer to None, run_after=None
[2025-03-27T10:06:09.564+0000] {logging_mixin.py:190} INFO - [2025-03-27T10:06:09.564+0000] {dag.py:4180} INFO - Setting next_dagrun for dataset_s3_bucket_consumer to None, run_after=None
[2025-03-27T10:06:09.564+0000] {logging_mixin.py:190} INFO - [2025-03-27T10:06:09.564+0000] {dag.py:4180} INFO - Setting next_dagrun for dataset_s3_bucket_producer to None, run_after=None
[2025-03-27T10:06:09.574+0000] {processor.py:208} INFO - Processing /home/airflow/.local/lib/python3.12/site-packages/airflow/example_dags/example_dataset_alias.py took 0.347 seconds
[2025-03-27T10:06:40.338+0000] {processor.py:186} INFO - Started process (PID=217) to work on /home/airflow/.local/lib/python3.12/site-packages/airflow/example_dags/example_dataset_alias.py
[2025-03-27T10:06:40.339+0000] {processor.py:914} INFO - Processing file /home/airflow/.local/lib/python3.12/site-packages/airflow/example_dags/example_dataset_alias.py for tasks to queue
[2025-03-27T10:06:40.341+0000] {logging_mixin.py:190} INFO - [2025-03-27T10:06:40.341+0000] {dagbag.py:588} INFO - Filling up the DagBag from /home/airflow/.local/lib/python3.12/site-packages/airflow/example_dags/example_dataset_alias.py
[2025-03-27T10:06:40.691+0000] {processor.py:925} INFO - DAG(s) 'dataset_s3_bucket_producer', 'dataset_s3_bucket_consumer', 'dataset_alias_example_alias_producer', 'dataset_alias_example_alias_consumer' retrieved from /home/airflow/.local/lib/python3.12/site-packages/airflow/example_dags/example_dataset_alias.py
[2025-03-27T10:06:40.705+0000] {logging_mixin.py:190} INFO - [2025-03-27T10:06:40.704+0000] {dag.py:3239} INFO - Sync 4 DAGs
[2025-03-27T10:06:40.722+0000] {logging_mixin.py:190} INFO - [2025-03-27T10:06:40.722+0000] {dag.py:4180} INFO - Setting next_dagrun for dataset_alias_example_alias_consumer to None, run_after=None
[2025-03-27T10:06:40.724+0000] {logging_mixin.py:190} INFO - [2025-03-27T10:06:40.724+0000] {dag.py:4180} INFO - Setting next_dagrun for dataset_alias_example_alias_producer to None, run_after=None
[2025-03-27T10:06:40.725+0000] {logging_mixin.py:190} INFO - [2025-03-27T10:06:40.725+0000] {dag.py:4180} INFO - Setting next_dagrun for dataset_s3_bucket_consumer to None, run_after=None
[2025-03-27T10:06:40.725+0000] {logging_mixin.py:190} INFO - [2025-03-27T10:06:40.725+0000] {dag.py:4180} INFO - Setting next_dagrun for dataset_s3_bucket_producer to None, run_after=None
[2025-03-27T10:06:40.737+0000] {processor.py:208} INFO - Processing /home/airflow/.local/lib/python3.12/site-packages/airflow/example_dags/example_dataset_alias.py took 0.402 seconds
[2025-03-27T10:07:11.306+0000] {processor.py:186} INFO - Started process (PID=280) to work on /home/airflow/.local/lib/python3.12/site-packages/airflow/example_dags/example_dataset_alias.py
[2025-03-27T10:07:11.307+0000] {processor.py:914} INFO - Processing file /home/airflow/.local/lib/python3.12/site-packages/airflow/example_dags/example_dataset_alias.py for tasks to queue
[2025-03-27T10:07:11.308+0000] {logging_mixin.py:190} INFO - [2025-03-27T10:07:11.308+0000] {dagbag.py:588} INFO - Filling up the DagBag from /home/airflow/.local/lib/python3.12/site-packages/airflow/example_dags/example_dataset_alias.py
[2025-03-27T10:07:11.686+0000] {processor.py:925} INFO - DAG(s) 'dataset_alias_example_alias_consumer', 'dataset_s3_bucket_consumer', 'dataset_alias_example_alias_producer', 'dataset_s3_bucket_producer' retrieved from /home/airflow/.local/lib/python3.12/site-packages/airflow/example_dags/example_dataset_alias.py
[2025-03-27T10:07:11.701+0000] {logging_mixin.py:190} INFO - [2025-03-27T10:07:11.700+0000] {dag.py:3239} INFO - Sync 4 DAGs
[2025-03-27T10:07:11.715+0000] {logging_mixin.py:190} INFO - [2025-03-27T10:07:11.715+0000] {dag.py:4180} INFO - Setting next_dagrun for dataset_alias_example_alias_consumer to None, run_after=None
[2025-03-27T10:07:11.717+0000] {logging_mixin.py:190} INFO - [2025-03-27T10:07:11.717+0000] {dag.py:4180} INFO - Setting next_dagrun for dataset_alias_example_alias_producer to None, run_after=None
[2025-03-27T10:07:11.718+0000] {logging_mixin.py:190} INFO - [2025-03-27T10:07:11.718+0000] {dag.py:4180} INFO - Setting next_dagrun for dataset_s3_bucket_consumer to None, run_after=None
[2025-03-27T10:07:11.719+0000] {logging_mixin.py:190} INFO - [2025-03-27T10:07:11.719+0000] {dag.py:4180} INFO - Setting next_dagrun for dataset_s3_bucket_producer to None, run_after=None
[2025-03-27T10:07:11.729+0000] {processor.py:208} INFO - Processing /home/airflow/.local/lib/python3.12/site-packages/airflow/example_dags/example_dataset_alias.py took 0.429 seconds
[2025-03-27T10:07:42.513+0000] {processor.py:186} INFO - Started process (PID=343) to work on /home/airflow/.local/lib/python3.12/site-packages/airflow/example_dags/example_dataset_alias.py
[2025-03-27T10:07:42.515+0000] {processor.py:914} INFO - Processing file /home/airflow/.local/lib/python3.12/site-packages/airflow/example_dags/example_dataset_alias.py for tasks to queue
[2025-03-27T10:07:42.516+0000] {logging_mixin.py:190} INFO - [2025-03-27T10:07:42.516+0000] {dagbag.py:588} INFO - Filling up the DagBag from /home/airflow/.local/lib/python3.12/site-packages/airflow/example_dags/example_dataset_alias.py
[2025-03-27T10:07:42.830+0000] {processor.py:925} INFO - DAG(s) 'dataset_alias_example_alias_producer', 'dataset_s3_bucket_consumer', 'dataset_s3_bucket_producer', 'dataset_alias_example_alias_consumer' retrieved from /home/airflow/.local/lib/python3.12/site-packages/airflow/example_dags/example_dataset_alias.py
[2025-03-27T10:07:42.841+0000] {logging_mixin.py:190} INFO - [2025-03-27T10:07:42.841+0000] {dag.py:3239} INFO - Sync 4 DAGs
[2025-03-27T10:07:42.853+0000] {logging_mixin.py:190} INFO - [2025-03-27T10:07:42.852+0000] {dag.py:4180} INFO - Setting next_dagrun for dataset_alias_example_alias_consumer to None, run_after=None
[2025-03-27T10:07:42.855+0000] {logging_mixin.py:190} INFO - [2025-03-27T10:07:42.855+0000] {dag.py:4180} INFO - Setting next_dagrun for dataset_alias_example_alias_producer to None, run_after=None
[2025-03-27T10:07:42.856+0000] {logging_mixin.py:190} INFO - [2025-03-27T10:07:42.856+0000] {dag.py:4180} INFO - Setting next_dagrun for dataset_s3_bucket_consumer to None, run_after=None
[2025-03-27T10:07:42.857+0000] {logging_mixin.py:190} INFO - [2025-03-27T10:07:42.856+0000] {dag.py:4180} INFO - Setting next_dagrun for dataset_s3_bucket_producer to None, run_after=None
[2025-03-27T10:07:42.866+0000] {processor.py:208} INFO - Processing /home/airflow/.local/lib/python3.12/site-packages/airflow/example_dags/example_dataset_alias.py took 0.357 seconds
[2025-03-27T10:08:13.303+0000] {processor.py:186} INFO - Started process (PID=405) to work on /home/airflow/.local/lib/python3.12/site-packages/airflow/example_dags/example_dataset_alias.py
[2025-03-27T10:08:13.304+0000] {processor.py:914} INFO - Processing file /home/airflow/.local/lib/python3.12/site-packages/airflow/example_dags/example_dataset_alias.py for tasks to queue
[2025-03-27T10:08:13.307+0000] {logging_mixin.py:190} INFO - [2025-03-27T10:08:13.307+0000] {dagbag.py:588} INFO - Filling up the DagBag from /home/airflow/.local/lib/python3.12/site-packages/airflow/example_dags/example_dataset_alias.py
[2025-03-27T10:08:13.643+0000] {processor.py:925} INFO - DAG(s) 'dataset_alias_example_alias_producer', 'dataset_s3_bucket_consumer', 'dataset_alias_example_alias_consumer', 'dataset_s3_bucket_producer' retrieved from /home/airflow/.local/lib/python3.12/site-packages/airflow/example_dags/example_dataset_alias.py
[2025-03-27T10:08:13.655+0000] {logging_mixin.py:190} INFO - [2025-03-27T10:08:13.654+0000] {dag.py:3239} INFO - Sync 4 DAGs
[2025-03-27T10:08:13.673+0000] {logging_mixin.py:190} INFO - [2025-03-27T10:08:13.673+0000] {dag.py:4180} INFO - Setting next_dagrun for dataset_alias_example_alias_consumer to None, run_after=None
[2025-03-27T10:08:13.675+0000] {logging_mixin.py:190} INFO - [2025-03-27T10:08:13.675+0000] {dag.py:4180} INFO - Setting next_dagrun for dataset_alias_example_alias_producer to None, run_after=None
[2025-03-27T10:08:13.679+0000] {logging_mixin.py:190} INFO - [2025-03-27T10:08:13.679+0000] {dag.py:4180} INFO - Setting next_dagrun for dataset_s3_bucket_consumer to None, run_after=None
[2025-03-27T10:08:13.680+0000] {logging_mixin.py:190} INFO - [2025-03-27T10:08:13.680+0000] {dag.py:4180} INFO - Setting next_dagrun for dataset_s3_bucket_producer to None, run_after=None
[2025-03-27T10:08:13.693+0000] {processor.py:208} INFO - Processing /home/airflow/.local/lib/python3.12/site-packages/airflow/example_dags/example_dataset_alias.py took 0.397 seconds
[2025-03-27T10:08:44.318+0000] {processor.py:186} INFO - Started process (PID=468) to work on /home/airflow/.local/lib/python3.12/site-packages/airflow/example_dags/example_dataset_alias.py
[2025-03-27T10:08:44.320+0000] {processor.py:914} INFO - Processing file /home/airflow/.local/lib/python3.12/site-packages/airflow/example_dags/example_dataset_alias.py for tasks to queue
[2025-03-27T10:08:44.323+0000] {logging_mixin.py:190} INFO - [2025-03-27T10:08:44.322+0000] {dagbag.py:588} INFO - Filling up the DagBag from /home/airflow/.local/lib/python3.12/site-packages/airflow/example_dags/example_dataset_alias.py
[2025-03-27T10:08:44.664+0000] {processor.py:925} INFO - DAG(s) 'dataset_s3_bucket_producer', 'dataset_alias_example_alias_consumer', 'dataset_alias_example_alias_producer', 'dataset_s3_bucket_consumer' retrieved from /home/airflow/.local/lib/python3.12/site-packages/airflow/example_dags/example_dataset_alias.py
[2025-03-27T10:08:44.674+0000] {logging_mixin.py:190} INFO - [2025-03-27T10:08:44.674+0000] {dag.py:3239} INFO - Sync 4 DAGs
[2025-03-27T10:08:44.686+0000] {logging_mixin.py:190} INFO - [2025-03-27T10:08:44.686+0000] {dag.py:4180} INFO - Setting next_dagrun for dataset_alias_example_alias_consumer to None, run_after=None
[2025-03-27T10:08:44.688+0000] {logging_mixin.py:190} INFO - [2025-03-27T10:08:44.688+0000] {dag.py:4180} INFO - Setting next_dagrun for dataset_alias_example_alias_producer to None, run_after=None
[2025-03-27T10:08:44.690+0000] {logging_mixin.py:190} INFO - [2025-03-27T10:08:44.690+0000] {dag.py:4180} INFO - Setting next_dagrun for dataset_s3_bucket_consumer to None, run_after=None
[2025-03-27T10:08:44.691+0000] {logging_mixin.py:190} INFO - [2025-03-27T10:08:44.691+0000] {dag.py:4180} INFO - Setting next_dagrun for dataset_s3_bucket_producer to None, run_after=None
[2025-03-27T10:08:44.702+0000] {processor.py:208} INFO - Processing /home/airflow/.local/lib/python3.12/site-packages/airflow/example_dags/example_dataset_alias.py took 0.392 seconds
[2025-03-27T10:09:15.205+0000] {processor.py:186} INFO - Started process (PID=530) to work on /home/airflow/.local/lib/python3.12/site-packages/airflow/example_dags/example_dataset_alias.py
[2025-03-27T10:09:15.206+0000] {processor.py:914} INFO - Processing file /home/airflow/.local/lib/python3.12/site-packages/airflow/example_dags/example_dataset_alias.py for tasks to queue
[2025-03-27T10:09:15.209+0000] {logging_mixin.py:190} INFO - [2025-03-27T10:09:15.209+0000] {dagbag.py:588} INFO - Filling up the DagBag from /home/airflow/.local/lib/python3.12/site-packages/airflow/example_dags/example_dataset_alias.py
[2025-03-27T10:09:15.528+0000] {processor.py:925} INFO - DAG(s) 'dataset_alias_example_alias_consumer', 'dataset_alias_example_alias_producer', 'dataset_s3_bucket_consumer', 'dataset_s3_bucket_producer' retrieved from /home/airflow/.local/lib/python3.12/site-packages/airflow/example_dags/example_dataset_alias.py
[2025-03-27T10:09:15.538+0000] {logging_mixin.py:190} INFO - [2025-03-27T10:09:15.538+0000] {dag.py:3239} INFO - Sync 4 DAGs
[2025-03-27T10:09:15.548+0000] {logging_mixin.py:190} INFO - [2025-03-27T10:09:15.548+0000] {dag.py:4180} INFO - Setting next_dagrun for dataset_alias_example_alias_consumer to None, run_after=None
[2025-03-27T10:09:15.550+0000] {logging_mixin.py:190} INFO - [2025-03-27T10:09:15.550+0000] {dag.py:4180} INFO - Setting next_dagrun for dataset_alias_example_alias_producer to None, run_after=None
[2025-03-27T10:09:15.552+0000] {logging_mixin.py:190} INFO - [2025-03-27T10:09:15.552+0000] {dag.py:4180} INFO - Setting next_dagrun for dataset_s3_bucket_consumer to None, run_after=None
[2025-03-27T10:09:15.553+0000] {logging_mixin.py:190} INFO - [2025-03-27T10:09:15.553+0000] {dag.py:4180} INFO - Setting next_dagrun for dataset_s3_bucket_producer to None, run_after=None
[2025-03-27T10:09:15.562+0000] {processor.py:208} INFO - Processing /home/airflow/.local/lib/python3.12/site-packages/airflow/example_dags/example_dataset_alias.py took 0.363 seconds
[2025-03-27T10:09:46.045+0000] {processor.py:186} INFO - Started process (PID=593) to work on /home/airflow/.local/lib/python3.12/site-packages/airflow/example_dags/example_dataset_alias.py
[2025-03-27T10:09:46.046+0000] {processor.py:914} INFO - Processing file /home/airflow/.local/lib/python3.12/site-packages/airflow/example_dags/example_dataset_alias.py for tasks to queue
[2025-03-27T10:09:46.049+0000] {logging_mixin.py:190} INFO - [2025-03-27T10:09:46.049+0000] {dagbag.py:588} INFO - Filling up the DagBag from /home/airflow/.local/lib/python3.12/site-packages/airflow/example_dags/example_dataset_alias.py
[2025-03-27T10:09:46.352+0000] {processor.py:925} INFO - DAG(s) 'dataset_alias_example_alias_consumer', 'dataset_s3_bucket_producer', 'dataset_s3_bucket_consumer', 'dataset_alias_example_alias_producer' retrieved from /home/airflow/.local/lib/python3.12/site-packages/airflow/example_dags/example_dataset_alias.py
[2025-03-27T10:09:46.362+0000] {logging_mixin.py:190} INFO - [2025-03-27T10:09:46.361+0000] {dag.py:3239} INFO - Sync 4 DAGs
[2025-03-27T10:09:46.374+0000] {logging_mixin.py:190} INFO - [2025-03-27T10:09:46.374+0000] {dag.py:4180} INFO - Setting next_dagrun for dataset_alias_example_alias_consumer to None, run_after=None
[2025-03-27T10:09:46.376+0000] {logging_mixin.py:190} INFO - [2025-03-27T10:09:46.376+0000] {dag.py:4180} INFO - Setting next_dagrun for dataset_alias_example_alias_producer to None, run_after=None
[2025-03-27T10:09:46.378+0000] {logging_mixin.py:190} INFO - [2025-03-27T10:09:46.378+0000] {dag.py:4180} INFO - Setting next_dagrun for dataset_s3_bucket_consumer to None, run_after=None
[2025-03-27T10:09:46.379+0000] {logging_mixin.py:190} INFO - [2025-03-27T10:09:46.379+0000] {dag.py:4180} INFO - Setting next_dagrun for dataset_s3_bucket_producer to None, run_after=None
[2025-03-27T10:09:46.391+0000] {processor.py:208} INFO - Processing /home/airflow/.local/lib/python3.12/site-packages/airflow/example_dags/example_dataset_alias.py took 0.355 seconds
[2025-03-27T10:10:17.027+0000] {processor.py:186} INFO - Started process (PID=656) to work on /home/airflow/.local/lib/python3.12/site-packages/airflow/example_dags/example_dataset_alias.py
[2025-03-27T10:10:17.028+0000] {processor.py:914} INFO - Processing file /home/airflow/.local/lib/python3.12/site-packages/airflow/example_dags/example_dataset_alias.py for tasks to queue
[2025-03-27T10:10:17.030+0000] {logging_mixin.py:190} INFO - [2025-03-27T10:10:17.030+0000] {dagbag.py:588} INFO - Filling up the DagBag from /home/airflow/.local/lib/python3.12/site-packages/airflow/example_dags/example_dataset_alias.py
[2025-03-27T10:10:17.347+0000] {processor.py:925} INFO - DAG(s) 'dataset_alias_example_alias_producer', 'dataset_alias_example_alias_consumer', 'dataset_s3_bucket_consumer', 'dataset_s3_bucket_producer' retrieved from /home/airflow/.local/lib/python3.12/site-packages/airflow/example_dags/example_dataset_alias.py
[2025-03-27T10:10:17.356+0000] {logging_mixin.py:190} INFO - [2025-03-27T10:10:17.356+0000] {dag.py:3239} INFO - Sync 4 DAGs
[2025-03-27T10:10:17.366+0000] {logging_mixin.py:190} INFO - [2025-03-27T10:10:17.366+0000] {dag.py:4180} INFO - Setting next_dagrun for dataset_alias_example_alias_consumer to None, run_after=None
[2025-03-27T10:10:17.367+0000] {logging_mixin.py:190} INFO - [2025-03-27T10:10:17.367+0000] {dag.py:4180} INFO - Setting next_dagrun for dataset_alias_example_alias_producer to None, run_after=None
[2025-03-27T10:10:17.368+0000] {logging_mixin.py:190} INFO - [2025-03-27T10:10:17.368+0000] {dag.py:4180} INFO - Setting next_dagrun for dataset_s3_bucket_consumer to None, run_after=None
[2025-03-27T10:10:17.370+0000] {logging_mixin.py:190} INFO - [2025-03-27T10:10:17.370+0000] {dag.py:4180} INFO - Setting next_dagrun for dataset_s3_bucket_producer to None, run_after=None
[2025-03-27T10:10:17.379+0000] {processor.py:208} INFO - Processing /home/airflow/.local/lib/python3.12/site-packages/airflow/example_dags/example_dataset_alias.py took 0.360 seconds
[2025-03-27T10:10:48.241+0000] {processor.py:186} INFO - Started process (PID=719) to work on /home/airflow/.local/lib/python3.12/site-packages/airflow/example_dags/example_dataset_alias.py
[2025-03-27T10:10:48.242+0000] {processor.py:914} INFO - Processing file /home/airflow/.local/lib/python3.12/site-packages/airflow/example_dags/example_dataset_alias.py for tasks to queue
[2025-03-27T10:10:48.243+0000] {logging_mixin.py:190} INFO - [2025-03-27T10:10:48.243+0000] {dagbag.py:588} INFO - Filling up the DagBag from /home/airflow/.local/lib/python3.12/site-packages/airflow/example_dags/example_dataset_alias.py
[2025-03-27T10:10:48.605+0000] {processor.py:925} INFO - DAG(s) 'dataset_alias_example_alias_consumer', 'dataset_s3_bucket_consumer', 'dataset_s3_bucket_producer', 'dataset_alias_example_alias_producer' retrieved from /home/airflow/.local/lib/python3.12/site-packages/airflow/example_dags/example_dataset_alias.py
[2025-03-27T10:10:48.615+0000] {logging_mixin.py:190} INFO - [2025-03-27T10:10:48.614+0000] {dag.py:3239} INFO - Sync 4 DAGs
[2025-03-27T10:10:48.627+0000] {logging_mixin.py:190} INFO - [2025-03-27T10:10:48.626+0000] {dag.py:4180} INFO - Setting next_dagrun for dataset_alias_example_alias_consumer to None, run_after=None
[2025-03-27T10:10:48.629+0000] {logging_mixin.py:190} INFO - [2025-03-27T10:10:48.629+0000] {dag.py:4180} INFO - Setting next_dagrun for dataset_alias_example_alias_producer to None, run_after=None
[2025-03-27T10:10:48.630+0000] {logging_mixin.py:190} INFO - [2025-03-27T10:10:48.630+0000] {dag.py:4180} INFO - Setting next_dagrun for dataset_s3_bucket_consumer to None, run_after=None
[2025-03-27T10:10:48.631+0000] {logging_mixin.py:190} INFO - [2025-03-27T10:10:48.631+0000] {dag.py:4180} INFO - Setting next_dagrun for dataset_s3_bucket_producer to None, run_after=None
[2025-03-27T10:10:48.640+0000] {processor.py:208} INFO - Processing /home/airflow/.local/lib/python3.12/site-packages/airflow/example_dags/example_dataset_alias.py took 0.402 seconds
[2025-03-27T10:11:19.242+0000] {processor.py:186} INFO - Started process (PID=782) to work on /home/airflow/.local/lib/python3.12/site-packages/airflow/example_dags/example_dataset_alias.py
[2025-03-27T10:11:19.243+0000] {processor.py:914} INFO - Processing file /home/airflow/.local/lib/python3.12/site-packages/airflow/example_dags/example_dataset_alias.py for tasks to queue
[2025-03-27T10:11:19.246+0000] {logging_mixin.py:190} INFO - [2025-03-27T10:11:19.245+0000] {dagbag.py:588} INFO - Filling up the DagBag from /home/airflow/.local/lib/python3.12/site-packages/airflow/example_dags/example_dataset_alias.py
[2025-03-27T10:11:19.543+0000] {processor.py:925} INFO - DAG(s) 'dataset_s3_bucket_producer', 'dataset_alias_example_alias_consumer', 'dataset_alias_example_alias_producer', 'dataset_s3_bucket_consumer' retrieved from /home/airflow/.local/lib/python3.12/site-packages/airflow/example_dags/example_dataset_alias.py
[2025-03-27T10:11:19.552+0000] {logging_mixin.py:190} INFO - [2025-03-27T10:11:19.552+0000] {dag.py:3239} INFO - Sync 4 DAGs
[2025-03-27T10:11:19.561+0000] {logging_mixin.py:190} INFO - [2025-03-27T10:11:19.561+0000] {dag.py:4180} INFO - Setting next_dagrun for dataset_alias_example_alias_consumer to None, run_after=None
[2025-03-27T10:11:19.562+0000] {logging_mixin.py:190} INFO - [2025-03-27T10:11:19.562+0000] {dag.py:4180} INFO - Setting next_dagrun for dataset_alias_example_alias_producer to None, run_after=None
[2025-03-27T10:11:19.564+0000] {logging_mixin.py:190} INFO - [2025-03-27T10:11:19.564+0000] {dag.py:4180} INFO - Setting next_dagrun for dataset_s3_bucket_consumer to None, run_after=None
[2025-03-27T10:11:19.565+0000] {logging_mixin.py:190} INFO - [2025-03-27T10:11:19.565+0000] {dag.py:4180} INFO - Setting next_dagrun for dataset_s3_bucket_producer to None, run_after=None
[2025-03-27T10:11:19.574+0000] {processor.py:208} INFO - Processing /home/airflow/.local/lib/python3.12/site-packages/airflow/example_dags/example_dataset_alias.py took 0.339 seconds
[2025-03-27T10:11:49.940+0000] {processor.py:186} INFO - Started process (PID=845) to work on /home/airflow/.local/lib/python3.12/site-packages/airflow/example_dags/example_dataset_alias.py
[2025-03-27T10:11:49.940+0000] {processor.py:914} INFO - Processing file /home/airflow/.local/lib/python3.12/site-packages/airflow/example_dags/example_dataset_alias.py for tasks to queue
[2025-03-27T10:11:49.942+0000] {logging_mixin.py:190} INFO - [2025-03-27T10:11:49.942+0000] {dagbag.py:588} INFO - Filling up the DagBag from /home/airflow/.local/lib/python3.12/site-packages/airflow/example_dags/example_dataset_alias.py
[2025-03-27T10:11:50.248+0000] {processor.py:925} INFO - DAG(s) 'dataset_s3_bucket_producer', 'dataset_alias_example_alias_consumer', 'dataset_alias_example_alias_producer', 'dataset_s3_bucket_consumer' retrieved from /home/airflow/.local/lib/python3.12/site-packages/airflow/example_dags/example_dataset_alias.py
[2025-03-27T10:11:50.257+0000] {logging_mixin.py:190} INFO - [2025-03-27T10:11:50.257+0000] {dag.py:3239} INFO - Sync 4 DAGs
[2025-03-27T10:11:50.270+0000] {logging_mixin.py:190} INFO - [2025-03-27T10:11:50.270+0000] {dag.py:4180} INFO - Setting next_dagrun for dataset_alias_example_alias_consumer to None, run_after=None
[2025-03-27T10:11:50.272+0000] {logging_mixin.py:190} INFO - [2025-03-27T10:11:50.272+0000] {dag.py:4180} INFO - Setting next_dagrun for dataset_alias_example_alias_producer to None, run_after=None
[2025-03-27T10:11:50.272+0000] {logging_mixin.py:190} INFO - [2025-03-27T10:11:50.272+0000] {dag.py:4180} INFO - Setting next_dagrun for dataset_s3_bucket_consumer to None, run_after=None
[2025-03-27T10:11:50.273+0000] {logging_mixin.py:190} INFO - [2025-03-27T10:11:50.273+0000] {dag.py:4180} INFO - Setting next_dagrun for dataset_s3_bucket_producer to None, run_after=None
[2025-03-27T10:11:50.283+0000] {processor.py:208} INFO - Processing /home/airflow/.local/lib/python3.12/site-packages/airflow/example_dags/example_dataset_alias.py took 0.349 seconds
[2025-03-27T10:12:20.794+0000] {processor.py:186} INFO - Started process (PID=908) to work on /home/airflow/.local/lib/python3.12/site-packages/airflow/example_dags/example_dataset_alias.py
[2025-03-27T10:12:20.795+0000] {processor.py:914} INFO - Processing file /home/airflow/.local/lib/python3.12/site-packages/airflow/example_dags/example_dataset_alias.py for tasks to queue
[2025-03-27T10:12:20.796+0000] {logging_mixin.py:190} INFO - [2025-03-27T10:12:20.796+0000] {dagbag.py:588} INFO - Filling up the DagBag from /home/airflow/.local/lib/python3.12/site-packages/airflow/example_dags/example_dataset_alias.py
[2025-03-27T10:12:21.095+0000] {processor.py:925} INFO - DAG(s) 'dataset_s3_bucket_consumer', 'dataset_alias_example_alias_producer', 'dataset_s3_bucket_producer', 'dataset_alias_example_alias_consumer' retrieved from /home/airflow/.local/lib/python3.12/site-packages/airflow/example_dags/example_dataset_alias.py
[2025-03-27T10:12:21.104+0000] {logging_mixin.py:190} INFO - [2025-03-27T10:12:21.104+0000] {dag.py:3239} INFO - Sync 4 DAGs
[2025-03-27T10:12:21.114+0000] {logging_mixin.py:190} INFO - [2025-03-27T10:12:21.114+0000] {dag.py:4180} INFO - Setting next_dagrun for dataset_alias_example_alias_consumer to None, run_after=None
[2025-03-27T10:12:21.115+0000] {logging_mixin.py:190} INFO - [2025-03-27T10:12:21.115+0000] {dag.py:4180} INFO - Setting next_dagrun for dataset_alias_example_alias_producer to None, run_after=None
[2025-03-27T10:12:21.116+0000] {logging_mixin.py:190} INFO - [2025-03-27T10:12:21.116+0000] {dag.py:4180} INFO - Setting next_dagrun for dataset_s3_bucket_consumer to None, run_after=None
[2025-03-27T10:12:21.117+0000] {logging_mixin.py:190} INFO - [2025-03-27T10:12:21.117+0000] {dag.py:4180} INFO - Setting next_dagrun for dataset_s3_bucket_producer to None, run_after=None
[2025-03-27T10:12:21.127+0000] {processor.py:208} INFO - Processing /home/airflow/.local/lib/python3.12/site-packages/airflow/example_dags/example_dataset_alias.py took 0.337 seconds
[2025-03-27T10:12:51.555+0000] {processor.py:186} INFO - Started process (PID=971) to work on /home/airflow/.local/lib/python3.12/site-packages/airflow/example_dags/example_dataset_alias.py
[2025-03-27T10:12:51.556+0000] {processor.py:914} INFO - Processing file /home/airflow/.local/lib/python3.12/site-packages/airflow/example_dags/example_dataset_alias.py for tasks to queue
[2025-03-27T10:12:51.557+0000] {logging_mixin.py:190} INFO - [2025-03-27T10:12:51.557+0000] {dagbag.py:588} INFO - Filling up the DagBag from /home/airflow/.local/lib/python3.12/site-packages/airflow/example_dags/example_dataset_alias.py
[2025-03-27T10:12:51.855+0000] {processor.py:925} INFO - DAG(s) 'dataset_s3_bucket_producer', 'dataset_alias_example_alias_producer', 'dataset_s3_bucket_consumer', 'dataset_alias_example_alias_consumer' retrieved from /home/airflow/.local/lib/python3.12/site-packages/airflow/example_dags/example_dataset_alias.py
[2025-03-27T10:12:51.865+0000] {logging_mixin.py:190} INFO - [2025-03-27T10:12:51.864+0000] {dag.py:3239} INFO - Sync 4 DAGs
[2025-03-27T10:12:51.879+0000] {logging_mixin.py:190} INFO - [2025-03-27T10:12:51.879+0000] {dag.py:4180} INFO - Setting next_dagrun for dataset_alias_example_alias_consumer to None, run_after=None
[2025-03-27T10:12:51.881+0000] {logging_mixin.py:190} INFO - [2025-03-27T10:12:51.881+0000] {dag.py:4180} INFO - Setting next_dagrun for dataset_alias_example_alias_producer to None, run_after=None
[2025-03-27T10:12:51.882+0000] {logging_mixin.py:190} INFO - [2025-03-27T10:12:51.882+0000] {dag.py:4180} INFO - Setting next_dagrun for dataset_s3_bucket_consumer to None, run_after=None
[2025-03-27T10:12:51.882+0000] {logging_mixin.py:190} INFO - [2025-03-27T10:12:51.882+0000] {dag.py:4180} INFO - Setting next_dagrun for dataset_s3_bucket_producer to None, run_after=None
[2025-03-27T10:12:51.893+0000] {processor.py:208} INFO - Processing /home/airflow/.local/lib/python3.12/site-packages/airflow/example_dags/example_dataset_alias.py took 0.344 seconds
[2025-03-27T10:13:22.740+0000] {processor.py:186} INFO - Started process (PID=1034) to work on /home/airflow/.local/lib/python3.12/site-packages/airflow/example_dags/example_dataset_alias.py
[2025-03-27T10:13:22.741+0000] {processor.py:914} INFO - Processing file /home/airflow/.local/lib/python3.12/site-packages/airflow/example_dags/example_dataset_alias.py for tasks to queue
[2025-03-27T10:13:22.743+0000] {logging_mixin.py:190} INFO - [2025-03-27T10:13:22.742+0000] {dagbag.py:588} INFO - Filling up the DagBag from /home/airflow/.local/lib/python3.12/site-packages/airflow/example_dags/example_dataset_alias.py
[2025-03-27T10:13:23.065+0000] {processor.py:925} INFO - DAG(s) 'dataset_alias_example_alias_consumer', 'dataset_s3_bucket_producer', 'dataset_s3_bucket_consumer', 'dataset_alias_example_alias_producer' retrieved from /home/airflow/.local/lib/python3.12/site-packages/airflow/example_dags/example_dataset_alias.py
[2025-03-27T10:13:23.076+0000] {logging_mixin.py:190} INFO - [2025-03-27T10:13:23.075+0000] {dag.py:3239} INFO - Sync 4 DAGs
[2025-03-27T10:13:23.088+0000] {logging_mixin.py:190} INFO - [2025-03-27T10:13:23.088+0000] {dag.py:4180} INFO - Setting next_dagrun for dataset_alias_example_alias_consumer to None, run_after=None
[2025-03-27T10:13:23.090+0000] {logging_mixin.py:190} INFO - [2025-03-27T10:13:23.090+0000] {dag.py:4180} INFO - Setting next_dagrun for dataset_alias_example_alias_producer to None, run_after=None
[2025-03-27T10:13:23.090+0000] {logging_mixin.py:190} INFO - [2025-03-27T10:13:23.090+0000] {dag.py:4180} INFO - Setting next_dagrun for dataset_s3_bucket_consumer to None, run_after=None
[2025-03-27T10:13:23.091+0000] {logging_mixin.py:190} INFO - [2025-03-27T10:13:23.091+0000] {dag.py:4180} INFO - Setting next_dagrun for dataset_s3_bucket_producer to None, run_after=None
[2025-03-27T10:13:23.103+0000] {processor.py:208} INFO - Processing /home/airflow/.local/lib/python3.12/site-packages/airflow/example_dags/example_dataset_alias.py took 0.366 seconds
[2025-03-27T10:13:53.778+0000] {processor.py:186} INFO - Started process (PID=1097) to work on /home/airflow/.local/lib/python3.12/site-packages/airflow/example_dags/example_dataset_alias.py
[2025-03-27T10:13:53.779+0000] {processor.py:914} INFO - Processing file /home/airflow/.local/lib/python3.12/site-packages/airflow/example_dags/example_dataset_alias.py for tasks to queue
[2025-03-27T10:13:53.781+0000] {logging_mixin.py:190} INFO - [2025-03-27T10:13:53.781+0000] {dagbag.py:588} INFO - Filling up the DagBag from /home/airflow/.local/lib/python3.12/site-packages/airflow/example_dags/example_dataset_alias.py
[2025-03-27T10:13:54.090+0000] {processor.py:925} INFO - DAG(s) 'dataset_s3_bucket_consumer', 'dataset_alias_example_alias_consumer', 'dataset_s3_bucket_producer', 'dataset_alias_example_alias_producer' retrieved from /home/airflow/.local/lib/python3.12/site-packages/airflow/example_dags/example_dataset_alias.py
[2025-03-27T10:13:54.100+0000] {logging_mixin.py:190} INFO - [2025-03-27T10:13:54.099+0000] {dag.py:3239} INFO - Sync 4 DAGs
[2025-03-27T10:13:54.112+0000] {logging_mixin.py:190} INFO - [2025-03-27T10:13:54.112+0000] {dag.py:4180} INFO - Setting next_dagrun for dataset_alias_example_alias_consumer to None, run_after=None
[2025-03-27T10:13:54.113+0000] {logging_mixin.py:190} INFO - [2025-03-27T10:13:54.113+0000] {dag.py:4180} INFO - Setting next_dagrun for dataset_alias_example_alias_producer to None, run_after=None
[2025-03-27T10:13:54.114+0000] {logging_mixin.py:190} INFO - [2025-03-27T10:13:54.114+0000] {dag.py:4180} INFO - Setting next_dagrun for dataset_s3_bucket_consumer to None, run_after=None
[2025-03-27T10:13:54.115+0000] {logging_mixin.py:190} INFO - [2025-03-27T10:13:54.115+0000] {dag.py:4180} INFO - Setting next_dagrun for dataset_s3_bucket_producer to None, run_after=None
[2025-03-27T10:13:54.124+0000] {processor.py:208} INFO - Processing /home/airflow/.local/lib/python3.12/site-packages/airflow/example_dags/example_dataset_alias.py took 0.352 seconds
[2025-03-27T10:14:24.613+0000] {processor.py:186} INFO - Started process (PID=1160) to work on /home/airflow/.local/lib/python3.12/site-packages/airflow/example_dags/example_dataset_alias.py
[2025-03-27T10:14:24.615+0000] {processor.py:914} INFO - Processing file /home/airflow/.local/lib/python3.12/site-packages/airflow/example_dags/example_dataset_alias.py for tasks to queue
[2025-03-27T10:14:24.616+0000] {logging_mixin.py:190} INFO - [2025-03-27T10:14:24.615+0000] {dagbag.py:588} INFO - Filling up the DagBag from /home/airflow/.local/lib/python3.12/site-packages/airflow/example_dags/example_dataset_alias.py
[2025-03-27T10:14:24.935+0000] {processor.py:925} INFO - DAG(s) 'dataset_s3_bucket_consumer', 'dataset_s3_bucket_producer', 'dataset_alias_example_alias_producer', 'dataset_alias_example_alias_consumer' retrieved from /home/airflow/.local/lib/python3.12/site-packages/airflow/example_dags/example_dataset_alias.py
[2025-03-27T10:14:24.947+0000] {logging_mixin.py:190} INFO - [2025-03-27T10:14:24.947+0000] {dag.py:3239} INFO - Sync 4 DAGs
[2025-03-27T10:14:24.957+0000] {logging_mixin.py:190} INFO - [2025-03-27T10:14:24.957+0000] {dag.py:4180} INFO - Setting next_dagrun for dataset_alias_example_alias_consumer to None, run_after=None
[2025-03-27T10:14:24.959+0000] {logging_mixin.py:190} INFO - [2025-03-27T10:14:24.958+0000] {dag.py:4180} INFO - Setting next_dagrun for dataset_alias_example_alias_producer to None, run_after=None
[2025-03-27T10:14:24.960+0000] {logging_mixin.py:190} INFO - [2025-03-27T10:14:24.960+0000] {dag.py:4180} INFO - Setting next_dagrun for dataset_s3_bucket_consumer to None, run_after=None
[2025-03-27T10:14:24.962+0000] {logging_mixin.py:190} INFO - [2025-03-27T10:14:24.961+0000] {dag.py:4180} INFO - Setting next_dagrun for dataset_s3_bucket_producer to None, run_after=None
[2025-03-27T10:14:24.972+0000] {processor.py:208} INFO - Processing /home/airflow/.local/lib/python3.12/site-packages/airflow/example_dags/example_dataset_alias.py took 0.363 seconds
[2025-03-27T10:14:55.783+0000] {processor.py:186} INFO - Started process (PID=1223) to work on /home/airflow/.local/lib/python3.12/site-packages/airflow/example_dags/example_dataset_alias.py
[2025-03-27T10:14:55.785+0000] {processor.py:914} INFO - Processing file /home/airflow/.local/lib/python3.12/site-packages/airflow/example_dags/example_dataset_alias.py for tasks to queue
[2025-03-27T10:14:55.787+0000] {logging_mixin.py:190} INFO - [2025-03-27T10:14:55.787+0000] {dagbag.py:588} INFO - Filling up the DagBag from /home/airflow/.local/lib/python3.12/site-packages/airflow/example_dags/example_dataset_alias.py
[2025-03-27T10:14:56.188+0000] {processor.py:925} INFO - DAG(s) 'dataset_alias_example_alias_producer', 'dataset_alias_example_alias_consumer', 'dataset_s3_bucket_consumer', 'dataset_s3_bucket_producer' retrieved from /home/airflow/.local/lib/python3.12/site-packages/airflow/example_dags/example_dataset_alias.py
[2025-03-27T10:14:56.197+0000] {logging_mixin.py:190} INFO - [2025-03-27T10:14:56.197+0000] {dag.py:3239} INFO - Sync 4 DAGs
[2025-03-27T10:14:56.209+0000] {logging_mixin.py:190} INFO - [2025-03-27T10:14:56.208+0000] {dag.py:4180} INFO - Setting next_dagrun for dataset_alias_example_alias_consumer to None, run_after=None
[2025-03-27T10:14:56.210+0000] {logging_mixin.py:190} INFO - [2025-03-27T10:14:56.210+0000] {dag.py:4180} INFO - Setting next_dagrun for dataset_alias_example_alias_producer to None, run_after=None
[2025-03-27T10:14:56.211+0000] {logging_mixin.py:190} INFO - [2025-03-27T10:14:56.211+0000] {dag.py:4180} INFO - Setting next_dagrun for dataset_s3_bucket_consumer to None, run_after=None
[2025-03-27T10:14:56.212+0000] {logging_mixin.py:190} INFO - [2025-03-27T10:14:56.212+0000] {dag.py:4180} INFO - Setting next_dagrun for dataset_s3_bucket_producer to None, run_after=None
[2025-03-27T10:14:56.222+0000] {processor.py:208} INFO - Processing /home/airflow/.local/lib/python3.12/site-packages/airflow/example_dags/example_dataset_alias.py took 0.447 seconds
[2025-03-27T10:15:26.598+0000] {processor.py:186} INFO - Started process (PID=1285) to work on /home/airflow/.local/lib/python3.12/site-packages/airflow/example_dags/example_dataset_alias.py
[2025-03-27T10:15:26.600+0000] {processor.py:914} INFO - Processing file /home/airflow/.local/lib/python3.12/site-packages/airflow/example_dags/example_dataset_alias.py for tasks to queue
[2025-03-27T10:15:26.602+0000] {logging_mixin.py:190} INFO - [2025-03-27T10:15:26.602+0000] {dagbag.py:588} INFO - Filling up the DagBag from /home/airflow/.local/lib/python3.12/site-packages/airflow/example_dags/example_dataset_alias.py
[2025-03-27T10:15:26.894+0000] {processor.py:925} INFO - DAG(s) 'dataset_s3_bucket_producer', 'dataset_s3_bucket_consumer', 'dataset_alias_example_alias_producer', 'dataset_alias_example_alias_consumer' retrieved from /home/airflow/.local/lib/python3.12/site-packages/airflow/example_dags/example_dataset_alias.py
[2025-03-27T10:15:26.903+0000] {logging_mixin.py:190} INFO - [2025-03-27T10:15:26.903+0000] {dag.py:3239} INFO - Sync 4 DAGs
[2025-03-27T10:15:26.912+0000] {logging_mixin.py:190} INFO - [2025-03-27T10:15:26.912+0000] {dag.py:4180} INFO - Setting next_dagrun for dataset_alias_example_alias_consumer to None, run_after=None
[2025-03-27T10:15:26.913+0000] {logging_mixin.py:190} INFO - [2025-03-27T10:15:26.913+0000] {dag.py:4180} INFO - Setting next_dagrun for dataset_alias_example_alias_producer to None, run_after=None
[2025-03-27T10:15:26.914+0000] {logging_mixin.py:190} INFO - [2025-03-27T10:15:26.914+0000] {dag.py:4180} INFO - Setting next_dagrun for dataset_s3_bucket_consumer to None, run_after=None
[2025-03-27T10:15:26.914+0000] {logging_mixin.py:190} INFO - [2025-03-27T10:15:26.914+0000] {dag.py:4180} INFO - Setting next_dagrun for dataset_s3_bucket_producer to None, run_after=None
[2025-03-27T10:15:26.923+0000] {processor.py:208} INFO - Processing /home/airflow/.local/lib/python3.12/site-packages/airflow/example_dags/example_dataset_alias.py took 0.331 seconds
[2025-03-27T10:15:57.556+0000] {processor.py:186} INFO - Started process (PID=1348) to work on /home/airflow/.local/lib/python3.12/site-packages/airflow/example_dags/example_dataset_alias.py
[2025-03-27T10:15:57.561+0000] {processor.py:914} INFO - Processing file /home/airflow/.local/lib/python3.12/site-packages/airflow/example_dags/example_dataset_alias.py for tasks to queue
[2025-03-27T10:15:57.563+0000] {logging_mixin.py:190} INFO - [2025-03-27T10:15:57.563+0000] {dagbag.py:588} INFO - Filling up the DagBag from /home/airflow/.local/lib/python3.12/site-packages/airflow/example_dags/example_dataset_alias.py
[2025-03-27T10:15:57.856+0000] {processor.py:925} INFO - DAG(s) 'dataset_alias_example_alias_consumer', 'dataset_s3_bucket_producer', 'dataset_alias_example_alias_producer', 'dataset_s3_bucket_consumer' retrieved from /home/airflow/.local/lib/python3.12/site-packages/airflow/example_dags/example_dataset_alias.py
[2025-03-27T10:15:57.864+0000] {logging_mixin.py:190} INFO - [2025-03-27T10:15:57.864+0000] {dag.py:3239} INFO - Sync 4 DAGs
[2025-03-27T10:15:57.873+0000] {logging_mixin.py:190} INFO - [2025-03-27T10:15:57.873+0000] {dag.py:4180} INFO - Setting next_dagrun for dataset_alias_example_alias_consumer to None, run_after=None
[2025-03-27T10:15:57.874+0000] {logging_mixin.py:190} INFO - [2025-03-27T10:15:57.874+0000] {dag.py:4180} INFO - Setting next_dagrun for dataset_alias_example_alias_producer to None, run_after=None
[2025-03-27T10:15:57.875+0000] {logging_mixin.py:190} INFO - [2025-03-27T10:15:57.875+0000] {dag.py:4180} INFO - Setting next_dagrun for dataset_s3_bucket_consumer to None, run_after=None
[2025-03-27T10:15:57.876+0000] {logging_mixin.py:190} INFO - [2025-03-27T10:15:57.876+0000] {dag.py:4180} INFO - Setting next_dagrun for dataset_s3_bucket_producer to None, run_after=None
[2025-03-27T10:15:57.885+0000] {processor.py:208} INFO - Processing /home/airflow/.local/lib/python3.12/site-packages/airflow/example_dags/example_dataset_alias.py took 0.335 seconds
[2025-03-27T10:16:28.741+0000] {processor.py:186} INFO - Started process (PID=1411) to work on /home/airflow/.local/lib/python3.12/site-packages/airflow/example_dags/example_dataset_alias.py
[2025-03-27T10:16:28.744+0000] {processor.py:914} INFO - Processing file /home/airflow/.local/lib/python3.12/site-packages/airflow/example_dags/example_dataset_alias.py for tasks to queue
[2025-03-27T10:16:28.747+0000] {logging_mixin.py:190} INFO - [2025-03-27T10:16:28.746+0000] {dagbag.py:588} INFO - Filling up the DagBag from /home/airflow/.local/lib/python3.12/site-packages/airflow/example_dags/example_dataset_alias.py
[2025-03-27T10:16:29.040+0000] {processor.py:925} INFO - DAG(s) 'dataset_s3_bucket_producer', 'dataset_s3_bucket_consumer', 'dataset_alias_example_alias_consumer', 'dataset_alias_example_alias_producer' retrieved from /home/airflow/.local/lib/python3.12/site-packages/airflow/example_dags/example_dataset_alias.py
[2025-03-27T10:16:29.051+0000] {logging_mixin.py:190} INFO - [2025-03-27T10:16:29.051+0000] {dag.py:3239} INFO - Sync 4 DAGs
[2025-03-27T10:16:29.061+0000] {logging_mixin.py:190} INFO - [2025-03-27T10:16:29.061+0000] {dag.py:4180} INFO - Setting next_dagrun for dataset_alias_example_alias_consumer to None, run_after=None
[2025-03-27T10:16:29.063+0000] {logging_mixin.py:190} INFO - [2025-03-27T10:16:29.063+0000] {dag.py:4180} INFO - Setting next_dagrun for dataset_alias_example_alias_producer to None, run_after=None
[2025-03-27T10:16:29.064+0000] {logging_mixin.py:190} INFO - [2025-03-27T10:16:29.064+0000] {dag.py:4180} INFO - Setting next_dagrun for dataset_s3_bucket_consumer to None, run_after=None
[2025-03-27T10:16:29.064+0000] {logging_mixin.py:190} INFO - [2025-03-27T10:16:29.064+0000] {dag.py:4180} INFO - Setting next_dagrun for dataset_s3_bucket_producer to None, run_after=None
[2025-03-27T10:16:29.076+0000] {processor.py:208} INFO - Processing /home/airflow/.local/lib/python3.12/site-packages/airflow/example_dags/example_dataset_alias.py took 0.341 seconds
[2025-03-27T10:16:59.637+0000] {processor.py:186} INFO - Started process (PID=1474) to work on /home/airflow/.local/lib/python3.12/site-packages/airflow/example_dags/example_dataset_alias.py
[2025-03-27T10:16:59.638+0000] {processor.py:914} INFO - Processing file /home/airflow/.local/lib/python3.12/site-packages/airflow/example_dags/example_dataset_alias.py for tasks to queue
[2025-03-27T10:16:59.641+0000] {logging_mixin.py:190} INFO - [2025-03-27T10:16:59.640+0000] {dagbag.py:588} INFO - Filling up the DagBag from /home/airflow/.local/lib/python3.12/site-packages/airflow/example_dags/example_dataset_alias.py
[2025-03-27T10:16:59.948+0000] {processor.py:925} INFO - DAG(s) 'dataset_alias_example_alias_producer', 'dataset_s3_bucket_producer', 'dataset_s3_bucket_consumer', 'dataset_alias_example_alias_consumer' retrieved from /home/airflow/.local/lib/python3.12/site-packages/airflow/example_dags/example_dataset_alias.py
[2025-03-27T10:16:59.957+0000] {logging_mixin.py:190} INFO - [2025-03-27T10:16:59.957+0000] {dag.py:3239} INFO - Sync 4 DAGs
[2025-03-27T10:16:59.968+0000] {logging_mixin.py:190} INFO - [2025-03-27T10:16:59.967+0000] {dag.py:4180} INFO - Setting next_dagrun for dataset_alias_example_alias_consumer to None, run_after=None
[2025-03-27T10:16:59.969+0000] {logging_mixin.py:190} INFO - [2025-03-27T10:16:59.969+0000] {dag.py:4180} INFO - Setting next_dagrun for dataset_alias_example_alias_producer to None, run_after=None
[2025-03-27T10:16:59.970+0000] {logging_mixin.py:190} INFO - [2025-03-27T10:16:59.970+0000] {dag.py:4180} INFO - Setting next_dagrun for dataset_s3_bucket_consumer to None, run_after=None
[2025-03-27T10:16:59.970+0000] {logging_mixin.py:190} INFO - [2025-03-27T10:16:59.970+0000] {dag.py:4180} INFO - Setting next_dagrun for dataset_s3_bucket_producer to None, run_after=None
[2025-03-27T10:16:59.979+0000] {processor.py:208} INFO - Processing /home/airflow/.local/lib/python3.12/site-packages/airflow/example_dags/example_dataset_alias.py took 0.351 seconds
[2025-03-27T10:17:30.507+0000] {processor.py:186} INFO - Started process (PID=1537) to work on /home/airflow/.local/lib/python3.12/site-packages/airflow/example_dags/example_dataset_alias.py
[2025-03-27T10:17:30.510+0000] {processor.py:914} INFO - Processing file /home/airflow/.local/lib/python3.12/site-packages/airflow/example_dags/example_dataset_alias.py for tasks to queue
[2025-03-27T10:17:30.513+0000] {logging_mixin.py:190} INFO - [2025-03-27T10:17:30.513+0000] {dagbag.py:588} INFO - Filling up the DagBag from /home/airflow/.local/lib/python3.12/site-packages/airflow/example_dags/example_dataset_alias.py
[2025-03-27T10:17:30.817+0000] {processor.py:925} INFO - DAG(s) 'dataset_alias_example_alias_consumer', 'dataset_s3_bucket_producer', 'dataset_alias_example_alias_producer', 'dataset_s3_bucket_consumer' retrieved from /home/airflow/.local/lib/python3.12/site-packages/airflow/example_dags/example_dataset_alias.py
[2025-03-27T10:17:30.827+0000] {logging_mixin.py:190} INFO - [2025-03-27T10:17:30.827+0000] {dag.py:3239} INFO - Sync 4 DAGs
[2025-03-27T10:17:30.838+0000] {logging_mixin.py:190} INFO - [2025-03-27T10:17:30.838+0000] {dag.py:4180} INFO - Setting next_dagrun for dataset_alias_example_alias_consumer to None, run_after=None
[2025-03-27T10:17:30.840+0000] {logging_mixin.py:190} INFO - [2025-03-27T10:17:30.840+0000] {dag.py:4180} INFO - Setting next_dagrun for dataset_alias_example_alias_producer to None, run_after=None
[2025-03-27T10:17:30.841+0000] {logging_mixin.py:190} INFO - [2025-03-27T10:17:30.841+0000] {dag.py:4180} INFO - Setting next_dagrun for dataset_s3_bucket_consumer to None, run_after=None
[2025-03-27T10:17:30.841+0000] {logging_mixin.py:190} INFO - [2025-03-27T10:17:30.841+0000] {dag.py:4180} INFO - Setting next_dagrun for dataset_s3_bucket_producer to None, run_after=None
[2025-03-27T10:17:30.855+0000] {processor.py:208} INFO - Processing /home/airflow/.local/lib/python3.12/site-packages/airflow/example_dags/example_dataset_alias.py took 0.356 seconds
[2025-03-27T10:18:01.497+0000] {processor.py:186} INFO - Started process (PID=1600) to work on /home/airflow/.local/lib/python3.12/site-packages/airflow/example_dags/example_dataset_alias.py
[2025-03-27T10:18:01.498+0000] {processor.py:914} INFO - Processing file /home/airflow/.local/lib/python3.12/site-packages/airflow/example_dags/example_dataset_alias.py for tasks to queue
[2025-03-27T10:18:01.505+0000] {logging_mixin.py:190} INFO - [2025-03-27T10:18:01.505+0000] {dagbag.py:588} INFO - Filling up the DagBag from /home/airflow/.local/lib/python3.12/site-packages/airflow/example_dags/example_dataset_alias.py
[2025-03-27T10:18:01.840+0000] {processor.py:925} INFO - DAG(s) 'dataset_s3_bucket_producer', 'dataset_alias_example_alias_producer', 'dataset_s3_bucket_consumer', 'dataset_alias_example_alias_consumer' retrieved from /home/airflow/.local/lib/python3.12/site-packages/airflow/example_dags/example_dataset_alias.py
[2025-03-27T10:18:01.850+0000] {logging_mixin.py:190} INFO - [2025-03-27T10:18:01.850+0000] {dag.py:3239} INFO - Sync 4 DAGs
[2025-03-27T10:18:01.862+0000] {logging_mixin.py:190} INFO - [2025-03-27T10:18:01.862+0000] {dag.py:4180} INFO - Setting next_dagrun for dataset_alias_example_alias_consumer to None, run_after=None
[2025-03-27T10:18:01.863+0000] {logging_mixin.py:190} INFO - [2025-03-27T10:18:01.863+0000] {dag.py:4180} INFO - Setting next_dagrun for dataset_alias_example_alias_producer to None, run_after=None
[2025-03-27T10:18:01.864+0000] {logging_mixin.py:190} INFO - [2025-03-27T10:18:01.864+0000] {dag.py:4180} INFO - Setting next_dagrun for dataset_s3_bucket_consumer to None, run_after=None
[2025-03-27T10:18:01.865+0000] {logging_mixin.py:190} INFO - [2025-03-27T10:18:01.865+0000] {dag.py:4180} INFO - Setting next_dagrun for dataset_s3_bucket_producer to None, run_after=None
[2025-03-27T10:18:01.874+0000] {processor.py:208} INFO - Processing /home/airflow/.local/lib/python3.12/site-packages/airflow/example_dags/example_dataset_alias.py took 0.388 seconds
