[2025-03-27T10:05:39.301+0000] {processor.py:186} INFO - Started process (PID=100) to work on /home/airflow/.local/lib/python3.12/site-packages/airflow/example_dags/example_dag_decorator.py
[2025-03-27T10:05:39.302+0000] {processor.py:914} INFO - Processing file /home/airflow/.local/lib/python3.12/site-packages/airflow/example_dags/example_dag_decorator.py for tasks to queue
[2025-03-27T10:05:39.303+0000] {logging_mixin.py:190} INFO - [2025-03-27T10:05:39.303+0000] {dagbag.py:588} INFO - Filling up the DagBag from /home/airflow/.local/lib/python3.12/site-packages/airflow/example_dags/example_dag_decorator.py
[2025-03-27T10:05:39.542+0000] {processor.py:925} INFO - DAG(s) 'example_dag_decorator' retrieved from /home/airflow/.local/lib/python3.12/site-packages/airflow/example_dags/example_dag_decorator.py
[2025-03-27T10:05:39.598+0000] {logging_mixin.py:190} INFO - [2025-03-27T10:05:39.597+0000] {override.py:1912} INFO - Created Permission View: can read on DAG:example_dag_decorator
[2025-03-27T10:05:39.603+0000] {logging_mixin.py:190} INFO - [2025-03-27T10:05:39.603+0000] {override.py:1912} INFO - Created Permission View: can delete on DAG:example_dag_decorator
[2025-03-27T10:05:39.608+0000] {logging_mixin.py:190} INFO - [2025-03-27T10:05:39.608+0000] {override.py:1912} INFO - Created Permission View: can edit on DAG:example_dag_decorator
[2025-03-27T10:05:39.612+0000] {logging_mixin.py:190} INFO - [2025-03-27T10:05:39.611+0000] {override.py:1912} INFO - Created Permission View: can read on DAG Run:example_dag_decorator
[2025-03-27T10:05:39.614+0000] {logging_mixin.py:190} INFO - [2025-03-27T10:05:39.614+0000] {override.py:1912} INFO - Created Permission View: can delete on DAG Run:example_dag_decorator
[2025-03-27T10:05:39.617+0000] {logging_mixin.py:190} INFO - [2025-03-27T10:05:39.617+0000] {override.py:1912} INFO - Created Permission View: can create on DAG Run:example_dag_decorator
[2025-03-27T10:05:39.621+0000] {logging_mixin.py:190} INFO - [2025-03-27T10:05:39.621+0000] {override.py:1912} INFO - Created Permission View: menu access on DAG Run:example_dag_decorator
[2025-03-27T10:05:39.622+0000] {logging_mixin.py:190} INFO - [2025-03-27T10:05:39.622+0000] {dag.py:3239} INFO - Sync 1 DAGs
[2025-03-27T10:05:39.630+0000] {logging_mixin.py:190} INFO - [2025-03-27T10:05:39.629+0000] {dag.py:3262} INFO - Creating ORM DAG for example_dag_decorator
[2025-03-27T10:05:39.630+0000] {logging_mixin.py:190} INFO - [2025-03-27T10:05:39.630+0000] {dag.py:4180} INFO - Setting next_dagrun for example_dag_decorator to None, run_after=None
[2025-03-27T10:05:39.639+0000] {processor.py:208} INFO - Processing /home/airflow/.local/lib/python3.12/site-packages/airflow/example_dags/example_dag_decorator.py took 0.342 seconds
[2025-03-27T10:06:09.854+0000] {processor.py:186} INFO - Started process (PID=164) to work on /home/airflow/.local/lib/python3.12/site-packages/airflow/example_dags/example_dag_decorator.py
[2025-03-27T10:06:09.854+0000] {processor.py:914} INFO - Processing file /home/airflow/.local/lib/python3.12/site-packages/airflow/example_dags/example_dag_decorator.py for tasks to queue
[2025-03-27T10:06:09.855+0000] {logging_mixin.py:190} INFO - [2025-03-27T10:06:09.855+0000] {dagbag.py:588} INFO - Filling up the DagBag from /home/airflow/.local/lib/python3.12/site-packages/airflow/example_dags/example_dag_decorator.py
[2025-03-27T10:06:09.897+0000] {processor.py:925} INFO - DAG(s) 'example_dag_decorator' retrieved from /home/airflow/.local/lib/python3.12/site-packages/airflow/example_dags/example_dag_decorator.py
[2025-03-27T10:06:09.943+0000] {logging_mixin.py:190} INFO - [2025-03-27T10:06:09.943+0000] {dag.py:3239} INFO - Sync 1 DAGs
[2025-03-27T10:06:09.948+0000] {logging_mixin.py:190} INFO - [2025-03-27T10:06:09.948+0000] {dag.py:4180} INFO - Setting next_dagrun for example_dag_decorator to None, run_after=None
[2025-03-27T10:06:09.956+0000] {processor.py:208} INFO - Processing /home/airflow/.local/lib/python3.12/site-packages/airflow/example_dags/example_dag_decorator.py took 0.105 seconds
[2025-03-27T10:06:40.953+0000] {processor.py:186} INFO - Started process (PID=226) to work on /home/airflow/.local/lib/python3.12/site-packages/airflow/example_dags/example_dag_decorator.py
[2025-03-27T10:06:40.954+0000] {processor.py:914} INFO - Processing file /home/airflow/.local/lib/python3.12/site-packages/airflow/example_dags/example_dag_decorator.py for tasks to queue
[2025-03-27T10:06:40.956+0000] {logging_mixin.py:190} INFO - [2025-03-27T10:06:40.955+0000] {dagbag.py:588} INFO - Filling up the DagBag from /home/airflow/.local/lib/python3.12/site-packages/airflow/example_dags/example_dag_decorator.py
[2025-03-27T10:06:41.009+0000] {processor.py:925} INFO - DAG(s) 'example_dag_decorator' retrieved from /home/airflow/.local/lib/python3.12/site-packages/airflow/example_dags/example_dag_decorator.py
[2025-03-27T10:06:41.064+0000] {logging_mixin.py:190} INFO - [2025-03-27T10:06:41.064+0000] {dag.py:3239} INFO - Sync 1 DAGs
[2025-03-27T10:06:41.070+0000] {logging_mixin.py:190} INFO - [2025-03-27T10:06:41.070+0000] {dag.py:4180} INFO - Setting next_dagrun for example_dag_decorator to None, run_after=None
[2025-03-27T10:06:41.079+0000] {processor.py:208} INFO - Processing /home/airflow/.local/lib/python3.12/site-packages/airflow/example_dags/example_dag_decorator.py took 0.130 seconds
[2025-03-27T10:07:11.960+0000] {processor.py:186} INFO - Started process (PID=289) to work on /home/airflow/.local/lib/python3.12/site-packages/airflow/example_dags/example_dag_decorator.py
[2025-03-27T10:07:11.962+0000] {processor.py:914} INFO - Processing file /home/airflow/.local/lib/python3.12/site-packages/airflow/example_dags/example_dag_decorator.py for tasks to queue
[2025-03-27T10:07:11.963+0000] {logging_mixin.py:190} INFO - [2025-03-27T10:07:11.963+0000] {dagbag.py:588} INFO - Filling up the DagBag from /home/airflow/.local/lib/python3.12/site-packages/airflow/example_dags/example_dag_decorator.py
[2025-03-27T10:07:12.017+0000] {processor.py:925} INFO - DAG(s) 'example_dag_decorator' retrieved from /home/airflow/.local/lib/python3.12/site-packages/airflow/example_dags/example_dag_decorator.py
[2025-03-27T10:07:12.077+0000] {logging_mixin.py:190} INFO - [2025-03-27T10:07:12.077+0000] {dag.py:3239} INFO - Sync 1 DAGs
[2025-03-27T10:07:12.084+0000] {logging_mixin.py:190} INFO - [2025-03-27T10:07:12.084+0000] {dag.py:4180} INFO - Setting next_dagrun for example_dag_decorator to None, run_after=None
[2025-03-27T10:07:12.093+0000] {processor.py:208} INFO - Processing /home/airflow/.local/lib/python3.12/site-packages/airflow/example_dags/example_dag_decorator.py took 0.137 seconds
[2025-03-27T10:07:43.163+0000] {processor.py:186} INFO - Started process (PID=352) to work on /home/airflow/.local/lib/python3.12/site-packages/airflow/example_dags/example_dag_decorator.py
[2025-03-27T10:07:43.163+0000] {processor.py:914} INFO - Processing file /home/airflow/.local/lib/python3.12/site-packages/airflow/example_dags/example_dag_decorator.py for tasks to queue
[2025-03-27T10:07:43.165+0000] {logging_mixin.py:190} INFO - [2025-03-27T10:07:43.164+0000] {dagbag.py:588} INFO - Filling up the DagBag from /home/airflow/.local/lib/python3.12/site-packages/airflow/example_dags/example_dag_decorator.py
[2025-03-27T10:07:43.215+0000] {processor.py:925} INFO - DAG(s) 'example_dag_decorator' retrieved from /home/airflow/.local/lib/python3.12/site-packages/airflow/example_dags/example_dag_decorator.py
[2025-03-27T10:07:43.276+0000] {logging_mixin.py:190} INFO - [2025-03-27T10:07:43.276+0000] {dag.py:3239} INFO - Sync 1 DAGs
[2025-03-27T10:07:43.283+0000] {logging_mixin.py:190} INFO - [2025-03-27T10:07:43.283+0000] {dag.py:4180} INFO - Setting next_dagrun for example_dag_decorator to None, run_after=None
[2025-03-27T10:07:43.292+0000] {processor.py:208} INFO - Processing /home/airflow/.local/lib/python3.12/site-packages/airflow/example_dags/example_dag_decorator.py took 0.133 seconds
[2025-03-27T10:08:13.974+0000] {processor.py:186} INFO - Started process (PID=416) to work on /home/airflow/.local/lib/python3.12/site-packages/airflow/example_dags/example_dag_decorator.py
[2025-03-27T10:08:13.974+0000] {processor.py:914} INFO - Processing file /home/airflow/.local/lib/python3.12/site-packages/airflow/example_dags/example_dag_decorator.py for tasks to queue
[2025-03-27T10:08:13.979+0000] {logging_mixin.py:190} INFO - [2025-03-27T10:08:13.979+0000] {dagbag.py:588} INFO - Filling up the DagBag from /home/airflow/.local/lib/python3.12/site-packages/airflow/example_dags/example_dag_decorator.py
[2025-03-27T10:08:14.038+0000] {processor.py:925} INFO - DAG(s) 'example_dag_decorator' retrieved from /home/airflow/.local/lib/python3.12/site-packages/airflow/example_dags/example_dag_decorator.py
[2025-03-27T10:08:14.104+0000] {logging_mixin.py:190} INFO - [2025-03-27T10:08:14.104+0000] {dag.py:3239} INFO - Sync 1 DAGs
[2025-03-27T10:08:14.113+0000] {logging_mixin.py:190} INFO - [2025-03-27T10:08:14.113+0000] {dag.py:4180} INFO - Setting next_dagrun for example_dag_decorator to None, run_after=None
[2025-03-27T10:08:14.125+0000] {processor.py:208} INFO - Processing /home/airflow/.local/lib/python3.12/site-packages/airflow/example_dags/example_dag_decorator.py took 0.155 seconds
[2025-03-27T10:08:44.918+0000] {processor.py:186} INFO - Started process (PID=477) to work on /home/airflow/.local/lib/python3.12/site-packages/airflow/example_dags/example_dag_decorator.py
[2025-03-27T10:08:44.919+0000] {processor.py:914} INFO - Processing file /home/airflow/.local/lib/python3.12/site-packages/airflow/example_dags/example_dag_decorator.py for tasks to queue
[2025-03-27T10:08:44.921+0000] {logging_mixin.py:190} INFO - [2025-03-27T10:08:44.921+0000] {dagbag.py:588} INFO - Filling up the DagBag from /home/airflow/.local/lib/python3.12/site-packages/airflow/example_dags/example_dag_decorator.py
[2025-03-27T10:08:44.970+0000] {processor.py:925} INFO - DAG(s) 'example_dag_decorator' retrieved from /home/airflow/.local/lib/python3.12/site-packages/airflow/example_dags/example_dag_decorator.py
[2025-03-27T10:08:45.051+0000] {logging_mixin.py:190} INFO - [2025-03-27T10:08:45.050+0000] {dag.py:3239} INFO - Sync 1 DAGs
[2025-03-27T10:08:45.058+0000] {logging_mixin.py:190} INFO - [2025-03-27T10:08:45.058+0000] {dag.py:4180} INFO - Setting next_dagrun for example_dag_decorator to None, run_after=None
[2025-03-27T10:08:45.070+0000] {processor.py:208} INFO - Processing /home/airflow/.local/lib/python3.12/site-packages/airflow/example_dags/example_dag_decorator.py took 0.154 seconds
[2025-03-27T10:09:15.756+0000] {processor.py:186} INFO - Started process (PID=539) to work on /home/airflow/.local/lib/python3.12/site-packages/airflow/example_dags/example_dag_decorator.py
[2025-03-27T10:09:15.757+0000] {processor.py:914} INFO - Processing file /home/airflow/.local/lib/python3.12/site-packages/airflow/example_dags/example_dag_decorator.py for tasks to queue
[2025-03-27T10:09:15.758+0000] {logging_mixin.py:190} INFO - [2025-03-27T10:09:15.758+0000] {dagbag.py:588} INFO - Filling up the DagBag from /home/airflow/.local/lib/python3.12/site-packages/airflow/example_dags/example_dag_decorator.py
[2025-03-27T10:09:15.809+0000] {processor.py:925} INFO - DAG(s) 'example_dag_decorator' retrieved from /home/airflow/.local/lib/python3.12/site-packages/airflow/example_dags/example_dag_decorator.py
[2025-03-27T10:09:15.863+0000] {logging_mixin.py:190} INFO - [2025-03-27T10:09:15.863+0000] {dag.py:3239} INFO - Sync 1 DAGs
[2025-03-27T10:09:15.871+0000] {logging_mixin.py:190} INFO - [2025-03-27T10:09:15.870+0000] {dag.py:4180} INFO - Setting next_dagrun for example_dag_decorator to None, run_after=None
[2025-03-27T10:09:15.880+0000] {processor.py:208} INFO - Processing /home/airflow/.local/lib/python3.12/site-packages/airflow/example_dags/example_dag_decorator.py took 0.127 seconds
[2025-03-27T10:09:46.591+0000] {processor.py:186} INFO - Started process (PID=602) to work on /home/airflow/.local/lib/python3.12/site-packages/airflow/example_dags/example_dag_decorator.py
[2025-03-27T10:09:46.594+0000] {processor.py:914} INFO - Processing file /home/airflow/.local/lib/python3.12/site-packages/airflow/example_dags/example_dag_decorator.py for tasks to queue
[2025-03-27T10:09:46.595+0000] {logging_mixin.py:190} INFO - [2025-03-27T10:09:46.595+0000] {dagbag.py:588} INFO - Filling up the DagBag from /home/airflow/.local/lib/python3.12/site-packages/airflow/example_dags/example_dag_decorator.py
[2025-03-27T10:09:46.643+0000] {processor.py:925} INFO - DAG(s) 'example_dag_decorator' retrieved from /home/airflow/.local/lib/python3.12/site-packages/airflow/example_dags/example_dag_decorator.py
[2025-03-27T10:09:46.693+0000] {logging_mixin.py:190} INFO - [2025-03-27T10:09:46.693+0000] {dag.py:3239} INFO - Sync 1 DAGs
[2025-03-27T10:09:46.700+0000] {logging_mixin.py:190} INFO - [2025-03-27T10:09:46.700+0000] {dag.py:4180} INFO - Setting next_dagrun for example_dag_decorator to None, run_after=None
[2025-03-27T10:09:46.708+0000] {processor.py:208} INFO - Processing /home/airflow/.local/lib/python3.12/site-packages/airflow/example_dags/example_dag_decorator.py took 0.120 seconds
[2025-03-27T10:10:17.587+0000] {processor.py:186} INFO - Started process (PID=665) to work on /home/airflow/.local/lib/python3.12/site-packages/airflow/example_dags/example_dag_decorator.py
[2025-03-27T10:10:17.588+0000] {processor.py:914} INFO - Processing file /home/airflow/.local/lib/python3.12/site-packages/airflow/example_dags/example_dag_decorator.py for tasks to queue
[2025-03-27T10:10:17.589+0000] {logging_mixin.py:190} INFO - [2025-03-27T10:10:17.589+0000] {dagbag.py:588} INFO - Filling up the DagBag from /home/airflow/.local/lib/python3.12/site-packages/airflow/example_dags/example_dag_decorator.py
[2025-03-27T10:10:17.635+0000] {processor.py:925} INFO - DAG(s) 'example_dag_decorator' retrieved from /home/airflow/.local/lib/python3.12/site-packages/airflow/example_dags/example_dag_decorator.py
[2025-03-27T10:10:17.687+0000] {logging_mixin.py:190} INFO - [2025-03-27T10:10:17.687+0000] {dag.py:3239} INFO - Sync 1 DAGs
[2025-03-27T10:10:17.695+0000] {logging_mixin.py:190} INFO - [2025-03-27T10:10:17.695+0000] {dag.py:4180} INFO - Setting next_dagrun for example_dag_decorator to None, run_after=None
[2025-03-27T10:10:17.705+0000] {processor.py:208} INFO - Processing /home/airflow/.local/lib/python3.12/site-packages/airflow/example_dags/example_dag_decorator.py took 0.121 seconds
[2025-03-27T10:10:48.863+0000] {processor.py:186} INFO - Started process (PID=728) to work on /home/airflow/.local/lib/python3.12/site-packages/airflow/example_dags/example_dag_decorator.py
[2025-03-27T10:10:48.864+0000] {processor.py:914} INFO - Processing file /home/airflow/.local/lib/python3.12/site-packages/airflow/example_dags/example_dag_decorator.py for tasks to queue
[2025-03-27T10:10:48.865+0000] {logging_mixin.py:190} INFO - [2025-03-27T10:10:48.865+0000] {dagbag.py:588} INFO - Filling up the DagBag from /home/airflow/.local/lib/python3.12/site-packages/airflow/example_dags/example_dag_decorator.py
[2025-03-27T10:10:48.933+0000] {processor.py:925} INFO - DAG(s) 'example_dag_decorator' retrieved from /home/airflow/.local/lib/python3.12/site-packages/airflow/example_dags/example_dag_decorator.py
[2025-03-27T10:10:48.992+0000] {logging_mixin.py:190} INFO - [2025-03-27T10:10:48.992+0000] {dag.py:3239} INFO - Sync 1 DAGs
[2025-03-27T10:10:49.003+0000] {logging_mixin.py:190} INFO - [2025-03-27T10:10:49.003+0000] {dag.py:4180} INFO - Setting next_dagrun for example_dag_decorator to None, run_after=None
[2025-03-27T10:10:49.040+0000] {processor.py:208} INFO - Processing /home/airflow/.local/lib/python3.12/site-packages/airflow/example_dags/example_dag_decorator.py took 0.179 seconds
[2025-03-27T10:11:19.782+0000] {processor.py:186} INFO - Started process (PID=791) to work on /home/airflow/.local/lib/python3.12/site-packages/airflow/example_dags/example_dag_decorator.py
[2025-03-27T10:11:19.782+0000] {processor.py:914} INFO - Processing file /home/airflow/.local/lib/python3.12/site-packages/airflow/example_dags/example_dag_decorator.py for tasks to queue
[2025-03-27T10:11:19.783+0000] {logging_mixin.py:190} INFO - [2025-03-27T10:11:19.783+0000] {dagbag.py:588} INFO - Filling up the DagBag from /home/airflow/.local/lib/python3.12/site-packages/airflow/example_dags/example_dag_decorator.py
[2025-03-27T10:11:19.832+0000] {processor.py:925} INFO - DAG(s) 'example_dag_decorator' retrieved from /home/airflow/.local/lib/python3.12/site-packages/airflow/example_dags/example_dag_decorator.py
[2025-03-27T10:11:19.885+0000] {logging_mixin.py:190} INFO - [2025-03-27T10:11:19.885+0000] {dag.py:3239} INFO - Sync 1 DAGs
[2025-03-27T10:11:19.892+0000] {logging_mixin.py:190} INFO - [2025-03-27T10:11:19.891+0000] {dag.py:4180} INFO - Setting next_dagrun for example_dag_decorator to None, run_after=None
[2025-03-27T10:11:19.900+0000] {processor.py:208} INFO - Processing /home/airflow/.local/lib/python3.12/site-packages/airflow/example_dags/example_dag_decorator.py took 0.121 seconds
[2025-03-27T10:11:50.492+0000] {processor.py:186} INFO - Started process (PID=854) to work on /home/airflow/.local/lib/python3.12/site-packages/airflow/example_dags/example_dag_decorator.py
[2025-03-27T10:11:50.493+0000] {processor.py:914} INFO - Processing file /home/airflow/.local/lib/python3.12/site-packages/airflow/example_dags/example_dag_decorator.py for tasks to queue
[2025-03-27T10:11:50.494+0000] {logging_mixin.py:190} INFO - [2025-03-27T10:11:50.494+0000] {dagbag.py:588} INFO - Filling up the DagBag from /home/airflow/.local/lib/python3.12/site-packages/airflow/example_dags/example_dag_decorator.py
[2025-03-27T10:11:50.538+0000] {processor.py:925} INFO - DAG(s) 'example_dag_decorator' retrieved from /home/airflow/.local/lib/python3.12/site-packages/airflow/example_dags/example_dag_decorator.py
[2025-03-27T10:11:50.587+0000] {logging_mixin.py:190} INFO - [2025-03-27T10:11:50.587+0000] {dag.py:3239} INFO - Sync 1 DAGs
[2025-03-27T10:11:50.593+0000] {logging_mixin.py:190} INFO - [2025-03-27T10:11:50.592+0000] {dag.py:4180} INFO - Setting next_dagrun for example_dag_decorator to None, run_after=None
[2025-03-27T10:11:50.603+0000] {processor.py:208} INFO - Processing /home/airflow/.local/lib/python3.12/site-packages/airflow/example_dags/example_dag_decorator.py took 0.113 seconds
[2025-03-27T10:12:21.326+0000] {processor.py:186} INFO - Started process (PID=917) to work on /home/airflow/.local/lib/python3.12/site-packages/airflow/example_dags/example_dag_decorator.py
[2025-03-27T10:12:21.329+0000] {processor.py:914} INFO - Processing file /home/airflow/.local/lib/python3.12/site-packages/airflow/example_dags/example_dag_decorator.py for tasks to queue
[2025-03-27T10:12:21.334+0000] {logging_mixin.py:190} INFO - [2025-03-27T10:12:21.333+0000] {dagbag.py:588} INFO - Filling up the DagBag from /home/airflow/.local/lib/python3.12/site-packages/airflow/example_dags/example_dag_decorator.py
[2025-03-27T10:12:21.381+0000] {processor.py:925} INFO - DAG(s) 'example_dag_decorator' retrieved from /home/airflow/.local/lib/python3.12/site-packages/airflow/example_dags/example_dag_decorator.py
[2025-03-27T10:12:21.433+0000] {logging_mixin.py:190} INFO - [2025-03-27T10:12:21.433+0000] {dag.py:3239} INFO - Sync 1 DAGs
[2025-03-27T10:12:21.442+0000] {logging_mixin.py:190} INFO - [2025-03-27T10:12:21.442+0000] {dag.py:4180} INFO - Setting next_dagrun for example_dag_decorator to None, run_after=None
[2025-03-27T10:12:21.450+0000] {processor.py:208} INFO - Processing /home/airflow/.local/lib/python3.12/site-packages/airflow/example_dags/example_dag_decorator.py took 0.128 seconds
[2025-03-27T10:12:52.089+0000] {processor.py:186} INFO - Started process (PID=980) to work on /home/airflow/.local/lib/python3.12/site-packages/airflow/example_dags/example_dag_decorator.py
[2025-03-27T10:12:52.092+0000] {processor.py:914} INFO - Processing file /home/airflow/.local/lib/python3.12/site-packages/airflow/example_dags/example_dag_decorator.py for tasks to queue
[2025-03-27T10:12:52.094+0000] {logging_mixin.py:190} INFO - [2025-03-27T10:12:52.094+0000] {dagbag.py:588} INFO - Filling up the DagBag from /home/airflow/.local/lib/python3.12/site-packages/airflow/example_dags/example_dag_decorator.py
[2025-03-27T10:12:52.146+0000] {processor.py:925} INFO - DAG(s) 'example_dag_decorator' retrieved from /home/airflow/.local/lib/python3.12/site-packages/airflow/example_dags/example_dag_decorator.py
[2025-03-27T10:12:52.198+0000] {logging_mixin.py:190} INFO - [2025-03-27T10:12:52.197+0000] {dag.py:3239} INFO - Sync 1 DAGs
[2025-03-27T10:12:52.205+0000] {logging_mixin.py:190} INFO - [2025-03-27T10:12:52.205+0000] {dag.py:4180} INFO - Setting next_dagrun for example_dag_decorator to None, run_after=None
[2025-03-27T10:12:52.213+0000] {processor.py:208} INFO - Processing /home/airflow/.local/lib/python3.12/site-packages/airflow/example_dags/example_dag_decorator.py took 0.127 seconds
[2025-03-27T10:13:23.316+0000] {processor.py:186} INFO - Started process (PID=1043) to work on /home/airflow/.local/lib/python3.12/site-packages/airflow/example_dags/example_dag_decorator.py
[2025-03-27T10:13:23.318+0000] {processor.py:914} INFO - Processing file /home/airflow/.local/lib/python3.12/site-packages/airflow/example_dags/example_dag_decorator.py for tasks to queue
[2025-03-27T10:13:23.320+0000] {logging_mixin.py:190} INFO - [2025-03-27T10:13:23.320+0000] {dagbag.py:588} INFO - Filling up the DagBag from /home/airflow/.local/lib/python3.12/site-packages/airflow/example_dags/example_dag_decorator.py
[2025-03-27T10:13:23.379+0000] {processor.py:925} INFO - DAG(s) 'example_dag_decorator' retrieved from /home/airflow/.local/lib/python3.12/site-packages/airflow/example_dags/example_dag_decorator.py
[2025-03-27T10:13:23.440+0000] {logging_mixin.py:190} INFO - [2025-03-27T10:13:23.440+0000] {dag.py:3239} INFO - Sync 1 DAGs
[2025-03-27T10:13:23.446+0000] {logging_mixin.py:190} INFO - [2025-03-27T10:13:23.445+0000] {dag.py:4180} INFO - Setting next_dagrun for example_dag_decorator to None, run_after=None
[2025-03-27T10:13:23.455+0000] {processor.py:208} INFO - Processing /home/airflow/.local/lib/python3.12/site-packages/airflow/example_dags/example_dag_decorator.py took 0.142 seconds
[2025-03-27T10:13:54.455+0000] {processor.py:186} INFO - Started process (PID=1106) to work on /home/airflow/.local/lib/python3.12/site-packages/airflow/example_dags/example_dag_decorator.py
[2025-03-27T10:13:54.455+0000] {processor.py:914} INFO - Processing file /home/airflow/.local/lib/python3.12/site-packages/airflow/example_dags/example_dag_decorator.py for tasks to queue
[2025-03-27T10:13:54.458+0000] {logging_mixin.py:190} INFO - [2025-03-27T10:13:54.458+0000] {dagbag.py:588} INFO - Filling up the DagBag from /home/airflow/.local/lib/python3.12/site-packages/airflow/example_dags/example_dag_decorator.py
[2025-03-27T10:13:54.510+0000] {processor.py:925} INFO - DAG(s) 'example_dag_decorator' retrieved from /home/airflow/.local/lib/python3.12/site-packages/airflow/example_dags/example_dag_decorator.py
[2025-03-27T10:13:54.564+0000] {logging_mixin.py:190} INFO - [2025-03-27T10:13:54.564+0000] {dag.py:3239} INFO - Sync 1 DAGs
[2025-03-27T10:13:54.570+0000] {logging_mixin.py:190} INFO - [2025-03-27T10:13:54.570+0000] {dag.py:4180} INFO - Setting next_dagrun for example_dag_decorator to None, run_after=None
[2025-03-27T10:13:54.579+0000] {processor.py:208} INFO - Processing /home/airflow/.local/lib/python3.12/site-packages/airflow/example_dags/example_dag_decorator.py took 0.127 seconds
[2025-03-27T10:14:25.281+0000] {processor.py:186} INFO - Started process (PID=1169) to work on /home/airflow/.local/lib/python3.12/site-packages/airflow/example_dags/example_dag_decorator.py
[2025-03-27T10:14:25.283+0000] {processor.py:914} INFO - Processing file /home/airflow/.local/lib/python3.12/site-packages/airflow/example_dags/example_dag_decorator.py for tasks to queue
[2025-03-27T10:14:25.285+0000] {logging_mixin.py:190} INFO - [2025-03-27T10:14:25.285+0000] {dagbag.py:588} INFO - Filling up the DagBag from /home/airflow/.local/lib/python3.12/site-packages/airflow/example_dags/example_dag_decorator.py
[2025-03-27T10:14:25.337+0000] {processor.py:925} INFO - DAG(s) 'example_dag_decorator' retrieved from /home/airflow/.local/lib/python3.12/site-packages/airflow/example_dags/example_dag_decorator.py
[2025-03-27T10:14:25.395+0000] {logging_mixin.py:190} INFO - [2025-03-27T10:14:25.395+0000] {dag.py:3239} INFO - Sync 1 DAGs
[2025-03-27T10:14:25.402+0000] {logging_mixin.py:190} INFO - [2025-03-27T10:14:25.402+0000] {dag.py:4180} INFO - Setting next_dagrun for example_dag_decorator to None, run_after=None
[2025-03-27T10:14:25.411+0000] {processor.py:208} INFO - Processing /home/airflow/.local/lib/python3.12/site-packages/airflow/example_dags/example_dag_decorator.py took 0.133 seconds
[2025-03-27T10:14:56.423+0000] {processor.py:186} INFO - Started process (PID=1232) to work on /home/airflow/.local/lib/python3.12/site-packages/airflow/example_dags/example_dag_decorator.py
[2025-03-27T10:14:56.424+0000] {processor.py:914} INFO - Processing file /home/airflow/.local/lib/python3.12/site-packages/airflow/example_dags/example_dag_decorator.py for tasks to queue
[2025-03-27T10:14:56.425+0000] {logging_mixin.py:190} INFO - [2025-03-27T10:14:56.425+0000] {dagbag.py:588} INFO - Filling up the DagBag from /home/airflow/.local/lib/python3.12/site-packages/airflow/example_dags/example_dag_decorator.py
[2025-03-27T10:14:56.473+0000] {processor.py:925} INFO - DAG(s) 'example_dag_decorator' retrieved from /home/airflow/.local/lib/python3.12/site-packages/airflow/example_dags/example_dag_decorator.py
[2025-03-27T10:14:56.528+0000] {logging_mixin.py:190} INFO - [2025-03-27T10:14:56.528+0000] {dag.py:3239} INFO - Sync 1 DAGs
[2025-03-27T10:14:56.534+0000] {logging_mixin.py:190} INFO - [2025-03-27T10:14:56.533+0000] {dag.py:4180} INFO - Setting next_dagrun for example_dag_decorator to None, run_after=None
[2025-03-27T10:14:56.542+0000] {processor.py:208} INFO - Processing /home/airflow/.local/lib/python3.12/site-packages/airflow/example_dags/example_dag_decorator.py took 0.122 seconds
[2025-03-27T10:15:27.116+0000] {processor.py:186} INFO - Started process (PID=1294) to work on /home/airflow/.local/lib/python3.12/site-packages/airflow/example_dags/example_dag_decorator.py
[2025-03-27T10:15:27.119+0000] {processor.py:914} INFO - Processing file /home/airflow/.local/lib/python3.12/site-packages/airflow/example_dags/example_dag_decorator.py for tasks to queue
[2025-03-27T10:15:27.124+0000] {logging_mixin.py:190} INFO - [2025-03-27T10:15:27.123+0000] {dagbag.py:588} INFO - Filling up the DagBag from /home/airflow/.local/lib/python3.12/site-packages/airflow/example_dags/example_dag_decorator.py
[2025-03-27T10:15:27.173+0000] {processor.py:925} INFO - DAG(s) 'example_dag_decorator' retrieved from /home/airflow/.local/lib/python3.12/site-packages/airflow/example_dags/example_dag_decorator.py
[2025-03-27T10:15:27.230+0000] {logging_mixin.py:190} INFO - [2025-03-27T10:15:27.230+0000] {dag.py:3239} INFO - Sync 1 DAGs
[2025-03-27T10:15:27.236+0000] {logging_mixin.py:190} INFO - [2025-03-27T10:15:27.236+0000] {dag.py:4180} INFO - Setting next_dagrun for example_dag_decorator to None, run_after=None
[2025-03-27T10:15:27.244+0000] {processor.py:208} INFO - Processing /home/airflow/.local/lib/python3.12/site-packages/airflow/example_dags/example_dag_decorator.py took 0.131 seconds
[2025-03-27T10:15:58.072+0000] {processor.py:186} INFO - Started process (PID=1357) to work on /home/airflow/.local/lib/python3.12/site-packages/airflow/example_dags/example_dag_decorator.py
[2025-03-27T10:15:58.073+0000] {processor.py:914} INFO - Processing file /home/airflow/.local/lib/python3.12/site-packages/airflow/example_dags/example_dag_decorator.py for tasks to queue
[2025-03-27T10:15:58.076+0000] {logging_mixin.py:190} INFO - [2025-03-27T10:15:58.076+0000] {dagbag.py:588} INFO - Filling up the DagBag from /home/airflow/.local/lib/python3.12/site-packages/airflow/example_dags/example_dag_decorator.py
[2025-03-27T10:15:58.124+0000] {processor.py:925} INFO - DAG(s) 'example_dag_decorator' retrieved from /home/airflow/.local/lib/python3.12/site-packages/airflow/example_dags/example_dag_decorator.py
[2025-03-27T10:15:58.177+0000] {logging_mixin.py:190} INFO - [2025-03-27T10:15:58.176+0000] {dag.py:3239} INFO - Sync 1 DAGs
[2025-03-27T10:15:58.184+0000] {logging_mixin.py:190} INFO - [2025-03-27T10:15:58.184+0000] {dag.py:4180} INFO - Setting next_dagrun for example_dag_decorator to None, run_after=None
[2025-03-27T10:15:58.194+0000] {processor.py:208} INFO - Processing /home/airflow/.local/lib/python3.12/site-packages/airflow/example_dags/example_dag_decorator.py took 0.125 seconds
[2025-03-27T10:16:29.348+0000] {processor.py:186} INFO - Started process (PID=1420) to work on /home/airflow/.local/lib/python3.12/site-packages/airflow/example_dags/example_dag_decorator.py
[2025-03-27T10:16:29.349+0000] {processor.py:914} INFO - Processing file /home/airflow/.local/lib/python3.12/site-packages/airflow/example_dags/example_dag_decorator.py for tasks to queue
[2025-03-27T10:16:29.350+0000] {logging_mixin.py:190} INFO - [2025-03-27T10:16:29.350+0000] {dagbag.py:588} INFO - Filling up the DagBag from /home/airflow/.local/lib/python3.12/site-packages/airflow/example_dags/example_dag_decorator.py
[2025-03-27T10:16:29.400+0000] {processor.py:925} INFO - DAG(s) 'example_dag_decorator' retrieved from /home/airflow/.local/lib/python3.12/site-packages/airflow/example_dags/example_dag_decorator.py
[2025-03-27T10:16:29.454+0000] {logging_mixin.py:190} INFO - [2025-03-27T10:16:29.454+0000] {dag.py:3239} INFO - Sync 1 DAGs
[2025-03-27T10:16:29.460+0000] {logging_mixin.py:190} INFO - [2025-03-27T10:16:29.460+0000] {dag.py:4180} INFO - Setting next_dagrun for example_dag_decorator to None, run_after=None
[2025-03-27T10:16:29.468+0000] {processor.py:208} INFO - Processing /home/airflow/.local/lib/python3.12/site-packages/airflow/example_dags/example_dag_decorator.py took 0.123 seconds
[2025-03-27T10:17:00.218+0000] {processor.py:186} INFO - Started process (PID=1483) to work on /home/airflow/.local/lib/python3.12/site-packages/airflow/example_dags/example_dag_decorator.py
[2025-03-27T10:17:00.218+0000] {processor.py:914} INFO - Processing file /home/airflow/.local/lib/python3.12/site-packages/airflow/example_dags/example_dag_decorator.py for tasks to queue
[2025-03-27T10:17:00.220+0000] {logging_mixin.py:190} INFO - [2025-03-27T10:17:00.220+0000] {dagbag.py:588} INFO - Filling up the DagBag from /home/airflow/.local/lib/python3.12/site-packages/airflow/example_dags/example_dag_decorator.py
[2025-03-27T10:17:00.271+0000] {processor.py:925} INFO - DAG(s) 'example_dag_decorator' retrieved from /home/airflow/.local/lib/python3.12/site-packages/airflow/example_dags/example_dag_decorator.py
[2025-03-27T10:17:00.330+0000] {logging_mixin.py:190} INFO - [2025-03-27T10:17:00.330+0000] {dag.py:3239} INFO - Sync 1 DAGs
[2025-03-27T10:17:00.336+0000] {logging_mixin.py:190} INFO - [2025-03-27T10:17:00.336+0000] {dag.py:4180} INFO - Setting next_dagrun for example_dag_decorator to None, run_after=None
[2025-03-27T10:17:00.345+0000] {processor.py:208} INFO - Processing /home/airflow/.local/lib/python3.12/site-packages/airflow/example_dags/example_dag_decorator.py took 0.131 seconds
[2025-03-27T10:17:31.068+0000] {processor.py:186} INFO - Started process (PID=1546) to work on /home/airflow/.local/lib/python3.12/site-packages/airflow/example_dags/example_dag_decorator.py
[2025-03-27T10:17:31.069+0000] {processor.py:914} INFO - Processing file /home/airflow/.local/lib/python3.12/site-packages/airflow/example_dags/example_dag_decorator.py for tasks to queue
[2025-03-27T10:17:31.070+0000] {logging_mixin.py:190} INFO - [2025-03-27T10:17:31.070+0000] {dagbag.py:588} INFO - Filling up the DagBag from /home/airflow/.local/lib/python3.12/site-packages/airflow/example_dags/example_dag_decorator.py
[2025-03-27T10:17:31.121+0000] {processor.py:925} INFO - DAG(s) 'example_dag_decorator' retrieved from /home/airflow/.local/lib/python3.12/site-packages/airflow/example_dags/example_dag_decorator.py
[2025-03-27T10:17:31.176+0000] {logging_mixin.py:190} INFO - [2025-03-27T10:17:31.176+0000] {dag.py:3239} INFO - Sync 1 DAGs
[2025-03-27T10:17:31.183+0000] {logging_mixin.py:190} INFO - [2025-03-27T10:17:31.183+0000] {dag.py:4180} INFO - Setting next_dagrun for example_dag_decorator to None, run_after=None
[2025-03-27T10:17:31.193+0000] {processor.py:208} INFO - Processing /home/airflow/.local/lib/python3.12/site-packages/airflow/example_dags/example_dag_decorator.py took 0.129 seconds
[2025-03-27T10:18:02.063+0000] {processor.py:186} INFO - Started process (PID=1609) to work on /home/airflow/.local/lib/python3.12/site-packages/airflow/example_dags/example_dag_decorator.py
[2025-03-27T10:18:02.063+0000] {processor.py:914} INFO - Processing file /home/airflow/.local/lib/python3.12/site-packages/airflow/example_dags/example_dag_decorator.py for tasks to queue
[2025-03-27T10:18:02.065+0000] {logging_mixin.py:190} INFO - [2025-03-27T10:18:02.064+0000] {dagbag.py:588} INFO - Filling up the DagBag from /home/airflow/.local/lib/python3.12/site-packages/airflow/example_dags/example_dag_decorator.py
[2025-03-27T10:18:02.118+0000] {processor.py:925} INFO - DAG(s) 'example_dag_decorator' retrieved from /home/airflow/.local/lib/python3.12/site-packages/airflow/example_dags/example_dag_decorator.py
[2025-03-27T10:18:02.185+0000] {logging_mixin.py:190} INFO - [2025-03-27T10:18:02.185+0000] {dag.py:3239} INFO - Sync 1 DAGs
[2025-03-27T10:18:02.193+0000] {logging_mixin.py:190} INFO - [2025-03-27T10:18:02.193+0000] {dag.py:4180} INFO - Setting next_dagrun for example_dag_decorator to None, run_after=None
[2025-03-27T10:18:02.205+0000] {processor.py:208} INFO - Processing /home/airflow/.local/lib/python3.12/site-packages/airflow/example_dags/example_dag_decorator.py took 0.145 seconds
