[2025-03-27T10:05:38.034+0000] {processor.py:186} INFO - Started process (PID=86) to work on /home/airflow/.local/lib/python3.12/site-packages/airflow/example_dags/example_complex.py
[2025-03-27T10:05:38.034+0000] {processor.py:914} INFO - Processing file /home/airflow/.local/lib/python3.12/site-packages/airflow/example_dags/example_complex.py for tasks to queue
[2025-03-27T10:05:38.036+0000] {logging_mixin.py:190} INFO - [2025-03-27T10:05:38.036+0000] {dagbag.py:588} INFO - Filling up the DagBag from /home/airflow/.local/lib/python3.12/site-packages/airflow/example_dags/example_complex.py
[2025-03-27T10:05:38.043+0000] {processor.py:925} INFO - DAG(s) 'example_complex' retrieved from /home/airflow/.local/lib/python3.12/site-packages/airflow/example_dags/example_complex.py
[2025-03-27T10:05:38.100+0000] {logging_mixin.py:190} INFO - [2025-03-27T10:05:38.099+0000] {override.py:1912} INFO - Created Permission View: can read on DAG:example_complex
[2025-03-27T10:05:38.105+0000] {logging_mixin.py:190} INFO - [2025-03-27T10:05:38.105+0000] {override.py:1912} INFO - Created Permission View: can delete on DAG:example_complex
[2025-03-27T10:05:38.109+0000] {logging_mixin.py:190} INFO - [2025-03-27T10:05:38.109+0000] {override.py:1912} INFO - Created Permission View: can edit on DAG:example_complex
[2025-03-27T10:05:38.112+0000] {logging_mixin.py:190} INFO - [2025-03-27T10:05:38.112+0000] {override.py:1912} INFO - Created Permission View: can read on DAG Run:example_complex
[2025-03-27T10:05:38.115+0000] {logging_mixin.py:190} INFO - [2025-03-27T10:05:38.115+0000] {override.py:1912} INFO - Created Permission View: can delete on DAG Run:example_complex
[2025-03-27T10:05:38.117+0000] {logging_mixin.py:190} INFO - [2025-03-27T10:05:38.117+0000] {override.py:1912} INFO - Created Permission View: can create on DAG Run:example_complex
[2025-03-27T10:05:38.119+0000] {logging_mixin.py:190} INFO - [2025-03-27T10:05:38.119+0000] {override.py:1912} INFO - Created Permission View: menu access on DAG Run:example_complex
[2025-03-27T10:05:38.120+0000] {logging_mixin.py:190} INFO - [2025-03-27T10:05:38.119+0000] {dag.py:3239} INFO - Sync 1 DAGs
[2025-03-27T10:05:38.126+0000] {logging_mixin.py:190} INFO - [2025-03-27T10:05:38.126+0000] {dag.py:3262} INFO - Creating ORM DAG for example_complex
[2025-03-27T10:05:38.126+0000] {logging_mixin.py:190} INFO - [2025-03-27T10:05:38.126+0000] {dag.py:4180} INFO - Setting next_dagrun for example_complex to None, run_after=None
[2025-03-27T10:05:38.135+0000] {processor.py:208} INFO - Processing /home/airflow/.local/lib/python3.12/site-packages/airflow/example_dags/example_complex.py took 0.105 seconds
[2025-03-27T10:06:09.052+0000] {processor.py:186} INFO - Started process (PID=149) to work on /home/airflow/.local/lib/python3.12/site-packages/airflow/example_dags/example_complex.py
[2025-03-27T10:06:09.055+0000] {processor.py:914} INFO - Processing file /home/airflow/.local/lib/python3.12/site-packages/airflow/example_dags/example_complex.py for tasks to queue
[2025-03-27T10:06:09.057+0000] {logging_mixin.py:190} INFO - [2025-03-27T10:06:09.057+0000] {dagbag.py:588} INFO - Filling up the DagBag from /home/airflow/.local/lib/python3.12/site-packages/airflow/example_dags/example_complex.py
[2025-03-27T10:06:09.072+0000] {processor.py:925} INFO - DAG(s) 'example_complex' retrieved from /home/airflow/.local/lib/python3.12/site-packages/airflow/example_dags/example_complex.py
[2025-03-27T10:06:09.101+0000] {logging_mixin.py:190} INFO - [2025-03-27T10:06:09.101+0000] {dag.py:3239} INFO - Sync 1 DAGs
[2025-03-27T10:06:09.110+0000] {logging_mixin.py:190} INFO - [2025-03-27T10:06:09.110+0000] {dag.py:4180} INFO - Setting next_dagrun for example_complex to None, run_after=None
[2025-03-27T10:06:09.120+0000] {processor.py:208} INFO - Processing /home/airflow/.local/lib/python3.12/site-packages/airflow/example_dags/example_complex.py took 0.074 seconds
[2025-03-27T10:06:39.176+0000] {processor.py:186} INFO - Started process (PID=212) to work on /home/airflow/.local/lib/python3.12/site-packages/airflow/example_dags/example_complex.py
[2025-03-27T10:06:39.176+0000] {processor.py:914} INFO - Processing file /home/airflow/.local/lib/python3.12/site-packages/airflow/example_dags/example_complex.py for tasks to queue
[2025-03-27T10:06:39.178+0000] {logging_mixin.py:190} INFO - [2025-03-27T10:06:39.177+0000] {dagbag.py:588} INFO - Filling up the DagBag from /home/airflow/.local/lib/python3.12/site-packages/airflow/example_dags/example_complex.py
[2025-03-27T10:06:39.184+0000] {processor.py:925} INFO - DAG(s) 'example_complex' retrieved from /home/airflow/.local/lib/python3.12/site-packages/airflow/example_dags/example_complex.py
[2025-03-27T10:06:39.201+0000] {logging_mixin.py:190} INFO - [2025-03-27T10:06:39.201+0000] {dag.py:3239} INFO - Sync 1 DAGs
[2025-03-27T10:06:39.210+0000] {logging_mixin.py:190} INFO - [2025-03-27T10:06:39.210+0000] {dag.py:4180} INFO - Setting next_dagrun for example_complex to None, run_after=None
[2025-03-27T10:06:39.220+0000] {processor.py:208} INFO - Processing /home/airflow/.local/lib/python3.12/site-packages/airflow/example_dags/example_complex.py took 0.048 seconds
[2025-03-27T10:07:10.146+0000] {processor.py:186} INFO - Started process (PID=275) to work on /home/airflow/.local/lib/python3.12/site-packages/airflow/example_dags/example_complex.py
[2025-03-27T10:07:10.146+0000] {processor.py:914} INFO - Processing file /home/airflow/.local/lib/python3.12/site-packages/airflow/example_dags/example_complex.py for tasks to queue
[2025-03-27T10:07:10.148+0000] {logging_mixin.py:190} INFO - [2025-03-27T10:07:10.148+0000] {dagbag.py:588} INFO - Filling up the DagBag from /home/airflow/.local/lib/python3.12/site-packages/airflow/example_dags/example_complex.py
[2025-03-27T10:07:10.154+0000] {processor.py:925} INFO - DAG(s) 'example_complex' retrieved from /home/airflow/.local/lib/python3.12/site-packages/airflow/example_dags/example_complex.py
[2025-03-27T10:07:10.174+0000] {logging_mixin.py:190} INFO - [2025-03-27T10:07:10.174+0000] {dag.py:3239} INFO - Sync 1 DAGs
[2025-03-27T10:07:10.182+0000] {logging_mixin.py:190} INFO - [2025-03-27T10:07:10.182+0000] {dag.py:4180} INFO - Setting next_dagrun for example_complex to None, run_after=None
[2025-03-27T10:07:10.191+0000] {processor.py:208} INFO - Processing /home/airflow/.local/lib/python3.12/site-packages/airflow/example_dags/example_complex.py took 0.049 seconds
[2025-03-27T10:07:41.351+0000] {processor.py:186} INFO - Started process (PID=338) to work on /home/airflow/.local/lib/python3.12/site-packages/airflow/example_dags/example_complex.py
[2025-03-27T10:07:41.352+0000] {processor.py:914} INFO - Processing file /home/airflow/.local/lib/python3.12/site-packages/airflow/example_dags/example_complex.py for tasks to queue
[2025-03-27T10:07:41.354+0000] {logging_mixin.py:190} INFO - [2025-03-27T10:07:41.354+0000] {dagbag.py:588} INFO - Filling up the DagBag from /home/airflow/.local/lib/python3.12/site-packages/airflow/example_dags/example_complex.py
[2025-03-27T10:07:41.360+0000] {processor.py:925} INFO - DAG(s) 'example_complex' retrieved from /home/airflow/.local/lib/python3.12/site-packages/airflow/example_dags/example_complex.py
[2025-03-27T10:07:41.379+0000] {logging_mixin.py:190} INFO - [2025-03-27T10:07:41.379+0000] {dag.py:3239} INFO - Sync 1 DAGs
[2025-03-27T10:07:41.386+0000] {logging_mixin.py:190} INFO - [2025-03-27T10:07:41.386+0000] {dag.py:4180} INFO - Setting next_dagrun for example_complex to None, run_after=None
[2025-03-27T10:07:41.397+0000] {processor.py:208} INFO - Processing /home/airflow/.local/lib/python3.12/site-packages/airflow/example_dags/example_complex.py took 0.048 seconds
[2025-03-27T10:08:12.154+0000] {processor.py:186} INFO - Started process (PID=400) to work on /home/airflow/.local/lib/python3.12/site-packages/airflow/example_dags/example_complex.py
[2025-03-27T10:08:12.156+0000] {processor.py:914} INFO - Processing file /home/airflow/.local/lib/python3.12/site-packages/airflow/example_dags/example_complex.py for tasks to queue
[2025-03-27T10:08:12.158+0000] {logging_mixin.py:190} INFO - [2025-03-27T10:08:12.158+0000] {dagbag.py:588} INFO - Filling up the DagBag from /home/airflow/.local/lib/python3.12/site-packages/airflow/example_dags/example_complex.py
[2025-03-27T10:08:12.165+0000] {processor.py:925} INFO - DAG(s) 'example_complex' retrieved from /home/airflow/.local/lib/python3.12/site-packages/airflow/example_dags/example_complex.py
[2025-03-27T10:08:12.180+0000] {logging_mixin.py:190} INFO - [2025-03-27T10:08:12.180+0000] {dag.py:3239} INFO - Sync 1 DAGs
[2025-03-27T10:08:12.187+0000] {logging_mixin.py:190} INFO - [2025-03-27T10:08:12.187+0000] {dag.py:4180} INFO - Setting next_dagrun for example_complex to None, run_after=None
[2025-03-27T10:08:12.196+0000] {processor.py:208} INFO - Processing /home/airflow/.local/lib/python3.12/site-packages/airflow/example_dags/example_complex.py took 0.045 seconds
[2025-03-27T10:08:43.154+0000] {processor.py:186} INFO - Started process (PID=463) to work on /home/airflow/.local/lib/python3.12/site-packages/airflow/example_dags/example_complex.py
[2025-03-27T10:08:43.154+0000] {processor.py:914} INFO - Processing file /home/airflow/.local/lib/python3.12/site-packages/airflow/example_dags/example_complex.py for tasks to queue
[2025-03-27T10:08:43.156+0000] {logging_mixin.py:190} INFO - [2025-03-27T10:08:43.156+0000] {dagbag.py:588} INFO - Filling up the DagBag from /home/airflow/.local/lib/python3.12/site-packages/airflow/example_dags/example_complex.py
[2025-03-27T10:08:43.163+0000] {processor.py:925} INFO - DAG(s) 'example_complex' retrieved from /home/airflow/.local/lib/python3.12/site-packages/airflow/example_dags/example_complex.py
[2025-03-27T10:08:43.179+0000] {logging_mixin.py:190} INFO - [2025-03-27T10:08:43.179+0000] {dag.py:3239} INFO - Sync 1 DAGs
[2025-03-27T10:08:43.186+0000] {logging_mixin.py:190} INFO - [2025-03-27T10:08:43.186+0000] {dag.py:4180} INFO - Setting next_dagrun for example_complex to None, run_after=None
[2025-03-27T10:08:43.195+0000] {processor.py:208} INFO - Processing /home/airflow/.local/lib/python3.12/site-packages/airflow/example_dags/example_complex.py took 0.045 seconds
[2025-03-27T10:09:14.047+0000] {processor.py:186} INFO - Started process (PID=525) to work on /home/airflow/.local/lib/python3.12/site-packages/airflow/example_dags/example_complex.py
[2025-03-27T10:09:14.048+0000] {processor.py:914} INFO - Processing file /home/airflow/.local/lib/python3.12/site-packages/airflow/example_dags/example_complex.py for tasks to queue
[2025-03-27T10:09:14.049+0000] {logging_mixin.py:190} INFO - [2025-03-27T10:09:14.049+0000] {dagbag.py:588} INFO - Filling up the DagBag from /home/airflow/.local/lib/python3.12/site-packages/airflow/example_dags/example_complex.py
[2025-03-27T10:09:14.056+0000] {processor.py:925} INFO - DAG(s) 'example_complex' retrieved from /home/airflow/.local/lib/python3.12/site-packages/airflow/example_dags/example_complex.py
[2025-03-27T10:09:14.076+0000] {logging_mixin.py:190} INFO - [2025-03-27T10:09:14.075+0000] {dag.py:3239} INFO - Sync 1 DAGs
[2025-03-27T10:09:14.087+0000] {logging_mixin.py:190} INFO - [2025-03-27T10:09:14.087+0000] {dag.py:4180} INFO - Setting next_dagrun for example_complex to None, run_after=None
[2025-03-27T10:09:14.097+0000] {processor.py:208} INFO - Processing /home/airflow/.local/lib/python3.12/site-packages/airflow/example_dags/example_complex.py took 0.053 seconds
[2025-03-27T10:09:44.892+0000] {processor.py:186} INFO - Started process (PID=588) to work on /home/airflow/.local/lib/python3.12/site-packages/airflow/example_dags/example_complex.py
[2025-03-27T10:09:44.893+0000] {processor.py:914} INFO - Processing file /home/airflow/.local/lib/python3.12/site-packages/airflow/example_dags/example_complex.py for tasks to queue
[2025-03-27T10:09:44.894+0000] {logging_mixin.py:190} INFO - [2025-03-27T10:09:44.894+0000] {dagbag.py:588} INFO - Filling up the DagBag from /home/airflow/.local/lib/python3.12/site-packages/airflow/example_dags/example_complex.py
[2025-03-27T10:09:44.900+0000] {processor.py:925} INFO - DAG(s) 'example_complex' retrieved from /home/airflow/.local/lib/python3.12/site-packages/airflow/example_dags/example_complex.py
[2025-03-27T10:09:44.915+0000] {logging_mixin.py:190} INFO - [2025-03-27T10:09:44.915+0000] {dag.py:3239} INFO - Sync 1 DAGs
[2025-03-27T10:09:44.922+0000] {logging_mixin.py:190} INFO - [2025-03-27T10:09:44.922+0000] {dag.py:4180} INFO - Setting next_dagrun for example_complex to None, run_after=None
[2025-03-27T10:09:44.931+0000] {processor.py:208} INFO - Processing /home/airflow/.local/lib/python3.12/site-packages/airflow/example_dags/example_complex.py took 0.042 seconds
[2025-03-27T10:10:15.853+0000] {processor.py:186} INFO - Started process (PID=651) to work on /home/airflow/.local/lib/python3.12/site-packages/airflow/example_dags/example_complex.py
[2025-03-27T10:10:15.854+0000] {processor.py:914} INFO - Processing file /home/airflow/.local/lib/python3.12/site-packages/airflow/example_dags/example_complex.py for tasks to queue
[2025-03-27T10:10:15.855+0000] {logging_mixin.py:190} INFO - [2025-03-27T10:10:15.855+0000] {dagbag.py:588} INFO - Filling up the DagBag from /home/airflow/.local/lib/python3.12/site-packages/airflow/example_dags/example_complex.py
[2025-03-27T10:10:15.863+0000] {processor.py:925} INFO - DAG(s) 'example_complex' retrieved from /home/airflow/.local/lib/python3.12/site-packages/airflow/example_dags/example_complex.py
[2025-03-27T10:10:15.882+0000] {logging_mixin.py:190} INFO - [2025-03-27T10:10:15.882+0000] {dag.py:3239} INFO - Sync 1 DAGs
[2025-03-27T10:10:15.890+0000] {logging_mixin.py:190} INFO - [2025-03-27T10:10:15.890+0000] {dag.py:4180} INFO - Setting next_dagrun for example_complex to None, run_after=None
[2025-03-27T10:10:15.899+0000] {processor.py:208} INFO - Processing /home/airflow/.local/lib/python3.12/site-packages/airflow/example_dags/example_complex.py took 0.049 seconds
[2025-03-27T10:10:46.914+0000] {processor.py:186} INFO - Started process (PID=714) to work on /home/airflow/.local/lib/python3.12/site-packages/airflow/example_dags/example_complex.py
[2025-03-27T10:10:46.915+0000] {processor.py:914} INFO - Processing file /home/airflow/.local/lib/python3.12/site-packages/airflow/example_dags/example_complex.py for tasks to queue
[2025-03-27T10:10:46.916+0000] {logging_mixin.py:190} INFO - [2025-03-27T10:10:46.916+0000] {dagbag.py:588} INFO - Filling up the DagBag from /home/airflow/.local/lib/python3.12/site-packages/airflow/example_dags/example_complex.py
[2025-03-27T10:10:46.922+0000] {processor.py:925} INFO - DAG(s) 'example_complex' retrieved from /home/airflow/.local/lib/python3.12/site-packages/airflow/example_dags/example_complex.py
[2025-03-27T10:10:46.939+0000] {logging_mixin.py:190} INFO - [2025-03-27T10:10:46.939+0000] {dag.py:3239} INFO - Sync 1 DAGs
[2025-03-27T10:10:46.952+0000] {logging_mixin.py:190} INFO - [2025-03-27T10:10:46.952+0000] {dag.py:4180} INFO - Setting next_dagrun for example_complex to None, run_after=None
[2025-03-27T10:10:46.962+0000] {processor.py:208} INFO - Processing /home/airflow/.local/lib/python3.12/site-packages/airflow/example_dags/example_complex.py took 0.051 seconds
[2025-03-27T10:11:18.022+0000] {processor.py:186} INFO - Started process (PID=776) to work on /home/airflow/.local/lib/python3.12/site-packages/airflow/example_dags/example_complex.py
[2025-03-27T10:11:18.024+0000] {processor.py:914} INFO - Processing file /home/airflow/.local/lib/python3.12/site-packages/airflow/example_dags/example_complex.py for tasks to queue
[2025-03-27T10:11:18.026+0000] {logging_mixin.py:190} INFO - [2025-03-27T10:11:18.025+0000] {dagbag.py:588} INFO - Filling up the DagBag from /home/airflow/.local/lib/python3.12/site-packages/airflow/example_dags/example_complex.py
[2025-03-27T10:11:18.032+0000] {processor.py:925} INFO - DAG(s) 'example_complex' retrieved from /home/airflow/.local/lib/python3.12/site-packages/airflow/example_dags/example_complex.py
[2025-03-27T10:11:18.047+0000] {logging_mixin.py:190} INFO - [2025-03-27T10:11:18.047+0000] {dag.py:3239} INFO - Sync 1 DAGs
[2025-03-27T10:11:18.056+0000] {logging_mixin.py:190} INFO - [2025-03-27T10:11:18.056+0000] {dag.py:4180} INFO - Setting next_dagrun for example_complex to None, run_after=None
[2025-03-27T10:11:18.067+0000] {processor.py:208} INFO - Processing /home/airflow/.local/lib/python3.12/site-packages/airflow/example_dags/example_complex.py took 0.048 seconds
[2025-03-27T10:11:48.778+0000] {processor.py:186} INFO - Started process (PID=840) to work on /home/airflow/.local/lib/python3.12/site-packages/airflow/example_dags/example_complex.py
[2025-03-27T10:11:48.779+0000] {processor.py:914} INFO - Processing file /home/airflow/.local/lib/python3.12/site-packages/airflow/example_dags/example_complex.py for tasks to queue
[2025-03-27T10:11:48.780+0000] {logging_mixin.py:190} INFO - [2025-03-27T10:11:48.780+0000] {dagbag.py:588} INFO - Filling up the DagBag from /home/airflow/.local/lib/python3.12/site-packages/airflow/example_dags/example_complex.py
[2025-03-27T10:11:48.786+0000] {processor.py:925} INFO - DAG(s) 'example_complex' retrieved from /home/airflow/.local/lib/python3.12/site-packages/airflow/example_dags/example_complex.py
[2025-03-27T10:11:48.801+0000] {logging_mixin.py:190} INFO - [2025-03-27T10:11:48.801+0000] {dag.py:3239} INFO - Sync 1 DAGs
[2025-03-27T10:11:48.810+0000] {logging_mixin.py:190} INFO - [2025-03-27T10:11:48.810+0000] {dag.py:4180} INFO - Setting next_dagrun for example_complex to None, run_after=None
[2025-03-27T10:11:48.826+0000] {processor.py:208} INFO - Processing /home/airflow/.local/lib/python3.12/site-packages/airflow/example_dags/example_complex.py took 0.051 seconds
[2025-03-27T10:12:19.622+0000] {processor.py:186} INFO - Started process (PID=903) to work on /home/airflow/.local/lib/python3.12/site-packages/airflow/example_dags/example_complex.py
[2025-03-27T10:12:19.623+0000] {processor.py:914} INFO - Processing file /home/airflow/.local/lib/python3.12/site-packages/airflow/example_dags/example_complex.py for tasks to queue
[2025-03-27T10:12:19.624+0000] {logging_mixin.py:190} INFO - [2025-03-27T10:12:19.624+0000] {dagbag.py:588} INFO - Filling up the DagBag from /home/airflow/.local/lib/python3.12/site-packages/airflow/example_dags/example_complex.py
[2025-03-27T10:12:19.630+0000] {processor.py:925} INFO - DAG(s) 'example_complex' retrieved from /home/airflow/.local/lib/python3.12/site-packages/airflow/example_dags/example_complex.py
[2025-03-27T10:12:19.644+0000] {logging_mixin.py:190} INFO - [2025-03-27T10:12:19.643+0000] {dag.py:3239} INFO - Sync 1 DAGs
[2025-03-27T10:12:19.650+0000] {logging_mixin.py:190} INFO - [2025-03-27T10:12:19.650+0000] {dag.py:4180} INFO - Setting next_dagrun for example_complex to None, run_after=None
[2025-03-27T10:12:19.658+0000] {processor.py:208} INFO - Processing /home/airflow/.local/lib/python3.12/site-packages/airflow/example_dags/example_complex.py took 0.040 seconds
[2025-03-27T10:12:50.331+0000] {processor.py:186} INFO - Started process (PID=966) to work on /home/airflow/.local/lib/python3.12/site-packages/airflow/example_dags/example_complex.py
[2025-03-27T10:12:50.332+0000] {processor.py:914} INFO - Processing file /home/airflow/.local/lib/python3.12/site-packages/airflow/example_dags/example_complex.py for tasks to queue
[2025-03-27T10:12:50.333+0000] {logging_mixin.py:190} INFO - [2025-03-27T10:12:50.333+0000] {dagbag.py:588} INFO - Filling up the DagBag from /home/airflow/.local/lib/python3.12/site-packages/airflow/example_dags/example_complex.py
[2025-03-27T10:12:50.340+0000] {processor.py:925} INFO - DAG(s) 'example_complex' retrieved from /home/airflow/.local/lib/python3.12/site-packages/airflow/example_dags/example_complex.py
[2025-03-27T10:12:50.356+0000] {logging_mixin.py:190} INFO - [2025-03-27T10:12:50.356+0000] {dag.py:3239} INFO - Sync 1 DAGs
[2025-03-27T10:12:50.363+0000] {logging_mixin.py:190} INFO - [2025-03-27T10:12:50.363+0000] {dag.py:4180} INFO - Setting next_dagrun for example_complex to None, run_after=None
[2025-03-27T10:12:50.374+0000] {processor.py:208} INFO - Processing /home/airflow/.local/lib/python3.12/site-packages/airflow/example_dags/example_complex.py took 0.046 seconds
[2025-03-27T10:13:21.442+0000] {processor.py:186} INFO - Started process (PID=1029) to work on /home/airflow/.local/lib/python3.12/site-packages/airflow/example_dags/example_complex.py
[2025-03-27T10:13:21.443+0000] {processor.py:914} INFO - Processing file /home/airflow/.local/lib/python3.12/site-packages/airflow/example_dags/example_complex.py for tasks to queue
[2025-03-27T10:13:21.444+0000] {logging_mixin.py:190} INFO - [2025-03-27T10:13:21.444+0000] {dagbag.py:588} INFO - Filling up the DagBag from /home/airflow/.local/lib/python3.12/site-packages/airflow/example_dags/example_complex.py
[2025-03-27T10:13:21.450+0000] {processor.py:925} INFO - DAG(s) 'example_complex' retrieved from /home/airflow/.local/lib/python3.12/site-packages/airflow/example_dags/example_complex.py
[2025-03-27T10:13:21.467+0000] {logging_mixin.py:190} INFO - [2025-03-27T10:13:21.466+0000] {dag.py:3239} INFO - Sync 1 DAGs
[2025-03-27T10:13:21.474+0000] {logging_mixin.py:190} INFO - [2025-03-27T10:13:21.474+0000] {dag.py:4180} INFO - Setting next_dagrun for example_complex to None, run_after=None
[2025-03-27T10:13:21.484+0000] {processor.py:208} INFO - Processing /home/airflow/.local/lib/python3.12/site-packages/airflow/example_dags/example_complex.py took 0.045 seconds
[2025-03-27T10:13:52.474+0000] {processor.py:186} INFO - Started process (PID=1092) to work on /home/airflow/.local/lib/python3.12/site-packages/airflow/example_dags/example_complex.py
[2025-03-27T10:13:52.474+0000] {processor.py:914} INFO - Processing file /home/airflow/.local/lib/python3.12/site-packages/airflow/example_dags/example_complex.py for tasks to queue
[2025-03-27T10:13:52.476+0000] {logging_mixin.py:190} INFO - [2025-03-27T10:13:52.475+0000] {dagbag.py:588} INFO - Filling up the DagBag from /home/airflow/.local/lib/python3.12/site-packages/airflow/example_dags/example_complex.py
[2025-03-27T10:13:52.481+0000] {processor.py:925} INFO - DAG(s) 'example_complex' retrieved from /home/airflow/.local/lib/python3.12/site-packages/airflow/example_dags/example_complex.py
[2025-03-27T10:13:52.496+0000] {logging_mixin.py:190} INFO - [2025-03-27T10:13:52.496+0000] {dag.py:3239} INFO - Sync 1 DAGs
[2025-03-27T10:13:52.503+0000] {logging_mixin.py:190} INFO - [2025-03-27T10:13:52.502+0000] {dag.py:4180} INFO - Setting next_dagrun for example_complex to None, run_after=None
[2025-03-27T10:13:52.511+0000] {processor.py:208} INFO - Processing /home/airflow/.local/lib/python3.12/site-packages/airflow/example_dags/example_complex.py took 0.040 seconds
[2025-03-27T10:14:23.323+0000] {processor.py:186} INFO - Started process (PID=1154) to work on /home/airflow/.local/lib/python3.12/site-packages/airflow/example_dags/example_complex.py
[2025-03-27T10:14:23.324+0000] {processor.py:914} INFO - Processing file /home/airflow/.local/lib/python3.12/site-packages/airflow/example_dags/example_complex.py for tasks to queue
[2025-03-27T10:14:23.326+0000] {logging_mixin.py:190} INFO - [2025-03-27T10:14:23.325+0000] {dagbag.py:588} INFO - Filling up the DagBag from /home/airflow/.local/lib/python3.12/site-packages/airflow/example_dags/example_complex.py
[2025-03-27T10:14:23.332+0000] {processor.py:925} INFO - DAG(s) 'example_complex' retrieved from /home/airflow/.local/lib/python3.12/site-packages/airflow/example_dags/example_complex.py
[2025-03-27T10:14:23.349+0000] {logging_mixin.py:190} INFO - [2025-03-27T10:14:23.349+0000] {dag.py:3239} INFO - Sync 1 DAGs
[2025-03-27T10:14:23.356+0000] {logging_mixin.py:190} INFO - [2025-03-27T10:14:23.355+0000] {dag.py:4180} INFO - Setting next_dagrun for example_complex to None, run_after=None
[2025-03-27T10:14:23.364+0000] {processor.py:208} INFO - Processing /home/airflow/.local/lib/python3.12/site-packages/airflow/example_dags/example_complex.py took 0.044 seconds
[2025-03-27T10:14:54.482+0000] {processor.py:186} INFO - Started process (PID=1217) to work on /home/airflow/.local/lib/python3.12/site-packages/airflow/example_dags/example_complex.py
[2025-03-27T10:14:54.483+0000] {processor.py:914} INFO - Processing file /home/airflow/.local/lib/python3.12/site-packages/airflow/example_dags/example_complex.py for tasks to queue
[2025-03-27T10:14:54.485+0000] {logging_mixin.py:190} INFO - [2025-03-27T10:14:54.485+0000] {dagbag.py:588} INFO - Filling up the DagBag from /home/airflow/.local/lib/python3.12/site-packages/airflow/example_dags/example_complex.py
[2025-03-27T10:14:54.495+0000] {processor.py:925} INFO - DAG(s) 'example_complex' retrieved from /home/airflow/.local/lib/python3.12/site-packages/airflow/example_dags/example_complex.py
[2025-03-27T10:14:54.513+0000] {logging_mixin.py:190} INFO - [2025-03-27T10:14:54.513+0000] {dag.py:3239} INFO - Sync 1 DAGs
[2025-03-27T10:14:54.521+0000] {logging_mixin.py:190} INFO - [2025-03-27T10:14:54.521+0000] {dag.py:4180} INFO - Setting next_dagrun for example_complex to None, run_after=None
[2025-03-27T10:14:54.532+0000] {processor.py:208} INFO - Processing /home/airflow/.local/lib/python3.12/site-packages/airflow/example_dags/example_complex.py took 0.054 seconds
[2025-03-27T10:15:25.323+0000] {processor.py:186} INFO - Started process (PID=1280) to work on /home/airflow/.local/lib/python3.12/site-packages/airflow/example_dags/example_complex.py
[2025-03-27T10:15:25.324+0000] {processor.py:914} INFO - Processing file /home/airflow/.local/lib/python3.12/site-packages/airflow/example_dags/example_complex.py for tasks to queue
[2025-03-27T10:15:25.325+0000] {logging_mixin.py:190} INFO - [2025-03-27T10:15:25.325+0000] {dagbag.py:588} INFO - Filling up the DagBag from /home/airflow/.local/lib/python3.12/site-packages/airflow/example_dags/example_complex.py
[2025-03-27T10:15:25.331+0000] {processor.py:925} INFO - DAG(s) 'example_complex' retrieved from /home/airflow/.local/lib/python3.12/site-packages/airflow/example_dags/example_complex.py
[2025-03-27T10:15:25.345+0000] {logging_mixin.py:190} INFO - [2025-03-27T10:15:25.345+0000] {dag.py:3239} INFO - Sync 1 DAGs
[2025-03-27T10:15:25.351+0000] {logging_mixin.py:190} INFO - [2025-03-27T10:15:25.351+0000] {dag.py:4180} INFO - Setting next_dagrun for example_complex to None, run_after=None
[2025-03-27T10:15:25.359+0000] {processor.py:208} INFO - Processing /home/airflow/.local/lib/python3.12/site-packages/airflow/example_dags/example_complex.py took 0.039 seconds
[2025-03-27T10:15:56.273+0000] {processor.py:186} INFO - Started process (PID=1343) to work on /home/airflow/.local/lib/python3.12/site-packages/airflow/example_dags/example_complex.py
[2025-03-27T10:15:56.274+0000] {processor.py:914} INFO - Processing file /home/airflow/.local/lib/python3.12/site-packages/airflow/example_dags/example_complex.py for tasks to queue
[2025-03-27T10:15:56.276+0000] {logging_mixin.py:190} INFO - [2025-03-27T10:15:56.275+0000] {dagbag.py:588} INFO - Filling up the DagBag from /home/airflow/.local/lib/python3.12/site-packages/airflow/example_dags/example_complex.py
[2025-03-27T10:15:56.281+0000] {processor.py:925} INFO - DAG(s) 'example_complex' retrieved from /home/airflow/.local/lib/python3.12/site-packages/airflow/example_dags/example_complex.py
[2025-03-27T10:15:56.295+0000] {logging_mixin.py:190} INFO - [2025-03-27T10:15:56.295+0000] {dag.py:3239} INFO - Sync 1 DAGs
[2025-03-27T10:15:56.302+0000] {logging_mixin.py:190} INFO - [2025-03-27T10:15:56.302+0000] {dag.py:4180} INFO - Setting next_dagrun for example_complex to None, run_after=None
[2025-03-27T10:15:56.310+0000] {processor.py:208} INFO - Processing /home/airflow/.local/lib/python3.12/site-packages/airflow/example_dags/example_complex.py took 0.039 seconds
[2025-03-27T10:16:27.442+0000] {processor.py:186} INFO - Started process (PID=1406) to work on /home/airflow/.local/lib/python3.12/site-packages/airflow/example_dags/example_complex.py
[2025-03-27T10:16:27.442+0000] {processor.py:914} INFO - Processing file /home/airflow/.local/lib/python3.12/site-packages/airflow/example_dags/example_complex.py for tasks to queue
[2025-03-27T10:16:27.444+0000] {logging_mixin.py:190} INFO - [2025-03-27T10:16:27.443+0000] {dagbag.py:588} INFO - Filling up the DagBag from /home/airflow/.local/lib/python3.12/site-packages/airflow/example_dags/example_complex.py
[2025-03-27T10:16:27.449+0000] {processor.py:925} INFO - DAG(s) 'example_complex' retrieved from /home/airflow/.local/lib/python3.12/site-packages/airflow/example_dags/example_complex.py
[2025-03-27T10:16:27.463+0000] {logging_mixin.py:190} INFO - [2025-03-27T10:16:27.463+0000] {dag.py:3239} INFO - Sync 1 DAGs
[2025-03-27T10:16:27.470+0000] {logging_mixin.py:190} INFO - [2025-03-27T10:16:27.470+0000] {dag.py:4180} INFO - Setting next_dagrun for example_complex to None, run_after=None
[2025-03-27T10:16:27.479+0000] {processor.py:208} INFO - Processing /home/airflow/.local/lib/python3.12/site-packages/airflow/example_dags/example_complex.py took 0.040 seconds
[2025-03-27T10:16:58.353+0000] {processor.py:186} INFO - Started process (PID=1468) to work on /home/airflow/.local/lib/python3.12/site-packages/airflow/example_dags/example_complex.py
[2025-03-27T10:16:58.354+0000] {processor.py:914} INFO - Processing file /home/airflow/.local/lib/python3.12/site-packages/airflow/example_dags/example_complex.py for tasks to queue
[2025-03-27T10:16:58.356+0000] {logging_mixin.py:190} INFO - [2025-03-27T10:16:58.356+0000] {dagbag.py:588} INFO - Filling up the DagBag from /home/airflow/.local/lib/python3.12/site-packages/airflow/example_dags/example_complex.py
[2025-03-27T10:16:58.362+0000] {processor.py:925} INFO - DAG(s) 'example_complex' retrieved from /home/airflow/.local/lib/python3.12/site-packages/airflow/example_dags/example_complex.py
[2025-03-27T10:16:58.377+0000] {logging_mixin.py:190} INFO - [2025-03-27T10:16:58.376+0000] {dag.py:3239} INFO - Sync 1 DAGs
[2025-03-27T10:16:58.384+0000] {logging_mixin.py:190} INFO - [2025-03-27T10:16:58.383+0000] {dag.py:4180} INFO - Setting next_dagrun for example_complex to None, run_after=None
[2025-03-27T10:16:58.392+0000] {processor.py:208} INFO - Processing /home/airflow/.local/lib/python3.12/site-packages/airflow/example_dags/example_complex.py took 0.042 seconds
[2025-03-27T10:17:29.270+0000] {processor.py:186} INFO - Started process (PID=1532) to work on /home/airflow/.local/lib/python3.12/site-packages/airflow/example_dags/example_complex.py
[2025-03-27T10:17:29.270+0000] {processor.py:914} INFO - Processing file /home/airflow/.local/lib/python3.12/site-packages/airflow/example_dags/example_complex.py for tasks to queue
[2025-03-27T10:17:29.272+0000] {logging_mixin.py:190} INFO - [2025-03-27T10:17:29.271+0000] {dagbag.py:588} INFO - Filling up the DagBag from /home/airflow/.local/lib/python3.12/site-packages/airflow/example_dags/example_complex.py
[2025-03-27T10:17:29.278+0000] {processor.py:925} INFO - DAG(s) 'example_complex' retrieved from /home/airflow/.local/lib/python3.12/site-packages/airflow/example_dags/example_complex.py
[2025-03-27T10:17:29.294+0000] {logging_mixin.py:190} INFO - [2025-03-27T10:17:29.294+0000] {dag.py:3239} INFO - Sync 1 DAGs
[2025-03-27T10:17:29.302+0000] {logging_mixin.py:190} INFO - [2025-03-27T10:17:29.301+0000] {dag.py:4180} INFO - Setting next_dagrun for example_complex to None, run_after=None
[2025-03-27T10:17:29.312+0000] {processor.py:208} INFO - Processing /home/airflow/.local/lib/python3.12/site-packages/airflow/example_dags/example_complex.py took 0.046 seconds
[2025-03-27T10:18:00.242+0000] {processor.py:186} INFO - Started process (PID=1595) to work on /home/airflow/.local/lib/python3.12/site-packages/airflow/example_dags/example_complex.py
[2025-03-27T10:18:00.242+0000] {processor.py:914} INFO - Processing file /home/airflow/.local/lib/python3.12/site-packages/airflow/example_dags/example_complex.py for tasks to queue
[2025-03-27T10:18:00.244+0000] {logging_mixin.py:190} INFO - [2025-03-27T10:18:00.244+0000] {dagbag.py:588} INFO - Filling up the DagBag from /home/airflow/.local/lib/python3.12/site-packages/airflow/example_dags/example_complex.py
[2025-03-27T10:18:00.251+0000] {processor.py:925} INFO - DAG(s) 'example_complex' retrieved from /home/airflow/.local/lib/python3.12/site-packages/airflow/example_dags/example_complex.py
[2025-03-27T10:18:00.270+0000] {logging_mixin.py:190} INFO - [2025-03-27T10:18:00.270+0000] {dag.py:3239} INFO - Sync 1 DAGs
[2025-03-27T10:18:00.278+0000] {logging_mixin.py:190} INFO - [2025-03-27T10:18:00.277+0000] {dag.py:4180} INFO - Setting next_dagrun for example_complex to None, run_after=None
[2025-03-27T10:18:00.288+0000] {processor.py:208} INFO - Processing /home/airflow/.local/lib/python3.12/site-packages/airflow/example_dags/example_complex.py took 0.051 seconds
