[2025-03-27T10:05:34.623+0000] {processor.py:186} INFO - Started process (PID=61) to work on /home/airflow/.local/lib/python3.12/site-packages/airflow/example_dags/example_python_decorator.py
[2025-03-27T10:05:34.624+0000] {processor.py:914} INFO - Processing file /home/airflow/.local/lib/python3.12/site-packages/airflow/example_dags/example_python_decorator.py for tasks to queue
[2025-03-27T10:05:34.626+0000] {logging_mixin.py:190} INFO - [2025-03-27T10:05:34.625+0000] {dagbag.py:588} INFO - Filling up the DagBag from /home/airflow/.local/lib/python3.12/site-packages/airflow/example_dags/example_python_decorator.py
[2025-03-27T10:05:34.642+0000] {processor.py:925} INFO - DAG(s) 'example_python_decorator' retrieved from /home/airflow/.local/lib/python3.12/site-packages/airflow/example_dags/example_python_decorator.py
[2025-03-27T10:05:34.707+0000] {logging_mixin.py:190} INFO - [2025-03-27T10:05:34.706+0000] {override.py:1912} INFO - Created Permission View: can read on DAG:example_python_decorator
[2025-03-27T10:05:34.713+0000] {logging_mixin.py:190} INFO - [2025-03-27T10:05:34.713+0000] {override.py:1912} INFO - Created Permission View: can delete on DAG:example_python_decorator
[2025-03-27T10:05:34.718+0000] {logging_mixin.py:190} INFO - [2025-03-27T10:05:34.718+0000] {override.py:1912} INFO - Created Permission View: can edit on DAG:example_python_decorator
[2025-03-27T10:05:34.727+0000] {logging_mixin.py:190} INFO - [2025-03-27T10:05:34.726+0000] {override.py:1912} INFO - Created Permission View: can read on DAG Run:example_python_decorator
[2025-03-27T10:05:34.732+0000] {logging_mixin.py:190} INFO - [2025-03-27T10:05:34.732+0000] {override.py:1912} INFO - Created Permission View: can delete on DAG Run:example_python_decorator
[2025-03-27T10:05:34.738+0000] {logging_mixin.py:190} INFO - [2025-03-27T10:05:34.738+0000] {override.py:1912} INFO - Created Permission View: can create on DAG Run:example_python_decorator
[2025-03-27T10:05:34.742+0000] {logging_mixin.py:190} INFO - [2025-03-27T10:05:34.742+0000] {override.py:1912} INFO - Created Permission View: menu access on DAG Run:example_python_decorator
[2025-03-27T10:05:34.745+0000] {logging_mixin.py:190} INFO - [2025-03-27T10:05:34.745+0000] {dag.py:3239} INFO - Sync 1 DAGs
[2025-03-27T10:05:34.755+0000] {logging_mixin.py:190} INFO - [2025-03-27T10:05:34.755+0000] {dag.py:3262} INFO - Creating ORM DAG for example_python_decorator
[2025-03-27T10:05:34.756+0000] {logging_mixin.py:190} INFO - [2025-03-27T10:05:34.756+0000] {dag.py:4180} INFO - Setting next_dagrun for example_python_decorator to None, run_after=None
[2025-03-27T10:05:34.779+0000] {processor.py:208} INFO - Processing /home/airflow/.local/lib/python3.12/site-packages/airflow/example_dags/example_python_decorator.py took 0.160 seconds
[2025-03-27T10:06:05.453+0000] {processor.py:186} INFO - Started process (PID=124) to work on /home/airflow/.local/lib/python3.12/site-packages/airflow/example_dags/example_python_decorator.py
[2025-03-27T10:06:05.457+0000] {processor.py:914} INFO - Processing file /home/airflow/.local/lib/python3.12/site-packages/airflow/example_dags/example_python_decorator.py for tasks to queue
[2025-03-27T10:06:05.458+0000] {logging_mixin.py:190} INFO - [2025-03-27T10:06:05.458+0000] {dagbag.py:588} INFO - Filling up the DagBag from /home/airflow/.local/lib/python3.12/site-packages/airflow/example_dags/example_python_decorator.py
[2025-03-27T10:06:05.467+0000] {processor.py:925} INFO - DAG(s) 'example_python_decorator' retrieved from /home/airflow/.local/lib/python3.12/site-packages/airflow/example_dags/example_python_decorator.py
[2025-03-27T10:06:05.481+0000] {logging_mixin.py:190} INFO - [2025-03-27T10:06:05.481+0000] {dag.py:3239} INFO - Sync 1 DAGs
[2025-03-27T10:06:05.489+0000] {logging_mixin.py:190} INFO - [2025-03-27T10:06:05.489+0000] {dag.py:4180} INFO - Setting next_dagrun for example_python_decorator to None, run_after=None
[2025-03-27T10:06:05.504+0000] {processor.py:208} INFO - Processing /home/airflow/.local/lib/python3.12/site-packages/airflow/example_dags/example_python_decorator.py took 0.061 seconds
[2025-03-27T10:06:35.637+0000] {processor.py:186} INFO - Started process (PID=187) to work on /home/airflow/.local/lib/python3.12/site-packages/airflow/example_dags/example_python_decorator.py
[2025-03-27T10:06:35.639+0000] {processor.py:914} INFO - Processing file /home/airflow/.local/lib/python3.12/site-packages/airflow/example_dags/example_python_decorator.py for tasks to queue
[2025-03-27T10:06:35.640+0000] {logging_mixin.py:190} INFO - [2025-03-27T10:06:35.640+0000] {dagbag.py:588} INFO - Filling up the DagBag from /home/airflow/.local/lib/python3.12/site-packages/airflow/example_dags/example_python_decorator.py
[2025-03-27T10:06:35.649+0000] {processor.py:925} INFO - DAG(s) 'example_python_decorator' retrieved from /home/airflow/.local/lib/python3.12/site-packages/airflow/example_dags/example_python_decorator.py
[2025-03-27T10:06:35.661+0000] {logging_mixin.py:190} INFO - [2025-03-27T10:06:35.661+0000] {dag.py:3239} INFO - Sync 1 DAGs
[2025-03-27T10:06:35.671+0000] {logging_mixin.py:190} INFO - [2025-03-27T10:06:35.671+0000] {dag.py:4180} INFO - Setting next_dagrun for example_python_decorator to None, run_after=None
[2025-03-27T10:06:35.681+0000] {processor.py:208} INFO - Processing /home/airflow/.local/lib/python3.12/site-packages/airflow/example_dags/example_python_decorator.py took 0.047 seconds
[2025-03-27T10:07:05.831+0000] {processor.py:186} INFO - Started process (PID=250) to work on /home/airflow/.local/lib/python3.12/site-packages/airflow/example_dags/example_python_decorator.py
[2025-03-27T10:07:05.832+0000] {processor.py:914} INFO - Processing file /home/airflow/.local/lib/python3.12/site-packages/airflow/example_dags/example_python_decorator.py for tasks to queue
[2025-03-27T10:07:05.833+0000] {logging_mixin.py:190} INFO - [2025-03-27T10:07:05.833+0000] {dagbag.py:588} INFO - Filling up the DagBag from /home/airflow/.local/lib/python3.12/site-packages/airflow/example_dags/example_python_decorator.py
[2025-03-27T10:07:05.840+0000] {processor.py:925} INFO - DAG(s) 'example_python_decorator' retrieved from /home/airflow/.local/lib/python3.12/site-packages/airflow/example_dags/example_python_decorator.py
[2025-03-27T10:07:05.851+0000] {logging_mixin.py:190} INFO - [2025-03-27T10:07:05.851+0000] {dag.py:3239} INFO - Sync 1 DAGs
[2025-03-27T10:07:05.859+0000] {logging_mixin.py:190} INFO - [2025-03-27T10:07:05.859+0000] {dag.py:4180} INFO - Setting next_dagrun for example_python_decorator to None, run_after=None
[2025-03-27T10:07:05.868+0000] {processor.py:208} INFO - Processing /home/airflow/.local/lib/python3.12/site-packages/airflow/example_dags/example_python_decorator.py took 0.040 seconds
[2025-03-27T10:07:35.940+0000] {processor.py:186} INFO - Started process (PID=313) to work on /home/airflow/.local/lib/python3.12/site-packages/airflow/example_dags/example_python_decorator.py
[2025-03-27T10:07:35.943+0000] {processor.py:914} INFO - Processing file /home/airflow/.local/lib/python3.12/site-packages/airflow/example_dags/example_python_decorator.py for tasks to queue
[2025-03-27T10:07:35.945+0000] {logging_mixin.py:190} INFO - [2025-03-27T10:07:35.944+0000] {dagbag.py:588} INFO - Filling up the DagBag from /home/airflow/.local/lib/python3.12/site-packages/airflow/example_dags/example_python_decorator.py
[2025-03-27T10:07:35.959+0000] {processor.py:925} INFO - DAG(s) 'example_python_decorator' retrieved from /home/airflow/.local/lib/python3.12/site-packages/airflow/example_dags/example_python_decorator.py
[2025-03-27T10:07:35.976+0000] {logging_mixin.py:190} INFO - [2025-03-27T10:07:35.976+0000] {dag.py:3239} INFO - Sync 1 DAGs
[2025-03-27T10:07:35.985+0000] {logging_mixin.py:190} INFO - [2025-03-27T10:07:35.985+0000] {dag.py:4180} INFO - Setting next_dagrun for example_python_decorator to None, run_after=None
[2025-03-27T10:07:35.998+0000] {processor.py:208} INFO - Processing /home/airflow/.local/lib/python3.12/site-packages/airflow/example_dags/example_python_decorator.py took 0.063 seconds
[2025-03-27T10:08:06.952+0000] {processor.py:186} INFO - Started process (PID=375) to work on /home/airflow/.local/lib/python3.12/site-packages/airflow/example_dags/example_python_decorator.py
[2025-03-27T10:08:06.952+0000] {processor.py:914} INFO - Processing file /home/airflow/.local/lib/python3.12/site-packages/airflow/example_dags/example_python_decorator.py for tasks to queue
[2025-03-27T10:08:06.953+0000] {logging_mixin.py:190} INFO - [2025-03-27T10:08:06.953+0000] {dagbag.py:588} INFO - Filling up the DagBag from /home/airflow/.local/lib/python3.12/site-packages/airflow/example_dags/example_python_decorator.py
[2025-03-27T10:08:06.964+0000] {processor.py:925} INFO - DAG(s) 'example_python_decorator' retrieved from /home/airflow/.local/lib/python3.12/site-packages/airflow/example_dags/example_python_decorator.py
[2025-03-27T10:08:06.977+0000] {logging_mixin.py:190} INFO - [2025-03-27T10:08:06.977+0000] {dag.py:3239} INFO - Sync 1 DAGs
[2025-03-27T10:08:06.984+0000] {logging_mixin.py:190} INFO - [2025-03-27T10:08:06.984+0000] {dag.py:4180} INFO - Setting next_dagrun for example_python_decorator to None, run_after=None
[2025-03-27T10:08:06.992+0000] {processor.py:208} INFO - Processing /home/airflow/.local/lib/python3.12/site-packages/airflow/example_dags/example_python_decorator.py took 0.044 seconds
[2025-03-27T10:08:37.801+0000] {processor.py:186} INFO - Started process (PID=438) to work on /home/airflow/.local/lib/python3.12/site-packages/airflow/example_dags/example_python_decorator.py
[2025-03-27T10:08:37.802+0000] {processor.py:914} INFO - Processing file /home/airflow/.local/lib/python3.12/site-packages/airflow/example_dags/example_python_decorator.py for tasks to queue
[2025-03-27T10:08:37.803+0000] {logging_mixin.py:190} INFO - [2025-03-27T10:08:37.803+0000] {dagbag.py:588} INFO - Filling up the DagBag from /home/airflow/.local/lib/python3.12/site-packages/airflow/example_dags/example_python_decorator.py
[2025-03-27T10:08:37.810+0000] {processor.py:925} INFO - DAG(s) 'example_python_decorator' retrieved from /home/airflow/.local/lib/python3.12/site-packages/airflow/example_dags/example_python_decorator.py
[2025-03-27T10:08:37.821+0000] {logging_mixin.py:190} INFO - [2025-03-27T10:08:37.821+0000] {dag.py:3239} INFO - Sync 1 DAGs
[2025-03-27T10:08:37.828+0000] {logging_mixin.py:190} INFO - [2025-03-27T10:08:37.828+0000] {dag.py:4180} INFO - Setting next_dagrun for example_python_decorator to None, run_after=None
[2025-03-27T10:08:37.840+0000] {processor.py:208} INFO - Processing /home/airflow/.local/lib/python3.12/site-packages/airflow/example_dags/example_python_decorator.py took 0.042 seconds
[2025-03-27T10:09:08.851+0000] {processor.py:186} INFO - Started process (PID=500) to work on /home/airflow/.local/lib/python3.12/site-packages/airflow/example_dags/example_python_decorator.py
[2025-03-27T10:09:08.852+0000] {processor.py:914} INFO - Processing file /home/airflow/.local/lib/python3.12/site-packages/airflow/example_dags/example_python_decorator.py for tasks to queue
[2025-03-27T10:09:08.853+0000] {logging_mixin.py:190} INFO - [2025-03-27T10:09:08.853+0000] {dagbag.py:588} INFO - Filling up the DagBag from /home/airflow/.local/lib/python3.12/site-packages/airflow/example_dags/example_python_decorator.py
[2025-03-27T10:09:08.861+0000] {processor.py:925} INFO - DAG(s) 'example_python_decorator' retrieved from /home/airflow/.local/lib/python3.12/site-packages/airflow/example_dags/example_python_decorator.py
[2025-03-27T10:09:08.872+0000] {logging_mixin.py:190} INFO - [2025-03-27T10:09:08.872+0000] {dag.py:3239} INFO - Sync 1 DAGs
[2025-03-27T10:09:08.879+0000] {logging_mixin.py:190} INFO - [2025-03-27T10:09:08.879+0000] {dag.py:4180} INFO - Setting next_dagrun for example_python_decorator to None, run_after=None
[2025-03-27T10:09:08.887+0000] {processor.py:208} INFO - Processing /home/airflow/.local/lib/python3.12/site-packages/airflow/example_dags/example_python_decorator.py took 0.039 seconds
[2025-03-27T10:09:39.525+0000] {processor.py:186} INFO - Started process (PID=563) to work on /home/airflow/.local/lib/python3.12/site-packages/airflow/example_dags/example_python_decorator.py
[2025-03-27T10:09:39.527+0000] {processor.py:914} INFO - Processing file /home/airflow/.local/lib/python3.12/site-packages/airflow/example_dags/example_python_decorator.py for tasks to queue
[2025-03-27T10:09:39.528+0000] {logging_mixin.py:190} INFO - [2025-03-27T10:09:39.528+0000] {dagbag.py:588} INFO - Filling up the DagBag from /home/airflow/.local/lib/python3.12/site-packages/airflow/example_dags/example_python_decorator.py
[2025-03-27T10:09:39.535+0000] {processor.py:925} INFO - DAG(s) 'example_python_decorator' retrieved from /home/airflow/.local/lib/python3.12/site-packages/airflow/example_dags/example_python_decorator.py
[2025-03-27T10:09:39.548+0000] {logging_mixin.py:190} INFO - [2025-03-27T10:09:39.548+0000] {dag.py:3239} INFO - Sync 1 DAGs
[2025-03-27T10:09:39.555+0000] {logging_mixin.py:190} INFO - [2025-03-27T10:09:39.555+0000] {dag.py:4180} INFO - Setting next_dagrun for example_python_decorator to None, run_after=None
[2025-03-27T10:09:39.564+0000] {processor.py:208} INFO - Processing /home/airflow/.local/lib/python3.12/site-packages/airflow/example_dags/example_python_decorator.py took 0.042 seconds
[2025-03-27T10:10:10.309+0000] {processor.py:186} INFO - Started process (PID=626) to work on /home/airflow/.local/lib/python3.12/site-packages/airflow/example_dags/example_python_decorator.py
[2025-03-27T10:10:10.311+0000] {processor.py:914} INFO - Processing file /home/airflow/.local/lib/python3.12/site-packages/airflow/example_dags/example_python_decorator.py for tasks to queue
[2025-03-27T10:10:10.316+0000] {logging_mixin.py:190} INFO - [2025-03-27T10:10:10.315+0000] {dagbag.py:588} INFO - Filling up the DagBag from /home/airflow/.local/lib/python3.12/site-packages/airflow/example_dags/example_python_decorator.py
[2025-03-27T10:10:10.324+0000] {processor.py:925} INFO - DAG(s) 'example_python_decorator' retrieved from /home/airflow/.local/lib/python3.12/site-packages/airflow/example_dags/example_python_decorator.py
[2025-03-27T10:10:10.343+0000] {logging_mixin.py:190} INFO - [2025-03-27T10:10:10.343+0000] {dag.py:3239} INFO - Sync 1 DAGs
[2025-03-27T10:10:10.355+0000] {logging_mixin.py:190} INFO - [2025-03-27T10:10:10.355+0000] {dag.py:4180} INFO - Setting next_dagrun for example_python_decorator to None, run_after=None
[2025-03-27T10:10:10.369+0000] {processor.py:208} INFO - Processing /home/airflow/.local/lib/python3.12/site-packages/airflow/example_dags/example_python_decorator.py took 0.067 seconds
[2025-03-27T10:10:40.517+0000] {processor.py:186} INFO - Started process (PID=689) to work on /home/airflow/.local/lib/python3.12/site-packages/airflow/example_dags/example_python_decorator.py
[2025-03-27T10:10:40.518+0000] {processor.py:914} INFO - Processing file /home/airflow/.local/lib/python3.12/site-packages/airflow/example_dags/example_python_decorator.py for tasks to queue
[2025-03-27T10:10:40.522+0000] {logging_mixin.py:190} INFO - [2025-03-27T10:10:40.522+0000] {dagbag.py:588} INFO - Filling up the DagBag from /home/airflow/.local/lib/python3.12/site-packages/airflow/example_dags/example_python_decorator.py
[2025-03-27T10:10:40.531+0000] {processor.py:925} INFO - DAG(s) 'example_python_decorator' retrieved from /home/airflow/.local/lib/python3.12/site-packages/airflow/example_dags/example_python_decorator.py
[2025-03-27T10:10:40.542+0000] {logging_mixin.py:190} INFO - [2025-03-27T10:10:40.542+0000] {dag.py:3239} INFO - Sync 1 DAGs
[2025-03-27T10:10:40.552+0000] {logging_mixin.py:190} INFO - [2025-03-27T10:10:40.552+0000] {dag.py:4180} INFO - Setting next_dagrun for example_python_decorator to None, run_after=None
[2025-03-27T10:10:40.562+0000] {processor.py:208} INFO - Processing /home/airflow/.local/lib/python3.12/site-packages/airflow/example_dags/example_python_decorator.py took 0.048 seconds
[2025-03-27T10:11:10.835+0000] {processor.py:186} INFO - Started process (PID=752) to work on /home/airflow/.local/lib/python3.12/site-packages/airflow/example_dags/example_python_decorator.py
[2025-03-27T10:11:10.836+0000] {processor.py:914} INFO - Processing file /home/airflow/.local/lib/python3.12/site-packages/airflow/example_dags/example_python_decorator.py for tasks to queue
[2025-03-27T10:11:10.838+0000] {logging_mixin.py:190} INFO - [2025-03-27T10:11:10.838+0000] {dagbag.py:588} INFO - Filling up the DagBag from /home/airflow/.local/lib/python3.12/site-packages/airflow/example_dags/example_python_decorator.py
[2025-03-27T10:11:10.848+0000] {processor.py:925} INFO - DAG(s) 'example_python_decorator' retrieved from /home/airflow/.local/lib/python3.12/site-packages/airflow/example_dags/example_python_decorator.py
[2025-03-27T10:11:10.862+0000] {logging_mixin.py:190} INFO - [2025-03-27T10:11:10.862+0000] {dag.py:3239} INFO - Sync 1 DAGs
[2025-03-27T10:11:10.870+0000] {logging_mixin.py:190} INFO - [2025-03-27T10:11:10.870+0000] {dag.py:4180} INFO - Setting next_dagrun for example_python_decorator to None, run_after=None
[2025-03-27T10:11:10.882+0000] {processor.py:208} INFO - Processing /home/airflow/.local/lib/python3.12/site-packages/airflow/example_dags/example_python_decorator.py took 0.051 seconds
[2025-03-27T10:11:41.544+0000] {processor.py:186} INFO - Started process (PID=815) to work on /home/airflow/.local/lib/python3.12/site-packages/airflow/example_dags/example_python_decorator.py
[2025-03-27T10:11:41.544+0000] {processor.py:914} INFO - Processing file /home/airflow/.local/lib/python3.12/site-packages/airflow/example_dags/example_python_decorator.py for tasks to queue
[2025-03-27T10:11:41.545+0000] {logging_mixin.py:190} INFO - [2025-03-27T10:11:41.545+0000] {dagbag.py:588} INFO - Filling up the DagBag from /home/airflow/.local/lib/python3.12/site-packages/airflow/example_dags/example_python_decorator.py
[2025-03-27T10:11:41.552+0000] {processor.py:925} INFO - DAG(s) 'example_python_decorator' retrieved from /home/airflow/.local/lib/python3.12/site-packages/airflow/example_dags/example_python_decorator.py
[2025-03-27T10:11:41.566+0000] {logging_mixin.py:190} INFO - [2025-03-27T10:11:41.566+0000] {dag.py:3239} INFO - Sync 1 DAGs
[2025-03-27T10:11:41.573+0000] {logging_mixin.py:190} INFO - [2025-03-27T10:11:41.573+0000] {dag.py:4180} INFO - Setting next_dagrun for example_python_decorator to None, run_after=None
[2025-03-27T10:11:41.581+0000] {processor.py:208} INFO - Processing /home/airflow/.local/lib/python3.12/site-packages/airflow/example_dags/example_python_decorator.py took 0.041 seconds
[2025-03-27T10:12:12.277+0000] {processor.py:186} INFO - Started process (PID=878) to work on /home/airflow/.local/lib/python3.12/site-packages/airflow/example_dags/example_python_decorator.py
[2025-03-27T10:12:12.278+0000] {processor.py:914} INFO - Processing file /home/airflow/.local/lib/python3.12/site-packages/airflow/example_dags/example_python_decorator.py for tasks to queue
[2025-03-27T10:12:12.279+0000] {logging_mixin.py:190} INFO - [2025-03-27T10:12:12.279+0000] {dagbag.py:588} INFO - Filling up the DagBag from /home/airflow/.local/lib/python3.12/site-packages/airflow/example_dags/example_python_decorator.py
[2025-03-27T10:12:12.286+0000] {processor.py:925} INFO - DAG(s) 'example_python_decorator' retrieved from /home/airflow/.local/lib/python3.12/site-packages/airflow/example_dags/example_python_decorator.py
[2025-03-27T10:12:12.299+0000] {logging_mixin.py:190} INFO - [2025-03-27T10:12:12.299+0000] {dag.py:3239} INFO - Sync 1 DAGs
[2025-03-27T10:12:12.307+0000] {logging_mixin.py:190} INFO - [2025-03-27T10:12:12.307+0000] {dag.py:4180} INFO - Setting next_dagrun for example_python_decorator to None, run_after=None
[2025-03-27T10:12:12.317+0000] {processor.py:208} INFO - Processing /home/airflow/.local/lib/python3.12/site-packages/airflow/example_dags/example_python_decorator.py took 0.043 seconds
[2025-03-27T10:12:43.107+0000] {processor.py:186} INFO - Started process (PID=941) to work on /home/airflow/.local/lib/python3.12/site-packages/airflow/example_dags/example_python_decorator.py
[2025-03-27T10:12:43.109+0000] {processor.py:914} INFO - Processing file /home/airflow/.local/lib/python3.12/site-packages/airflow/example_dags/example_python_decorator.py for tasks to queue
[2025-03-27T10:12:43.110+0000] {logging_mixin.py:190} INFO - [2025-03-27T10:12:43.110+0000] {dagbag.py:588} INFO - Filling up the DagBag from /home/airflow/.local/lib/python3.12/site-packages/airflow/example_dags/example_python_decorator.py
[2025-03-27T10:12:43.118+0000] {processor.py:925} INFO - DAG(s) 'example_python_decorator' retrieved from /home/airflow/.local/lib/python3.12/site-packages/airflow/example_dags/example_python_decorator.py
[2025-03-27T10:12:43.132+0000] {logging_mixin.py:190} INFO - [2025-03-27T10:12:43.132+0000] {dag.py:3239} INFO - Sync 1 DAGs
[2025-03-27T10:12:43.139+0000] {logging_mixin.py:190} INFO - [2025-03-27T10:12:43.139+0000] {dag.py:4180} INFO - Setting next_dagrun for example_python_decorator to None, run_after=None
[2025-03-27T10:12:43.149+0000] {processor.py:208} INFO - Processing /home/airflow/.local/lib/python3.12/site-packages/airflow/example_dags/example_python_decorator.py took 0.045 seconds
[2025-03-27T10:13:14.047+0000] {processor.py:186} INFO - Started process (PID=1004) to work on /home/airflow/.local/lib/python3.12/site-packages/airflow/example_dags/example_python_decorator.py
[2025-03-27T10:13:14.048+0000] {processor.py:914} INFO - Processing file /home/airflow/.local/lib/python3.12/site-packages/airflow/example_dags/example_python_decorator.py for tasks to queue
[2025-03-27T10:13:14.049+0000] {logging_mixin.py:190} INFO - [2025-03-27T10:13:14.049+0000] {dagbag.py:588} INFO - Filling up the DagBag from /home/airflow/.local/lib/python3.12/site-packages/airflow/example_dags/example_python_decorator.py
[2025-03-27T10:13:14.056+0000] {processor.py:925} INFO - DAG(s) 'example_python_decorator' retrieved from /home/airflow/.local/lib/python3.12/site-packages/airflow/example_dags/example_python_decorator.py
[2025-03-27T10:13:14.070+0000] {logging_mixin.py:190} INFO - [2025-03-27T10:13:14.069+0000] {dag.py:3239} INFO - Sync 1 DAGs
[2025-03-27T10:13:14.077+0000] {logging_mixin.py:190} INFO - [2025-03-27T10:13:14.077+0000] {dag.py:4180} INFO - Setting next_dagrun for example_python_decorator to None, run_after=None
[2025-03-27T10:13:14.085+0000] {processor.py:208} INFO - Processing /home/airflow/.local/lib/python3.12/site-packages/airflow/example_dags/example_python_decorator.py took 0.043 seconds
[2025-03-27T10:13:44.121+0000] {processor.py:186} INFO - Started process (PID=1067) to work on /home/airflow/.local/lib/python3.12/site-packages/airflow/example_dags/example_python_decorator.py
[2025-03-27T10:13:44.121+0000] {processor.py:914} INFO - Processing file /home/airflow/.local/lib/python3.12/site-packages/airflow/example_dags/example_python_decorator.py for tasks to queue
[2025-03-27T10:13:44.123+0000] {logging_mixin.py:190} INFO - [2025-03-27T10:13:44.122+0000] {dagbag.py:588} INFO - Filling up the DagBag from /home/airflow/.local/lib/python3.12/site-packages/airflow/example_dags/example_python_decorator.py
[2025-03-27T10:13:44.132+0000] {processor.py:925} INFO - DAG(s) 'example_python_decorator' retrieved from /home/airflow/.local/lib/python3.12/site-packages/airflow/example_dags/example_python_decorator.py
[2025-03-27T10:13:44.144+0000] {logging_mixin.py:190} INFO - [2025-03-27T10:13:44.144+0000] {dag.py:3239} INFO - Sync 1 DAGs
[2025-03-27T10:13:44.152+0000] {logging_mixin.py:190} INFO - [2025-03-27T10:13:44.151+0000] {dag.py:4180} INFO - Setting next_dagrun for example_python_decorator to None, run_after=None
[2025-03-27T10:13:44.161+0000] {processor.py:208} INFO - Processing /home/airflow/.local/lib/python3.12/site-packages/airflow/example_dags/example_python_decorator.py took 0.044 seconds
[2025-03-27T10:14:14.187+0000] {processor.py:186} INFO - Started process (PID=1130) to work on /home/airflow/.local/lib/python3.12/site-packages/airflow/example_dags/example_python_decorator.py
[2025-03-27T10:14:14.189+0000] {processor.py:914} INFO - Processing file /home/airflow/.local/lib/python3.12/site-packages/airflow/example_dags/example_python_decorator.py for tasks to queue
[2025-03-27T10:14:14.190+0000] {logging_mixin.py:190} INFO - [2025-03-27T10:14:14.190+0000] {dagbag.py:588} INFO - Filling up the DagBag from /home/airflow/.local/lib/python3.12/site-packages/airflow/example_dags/example_python_decorator.py
[2025-03-27T10:14:14.201+0000] {processor.py:925} INFO - DAG(s) 'example_python_decorator' retrieved from /home/airflow/.local/lib/python3.12/site-packages/airflow/example_dags/example_python_decorator.py
[2025-03-27T10:14:14.216+0000] {logging_mixin.py:190} INFO - [2025-03-27T10:14:14.215+0000] {dag.py:3239} INFO - Sync 1 DAGs
[2025-03-27T10:14:14.222+0000] {logging_mixin.py:190} INFO - [2025-03-27T10:14:14.222+0000] {dag.py:4180} INFO - Setting next_dagrun for example_python_decorator to None, run_after=None
[2025-03-27T10:14:14.232+0000] {processor.py:208} INFO - Processing /home/airflow/.local/lib/python3.12/site-packages/airflow/example_dags/example_python_decorator.py took 0.049 seconds
[2025-03-27T10:14:45.055+0000] {processor.py:186} INFO - Started process (PID=1193) to work on /home/airflow/.local/lib/python3.12/site-packages/airflow/example_dags/example_python_decorator.py
[2025-03-27T10:14:45.056+0000] {processor.py:914} INFO - Processing file /home/airflow/.local/lib/python3.12/site-packages/airflow/example_dags/example_python_decorator.py for tasks to queue
[2025-03-27T10:14:45.057+0000] {logging_mixin.py:190} INFO - [2025-03-27T10:14:45.057+0000] {dagbag.py:588} INFO - Filling up the DagBag from /home/airflow/.local/lib/python3.12/site-packages/airflow/example_dags/example_python_decorator.py
[2025-03-27T10:14:45.068+0000] {processor.py:925} INFO - DAG(s) 'example_python_decorator' retrieved from /home/airflow/.local/lib/python3.12/site-packages/airflow/example_dags/example_python_decorator.py
[2025-03-27T10:14:45.084+0000] {logging_mixin.py:190} INFO - [2025-03-27T10:14:45.084+0000] {dag.py:3239} INFO - Sync 1 DAGs
[2025-03-27T10:14:45.091+0000] {logging_mixin.py:190} INFO - [2025-03-27T10:14:45.091+0000] {dag.py:4180} INFO - Setting next_dagrun for example_python_decorator to None, run_after=None
[2025-03-27T10:14:45.101+0000] {processor.py:208} INFO - Processing /home/airflow/.local/lib/python3.12/site-packages/airflow/example_dags/example_python_decorator.py took 0.049 seconds
[2025-03-27T10:15:15.174+0000] {processor.py:186} INFO - Started process (PID=1255) to work on /home/airflow/.local/lib/python3.12/site-packages/airflow/example_dags/example_python_decorator.py
[2025-03-27T10:15:15.175+0000] {processor.py:914} INFO - Processing file /home/airflow/.local/lib/python3.12/site-packages/airflow/example_dags/example_python_decorator.py for tasks to queue
[2025-03-27T10:15:15.178+0000] {logging_mixin.py:190} INFO - [2025-03-27T10:15:15.177+0000] {dagbag.py:588} INFO - Filling up the DagBag from /home/airflow/.local/lib/python3.12/site-packages/airflow/example_dags/example_python_decorator.py
[2025-03-27T10:15:15.186+0000] {processor.py:925} INFO - DAG(s) 'example_python_decorator' retrieved from /home/airflow/.local/lib/python3.12/site-packages/airflow/example_dags/example_python_decorator.py
[2025-03-27T10:15:15.202+0000] {logging_mixin.py:190} INFO - [2025-03-27T10:15:15.201+0000] {dag.py:3239} INFO - Sync 1 DAGs
[2025-03-27T10:15:15.208+0000] {logging_mixin.py:190} INFO - [2025-03-27T10:15:15.208+0000] {dag.py:4180} INFO - Setting next_dagrun for example_python_decorator to None, run_after=None
[2025-03-27T10:15:15.217+0000] {processor.py:208} INFO - Processing /home/airflow/.local/lib/python3.12/site-packages/airflow/example_dags/example_python_decorator.py took 0.046 seconds
[2025-03-27T10:15:45.943+0000] {processor.py:186} INFO - Started process (PID=1318) to work on /home/airflow/.local/lib/python3.12/site-packages/airflow/example_dags/example_python_decorator.py
[2025-03-27T10:15:45.944+0000] {processor.py:914} INFO - Processing file /home/airflow/.local/lib/python3.12/site-packages/airflow/example_dags/example_python_decorator.py for tasks to queue
[2025-03-27T10:15:45.945+0000] {logging_mixin.py:190} INFO - [2025-03-27T10:15:45.945+0000] {dagbag.py:588} INFO - Filling up the DagBag from /home/airflow/.local/lib/python3.12/site-packages/airflow/example_dags/example_python_decorator.py
[2025-03-27T10:15:45.953+0000] {processor.py:925} INFO - DAG(s) 'example_python_decorator' retrieved from /home/airflow/.local/lib/python3.12/site-packages/airflow/example_dags/example_python_decorator.py
[2025-03-27T10:15:45.965+0000] {logging_mixin.py:190} INFO - [2025-03-27T10:15:45.965+0000] {dag.py:3239} INFO - Sync 1 DAGs
[2025-03-27T10:15:45.971+0000] {logging_mixin.py:190} INFO - [2025-03-27T10:15:45.971+0000] {dag.py:4180} INFO - Setting next_dagrun for example_python_decorator to None, run_after=None
[2025-03-27T10:15:45.980+0000] {processor.py:208} INFO - Processing /home/airflow/.local/lib/python3.12/site-packages/airflow/example_dags/example_python_decorator.py took 0.041 seconds
[2025-03-27T10:16:16.889+0000] {processor.py:186} INFO - Started process (PID=1381) to work on /home/airflow/.local/lib/python3.12/site-packages/airflow/example_dags/example_python_decorator.py
[2025-03-27T10:16:16.891+0000] {processor.py:914} INFO - Processing file /home/airflow/.local/lib/python3.12/site-packages/airflow/example_dags/example_python_decorator.py for tasks to queue
[2025-03-27T10:16:16.892+0000] {logging_mixin.py:190} INFO - [2025-03-27T10:16:16.892+0000] {dagbag.py:588} INFO - Filling up the DagBag from /home/airflow/.local/lib/python3.12/site-packages/airflow/example_dags/example_python_decorator.py
[2025-03-27T10:16:16.900+0000] {processor.py:925} INFO - DAG(s) 'example_python_decorator' retrieved from /home/airflow/.local/lib/python3.12/site-packages/airflow/example_dags/example_python_decorator.py
[2025-03-27T10:16:16.912+0000] {logging_mixin.py:190} INFO - [2025-03-27T10:16:16.912+0000] {dag.py:3239} INFO - Sync 1 DAGs
[2025-03-27T10:16:16.919+0000] {logging_mixin.py:190} INFO - [2025-03-27T10:16:16.919+0000] {dag.py:4180} INFO - Setting next_dagrun for example_python_decorator to None, run_after=None
[2025-03-27T10:16:16.930+0000] {processor.py:208} INFO - Processing /home/airflow/.local/lib/python3.12/site-packages/airflow/example_dags/example_python_decorator.py took 0.047 seconds
[2025-03-27T10:16:47.118+0000] {processor.py:186} INFO - Started process (PID=1444) to work on /home/airflow/.local/lib/python3.12/site-packages/airflow/example_dags/example_python_decorator.py
[2025-03-27T10:16:47.120+0000] {processor.py:914} INFO - Processing file /home/airflow/.local/lib/python3.12/site-packages/airflow/example_dags/example_python_decorator.py for tasks to queue
[2025-03-27T10:16:47.122+0000] {logging_mixin.py:190} INFO - [2025-03-27T10:16:47.122+0000] {dagbag.py:588} INFO - Filling up the DagBag from /home/airflow/.local/lib/python3.12/site-packages/airflow/example_dags/example_python_decorator.py
[2025-03-27T10:16:47.141+0000] {processor.py:925} INFO - DAG(s) 'example_python_decorator' retrieved from /home/airflow/.local/lib/python3.12/site-packages/airflow/example_dags/example_python_decorator.py
[2025-03-27T10:16:47.155+0000] {logging_mixin.py:190} INFO - [2025-03-27T10:16:47.155+0000] {dag.py:3239} INFO - Sync 1 DAGs
[2025-03-27T10:16:47.163+0000] {logging_mixin.py:190} INFO - [2025-03-27T10:16:47.162+0000] {dag.py:4180} INFO - Setting next_dagrun for example_python_decorator to None, run_after=None
[2025-03-27T10:16:47.172+0000] {processor.py:208} INFO - Processing /home/airflow/.local/lib/python3.12/site-packages/airflow/example_dags/example_python_decorator.py took 0.058 seconds
[2025-03-27T10:17:17.935+0000] {processor.py:186} INFO - Started process (PID=1507) to work on /home/airflow/.local/lib/python3.12/site-packages/airflow/example_dags/example_python_decorator.py
[2025-03-27T10:17:17.936+0000] {processor.py:914} INFO - Processing file /home/airflow/.local/lib/python3.12/site-packages/airflow/example_dags/example_python_decorator.py for tasks to queue
[2025-03-27T10:17:17.938+0000] {logging_mixin.py:190} INFO - [2025-03-27T10:17:17.937+0000] {dagbag.py:588} INFO - Filling up the DagBag from /home/airflow/.local/lib/python3.12/site-packages/airflow/example_dags/example_python_decorator.py
[2025-03-27T10:17:17.947+0000] {processor.py:925} INFO - DAG(s) 'example_python_decorator' retrieved from /home/airflow/.local/lib/python3.12/site-packages/airflow/example_dags/example_python_decorator.py
[2025-03-27T10:17:17.959+0000] {logging_mixin.py:190} INFO - [2025-03-27T10:17:17.959+0000] {dag.py:3239} INFO - Sync 1 DAGs
[2025-03-27T10:17:17.968+0000] {logging_mixin.py:190} INFO - [2025-03-27T10:17:17.968+0000] {dag.py:4180} INFO - Setting next_dagrun for example_python_decorator to None, run_after=None
[2025-03-27T10:17:17.977+0000] {processor.py:208} INFO - Processing /home/airflow/.local/lib/python3.12/site-packages/airflow/example_dags/example_python_decorator.py took 0.046 seconds
[2025-03-27T10:17:48.833+0000] {processor.py:186} INFO - Started process (PID=1570) to work on /home/airflow/.local/lib/python3.12/site-packages/airflow/example_dags/example_python_decorator.py
[2025-03-27T10:17:48.836+0000] {processor.py:914} INFO - Processing file /home/airflow/.local/lib/python3.12/site-packages/airflow/example_dags/example_python_decorator.py for tasks to queue
[2025-03-27T10:17:48.837+0000] {logging_mixin.py:190} INFO - [2025-03-27T10:17:48.837+0000] {dagbag.py:588} INFO - Filling up the DagBag from /home/airflow/.local/lib/python3.12/site-packages/airflow/example_dags/example_python_decorator.py
[2025-03-27T10:17:48.845+0000] {processor.py:925} INFO - DAG(s) 'example_python_decorator' retrieved from /home/airflow/.local/lib/python3.12/site-packages/airflow/example_dags/example_python_decorator.py
[2025-03-27T10:17:48.856+0000] {logging_mixin.py:190} INFO - [2025-03-27T10:17:48.856+0000] {dag.py:3239} INFO - Sync 1 DAGs
[2025-03-27T10:17:48.863+0000] {logging_mixin.py:190} INFO - [2025-03-27T10:17:48.863+0000] {dag.py:4180} INFO - Setting next_dagrun for example_python_decorator to None, run_after=None
[2025-03-27T10:17:48.876+0000] {processor.py:208} INFO - Processing /home/airflow/.local/lib/python3.12/site-packages/airflow/example_dags/example_python_decorator.py took 0.049 seconds
