[2025-03-27T10:05:37.578+0000] {processor.py:186} INFO - Started process (PID=80) to work on /home/airflow/.local/lib/python3.12/site-packages/airflow/example_dags/example_task_group.py
[2025-03-27T10:05:37.579+0000] {processor.py:914} INFO - Processing file /home/airflow/.local/lib/python3.12/site-packages/airflow/example_dags/example_task_group.py for tasks to queue
[2025-03-27T10:05:37.581+0000] {logging_mixin.py:190} INFO - [2025-03-27T10:05:37.581+0000] {dagbag.py:588} INFO - Filling up the DagBag from /home/airflow/.local/lib/python3.12/site-packages/airflow/example_dags/example_task_group.py
[2025-03-27T10:05:37.588+0000] {processor.py:925} INFO - DAG(s) 'example_task_group' retrieved from /home/airflow/.local/lib/python3.12/site-packages/airflow/example_dags/example_task_group.py
[2025-03-27T10:05:37.655+0000] {logging_mixin.py:190} INFO - [2025-03-27T10:05:37.654+0000] {override.py:1912} INFO - Created Permission View: can read on DAG:example_task_group
[2025-03-27T10:05:37.660+0000] {logging_mixin.py:190} INFO - [2025-03-27T10:05:37.660+0000] {override.py:1912} INFO - Created Permission View: can delete on DAG:example_task_group
[2025-03-27T10:05:37.666+0000] {logging_mixin.py:190} INFO - [2025-03-27T10:05:37.665+0000] {override.py:1912} INFO - Created Permission View: can edit on DAG:example_task_group
[2025-03-27T10:05:37.670+0000] {logging_mixin.py:190} INFO - [2025-03-27T10:05:37.670+0000] {override.py:1912} INFO - Created Permission View: can read on DAG Run:example_task_group
[2025-03-27T10:05:37.679+0000] {logging_mixin.py:190} INFO - [2025-03-27T10:05:37.678+0000] {override.py:1912} INFO - Created Permission View: can delete on DAG Run:example_task_group
[2025-03-27T10:05:37.687+0000] {logging_mixin.py:190} INFO - [2025-03-27T10:05:37.687+0000] {override.py:1912} INFO - Created Permission View: can create on DAG Run:example_task_group
[2025-03-27T10:05:37.694+0000] {logging_mixin.py:190} INFO - [2025-03-27T10:05:37.694+0000] {override.py:1912} INFO - Created Permission View: menu access on DAG Run:example_task_group
[2025-03-27T10:05:37.694+0000] {logging_mixin.py:190} INFO - [2025-03-27T10:05:37.694+0000] {dag.py:3239} INFO - Sync 1 DAGs
[2025-03-27T10:05:37.702+0000] {logging_mixin.py:190} INFO - [2025-03-27T10:05:37.701+0000] {dag.py:3262} INFO - Creating ORM DAG for example_task_group
[2025-03-27T10:05:37.702+0000] {logging_mixin.py:190} INFO - [2025-03-27T10:05:37.702+0000] {dag.py:4180} INFO - Setting next_dagrun for example_task_group to None, run_after=None
[2025-03-27T10:05:37.715+0000] {processor.py:208} INFO - Processing /home/airflow/.local/lib/python3.12/site-packages/airflow/example_dags/example_task_group.py took 0.140 seconds
[2025-03-27T10:06:07.836+0000] {processor.py:186} INFO - Started process (PID=143) to work on /home/airflow/.local/lib/python3.12/site-packages/airflow/example_dags/example_task_group.py
[2025-03-27T10:06:07.836+0000] {processor.py:914} INFO - Processing file /home/airflow/.local/lib/python3.12/site-packages/airflow/example_dags/example_task_group.py for tasks to queue
[2025-03-27T10:06:07.840+0000] {logging_mixin.py:190} INFO - [2025-03-27T10:06:07.840+0000] {dagbag.py:588} INFO - Filling up the DagBag from /home/airflow/.local/lib/python3.12/site-packages/airflow/example_dags/example_task_group.py
[2025-03-27T10:06:07.845+0000] {processor.py:925} INFO - DAG(s) 'example_task_group' retrieved from /home/airflow/.local/lib/python3.12/site-packages/airflow/example_dags/example_task_group.py
[2025-03-27T10:06:07.858+0000] {logging_mixin.py:190} INFO - [2025-03-27T10:06:07.858+0000] {dag.py:3239} INFO - Sync 1 DAGs
[2025-03-27T10:06:07.866+0000] {logging_mixin.py:190} INFO - [2025-03-27T10:06:07.866+0000] {dag.py:4180} INFO - Setting next_dagrun for example_task_group to None, run_after=None
[2025-03-27T10:06:07.877+0000] {processor.py:208} INFO - Processing /home/airflow/.local/lib/python3.12/site-packages/airflow/example_dags/example_task_group.py took 0.044 seconds
[2025-03-27T10:06:38.979+0000] {processor.py:186} INFO - Started process (PID=206) to work on /home/airflow/.local/lib/python3.12/site-packages/airflow/example_dags/example_task_group.py
[2025-03-27T10:06:38.982+0000] {processor.py:914} INFO - Processing file /home/airflow/.local/lib/python3.12/site-packages/airflow/example_dags/example_task_group.py for tasks to queue
[2025-03-27T10:06:38.985+0000] {logging_mixin.py:190} INFO - [2025-03-27T10:06:38.985+0000] {dagbag.py:588} INFO - Filling up the DagBag from /home/airflow/.local/lib/python3.12/site-packages/airflow/example_dags/example_task_group.py
[2025-03-27T10:06:38.995+0000] {processor.py:925} INFO - DAG(s) 'example_task_group' retrieved from /home/airflow/.local/lib/python3.12/site-packages/airflow/example_dags/example_task_group.py
[2025-03-27T10:06:39.008+0000] {logging_mixin.py:190} INFO - [2025-03-27T10:06:39.008+0000] {dag.py:3239} INFO - Sync 1 DAGs
[2025-03-27T10:06:39.016+0000] {logging_mixin.py:190} INFO - [2025-03-27T10:06:39.016+0000] {dag.py:4180} INFO - Setting next_dagrun for example_task_group to None, run_after=None
[2025-03-27T10:06:39.030+0000] {processor.py:208} INFO - Processing /home/airflow/.local/lib/python3.12/site-packages/airflow/example_dags/example_task_group.py took 0.058 seconds
[2025-03-27T10:07:09.964+0000] {processor.py:186} INFO - Started process (PID=269) to work on /home/airflow/.local/lib/python3.12/site-packages/airflow/example_dags/example_task_group.py
[2025-03-27T10:07:09.967+0000] {processor.py:914} INFO - Processing file /home/airflow/.local/lib/python3.12/site-packages/airflow/example_dags/example_task_group.py for tasks to queue
[2025-03-27T10:07:09.970+0000] {logging_mixin.py:190} INFO - [2025-03-27T10:07:09.970+0000] {dagbag.py:588} INFO - Filling up the DagBag from /home/airflow/.local/lib/python3.12/site-packages/airflow/example_dags/example_task_group.py
[2025-03-27T10:07:09.978+0000] {processor.py:925} INFO - DAG(s) 'example_task_group' retrieved from /home/airflow/.local/lib/python3.12/site-packages/airflow/example_dags/example_task_group.py
[2025-03-27T10:07:09.989+0000] {logging_mixin.py:190} INFO - [2025-03-27T10:07:09.989+0000] {dag.py:3239} INFO - Sync 1 DAGs
[2025-03-27T10:07:09.997+0000] {logging_mixin.py:190} INFO - [2025-03-27T10:07:09.997+0000] {dag.py:4180} INFO - Setting next_dagrun for example_task_group to None, run_after=None
[2025-03-27T10:07:10.007+0000] {processor.py:208} INFO - Processing /home/airflow/.local/lib/python3.12/site-packages/airflow/example_dags/example_task_group.py took 0.046 seconds
[2025-03-27T10:07:41.177+0000] {processor.py:186} INFO - Started process (PID=332) to work on /home/airflow/.local/lib/python3.12/site-packages/airflow/example_dags/example_task_group.py
[2025-03-27T10:07:41.178+0000] {processor.py:914} INFO - Processing file /home/airflow/.local/lib/python3.12/site-packages/airflow/example_dags/example_task_group.py for tasks to queue
[2025-03-27T10:07:41.179+0000] {logging_mixin.py:190} INFO - [2025-03-27T10:07:41.179+0000] {dagbag.py:588} INFO - Filling up the DagBag from /home/airflow/.local/lib/python3.12/site-packages/airflow/example_dags/example_task_group.py
[2025-03-27T10:07:41.184+0000] {processor.py:925} INFO - DAG(s) 'example_task_group' retrieved from /home/airflow/.local/lib/python3.12/site-packages/airflow/example_dags/example_task_group.py
[2025-03-27T10:07:41.196+0000] {logging_mixin.py:190} INFO - [2025-03-27T10:07:41.196+0000] {dag.py:3239} INFO - Sync 1 DAGs
[2025-03-27T10:07:41.203+0000] {logging_mixin.py:190} INFO - [2025-03-27T10:07:41.203+0000] {dag.py:4180} INFO - Setting next_dagrun for example_task_group to None, run_after=None
[2025-03-27T10:07:41.213+0000] {processor.py:208} INFO - Processing /home/airflow/.local/lib/python3.12/site-packages/airflow/example_dags/example_task_group.py took 0.039 seconds
[2025-03-27T10:08:11.989+0000] {processor.py:186} INFO - Started process (PID=394) to work on /home/airflow/.local/lib/python3.12/site-packages/airflow/example_dags/example_task_group.py
[2025-03-27T10:08:11.990+0000] {processor.py:914} INFO - Processing file /home/airflow/.local/lib/python3.12/site-packages/airflow/example_dags/example_task_group.py for tasks to queue
[2025-03-27T10:08:11.991+0000] {logging_mixin.py:190} INFO - [2025-03-27T10:08:11.991+0000] {dagbag.py:588} INFO - Filling up the DagBag from /home/airflow/.local/lib/python3.12/site-packages/airflow/example_dags/example_task_group.py
[2025-03-27T10:08:11.996+0000] {processor.py:925} INFO - DAG(s) 'example_task_group' retrieved from /home/airflow/.local/lib/python3.12/site-packages/airflow/example_dags/example_task_group.py
[2025-03-27T10:08:12.008+0000] {logging_mixin.py:190} INFO - [2025-03-27T10:08:12.008+0000] {dag.py:3239} INFO - Sync 1 DAGs
[2025-03-27T10:08:12.014+0000] {logging_mixin.py:190} INFO - [2025-03-27T10:08:12.014+0000] {dag.py:4180} INFO - Setting next_dagrun for example_task_group to None, run_after=None
[2025-03-27T10:08:12.027+0000] {processor.py:208} INFO - Processing /home/airflow/.local/lib/python3.12/site-packages/airflow/example_dags/example_task_group.py took 0.041 seconds
[2025-03-27T10:08:42.989+0000] {processor.py:186} INFO - Started process (PID=457) to work on /home/airflow/.local/lib/python3.12/site-packages/airflow/example_dags/example_task_group.py
[2025-03-27T10:08:42.989+0000] {processor.py:914} INFO - Processing file /home/airflow/.local/lib/python3.12/site-packages/airflow/example_dags/example_task_group.py for tasks to queue
[2025-03-27T10:08:42.990+0000] {logging_mixin.py:190} INFO - [2025-03-27T10:08:42.990+0000] {dagbag.py:588} INFO - Filling up the DagBag from /home/airflow/.local/lib/python3.12/site-packages/airflow/example_dags/example_task_group.py
[2025-03-27T10:08:42.995+0000] {processor.py:925} INFO - DAG(s) 'example_task_group' retrieved from /home/airflow/.local/lib/python3.12/site-packages/airflow/example_dags/example_task_group.py
[2025-03-27T10:08:43.005+0000] {logging_mixin.py:190} INFO - [2025-03-27T10:08:43.004+0000] {dag.py:3239} INFO - Sync 1 DAGs
[2025-03-27T10:08:43.010+0000] {logging_mixin.py:190} INFO - [2025-03-27T10:08:43.010+0000] {dag.py:4180} INFO - Setting next_dagrun for example_task_group to None, run_after=None
[2025-03-27T10:08:43.018+0000] {processor.py:208} INFO - Processing /home/airflow/.local/lib/python3.12/site-packages/airflow/example_dags/example_task_group.py took 0.032 seconds
[2025-03-27T10:09:13.889+0000] {processor.py:186} INFO - Started process (PID=519) to work on /home/airflow/.local/lib/python3.12/site-packages/airflow/example_dags/example_task_group.py
[2025-03-27T10:09:13.889+0000] {processor.py:914} INFO - Processing file /home/airflow/.local/lib/python3.12/site-packages/airflow/example_dags/example_task_group.py for tasks to queue
[2025-03-27T10:09:13.893+0000] {logging_mixin.py:190} INFO - [2025-03-27T10:09:13.893+0000] {dagbag.py:588} INFO - Filling up the DagBag from /home/airflow/.local/lib/python3.12/site-packages/airflow/example_dags/example_task_group.py
[2025-03-27T10:09:13.898+0000] {processor.py:925} INFO - DAG(s) 'example_task_group' retrieved from /home/airflow/.local/lib/python3.12/site-packages/airflow/example_dags/example_task_group.py
[2025-03-27T10:09:13.909+0000] {logging_mixin.py:190} INFO - [2025-03-27T10:09:13.909+0000] {dag.py:3239} INFO - Sync 1 DAGs
[2025-03-27T10:09:13.916+0000] {logging_mixin.py:190} INFO - [2025-03-27T10:09:13.916+0000] {dag.py:4180} INFO - Setting next_dagrun for example_task_group to None, run_after=None
[2025-03-27T10:09:13.925+0000] {processor.py:208} INFO - Processing /home/airflow/.local/lib/python3.12/site-packages/airflow/example_dags/example_task_group.py took 0.041 seconds
[2025-03-27T10:09:44.624+0000] {processor.py:186} INFO - Started process (PID=582) to work on /home/airflow/.local/lib/python3.12/site-packages/airflow/example_dags/example_task_group.py
[2025-03-27T10:09:44.624+0000] {processor.py:914} INFO - Processing file /home/airflow/.local/lib/python3.12/site-packages/airflow/example_dags/example_task_group.py for tasks to queue
[2025-03-27T10:09:44.626+0000] {logging_mixin.py:190} INFO - [2025-03-27T10:09:44.625+0000] {dagbag.py:588} INFO - Filling up the DagBag from /home/airflow/.local/lib/python3.12/site-packages/airflow/example_dags/example_task_group.py
[2025-03-27T10:09:44.630+0000] {processor.py:925} INFO - DAG(s) 'example_task_group' retrieved from /home/airflow/.local/lib/python3.12/site-packages/airflow/example_dags/example_task_group.py
[2025-03-27T10:09:44.641+0000] {logging_mixin.py:190} INFO - [2025-03-27T10:09:44.641+0000] {dag.py:3239} INFO - Sync 1 DAGs
[2025-03-27T10:09:44.647+0000] {logging_mixin.py:190} INFO - [2025-03-27T10:09:44.647+0000] {dag.py:4180} INFO - Setting next_dagrun for example_task_group to None, run_after=None
[2025-03-27T10:09:44.657+0000] {processor.py:208} INFO - Processing /home/airflow/.local/lib/python3.12/site-packages/airflow/example_dags/example_task_group.py took 0.037 seconds
[2025-03-27T10:10:15.530+0000] {processor.py:186} INFO - Started process (PID=645) to work on /home/airflow/.local/lib/python3.12/site-packages/airflow/example_dags/example_task_group.py
[2025-03-27T10:10:15.531+0000] {processor.py:914} INFO - Processing file /home/airflow/.local/lib/python3.12/site-packages/airflow/example_dags/example_task_group.py for tasks to queue
[2025-03-27T10:10:15.532+0000] {logging_mixin.py:190} INFO - [2025-03-27T10:10:15.532+0000] {dagbag.py:588} INFO - Filling up the DagBag from /home/airflow/.local/lib/python3.12/site-packages/airflow/example_dags/example_task_group.py
[2025-03-27T10:10:15.537+0000] {processor.py:925} INFO - DAG(s) 'example_task_group' retrieved from /home/airflow/.local/lib/python3.12/site-packages/airflow/example_dags/example_task_group.py
[2025-03-27T10:10:15.548+0000] {logging_mixin.py:190} INFO - [2025-03-27T10:10:15.548+0000] {dag.py:3239} INFO - Sync 1 DAGs
[2025-03-27T10:10:15.555+0000] {logging_mixin.py:190} INFO - [2025-03-27T10:10:15.554+0000] {dag.py:4180} INFO - Setting next_dagrun for example_task_group to None, run_after=None
[2025-03-27T10:10:15.563+0000] {processor.py:208} INFO - Processing /home/airflow/.local/lib/python3.12/site-packages/airflow/example_dags/example_task_group.py took 0.036 seconds
[2025-03-27T10:10:46.597+0000] {processor.py:186} INFO - Started process (PID=707) to work on /home/airflow/.local/lib/python3.12/site-packages/airflow/example_dags/example_task_group.py
[2025-03-27T10:10:46.598+0000] {processor.py:914} INFO - Processing file /home/airflow/.local/lib/python3.12/site-packages/airflow/example_dags/example_task_group.py for tasks to queue
[2025-03-27T10:10:46.600+0000] {logging_mixin.py:190} INFO - [2025-03-27T10:10:46.599+0000] {dagbag.py:588} INFO - Filling up the DagBag from /home/airflow/.local/lib/python3.12/site-packages/airflow/example_dags/example_task_group.py
[2025-03-27T10:10:46.606+0000] {processor.py:925} INFO - DAG(s) 'example_task_group' retrieved from /home/airflow/.local/lib/python3.12/site-packages/airflow/example_dags/example_task_group.py
[2025-03-27T10:10:46.619+0000] {logging_mixin.py:190} INFO - [2025-03-27T10:10:46.619+0000] {dag.py:3239} INFO - Sync 1 DAGs
[2025-03-27T10:10:46.626+0000] {logging_mixin.py:190} INFO - [2025-03-27T10:10:46.626+0000] {dag.py:4180} INFO - Setting next_dagrun for example_task_group to None, run_after=None
[2025-03-27T10:10:46.638+0000] {processor.py:208} INFO - Processing /home/airflow/.local/lib/python3.12/site-packages/airflow/example_dags/example_task_group.py took 0.044 seconds
[2025-03-27T10:11:17.854+0000] {processor.py:186} INFO - Started process (PID=770) to work on /home/airflow/.local/lib/python3.12/site-packages/airflow/example_dags/example_task_group.py
[2025-03-27T10:11:17.855+0000] {processor.py:914} INFO - Processing file /home/airflow/.local/lib/python3.12/site-packages/airflow/example_dags/example_task_group.py for tasks to queue
[2025-03-27T10:11:17.856+0000] {logging_mixin.py:190} INFO - [2025-03-27T10:11:17.856+0000] {dagbag.py:588} INFO - Filling up the DagBag from /home/airflow/.local/lib/python3.12/site-packages/airflow/example_dags/example_task_group.py
[2025-03-27T10:11:17.862+0000] {processor.py:925} INFO - DAG(s) 'example_task_group' retrieved from /home/airflow/.local/lib/python3.12/site-packages/airflow/example_dags/example_task_group.py
[2025-03-27T10:11:17.876+0000] {logging_mixin.py:190} INFO - [2025-03-27T10:11:17.875+0000] {dag.py:3239} INFO - Sync 1 DAGs
[2025-03-27T10:11:17.883+0000] {logging_mixin.py:190} INFO - [2025-03-27T10:11:17.883+0000] {dag.py:4180} INFO - Setting next_dagrun for example_task_group to None, run_after=None
[2025-03-27T10:11:17.897+0000] {processor.py:208} INFO - Processing /home/airflow/.local/lib/python3.12/site-packages/airflow/example_dags/example_task_group.py took 0.045 seconds
[2025-03-27T10:11:48.506+0000] {processor.py:186} INFO - Started process (PID=834) to work on /home/airflow/.local/lib/python3.12/site-packages/airflow/example_dags/example_task_group.py
[2025-03-27T10:11:48.506+0000] {processor.py:914} INFO - Processing file /home/airflow/.local/lib/python3.12/site-packages/airflow/example_dags/example_task_group.py for tasks to queue
[2025-03-27T10:11:48.507+0000] {logging_mixin.py:190} INFO - [2025-03-27T10:11:48.507+0000] {dagbag.py:588} INFO - Filling up the DagBag from /home/airflow/.local/lib/python3.12/site-packages/airflow/example_dags/example_task_group.py
[2025-03-27T10:11:48.512+0000] {processor.py:925} INFO - DAG(s) 'example_task_group' retrieved from /home/airflow/.local/lib/python3.12/site-packages/airflow/example_dags/example_task_group.py
[2025-03-27T10:11:48.522+0000] {logging_mixin.py:190} INFO - [2025-03-27T10:11:48.522+0000] {dag.py:3239} INFO - Sync 1 DAGs
[2025-03-27T10:11:48.528+0000] {logging_mixin.py:190} INFO - [2025-03-27T10:11:48.528+0000] {dag.py:4180} INFO - Setting next_dagrun for example_task_group to None, run_after=None
[2025-03-27T10:11:48.536+0000] {processor.py:208} INFO - Processing /home/airflow/.local/lib/python3.12/site-packages/airflow/example_dags/example_task_group.py took 0.034 seconds
[2025-03-27T10:12:19.309+0000] {processor.py:186} INFO - Started process (PID=896) to work on /home/airflow/.local/lib/python3.12/site-packages/airflow/example_dags/example_task_group.py
[2025-03-27T10:12:19.311+0000] {processor.py:914} INFO - Processing file /home/airflow/.local/lib/python3.12/site-packages/airflow/example_dags/example_task_group.py for tasks to queue
[2025-03-27T10:12:19.313+0000] {logging_mixin.py:190} INFO - [2025-03-27T10:12:19.313+0000] {dagbag.py:588} INFO - Filling up the DagBag from /home/airflow/.local/lib/python3.12/site-packages/airflow/example_dags/example_task_group.py
[2025-03-27T10:12:19.318+0000] {processor.py:925} INFO - DAG(s) 'example_task_group' retrieved from /home/airflow/.local/lib/python3.12/site-packages/airflow/example_dags/example_task_group.py
[2025-03-27T10:12:19.333+0000] {logging_mixin.py:190} INFO - [2025-03-27T10:12:19.332+0000] {dag.py:3239} INFO - Sync 1 DAGs
[2025-03-27T10:12:19.340+0000] {logging_mixin.py:190} INFO - [2025-03-27T10:12:19.340+0000] {dag.py:4180} INFO - Setting next_dagrun for example_task_group to None, run_after=None
[2025-03-27T10:12:19.349+0000] {processor.py:208} INFO - Processing /home/airflow/.local/lib/python3.12/site-packages/airflow/example_dags/example_task_group.py took 0.044 seconds
[2025-03-27T10:12:50.072+0000] {processor.py:186} INFO - Started process (PID=959) to work on /home/airflow/.local/lib/python3.12/site-packages/airflow/example_dags/example_task_group.py
[2025-03-27T10:12:50.076+0000] {processor.py:914} INFO - Processing file /home/airflow/.local/lib/python3.12/site-packages/airflow/example_dags/example_task_group.py for tasks to queue
[2025-03-27T10:12:50.077+0000] {logging_mixin.py:190} INFO - [2025-03-27T10:12:50.077+0000] {dagbag.py:588} INFO - Filling up the DagBag from /home/airflow/.local/lib/python3.12/site-packages/airflow/example_dags/example_task_group.py
[2025-03-27T10:12:50.081+0000] {processor.py:925} INFO - DAG(s) 'example_task_group' retrieved from /home/airflow/.local/lib/python3.12/site-packages/airflow/example_dags/example_task_group.py
[2025-03-27T10:12:50.092+0000] {logging_mixin.py:190} INFO - [2025-03-27T10:12:50.091+0000] {dag.py:3239} INFO - Sync 1 DAGs
[2025-03-27T10:12:50.098+0000] {logging_mixin.py:190} INFO - [2025-03-27T10:12:50.098+0000] {dag.py:4180} INFO - Setting next_dagrun for example_task_group to None, run_after=None
[2025-03-27T10:12:50.108+0000] {processor.py:208} INFO - Processing /home/airflow/.local/lib/python3.12/site-packages/airflow/example_dags/example_task_group.py took 0.039 seconds
[2025-03-27T10:13:21.236+0000] {processor.py:186} INFO - Started process (PID=1022) to work on /home/airflow/.local/lib/python3.12/site-packages/airflow/example_dags/example_task_group.py
[2025-03-27T10:13:21.237+0000] {processor.py:914} INFO - Processing file /home/airflow/.local/lib/python3.12/site-packages/airflow/example_dags/example_task_group.py for tasks to queue
[2025-03-27T10:13:21.239+0000] {logging_mixin.py:190} INFO - [2025-03-27T10:13:21.239+0000] {dagbag.py:588} INFO - Filling up the DagBag from /home/airflow/.local/lib/python3.12/site-packages/airflow/example_dags/example_task_group.py
[2025-03-27T10:13:21.244+0000] {processor.py:925} INFO - DAG(s) 'example_task_group' retrieved from /home/airflow/.local/lib/python3.12/site-packages/airflow/example_dags/example_task_group.py
[2025-03-27T10:13:21.259+0000] {logging_mixin.py:190} INFO - [2025-03-27T10:13:21.259+0000] {dag.py:3239} INFO - Sync 1 DAGs
[2025-03-27T10:13:21.268+0000] {logging_mixin.py:190} INFO - [2025-03-27T10:13:21.267+0000] {dag.py:4180} INFO - Setting next_dagrun for example_task_group to None, run_after=None
[2025-03-27T10:13:21.280+0000] {processor.py:208} INFO - Processing /home/airflow/.local/lib/python3.12/site-packages/airflow/example_dags/example_task_group.py took 0.049 seconds
[2025-03-27T10:13:52.275+0000] {processor.py:186} INFO - Started process (PID=1085) to work on /home/airflow/.local/lib/python3.12/site-packages/airflow/example_dags/example_task_group.py
[2025-03-27T10:13:52.276+0000] {processor.py:914} INFO - Processing file /home/airflow/.local/lib/python3.12/site-packages/airflow/example_dags/example_task_group.py for tasks to queue
[2025-03-27T10:13:52.278+0000] {logging_mixin.py:190} INFO - [2025-03-27T10:13:52.278+0000] {dagbag.py:588} INFO - Filling up the DagBag from /home/airflow/.local/lib/python3.12/site-packages/airflow/example_dags/example_task_group.py
[2025-03-27T10:13:52.282+0000] {processor.py:925} INFO - DAG(s) 'example_task_group' retrieved from /home/airflow/.local/lib/python3.12/site-packages/airflow/example_dags/example_task_group.py
[2025-03-27T10:13:52.294+0000] {logging_mixin.py:190} INFO - [2025-03-27T10:13:52.294+0000] {dag.py:3239} INFO - Sync 1 DAGs
[2025-03-27T10:13:52.303+0000] {logging_mixin.py:190} INFO - [2025-03-27T10:13:52.303+0000] {dag.py:4180} INFO - Setting next_dagrun for example_task_group to None, run_after=None
[2025-03-27T10:13:52.312+0000] {processor.py:208} INFO - Processing /home/airflow/.local/lib/python3.12/site-packages/airflow/example_dags/example_task_group.py took 0.040 seconds
[2025-03-27T10:14:23.165+0000] {processor.py:186} INFO - Started process (PID=1148) to work on /home/airflow/.local/lib/python3.12/site-packages/airflow/example_dags/example_task_group.py
[2025-03-27T10:14:23.165+0000] {processor.py:914} INFO - Processing file /home/airflow/.local/lib/python3.12/site-packages/airflow/example_dags/example_task_group.py for tasks to queue
[2025-03-27T10:14:23.167+0000] {logging_mixin.py:190} INFO - [2025-03-27T10:14:23.166+0000] {dagbag.py:588} INFO - Filling up the DagBag from /home/airflow/.local/lib/python3.12/site-packages/airflow/example_dags/example_task_group.py
[2025-03-27T10:14:23.171+0000] {processor.py:925} INFO - DAG(s) 'example_task_group' retrieved from /home/airflow/.local/lib/python3.12/site-packages/airflow/example_dags/example_task_group.py
[2025-03-27T10:14:23.181+0000] {logging_mixin.py:190} INFO - [2025-03-27T10:14:23.181+0000] {dag.py:3239} INFO - Sync 1 DAGs
[2025-03-27T10:14:23.188+0000] {logging_mixin.py:190} INFO - [2025-03-27T10:14:23.188+0000] {dag.py:4180} INFO - Setting next_dagrun for example_task_group to None, run_after=None
[2025-03-27T10:14:23.198+0000] {processor.py:208} INFO - Processing /home/airflow/.local/lib/python3.12/site-packages/airflow/example_dags/example_task_group.py took 0.037 seconds
[2025-03-27T10:14:54.294+0000] {processor.py:186} INFO - Started process (PID=1211) to work on /home/airflow/.local/lib/python3.12/site-packages/airflow/example_dags/example_task_group.py
[2025-03-27T10:14:54.297+0000] {processor.py:914} INFO - Processing file /home/airflow/.local/lib/python3.12/site-packages/airflow/example_dags/example_task_group.py for tasks to queue
[2025-03-27T10:14:54.298+0000] {logging_mixin.py:190} INFO - [2025-03-27T10:14:54.298+0000] {dagbag.py:588} INFO - Filling up the DagBag from /home/airflow/.local/lib/python3.12/site-packages/airflow/example_dags/example_task_group.py
[2025-03-27T10:14:54.305+0000] {processor.py:925} INFO - DAG(s) 'example_task_group' retrieved from /home/airflow/.local/lib/python3.12/site-packages/airflow/example_dags/example_task_group.py
[2025-03-27T10:14:54.318+0000] {logging_mixin.py:190} INFO - [2025-03-27T10:14:54.318+0000] {dag.py:3239} INFO - Sync 1 DAGs
[2025-03-27T10:14:54.325+0000] {logging_mixin.py:190} INFO - [2025-03-27T10:14:54.325+0000] {dag.py:4180} INFO - Setting next_dagrun for example_task_group to None, run_after=None
[2025-03-27T10:14:54.335+0000] {processor.py:208} INFO - Processing /home/airflow/.local/lib/python3.12/site-packages/airflow/example_dags/example_task_group.py took 0.046 seconds
[2025-03-27T10:15:25.149+0000] {processor.py:186} INFO - Started process (PID=1273) to work on /home/airflow/.local/lib/python3.12/site-packages/airflow/example_dags/example_task_group.py
[2025-03-27T10:15:25.150+0000] {processor.py:914} INFO - Processing file /home/airflow/.local/lib/python3.12/site-packages/airflow/example_dags/example_task_group.py for tasks to queue
[2025-03-27T10:15:25.151+0000] {logging_mixin.py:190} INFO - [2025-03-27T10:15:25.151+0000] {dagbag.py:588} INFO - Filling up the DagBag from /home/airflow/.local/lib/python3.12/site-packages/airflow/example_dags/example_task_group.py
[2025-03-27T10:15:25.156+0000] {processor.py:925} INFO - DAG(s) 'example_task_group' retrieved from /home/airflow/.local/lib/python3.12/site-packages/airflow/example_dags/example_task_group.py
[2025-03-27T10:15:25.171+0000] {logging_mixin.py:190} INFO - [2025-03-27T10:15:25.171+0000] {dag.py:3239} INFO - Sync 1 DAGs
[2025-03-27T10:15:25.179+0000] {logging_mixin.py:190} INFO - [2025-03-27T10:15:25.179+0000] {dag.py:4180} INFO - Setting next_dagrun for example_task_group to None, run_after=None
[2025-03-27T10:15:25.188+0000] {processor.py:208} INFO - Processing /home/airflow/.local/lib/python3.12/site-packages/airflow/example_dags/example_task_group.py took 0.042 seconds
[2025-03-27T10:15:56.086+0000] {processor.py:186} INFO - Started process (PID=1336) to work on /home/airflow/.local/lib/python3.12/site-packages/airflow/example_dags/example_task_group.py
[2025-03-27T10:15:56.087+0000] {processor.py:914} INFO - Processing file /home/airflow/.local/lib/python3.12/site-packages/airflow/example_dags/example_task_group.py for tasks to queue
[2025-03-27T10:15:56.088+0000] {logging_mixin.py:190} INFO - [2025-03-27T10:15:56.088+0000] {dagbag.py:588} INFO - Filling up the DagBag from /home/airflow/.local/lib/python3.12/site-packages/airflow/example_dags/example_task_group.py
[2025-03-27T10:15:56.092+0000] {processor.py:925} INFO - DAG(s) 'example_task_group' retrieved from /home/airflow/.local/lib/python3.12/site-packages/airflow/example_dags/example_task_group.py
[2025-03-27T10:15:56.103+0000] {logging_mixin.py:190} INFO - [2025-03-27T10:15:56.103+0000] {dag.py:3239} INFO - Sync 1 DAGs
[2025-03-27T10:15:56.110+0000] {logging_mixin.py:190} INFO - [2025-03-27T10:15:56.110+0000] {dag.py:4180} INFO - Setting next_dagrun for example_task_group to None, run_after=None
[2025-03-27T10:15:56.119+0000] {processor.py:208} INFO - Processing /home/airflow/.local/lib/python3.12/site-packages/airflow/example_dags/example_task_group.py took 0.037 seconds
[2025-03-27T10:16:27.256+0000] {processor.py:186} INFO - Started process (PID=1399) to work on /home/airflow/.local/lib/python3.12/site-packages/airflow/example_dags/example_task_group.py
[2025-03-27T10:16:27.257+0000] {processor.py:914} INFO - Processing file /home/airflow/.local/lib/python3.12/site-packages/airflow/example_dags/example_task_group.py for tasks to queue
[2025-03-27T10:16:27.259+0000] {logging_mixin.py:190} INFO - [2025-03-27T10:16:27.258+0000] {dagbag.py:588} INFO - Filling up the DagBag from /home/airflow/.local/lib/python3.12/site-packages/airflow/example_dags/example_task_group.py
[2025-03-27T10:16:27.264+0000] {processor.py:925} INFO - DAG(s) 'example_task_group' retrieved from /home/airflow/.local/lib/python3.12/site-packages/airflow/example_dags/example_task_group.py
[2025-03-27T10:16:27.275+0000] {logging_mixin.py:190} INFO - [2025-03-27T10:16:27.275+0000] {dag.py:3239} INFO - Sync 1 DAGs
[2025-03-27T10:16:27.283+0000] {logging_mixin.py:190} INFO - [2025-03-27T10:16:27.283+0000] {dag.py:4180} INFO - Setting next_dagrun for example_task_group to None, run_after=None
[2025-03-27T10:16:27.291+0000] {processor.py:208} INFO - Processing /home/airflow/.local/lib/python3.12/site-packages/airflow/example_dags/example_task_group.py took 0.038 seconds
[2025-03-27T10:16:58.189+0000] {processor.py:186} INFO - Started process (PID=1462) to work on /home/airflow/.local/lib/python3.12/site-packages/airflow/example_dags/example_task_group.py
[2025-03-27T10:16:58.190+0000] {processor.py:914} INFO - Processing file /home/airflow/.local/lib/python3.12/site-packages/airflow/example_dags/example_task_group.py for tasks to queue
[2025-03-27T10:16:58.191+0000] {logging_mixin.py:190} INFO - [2025-03-27T10:16:58.191+0000] {dagbag.py:588} INFO - Filling up the DagBag from /home/airflow/.local/lib/python3.12/site-packages/airflow/example_dags/example_task_group.py
[2025-03-27T10:16:58.196+0000] {processor.py:925} INFO - DAG(s) 'example_task_group' retrieved from /home/airflow/.local/lib/python3.12/site-packages/airflow/example_dags/example_task_group.py
[2025-03-27T10:16:58.208+0000] {logging_mixin.py:190} INFO - [2025-03-27T10:16:58.207+0000] {dag.py:3239} INFO - Sync 1 DAGs
[2025-03-27T10:16:58.214+0000] {logging_mixin.py:190} INFO - [2025-03-27T10:16:58.214+0000] {dag.py:4180} INFO - Setting next_dagrun for example_task_group to None, run_after=None
[2025-03-27T10:16:58.226+0000] {processor.py:208} INFO - Processing /home/airflow/.local/lib/python3.12/site-packages/airflow/example_dags/example_task_group.py took 0.039 seconds
[2025-03-27T10:17:29.022+0000] {processor.py:186} INFO - Started process (PID=1525) to work on /home/airflow/.local/lib/python3.12/site-packages/airflow/example_dags/example_task_group.py
[2025-03-27T10:17:29.023+0000] {processor.py:914} INFO - Processing file /home/airflow/.local/lib/python3.12/site-packages/airflow/example_dags/example_task_group.py for tasks to queue
[2025-03-27T10:17:29.024+0000] {logging_mixin.py:190} INFO - [2025-03-27T10:17:29.024+0000] {dagbag.py:588} INFO - Filling up the DagBag from /home/airflow/.local/lib/python3.12/site-packages/airflow/example_dags/example_task_group.py
[2025-03-27T10:17:29.029+0000] {processor.py:925} INFO - DAG(s) 'example_task_group' retrieved from /home/airflow/.local/lib/python3.12/site-packages/airflow/example_dags/example_task_group.py
[2025-03-27T10:17:29.039+0000] {logging_mixin.py:190} INFO - [2025-03-27T10:17:29.039+0000] {dag.py:3239} INFO - Sync 1 DAGs
[2025-03-27T10:17:29.047+0000] {logging_mixin.py:190} INFO - [2025-03-27T10:17:29.047+0000] {dag.py:4180} INFO - Setting next_dagrun for example_task_group to None, run_after=None
[2025-03-27T10:17:29.058+0000] {processor.py:208} INFO - Processing /home/airflow/.local/lib/python3.12/site-packages/airflow/example_dags/example_task_group.py took 0.040 seconds
[2025-03-27T10:17:59.949+0000] {processor.py:186} INFO - Started process (PID=1588) to work on /home/airflow/.local/lib/python3.12/site-packages/airflow/example_dags/example_task_group.py
[2025-03-27T10:17:59.950+0000] {processor.py:914} INFO - Processing file /home/airflow/.local/lib/python3.12/site-packages/airflow/example_dags/example_task_group.py for tasks to queue
[2025-03-27T10:17:59.951+0000] {logging_mixin.py:190} INFO - [2025-03-27T10:17:59.951+0000] {dagbag.py:588} INFO - Filling up the DagBag from /home/airflow/.local/lib/python3.12/site-packages/airflow/example_dags/example_task_group.py
[2025-03-27T10:17:59.956+0000] {processor.py:925} INFO - DAG(s) 'example_task_group' retrieved from /home/airflow/.local/lib/python3.12/site-packages/airflow/example_dags/example_task_group.py
[2025-03-27T10:17:59.968+0000] {logging_mixin.py:190} INFO - [2025-03-27T10:17:59.968+0000] {dag.py:3239} INFO - Sync 1 DAGs
[2025-03-27T10:17:59.976+0000] {logging_mixin.py:190} INFO - [2025-03-27T10:17:59.976+0000] {dag.py:4180} INFO - Setting next_dagrun for example_task_group to None, run_after=None
[2025-03-27T10:17:59.988+0000] {processor.py:208} INFO - Processing /home/airflow/.local/lib/python3.12/site-packages/airflow/example_dags/example_task_group.py took 0.044 seconds
