[2025-03-27T10:05:36.828+0000] {processor.py:186} INFO - Started process (PID=72) to work on /home/airflow/.local/lib/python3.12/site-packages/airflow/example_dags/example_sensors.py
[2025-03-27T10:05:36.829+0000] {processor.py:914} INFO - Processing file /home/airflow/.local/lib/python3.12/site-packages/airflow/example_dags/example_sensors.py for tasks to queue
[2025-03-27T10:05:36.830+0000] {logging_mixin.py:190} INFO - [2025-03-27T10:05:36.830+0000] {dagbag.py:588} INFO - Filling up the DagBag from /home/airflow/.local/lib/python3.12/site-packages/airflow/example_dags/example_sensors.py
[2025-03-27T10:05:36.838+0000] {processor.py:925} INFO - DAG(s) 'example_sensors' retrieved from /home/airflow/.local/lib/python3.12/site-packages/airflow/example_dags/example_sensors.py
[2025-03-27T10:05:36.902+0000] {logging_mixin.py:190} INFO - [2025-03-27T10:05:36.902+0000] {override.py:1912} INFO - Created Permission View: can read on DAG:example_sensors
[2025-03-27T10:05:36.908+0000] {logging_mixin.py:190} INFO - [2025-03-27T10:05:36.908+0000] {override.py:1912} INFO - Created Permission View: can delete on DAG:example_sensors
[2025-03-27T10:05:36.913+0000] {logging_mixin.py:190} INFO - [2025-03-27T10:05:36.913+0000] {override.py:1912} INFO - Created Permission View: can edit on DAG:example_sensors
[2025-03-27T10:05:36.918+0000] {logging_mixin.py:190} INFO - [2025-03-27T10:05:36.918+0000] {override.py:1912} INFO - Created Permission View: can read on DAG Run:example_sensors
[2025-03-27T10:05:36.925+0000] {logging_mixin.py:190} INFO - [2025-03-27T10:05:36.925+0000] {override.py:1912} INFO - Created Permission View: can delete on DAG Run:example_sensors
[2025-03-27T10:05:36.930+0000] {logging_mixin.py:190} INFO - [2025-03-27T10:05:36.929+0000] {override.py:1912} INFO - Created Permission View: can create on DAG Run:example_sensors
[2025-03-27T10:05:36.933+0000] {logging_mixin.py:190} INFO - [2025-03-27T10:05:36.933+0000] {override.py:1912} INFO - Created Permission View: menu access on DAG Run:example_sensors
[2025-03-27T10:05:36.934+0000] {logging_mixin.py:190} INFO - [2025-03-27T10:05:36.934+0000] {dag.py:3239} INFO - Sync 1 DAGs
[2025-03-27T10:05:36.941+0000] {logging_mixin.py:190} INFO - [2025-03-27T10:05:36.941+0000] {dag.py:3262} INFO - Creating ORM DAG for example_sensors
[2025-03-27T10:05:36.941+0000] {logging_mixin.py:190} INFO - [2025-03-27T10:05:36.941+0000] {dag.py:4180} INFO - Setting next_dagrun for example_sensors to None, run_after=None
[2025-03-27T10:05:36.951+0000] {processor.py:208} INFO - Processing /home/airflow/.local/lib/python3.12/site-packages/airflow/example_dags/example_sensors.py took 0.127 seconds
[2025-03-27T10:06:07.276+0000] {processor.py:186} INFO - Started process (PID=135) to work on /home/airflow/.local/lib/python3.12/site-packages/airflow/example_dags/example_sensors.py
[2025-03-27T10:06:07.278+0000] {processor.py:914} INFO - Processing file /home/airflow/.local/lib/python3.12/site-packages/airflow/example_dags/example_sensors.py for tasks to queue
[2025-03-27T10:06:07.279+0000] {logging_mixin.py:190} INFO - [2025-03-27T10:06:07.279+0000] {dagbag.py:588} INFO - Filling up the DagBag from /home/airflow/.local/lib/python3.12/site-packages/airflow/example_dags/example_sensors.py
[2025-03-27T10:06:07.285+0000] {processor.py:925} INFO - DAG(s) 'example_sensors' retrieved from /home/airflow/.local/lib/python3.12/site-packages/airflow/example_dags/example_sensors.py
[2025-03-27T10:06:07.298+0000] {logging_mixin.py:190} INFO - [2025-03-27T10:06:07.297+0000] {dag.py:3239} INFO - Sync 1 DAGs
[2025-03-27T10:06:07.304+0000] {logging_mixin.py:190} INFO - [2025-03-27T10:06:07.304+0000] {dag.py:4180} INFO - Setting next_dagrun for example_sensors to None, run_after=None
[2025-03-27T10:06:07.313+0000] {processor.py:208} INFO - Processing /home/airflow/.local/lib/python3.12/site-packages/airflow/example_dags/example_sensors.py took 0.041 seconds
[2025-03-27T10:06:38.406+0000] {processor.py:186} INFO - Started process (PID=198) to work on /home/airflow/.local/lib/python3.12/site-packages/airflow/example_dags/example_sensors.py
[2025-03-27T10:06:38.407+0000] {processor.py:914} INFO - Processing file /home/airflow/.local/lib/python3.12/site-packages/airflow/example_dags/example_sensors.py for tasks to queue
[2025-03-27T10:06:38.408+0000] {logging_mixin.py:190} INFO - [2025-03-27T10:06:38.408+0000] {dagbag.py:588} INFO - Filling up the DagBag from /home/airflow/.local/lib/python3.12/site-packages/airflow/example_dags/example_sensors.py
[2025-03-27T10:06:38.415+0000] {processor.py:925} INFO - DAG(s) 'example_sensors' retrieved from /home/airflow/.local/lib/python3.12/site-packages/airflow/example_dags/example_sensors.py
[2025-03-27T10:06:38.432+0000] {logging_mixin.py:190} INFO - [2025-03-27T10:06:38.432+0000] {dag.py:3239} INFO - Sync 1 DAGs
[2025-03-27T10:06:38.440+0000] {logging_mixin.py:190} INFO - [2025-03-27T10:06:38.439+0000] {dag.py:4180} INFO - Setting next_dagrun for example_sensors to None, run_after=None
[2025-03-27T10:06:38.449+0000] {processor.py:208} INFO - Processing /home/airflow/.local/lib/python3.12/site-packages/airflow/example_dags/example_sensors.py took 0.048 seconds
[2025-03-27T10:07:09.572+0000] {processor.py:186} INFO - Started process (PID=261) to work on /home/airflow/.local/lib/python3.12/site-packages/airflow/example_dags/example_sensors.py
[2025-03-27T10:07:09.573+0000] {processor.py:914} INFO - Processing file /home/airflow/.local/lib/python3.12/site-packages/airflow/example_dags/example_sensors.py for tasks to queue
[2025-03-27T10:07:09.574+0000] {logging_mixin.py:190} INFO - [2025-03-27T10:07:09.574+0000] {dagbag.py:588} INFO - Filling up the DagBag from /home/airflow/.local/lib/python3.12/site-packages/airflow/example_dags/example_sensors.py
[2025-03-27T10:07:09.580+0000] {processor.py:925} INFO - DAG(s) 'example_sensors' retrieved from /home/airflow/.local/lib/python3.12/site-packages/airflow/example_dags/example_sensors.py
[2025-03-27T10:07:09.595+0000] {logging_mixin.py:190} INFO - [2025-03-27T10:07:09.595+0000] {dag.py:3239} INFO - Sync 1 DAGs
[2025-03-27T10:07:09.602+0000] {logging_mixin.py:190} INFO - [2025-03-27T10:07:09.602+0000] {dag.py:4180} INFO - Setting next_dagrun for example_sensors to None, run_after=None
[2025-03-27T10:07:09.613+0000] {processor.py:208} INFO - Processing /home/airflow/.local/lib/python3.12/site-packages/airflow/example_dags/example_sensors.py took 0.045 seconds
[2025-03-27T10:07:40.813+0000] {processor.py:186} INFO - Started process (PID=324) to work on /home/airflow/.local/lib/python3.12/site-packages/airflow/example_dags/example_sensors.py
[2025-03-27T10:07:40.814+0000] {processor.py:914} INFO - Processing file /home/airflow/.local/lib/python3.12/site-packages/airflow/example_dags/example_sensors.py for tasks to queue
[2025-03-27T10:07:40.815+0000] {logging_mixin.py:190} INFO - [2025-03-27T10:07:40.815+0000] {dagbag.py:588} INFO - Filling up the DagBag from /home/airflow/.local/lib/python3.12/site-packages/airflow/example_dags/example_sensors.py
[2025-03-27T10:07:40.821+0000] {processor.py:925} INFO - DAG(s) 'example_sensors' retrieved from /home/airflow/.local/lib/python3.12/site-packages/airflow/example_dags/example_sensors.py
[2025-03-27T10:07:40.833+0000] {logging_mixin.py:190} INFO - [2025-03-27T10:07:40.832+0000] {dag.py:3239} INFO - Sync 1 DAGs
[2025-03-27T10:07:40.839+0000] {logging_mixin.py:190} INFO - [2025-03-27T10:07:40.839+0000] {dag.py:4180} INFO - Setting next_dagrun for example_sensors to None, run_after=None
[2025-03-27T10:07:40.848+0000] {processor.py:208} INFO - Processing /home/airflow/.local/lib/python3.12/site-packages/airflow/example_dags/example_sensors.py took 0.038 seconds
[2025-03-27T10:08:11.637+0000] {processor.py:186} INFO - Started process (PID=386) to work on /home/airflow/.local/lib/python3.12/site-packages/airflow/example_dags/example_sensors.py
[2025-03-27T10:08:11.639+0000] {processor.py:914} INFO - Processing file /home/airflow/.local/lib/python3.12/site-packages/airflow/example_dags/example_sensors.py for tasks to queue
[2025-03-27T10:08:11.641+0000] {logging_mixin.py:190} INFO - [2025-03-27T10:08:11.641+0000] {dagbag.py:588} INFO - Filling up the DagBag from /home/airflow/.local/lib/python3.12/site-packages/airflow/example_dags/example_sensors.py
[2025-03-27T10:08:11.647+0000] {processor.py:925} INFO - DAG(s) 'example_sensors' retrieved from /home/airflow/.local/lib/python3.12/site-packages/airflow/example_dags/example_sensors.py
[2025-03-27T10:08:11.660+0000] {logging_mixin.py:190} INFO - [2025-03-27T10:08:11.660+0000] {dag.py:3239} INFO - Sync 1 DAGs
[2025-03-27T10:08:11.666+0000] {logging_mixin.py:190} INFO - [2025-03-27T10:08:11.666+0000] {dag.py:4180} INFO - Setting next_dagrun for example_sensors to None, run_after=None
[2025-03-27T10:08:11.675+0000] {processor.py:208} INFO - Processing /home/airflow/.local/lib/python3.12/site-packages/airflow/example_dags/example_sensors.py took 0.041 seconds
[2025-03-27T10:08:42.621+0000] {processor.py:186} INFO - Started process (PID=449) to work on /home/airflow/.local/lib/python3.12/site-packages/airflow/example_dags/example_sensors.py
[2025-03-27T10:08:42.622+0000] {processor.py:914} INFO - Processing file /home/airflow/.local/lib/python3.12/site-packages/airflow/example_dags/example_sensors.py for tasks to queue
[2025-03-27T10:08:42.623+0000] {logging_mixin.py:190} INFO - [2025-03-27T10:08:42.623+0000] {dagbag.py:588} INFO - Filling up the DagBag from /home/airflow/.local/lib/python3.12/site-packages/airflow/example_dags/example_sensors.py
[2025-03-27T10:08:42.629+0000] {processor.py:925} INFO - DAG(s) 'example_sensors' retrieved from /home/airflow/.local/lib/python3.12/site-packages/airflow/example_dags/example_sensors.py
[2025-03-27T10:08:42.642+0000] {logging_mixin.py:190} INFO - [2025-03-27T10:08:42.642+0000] {dag.py:3239} INFO - Sync 1 DAGs
[2025-03-27T10:08:42.649+0000] {logging_mixin.py:190} INFO - [2025-03-27T10:08:42.649+0000] {dag.py:4180} INFO - Setting next_dagrun for example_sensors to None, run_after=None
[2025-03-27T10:08:42.658+0000] {processor.py:208} INFO - Processing /home/airflow/.local/lib/python3.12/site-packages/airflow/example_dags/example_sensors.py took 0.040 seconds
[2025-03-27T10:09:13.538+0000] {processor.py:186} INFO - Started process (PID=511) to work on /home/airflow/.local/lib/python3.12/site-packages/airflow/example_dags/example_sensors.py
[2025-03-27T10:09:13.539+0000] {processor.py:914} INFO - Processing file /home/airflow/.local/lib/python3.12/site-packages/airflow/example_dags/example_sensors.py for tasks to queue
[2025-03-27T10:09:13.540+0000] {logging_mixin.py:190} INFO - [2025-03-27T10:09:13.540+0000] {dagbag.py:588} INFO - Filling up the DagBag from /home/airflow/.local/lib/python3.12/site-packages/airflow/example_dags/example_sensors.py
[2025-03-27T10:09:13.547+0000] {processor.py:925} INFO - DAG(s) 'example_sensors' retrieved from /home/airflow/.local/lib/python3.12/site-packages/airflow/example_dags/example_sensors.py
[2025-03-27T10:09:13.559+0000] {logging_mixin.py:190} INFO - [2025-03-27T10:09:13.559+0000] {dag.py:3239} INFO - Sync 1 DAGs
[2025-03-27T10:09:13.566+0000] {logging_mixin.py:190} INFO - [2025-03-27T10:09:13.565+0000] {dag.py:4180} INFO - Setting next_dagrun for example_sensors to None, run_after=None
[2025-03-27T10:09:13.575+0000] {processor.py:208} INFO - Processing /home/airflow/.local/lib/python3.12/site-packages/airflow/example_dags/example_sensors.py took 0.039 seconds
[2025-03-27T10:09:44.298+0000] {processor.py:186} INFO - Started process (PID=574) to work on /home/airflow/.local/lib/python3.12/site-packages/airflow/example_dags/example_sensors.py
[2025-03-27T10:09:44.299+0000] {processor.py:914} INFO - Processing file /home/airflow/.local/lib/python3.12/site-packages/airflow/example_dags/example_sensors.py for tasks to queue
[2025-03-27T10:09:44.300+0000] {logging_mixin.py:190} INFO - [2025-03-27T10:09:44.300+0000] {dagbag.py:588} INFO - Filling up the DagBag from /home/airflow/.local/lib/python3.12/site-packages/airflow/example_dags/example_sensors.py
[2025-03-27T10:09:44.306+0000] {processor.py:925} INFO - DAG(s) 'example_sensors' retrieved from /home/airflow/.local/lib/python3.12/site-packages/airflow/example_dags/example_sensors.py
[2025-03-27T10:09:44.321+0000] {logging_mixin.py:190} INFO - [2025-03-27T10:09:44.321+0000] {dag.py:3239} INFO - Sync 1 DAGs
[2025-03-27T10:09:44.328+0000] {logging_mixin.py:190} INFO - [2025-03-27T10:09:44.327+0000] {dag.py:4180} INFO - Setting next_dagrun for example_sensors to None, run_after=None
[2025-03-27T10:09:44.337+0000] {processor.py:208} INFO - Processing /home/airflow/.local/lib/python3.12/site-packages/airflow/example_dags/example_sensors.py took 0.042 seconds
[2025-03-27T10:10:15.287+0000] {processor.py:186} INFO - Started process (PID=637) to work on /home/airflow/.local/lib/python3.12/site-packages/airflow/example_dags/example_sensors.py
[2025-03-27T10:10:15.290+0000] {processor.py:914} INFO - Processing file /home/airflow/.local/lib/python3.12/site-packages/airflow/example_dags/example_sensors.py for tasks to queue
[2025-03-27T10:10:15.292+0000] {logging_mixin.py:190} INFO - [2025-03-27T10:10:15.292+0000] {dagbag.py:588} INFO - Filling up the DagBag from /home/airflow/.local/lib/python3.12/site-packages/airflow/example_dags/example_sensors.py
[2025-03-27T10:10:15.300+0000] {processor.py:925} INFO - DAG(s) 'example_sensors' retrieved from /home/airflow/.local/lib/python3.12/site-packages/airflow/example_dags/example_sensors.py
[2025-03-27T10:10:15.318+0000] {logging_mixin.py:190} INFO - [2025-03-27T10:10:15.318+0000] {dag.py:3239} INFO - Sync 1 DAGs
[2025-03-27T10:10:15.326+0000] {logging_mixin.py:190} INFO - [2025-03-27T10:10:15.326+0000] {dag.py:4180} INFO - Setting next_dagrun for example_sensors to None, run_after=None
[2025-03-27T10:10:15.337+0000] {processor.py:208} INFO - Processing /home/airflow/.local/lib/python3.12/site-packages/airflow/example_dags/example_sensors.py took 0.054 seconds
[2025-03-27T10:10:46.394+0000] {processor.py:186} INFO - Started process (PID=700) to work on /home/airflow/.local/lib/python3.12/site-packages/airflow/example_dags/example_sensors.py
[2025-03-27T10:10:46.395+0000] {processor.py:914} INFO - Processing file /home/airflow/.local/lib/python3.12/site-packages/airflow/example_dags/example_sensors.py for tasks to queue
[2025-03-27T10:10:46.396+0000] {logging_mixin.py:190} INFO - [2025-03-27T10:10:46.395+0000] {dagbag.py:588} INFO - Filling up the DagBag from /home/airflow/.local/lib/python3.12/site-packages/airflow/example_dags/example_sensors.py
[2025-03-27T10:10:46.402+0000] {processor.py:925} INFO - DAG(s) 'example_sensors' retrieved from /home/airflow/.local/lib/python3.12/site-packages/airflow/example_dags/example_sensors.py
[2025-03-27T10:10:46.415+0000] {logging_mixin.py:190} INFO - [2025-03-27T10:10:46.414+0000] {dag.py:3239} INFO - Sync 1 DAGs
[2025-03-27T10:10:46.421+0000] {logging_mixin.py:190} INFO - [2025-03-27T10:10:46.421+0000] {dag.py:4180} INFO - Setting next_dagrun for example_sensors to None, run_after=None
[2025-03-27T10:10:46.430+0000] {processor.py:208} INFO - Processing /home/airflow/.local/lib/python3.12/site-packages/airflow/example_dags/example_sensors.py took 0.040 seconds
[2025-03-27T10:11:17.657+0000] {processor.py:186} INFO - Started process (PID=763) to work on /home/airflow/.local/lib/python3.12/site-packages/airflow/example_dags/example_sensors.py
[2025-03-27T10:11:17.658+0000] {processor.py:914} INFO - Processing file /home/airflow/.local/lib/python3.12/site-packages/airflow/example_dags/example_sensors.py for tasks to queue
[2025-03-27T10:11:17.660+0000] {logging_mixin.py:190} INFO - [2025-03-27T10:11:17.660+0000] {dagbag.py:588} INFO - Filling up the DagBag from /home/airflow/.local/lib/python3.12/site-packages/airflow/example_dags/example_sensors.py
[2025-03-27T10:11:17.666+0000] {processor.py:925} INFO - DAG(s) 'example_sensors' retrieved from /home/airflow/.local/lib/python3.12/site-packages/airflow/example_dags/example_sensors.py
[2025-03-27T10:11:17.681+0000] {logging_mixin.py:190} INFO - [2025-03-27T10:11:17.681+0000] {dag.py:3239} INFO - Sync 1 DAGs
[2025-03-27T10:11:17.689+0000] {logging_mixin.py:190} INFO - [2025-03-27T10:11:17.689+0000] {dag.py:4180} INFO - Setting next_dagrun for example_sensors to None, run_after=None
[2025-03-27T10:11:17.699+0000] {processor.py:208} INFO - Processing /home/airflow/.local/lib/python3.12/site-packages/airflow/example_dags/example_sensors.py took 0.045 seconds
[2025-03-27T10:11:48.275+0000] {processor.py:186} INFO - Started process (PID=826) to work on /home/airflow/.local/lib/python3.12/site-packages/airflow/example_dags/example_sensors.py
[2025-03-27T10:11:48.277+0000] {processor.py:914} INFO - Processing file /home/airflow/.local/lib/python3.12/site-packages/airflow/example_dags/example_sensors.py for tasks to queue
[2025-03-27T10:11:48.279+0000] {logging_mixin.py:190} INFO - [2025-03-27T10:11:48.279+0000] {dagbag.py:588} INFO - Filling up the DagBag from /home/airflow/.local/lib/python3.12/site-packages/airflow/example_dags/example_sensors.py
[2025-03-27T10:11:48.287+0000] {processor.py:925} INFO - DAG(s) 'example_sensors' retrieved from /home/airflow/.local/lib/python3.12/site-packages/airflow/example_dags/example_sensors.py
[2025-03-27T10:11:48.299+0000] {logging_mixin.py:190} INFO - [2025-03-27T10:11:48.299+0000] {dag.py:3239} INFO - Sync 1 DAGs
[2025-03-27T10:11:48.306+0000] {logging_mixin.py:190} INFO - [2025-03-27T10:11:48.306+0000] {dag.py:4180} INFO - Setting next_dagrun for example_sensors to None, run_after=None
[2025-03-27T10:11:48.314+0000] {processor.py:208} INFO - Processing /home/airflow/.local/lib/python3.12/site-packages/airflow/example_dags/example_sensors.py took 0.042 seconds
[2025-03-27T10:12:19.097+0000] {processor.py:186} INFO - Started process (PID=889) to work on /home/airflow/.local/lib/python3.12/site-packages/airflow/example_dags/example_sensors.py
[2025-03-27T10:12:19.098+0000] {processor.py:914} INFO - Processing file /home/airflow/.local/lib/python3.12/site-packages/airflow/example_dags/example_sensors.py for tasks to queue
[2025-03-27T10:12:19.099+0000] {logging_mixin.py:190} INFO - [2025-03-27T10:12:19.099+0000] {dagbag.py:588} INFO - Filling up the DagBag from /home/airflow/.local/lib/python3.12/site-packages/airflow/example_dags/example_sensors.py
[2025-03-27T10:12:19.106+0000] {processor.py:925} INFO - DAG(s) 'example_sensors' retrieved from /home/airflow/.local/lib/python3.12/site-packages/airflow/example_dags/example_sensors.py
[2025-03-27T10:12:19.123+0000] {logging_mixin.py:190} INFO - [2025-03-27T10:12:19.123+0000] {dag.py:3239} INFO - Sync 1 DAGs
[2025-03-27T10:12:19.130+0000] {logging_mixin.py:190} INFO - [2025-03-27T10:12:19.130+0000] {dag.py:4180} INFO - Setting next_dagrun for example_sensors to None, run_after=None
[2025-03-27T10:12:19.139+0000] {processor.py:208} INFO - Processing /home/airflow/.local/lib/python3.12/site-packages/airflow/example_dags/example_sensors.py took 0.046 seconds
[2025-03-27T10:12:49.887+0000] {processor.py:186} INFO - Started process (PID=952) to work on /home/airflow/.local/lib/python3.12/site-packages/airflow/example_dags/example_sensors.py
[2025-03-27T10:12:49.888+0000] {processor.py:914} INFO - Processing file /home/airflow/.local/lib/python3.12/site-packages/airflow/example_dags/example_sensors.py for tasks to queue
[2025-03-27T10:12:49.889+0000] {logging_mixin.py:190} INFO - [2025-03-27T10:12:49.889+0000] {dagbag.py:588} INFO - Filling up the DagBag from /home/airflow/.local/lib/python3.12/site-packages/airflow/example_dags/example_sensors.py
[2025-03-27T10:12:49.897+0000] {processor.py:925} INFO - DAG(s) 'example_sensors' retrieved from /home/airflow/.local/lib/python3.12/site-packages/airflow/example_dags/example_sensors.py
[2025-03-27T10:12:49.910+0000] {logging_mixin.py:190} INFO - [2025-03-27T10:12:49.910+0000] {dag.py:3239} INFO - Sync 1 DAGs
[2025-03-27T10:12:49.917+0000] {logging_mixin.py:190} INFO - [2025-03-27T10:12:49.916+0000] {dag.py:4180} INFO - Setting next_dagrun for example_sensors to None, run_after=None
[2025-03-27T10:12:49.925+0000] {processor.py:208} INFO - Processing /home/airflow/.local/lib/python3.12/site-packages/airflow/example_dags/example_sensors.py took 0.042 seconds
[2025-03-27T10:13:21.019+0000] {processor.py:186} INFO - Started process (PID=1015) to work on /home/airflow/.local/lib/python3.12/site-packages/airflow/example_dags/example_sensors.py
[2025-03-27T10:13:21.020+0000] {processor.py:914} INFO - Processing file /home/airflow/.local/lib/python3.12/site-packages/airflow/example_dags/example_sensors.py for tasks to queue
[2025-03-27T10:13:21.022+0000] {logging_mixin.py:190} INFO - [2025-03-27T10:13:21.021+0000] {dagbag.py:588} INFO - Filling up the DagBag from /home/airflow/.local/lib/python3.12/site-packages/airflow/example_dags/example_sensors.py
[2025-03-27T10:13:21.030+0000] {processor.py:925} INFO - DAG(s) 'example_sensors' retrieved from /home/airflow/.local/lib/python3.12/site-packages/airflow/example_dags/example_sensors.py
[2025-03-27T10:13:21.042+0000] {logging_mixin.py:190} INFO - [2025-03-27T10:13:21.042+0000] {dag.py:3239} INFO - Sync 1 DAGs
[2025-03-27T10:13:21.049+0000] {logging_mixin.py:190} INFO - [2025-03-27T10:13:21.049+0000] {dag.py:4180} INFO - Setting next_dagrun for example_sensors to None, run_after=None
[2025-03-27T10:13:21.058+0000] {processor.py:208} INFO - Processing /home/airflow/.local/lib/python3.12/site-packages/airflow/example_dags/example_sensors.py took 0.041 seconds
[2025-03-27T10:13:52.065+0000] {processor.py:186} INFO - Started process (PID=1078) to work on /home/airflow/.local/lib/python3.12/site-packages/airflow/example_dags/example_sensors.py
[2025-03-27T10:13:52.066+0000] {processor.py:914} INFO - Processing file /home/airflow/.local/lib/python3.12/site-packages/airflow/example_dags/example_sensors.py for tasks to queue
[2025-03-27T10:13:52.068+0000] {logging_mixin.py:190} INFO - [2025-03-27T10:13:52.068+0000] {dagbag.py:588} INFO - Filling up the DagBag from /home/airflow/.local/lib/python3.12/site-packages/airflow/example_dags/example_sensors.py
[2025-03-27T10:13:52.074+0000] {processor.py:925} INFO - DAG(s) 'example_sensors' retrieved from /home/airflow/.local/lib/python3.12/site-packages/airflow/example_dags/example_sensors.py
[2025-03-27T10:13:52.087+0000] {logging_mixin.py:190} INFO - [2025-03-27T10:13:52.087+0000] {dag.py:3239} INFO - Sync 1 DAGs
[2025-03-27T10:13:52.093+0000] {logging_mixin.py:190} INFO - [2025-03-27T10:13:52.093+0000] {dag.py:4180} INFO - Setting next_dagrun for example_sensors to None, run_after=None
[2025-03-27T10:13:52.103+0000] {processor.py:208} INFO - Processing /home/airflow/.local/lib/python3.12/site-packages/airflow/example_dags/example_sensors.py took 0.045 seconds
[2025-03-27T10:14:22.987+0000] {processor.py:186} INFO - Started process (PID=1141) to work on /home/airflow/.local/lib/python3.12/site-packages/airflow/example_dags/example_sensors.py
[2025-03-27T10:14:22.987+0000] {processor.py:914} INFO - Processing file /home/airflow/.local/lib/python3.12/site-packages/airflow/example_dags/example_sensors.py for tasks to queue
[2025-03-27T10:14:22.989+0000] {logging_mixin.py:190} INFO - [2025-03-27T10:14:22.989+0000] {dagbag.py:588} INFO - Filling up the DagBag from /home/airflow/.local/lib/python3.12/site-packages/airflow/example_dags/example_sensors.py
[2025-03-27T10:14:22.995+0000] {processor.py:925} INFO - DAG(s) 'example_sensors' retrieved from /home/airflow/.local/lib/python3.12/site-packages/airflow/example_dags/example_sensors.py
[2025-03-27T10:14:23.007+0000] {logging_mixin.py:190} INFO - [2025-03-27T10:14:23.007+0000] {dag.py:3239} INFO - Sync 1 DAGs
[2025-03-27T10:14:23.013+0000] {logging_mixin.py:190} INFO - [2025-03-27T10:14:23.013+0000] {dag.py:4180} INFO - Setting next_dagrun for example_sensors to None, run_after=None
[2025-03-27T10:14:23.022+0000] {processor.py:208} INFO - Processing /home/airflow/.local/lib/python3.12/site-packages/airflow/example_dags/example_sensors.py took 0.038 seconds
[2025-03-27T10:14:54.084+0000] {processor.py:186} INFO - Started process (PID=1204) to work on /home/airflow/.local/lib/python3.12/site-packages/airflow/example_dags/example_sensors.py
[2025-03-27T10:14:54.084+0000] {processor.py:914} INFO - Processing file /home/airflow/.local/lib/python3.12/site-packages/airflow/example_dags/example_sensors.py for tasks to queue
[2025-03-27T10:14:54.087+0000] {logging_mixin.py:190} INFO - [2025-03-27T10:14:54.087+0000] {dagbag.py:588} INFO - Filling up the DagBag from /home/airflow/.local/lib/python3.12/site-packages/airflow/example_dags/example_sensors.py
[2025-03-27T10:14:54.095+0000] {processor.py:925} INFO - DAG(s) 'example_sensors' retrieved from /home/airflow/.local/lib/python3.12/site-packages/airflow/example_dags/example_sensors.py
[2025-03-27T10:14:54.108+0000] {logging_mixin.py:190} INFO - [2025-03-27T10:14:54.108+0000] {dag.py:3239} INFO - Sync 1 DAGs
[2025-03-27T10:14:54.115+0000] {logging_mixin.py:190} INFO - [2025-03-27T10:14:54.114+0000] {dag.py:4180} INFO - Setting next_dagrun for example_sensors to None, run_after=None
[2025-03-27T10:14:54.123+0000] {processor.py:208} INFO - Processing /home/airflow/.local/lib/python3.12/site-packages/airflow/example_dags/example_sensors.py took 0.043 seconds
[2025-03-27T10:15:24.967+0000] {processor.py:186} INFO - Started process (PID=1266) to work on /home/airflow/.local/lib/python3.12/site-packages/airflow/example_dags/example_sensors.py
[2025-03-27T10:15:24.968+0000] {processor.py:914} INFO - Processing file /home/airflow/.local/lib/python3.12/site-packages/airflow/example_dags/example_sensors.py for tasks to queue
[2025-03-27T10:15:24.970+0000] {logging_mixin.py:190} INFO - [2025-03-27T10:15:24.969+0000] {dagbag.py:588} INFO - Filling up the DagBag from /home/airflow/.local/lib/python3.12/site-packages/airflow/example_dags/example_sensors.py
[2025-03-27T10:15:24.975+0000] {processor.py:925} INFO - DAG(s) 'example_sensors' retrieved from /home/airflow/.local/lib/python3.12/site-packages/airflow/example_dags/example_sensors.py
[2025-03-27T10:15:24.987+0000] {logging_mixin.py:190} INFO - [2025-03-27T10:15:24.987+0000] {dag.py:3239} INFO - Sync 1 DAGs
[2025-03-27T10:15:24.993+0000] {logging_mixin.py:190} INFO - [2025-03-27T10:15:24.993+0000] {dag.py:4180} INFO - Setting next_dagrun for example_sensors to None, run_after=None
[2025-03-27T10:15:25.002+0000] {processor.py:208} INFO - Processing /home/airflow/.local/lib/python3.12/site-packages/airflow/example_dags/example_sensors.py took 0.038 seconds
[2025-03-27T10:15:55.895+0000] {processor.py:186} INFO - Started process (PID=1329) to work on /home/airflow/.local/lib/python3.12/site-packages/airflow/example_dags/example_sensors.py
[2025-03-27T10:15:55.896+0000] {processor.py:914} INFO - Processing file /home/airflow/.local/lib/python3.12/site-packages/airflow/example_dags/example_sensors.py for tasks to queue
[2025-03-27T10:15:55.897+0000] {logging_mixin.py:190} INFO - [2025-03-27T10:15:55.897+0000] {dagbag.py:588} INFO - Filling up the DagBag from /home/airflow/.local/lib/python3.12/site-packages/airflow/example_dags/example_sensors.py
[2025-03-27T10:15:55.903+0000] {processor.py:925} INFO - DAG(s) 'example_sensors' retrieved from /home/airflow/.local/lib/python3.12/site-packages/airflow/example_dags/example_sensors.py
[2025-03-27T10:15:55.917+0000] {logging_mixin.py:190} INFO - [2025-03-27T10:15:55.917+0000] {dag.py:3239} INFO - Sync 1 DAGs
[2025-03-27T10:15:55.924+0000] {logging_mixin.py:190} INFO - [2025-03-27T10:15:55.924+0000] {dag.py:4180} INFO - Setting next_dagrun for example_sensors to None, run_after=None
[2025-03-27T10:15:55.933+0000] {processor.py:208} INFO - Processing /home/airflow/.local/lib/python3.12/site-packages/airflow/example_dags/example_sensors.py took 0.041 seconds
[2025-03-27T10:16:27.017+0000] {processor.py:186} INFO - Started process (PID=1392) to work on /home/airflow/.local/lib/python3.12/site-packages/airflow/example_dags/example_sensors.py
[2025-03-27T10:16:27.018+0000] {processor.py:914} INFO - Processing file /home/airflow/.local/lib/python3.12/site-packages/airflow/example_dags/example_sensors.py for tasks to queue
[2025-03-27T10:16:27.020+0000] {logging_mixin.py:190} INFO - [2025-03-27T10:16:27.020+0000] {dagbag.py:588} INFO - Filling up the DagBag from /home/airflow/.local/lib/python3.12/site-packages/airflow/example_dags/example_sensors.py
[2025-03-27T10:16:27.027+0000] {processor.py:925} INFO - DAG(s) 'example_sensors' retrieved from /home/airflow/.local/lib/python3.12/site-packages/airflow/example_dags/example_sensors.py
[2025-03-27T10:16:27.053+0000] {logging_mixin.py:190} INFO - [2025-03-27T10:16:27.053+0000] {dag.py:3239} INFO - Sync 1 DAGs
[2025-03-27T10:16:27.072+0000] {logging_mixin.py:190} INFO - [2025-03-27T10:16:27.072+0000] {dag.py:4180} INFO - Setting next_dagrun for example_sensors to None, run_after=None
[2025-03-27T10:16:27.087+0000] {processor.py:208} INFO - Processing /home/airflow/.local/lib/python3.12/site-packages/airflow/example_dags/example_sensors.py took 0.075 seconds
[2025-03-27T10:16:58.000+0000] {processor.py:186} INFO - Started process (PID=1455) to work on /home/airflow/.local/lib/python3.12/site-packages/airflow/example_dags/example_sensors.py
[2025-03-27T10:16:58.001+0000] {processor.py:914} INFO - Processing file /home/airflow/.local/lib/python3.12/site-packages/airflow/example_dags/example_sensors.py for tasks to queue
[2025-03-27T10:16:58.002+0000] {logging_mixin.py:190} INFO - [2025-03-27T10:16:58.002+0000] {dagbag.py:588} INFO - Filling up the DagBag from /home/airflow/.local/lib/python3.12/site-packages/airflow/example_dags/example_sensors.py
[2025-03-27T10:16:58.008+0000] {processor.py:925} INFO - DAG(s) 'example_sensors' retrieved from /home/airflow/.local/lib/python3.12/site-packages/airflow/example_dags/example_sensors.py
[2025-03-27T10:16:58.022+0000] {logging_mixin.py:190} INFO - [2025-03-27T10:16:58.022+0000] {dag.py:3239} INFO - Sync 1 DAGs
[2025-03-27T10:16:58.029+0000] {logging_mixin.py:190} INFO - [2025-03-27T10:16:58.029+0000] {dag.py:4180} INFO - Setting next_dagrun for example_sensors to None, run_after=None
[2025-03-27T10:16:58.038+0000] {processor.py:208} INFO - Processing /home/airflow/.local/lib/python3.12/site-packages/airflow/example_dags/example_sensors.py took 0.041 seconds
[2025-03-27T10:17:28.827+0000] {processor.py:186} INFO - Started process (PID=1518) to work on /home/airflow/.local/lib/python3.12/site-packages/airflow/example_dags/example_sensors.py
[2025-03-27T10:17:28.828+0000] {processor.py:914} INFO - Processing file /home/airflow/.local/lib/python3.12/site-packages/airflow/example_dags/example_sensors.py for tasks to queue
[2025-03-27T10:17:28.830+0000] {logging_mixin.py:190} INFO - [2025-03-27T10:17:28.830+0000] {dagbag.py:588} INFO - Filling up the DagBag from /home/airflow/.local/lib/python3.12/site-packages/airflow/example_dags/example_sensors.py
[2025-03-27T10:17:28.836+0000] {processor.py:925} INFO - DAG(s) 'example_sensors' retrieved from /home/airflow/.local/lib/python3.12/site-packages/airflow/example_dags/example_sensors.py
[2025-03-27T10:17:28.850+0000] {logging_mixin.py:190} INFO - [2025-03-27T10:17:28.850+0000] {dag.py:3239} INFO - Sync 1 DAGs
[2025-03-27T10:17:28.858+0000] {logging_mixin.py:190} INFO - [2025-03-27T10:17:28.858+0000] {dag.py:4180} INFO - Setting next_dagrun for example_sensors to None, run_after=None
[2025-03-27T10:17:28.867+0000] {processor.py:208} INFO - Processing /home/airflow/.local/lib/python3.12/site-packages/airflow/example_dags/example_sensors.py took 0.043 seconds
[2025-03-27T10:17:59.673+0000] {processor.py:186} INFO - Started process (PID=1581) to work on /home/airflow/.local/lib/python3.12/site-packages/airflow/example_dags/example_sensors.py
[2025-03-27T10:17:59.674+0000] {processor.py:914} INFO - Processing file /home/airflow/.local/lib/python3.12/site-packages/airflow/example_dags/example_sensors.py for tasks to queue
[2025-03-27T10:17:59.675+0000] {logging_mixin.py:190} INFO - [2025-03-27T10:17:59.675+0000] {dagbag.py:588} INFO - Filling up the DagBag from /home/airflow/.local/lib/python3.12/site-packages/airflow/example_dags/example_sensors.py
[2025-03-27T10:17:59.681+0000] {processor.py:925} INFO - DAG(s) 'example_sensors' retrieved from /home/airflow/.local/lib/python3.12/site-packages/airflow/example_dags/example_sensors.py
[2025-03-27T10:17:59.694+0000] {logging_mixin.py:190} INFO - [2025-03-27T10:17:59.694+0000] {dag.py:3239} INFO - Sync 1 DAGs
[2025-03-27T10:17:59.701+0000] {logging_mixin.py:190} INFO - [2025-03-27T10:17:59.701+0000] {dag.py:4180} INFO - Setting next_dagrun for example_sensors to None, run_after=None
[2025-03-27T10:17:59.710+0000] {processor.py:208} INFO - Processing /home/airflow/.local/lib/python3.12/site-packages/airflow/example_dags/example_sensors.py took 0.040 seconds
