[2025-03-27T10:05:33.022+0000] {processor.py:186} INFO - Started process (PID=47) to work on /home/airflow/.local/lib/python3.12/site-packages/airflow/example_dags/example_dynamic_task_mapping.py
[2025-03-27T10:05:33.024+0000] {processor.py:914} INFO - Processing file /home/airflow/.local/lib/python3.12/site-packages/airflow/example_dags/example_dynamic_task_mapping.py for tasks to queue
[2025-03-27T10:05:33.037+0000] {logging_mixin.py:190} INFO - [2025-03-27T10:05:33.036+0000] {dagbag.py:588} INFO - Filling up the DagBag from /home/airflow/.local/lib/python3.12/site-packages/airflow/example_dags/example_dynamic_task_mapping.py
[2025-03-27T10:05:33.071+0000] {processor.py:925} INFO - DAG(s) 'example_dynamic_task_mapping' retrieved from /home/airflow/.local/lib/python3.12/site-packages/airflow/example_dags/example_dynamic_task_mapping.py
[2025-03-27T10:05:33.437+0000] {logging_mixin.py:190} INFO - [2025-03-27T10:05:33.436+0000] {override.py:1912} INFO - Created Permission View: can read on DAG:example_dynamic_task_mapping
[2025-03-27T10:05:33.447+0000] {logging_mixin.py:190} INFO - [2025-03-27T10:05:33.447+0000] {override.py:1912} INFO - Created Permission View: can delete on DAG:example_dynamic_task_mapping
[2025-03-27T10:05:33.457+0000] {logging_mixin.py:190} INFO - [2025-03-27T10:05:33.456+0000] {override.py:1912} INFO - Created Permission View: can edit on DAG:example_dynamic_task_mapping
[2025-03-27T10:05:33.476+0000] {logging_mixin.py:190} INFO - [2025-03-27T10:05:33.475+0000] {override.py:1912} INFO - Created Permission View: can read on DAG Run:example_dynamic_task_mapping
[2025-03-27T10:05:33.493+0000] {logging_mixin.py:190} INFO - [2025-03-27T10:05:33.493+0000] {override.py:1912} INFO - Created Permission View: can delete on DAG Run:example_dynamic_task_mapping
[2025-03-27T10:05:33.505+0000] {logging_mixin.py:190} INFO - [2025-03-27T10:05:33.504+0000] {override.py:1912} INFO - Created Permission View: can create on DAG Run:example_dynamic_task_mapping
[2025-03-27T10:05:33.515+0000] {logging_mixin.py:190} INFO - [2025-03-27T10:05:33.515+0000] {override.py:1912} INFO - Created Permission View: menu access on DAG Run:example_dynamic_task_mapping
[2025-03-27T10:05:33.517+0000] {logging_mixin.py:190} INFO - [2025-03-27T10:05:33.517+0000] {dag.py:3239} INFO - Sync 1 DAGs
[2025-03-27T10:05:33.554+0000] {logging_mixin.py:190} INFO - [2025-03-27T10:05:33.553+0000] {dag.py:3262} INFO - Creating ORM DAG for example_dynamic_task_mapping
[2025-03-27T10:05:33.556+0000] {logging_mixin.py:190} INFO - [2025-03-27T10:05:33.555+0000] {dag.py:4180} INFO - Setting next_dagrun for example_dynamic_task_mapping to None, run_after=None
[2025-03-27T10:05:33.579+0000] {processor.py:208} INFO - Processing /home/airflow/.local/lib/python3.12/site-packages/airflow/example_dags/example_dynamic_task_mapping.py took 0.568 seconds
[2025-03-27T10:06:04.171+0000] {processor.py:186} INFO - Started process (PID=110) to work on /home/airflow/.local/lib/python3.12/site-packages/airflow/example_dags/example_dynamic_task_mapping.py
[2025-03-27T10:06:04.173+0000] {processor.py:914} INFO - Processing file /home/airflow/.local/lib/python3.12/site-packages/airflow/example_dags/example_dynamic_task_mapping.py for tasks to queue
[2025-03-27T10:06:04.176+0000] {logging_mixin.py:190} INFO - [2025-03-27T10:06:04.176+0000] {dagbag.py:588} INFO - Filling up the DagBag from /home/airflow/.local/lib/python3.12/site-packages/airflow/example_dags/example_dynamic_task_mapping.py
[2025-03-27T10:06:04.196+0000] {processor.py:925} INFO - DAG(s) 'example_dynamic_task_mapping' retrieved from /home/airflow/.local/lib/python3.12/site-packages/airflow/example_dags/example_dynamic_task_mapping.py
[2025-03-27T10:06:04.217+0000] {logging_mixin.py:190} INFO - [2025-03-27T10:06:04.217+0000] {dag.py:3239} INFO - Sync 1 DAGs
[2025-03-27T10:06:04.228+0000] {logging_mixin.py:190} INFO - [2025-03-27T10:06:04.228+0000] {dag.py:4180} INFO - Setting next_dagrun for example_dynamic_task_mapping to None, run_after=None
[2025-03-27T10:06:04.241+0000] {processor.py:208} INFO - Processing /home/airflow/.local/lib/python3.12/site-packages/airflow/example_dags/example_dynamic_task_mapping.py took 0.095 seconds
[2025-03-27T10:06:34.380+0000] {processor.py:186} INFO - Started process (PID=173) to work on /home/airflow/.local/lib/python3.12/site-packages/airflow/example_dags/example_dynamic_task_mapping.py
[2025-03-27T10:06:34.381+0000] {processor.py:914} INFO - Processing file /home/airflow/.local/lib/python3.12/site-packages/airflow/example_dags/example_dynamic_task_mapping.py for tasks to queue
[2025-03-27T10:06:34.384+0000] {logging_mixin.py:190} INFO - [2025-03-27T10:06:34.384+0000] {dagbag.py:588} INFO - Filling up the DagBag from /home/airflow/.local/lib/python3.12/site-packages/airflow/example_dags/example_dynamic_task_mapping.py
[2025-03-27T10:06:34.397+0000] {processor.py:925} INFO - DAG(s) 'example_dynamic_task_mapping' retrieved from /home/airflow/.local/lib/python3.12/site-packages/airflow/example_dags/example_dynamic_task_mapping.py
[2025-03-27T10:06:34.419+0000] {logging_mixin.py:190} INFO - [2025-03-27T10:06:34.419+0000] {dag.py:3239} INFO - Sync 1 DAGs
[2025-03-27T10:06:34.430+0000] {logging_mixin.py:190} INFO - [2025-03-27T10:06:34.430+0000] {dag.py:4180} INFO - Setting next_dagrun for example_dynamic_task_mapping to None, run_after=None
[2025-03-27T10:06:34.445+0000] {processor.py:208} INFO - Processing /home/airflow/.local/lib/python3.12/site-packages/airflow/example_dags/example_dynamic_task_mapping.py took 0.075 seconds
[2025-03-27T10:07:04.559+0000] {processor.py:186} INFO - Started process (PID=236) to work on /home/airflow/.local/lib/python3.12/site-packages/airflow/example_dags/example_dynamic_task_mapping.py
[2025-03-27T10:07:04.560+0000] {processor.py:914} INFO - Processing file /home/airflow/.local/lib/python3.12/site-packages/airflow/example_dags/example_dynamic_task_mapping.py for tasks to queue
[2025-03-27T10:07:04.564+0000] {logging_mixin.py:190} INFO - [2025-03-27T10:07:04.564+0000] {dagbag.py:588} INFO - Filling up the DagBag from /home/airflow/.local/lib/python3.12/site-packages/airflow/example_dags/example_dynamic_task_mapping.py
[2025-03-27T10:07:04.578+0000] {processor.py:925} INFO - DAG(s) 'example_dynamic_task_mapping' retrieved from /home/airflow/.local/lib/python3.12/site-packages/airflow/example_dags/example_dynamic_task_mapping.py
[2025-03-27T10:07:04.597+0000] {logging_mixin.py:190} INFO - [2025-03-27T10:07:04.597+0000] {dag.py:3239} INFO - Sync 1 DAGs
[2025-03-27T10:07:04.610+0000] {logging_mixin.py:190} INFO - [2025-03-27T10:07:04.610+0000] {dag.py:4180} INFO - Setting next_dagrun for example_dynamic_task_mapping to None, run_after=None
[2025-03-27T10:07:04.622+0000] {processor.py:208} INFO - Processing /home/airflow/.local/lib/python3.12/site-packages/airflow/example_dags/example_dynamic_task_mapping.py took 0.078 seconds
[2025-03-27T10:07:35.590+0000] {processor.py:186} INFO - Started process (PID=305) to work on /home/airflow/.local/lib/python3.12/site-packages/airflow/example_dags/example_dynamic_task_mapping.py
[2025-03-27T10:07:35.593+0000] {processor.py:914} INFO - Processing file /home/airflow/.local/lib/python3.12/site-packages/airflow/example_dags/example_dynamic_task_mapping.py for tasks to queue
[2025-03-27T10:07:35.597+0000] {logging_mixin.py:190} INFO - [2025-03-27T10:07:35.596+0000] {dagbag.py:588} INFO - Filling up the DagBag from /home/airflow/.local/lib/python3.12/site-packages/airflow/example_dags/example_dynamic_task_mapping.py
[2025-03-27T10:07:35.615+0000] {processor.py:925} INFO - DAG(s) 'example_dynamic_task_mapping' retrieved from /home/airflow/.local/lib/python3.12/site-packages/airflow/example_dags/example_dynamic_task_mapping.py
[2025-03-27T10:07:35.636+0000] {logging_mixin.py:190} INFO - [2025-03-27T10:07:35.636+0000] {dag.py:3239} INFO - Sync 1 DAGs
[2025-03-27T10:07:35.648+0000] {logging_mixin.py:190} INFO - [2025-03-27T10:07:35.648+0000] {dag.py:4180} INFO - Setting next_dagrun for example_dynamic_task_mapping to None, run_after=None
[2025-03-27T10:07:35.666+0000] {processor.py:208} INFO - Processing /home/airflow/.local/lib/python3.12/site-packages/airflow/example_dags/example_dynamic_task_mapping.py took 0.093 seconds
[2025-03-27T10:08:05.721+0000] {processor.py:186} INFO - Started process (PID=367) to work on /home/airflow/.local/lib/python3.12/site-packages/airflow/example_dags/example_dynamic_task_mapping.py
[2025-03-27T10:08:05.723+0000] {processor.py:914} INFO - Processing file /home/airflow/.local/lib/python3.12/site-packages/airflow/example_dags/example_dynamic_task_mapping.py for tasks to queue
[2025-03-27T10:08:05.726+0000] {logging_mixin.py:190} INFO - [2025-03-27T10:08:05.726+0000] {dagbag.py:588} INFO - Filling up the DagBag from /home/airflow/.local/lib/python3.12/site-packages/airflow/example_dags/example_dynamic_task_mapping.py
[2025-03-27T10:08:05.736+0000] {processor.py:925} INFO - DAG(s) 'example_dynamic_task_mapping' retrieved from /home/airflow/.local/lib/python3.12/site-packages/airflow/example_dags/example_dynamic_task_mapping.py
[2025-03-27T10:08:05.752+0000] {logging_mixin.py:190} INFO - [2025-03-27T10:08:05.752+0000] {dag.py:3239} INFO - Sync 1 DAGs
[2025-03-27T10:08:05.762+0000] {logging_mixin.py:190} INFO - [2025-03-27T10:08:05.762+0000] {dag.py:4180} INFO - Setting next_dagrun for example_dynamic_task_mapping to None, run_after=None
[2025-03-27T10:08:05.772+0000] {processor.py:208} INFO - Processing /home/airflow/.local/lib/python3.12/site-packages/airflow/example_dags/example_dynamic_task_mapping.py took 0.059 seconds
[2025-03-27T10:08:36.526+0000] {processor.py:186} INFO - Started process (PID=430) to work on /home/airflow/.local/lib/python3.12/site-packages/airflow/example_dags/example_dynamic_task_mapping.py
[2025-03-27T10:08:36.527+0000] {processor.py:914} INFO - Processing file /home/airflow/.local/lib/python3.12/site-packages/airflow/example_dags/example_dynamic_task_mapping.py for tasks to queue
[2025-03-27T10:08:36.531+0000] {logging_mixin.py:190} INFO - [2025-03-27T10:08:36.530+0000] {dagbag.py:588} INFO - Filling up the DagBag from /home/airflow/.local/lib/python3.12/site-packages/airflow/example_dags/example_dynamic_task_mapping.py
[2025-03-27T10:08:36.540+0000] {processor.py:925} INFO - DAG(s) 'example_dynamic_task_mapping' retrieved from /home/airflow/.local/lib/python3.12/site-packages/airflow/example_dags/example_dynamic_task_mapping.py
[2025-03-27T10:08:36.557+0000] {logging_mixin.py:190} INFO - [2025-03-27T10:08:36.557+0000] {dag.py:3239} INFO - Sync 1 DAGs
[2025-03-27T10:08:36.566+0000] {logging_mixin.py:190} INFO - [2025-03-27T10:08:36.566+0000] {dag.py:4180} INFO - Setting next_dagrun for example_dynamic_task_mapping to None, run_after=None
[2025-03-27T10:08:36.577+0000] {processor.py:208} INFO - Processing /home/airflow/.local/lib/python3.12/site-packages/airflow/example_dags/example_dynamic_task_mapping.py took 0.061 seconds
[2025-03-27T10:09:07.543+0000] {processor.py:186} INFO - Started process (PID=492) to work on /home/airflow/.local/lib/python3.12/site-packages/airflow/example_dags/example_dynamic_task_mapping.py
[2025-03-27T10:09:07.544+0000] {processor.py:914} INFO - Processing file /home/airflow/.local/lib/python3.12/site-packages/airflow/example_dags/example_dynamic_task_mapping.py for tasks to queue
[2025-03-27T10:09:07.548+0000] {logging_mixin.py:190} INFO - [2025-03-27T10:09:07.547+0000] {dagbag.py:588} INFO - Filling up the DagBag from /home/airflow/.local/lib/python3.12/site-packages/airflow/example_dags/example_dynamic_task_mapping.py
[2025-03-27T10:09:07.567+0000] {processor.py:925} INFO - DAG(s) 'example_dynamic_task_mapping' retrieved from /home/airflow/.local/lib/python3.12/site-packages/airflow/example_dags/example_dynamic_task_mapping.py
[2025-03-27T10:09:07.594+0000] {logging_mixin.py:190} INFO - [2025-03-27T10:09:07.593+0000] {dag.py:3239} INFO - Sync 1 DAGs
[2025-03-27T10:09:07.605+0000] {logging_mixin.py:190} INFO - [2025-03-27T10:09:07.604+0000] {dag.py:4180} INFO - Setting next_dagrun for example_dynamic_task_mapping to None, run_after=None
[2025-03-27T10:09:07.616+0000] {processor.py:208} INFO - Processing /home/airflow/.local/lib/python3.12/site-packages/airflow/example_dags/example_dynamic_task_mapping.py took 0.089 seconds
[2025-03-27T10:09:38.282+0000] {processor.py:186} INFO - Started process (PID=555) to work on /home/airflow/.local/lib/python3.12/site-packages/airflow/example_dags/example_dynamic_task_mapping.py
[2025-03-27T10:09:38.284+0000] {processor.py:914} INFO - Processing file /home/airflow/.local/lib/python3.12/site-packages/airflow/example_dags/example_dynamic_task_mapping.py for tasks to queue
[2025-03-27T10:09:38.287+0000] {logging_mixin.py:190} INFO - [2025-03-27T10:09:38.287+0000] {dagbag.py:588} INFO - Filling up the DagBag from /home/airflow/.local/lib/python3.12/site-packages/airflow/example_dags/example_dynamic_task_mapping.py
[2025-03-27T10:09:38.297+0000] {processor.py:925} INFO - DAG(s) 'example_dynamic_task_mapping' retrieved from /home/airflow/.local/lib/python3.12/site-packages/airflow/example_dags/example_dynamic_task_mapping.py
[2025-03-27T10:09:38.314+0000] {logging_mixin.py:190} INFO - [2025-03-27T10:09:38.314+0000] {dag.py:3239} INFO - Sync 1 DAGs
[2025-03-27T10:09:38.323+0000] {logging_mixin.py:190} INFO - [2025-03-27T10:09:38.323+0000] {dag.py:4180} INFO - Setting next_dagrun for example_dynamic_task_mapping to None, run_after=None
[2025-03-27T10:09:38.334+0000] {processor.py:208} INFO - Processing /home/airflow/.local/lib/python3.12/site-packages/airflow/example_dags/example_dynamic_task_mapping.py took 0.062 seconds
[2025-03-27T10:10:09.083+0000] {processor.py:186} INFO - Started process (PID=618) to work on /home/airflow/.local/lib/python3.12/site-packages/airflow/example_dags/example_dynamic_task_mapping.py
[2025-03-27T10:10:09.084+0000] {processor.py:914} INFO - Processing file /home/airflow/.local/lib/python3.12/site-packages/airflow/example_dags/example_dynamic_task_mapping.py for tasks to queue
[2025-03-27T10:10:09.086+0000] {logging_mixin.py:190} INFO - [2025-03-27T10:10:09.086+0000] {dagbag.py:588} INFO - Filling up the DagBag from /home/airflow/.local/lib/python3.12/site-packages/airflow/example_dags/example_dynamic_task_mapping.py
[2025-03-27T10:10:09.097+0000] {processor.py:925} INFO - DAG(s) 'example_dynamic_task_mapping' retrieved from /home/airflow/.local/lib/python3.12/site-packages/airflow/example_dags/example_dynamic_task_mapping.py
[2025-03-27T10:10:09.113+0000] {logging_mixin.py:190} INFO - [2025-03-27T10:10:09.113+0000] {dag.py:3239} INFO - Sync 1 DAGs
[2025-03-27T10:10:09.123+0000] {logging_mixin.py:190} INFO - [2025-03-27T10:10:09.123+0000] {dag.py:4180} INFO - Setting next_dagrun for example_dynamic_task_mapping to None, run_after=None
[2025-03-27T10:10:09.137+0000] {processor.py:208} INFO - Processing /home/airflow/.local/lib/python3.12/site-packages/airflow/example_dags/example_dynamic_task_mapping.py took 0.062 seconds
[2025-03-27T10:10:39.184+0000] {processor.py:186} INFO - Started process (PID=681) to work on /home/airflow/.local/lib/python3.12/site-packages/airflow/example_dags/example_dynamic_task_mapping.py
[2025-03-27T10:10:39.185+0000] {processor.py:914} INFO - Processing file /home/airflow/.local/lib/python3.12/site-packages/airflow/example_dags/example_dynamic_task_mapping.py for tasks to queue
[2025-03-27T10:10:39.190+0000] {logging_mixin.py:190} INFO - [2025-03-27T10:10:39.190+0000] {dagbag.py:588} INFO - Filling up the DagBag from /home/airflow/.local/lib/python3.12/site-packages/airflow/example_dags/example_dynamic_task_mapping.py
[2025-03-27T10:10:39.209+0000] {processor.py:925} INFO - DAG(s) 'example_dynamic_task_mapping' retrieved from /home/airflow/.local/lib/python3.12/site-packages/airflow/example_dags/example_dynamic_task_mapping.py
[2025-03-27T10:10:39.232+0000] {logging_mixin.py:190} INFO - [2025-03-27T10:10:39.231+0000] {dag.py:3239} INFO - Sync 1 DAGs
[2025-03-27T10:10:39.244+0000] {logging_mixin.py:190} INFO - [2025-03-27T10:10:39.244+0000] {dag.py:4180} INFO - Setting next_dagrun for example_dynamic_task_mapping to None, run_after=None
[2025-03-27T10:10:39.259+0000] {processor.py:208} INFO - Processing /home/airflow/.local/lib/python3.12/site-packages/airflow/example_dags/example_dynamic_task_mapping.py took 0.086 seconds
[2025-03-27T10:11:09.581+0000] {processor.py:186} INFO - Started process (PID=744) to work on /home/airflow/.local/lib/python3.12/site-packages/airflow/example_dags/example_dynamic_task_mapping.py
[2025-03-27T10:11:09.582+0000] {processor.py:914} INFO - Processing file /home/airflow/.local/lib/python3.12/site-packages/airflow/example_dags/example_dynamic_task_mapping.py for tasks to queue
[2025-03-27T10:11:09.586+0000] {logging_mixin.py:190} INFO - [2025-03-27T10:11:09.586+0000] {dagbag.py:588} INFO - Filling up the DagBag from /home/airflow/.local/lib/python3.12/site-packages/airflow/example_dags/example_dynamic_task_mapping.py
[2025-03-27T10:11:09.599+0000] {processor.py:925} INFO - DAG(s) 'example_dynamic_task_mapping' retrieved from /home/airflow/.local/lib/python3.12/site-packages/airflow/example_dags/example_dynamic_task_mapping.py
[2025-03-27T10:11:09.621+0000] {logging_mixin.py:190} INFO - [2025-03-27T10:11:09.621+0000] {dag.py:3239} INFO - Sync 1 DAGs
[2025-03-27T10:11:09.634+0000] {logging_mixin.py:190} INFO - [2025-03-27T10:11:09.634+0000] {dag.py:4180} INFO - Setting next_dagrun for example_dynamic_task_mapping to None, run_after=None
[2025-03-27T10:11:09.646+0000] {processor.py:208} INFO - Processing /home/airflow/.local/lib/python3.12/site-packages/airflow/example_dags/example_dynamic_task_mapping.py took 0.086 seconds
[2025-03-27T10:11:40.302+0000] {processor.py:186} INFO - Started process (PID=807) to work on /home/airflow/.local/lib/python3.12/site-packages/airflow/example_dags/example_dynamic_task_mapping.py
[2025-03-27T10:11:40.303+0000] {processor.py:914} INFO - Processing file /home/airflow/.local/lib/python3.12/site-packages/airflow/example_dags/example_dynamic_task_mapping.py for tasks to queue
[2025-03-27T10:11:40.306+0000] {logging_mixin.py:190} INFO - [2025-03-27T10:11:40.305+0000] {dagbag.py:588} INFO - Filling up the DagBag from /home/airflow/.local/lib/python3.12/site-packages/airflow/example_dags/example_dynamic_task_mapping.py
[2025-03-27T10:11:40.315+0000] {processor.py:925} INFO - DAG(s) 'example_dynamic_task_mapping' retrieved from /home/airflow/.local/lib/python3.12/site-packages/airflow/example_dags/example_dynamic_task_mapping.py
[2025-03-27T10:11:40.331+0000] {logging_mixin.py:190} INFO - [2025-03-27T10:11:40.331+0000] {dag.py:3239} INFO - Sync 1 DAGs
[2025-03-27T10:11:40.341+0000] {logging_mixin.py:190} INFO - [2025-03-27T10:11:40.341+0000] {dag.py:4180} INFO - Setting next_dagrun for example_dynamic_task_mapping to None, run_after=None
[2025-03-27T10:11:40.352+0000] {processor.py:208} INFO - Processing /home/airflow/.local/lib/python3.12/site-packages/airflow/example_dags/example_dynamic_task_mapping.py took 0.059 seconds
[2025-03-27T10:12:11.014+0000] {processor.py:186} INFO - Started process (PID=870) to work on /home/airflow/.local/lib/python3.12/site-packages/airflow/example_dags/example_dynamic_task_mapping.py
[2025-03-27T10:12:11.016+0000] {processor.py:914} INFO - Processing file /home/airflow/.local/lib/python3.12/site-packages/airflow/example_dags/example_dynamic_task_mapping.py for tasks to queue
[2025-03-27T10:12:11.020+0000] {logging_mixin.py:190} INFO - [2025-03-27T10:12:11.020+0000] {dagbag.py:588} INFO - Filling up the DagBag from /home/airflow/.local/lib/python3.12/site-packages/airflow/example_dags/example_dynamic_task_mapping.py
[2025-03-27T10:12:11.036+0000] {processor.py:925} INFO - DAG(s) 'example_dynamic_task_mapping' retrieved from /home/airflow/.local/lib/python3.12/site-packages/airflow/example_dags/example_dynamic_task_mapping.py
[2025-03-27T10:12:11.057+0000] {logging_mixin.py:190} INFO - [2025-03-27T10:12:11.056+0000] {dag.py:3239} INFO - Sync 1 DAGs
[2025-03-27T10:12:11.066+0000] {logging_mixin.py:190} INFO - [2025-03-27T10:12:11.066+0000] {dag.py:4180} INFO - Setting next_dagrun for example_dynamic_task_mapping to None, run_after=None
[2025-03-27T10:12:11.077+0000] {processor.py:208} INFO - Processing /home/airflow/.local/lib/python3.12/site-packages/airflow/example_dags/example_dynamic_task_mapping.py took 0.080 seconds
[2025-03-27T10:12:41.847+0000] {processor.py:186} INFO - Started process (PID=933) to work on /home/airflow/.local/lib/python3.12/site-packages/airflow/example_dags/example_dynamic_task_mapping.py
[2025-03-27T10:12:41.850+0000] {processor.py:914} INFO - Processing file /home/airflow/.local/lib/python3.12/site-packages/airflow/example_dags/example_dynamic_task_mapping.py for tasks to queue
[2025-03-27T10:12:41.854+0000] {logging_mixin.py:190} INFO - [2025-03-27T10:12:41.854+0000] {dagbag.py:588} INFO - Filling up the DagBag from /home/airflow/.local/lib/python3.12/site-packages/airflow/example_dags/example_dynamic_task_mapping.py
[2025-03-27T10:12:41.867+0000] {processor.py:925} INFO - DAG(s) 'example_dynamic_task_mapping' retrieved from /home/airflow/.local/lib/python3.12/site-packages/airflow/example_dags/example_dynamic_task_mapping.py
[2025-03-27T10:12:41.884+0000] {logging_mixin.py:190} INFO - [2025-03-27T10:12:41.884+0000] {dag.py:3239} INFO - Sync 1 DAGs
[2025-03-27T10:12:41.894+0000] {logging_mixin.py:190} INFO - [2025-03-27T10:12:41.894+0000] {dag.py:4180} INFO - Setting next_dagrun for example_dynamic_task_mapping to None, run_after=None
[2025-03-27T10:12:41.904+0000] {processor.py:208} INFO - Processing /home/airflow/.local/lib/python3.12/site-packages/airflow/example_dags/example_dynamic_task_mapping.py took 0.068 seconds
[2025-03-27T10:13:12.654+0000] {processor.py:186} INFO - Started process (PID=996) to work on /home/airflow/.local/lib/python3.12/site-packages/airflow/example_dags/example_dynamic_task_mapping.py
[2025-03-27T10:13:12.654+0000] {processor.py:914} INFO - Processing file /home/airflow/.local/lib/python3.12/site-packages/airflow/example_dags/example_dynamic_task_mapping.py for tasks to queue
[2025-03-27T10:13:12.659+0000] {logging_mixin.py:190} INFO - [2025-03-27T10:13:12.658+0000] {dagbag.py:588} INFO - Filling up the DagBag from /home/airflow/.local/lib/python3.12/site-packages/airflow/example_dags/example_dynamic_task_mapping.py
[2025-03-27T10:13:12.680+0000] {processor.py:925} INFO - DAG(s) 'example_dynamic_task_mapping' retrieved from /home/airflow/.local/lib/python3.12/site-packages/airflow/example_dags/example_dynamic_task_mapping.py
[2025-03-27T10:13:12.711+0000] {logging_mixin.py:190} INFO - [2025-03-27T10:13:12.711+0000] {dag.py:3239} INFO - Sync 1 DAGs
[2025-03-27T10:13:12.729+0000] {logging_mixin.py:190} INFO - [2025-03-27T10:13:12.728+0000] {dag.py:4180} INFO - Setting next_dagrun for example_dynamic_task_mapping to None, run_after=None
[2025-03-27T10:13:12.742+0000] {processor.py:208} INFO - Processing /home/airflow/.local/lib/python3.12/site-packages/airflow/example_dags/example_dynamic_task_mapping.py took 0.100 seconds
[2025-03-27T10:13:42.848+0000] {processor.py:186} INFO - Started process (PID=1059) to work on /home/airflow/.local/lib/python3.12/site-packages/airflow/example_dags/example_dynamic_task_mapping.py
[2025-03-27T10:13:42.849+0000] {processor.py:914} INFO - Processing file /home/airflow/.local/lib/python3.12/site-packages/airflow/example_dags/example_dynamic_task_mapping.py for tasks to queue
[2025-03-27T10:13:42.852+0000] {logging_mixin.py:190} INFO - [2025-03-27T10:13:42.851+0000] {dagbag.py:588} INFO - Filling up the DagBag from /home/airflow/.local/lib/python3.12/site-packages/airflow/example_dags/example_dynamic_task_mapping.py
[2025-03-27T10:13:42.863+0000] {processor.py:925} INFO - DAG(s) 'example_dynamic_task_mapping' retrieved from /home/airflow/.local/lib/python3.12/site-packages/airflow/example_dags/example_dynamic_task_mapping.py
[2025-03-27T10:13:42.886+0000] {logging_mixin.py:190} INFO - [2025-03-27T10:13:42.885+0000] {dag.py:3239} INFO - Sync 1 DAGs
[2025-03-27T10:13:42.898+0000] {logging_mixin.py:190} INFO - [2025-03-27T10:13:42.897+0000] {dag.py:4180} INFO - Setting next_dagrun for example_dynamic_task_mapping to None, run_after=None
[2025-03-27T10:13:42.909+0000] {processor.py:208} INFO - Processing /home/airflow/.local/lib/python3.12/site-packages/airflow/example_dags/example_dynamic_task_mapping.py took 0.069 seconds
[2025-03-27T10:14:13.923+0000] {processor.py:186} INFO - Started process (PID=1122) to work on /home/airflow/.local/lib/python3.12/site-packages/airflow/example_dags/example_dynamic_task_mapping.py
[2025-03-27T10:14:13.925+0000] {processor.py:914} INFO - Processing file /home/airflow/.local/lib/python3.12/site-packages/airflow/example_dags/example_dynamic_task_mapping.py for tasks to queue
[2025-03-27T10:14:13.929+0000] {logging_mixin.py:190} INFO - [2025-03-27T10:14:13.928+0000] {dagbag.py:588} INFO - Filling up the DagBag from /home/airflow/.local/lib/python3.12/site-packages/airflow/example_dags/example_dynamic_task_mapping.py
[2025-03-27T10:14:13.944+0000] {processor.py:925} INFO - DAG(s) 'example_dynamic_task_mapping' retrieved from /home/airflow/.local/lib/python3.12/site-packages/airflow/example_dags/example_dynamic_task_mapping.py
[2025-03-27T10:14:13.962+0000] {logging_mixin.py:190} INFO - [2025-03-27T10:14:13.962+0000] {dag.py:3239} INFO - Sync 1 DAGs
[2025-03-27T10:14:13.974+0000] {logging_mixin.py:190} INFO - [2025-03-27T10:14:13.973+0000] {dag.py:4180} INFO - Setting next_dagrun for example_dynamic_task_mapping to None, run_after=None
[2025-03-27T10:14:13.986+0000] {processor.py:208} INFO - Processing /home/airflow/.local/lib/python3.12/site-packages/airflow/example_dags/example_dynamic_task_mapping.py took 0.073 seconds
[2025-03-27T10:14:44.788+0000] {processor.py:186} INFO - Started process (PID=1185) to work on /home/airflow/.local/lib/python3.12/site-packages/airflow/example_dags/example_dynamic_task_mapping.py
[2025-03-27T10:14:44.789+0000] {processor.py:914} INFO - Processing file /home/airflow/.local/lib/python3.12/site-packages/airflow/example_dags/example_dynamic_task_mapping.py for tasks to queue
[2025-03-27T10:14:44.792+0000] {logging_mixin.py:190} INFO - [2025-03-27T10:14:44.792+0000] {dagbag.py:588} INFO - Filling up the DagBag from /home/airflow/.local/lib/python3.12/site-packages/airflow/example_dags/example_dynamic_task_mapping.py
[2025-03-27T10:14:44.804+0000] {processor.py:925} INFO - DAG(s) 'example_dynamic_task_mapping' retrieved from /home/airflow/.local/lib/python3.12/site-packages/airflow/example_dags/example_dynamic_task_mapping.py
[2025-03-27T10:14:44.821+0000] {logging_mixin.py:190} INFO - [2025-03-27T10:14:44.821+0000] {dag.py:3239} INFO - Sync 1 DAGs
[2025-03-27T10:14:44.833+0000] {logging_mixin.py:190} INFO - [2025-03-27T10:14:44.833+0000] {dag.py:4180} INFO - Setting next_dagrun for example_dynamic_task_mapping to None, run_after=None
[2025-03-27T10:14:44.846+0000] {processor.py:208} INFO - Processing /home/airflow/.local/lib/python3.12/site-packages/airflow/example_dags/example_dynamic_task_mapping.py took 0.064 seconds
[2025-03-27T10:15:14.919+0000] {processor.py:186} INFO - Started process (PID=1247) to work on /home/airflow/.local/lib/python3.12/site-packages/airflow/example_dags/example_dynamic_task_mapping.py
[2025-03-27T10:15:14.922+0000] {processor.py:914} INFO - Processing file /home/airflow/.local/lib/python3.12/site-packages/airflow/example_dags/example_dynamic_task_mapping.py for tasks to queue
[2025-03-27T10:15:14.926+0000] {logging_mixin.py:190} INFO - [2025-03-27T10:15:14.925+0000] {dagbag.py:588} INFO - Filling up the DagBag from /home/airflow/.local/lib/python3.12/site-packages/airflow/example_dags/example_dynamic_task_mapping.py
[2025-03-27T10:15:14.940+0000] {processor.py:925} INFO - DAG(s) 'example_dynamic_task_mapping' retrieved from /home/airflow/.local/lib/python3.12/site-packages/airflow/example_dags/example_dynamic_task_mapping.py
[2025-03-27T10:15:14.959+0000] {logging_mixin.py:190} INFO - [2025-03-27T10:15:14.958+0000] {dag.py:3239} INFO - Sync 1 DAGs
[2025-03-27T10:15:14.970+0000] {logging_mixin.py:190} INFO - [2025-03-27T10:15:14.970+0000] {dag.py:4180} INFO - Setting next_dagrun for example_dynamic_task_mapping to None, run_after=None
[2025-03-27T10:15:14.981+0000] {processor.py:208} INFO - Processing /home/airflow/.local/lib/python3.12/site-packages/airflow/example_dags/example_dynamic_task_mapping.py took 0.071 seconds
[2025-03-27T10:15:45.665+0000] {processor.py:186} INFO - Started process (PID=1310) to work on /home/airflow/.local/lib/python3.12/site-packages/airflow/example_dags/example_dynamic_task_mapping.py
[2025-03-27T10:15:45.670+0000] {processor.py:914} INFO - Processing file /home/airflow/.local/lib/python3.12/site-packages/airflow/example_dags/example_dynamic_task_mapping.py for tasks to queue
[2025-03-27T10:15:45.675+0000] {logging_mixin.py:190} INFO - [2025-03-27T10:15:45.674+0000] {dagbag.py:588} INFO - Filling up the DagBag from /home/airflow/.local/lib/python3.12/site-packages/airflow/example_dags/example_dynamic_task_mapping.py
[2025-03-27T10:15:45.693+0000] {processor.py:925} INFO - DAG(s) 'example_dynamic_task_mapping' retrieved from /home/airflow/.local/lib/python3.12/site-packages/airflow/example_dags/example_dynamic_task_mapping.py
[2025-03-27T10:15:45.712+0000] {logging_mixin.py:190} INFO - [2025-03-27T10:15:45.712+0000] {dag.py:3239} INFO - Sync 1 DAGs
[2025-03-27T10:15:45.727+0000] {logging_mixin.py:190} INFO - [2025-03-27T10:15:45.727+0000] {dag.py:4180} INFO - Setting next_dagrun for example_dynamic_task_mapping to None, run_after=None
[2025-03-27T10:15:45.741+0000] {processor.py:208} INFO - Processing /home/airflow/.local/lib/python3.12/site-packages/airflow/example_dags/example_dynamic_task_mapping.py took 0.091 seconds
[2025-03-27T10:16:16.581+0000] {processor.py:186} INFO - Started process (PID=1373) to work on /home/airflow/.local/lib/python3.12/site-packages/airflow/example_dags/example_dynamic_task_mapping.py
[2025-03-27T10:16:16.582+0000] {processor.py:914} INFO - Processing file /home/airflow/.local/lib/python3.12/site-packages/airflow/example_dags/example_dynamic_task_mapping.py for tasks to queue
[2025-03-27T10:16:16.586+0000] {logging_mixin.py:190} INFO - [2025-03-27T10:16:16.586+0000] {dagbag.py:588} INFO - Filling up the DagBag from /home/airflow/.local/lib/python3.12/site-packages/airflow/example_dags/example_dynamic_task_mapping.py
[2025-03-27T10:16:16.602+0000] {processor.py:925} INFO - DAG(s) 'example_dynamic_task_mapping' retrieved from /home/airflow/.local/lib/python3.12/site-packages/airflow/example_dags/example_dynamic_task_mapping.py
[2025-03-27T10:16:16.625+0000] {logging_mixin.py:190} INFO - [2025-03-27T10:16:16.625+0000] {dag.py:3239} INFO - Sync 1 DAGs
[2025-03-27T10:16:16.637+0000] {logging_mixin.py:190} INFO - [2025-03-27T10:16:16.636+0000] {dag.py:4180} INFO - Setting next_dagrun for example_dynamic_task_mapping to None, run_after=None
[2025-03-27T10:16:16.654+0000] {processor.py:208} INFO - Processing /home/airflow/.local/lib/python3.12/site-packages/airflow/example_dags/example_dynamic_task_mapping.py took 0.086 seconds
[2025-03-27T10:16:46.850+0000] {processor.py:186} INFO - Started process (PID=1436) to work on /home/airflow/.local/lib/python3.12/site-packages/airflow/example_dags/example_dynamic_task_mapping.py
[2025-03-27T10:16:46.852+0000] {processor.py:914} INFO - Processing file /home/airflow/.local/lib/python3.12/site-packages/airflow/example_dags/example_dynamic_task_mapping.py for tasks to queue
[2025-03-27T10:16:46.857+0000] {logging_mixin.py:190} INFO - [2025-03-27T10:16:46.857+0000] {dagbag.py:588} INFO - Filling up the DagBag from /home/airflow/.local/lib/python3.12/site-packages/airflow/example_dags/example_dynamic_task_mapping.py
[2025-03-27T10:16:46.871+0000] {processor.py:925} INFO - DAG(s) 'example_dynamic_task_mapping' retrieved from /home/airflow/.local/lib/python3.12/site-packages/airflow/example_dags/example_dynamic_task_mapping.py
[2025-03-27T10:16:46.891+0000] {logging_mixin.py:190} INFO - [2025-03-27T10:16:46.891+0000] {dag.py:3239} INFO - Sync 1 DAGs
[2025-03-27T10:16:46.902+0000] {logging_mixin.py:190} INFO - [2025-03-27T10:16:46.902+0000] {dag.py:4180} INFO - Setting next_dagrun for example_dynamic_task_mapping to None, run_after=None
[2025-03-27T10:16:46.914+0000] {processor.py:208} INFO - Processing /home/airflow/.local/lib/python3.12/site-packages/airflow/example_dags/example_dynamic_task_mapping.py took 0.075 seconds
[2025-03-27T10:17:17.691+0000] {processor.py:186} INFO - Started process (PID=1499) to work on /home/airflow/.local/lib/python3.12/site-packages/airflow/example_dags/example_dynamic_task_mapping.py
[2025-03-27T10:17:17.692+0000] {processor.py:914} INFO - Processing file /home/airflow/.local/lib/python3.12/site-packages/airflow/example_dags/example_dynamic_task_mapping.py for tasks to queue
[2025-03-27T10:17:17.696+0000] {logging_mixin.py:190} INFO - [2025-03-27T10:17:17.696+0000] {dagbag.py:588} INFO - Filling up the DagBag from /home/airflow/.local/lib/python3.12/site-packages/airflow/example_dags/example_dynamic_task_mapping.py
[2025-03-27T10:17:17.708+0000] {processor.py:925} INFO - DAG(s) 'example_dynamic_task_mapping' retrieved from /home/airflow/.local/lib/python3.12/site-packages/airflow/example_dags/example_dynamic_task_mapping.py
[2025-03-27T10:17:17.725+0000] {logging_mixin.py:190} INFO - [2025-03-27T10:17:17.725+0000] {dag.py:3239} INFO - Sync 1 DAGs
[2025-03-27T10:17:17.735+0000] {logging_mixin.py:190} INFO - [2025-03-27T10:17:17.734+0000] {dag.py:4180} INFO - Setting next_dagrun for example_dynamic_task_mapping to None, run_after=None
[2025-03-27T10:17:17.745+0000] {processor.py:208} INFO - Processing /home/airflow/.local/lib/python3.12/site-packages/airflow/example_dags/example_dynamic_task_mapping.py took 0.063 seconds
[2025-03-27T10:17:48.566+0000] {processor.py:186} INFO - Started process (PID=1562) to work on /home/airflow/.local/lib/python3.12/site-packages/airflow/example_dags/example_dynamic_task_mapping.py
[2025-03-27T10:17:48.568+0000] {processor.py:914} INFO - Processing file /home/airflow/.local/lib/python3.12/site-packages/airflow/example_dags/example_dynamic_task_mapping.py for tasks to queue
[2025-03-27T10:17:48.571+0000] {logging_mixin.py:190} INFO - [2025-03-27T10:17:48.571+0000] {dagbag.py:588} INFO - Filling up the DagBag from /home/airflow/.local/lib/python3.12/site-packages/airflow/example_dags/example_dynamic_task_mapping.py
[2025-03-27T10:17:48.585+0000] {processor.py:925} INFO - DAG(s) 'example_dynamic_task_mapping' retrieved from /home/airflow/.local/lib/python3.12/site-packages/airflow/example_dags/example_dynamic_task_mapping.py
[2025-03-27T10:17:48.605+0000] {logging_mixin.py:190} INFO - [2025-03-27T10:17:48.605+0000] {dag.py:3239} INFO - Sync 1 DAGs
[2025-03-27T10:17:48.616+0000] {logging_mixin.py:190} INFO - [2025-03-27T10:17:48.616+0000] {dag.py:4180} INFO - Setting next_dagrun for example_dynamic_task_mapping to None, run_after=None
[2025-03-27T10:17:48.628+0000] {processor.py:208} INFO - Processing /home/airflow/.local/lib/python3.12/site-packages/airflow/example_dags/example_dynamic_task_mapping.py took 0.072 seconds
