[2025-03-27T10:05:38.953+0000] {processor.py:186} INFO - Started process (PID=94) to work on /home/airflow/.local/lib/python3.12/site-packages/airflow/example_dags/example_params_ui_tutorial.py
[2025-03-27T10:05:38.954+0000] {processor.py:914} INFO - Processing file /home/airflow/.local/lib/python3.12/site-packages/airflow/example_dags/example_params_ui_tutorial.py for tasks to queue
[2025-03-27T10:05:38.956+0000] {logging_mixin.py:190} INFO - [2025-03-27T10:05:38.955+0000] {dagbag.py:588} INFO - Filling up the DagBag from /home/airflow/.local/lib/python3.12/site-packages/airflow/example_dags/example_params_ui_tutorial.py
[2025-03-27T10:05:38.962+0000] {processor.py:925} INFO - DAG(s) 'example_params_ui_tutorial' retrieved from /home/airflow/.local/lib/python3.12/site-packages/airflow/example_dags/example_params_ui_tutorial.py
[2025-03-27T10:05:39.024+0000] {logging_mixin.py:190} INFO - [2025-03-27T10:05:39.024+0000] {override.py:1912} INFO - Created Permission View: can read on DAG:example_params_ui_tutorial
[2025-03-27T10:05:39.031+0000] {logging_mixin.py:190} INFO - [2025-03-27T10:05:39.031+0000] {override.py:1912} INFO - Created Permission View: can delete on DAG:example_params_ui_tutorial
[2025-03-27T10:05:39.034+0000] {logging_mixin.py:190} INFO - [2025-03-27T10:05:39.034+0000] {override.py:1912} INFO - Created Permission View: can edit on DAG:example_params_ui_tutorial
[2025-03-27T10:05:39.037+0000] {logging_mixin.py:190} INFO - [2025-03-27T10:05:39.037+0000] {override.py:1912} INFO - Created Permission View: can read on DAG Run:example_params_ui_tutorial
[2025-03-27T10:05:39.039+0000] {logging_mixin.py:190} INFO - [2025-03-27T10:05:39.039+0000] {override.py:1912} INFO - Created Permission View: can delete on DAG Run:example_params_ui_tutorial
[2025-03-27T10:05:39.042+0000] {logging_mixin.py:190} INFO - [2025-03-27T10:05:39.042+0000] {override.py:1912} INFO - Created Permission View: can create on DAG Run:example_params_ui_tutorial
[2025-03-27T10:05:39.045+0000] {logging_mixin.py:190} INFO - [2025-03-27T10:05:39.045+0000] {override.py:1912} INFO - Created Permission View: menu access on DAG Run:example_params_ui_tutorial
[2025-03-27T10:05:39.045+0000] {logging_mixin.py:190} INFO - [2025-03-27T10:05:39.045+0000] {dag.py:3239} INFO - Sync 1 DAGs
[2025-03-27T10:05:39.051+0000] {logging_mixin.py:190} INFO - [2025-03-27T10:05:39.051+0000] {dag.py:3262} INFO - Creating ORM DAG for example_params_ui_tutorial
[2025-03-27T10:05:39.052+0000] {logging_mixin.py:190} INFO - [2025-03-27T10:05:39.051+0000] {dag.py:4180} INFO - Setting next_dagrun for example_params_ui_tutorial to None, run_after=None
[2025-03-27T10:05:39.060+0000] {processor.py:208} INFO - Processing /home/airflow/.local/lib/python3.12/site-packages/airflow/example_dags/example_params_ui_tutorial.py took 0.110 seconds
[2025-03-27T10:06:09.636+0000] {processor.py:186} INFO - Started process (PID=157) to work on /home/airflow/.local/lib/python3.12/site-packages/airflow/example_dags/example_params_ui_tutorial.py
[2025-03-27T10:06:09.638+0000] {processor.py:914} INFO - Processing file /home/airflow/.local/lib/python3.12/site-packages/airflow/example_dags/example_params_ui_tutorial.py for tasks to queue
[2025-03-27T10:06:09.639+0000] {logging_mixin.py:190} INFO - [2025-03-27T10:06:09.639+0000] {dagbag.py:588} INFO - Filling up the DagBag from /home/airflow/.local/lib/python3.12/site-packages/airflow/example_dags/example_params_ui_tutorial.py
[2025-03-27T10:06:09.644+0000] {processor.py:925} INFO - DAG(s) 'example_params_ui_tutorial' retrieved from /home/airflow/.local/lib/python3.12/site-packages/airflow/example_dags/example_params_ui_tutorial.py
[2025-03-27T10:06:09.663+0000] {logging_mixin.py:190} INFO - [2025-03-27T10:06:09.663+0000] {dag.py:3239} INFO - Sync 1 DAGs
[2025-03-27T10:06:09.669+0000] {logging_mixin.py:190} INFO - [2025-03-27T10:06:09.669+0000] {dag.py:4180} INFO - Setting next_dagrun for example_params_ui_tutorial to None, run_after=None
[2025-03-27T10:06:09.678+0000] {processor.py:208} INFO - Processing /home/airflow/.local/lib/python3.12/site-packages/airflow/example_dags/example_params_ui_tutorial.py took 0.045 seconds
[2025-03-27T10:06:40.763+0000] {processor.py:186} INFO - Started process (PID=220) to work on /home/airflow/.local/lib/python3.12/site-packages/airflow/example_dags/example_params_ui_tutorial.py
[2025-03-27T10:06:40.764+0000] {processor.py:914} INFO - Processing file /home/airflow/.local/lib/python3.12/site-packages/airflow/example_dags/example_params_ui_tutorial.py for tasks to queue
[2025-03-27T10:06:40.766+0000] {logging_mixin.py:190} INFO - [2025-03-27T10:06:40.766+0000] {dagbag.py:588} INFO - Filling up the DagBag from /home/airflow/.local/lib/python3.12/site-packages/airflow/example_dags/example_params_ui_tutorial.py
[2025-03-27T10:06:40.774+0000] {processor.py:925} INFO - DAG(s) 'example_params_ui_tutorial' retrieved from /home/airflow/.local/lib/python3.12/site-packages/airflow/example_dags/example_params_ui_tutorial.py
[2025-03-27T10:06:40.796+0000] {logging_mixin.py:190} INFO - [2025-03-27T10:06:40.796+0000] {dag.py:3239} INFO - Sync 1 DAGs
[2025-03-27T10:06:40.807+0000] {logging_mixin.py:190} INFO - [2025-03-27T10:06:40.807+0000] {dag.py:4180} INFO - Setting next_dagrun for example_params_ui_tutorial to None, run_after=None
[2025-03-27T10:06:40.819+0000] {processor.py:208} INFO - Processing /home/airflow/.local/lib/python3.12/site-packages/airflow/example_dags/example_params_ui_tutorial.py took 0.059 seconds
[2025-03-27T10:07:11.760+0000] {processor.py:186} INFO - Started process (PID=283) to work on /home/airflow/.local/lib/python3.12/site-packages/airflow/example_dags/example_params_ui_tutorial.py
[2025-03-27T10:07:11.761+0000] {processor.py:914} INFO - Processing file /home/airflow/.local/lib/python3.12/site-packages/airflow/example_dags/example_params_ui_tutorial.py for tasks to queue
[2025-03-27T10:07:11.763+0000] {logging_mixin.py:190} INFO - [2025-03-27T10:07:11.763+0000] {dagbag.py:588} INFO - Filling up the DagBag from /home/airflow/.local/lib/python3.12/site-packages/airflow/example_dags/example_params_ui_tutorial.py
[2025-03-27T10:07:11.775+0000] {processor.py:925} INFO - DAG(s) 'example_params_ui_tutorial' retrieved from /home/airflow/.local/lib/python3.12/site-packages/airflow/example_dags/example_params_ui_tutorial.py
[2025-03-27T10:07:11.801+0000] {logging_mixin.py:190} INFO - [2025-03-27T10:07:11.801+0000] {dag.py:3239} INFO - Sync 1 DAGs
[2025-03-27T10:07:11.811+0000] {logging_mixin.py:190} INFO - [2025-03-27T10:07:11.811+0000] {dag.py:4180} INFO - Setting next_dagrun for example_params_ui_tutorial to None, run_after=None
[2025-03-27T10:07:11.822+0000] {processor.py:208} INFO - Processing /home/airflow/.local/lib/python3.12/site-packages/airflow/example_dags/example_params_ui_tutorial.py took 0.070 seconds
[2025-03-27T10:07:42.929+0000] {processor.py:186} INFO - Started process (PID=346) to work on /home/airflow/.local/lib/python3.12/site-packages/airflow/example_dags/example_params_ui_tutorial.py
[2025-03-27T10:07:42.930+0000] {processor.py:914} INFO - Processing file /home/airflow/.local/lib/python3.12/site-packages/airflow/example_dags/example_params_ui_tutorial.py for tasks to queue
[2025-03-27T10:07:42.931+0000] {logging_mixin.py:190} INFO - [2025-03-27T10:07:42.931+0000] {dagbag.py:588} INFO - Filling up the DagBag from /home/airflow/.local/lib/python3.12/site-packages/airflow/example_dags/example_params_ui_tutorial.py
[2025-03-27T10:07:42.936+0000] {processor.py:925} INFO - DAG(s) 'example_params_ui_tutorial' retrieved from /home/airflow/.local/lib/python3.12/site-packages/airflow/example_dags/example_params_ui_tutorial.py
[2025-03-27T10:07:42.955+0000] {logging_mixin.py:190} INFO - [2025-03-27T10:07:42.955+0000] {dag.py:3239} INFO - Sync 1 DAGs
[2025-03-27T10:07:42.962+0000] {logging_mixin.py:190} INFO - [2025-03-27T10:07:42.962+0000] {dag.py:4180} INFO - Setting next_dagrun for example_params_ui_tutorial to None, run_after=None
[2025-03-27T10:07:42.973+0000] {processor.py:208} INFO - Processing /home/airflow/.local/lib/python3.12/site-packages/airflow/example_dags/example_params_ui_tutorial.py took 0.048 seconds
[2025-03-27T10:08:13.716+0000] {processor.py:186} INFO - Started process (PID=408) to work on /home/airflow/.local/lib/python3.12/site-packages/airflow/example_dags/example_params_ui_tutorial.py
[2025-03-27T10:08:13.718+0000] {processor.py:914} INFO - Processing file /home/airflow/.local/lib/python3.12/site-packages/airflow/example_dags/example_params_ui_tutorial.py for tasks to queue
[2025-03-27T10:08:13.719+0000] {logging_mixin.py:190} INFO - [2025-03-27T10:08:13.719+0000] {dagbag.py:588} INFO - Filling up the DagBag from /home/airflow/.local/lib/python3.12/site-packages/airflow/example_dags/example_params_ui_tutorial.py
[2025-03-27T10:08:13.725+0000] {processor.py:925} INFO - DAG(s) 'example_params_ui_tutorial' retrieved from /home/airflow/.local/lib/python3.12/site-packages/airflow/example_dags/example_params_ui_tutorial.py
[2025-03-27T10:08:13.747+0000] {logging_mixin.py:190} INFO - [2025-03-27T10:08:13.747+0000] {dag.py:3239} INFO - Sync 1 DAGs
[2025-03-27T10:08:13.756+0000] {logging_mixin.py:190} INFO - [2025-03-27T10:08:13.756+0000] {dag.py:4180} INFO - Setting next_dagrun for example_params_ui_tutorial to None, run_after=None
[2025-03-27T10:08:13.766+0000] {processor.py:208} INFO - Processing /home/airflow/.local/lib/python3.12/site-packages/airflow/example_dags/example_params_ui_tutorial.py took 0.053 seconds
[2025-03-27T10:08:44.730+0000] {processor.py:186} INFO - Started process (PID=471) to work on /home/airflow/.local/lib/python3.12/site-packages/airflow/example_dags/example_params_ui_tutorial.py
[2025-03-27T10:08:44.731+0000] {processor.py:914} INFO - Processing file /home/airflow/.local/lib/python3.12/site-packages/airflow/example_dags/example_params_ui_tutorial.py for tasks to queue
[2025-03-27T10:08:44.732+0000] {logging_mixin.py:190} INFO - [2025-03-27T10:08:44.732+0000] {dagbag.py:588} INFO - Filling up the DagBag from /home/airflow/.local/lib/python3.12/site-packages/airflow/example_dags/example_params_ui_tutorial.py
[2025-03-27T10:08:44.737+0000] {processor.py:925} INFO - DAG(s) 'example_params_ui_tutorial' retrieved from /home/airflow/.local/lib/python3.12/site-packages/airflow/example_dags/example_params_ui_tutorial.py
[2025-03-27T10:08:44.761+0000] {logging_mixin.py:190} INFO - [2025-03-27T10:08:44.761+0000] {dag.py:3239} INFO - Sync 1 DAGs
[2025-03-27T10:08:44.770+0000] {logging_mixin.py:190} INFO - [2025-03-27T10:08:44.770+0000] {dag.py:4180} INFO - Setting next_dagrun for example_params_ui_tutorial to None, run_after=None
[2025-03-27T10:08:44.783+0000] {processor.py:208} INFO - Processing /home/airflow/.local/lib/python3.12/site-packages/airflow/example_dags/example_params_ui_tutorial.py took 0.056 seconds
[2025-03-27T10:09:15.583+0000] {processor.py:186} INFO - Started process (PID=533) to work on /home/airflow/.local/lib/python3.12/site-packages/airflow/example_dags/example_params_ui_tutorial.py
[2025-03-27T10:09:15.585+0000] {processor.py:914} INFO - Processing file /home/airflow/.local/lib/python3.12/site-packages/airflow/example_dags/example_params_ui_tutorial.py for tasks to queue
[2025-03-27T10:09:15.586+0000] {logging_mixin.py:190} INFO - [2025-03-27T10:09:15.586+0000] {dagbag.py:588} INFO - Filling up the DagBag from /home/airflow/.local/lib/python3.12/site-packages/airflow/example_dags/example_params_ui_tutorial.py
[2025-03-27T10:09:15.593+0000] {processor.py:925} INFO - DAG(s) 'example_params_ui_tutorial' retrieved from /home/airflow/.local/lib/python3.12/site-packages/airflow/example_dags/example_params_ui_tutorial.py
[2025-03-27T10:09:15.615+0000] {logging_mixin.py:190} INFO - [2025-03-27T10:09:15.615+0000] {dag.py:3239} INFO - Sync 1 DAGs
[2025-03-27T10:09:15.622+0000] {logging_mixin.py:190} INFO - [2025-03-27T10:09:15.622+0000] {dag.py:4180} INFO - Setting next_dagrun for example_params_ui_tutorial to None, run_after=None
[2025-03-27T10:09:15.632+0000] {processor.py:208} INFO - Processing /home/airflow/.local/lib/python3.12/site-packages/airflow/example_dags/example_params_ui_tutorial.py took 0.052 seconds
[2025-03-27T10:09:46.414+0000] {processor.py:186} INFO - Started process (PID=596) to work on /home/airflow/.local/lib/python3.12/site-packages/airflow/example_dags/example_params_ui_tutorial.py
[2025-03-27T10:09:46.415+0000] {processor.py:914} INFO - Processing file /home/airflow/.local/lib/python3.12/site-packages/airflow/example_dags/example_params_ui_tutorial.py for tasks to queue
[2025-03-27T10:09:46.420+0000] {logging_mixin.py:190} INFO - [2025-03-27T10:09:46.419+0000] {dagbag.py:588} INFO - Filling up the DagBag from /home/airflow/.local/lib/python3.12/site-packages/airflow/example_dags/example_params_ui_tutorial.py
[2025-03-27T10:09:46.425+0000] {processor.py:925} INFO - DAG(s) 'example_params_ui_tutorial' retrieved from /home/airflow/.local/lib/python3.12/site-packages/airflow/example_dags/example_params_ui_tutorial.py
[2025-03-27T10:09:46.446+0000] {logging_mixin.py:190} INFO - [2025-03-27T10:09:46.446+0000] {dag.py:3239} INFO - Sync 1 DAGs
[2025-03-27T10:09:46.453+0000] {logging_mixin.py:190} INFO - [2025-03-27T10:09:46.453+0000] {dag.py:4180} INFO - Setting next_dagrun for example_params_ui_tutorial to None, run_after=None
[2025-03-27T10:09:46.463+0000] {processor.py:208} INFO - Processing /home/airflow/.local/lib/python3.12/site-packages/airflow/example_dags/example_params_ui_tutorial.py took 0.053 seconds
[2025-03-27T10:10:17.399+0000] {processor.py:186} INFO - Started process (PID=659) to work on /home/airflow/.local/lib/python3.12/site-packages/airflow/example_dags/example_params_ui_tutorial.py
[2025-03-27T10:10:17.399+0000] {processor.py:914} INFO - Processing file /home/airflow/.local/lib/python3.12/site-packages/airflow/example_dags/example_params_ui_tutorial.py for tasks to queue
[2025-03-27T10:10:17.401+0000] {logging_mixin.py:190} INFO - [2025-03-27T10:10:17.401+0000] {dagbag.py:588} INFO - Filling up the DagBag from /home/airflow/.local/lib/python3.12/site-packages/airflow/example_dags/example_params_ui_tutorial.py
[2025-03-27T10:10:17.405+0000] {processor.py:925} INFO - DAG(s) 'example_params_ui_tutorial' retrieved from /home/airflow/.local/lib/python3.12/site-packages/airflow/example_dags/example_params_ui_tutorial.py
[2025-03-27T10:10:17.424+0000] {logging_mixin.py:190} INFO - [2025-03-27T10:10:17.424+0000] {dag.py:3239} INFO - Sync 1 DAGs
[2025-03-27T10:10:17.432+0000] {logging_mixin.py:190} INFO - [2025-03-27T10:10:17.432+0000] {dag.py:4180} INFO - Setting next_dagrun for example_params_ui_tutorial to None, run_after=None
[2025-03-27T10:10:17.442+0000] {processor.py:208} INFO - Processing /home/airflow/.local/lib/python3.12/site-packages/airflow/example_dags/example_params_ui_tutorial.py took 0.048 seconds
[2025-03-27T10:10:48.660+0000] {processor.py:186} INFO - Started process (PID=722) to work on /home/airflow/.local/lib/python3.12/site-packages/airflow/example_dags/example_params_ui_tutorial.py
[2025-03-27T10:10:48.661+0000] {processor.py:914} INFO - Processing file /home/airflow/.local/lib/python3.12/site-packages/airflow/example_dags/example_params_ui_tutorial.py for tasks to queue
[2025-03-27T10:10:48.663+0000] {logging_mixin.py:190} INFO - [2025-03-27T10:10:48.662+0000] {dagbag.py:588} INFO - Filling up the DagBag from /home/airflow/.local/lib/python3.12/site-packages/airflow/example_dags/example_params_ui_tutorial.py
[2025-03-27T10:10:48.668+0000] {processor.py:925} INFO - DAG(s) 'example_params_ui_tutorial' retrieved from /home/airflow/.local/lib/python3.12/site-packages/airflow/example_dags/example_params_ui_tutorial.py
[2025-03-27T10:10:48.687+0000] {logging_mixin.py:190} INFO - [2025-03-27T10:10:48.687+0000] {dag.py:3239} INFO - Sync 1 DAGs
[2025-03-27T10:10:48.696+0000] {logging_mixin.py:190} INFO - [2025-03-27T10:10:48.696+0000] {dag.py:4180} INFO - Setting next_dagrun for example_params_ui_tutorial to None, run_after=None
[2025-03-27T10:10:48.708+0000] {processor.py:208} INFO - Processing /home/airflow/.local/lib/python3.12/site-packages/airflow/example_dags/example_params_ui_tutorial.py took 0.051 seconds
[2025-03-27T10:11:19.630+0000] {processor.py:186} INFO - Started process (PID=785) to work on /home/airflow/.local/lib/python3.12/site-packages/airflow/example_dags/example_params_ui_tutorial.py
[2025-03-27T10:11:19.630+0000] {processor.py:914} INFO - Processing file /home/airflow/.local/lib/python3.12/site-packages/airflow/example_dags/example_params_ui_tutorial.py for tasks to queue
[2025-03-27T10:11:19.632+0000] {logging_mixin.py:190} INFO - [2025-03-27T10:11:19.631+0000] {dagbag.py:588} INFO - Filling up the DagBag from /home/airflow/.local/lib/python3.12/site-packages/airflow/example_dags/example_params_ui_tutorial.py
[2025-03-27T10:11:19.637+0000] {processor.py:925} INFO - DAG(s) 'example_params_ui_tutorial' retrieved from /home/airflow/.local/lib/python3.12/site-packages/airflow/example_dags/example_params_ui_tutorial.py
[2025-03-27T10:11:19.656+0000] {logging_mixin.py:190} INFO - [2025-03-27T10:11:19.656+0000] {dag.py:3239} INFO - Sync 1 DAGs
[2025-03-27T10:11:19.663+0000] {logging_mixin.py:190} INFO - [2025-03-27T10:11:19.663+0000] {dag.py:4180} INFO - Setting next_dagrun for example_params_ui_tutorial to None, run_after=None
[2025-03-27T10:11:19.675+0000] {processor.py:208} INFO - Processing /home/airflow/.local/lib/python3.12/site-packages/airflow/example_dags/example_params_ui_tutorial.py took 0.048 seconds
[2025-03-27T10:11:50.335+0000] {processor.py:186} INFO - Started process (PID=848) to work on /home/airflow/.local/lib/python3.12/site-packages/airflow/example_dags/example_params_ui_tutorial.py
[2025-03-27T10:11:50.335+0000] {processor.py:914} INFO - Processing file /home/airflow/.local/lib/python3.12/site-packages/airflow/example_dags/example_params_ui_tutorial.py for tasks to queue
[2025-03-27T10:11:50.336+0000] {logging_mixin.py:190} INFO - [2025-03-27T10:11:50.336+0000] {dagbag.py:588} INFO - Filling up the DagBag from /home/airflow/.local/lib/python3.12/site-packages/airflow/example_dags/example_params_ui_tutorial.py
[2025-03-27T10:11:50.341+0000] {processor.py:925} INFO - DAG(s) 'example_params_ui_tutorial' retrieved from /home/airflow/.local/lib/python3.12/site-packages/airflow/example_dags/example_params_ui_tutorial.py
[2025-03-27T10:11:50.360+0000] {logging_mixin.py:190} INFO - [2025-03-27T10:11:50.360+0000] {dag.py:3239} INFO - Sync 1 DAGs
[2025-03-27T10:11:50.366+0000] {logging_mixin.py:190} INFO - [2025-03-27T10:11:50.366+0000] {dag.py:4180} INFO - Setting next_dagrun for example_params_ui_tutorial to None, run_after=None
[2025-03-27T10:11:50.375+0000] {processor.py:208} INFO - Processing /home/airflow/.local/lib/python3.12/site-packages/airflow/example_dags/example_params_ui_tutorial.py took 0.043 seconds
[2025-03-27T10:12:21.154+0000] {processor.py:186} INFO - Started process (PID=911) to work on /home/airflow/.local/lib/python3.12/site-packages/airflow/example_dags/example_params_ui_tutorial.py
[2025-03-27T10:12:21.155+0000] {processor.py:914} INFO - Processing file /home/airflow/.local/lib/python3.12/site-packages/airflow/example_dags/example_params_ui_tutorial.py for tasks to queue
[2025-03-27T10:12:21.156+0000] {logging_mixin.py:190} INFO - [2025-03-27T10:12:21.156+0000] {dagbag.py:588} INFO - Filling up the DagBag from /home/airflow/.local/lib/python3.12/site-packages/airflow/example_dags/example_params_ui_tutorial.py
[2025-03-27T10:12:21.161+0000] {processor.py:925} INFO - DAG(s) 'example_params_ui_tutorial' retrieved from /home/airflow/.local/lib/python3.12/site-packages/airflow/example_dags/example_params_ui_tutorial.py
[2025-03-27T10:12:21.182+0000] {logging_mixin.py:190} INFO - [2025-03-27T10:12:21.182+0000] {dag.py:3239} INFO - Sync 1 DAGs
[2025-03-27T10:12:21.192+0000] {logging_mixin.py:190} INFO - [2025-03-27T10:12:21.191+0000] {dag.py:4180} INFO - Setting next_dagrun for example_params_ui_tutorial to None, run_after=None
[2025-03-27T10:12:21.201+0000] {processor.py:208} INFO - Processing /home/airflow/.local/lib/python3.12/site-packages/airflow/example_dags/example_params_ui_tutorial.py took 0.052 seconds
[2025-03-27T10:12:51.915+0000] {processor.py:186} INFO - Started process (PID=974) to work on /home/airflow/.local/lib/python3.12/site-packages/airflow/example_dags/example_params_ui_tutorial.py
[2025-03-27T10:12:51.915+0000] {processor.py:914} INFO - Processing file /home/airflow/.local/lib/python3.12/site-packages/airflow/example_dags/example_params_ui_tutorial.py for tasks to queue
[2025-03-27T10:12:51.917+0000] {logging_mixin.py:190} INFO - [2025-03-27T10:12:51.916+0000] {dagbag.py:588} INFO - Filling up the DagBag from /home/airflow/.local/lib/python3.12/site-packages/airflow/example_dags/example_params_ui_tutorial.py
[2025-03-27T10:12:51.922+0000] {processor.py:925} INFO - DAG(s) 'example_params_ui_tutorial' retrieved from /home/airflow/.local/lib/python3.12/site-packages/airflow/example_dags/example_params_ui_tutorial.py
[2025-03-27T10:12:51.945+0000] {logging_mixin.py:190} INFO - [2025-03-27T10:12:51.945+0000] {dag.py:3239} INFO - Sync 1 DAGs
[2025-03-27T10:12:51.955+0000] {logging_mixin.py:190} INFO - [2025-03-27T10:12:51.954+0000] {dag.py:4180} INFO - Setting next_dagrun for example_params_ui_tutorial to None, run_after=None
[2025-03-27T10:12:51.964+0000] {processor.py:208} INFO - Processing /home/airflow/.local/lib/python3.12/site-packages/airflow/example_dags/example_params_ui_tutorial.py took 0.052 seconds
[2025-03-27T10:13:23.125+0000] {processor.py:186} INFO - Started process (PID=1037) to work on /home/airflow/.local/lib/python3.12/site-packages/airflow/example_dags/example_params_ui_tutorial.py
[2025-03-27T10:13:23.126+0000] {processor.py:914} INFO - Processing file /home/airflow/.local/lib/python3.12/site-packages/airflow/example_dags/example_params_ui_tutorial.py for tasks to queue
[2025-03-27T10:13:23.130+0000] {logging_mixin.py:190} INFO - [2025-03-27T10:13:23.129+0000] {dagbag.py:588} INFO - Filling up the DagBag from /home/airflow/.local/lib/python3.12/site-packages/airflow/example_dags/example_params_ui_tutorial.py
[2025-03-27T10:13:23.135+0000] {processor.py:925} INFO - DAG(s) 'example_params_ui_tutorial' retrieved from /home/airflow/.local/lib/python3.12/site-packages/airflow/example_dags/example_params_ui_tutorial.py
[2025-03-27T10:13:23.156+0000] {logging_mixin.py:190} INFO - [2025-03-27T10:13:23.156+0000] {dag.py:3239} INFO - Sync 1 DAGs
[2025-03-27T10:13:23.168+0000] {logging_mixin.py:190} INFO - [2025-03-27T10:13:23.168+0000] {dag.py:4180} INFO - Setting next_dagrun for example_params_ui_tutorial to None, run_after=None
[2025-03-27T10:13:23.179+0000] {processor.py:208} INFO - Processing /home/airflow/.local/lib/python3.12/site-packages/airflow/example_dags/example_params_ui_tutorial.py took 0.057 seconds
[2025-03-27T10:13:54.181+0000] {processor.py:186} INFO - Started process (PID=1100) to work on /home/airflow/.local/lib/python3.12/site-packages/airflow/example_dags/example_params_ui_tutorial.py
[2025-03-27T10:13:54.181+0000] {processor.py:914} INFO - Processing file /home/airflow/.local/lib/python3.12/site-packages/airflow/example_dags/example_params_ui_tutorial.py for tasks to queue
[2025-03-27T10:13:54.183+0000] {logging_mixin.py:190} INFO - [2025-03-27T10:13:54.182+0000] {dagbag.py:588} INFO - Filling up the DagBag from /home/airflow/.local/lib/python3.12/site-packages/airflow/example_dags/example_params_ui_tutorial.py
[2025-03-27T10:13:54.188+0000] {processor.py:925} INFO - DAG(s) 'example_params_ui_tutorial' retrieved from /home/airflow/.local/lib/python3.12/site-packages/airflow/example_dags/example_params_ui_tutorial.py
[2025-03-27T10:13:54.206+0000] {logging_mixin.py:190} INFO - [2025-03-27T10:13:54.206+0000] {dag.py:3239} INFO - Sync 1 DAGs
[2025-03-27T10:13:54.213+0000] {logging_mixin.py:190} INFO - [2025-03-27T10:13:54.213+0000] {dag.py:4180} INFO - Setting next_dagrun for example_params_ui_tutorial to None, run_after=None
[2025-03-27T10:13:54.228+0000] {processor.py:208} INFO - Processing /home/airflow/.local/lib/python3.12/site-packages/airflow/example_dags/example_params_ui_tutorial.py took 0.050 seconds
[2025-03-27T10:14:25.000+0000] {processor.py:186} INFO - Started process (PID=1163) to work on /home/airflow/.local/lib/python3.12/site-packages/airflow/example_dags/example_params_ui_tutorial.py
[2025-03-27T10:14:25.001+0000] {processor.py:914} INFO - Processing file /home/airflow/.local/lib/python3.12/site-packages/airflow/example_dags/example_params_ui_tutorial.py for tasks to queue
[2025-03-27T10:14:25.006+0000] {logging_mixin.py:190} INFO - [2025-03-27T10:14:25.006+0000] {dagbag.py:588} INFO - Filling up the DagBag from /home/airflow/.local/lib/python3.12/site-packages/airflow/example_dags/example_params_ui_tutorial.py
[2025-03-27T10:14:25.011+0000] {processor.py:925} INFO - DAG(s) 'example_params_ui_tutorial' retrieved from /home/airflow/.local/lib/python3.12/site-packages/airflow/example_dags/example_params_ui_tutorial.py
[2025-03-27T10:14:25.034+0000] {logging_mixin.py:190} INFO - [2025-03-27T10:14:25.034+0000] {dag.py:3239} INFO - Sync 1 DAGs
[2025-03-27T10:14:25.041+0000] {logging_mixin.py:190} INFO - [2025-03-27T10:14:25.041+0000] {dag.py:4180} INFO - Setting next_dagrun for example_params_ui_tutorial to None, run_after=None
[2025-03-27T10:14:25.051+0000] {processor.py:208} INFO - Processing /home/airflow/.local/lib/python3.12/site-packages/airflow/example_dags/example_params_ui_tutorial.py took 0.054 seconds
[2025-03-27T10:14:56.244+0000] {processor.py:186} INFO - Started process (PID=1226) to work on /home/airflow/.local/lib/python3.12/site-packages/airflow/example_dags/example_params_ui_tutorial.py
[2025-03-27T10:14:56.245+0000] {processor.py:914} INFO - Processing file /home/airflow/.local/lib/python3.12/site-packages/airflow/example_dags/example_params_ui_tutorial.py for tasks to queue
[2025-03-27T10:14:56.247+0000] {logging_mixin.py:190} INFO - [2025-03-27T10:14:56.247+0000] {dagbag.py:588} INFO - Filling up the DagBag from /home/airflow/.local/lib/python3.12/site-packages/airflow/example_dags/example_params_ui_tutorial.py
[2025-03-27T10:14:56.255+0000] {processor.py:925} INFO - DAG(s) 'example_params_ui_tutorial' retrieved from /home/airflow/.local/lib/python3.12/site-packages/airflow/example_dags/example_params_ui_tutorial.py
[2025-03-27T10:14:56.278+0000] {logging_mixin.py:190} INFO - [2025-03-27T10:14:56.278+0000] {dag.py:3239} INFO - Sync 1 DAGs
[2025-03-27T10:14:56.286+0000] {logging_mixin.py:190} INFO - [2025-03-27T10:14:56.286+0000] {dag.py:4180} INFO - Setting next_dagrun for example_params_ui_tutorial to None, run_after=None
[2025-03-27T10:14:56.296+0000] {processor.py:208} INFO - Processing /home/airflow/.local/lib/python3.12/site-packages/airflow/example_dags/example_params_ui_tutorial.py took 0.055 seconds
[2025-03-27T10:15:26.952+0000] {processor.py:186} INFO - Started process (PID=1288) to work on /home/airflow/.local/lib/python3.12/site-packages/airflow/example_dags/example_params_ui_tutorial.py
[2025-03-27T10:15:26.955+0000] {processor.py:914} INFO - Processing file /home/airflow/.local/lib/python3.12/site-packages/airflow/example_dags/example_params_ui_tutorial.py for tasks to queue
[2025-03-27T10:15:26.959+0000] {logging_mixin.py:190} INFO - [2025-03-27T10:15:26.959+0000] {dagbag.py:588} INFO - Filling up the DagBag from /home/airflow/.local/lib/python3.12/site-packages/airflow/example_dags/example_params_ui_tutorial.py
[2025-03-27T10:15:26.964+0000] {processor.py:925} INFO - DAG(s) 'example_params_ui_tutorial' retrieved from /home/airflow/.local/lib/python3.12/site-packages/airflow/example_dags/example_params_ui_tutorial.py
[2025-03-27T10:15:26.984+0000] {logging_mixin.py:190} INFO - [2025-03-27T10:15:26.984+0000] {dag.py:3239} INFO - Sync 1 DAGs
[2025-03-27T10:15:26.991+0000] {logging_mixin.py:190} INFO - [2025-03-27T10:15:26.991+0000] {dag.py:4180} INFO - Setting next_dagrun for example_params_ui_tutorial to None, run_after=None
[2025-03-27T10:15:26.999+0000] {processor.py:208} INFO - Processing /home/airflow/.local/lib/python3.12/site-packages/airflow/example_dags/example_params_ui_tutorial.py took 0.050 seconds
[2025-03-27T10:15:57.904+0000] {processor.py:186} INFO - Started process (PID=1351) to work on /home/airflow/.local/lib/python3.12/site-packages/airflow/example_dags/example_params_ui_tutorial.py
[2025-03-27T10:15:57.906+0000] {processor.py:914} INFO - Processing file /home/airflow/.local/lib/python3.12/site-packages/airflow/example_dags/example_params_ui_tutorial.py for tasks to queue
[2025-03-27T10:15:57.907+0000] {logging_mixin.py:190} INFO - [2025-03-27T10:15:57.907+0000] {dagbag.py:588} INFO - Filling up the DagBag from /home/airflow/.local/lib/python3.12/site-packages/airflow/example_dags/example_params_ui_tutorial.py
[2025-03-27T10:15:57.912+0000] {processor.py:925} INFO - DAG(s) 'example_params_ui_tutorial' retrieved from /home/airflow/.local/lib/python3.12/site-packages/airflow/example_dags/example_params_ui_tutorial.py
[2025-03-27T10:15:57.934+0000] {logging_mixin.py:190} INFO - [2025-03-27T10:15:57.934+0000] {dag.py:3239} INFO - Sync 1 DAGs
[2025-03-27T10:15:57.941+0000] {logging_mixin.py:190} INFO - [2025-03-27T10:15:57.941+0000] {dag.py:4180} INFO - Setting next_dagrun for example_params_ui_tutorial to None, run_after=None
[2025-03-27T10:15:57.950+0000] {processor.py:208} INFO - Processing /home/airflow/.local/lib/python3.12/site-packages/airflow/example_dags/example_params_ui_tutorial.py took 0.049 seconds
[2025-03-27T10:16:29.135+0000] {processor.py:186} INFO - Started process (PID=1414) to work on /home/airflow/.local/lib/python3.12/site-packages/airflow/example_dags/example_params_ui_tutorial.py
[2025-03-27T10:16:29.136+0000] {processor.py:914} INFO - Processing file /home/airflow/.local/lib/python3.12/site-packages/airflow/example_dags/example_params_ui_tutorial.py for tasks to queue
[2025-03-27T10:16:29.137+0000] {logging_mixin.py:190} INFO - [2025-03-27T10:16:29.137+0000] {dagbag.py:588} INFO - Filling up the DagBag from /home/airflow/.local/lib/python3.12/site-packages/airflow/example_dags/example_params_ui_tutorial.py
[2025-03-27T10:16:29.142+0000] {processor.py:925} INFO - DAG(s) 'example_params_ui_tutorial' retrieved from /home/airflow/.local/lib/python3.12/site-packages/airflow/example_dags/example_params_ui_tutorial.py
[2025-03-27T10:16:29.162+0000] {logging_mixin.py:190} INFO - [2025-03-27T10:16:29.162+0000] {dag.py:3239} INFO - Sync 1 DAGs
[2025-03-27T10:16:29.169+0000] {logging_mixin.py:190} INFO - [2025-03-27T10:16:29.169+0000] {dag.py:4180} INFO - Setting next_dagrun for example_params_ui_tutorial to None, run_after=None
[2025-03-27T10:16:29.181+0000] {processor.py:208} INFO - Processing /home/airflow/.local/lib/python3.12/site-packages/airflow/example_dags/example_params_ui_tutorial.py took 0.050 seconds
[2025-03-27T10:17:00.043+0000] {processor.py:186} INFO - Started process (PID=1477) to work on /home/airflow/.local/lib/python3.12/site-packages/airflow/example_dags/example_params_ui_tutorial.py
[2025-03-27T10:17:00.044+0000] {processor.py:914} INFO - Processing file /home/airflow/.local/lib/python3.12/site-packages/airflow/example_dags/example_params_ui_tutorial.py for tasks to queue
[2025-03-27T10:17:00.045+0000] {logging_mixin.py:190} INFO - [2025-03-27T10:17:00.045+0000] {dagbag.py:588} INFO - Filling up the DagBag from /home/airflow/.local/lib/python3.12/site-packages/airflow/example_dags/example_params_ui_tutorial.py
[2025-03-27T10:17:00.050+0000] {processor.py:925} INFO - DAG(s) 'example_params_ui_tutorial' retrieved from /home/airflow/.local/lib/python3.12/site-packages/airflow/example_dags/example_params_ui_tutorial.py
[2025-03-27T10:17:00.076+0000] {logging_mixin.py:190} INFO - [2025-03-27T10:17:00.075+0000] {dag.py:3239} INFO - Sync 1 DAGs
[2025-03-27T10:17:00.083+0000] {logging_mixin.py:190} INFO - [2025-03-27T10:17:00.083+0000] {dag.py:4180} INFO - Setting next_dagrun for example_params_ui_tutorial to None, run_after=None
[2025-03-27T10:17:00.092+0000] {processor.py:208} INFO - Processing /home/airflow/.local/lib/python3.12/site-packages/airflow/example_dags/example_params_ui_tutorial.py took 0.054 seconds
[2025-03-27T10:17:30.882+0000] {processor.py:186} INFO - Started process (PID=1540) to work on /home/airflow/.local/lib/python3.12/site-packages/airflow/example_dags/example_params_ui_tutorial.py
[2025-03-27T10:17:30.885+0000] {processor.py:914} INFO - Processing file /home/airflow/.local/lib/python3.12/site-packages/airflow/example_dags/example_params_ui_tutorial.py for tasks to queue
[2025-03-27T10:17:30.887+0000] {logging_mixin.py:190} INFO - [2025-03-27T10:17:30.887+0000] {dagbag.py:588} INFO - Filling up the DagBag from /home/airflow/.local/lib/python3.12/site-packages/airflow/example_dags/example_params_ui_tutorial.py
[2025-03-27T10:17:30.896+0000] {processor.py:925} INFO - DAG(s) 'example_params_ui_tutorial' retrieved from /home/airflow/.local/lib/python3.12/site-packages/airflow/example_dags/example_params_ui_tutorial.py
[2025-03-27T10:17:30.918+0000] {logging_mixin.py:190} INFO - [2025-03-27T10:17:30.918+0000] {dag.py:3239} INFO - Sync 1 DAGs
[2025-03-27T10:17:30.926+0000] {logging_mixin.py:190} INFO - [2025-03-27T10:17:30.926+0000] {dag.py:4180} INFO - Setting next_dagrun for example_params_ui_tutorial to None, run_after=None
[2025-03-27T10:17:30.935+0000] {processor.py:208} INFO - Processing /home/airflow/.local/lib/python3.12/site-packages/airflow/example_dags/example_params_ui_tutorial.py took 0.056 seconds
[2025-03-27T10:18:01.896+0000] {processor.py:186} INFO - Started process (PID=1603) to work on /home/airflow/.local/lib/python3.12/site-packages/airflow/example_dags/example_params_ui_tutorial.py
[2025-03-27T10:18:01.897+0000] {processor.py:914} INFO - Processing file /home/airflow/.local/lib/python3.12/site-packages/airflow/example_dags/example_params_ui_tutorial.py for tasks to queue
[2025-03-27T10:18:01.898+0000] {logging_mixin.py:190} INFO - [2025-03-27T10:18:01.898+0000] {dagbag.py:588} INFO - Filling up the DagBag from /home/airflow/.local/lib/python3.12/site-packages/airflow/example_dags/example_params_ui_tutorial.py
[2025-03-27T10:18:01.903+0000] {processor.py:925} INFO - DAG(s) 'example_params_ui_tutorial' retrieved from /home/airflow/.local/lib/python3.12/site-packages/airflow/example_dags/example_params_ui_tutorial.py
[2025-03-27T10:18:01.924+0000] {logging_mixin.py:190} INFO - [2025-03-27T10:18:01.924+0000] {dag.py:3239} INFO - Sync 1 DAGs
[2025-03-27T10:18:01.935+0000] {logging_mixin.py:190} INFO - [2025-03-27T10:18:01.934+0000] {dag.py:4180} INFO - Setting next_dagrun for example_params_ui_tutorial to None, run_after=None
[2025-03-27T10:18:01.944+0000] {processor.py:208} INFO - Processing /home/airflow/.local/lib/python3.12/site-packages/airflow/example_dags/example_params_ui_tutorial.py took 0.051 seconds
