[2025-03-27T10:05:35.774+0000] {processor.py:186} INFO - Started process (PID=69) to work on /home/airflow/.local/lib/python3.12/site-packages/airflow/example_dags/example_skip_dag.py
[2025-03-27T10:05:35.775+0000] {processor.py:914} INFO - Processing file /home/airflow/.local/lib/python3.12/site-packages/airflow/example_dags/example_skip_dag.py for tasks to queue
[2025-03-27T10:05:35.777+0000] {logging_mixin.py:190} INFO - [2025-03-27T10:05:35.777+0000] {dagbag.py:588} INFO - Filling up the DagBag from /home/airflow/.local/lib/python3.12/site-packages/airflow/example_dags/example_skip_dag.py
[2025-03-27T10:05:35.785+0000] {processor.py:925} INFO - DAG(s) 'example_skip_dag' retrieved from /home/airflow/.local/lib/python3.12/site-packages/airflow/example_dags/example_skip_dag.py
[2025-03-27T10:05:35.853+0000] {logging_mixin.py:190} INFO - [2025-03-27T10:05:35.852+0000] {override.py:1912} INFO - Created Permission View: can read on DAG:example_skip_dag
[2025-03-27T10:05:35.863+0000] {logging_mixin.py:190} INFO - [2025-03-27T10:05:35.862+0000] {override.py:1912} INFO - Created Permission View: can delete on DAG:example_skip_dag
[2025-03-27T10:05:35.874+0000] {logging_mixin.py:190} INFO - [2025-03-27T10:05:35.874+0000] {override.py:1912} INFO - Created Permission View: can edit on DAG:example_skip_dag
[2025-03-27T10:05:35.879+0000] {logging_mixin.py:190} INFO - [2025-03-27T10:05:35.878+0000] {override.py:1912} INFO - Created Permission View: can read on DAG Run:example_skip_dag
[2025-03-27T10:05:35.882+0000] {logging_mixin.py:190} INFO - [2025-03-27T10:05:35.882+0000] {override.py:1912} INFO - Created Permission View: can delete on DAG Run:example_skip_dag
[2025-03-27T10:05:35.886+0000] {logging_mixin.py:190} INFO - [2025-03-27T10:05:35.886+0000] {override.py:1912} INFO - Created Permission View: can create on DAG Run:example_skip_dag
[2025-03-27T10:05:35.890+0000] {logging_mixin.py:190} INFO - [2025-03-27T10:05:35.890+0000] {override.py:1912} INFO - Created Permission View: menu access on DAG Run:example_skip_dag
[2025-03-27T10:05:35.891+0000] {logging_mixin.py:190} INFO - [2025-03-27T10:05:35.891+0000] {dag.py:3239} INFO - Sync 1 DAGs
[2025-03-27T10:05:35.900+0000] {logging_mixin.py:190} INFO - [2025-03-27T10:05:35.900+0000] {dag.py:3262} INFO - Creating ORM DAG for example_skip_dag
[2025-03-27T10:05:35.910+0000] {logging_mixin.py:190} INFO - [2025-03-27T10:05:35.910+0000] {dag.py:4180} INFO - Setting next_dagrun for example_skip_dag to 2025-03-26 00:00:00+00:00, run_after=2025-03-27 00:00:00+00:00
[2025-03-27T10:05:35.933+0000] {processor.py:208} INFO - Processing /home/airflow/.local/lib/python3.12/site-packages/airflow/example_dags/example_skip_dag.py took 0.162 seconds
[2025-03-27T10:06:06.704+0000] {processor.py:186} INFO - Started process (PID=131) to work on /home/airflow/.local/lib/python3.12/site-packages/airflow/example_dags/example_skip_dag.py
[2025-03-27T10:06:06.705+0000] {processor.py:914} INFO - Processing file /home/airflow/.local/lib/python3.12/site-packages/airflow/example_dags/example_skip_dag.py for tasks to queue
[2025-03-27T10:06:06.717+0000] {logging_mixin.py:190} INFO - [2025-03-27T10:06:06.716+0000] {dagbag.py:588} INFO - Filling up the DagBag from /home/airflow/.local/lib/python3.12/site-packages/airflow/example_dags/example_skip_dag.py
[2025-03-27T10:06:06.731+0000] {processor.py:925} INFO - DAG(s) 'example_skip_dag' retrieved from /home/airflow/.local/lib/python3.12/site-packages/airflow/example_dags/example_skip_dag.py
[2025-03-27T10:06:06.745+0000] {logging_mixin.py:190} INFO - [2025-03-27T10:06:06.745+0000] {dag.py:3239} INFO - Sync 1 DAGs
[2025-03-27T10:06:06.761+0000] {logging_mixin.py:190} INFO - [2025-03-27T10:06:06.761+0000] {dag.py:4180} INFO - Setting next_dagrun for example_skip_dag to 2025-03-26 00:00:00+00:00, run_after=2025-03-27 00:00:00+00:00
[2025-03-27T10:06:06.774+0000] {processor.py:208} INFO - Processing /home/airflow/.local/lib/python3.12/site-packages/airflow/example_dags/example_skip_dag.py took 0.078 seconds
[2025-03-27T10:06:36.837+0000] {processor.py:186} INFO - Started process (PID=194) to work on /home/airflow/.local/lib/python3.12/site-packages/airflow/example_dags/example_skip_dag.py
[2025-03-27T10:06:36.839+0000] {processor.py:914} INFO - Processing file /home/airflow/.local/lib/python3.12/site-packages/airflow/example_dags/example_skip_dag.py for tasks to queue
[2025-03-27T10:06:36.841+0000] {logging_mixin.py:190} INFO - [2025-03-27T10:06:36.840+0000] {dagbag.py:588} INFO - Filling up the DagBag from /home/airflow/.local/lib/python3.12/site-packages/airflow/example_dags/example_skip_dag.py
[2025-03-27T10:06:36.848+0000] {processor.py:925} INFO - DAG(s) 'example_skip_dag' retrieved from /home/airflow/.local/lib/python3.12/site-packages/airflow/example_dags/example_skip_dag.py
[2025-03-27T10:06:36.864+0000] {logging_mixin.py:190} INFO - [2025-03-27T10:06:36.864+0000] {dag.py:3239} INFO - Sync 1 DAGs
[2025-03-27T10:06:36.881+0000] {logging_mixin.py:190} INFO - [2025-03-27T10:06:36.881+0000] {dag.py:4180} INFO - Setting next_dagrun for example_skip_dag to 2025-03-26 00:00:00+00:00, run_after=2025-03-27 00:00:00+00:00
[2025-03-27T10:06:36.891+0000] {processor.py:208} INFO - Processing /home/airflow/.local/lib/python3.12/site-packages/airflow/example_dags/example_skip_dag.py took 0.060 seconds
[2025-03-27T10:07:07.052+0000] {processor.py:186} INFO - Started process (PID=257) to work on /home/airflow/.local/lib/python3.12/site-packages/airflow/example_dags/example_skip_dag.py
[2025-03-27T10:07:07.056+0000] {processor.py:914} INFO - Processing file /home/airflow/.local/lib/python3.12/site-packages/airflow/example_dags/example_skip_dag.py for tasks to queue
[2025-03-27T10:07:07.059+0000] {logging_mixin.py:190} INFO - [2025-03-27T10:07:07.059+0000] {dagbag.py:588} INFO - Filling up the DagBag from /home/airflow/.local/lib/python3.12/site-packages/airflow/example_dags/example_skip_dag.py
[2025-03-27T10:07:07.067+0000] {processor.py:925} INFO - DAG(s) 'example_skip_dag' retrieved from /home/airflow/.local/lib/python3.12/site-packages/airflow/example_dags/example_skip_dag.py
[2025-03-27T10:07:07.082+0000] {logging_mixin.py:190} INFO - [2025-03-27T10:07:07.082+0000] {dag.py:3239} INFO - Sync 1 DAGs
[2025-03-27T10:07:07.096+0000] {logging_mixin.py:190} INFO - [2025-03-27T10:07:07.096+0000] {dag.py:4180} INFO - Setting next_dagrun for example_skip_dag to 2025-03-26 00:00:00+00:00, run_after=2025-03-27 00:00:00+00:00
[2025-03-27T10:07:07.106+0000] {processor.py:208} INFO - Processing /home/airflow/.local/lib/python3.12/site-packages/airflow/example_dags/example_skip_dag.py took 0.062 seconds
[2025-03-27T10:07:37.192+0000] {processor.py:186} INFO - Started process (PID=320) to work on /home/airflow/.local/lib/python3.12/site-packages/airflow/example_dags/example_skip_dag.py
[2025-03-27T10:07:37.193+0000] {processor.py:914} INFO - Processing file /home/airflow/.local/lib/python3.12/site-packages/airflow/example_dags/example_skip_dag.py for tasks to queue
[2025-03-27T10:07:37.195+0000] {logging_mixin.py:190} INFO - [2025-03-27T10:07:37.195+0000] {dagbag.py:588} INFO - Filling up the DagBag from /home/airflow/.local/lib/python3.12/site-packages/airflow/example_dags/example_skip_dag.py
[2025-03-27T10:07:37.202+0000] {processor.py:925} INFO - DAG(s) 'example_skip_dag' retrieved from /home/airflow/.local/lib/python3.12/site-packages/airflow/example_dags/example_skip_dag.py
[2025-03-27T10:07:37.219+0000] {logging_mixin.py:190} INFO - [2025-03-27T10:07:37.219+0000] {dag.py:3239} INFO - Sync 1 DAGs
[2025-03-27T10:07:37.235+0000] {logging_mixin.py:190} INFO - [2025-03-27T10:07:37.235+0000] {dag.py:4180} INFO - Setting next_dagrun for example_skip_dag to 2025-03-26 00:00:00+00:00, run_after=2025-03-27 00:00:00+00:00
[2025-03-27T10:07:37.244+0000] {processor.py:208} INFO - Processing /home/airflow/.local/lib/python3.12/site-packages/airflow/example_dags/example_skip_dag.py took 0.059 seconds
[2025-03-27T10:08:08.176+0000] {processor.py:186} INFO - Started process (PID=382) to work on /home/airflow/.local/lib/python3.12/site-packages/airflow/example_dags/example_skip_dag.py
[2025-03-27T10:08:08.177+0000] {processor.py:914} INFO - Processing file /home/airflow/.local/lib/python3.12/site-packages/airflow/example_dags/example_skip_dag.py for tasks to queue
[2025-03-27T10:08:08.179+0000] {logging_mixin.py:190} INFO - [2025-03-27T10:08:08.178+0000] {dagbag.py:588} INFO - Filling up the DagBag from /home/airflow/.local/lib/python3.12/site-packages/airflow/example_dags/example_skip_dag.py
[2025-03-27T10:08:08.186+0000] {processor.py:925} INFO - DAG(s) 'example_skip_dag' retrieved from /home/airflow/.local/lib/python3.12/site-packages/airflow/example_dags/example_skip_dag.py
[2025-03-27T10:08:08.201+0000] {logging_mixin.py:190} INFO - [2025-03-27T10:08:08.201+0000] {dag.py:3239} INFO - Sync 1 DAGs
[2025-03-27T10:08:08.214+0000] {logging_mixin.py:190} INFO - [2025-03-27T10:08:08.213+0000] {dag.py:4180} INFO - Setting next_dagrun for example_skip_dag to 2025-03-26 00:00:00+00:00, run_after=2025-03-27 00:00:00+00:00
[2025-03-27T10:08:08.223+0000] {processor.py:208} INFO - Processing /home/airflow/.local/lib/python3.12/site-packages/airflow/example_dags/example_skip_dag.py took 0.054 seconds
[2025-03-27T10:08:39.000+0000] {processor.py:186} INFO - Started process (PID=445) to work on /home/airflow/.local/lib/python3.12/site-packages/airflow/example_dags/example_skip_dag.py
[2025-03-27T10:08:39.004+0000] {processor.py:914} INFO - Processing file /home/airflow/.local/lib/python3.12/site-packages/airflow/example_dags/example_skip_dag.py for tasks to queue
[2025-03-27T10:08:39.006+0000] {logging_mixin.py:190} INFO - [2025-03-27T10:08:39.006+0000] {dagbag.py:588} INFO - Filling up the DagBag from /home/airflow/.local/lib/python3.12/site-packages/airflow/example_dags/example_skip_dag.py
[2025-03-27T10:08:39.013+0000] {processor.py:925} INFO - DAG(s) 'example_skip_dag' retrieved from /home/airflow/.local/lib/python3.12/site-packages/airflow/example_dags/example_skip_dag.py
[2025-03-27T10:08:39.027+0000] {logging_mixin.py:190} INFO - [2025-03-27T10:08:39.027+0000] {dag.py:3239} INFO - Sync 1 DAGs
[2025-03-27T10:08:39.042+0000] {logging_mixin.py:190} INFO - [2025-03-27T10:08:39.042+0000] {dag.py:4180} INFO - Setting next_dagrun for example_skip_dag to 2025-03-26 00:00:00+00:00, run_after=2025-03-27 00:00:00+00:00
[2025-03-27T10:08:39.051+0000] {processor.py:208} INFO - Processing /home/airflow/.local/lib/python3.12/site-packages/airflow/example_dags/example_skip_dag.py took 0.057 seconds
[2025-03-27T10:09:10.038+0000] {processor.py:186} INFO - Started process (PID=507) to work on /home/airflow/.local/lib/python3.12/site-packages/airflow/example_dags/example_skip_dag.py
[2025-03-27T10:09:10.042+0000] {processor.py:914} INFO - Processing file /home/airflow/.local/lib/python3.12/site-packages/airflow/example_dags/example_skip_dag.py for tasks to queue
[2025-03-27T10:09:10.044+0000] {logging_mixin.py:190} INFO - [2025-03-27T10:09:10.044+0000] {dagbag.py:588} INFO - Filling up the DagBag from /home/airflow/.local/lib/python3.12/site-packages/airflow/example_dags/example_skip_dag.py
[2025-03-27T10:09:10.051+0000] {processor.py:925} INFO - DAG(s) 'example_skip_dag' retrieved from /home/airflow/.local/lib/python3.12/site-packages/airflow/example_dags/example_skip_dag.py
[2025-03-27T10:09:10.066+0000] {logging_mixin.py:190} INFO - [2025-03-27T10:09:10.066+0000] {dag.py:3239} INFO - Sync 1 DAGs
[2025-03-27T10:09:10.082+0000] {logging_mixin.py:190} INFO - [2025-03-27T10:09:10.082+0000] {dag.py:4180} INFO - Setting next_dagrun for example_skip_dag to 2025-03-26 00:00:00+00:00, run_after=2025-03-27 00:00:00+00:00
[2025-03-27T10:09:10.091+0000] {processor.py:208} INFO - Processing /home/airflow/.local/lib/python3.12/site-packages/airflow/example_dags/example_skip_dag.py took 0.059 seconds
[2025-03-27T10:09:40.725+0000] {processor.py:186} INFO - Started process (PID=570) to work on /home/airflow/.local/lib/python3.12/site-packages/airflow/example_dags/example_skip_dag.py
[2025-03-27T10:09:40.729+0000] {processor.py:914} INFO - Processing file /home/airflow/.local/lib/python3.12/site-packages/airflow/example_dags/example_skip_dag.py for tasks to queue
[2025-03-27T10:09:40.731+0000] {logging_mixin.py:190} INFO - [2025-03-27T10:09:40.731+0000] {dagbag.py:588} INFO - Filling up the DagBag from /home/airflow/.local/lib/python3.12/site-packages/airflow/example_dags/example_skip_dag.py
[2025-03-27T10:09:40.738+0000] {processor.py:925} INFO - DAG(s) 'example_skip_dag' retrieved from /home/airflow/.local/lib/python3.12/site-packages/airflow/example_dags/example_skip_dag.py
[2025-03-27T10:09:40.751+0000] {logging_mixin.py:190} INFO - [2025-03-27T10:09:40.751+0000] {dag.py:3239} INFO - Sync 1 DAGs
[2025-03-27T10:09:40.762+0000] {logging_mixin.py:190} INFO - [2025-03-27T10:09:40.762+0000] {dag.py:4180} INFO - Setting next_dagrun for example_skip_dag to 2025-03-26 00:00:00+00:00, run_after=2025-03-27 00:00:00+00:00
[2025-03-27T10:09:40.771+0000] {processor.py:208} INFO - Processing /home/airflow/.local/lib/python3.12/site-packages/airflow/example_dags/example_skip_dag.py took 0.050 seconds
[2025-03-27T10:10:11.548+0000] {processor.py:186} INFO - Started process (PID=633) to work on /home/airflow/.local/lib/python3.12/site-packages/airflow/example_dags/example_skip_dag.py
[2025-03-27T10:10:11.549+0000] {processor.py:914} INFO - Processing file /home/airflow/.local/lib/python3.12/site-packages/airflow/example_dags/example_skip_dag.py for tasks to queue
[2025-03-27T10:10:11.550+0000] {logging_mixin.py:190} INFO - [2025-03-27T10:10:11.550+0000] {dagbag.py:588} INFO - Filling up the DagBag from /home/airflow/.local/lib/python3.12/site-packages/airflow/example_dags/example_skip_dag.py
[2025-03-27T10:10:11.559+0000] {processor.py:925} INFO - DAG(s) 'example_skip_dag' retrieved from /home/airflow/.local/lib/python3.12/site-packages/airflow/example_dags/example_skip_dag.py
[2025-03-27T10:10:11.573+0000] {logging_mixin.py:190} INFO - [2025-03-27T10:10:11.573+0000] {dag.py:3239} INFO - Sync 1 DAGs
[2025-03-27T10:10:11.586+0000] {logging_mixin.py:190} INFO - [2025-03-27T10:10:11.586+0000] {dag.py:4180} INFO - Setting next_dagrun for example_skip_dag to 2025-03-26 00:00:00+00:00, run_after=2025-03-27 00:00:00+00:00
[2025-03-27T10:10:11.598+0000] {processor.py:208} INFO - Processing /home/airflow/.local/lib/python3.12/site-packages/airflow/example_dags/example_skip_dag.py took 0.053 seconds
[2025-03-27T10:10:41.713+0000] {processor.py:186} INFO - Started process (PID=696) to work on /home/airflow/.local/lib/python3.12/site-packages/airflow/example_dags/example_skip_dag.py
[2025-03-27T10:10:41.716+0000] {processor.py:914} INFO - Processing file /home/airflow/.local/lib/python3.12/site-packages/airflow/example_dags/example_skip_dag.py for tasks to queue
[2025-03-27T10:10:41.718+0000] {logging_mixin.py:190} INFO - [2025-03-27T10:10:41.718+0000] {dagbag.py:588} INFO - Filling up the DagBag from /home/airflow/.local/lib/python3.12/site-packages/airflow/example_dags/example_skip_dag.py
[2025-03-27T10:10:41.725+0000] {processor.py:925} INFO - DAG(s) 'example_skip_dag' retrieved from /home/airflow/.local/lib/python3.12/site-packages/airflow/example_dags/example_skip_dag.py
[2025-03-27T10:10:41.741+0000] {logging_mixin.py:190} INFO - [2025-03-27T10:10:41.741+0000] {dag.py:3239} INFO - Sync 1 DAGs
[2025-03-27T10:10:41.757+0000] {logging_mixin.py:190} INFO - [2025-03-27T10:10:41.757+0000] {dag.py:4180} INFO - Setting next_dagrun for example_skip_dag to 2025-03-26 00:00:00+00:00, run_after=2025-03-27 00:00:00+00:00
[2025-03-27T10:10:41.767+0000] {processor.py:208} INFO - Processing /home/airflow/.local/lib/python3.12/site-packages/airflow/example_dags/example_skip_dag.py took 0.060 seconds
[2025-03-27T10:11:12.063+0000] {processor.py:186} INFO - Started process (PID=759) to work on /home/airflow/.local/lib/python3.12/site-packages/airflow/example_dags/example_skip_dag.py
[2025-03-27T10:11:12.064+0000] {processor.py:914} INFO - Processing file /home/airflow/.local/lib/python3.12/site-packages/airflow/example_dags/example_skip_dag.py for tasks to queue
[2025-03-27T10:11:12.066+0000] {logging_mixin.py:190} INFO - [2025-03-27T10:11:12.066+0000] {dagbag.py:588} INFO - Filling up the DagBag from /home/airflow/.local/lib/python3.12/site-packages/airflow/example_dags/example_skip_dag.py
[2025-03-27T10:11:12.074+0000] {processor.py:925} INFO - DAG(s) 'example_skip_dag' retrieved from /home/airflow/.local/lib/python3.12/site-packages/airflow/example_dags/example_skip_dag.py
[2025-03-27T10:11:12.093+0000] {logging_mixin.py:190} INFO - [2025-03-27T10:11:12.093+0000] {dag.py:3239} INFO - Sync 1 DAGs
[2025-03-27T10:11:12.108+0000] {logging_mixin.py:190} INFO - [2025-03-27T10:11:12.108+0000] {dag.py:4180} INFO - Setting next_dagrun for example_skip_dag to 2025-03-26 00:00:00+00:00, run_after=2025-03-27 00:00:00+00:00
[2025-03-27T10:11:12.120+0000] {processor.py:208} INFO - Processing /home/airflow/.local/lib/python3.12/site-packages/airflow/example_dags/example_skip_dag.py took 0.065 seconds
[2025-03-27T10:11:42.750+0000] {processor.py:186} INFO - Started process (PID=822) to work on /home/airflow/.local/lib/python3.12/site-packages/airflow/example_dags/example_skip_dag.py
[2025-03-27T10:11:42.752+0000] {processor.py:914} INFO - Processing file /home/airflow/.local/lib/python3.12/site-packages/airflow/example_dags/example_skip_dag.py for tasks to queue
[2025-03-27T10:11:42.754+0000] {logging_mixin.py:190} INFO - [2025-03-27T10:11:42.754+0000] {dagbag.py:588} INFO - Filling up the DagBag from /home/airflow/.local/lib/python3.12/site-packages/airflow/example_dags/example_skip_dag.py
[2025-03-27T10:11:42.761+0000] {processor.py:925} INFO - DAG(s) 'example_skip_dag' retrieved from /home/airflow/.local/lib/python3.12/site-packages/airflow/example_dags/example_skip_dag.py
[2025-03-27T10:11:42.776+0000] {logging_mixin.py:190} INFO - [2025-03-27T10:11:42.775+0000] {dag.py:3239} INFO - Sync 1 DAGs
[2025-03-27T10:11:42.789+0000] {logging_mixin.py:190} INFO - [2025-03-27T10:11:42.789+0000] {dag.py:4180} INFO - Setting next_dagrun for example_skip_dag to 2025-03-26 00:00:00+00:00, run_after=2025-03-27 00:00:00+00:00
[2025-03-27T10:11:42.798+0000] {processor.py:208} INFO - Processing /home/airflow/.local/lib/python3.12/site-packages/airflow/example_dags/example_skip_dag.py took 0.054 seconds
[2025-03-27T10:12:13.476+0000] {processor.py:186} INFO - Started process (PID=885) to work on /home/airflow/.local/lib/python3.12/site-packages/airflow/example_dags/example_skip_dag.py
[2025-03-27T10:12:13.477+0000] {processor.py:914} INFO - Processing file /home/airflow/.local/lib/python3.12/site-packages/airflow/example_dags/example_skip_dag.py for tasks to queue
[2025-03-27T10:12:13.479+0000] {logging_mixin.py:190} INFO - [2025-03-27T10:12:13.479+0000] {dagbag.py:588} INFO - Filling up the DagBag from /home/airflow/.local/lib/python3.12/site-packages/airflow/example_dags/example_skip_dag.py
[2025-03-27T10:12:13.485+0000] {processor.py:925} INFO - DAG(s) 'example_skip_dag' retrieved from /home/airflow/.local/lib/python3.12/site-packages/airflow/example_dags/example_skip_dag.py
[2025-03-27T10:12:13.501+0000] {logging_mixin.py:190} INFO - [2025-03-27T10:12:13.501+0000] {dag.py:3239} INFO - Sync 1 DAGs
[2025-03-27T10:12:13.514+0000] {logging_mixin.py:190} INFO - [2025-03-27T10:12:13.513+0000] {dag.py:4180} INFO - Setting next_dagrun for example_skip_dag to 2025-03-26 00:00:00+00:00, run_after=2025-03-27 00:00:00+00:00
[2025-03-27T10:12:13.523+0000] {processor.py:208} INFO - Processing /home/airflow/.local/lib/python3.12/site-packages/airflow/example_dags/example_skip_dag.py took 0.053 seconds
[2025-03-27T10:12:44.335+0000] {processor.py:186} INFO - Started process (PID=948) to work on /home/airflow/.local/lib/python3.12/site-packages/airflow/example_dags/example_skip_dag.py
[2025-03-27T10:12:44.336+0000] {processor.py:914} INFO - Processing file /home/airflow/.local/lib/python3.12/site-packages/airflow/example_dags/example_skip_dag.py for tasks to queue
[2025-03-27T10:12:44.338+0000] {logging_mixin.py:190} INFO - [2025-03-27T10:12:44.337+0000] {dagbag.py:588} INFO - Filling up the DagBag from /home/airflow/.local/lib/python3.12/site-packages/airflow/example_dags/example_skip_dag.py
[2025-03-27T10:12:44.348+0000] {processor.py:925} INFO - DAG(s) 'example_skip_dag' retrieved from /home/airflow/.local/lib/python3.12/site-packages/airflow/example_dags/example_skip_dag.py
[2025-03-27T10:12:44.369+0000] {logging_mixin.py:190} INFO - [2025-03-27T10:12:44.369+0000] {dag.py:3239} INFO - Sync 1 DAGs
[2025-03-27T10:12:44.385+0000] {logging_mixin.py:190} INFO - [2025-03-27T10:12:44.385+0000] {dag.py:4180} INFO - Setting next_dagrun for example_skip_dag to 2025-03-26 00:00:00+00:00, run_after=2025-03-27 00:00:00+00:00
[2025-03-27T10:12:44.395+0000] {processor.py:208} INFO - Processing /home/airflow/.local/lib/python3.12/site-packages/airflow/example_dags/example_skip_dag.py took 0.067 seconds
[2025-03-27T10:13:15.244+0000] {processor.py:186} INFO - Started process (PID=1011) to work on /home/airflow/.local/lib/python3.12/site-packages/airflow/example_dags/example_skip_dag.py
[2025-03-27T10:13:15.247+0000] {processor.py:914} INFO - Processing file /home/airflow/.local/lib/python3.12/site-packages/airflow/example_dags/example_skip_dag.py for tasks to queue
[2025-03-27T10:13:15.249+0000] {logging_mixin.py:190} INFO - [2025-03-27T10:13:15.248+0000] {dagbag.py:588} INFO - Filling up the DagBag from /home/airflow/.local/lib/python3.12/site-packages/airflow/example_dags/example_skip_dag.py
[2025-03-27T10:13:15.254+0000] {processor.py:925} INFO - DAG(s) 'example_skip_dag' retrieved from /home/airflow/.local/lib/python3.12/site-packages/airflow/example_dags/example_skip_dag.py
[2025-03-27T10:13:15.269+0000] {logging_mixin.py:190} INFO - [2025-03-27T10:13:15.268+0000] {dag.py:3239} INFO - Sync 1 DAGs
[2025-03-27T10:13:15.283+0000] {logging_mixin.py:190} INFO - [2025-03-27T10:13:15.283+0000] {dag.py:4180} INFO - Setting next_dagrun for example_skip_dag to 2025-03-26 00:00:00+00:00, run_after=2025-03-27 00:00:00+00:00
[2025-03-27T10:13:15.295+0000] {processor.py:208} INFO - Processing /home/airflow/.local/lib/python3.12/site-packages/airflow/example_dags/example_skip_dag.py took 0.055 seconds
[2025-03-27T10:13:45.356+0000] {processor.py:186} INFO - Started process (PID=1074) to work on /home/airflow/.local/lib/python3.12/site-packages/airflow/example_dags/example_skip_dag.py
[2025-03-27T10:13:45.357+0000] {processor.py:914} INFO - Processing file /home/airflow/.local/lib/python3.12/site-packages/airflow/example_dags/example_skip_dag.py for tasks to queue
[2025-03-27T10:13:45.358+0000] {logging_mixin.py:190} INFO - [2025-03-27T10:13:45.358+0000] {dagbag.py:588} INFO - Filling up the DagBag from /home/airflow/.local/lib/python3.12/site-packages/airflow/example_dags/example_skip_dag.py
[2025-03-27T10:13:45.365+0000] {processor.py:925} INFO - DAG(s) 'example_skip_dag' retrieved from /home/airflow/.local/lib/python3.12/site-packages/airflow/example_dags/example_skip_dag.py
[2025-03-27T10:13:45.378+0000] {logging_mixin.py:190} INFO - [2025-03-27T10:13:45.377+0000] {dag.py:3239} INFO - Sync 1 DAGs
[2025-03-27T10:13:45.394+0000] {logging_mixin.py:190} INFO - [2025-03-27T10:13:45.394+0000] {dag.py:4180} INFO - Setting next_dagrun for example_skip_dag to 2025-03-26 00:00:00+00:00, run_after=2025-03-27 00:00:00+00:00
[2025-03-27T10:13:45.405+0000] {processor.py:208} INFO - Processing /home/airflow/.local/lib/python3.12/site-packages/airflow/example_dags/example_skip_dag.py took 0.054 seconds
[2025-03-27T10:14:16.413+0000] {processor.py:186} INFO - Started process (PID=1137) to work on /home/airflow/.local/lib/python3.12/site-packages/airflow/example_dags/example_skip_dag.py
[2025-03-27T10:14:16.416+0000] {processor.py:914} INFO - Processing file /home/airflow/.local/lib/python3.12/site-packages/airflow/example_dags/example_skip_dag.py for tasks to queue
[2025-03-27T10:14:16.419+0000] {logging_mixin.py:190} INFO - [2025-03-27T10:14:16.419+0000] {dagbag.py:588} INFO - Filling up the DagBag from /home/airflow/.local/lib/python3.12/site-packages/airflow/example_dags/example_skip_dag.py
[2025-03-27T10:14:16.427+0000] {processor.py:925} INFO - DAG(s) 'example_skip_dag' retrieved from /home/airflow/.local/lib/python3.12/site-packages/airflow/example_dags/example_skip_dag.py
[2025-03-27T10:14:16.442+0000] {logging_mixin.py:190} INFO - [2025-03-27T10:14:16.442+0000] {dag.py:3239} INFO - Sync 1 DAGs
[2025-03-27T10:14:16.461+0000] {logging_mixin.py:190} INFO - [2025-03-27T10:14:16.461+0000] {dag.py:4180} INFO - Setting next_dagrun for example_skip_dag to 2025-03-26 00:00:00+00:00, run_after=2025-03-27 00:00:00+00:00
[2025-03-27T10:14:16.472+0000] {processor.py:208} INFO - Processing /home/airflow/.local/lib/python3.12/site-packages/airflow/example_dags/example_skip_dag.py took 0.066 seconds
[2025-03-27T10:14:47.284+0000] {processor.py:186} INFO - Started process (PID=1200) to work on /home/airflow/.local/lib/python3.12/site-packages/airflow/example_dags/example_skip_dag.py
[2025-03-27T10:14:47.288+0000] {processor.py:914} INFO - Processing file /home/airflow/.local/lib/python3.12/site-packages/airflow/example_dags/example_skip_dag.py for tasks to queue
[2025-03-27T10:14:47.290+0000] {logging_mixin.py:190} INFO - [2025-03-27T10:14:47.290+0000] {dagbag.py:588} INFO - Filling up the DagBag from /home/airflow/.local/lib/python3.12/site-packages/airflow/example_dags/example_skip_dag.py
[2025-03-27T10:14:47.300+0000] {processor.py:925} INFO - DAG(s) 'example_skip_dag' retrieved from /home/airflow/.local/lib/python3.12/site-packages/airflow/example_dags/example_skip_dag.py
[2025-03-27T10:14:47.315+0000] {logging_mixin.py:190} INFO - [2025-03-27T10:14:47.315+0000] {dag.py:3239} INFO - Sync 1 DAGs
[2025-03-27T10:14:47.335+0000] {logging_mixin.py:190} INFO - [2025-03-27T10:14:47.335+0000] {dag.py:4180} INFO - Setting next_dagrun for example_skip_dag to 2025-03-26 00:00:00+00:00, run_after=2025-03-27 00:00:00+00:00
[2025-03-27T10:14:47.348+0000] {processor.py:208} INFO - Processing /home/airflow/.local/lib/python3.12/site-packages/airflow/example_dags/example_skip_dag.py took 0.071 seconds
[2025-03-27T10:15:17.385+0000] {processor.py:186} INFO - Started process (PID=1262) to work on /home/airflow/.local/lib/python3.12/site-packages/airflow/example_dags/example_skip_dag.py
[2025-03-27T10:15:17.386+0000] {processor.py:914} INFO - Processing file /home/airflow/.local/lib/python3.12/site-packages/airflow/example_dags/example_skip_dag.py for tasks to queue
[2025-03-27T10:15:17.392+0000] {logging_mixin.py:190} INFO - [2025-03-27T10:15:17.391+0000] {dagbag.py:588} INFO - Filling up the DagBag from /home/airflow/.local/lib/python3.12/site-packages/airflow/example_dags/example_skip_dag.py
[2025-03-27T10:15:17.398+0000] {processor.py:925} INFO - DAG(s) 'example_skip_dag' retrieved from /home/airflow/.local/lib/python3.12/site-packages/airflow/example_dags/example_skip_dag.py
[2025-03-27T10:15:17.413+0000] {logging_mixin.py:190} INFO - [2025-03-27T10:15:17.413+0000] {dag.py:3239} INFO - Sync 1 DAGs
[2025-03-27T10:15:17.429+0000] {logging_mixin.py:190} INFO - [2025-03-27T10:15:17.429+0000] {dag.py:4180} INFO - Setting next_dagrun for example_skip_dag to 2025-03-26 00:00:00+00:00, run_after=2025-03-27 00:00:00+00:00
[2025-03-27T10:15:17.440+0000] {processor.py:208} INFO - Processing /home/airflow/.local/lib/python3.12/site-packages/airflow/example_dags/example_skip_dag.py took 0.061 seconds
[2025-03-27T10:15:48.192+0000] {processor.py:186} INFO - Started process (PID=1325) to work on /home/airflow/.local/lib/python3.12/site-packages/airflow/example_dags/example_skip_dag.py
[2025-03-27T10:15:48.194+0000] {processor.py:914} INFO - Processing file /home/airflow/.local/lib/python3.12/site-packages/airflow/example_dags/example_skip_dag.py for tasks to queue
[2025-03-27T10:15:48.197+0000] {logging_mixin.py:190} INFO - [2025-03-27T10:15:48.197+0000] {dagbag.py:588} INFO - Filling up the DagBag from /home/airflow/.local/lib/python3.12/site-packages/airflow/example_dags/example_skip_dag.py
[2025-03-27T10:15:48.206+0000] {processor.py:925} INFO - DAG(s) 'example_skip_dag' retrieved from /home/airflow/.local/lib/python3.12/site-packages/airflow/example_dags/example_skip_dag.py
[2025-03-27T10:15:48.226+0000] {logging_mixin.py:190} INFO - [2025-03-27T10:15:48.226+0000] {dag.py:3239} INFO - Sync 1 DAGs
[2025-03-27T10:15:48.242+0000] {logging_mixin.py:190} INFO - [2025-03-27T10:15:48.241+0000] {dag.py:4180} INFO - Setting next_dagrun for example_skip_dag to 2025-03-26 00:00:00+00:00, run_after=2025-03-27 00:00:00+00:00
[2025-03-27T10:15:48.252+0000] {processor.py:208} INFO - Processing /home/airflow/.local/lib/python3.12/site-packages/airflow/example_dags/example_skip_dag.py took 0.066 seconds
[2025-03-27T10:16:19.145+0000] {processor.py:186} INFO - Started process (PID=1388) to work on /home/airflow/.local/lib/python3.12/site-packages/airflow/example_dags/example_skip_dag.py
[2025-03-27T10:16:19.147+0000] {processor.py:914} INFO - Processing file /home/airflow/.local/lib/python3.12/site-packages/airflow/example_dags/example_skip_dag.py for tasks to queue
[2025-03-27T10:16:19.153+0000] {logging_mixin.py:190} INFO - [2025-03-27T10:16:19.153+0000] {dagbag.py:588} INFO - Filling up the DagBag from /home/airflow/.local/lib/python3.12/site-packages/airflow/example_dags/example_skip_dag.py
[2025-03-27T10:16:19.161+0000] {processor.py:925} INFO - DAG(s) 'example_skip_dag' retrieved from /home/airflow/.local/lib/python3.12/site-packages/airflow/example_dags/example_skip_dag.py
[2025-03-27T10:16:19.176+0000] {logging_mixin.py:190} INFO - [2025-03-27T10:16:19.176+0000] {dag.py:3239} INFO - Sync 1 DAGs
[2025-03-27T10:16:19.194+0000] {logging_mixin.py:190} INFO - [2025-03-27T10:16:19.193+0000] {dag.py:4180} INFO - Setting next_dagrun for example_skip_dag to 2025-03-26 00:00:00+00:00, run_after=2025-03-27 00:00:00+00:00
[2025-03-27T10:16:19.205+0000] {processor.py:208} INFO - Processing /home/airflow/.local/lib/python3.12/site-packages/airflow/example_dags/example_skip_dag.py took 0.066 seconds
[2025-03-27T10:16:49.359+0000] {processor.py:186} INFO - Started process (PID=1451) to work on /home/airflow/.local/lib/python3.12/site-packages/airflow/example_dags/example_skip_dag.py
[2025-03-27T10:16:49.360+0000] {processor.py:914} INFO - Processing file /home/airflow/.local/lib/python3.12/site-packages/airflow/example_dags/example_skip_dag.py for tasks to queue
[2025-03-27T10:16:49.362+0000] {logging_mixin.py:190} INFO - [2025-03-27T10:16:49.362+0000] {dagbag.py:588} INFO - Filling up the DagBag from /home/airflow/.local/lib/python3.12/site-packages/airflow/example_dags/example_skip_dag.py
[2025-03-27T10:16:49.370+0000] {processor.py:925} INFO - DAG(s) 'example_skip_dag' retrieved from /home/airflow/.local/lib/python3.12/site-packages/airflow/example_dags/example_skip_dag.py
[2025-03-27T10:16:49.387+0000] {logging_mixin.py:190} INFO - [2025-03-27T10:16:49.386+0000] {dag.py:3239} INFO - Sync 1 DAGs
[2025-03-27T10:16:49.400+0000] {logging_mixin.py:190} INFO - [2025-03-27T10:16:49.400+0000] {dag.py:4180} INFO - Setting next_dagrun for example_skip_dag to 2025-03-26 00:00:00+00:00, run_after=2025-03-27 00:00:00+00:00
[2025-03-27T10:16:49.409+0000] {processor.py:208} INFO - Processing /home/airflow/.local/lib/python3.12/site-packages/airflow/example_dags/example_skip_dag.py took 0.057 seconds
[2025-03-27T10:17:20.165+0000] {processor.py:186} INFO - Started process (PID=1514) to work on /home/airflow/.local/lib/python3.12/site-packages/airflow/example_dags/example_skip_dag.py
[2025-03-27T10:17:20.169+0000] {processor.py:914} INFO - Processing file /home/airflow/.local/lib/python3.12/site-packages/airflow/example_dags/example_skip_dag.py for tasks to queue
[2025-03-27T10:17:20.172+0000] {logging_mixin.py:190} INFO - [2025-03-27T10:17:20.172+0000] {dagbag.py:588} INFO - Filling up the DagBag from /home/airflow/.local/lib/python3.12/site-packages/airflow/example_dags/example_skip_dag.py
[2025-03-27T10:17:20.180+0000] {processor.py:925} INFO - DAG(s) 'example_skip_dag' retrieved from /home/airflow/.local/lib/python3.12/site-packages/airflow/example_dags/example_skip_dag.py
[2025-03-27T10:17:20.197+0000] {logging_mixin.py:190} INFO - [2025-03-27T10:17:20.197+0000] {dag.py:3239} INFO - Sync 1 DAGs
[2025-03-27T10:17:20.213+0000] {logging_mixin.py:190} INFO - [2025-03-27T10:17:20.213+0000] {dag.py:4180} INFO - Setting next_dagrun for example_skip_dag to 2025-03-26 00:00:00+00:00, run_after=2025-03-27 00:00:00+00:00
[2025-03-27T10:17:20.223+0000] {processor.py:208} INFO - Processing /home/airflow/.local/lib/python3.12/site-packages/airflow/example_dags/example_skip_dag.py took 0.065 seconds
[2025-03-27T10:17:51.036+0000] {processor.py:186} INFO - Started process (PID=1577) to work on /home/airflow/.local/lib/python3.12/site-packages/airflow/example_dags/example_skip_dag.py
[2025-03-27T10:17:51.037+0000] {processor.py:914} INFO - Processing file /home/airflow/.local/lib/python3.12/site-packages/airflow/example_dags/example_skip_dag.py for tasks to queue
[2025-03-27T10:17:51.039+0000] {logging_mixin.py:190} INFO - [2025-03-27T10:17:51.039+0000] {dagbag.py:588} INFO - Filling up the DagBag from /home/airflow/.local/lib/python3.12/site-packages/airflow/example_dags/example_skip_dag.py
[2025-03-27T10:17:51.044+0000] {processor.py:925} INFO - DAG(s) 'example_skip_dag' retrieved from /home/airflow/.local/lib/python3.12/site-packages/airflow/example_dags/example_skip_dag.py
[2025-03-27T10:17:51.058+0000] {logging_mixin.py:190} INFO - [2025-03-27T10:17:51.058+0000] {dag.py:3239} INFO - Sync 1 DAGs
[2025-03-27T10:17:51.070+0000] {logging_mixin.py:190} INFO - [2025-03-27T10:17:51.070+0000] {dag.py:4180} INFO - Setting next_dagrun for example_skip_dag to 2025-03-26 00:00:00+00:00, run_after=2025-03-27 00:00:00+00:00
[2025-03-27T10:17:51.078+0000] {processor.py:208} INFO - Processing /home/airflow/.local/lib/python3.12/site-packages/airflow/example_dags/example_skip_dag.py took 0.047 seconds
