[2025-03-27T10:05:33.874+0000] {processor.py:186} INFO - Started process (PID=50) to work on /home/airflow/.local/lib/python3.12/site-packages/airflow/example_dags/example_external_task_marker_dag.py
[2025-03-27T10:05:33.876+0000] {processor.py:914} INFO - Processing file /home/airflow/.local/lib/python3.12/site-packages/airflow/example_dags/example_external_task_marker_dag.py for tasks to queue
[2025-03-27T10:05:33.878+0000] {logging_mixin.py:190} INFO - [2025-03-27T10:05:33.878+0000] {dagbag.py:588} INFO - Filling up the DagBag from /home/airflow/.local/lib/python3.12/site-packages/airflow/example_dags/example_external_task_marker_dag.py
[2025-03-27T10:05:33.903+0000] {processor.py:925} INFO - DAG(s) 'example_external_task_marker_parent', 'example_external_task_marker_child' retrieved from /home/airflow/.local/lib/python3.12/site-packages/airflow/example_dags/example_external_task_marker_dag.py
[2025-03-27T10:05:34.110+0000] {logging_mixin.py:190} INFO - [2025-03-27T10:05:34.107+0000] {override.py:1912} INFO - Created Permission View: can read on DAG:example_external_task_marker_parent
[2025-03-27T10:05:34.149+0000] {logging_mixin.py:190} INFO - [2025-03-27T10:05:34.148+0000] {override.py:1912} INFO - Created Permission View: can delete on DAG:example_external_task_marker_parent
[2025-03-27T10:05:34.171+0000] {logging_mixin.py:190} INFO - [2025-03-27T10:05:34.170+0000] {override.py:1912} INFO - Created Permission View: can edit on DAG:example_external_task_marker_parent
[2025-03-27T10:05:34.182+0000] {logging_mixin.py:190} INFO - [2025-03-27T10:05:34.182+0000] {override.py:1912} INFO - Created Permission View: can read on DAG Run:example_external_task_marker_parent
[2025-03-27T10:05:34.192+0000] {logging_mixin.py:190} INFO - [2025-03-27T10:05:34.191+0000] {override.py:1912} INFO - Created Permission View: can delete on DAG Run:example_external_task_marker_parent
[2025-03-27T10:05:34.200+0000] {logging_mixin.py:190} INFO - [2025-03-27T10:05:34.200+0000] {override.py:1912} INFO - Created Permission View: can create on DAG Run:example_external_task_marker_parent
[2025-03-27T10:05:34.207+0000] {logging_mixin.py:190} INFO - [2025-03-27T10:05:34.206+0000] {override.py:1912} INFO - Created Permission View: menu access on DAG Run:example_external_task_marker_parent
[2025-03-27T10:05:34.215+0000] {logging_mixin.py:190} INFO - [2025-03-27T10:05:34.215+0000] {override.py:1912} INFO - Created Permission View: can read on DAG:example_external_task_marker_child
[2025-03-27T10:05:34.221+0000] {logging_mixin.py:190} INFO - [2025-03-27T10:05:34.221+0000] {override.py:1912} INFO - Created Permission View: can delete on DAG:example_external_task_marker_child
[2025-03-27T10:05:34.226+0000] {logging_mixin.py:190} INFO - [2025-03-27T10:05:34.226+0000] {override.py:1912} INFO - Created Permission View: can edit on DAG:example_external_task_marker_child
[2025-03-27T10:05:34.238+0000] {logging_mixin.py:190} INFO - [2025-03-27T10:05:34.237+0000] {override.py:1912} INFO - Created Permission View: can read on DAG Run:example_external_task_marker_child
[2025-03-27T10:05:34.243+0000] {logging_mixin.py:190} INFO - [2025-03-27T10:05:34.243+0000] {override.py:1912} INFO - Created Permission View: can delete on DAG Run:example_external_task_marker_child
[2025-03-27T10:05:34.249+0000] {logging_mixin.py:190} INFO - [2025-03-27T10:05:34.248+0000] {override.py:1912} INFO - Created Permission View: can create on DAG Run:example_external_task_marker_child
[2025-03-27T10:05:34.270+0000] {logging_mixin.py:190} INFO - [2025-03-27T10:05:34.269+0000] {override.py:1912} INFO - Created Permission View: menu access on DAG Run:example_external_task_marker_child
[2025-03-27T10:05:34.272+0000] {logging_mixin.py:190} INFO - [2025-03-27T10:05:34.272+0000] {dag.py:3239} INFO - Sync 2 DAGs
[2025-03-27T10:05:34.297+0000] {logging_mixin.py:190} INFO - [2025-03-27T10:05:34.297+0000] {dag.py:3262} INFO - Creating ORM DAG for example_external_task_marker_parent
[2025-03-27T10:05:34.303+0000] {logging_mixin.py:190} INFO - [2025-03-27T10:05:34.303+0000] {dag.py:3262} INFO - Creating ORM DAG for example_external_task_marker_child
[2025-03-27T10:05:34.304+0000] {logging_mixin.py:190} INFO - [2025-03-27T10:05:34.304+0000] {dag.py:4180} INFO - Setting next_dagrun for example_external_task_marker_child to None, run_after=None
[2025-03-27T10:05:34.309+0000] {logging_mixin.py:190} INFO - [2025-03-27T10:05:34.309+0000] {dag.py:4180} INFO - Setting next_dagrun for example_external_task_marker_parent to None, run_after=None
[2025-03-27T10:05:34.354+0000] {processor.py:208} INFO - Processing /home/airflow/.local/lib/python3.12/site-packages/airflow/example_dags/example_external_task_marker_dag.py took 0.497 seconds
[2025-03-27T10:06:05.292+0000] {processor.py:186} INFO - Started process (PID=119) to work on /home/airflow/.local/lib/python3.12/site-packages/airflow/example_dags/example_external_task_marker_dag.py
[2025-03-27T10:06:05.293+0000] {processor.py:914} INFO - Processing file /home/airflow/.local/lib/python3.12/site-packages/airflow/example_dags/example_external_task_marker_dag.py for tasks to queue
[2025-03-27T10:06:05.295+0000] {logging_mixin.py:190} INFO - [2025-03-27T10:06:05.295+0000] {dagbag.py:588} INFO - Filling up the DagBag from /home/airflow/.local/lib/python3.12/site-packages/airflow/example_dags/example_external_task_marker_dag.py
[2025-03-27T10:06:05.306+0000] {processor.py:925} INFO - DAG(s) 'example_external_task_marker_parent', 'example_external_task_marker_child' retrieved from /home/airflow/.local/lib/python3.12/site-packages/airflow/example_dags/example_external_task_marker_dag.py
[2025-03-27T10:06:05.323+0000] {logging_mixin.py:190} INFO - [2025-03-27T10:06:05.323+0000] {dag.py:3239} INFO - Sync 2 DAGs
[2025-03-27T10:06:05.333+0000] {logging_mixin.py:190} INFO - [2025-03-27T10:06:05.332+0000] {dag.py:4180} INFO - Setting next_dagrun for example_external_task_marker_child to None, run_after=None
[2025-03-27T10:06:05.335+0000] {logging_mixin.py:190} INFO - [2025-03-27T10:06:05.335+0000] {dag.py:4180} INFO - Setting next_dagrun for example_external_task_marker_parent to None, run_after=None
[2025-03-27T10:06:05.344+0000] {processor.py:208} INFO - Processing /home/airflow/.local/lib/python3.12/site-packages/airflow/example_dags/example_external_task_marker_dag.py took 0.058 seconds
[2025-03-27T10:06:35.489+0000] {processor.py:186} INFO - Started process (PID=182) to work on /home/airflow/.local/lib/python3.12/site-packages/airflow/example_dags/example_external_task_marker_dag.py
[2025-03-27T10:06:35.490+0000] {processor.py:914} INFO - Processing file /home/airflow/.local/lib/python3.12/site-packages/airflow/example_dags/example_external_task_marker_dag.py for tasks to queue
[2025-03-27T10:06:35.492+0000] {logging_mixin.py:190} INFO - [2025-03-27T10:06:35.492+0000] {dagbag.py:588} INFO - Filling up the DagBag from /home/airflow/.local/lib/python3.12/site-packages/airflow/example_dags/example_external_task_marker_dag.py
[2025-03-27T10:06:35.502+0000] {processor.py:925} INFO - DAG(s) 'example_external_task_marker_parent', 'example_external_task_marker_child' retrieved from /home/airflow/.local/lib/python3.12/site-packages/airflow/example_dags/example_external_task_marker_dag.py
[2025-03-27T10:06:35.524+0000] {logging_mixin.py:190} INFO - [2025-03-27T10:06:35.524+0000] {dag.py:3239} INFO - Sync 2 DAGs
[2025-03-27T10:06:35.533+0000] {logging_mixin.py:190} INFO - [2025-03-27T10:06:35.533+0000] {dag.py:4180} INFO - Setting next_dagrun for example_external_task_marker_child to None, run_after=None
[2025-03-27T10:06:35.536+0000] {logging_mixin.py:190} INFO - [2025-03-27T10:06:35.536+0000] {dag.py:4180} INFO - Setting next_dagrun for example_external_task_marker_parent to None, run_after=None
[2025-03-27T10:06:35.544+0000] {processor.py:208} INFO - Processing /home/airflow/.local/lib/python3.12/site-packages/airflow/example_dags/example_external_task_marker_dag.py took 0.062 seconds
[2025-03-27T10:07:05.675+0000] {processor.py:186} INFO - Started process (PID=245) to work on /home/airflow/.local/lib/python3.12/site-packages/airflow/example_dags/example_external_task_marker_dag.py
[2025-03-27T10:07:05.677+0000] {processor.py:914} INFO - Processing file /home/airflow/.local/lib/python3.12/site-packages/airflow/example_dags/example_external_task_marker_dag.py for tasks to queue
[2025-03-27T10:07:05.679+0000] {logging_mixin.py:190} INFO - [2025-03-27T10:07:05.679+0000] {dagbag.py:588} INFO - Filling up the DagBag from /home/airflow/.local/lib/python3.12/site-packages/airflow/example_dags/example_external_task_marker_dag.py
[2025-03-27T10:07:05.692+0000] {processor.py:925} INFO - DAG(s) 'example_external_task_marker_child', 'example_external_task_marker_parent' retrieved from /home/airflow/.local/lib/python3.12/site-packages/airflow/example_dags/example_external_task_marker_dag.py
[2025-03-27T10:07:05.710+0000] {logging_mixin.py:190} INFO - [2025-03-27T10:07:05.709+0000] {dag.py:3239} INFO - Sync 2 DAGs
[2025-03-27T10:07:05.719+0000] {logging_mixin.py:190} INFO - [2025-03-27T10:07:05.719+0000] {dag.py:4180} INFO - Setting next_dagrun for example_external_task_marker_child to None, run_after=None
[2025-03-27T10:07:05.721+0000] {logging_mixin.py:190} INFO - [2025-03-27T10:07:05.721+0000] {dag.py:4180} INFO - Setting next_dagrun for example_external_task_marker_parent to None, run_after=None
[2025-03-27T10:07:05.730+0000] {processor.py:208} INFO - Processing /home/airflow/.local/lib/python3.12/site-packages/airflow/example_dags/example_external_task_marker_dag.py took 0.062 seconds
[2025-03-27T10:07:35.743+0000] {processor.py:186} INFO - Started process (PID=308) to work on /home/airflow/.local/lib/python3.12/site-packages/airflow/example_dags/example_external_task_marker_dag.py
[2025-03-27T10:07:35.744+0000] {processor.py:914} INFO - Processing file /home/airflow/.local/lib/python3.12/site-packages/airflow/example_dags/example_external_task_marker_dag.py for tasks to queue
[2025-03-27T10:07:35.745+0000] {logging_mixin.py:190} INFO - [2025-03-27T10:07:35.744+0000] {dagbag.py:588} INFO - Filling up the DagBag from /home/airflow/.local/lib/python3.12/site-packages/airflow/example_dags/example_external_task_marker_dag.py
[2025-03-27T10:07:35.749+0000] {processor.py:925} INFO - DAG(s) 'example_external_task_marker_parent', 'example_external_task_marker_child' retrieved from /home/airflow/.local/lib/python3.12/site-packages/airflow/example_dags/example_external_task_marker_dag.py
[2025-03-27T10:07:35.760+0000] {logging_mixin.py:190} INFO - [2025-03-27T10:07:35.760+0000] {dag.py:3239} INFO - Sync 2 DAGs
[2025-03-27T10:07:35.766+0000] {logging_mixin.py:190} INFO - [2025-03-27T10:07:35.766+0000] {dag.py:4180} INFO - Setting next_dagrun for example_external_task_marker_child to None, run_after=None
[2025-03-27T10:07:35.768+0000] {logging_mixin.py:190} INFO - [2025-03-27T10:07:35.768+0000] {dag.py:4180} INFO - Setting next_dagrun for example_external_task_marker_parent to None, run_after=None
[2025-03-27T10:07:35.774+0000] {processor.py:208} INFO - Processing /home/airflow/.local/lib/python3.12/site-packages/airflow/example_dags/example_external_task_marker_dag.py took 0.035 seconds
[2025-03-27T10:08:05.804+0000] {processor.py:186} INFO - Started process (PID=370) to work on /home/airflow/.local/lib/python3.12/site-packages/airflow/example_dags/example_external_task_marker_dag.py
[2025-03-27T10:08:05.805+0000] {processor.py:914} INFO - Processing file /home/airflow/.local/lib/python3.12/site-packages/airflow/example_dags/example_external_task_marker_dag.py for tasks to queue
[2025-03-27T10:08:05.807+0000] {logging_mixin.py:190} INFO - [2025-03-27T10:08:05.806+0000] {dagbag.py:588} INFO - Filling up the DagBag from /home/airflow/.local/lib/python3.12/site-packages/airflow/example_dags/example_external_task_marker_dag.py
[2025-03-27T10:08:05.814+0000] {processor.py:925} INFO - DAG(s) 'example_external_task_marker_child', 'example_external_task_marker_parent' retrieved from /home/airflow/.local/lib/python3.12/site-packages/airflow/example_dags/example_external_task_marker_dag.py
[2025-03-27T10:08:05.827+0000] {logging_mixin.py:190} INFO - [2025-03-27T10:08:05.827+0000] {dag.py:3239} INFO - Sync 2 DAGs
[2025-03-27T10:08:05.835+0000] {logging_mixin.py:190} INFO - [2025-03-27T10:08:05.835+0000] {dag.py:4180} INFO - Setting next_dagrun for example_external_task_marker_child to None, run_after=None
[2025-03-27T10:08:05.837+0000] {logging_mixin.py:190} INFO - [2025-03-27T10:08:05.837+0000] {dag.py:4180} INFO - Setting next_dagrun for example_external_task_marker_parent to None, run_after=None
[2025-03-27T10:08:05.843+0000] {processor.py:208} INFO - Processing /home/airflow/.local/lib/python3.12/site-packages/airflow/example_dags/example_external_task_marker_dag.py took 0.043 seconds
[2025-03-27T10:08:36.613+0000] {processor.py:186} INFO - Started process (PID=433) to work on /home/airflow/.local/lib/python3.12/site-packages/airflow/example_dags/example_external_task_marker_dag.py
[2025-03-27T10:08:36.615+0000] {processor.py:914} INFO - Processing file /home/airflow/.local/lib/python3.12/site-packages/airflow/example_dags/example_external_task_marker_dag.py for tasks to queue
[2025-03-27T10:08:36.616+0000] {logging_mixin.py:190} INFO - [2025-03-27T10:08:36.616+0000] {dagbag.py:588} INFO - Filling up the DagBag from /home/airflow/.local/lib/python3.12/site-packages/airflow/example_dags/example_external_task_marker_dag.py
[2025-03-27T10:08:36.621+0000] {processor.py:925} INFO - DAG(s) 'example_external_task_marker_child', 'example_external_task_marker_parent' retrieved from /home/airflow/.local/lib/python3.12/site-packages/airflow/example_dags/example_external_task_marker_dag.py
[2025-03-27T10:08:36.632+0000] {logging_mixin.py:190} INFO - [2025-03-27T10:08:36.632+0000] {dag.py:3239} INFO - Sync 2 DAGs
[2025-03-27T10:08:36.642+0000] {logging_mixin.py:190} INFO - [2025-03-27T10:08:36.641+0000] {dag.py:4180} INFO - Setting next_dagrun for example_external_task_marker_child to None, run_after=None
[2025-03-27T10:08:36.644+0000] {logging_mixin.py:190} INFO - [2025-03-27T10:08:36.644+0000] {dag.py:4180} INFO - Setting next_dagrun for example_external_task_marker_parent to None, run_after=None
[2025-03-27T10:08:36.652+0000] {processor.py:208} INFO - Processing /home/airflow/.local/lib/python3.12/site-packages/airflow/example_dags/example_external_task_marker_dag.py took 0.042 seconds
[2025-03-27T10:09:07.652+0000] {processor.py:186} INFO - Started process (PID=495) to work on /home/airflow/.local/lib/python3.12/site-packages/airflow/example_dags/example_external_task_marker_dag.py
[2025-03-27T10:09:07.653+0000] {processor.py:914} INFO - Processing file /home/airflow/.local/lib/python3.12/site-packages/airflow/example_dags/example_external_task_marker_dag.py for tasks to queue
[2025-03-27T10:09:07.655+0000] {logging_mixin.py:190} INFO - [2025-03-27T10:09:07.655+0000] {dagbag.py:588} INFO - Filling up the DagBag from /home/airflow/.local/lib/python3.12/site-packages/airflow/example_dags/example_external_task_marker_dag.py
[2025-03-27T10:09:07.660+0000] {processor.py:925} INFO - DAG(s) 'example_external_task_marker_parent', 'example_external_task_marker_child' retrieved from /home/airflow/.local/lib/python3.12/site-packages/airflow/example_dags/example_external_task_marker_dag.py
[2025-03-27T10:09:07.674+0000] {logging_mixin.py:190} INFO - [2025-03-27T10:09:07.673+0000] {dag.py:3239} INFO - Sync 2 DAGs
[2025-03-27T10:09:07.682+0000] {logging_mixin.py:190} INFO - [2025-03-27T10:09:07.682+0000] {dag.py:4180} INFO - Setting next_dagrun for example_external_task_marker_child to None, run_after=None
[2025-03-27T10:09:07.687+0000] {logging_mixin.py:190} INFO - [2025-03-27T10:09:07.687+0000] {dag.py:4180} INFO - Setting next_dagrun for example_external_task_marker_parent to None, run_after=None
[2025-03-27T10:09:07.697+0000] {processor.py:208} INFO - Processing /home/airflow/.local/lib/python3.12/site-packages/airflow/example_dags/example_external_task_marker_dag.py took 0.048 seconds
[2025-03-27T10:09:38.367+0000] {processor.py:186} INFO - Started process (PID=558) to work on /home/airflow/.local/lib/python3.12/site-packages/airflow/example_dags/example_external_task_marker_dag.py
[2025-03-27T10:09:38.368+0000] {processor.py:914} INFO - Processing file /home/airflow/.local/lib/python3.12/site-packages/airflow/example_dags/example_external_task_marker_dag.py for tasks to queue
[2025-03-27T10:09:38.370+0000] {logging_mixin.py:190} INFO - [2025-03-27T10:09:38.370+0000] {dagbag.py:588} INFO - Filling up the DagBag from /home/airflow/.local/lib/python3.12/site-packages/airflow/example_dags/example_external_task_marker_dag.py
[2025-03-27T10:09:38.377+0000] {processor.py:925} INFO - DAG(s) 'example_external_task_marker_parent', 'example_external_task_marker_child' retrieved from /home/airflow/.local/lib/python3.12/site-packages/airflow/example_dags/example_external_task_marker_dag.py
[2025-03-27T10:09:38.391+0000] {logging_mixin.py:190} INFO - [2025-03-27T10:09:38.391+0000] {dag.py:3239} INFO - Sync 2 DAGs
[2025-03-27T10:09:38.399+0000] {logging_mixin.py:190} INFO - [2025-03-27T10:09:38.399+0000] {dag.py:4180} INFO - Setting next_dagrun for example_external_task_marker_child to None, run_after=None
[2025-03-27T10:09:38.402+0000] {logging_mixin.py:190} INFO - [2025-03-27T10:09:38.402+0000] {dag.py:4180} INFO - Setting next_dagrun for example_external_task_marker_parent to None, run_after=None
[2025-03-27T10:09:38.410+0000] {processor.py:208} INFO - Processing /home/airflow/.local/lib/python3.12/site-packages/airflow/example_dags/example_external_task_marker_dag.py took 0.046 seconds
[2025-03-27T10:10:09.172+0000] {processor.py:186} INFO - Started process (PID=621) to work on /home/airflow/.local/lib/python3.12/site-packages/airflow/example_dags/example_external_task_marker_dag.py
[2025-03-27T10:10:09.173+0000] {processor.py:914} INFO - Processing file /home/airflow/.local/lib/python3.12/site-packages/airflow/example_dags/example_external_task_marker_dag.py for tasks to queue
[2025-03-27T10:10:09.174+0000] {logging_mixin.py:190} INFO - [2025-03-27T10:10:09.174+0000] {dagbag.py:588} INFO - Filling up the DagBag from /home/airflow/.local/lib/python3.12/site-packages/airflow/example_dags/example_external_task_marker_dag.py
[2025-03-27T10:10:09.179+0000] {processor.py:925} INFO - DAG(s) 'example_external_task_marker_parent', 'example_external_task_marker_child' retrieved from /home/airflow/.local/lib/python3.12/site-packages/airflow/example_dags/example_external_task_marker_dag.py
[2025-03-27T10:10:09.192+0000] {logging_mixin.py:190} INFO - [2025-03-27T10:10:09.192+0000] {dag.py:3239} INFO - Sync 2 DAGs
[2025-03-27T10:10:09.200+0000] {logging_mixin.py:190} INFO - [2025-03-27T10:10:09.200+0000] {dag.py:4180} INFO - Setting next_dagrun for example_external_task_marker_child to None, run_after=None
[2025-03-27T10:10:09.203+0000] {logging_mixin.py:190} INFO - [2025-03-27T10:10:09.202+0000] {dag.py:4180} INFO - Setting next_dagrun for example_external_task_marker_parent to None, run_after=None
[2025-03-27T10:10:09.215+0000] {processor.py:208} INFO - Processing /home/airflow/.local/lib/python3.12/site-packages/airflow/example_dags/example_external_task_marker_dag.py took 0.047 seconds
[2025-03-27T10:10:39.355+0000] {processor.py:186} INFO - Started process (PID=684) to work on /home/airflow/.local/lib/python3.12/site-packages/airflow/example_dags/example_external_task_marker_dag.py
[2025-03-27T10:10:39.356+0000] {processor.py:914} INFO - Processing file /home/airflow/.local/lib/python3.12/site-packages/airflow/example_dags/example_external_task_marker_dag.py for tasks to queue
[2025-03-27T10:10:39.358+0000] {logging_mixin.py:190} INFO - [2025-03-27T10:10:39.358+0000] {dagbag.py:588} INFO - Filling up the DagBag from /home/airflow/.local/lib/python3.12/site-packages/airflow/example_dags/example_external_task_marker_dag.py
[2025-03-27T10:10:39.366+0000] {processor.py:925} INFO - DAG(s) 'example_external_task_marker_parent', 'example_external_task_marker_child' retrieved from /home/airflow/.local/lib/python3.12/site-packages/airflow/example_dags/example_external_task_marker_dag.py
[2025-03-27T10:10:39.380+0000] {logging_mixin.py:190} INFO - [2025-03-27T10:10:39.380+0000] {dag.py:3239} INFO - Sync 2 DAGs
[2025-03-27T10:10:39.387+0000] {logging_mixin.py:190} INFO - [2025-03-27T10:10:39.387+0000] {dag.py:4180} INFO - Setting next_dagrun for example_external_task_marker_child to None, run_after=None
[2025-03-27T10:10:39.389+0000] {logging_mixin.py:190} INFO - [2025-03-27T10:10:39.389+0000] {dag.py:4180} INFO - Setting next_dagrun for example_external_task_marker_parent to None, run_after=None
[2025-03-27T10:10:39.397+0000] {processor.py:208} INFO - Processing /home/airflow/.local/lib/python3.12/site-packages/airflow/example_dags/example_external_task_marker_dag.py took 0.047 seconds
[2025-03-27T10:11:09.685+0000] {processor.py:186} INFO - Started process (PID=747) to work on /home/airflow/.local/lib/python3.12/site-packages/airflow/example_dags/example_external_task_marker_dag.py
[2025-03-27T10:11:09.686+0000] {processor.py:914} INFO - Processing file /home/airflow/.local/lib/python3.12/site-packages/airflow/example_dags/example_external_task_marker_dag.py for tasks to queue
[2025-03-27T10:11:09.687+0000] {logging_mixin.py:190} INFO - [2025-03-27T10:11:09.687+0000] {dagbag.py:588} INFO - Filling up the DagBag from /home/airflow/.local/lib/python3.12/site-packages/airflow/example_dags/example_external_task_marker_dag.py
[2025-03-27T10:11:09.693+0000] {processor.py:925} INFO - DAG(s) 'example_external_task_marker_child', 'example_external_task_marker_parent' retrieved from /home/airflow/.local/lib/python3.12/site-packages/airflow/example_dags/example_external_task_marker_dag.py
[2025-03-27T10:11:09.713+0000] {logging_mixin.py:190} INFO - [2025-03-27T10:11:09.713+0000] {dag.py:3239} INFO - Sync 2 DAGs
[2025-03-27T10:11:09.722+0000] {logging_mixin.py:190} INFO - [2025-03-27T10:11:09.722+0000] {dag.py:4180} INFO - Setting next_dagrun for example_external_task_marker_child to None, run_after=None
[2025-03-27T10:11:09.725+0000] {logging_mixin.py:190} INFO - [2025-03-27T10:11:09.724+0000] {dag.py:4180} INFO - Setting next_dagrun for example_external_task_marker_parent to None, run_after=None
[2025-03-27T10:11:09.734+0000] {processor.py:208} INFO - Processing /home/airflow/.local/lib/python3.12/site-packages/airflow/example_dags/example_external_task_marker_dag.py took 0.054 seconds
[2025-03-27T10:11:40.388+0000] {processor.py:186} INFO - Started process (PID=810) to work on /home/airflow/.local/lib/python3.12/site-packages/airflow/example_dags/example_external_task_marker_dag.py
[2025-03-27T10:11:40.390+0000] {processor.py:914} INFO - Processing file /home/airflow/.local/lib/python3.12/site-packages/airflow/example_dags/example_external_task_marker_dag.py for tasks to queue
[2025-03-27T10:11:40.391+0000] {logging_mixin.py:190} INFO - [2025-03-27T10:11:40.391+0000] {dagbag.py:588} INFO - Filling up the DagBag from /home/airflow/.local/lib/python3.12/site-packages/airflow/example_dags/example_external_task_marker_dag.py
[2025-03-27T10:11:40.396+0000] {processor.py:925} INFO - DAG(s) 'example_external_task_marker_child', 'example_external_task_marker_parent' retrieved from /home/airflow/.local/lib/python3.12/site-packages/airflow/example_dags/example_external_task_marker_dag.py
[2025-03-27T10:11:40.410+0000] {logging_mixin.py:190} INFO - [2025-03-27T10:11:40.410+0000] {dag.py:3239} INFO - Sync 2 DAGs
[2025-03-27T10:11:40.422+0000] {logging_mixin.py:190} INFO - [2025-03-27T10:11:40.422+0000] {dag.py:4180} INFO - Setting next_dagrun for example_external_task_marker_child to None, run_after=None
[2025-03-27T10:11:40.424+0000] {logging_mixin.py:190} INFO - [2025-03-27T10:11:40.424+0000] {dag.py:4180} INFO - Setting next_dagrun for example_external_task_marker_parent to None, run_after=None
[2025-03-27T10:11:40.433+0000] {processor.py:208} INFO - Processing /home/airflow/.local/lib/python3.12/site-packages/airflow/example_dags/example_external_task_marker_dag.py took 0.048 seconds
[2025-03-27T10:12:11.113+0000] {processor.py:186} INFO - Started process (PID=873) to work on /home/airflow/.local/lib/python3.12/site-packages/airflow/example_dags/example_external_task_marker_dag.py
[2025-03-27T10:12:11.114+0000] {processor.py:914} INFO - Processing file /home/airflow/.local/lib/python3.12/site-packages/airflow/example_dags/example_external_task_marker_dag.py for tasks to queue
[2025-03-27T10:12:11.115+0000] {logging_mixin.py:190} INFO - [2025-03-27T10:12:11.115+0000] {dagbag.py:588} INFO - Filling up the DagBag from /home/airflow/.local/lib/python3.12/site-packages/airflow/example_dags/example_external_task_marker_dag.py
[2025-03-27T10:12:11.120+0000] {processor.py:925} INFO - DAG(s) 'example_external_task_marker_child', 'example_external_task_marker_parent' retrieved from /home/airflow/.local/lib/python3.12/site-packages/airflow/example_dags/example_external_task_marker_dag.py
[2025-03-27T10:12:11.136+0000] {logging_mixin.py:190} INFO - [2025-03-27T10:12:11.136+0000] {dag.py:3239} INFO - Sync 2 DAGs
[2025-03-27T10:12:11.144+0000] {logging_mixin.py:190} INFO - [2025-03-27T10:12:11.144+0000] {dag.py:4180} INFO - Setting next_dagrun for example_external_task_marker_child to None, run_after=None
[2025-03-27T10:12:11.148+0000] {logging_mixin.py:190} INFO - [2025-03-27T10:12:11.148+0000] {dag.py:4180} INFO - Setting next_dagrun for example_external_task_marker_parent to None, run_after=None
[2025-03-27T10:12:11.156+0000] {processor.py:208} INFO - Processing /home/airflow/.local/lib/python3.12/site-packages/airflow/example_dags/example_external_task_marker_dag.py took 0.046 seconds
[2025-03-27T10:12:41.938+0000] {processor.py:186} INFO - Started process (PID=936) to work on /home/airflow/.local/lib/python3.12/site-packages/airflow/example_dags/example_external_task_marker_dag.py
[2025-03-27T10:12:41.938+0000] {processor.py:914} INFO - Processing file /home/airflow/.local/lib/python3.12/site-packages/airflow/example_dags/example_external_task_marker_dag.py for tasks to queue
[2025-03-27T10:12:41.940+0000] {logging_mixin.py:190} INFO - [2025-03-27T10:12:41.940+0000] {dagbag.py:588} INFO - Filling up the DagBag from /home/airflow/.local/lib/python3.12/site-packages/airflow/example_dags/example_external_task_marker_dag.py
[2025-03-27T10:12:41.945+0000] {processor.py:925} INFO - DAG(s) 'example_external_task_marker_child', 'example_external_task_marker_parent' retrieved from /home/airflow/.local/lib/python3.12/site-packages/airflow/example_dags/example_external_task_marker_dag.py
[2025-03-27T10:12:41.961+0000] {logging_mixin.py:190} INFO - [2025-03-27T10:12:41.961+0000] {dag.py:3239} INFO - Sync 2 DAGs
[2025-03-27T10:12:41.970+0000] {logging_mixin.py:190} INFO - [2025-03-27T10:12:41.970+0000] {dag.py:4180} INFO - Setting next_dagrun for example_external_task_marker_child to None, run_after=None
[2025-03-27T10:12:41.975+0000] {logging_mixin.py:190} INFO - [2025-03-27T10:12:41.975+0000] {dag.py:4180} INFO - Setting next_dagrun for example_external_task_marker_parent to None, run_after=None
[2025-03-27T10:12:41.984+0000] {processor.py:208} INFO - Processing /home/airflow/.local/lib/python3.12/site-packages/airflow/example_dags/example_external_task_marker_dag.py took 0.051 seconds
[2025-03-27T10:13:12.802+0000] {processor.py:186} INFO - Started process (PID=999) to work on /home/airflow/.local/lib/python3.12/site-packages/airflow/example_dags/example_external_task_marker_dag.py
[2025-03-27T10:13:12.803+0000] {processor.py:914} INFO - Processing file /home/airflow/.local/lib/python3.12/site-packages/airflow/example_dags/example_external_task_marker_dag.py for tasks to queue
[2025-03-27T10:13:12.807+0000] {logging_mixin.py:190} INFO - [2025-03-27T10:13:12.807+0000] {dagbag.py:588} INFO - Filling up the DagBag from /home/airflow/.local/lib/python3.12/site-packages/airflow/example_dags/example_external_task_marker_dag.py
[2025-03-27T10:13:12.815+0000] {processor.py:925} INFO - DAG(s) 'example_external_task_marker_child', 'example_external_task_marker_parent' retrieved from /home/airflow/.local/lib/python3.12/site-packages/airflow/example_dags/example_external_task_marker_dag.py
[2025-03-27T10:13:12.852+0000] {logging_mixin.py:190} INFO - [2025-03-27T10:13:12.852+0000] {dag.py:3239} INFO - Sync 2 DAGs
[2025-03-27T10:13:12.874+0000] {logging_mixin.py:190} INFO - [2025-03-27T10:13:12.874+0000] {dag.py:4180} INFO - Setting next_dagrun for example_external_task_marker_child to None, run_after=None
[2025-03-27T10:13:12.881+0000] {logging_mixin.py:190} INFO - [2025-03-27T10:13:12.880+0000] {dag.py:4180} INFO - Setting next_dagrun for example_external_task_marker_parent to None, run_after=None
[2025-03-27T10:13:12.890+0000] {processor.py:208} INFO - Processing /home/airflow/.local/lib/python3.12/site-packages/airflow/example_dags/example_external_task_marker_dag.py took 0.095 seconds
[2025-03-27T10:13:42.944+0000] {processor.py:186} INFO - Started process (PID=1062) to work on /home/airflow/.local/lib/python3.12/site-packages/airflow/example_dags/example_external_task_marker_dag.py
[2025-03-27T10:13:42.944+0000] {processor.py:914} INFO - Processing file /home/airflow/.local/lib/python3.12/site-packages/airflow/example_dags/example_external_task_marker_dag.py for tasks to queue
[2025-03-27T10:13:42.946+0000] {logging_mixin.py:190} INFO - [2025-03-27T10:13:42.946+0000] {dagbag.py:588} INFO - Filling up the DagBag from /home/airflow/.local/lib/python3.12/site-packages/airflow/example_dags/example_external_task_marker_dag.py
[2025-03-27T10:13:42.950+0000] {processor.py:925} INFO - DAG(s) 'example_external_task_marker_parent', 'example_external_task_marker_child' retrieved from /home/airflow/.local/lib/python3.12/site-packages/airflow/example_dags/example_external_task_marker_dag.py
[2025-03-27T10:13:42.964+0000] {logging_mixin.py:190} INFO - [2025-03-27T10:13:42.963+0000] {dag.py:3239} INFO - Sync 2 DAGs
[2025-03-27T10:13:42.971+0000] {logging_mixin.py:190} INFO - [2025-03-27T10:13:42.971+0000] {dag.py:4180} INFO - Setting next_dagrun for example_external_task_marker_child to None, run_after=None
[2025-03-27T10:13:42.974+0000] {logging_mixin.py:190} INFO - [2025-03-27T10:13:42.974+0000] {dag.py:4180} INFO - Setting next_dagrun for example_external_task_marker_parent to None, run_after=None
[2025-03-27T10:13:42.984+0000] {processor.py:208} INFO - Processing /home/airflow/.local/lib/python3.12/site-packages/airflow/example_dags/example_external_task_marker_dag.py took 0.044 seconds
[2025-03-27T10:14:14.022+0000] {processor.py:186} INFO - Started process (PID=1125) to work on /home/airflow/.local/lib/python3.12/site-packages/airflow/example_dags/example_external_task_marker_dag.py
[2025-03-27T10:14:14.023+0000] {processor.py:914} INFO - Processing file /home/airflow/.local/lib/python3.12/site-packages/airflow/example_dags/example_external_task_marker_dag.py for tasks to queue
[2025-03-27T10:14:14.025+0000] {logging_mixin.py:190} INFO - [2025-03-27T10:14:14.025+0000] {dagbag.py:588} INFO - Filling up the DagBag from /home/airflow/.local/lib/python3.12/site-packages/airflow/example_dags/example_external_task_marker_dag.py
[2025-03-27T10:14:14.032+0000] {processor.py:925} INFO - DAG(s) 'example_external_task_marker_parent', 'example_external_task_marker_child' retrieved from /home/airflow/.local/lib/python3.12/site-packages/airflow/example_dags/example_external_task_marker_dag.py
[2025-03-27T10:14:14.045+0000] {logging_mixin.py:190} INFO - [2025-03-27T10:14:14.045+0000] {dag.py:3239} INFO - Sync 2 DAGs
[2025-03-27T10:14:14.053+0000] {logging_mixin.py:190} INFO - [2025-03-27T10:14:14.053+0000] {dag.py:4180} INFO - Setting next_dagrun for example_external_task_marker_child to None, run_after=None
[2025-03-27T10:14:14.056+0000] {logging_mixin.py:190} INFO - [2025-03-27T10:14:14.056+0000] {dag.py:4180} INFO - Setting next_dagrun for example_external_task_marker_parent to None, run_after=None
[2025-03-27T10:14:14.068+0000] {processor.py:208} INFO - Processing /home/airflow/.local/lib/python3.12/site-packages/airflow/example_dags/example_external_task_marker_dag.py took 0.050 seconds
[2025-03-27T10:14:44.886+0000] {processor.py:186} INFO - Started process (PID=1188) to work on /home/airflow/.local/lib/python3.12/site-packages/airflow/example_dags/example_external_task_marker_dag.py
[2025-03-27T10:14:44.886+0000] {processor.py:914} INFO - Processing file /home/airflow/.local/lib/python3.12/site-packages/airflow/example_dags/example_external_task_marker_dag.py for tasks to queue
[2025-03-27T10:14:44.890+0000] {logging_mixin.py:190} INFO - [2025-03-27T10:14:44.890+0000] {dagbag.py:588} INFO - Filling up the DagBag from /home/airflow/.local/lib/python3.12/site-packages/airflow/example_dags/example_external_task_marker_dag.py
[2025-03-27T10:14:44.896+0000] {processor.py:925} INFO - DAG(s) 'example_external_task_marker_child', 'example_external_task_marker_parent' retrieved from /home/airflow/.local/lib/python3.12/site-packages/airflow/example_dags/example_external_task_marker_dag.py
[2025-03-27T10:14:44.911+0000] {logging_mixin.py:190} INFO - [2025-03-27T10:14:44.911+0000] {dag.py:3239} INFO - Sync 2 DAGs
[2025-03-27T10:14:44.920+0000] {logging_mixin.py:190} INFO - [2025-03-27T10:14:44.919+0000] {dag.py:4180} INFO - Setting next_dagrun for example_external_task_marker_child to None, run_after=None
[2025-03-27T10:14:44.924+0000] {logging_mixin.py:190} INFO - [2025-03-27T10:14:44.923+0000] {dag.py:4180} INFO - Setting next_dagrun for example_external_task_marker_parent to None, run_after=None
[2025-03-27T10:14:44.934+0000] {processor.py:208} INFO - Processing /home/airflow/.local/lib/python3.12/site-packages/airflow/example_dags/example_external_task_marker_dag.py took 0.053 seconds
[2025-03-27T10:15:15.013+0000] {processor.py:186} INFO - Started process (PID=1250) to work on /home/airflow/.local/lib/python3.12/site-packages/airflow/example_dags/example_external_task_marker_dag.py
[2025-03-27T10:15:15.014+0000] {processor.py:914} INFO - Processing file /home/airflow/.local/lib/python3.12/site-packages/airflow/example_dags/example_external_task_marker_dag.py for tasks to queue
[2025-03-27T10:15:15.016+0000] {logging_mixin.py:190} INFO - [2025-03-27T10:15:15.016+0000] {dagbag.py:588} INFO - Filling up the DagBag from /home/airflow/.local/lib/python3.12/site-packages/airflow/example_dags/example_external_task_marker_dag.py
[2025-03-27T10:15:15.022+0000] {processor.py:925} INFO - DAG(s) 'example_external_task_marker_parent', 'example_external_task_marker_child' retrieved from /home/airflow/.local/lib/python3.12/site-packages/airflow/example_dags/example_external_task_marker_dag.py
[2025-03-27T10:15:15.037+0000] {logging_mixin.py:190} INFO - [2025-03-27T10:15:15.037+0000] {dag.py:3239} INFO - Sync 2 DAGs
[2025-03-27T10:15:15.046+0000] {logging_mixin.py:190} INFO - [2025-03-27T10:15:15.046+0000] {dag.py:4180} INFO - Setting next_dagrun for example_external_task_marker_child to None, run_after=None
[2025-03-27T10:15:15.049+0000] {logging_mixin.py:190} INFO - [2025-03-27T10:15:15.049+0000] {dag.py:4180} INFO - Setting next_dagrun for example_external_task_marker_parent to None, run_after=None
[2025-03-27T10:15:15.058+0000] {processor.py:208} INFO - Processing /home/airflow/.local/lib/python3.12/site-packages/airflow/example_dags/example_external_task_marker_dag.py took 0.051 seconds
[2025-03-27T10:15:45.770+0000] {processor.py:186} INFO - Started process (PID=1313) to work on /home/airflow/.local/lib/python3.12/site-packages/airflow/example_dags/example_external_task_marker_dag.py
[2025-03-27T10:15:45.771+0000] {processor.py:914} INFO - Processing file /home/airflow/.local/lib/python3.12/site-packages/airflow/example_dags/example_external_task_marker_dag.py for tasks to queue
[2025-03-27T10:15:45.772+0000] {logging_mixin.py:190} INFO - [2025-03-27T10:15:45.772+0000] {dagbag.py:588} INFO - Filling up the DagBag from /home/airflow/.local/lib/python3.12/site-packages/airflow/example_dags/example_external_task_marker_dag.py
[2025-03-27T10:15:45.780+0000] {processor.py:925} INFO - DAG(s) 'example_external_task_marker_parent', 'example_external_task_marker_child' retrieved from /home/airflow/.local/lib/python3.12/site-packages/airflow/example_dags/example_external_task_marker_dag.py
[2025-03-27T10:15:45.796+0000] {logging_mixin.py:190} INFO - [2025-03-27T10:15:45.796+0000] {dag.py:3239} INFO - Sync 2 DAGs
[2025-03-27T10:15:45.806+0000] {logging_mixin.py:190} INFO - [2025-03-27T10:15:45.806+0000] {dag.py:4180} INFO - Setting next_dagrun for example_external_task_marker_child to None, run_after=None
[2025-03-27T10:15:45.809+0000] {logging_mixin.py:190} INFO - [2025-03-27T10:15:45.809+0000] {dag.py:4180} INFO - Setting next_dagrun for example_external_task_marker_parent to None, run_after=None
[2025-03-27T10:15:45.818+0000] {processor.py:208} INFO - Processing /home/airflow/.local/lib/python3.12/site-packages/airflow/example_dags/example_external_task_marker_dag.py took 0.052 seconds
[2025-03-27T10:16:16.698+0000] {processor.py:186} INFO - Started process (PID=1376) to work on /home/airflow/.local/lib/python3.12/site-packages/airflow/example_dags/example_external_task_marker_dag.py
[2025-03-27T10:16:16.699+0000] {processor.py:914} INFO - Processing file /home/airflow/.local/lib/python3.12/site-packages/airflow/example_dags/example_external_task_marker_dag.py for tasks to queue
[2025-03-27T10:16:16.702+0000] {logging_mixin.py:190} INFO - [2025-03-27T10:16:16.701+0000] {dagbag.py:588} INFO - Filling up the DagBag from /home/airflow/.local/lib/python3.12/site-packages/airflow/example_dags/example_external_task_marker_dag.py
[2025-03-27T10:16:16.710+0000] {processor.py:925} INFO - DAG(s) 'example_external_task_marker_child', 'example_external_task_marker_parent' retrieved from /home/airflow/.local/lib/python3.12/site-packages/airflow/example_dags/example_external_task_marker_dag.py
[2025-03-27T10:16:16.738+0000] {logging_mixin.py:190} INFO - [2025-03-27T10:16:16.738+0000] {dag.py:3239} INFO - Sync 2 DAGs
[2025-03-27T10:16:16.751+0000] {logging_mixin.py:190} INFO - [2025-03-27T10:16:16.751+0000] {dag.py:4180} INFO - Setting next_dagrun for example_external_task_marker_child to None, run_after=None
[2025-03-27T10:16:16.754+0000] {logging_mixin.py:190} INFO - [2025-03-27T10:16:16.753+0000] {dag.py:4180} INFO - Setting next_dagrun for example_external_task_marker_parent to None, run_after=None
[2025-03-27T10:16:16.761+0000] {processor.py:208} INFO - Processing /home/airflow/.local/lib/python3.12/site-packages/airflow/example_dags/example_external_task_marker_dag.py took 0.075 seconds
[2025-03-27T10:16:46.949+0000] {processor.py:186} INFO - Started process (PID=1439) to work on /home/airflow/.local/lib/python3.12/site-packages/airflow/example_dags/example_external_task_marker_dag.py
[2025-03-27T10:16:46.950+0000] {processor.py:914} INFO - Processing file /home/airflow/.local/lib/python3.12/site-packages/airflow/example_dags/example_external_task_marker_dag.py for tasks to queue
[2025-03-27T10:16:46.951+0000] {logging_mixin.py:190} INFO - [2025-03-27T10:16:46.951+0000] {dagbag.py:588} INFO - Filling up the DagBag from /home/airflow/.local/lib/python3.12/site-packages/airflow/example_dags/example_external_task_marker_dag.py
[2025-03-27T10:16:46.956+0000] {processor.py:925} INFO - DAG(s) 'example_external_task_marker_parent', 'example_external_task_marker_child' retrieved from /home/airflow/.local/lib/python3.12/site-packages/airflow/example_dags/example_external_task_marker_dag.py
[2025-03-27T10:16:46.971+0000] {logging_mixin.py:190} INFO - [2025-03-27T10:16:46.971+0000] {dag.py:3239} INFO - Sync 2 DAGs
[2025-03-27T10:16:46.982+0000] {logging_mixin.py:190} INFO - [2025-03-27T10:16:46.981+0000] {dag.py:4180} INFO - Setting next_dagrun for example_external_task_marker_child to None, run_after=None
[2025-03-27T10:16:46.985+0000] {logging_mixin.py:190} INFO - [2025-03-27T10:16:46.985+0000] {dag.py:4180} INFO - Setting next_dagrun for example_external_task_marker_parent to None, run_after=None
[2025-03-27T10:16:46.996+0000] {processor.py:208} INFO - Processing /home/airflow/.local/lib/python3.12/site-packages/airflow/example_dags/example_external_task_marker_dag.py took 0.051 seconds
[2025-03-27T10:17:17.777+0000] {processor.py:186} INFO - Started process (PID=1502) to work on /home/airflow/.local/lib/python3.12/site-packages/airflow/example_dags/example_external_task_marker_dag.py
[2025-03-27T10:17:17.778+0000] {processor.py:914} INFO - Processing file /home/airflow/.local/lib/python3.12/site-packages/airflow/example_dags/example_external_task_marker_dag.py for tasks to queue
[2025-03-27T10:17:17.780+0000] {logging_mixin.py:190} INFO - [2025-03-27T10:17:17.779+0000] {dagbag.py:588} INFO - Filling up the DagBag from /home/airflow/.local/lib/python3.12/site-packages/airflow/example_dags/example_external_task_marker_dag.py
[2025-03-27T10:17:17.788+0000] {processor.py:925} INFO - DAG(s) 'example_external_task_marker_child', 'example_external_task_marker_parent' retrieved from /home/airflow/.local/lib/python3.12/site-packages/airflow/example_dags/example_external_task_marker_dag.py
[2025-03-27T10:17:17.801+0000] {logging_mixin.py:190} INFO - [2025-03-27T10:17:17.801+0000] {dag.py:3239} INFO - Sync 2 DAGs
[2025-03-27T10:17:17.808+0000] {logging_mixin.py:190} INFO - [2025-03-27T10:17:17.808+0000] {dag.py:4180} INFO - Setting next_dagrun for example_external_task_marker_child to None, run_after=None
[2025-03-27T10:17:17.810+0000] {logging_mixin.py:190} INFO - [2025-03-27T10:17:17.810+0000] {dag.py:4180} INFO - Setting next_dagrun for example_external_task_marker_parent to None, run_after=None
[2025-03-27T10:17:17.819+0000] {processor.py:208} INFO - Processing /home/airflow/.local/lib/python3.12/site-packages/airflow/example_dags/example_external_task_marker_dag.py took 0.046 seconds
[2025-03-27T10:17:48.665+0000] {processor.py:186} INFO - Started process (PID=1565) to work on /home/airflow/.local/lib/python3.12/site-packages/airflow/example_dags/example_external_task_marker_dag.py
[2025-03-27T10:17:48.666+0000] {processor.py:914} INFO - Processing file /home/airflow/.local/lib/python3.12/site-packages/airflow/example_dags/example_external_task_marker_dag.py for tasks to queue
[2025-03-27T10:17:48.667+0000] {logging_mixin.py:190} INFO - [2025-03-27T10:17:48.667+0000] {dagbag.py:588} INFO - Filling up the DagBag from /home/airflow/.local/lib/python3.12/site-packages/airflow/example_dags/example_external_task_marker_dag.py
[2025-03-27T10:17:48.671+0000] {processor.py:925} INFO - DAG(s) 'example_external_task_marker_child', 'example_external_task_marker_parent' retrieved from /home/airflow/.local/lib/python3.12/site-packages/airflow/example_dags/example_external_task_marker_dag.py
[2025-03-27T10:17:48.684+0000] {logging_mixin.py:190} INFO - [2025-03-27T10:17:48.684+0000] {dag.py:3239} INFO - Sync 2 DAGs
[2025-03-27T10:17:48.692+0000] {logging_mixin.py:190} INFO - [2025-03-27T10:17:48.692+0000] {dag.py:4180} INFO - Setting next_dagrun for example_external_task_marker_child to None, run_after=None
[2025-03-27T10:17:48.696+0000] {logging_mixin.py:190} INFO - [2025-03-27T10:17:48.696+0000] {dag.py:4180} INFO - Setting next_dagrun for example_external_task_marker_parent to None, run_after=None
[2025-03-27T10:17:48.708+0000] {processor.py:208} INFO - Processing /home/airflow/.local/lib/python3.12/site-packages/airflow/example_dags/example_external_task_marker_dag.py took 0.046 seconds
