[2025-03-27T10:05:39.382+0000] {processor.py:186} INFO - Started process (PID=101) to work on /home/airflow/.local/lib/python3.12/site-packages/airflow/example_dags/example_branch_python_dop_operator_3.py
[2025-03-27T10:05:39.382+0000] {processor.py:914} INFO - Processing file /home/airflow/.local/lib/python3.12/site-packages/airflow/example_dags/example_branch_python_dop_operator_3.py for tasks to queue
[2025-03-27T10:05:39.383+0000] {logging_mixin.py:190} INFO - [2025-03-27T10:05:39.383+0000] {dagbag.py:588} INFO - Filling up the DagBag from /home/airflow/.local/lib/python3.12/site-packages/airflow/example_dags/example_branch_python_dop_operator_3.py
[2025-03-27T10:05:39.390+0000] {processor.py:925} INFO - DAG(s) 'example_branch_dop_operator_v3' retrieved from /home/airflow/.local/lib/python3.12/site-packages/airflow/example_dags/example_branch_python_dop_operator_3.py
[2025-03-27T10:05:39.455+0000] {logging_mixin.py:190} INFO - [2025-03-27T10:05:39.455+0000] {override.py:1912} INFO - Created Permission View: can read on DAG:example_branch_dop_operator_v3
[2025-03-27T10:05:39.460+0000] {logging_mixin.py:190} INFO - [2025-03-27T10:05:39.460+0000] {override.py:1912} INFO - Created Permission View: can delete on DAG:example_branch_dop_operator_v3
[2025-03-27T10:05:39.462+0000] {logging_mixin.py:190} INFO - [2025-03-27T10:05:39.462+0000] {override.py:1912} INFO - Created Permission View: can edit on DAG:example_branch_dop_operator_v3
[2025-03-27T10:05:39.465+0000] {logging_mixin.py:190} INFO - [2025-03-27T10:05:39.465+0000] {override.py:1912} INFO - Created Permission View: can read on DAG Run:example_branch_dop_operator_v3
[2025-03-27T10:05:39.467+0000] {logging_mixin.py:190} INFO - [2025-03-27T10:05:39.467+0000] {override.py:1912} INFO - Created Permission View: can delete on DAG Run:example_branch_dop_operator_v3
[2025-03-27T10:05:39.472+0000] {logging_mixin.py:190} INFO - [2025-03-27T10:05:39.471+0000] {override.py:1912} INFO - Created Permission View: can create on DAG Run:example_branch_dop_operator_v3
[2025-03-27T10:05:39.477+0000] {logging_mixin.py:190} INFO - [2025-03-27T10:05:39.477+0000] {override.py:1912} INFO - Created Permission View: menu access on DAG Run:example_branch_dop_operator_v3
[2025-03-27T10:05:39.477+0000] {logging_mixin.py:190} INFO - [2025-03-27T10:05:39.477+0000] {dag.py:3239} INFO - Sync 1 DAGs
[2025-03-27T10:05:39.485+0000] {logging_mixin.py:190} INFO - [2025-03-27T10:05:39.485+0000] {dag.py:3262} INFO - Creating ORM DAG for example_branch_dop_operator_v3
[2025-03-27T10:05:39.493+0000] {logging_mixin.py:190} INFO - [2025-03-27T10:05:39.492+0000] {dag.py:4180} INFO - Setting next_dagrun for example_branch_dop_operator_v3 to 2025-03-27 10:04:00+00:00, run_after=2025-03-27 10:05:00+00:00
[2025-03-27T10:05:39.504+0000] {processor.py:208} INFO - Processing /home/airflow/.local/lib/python3.12/site-packages/airflow/example_dags/example_branch_python_dop_operator_3.py took 0.126 seconds
[2025-03-27T10:06:09.799+0000] {processor.py:186} INFO - Started process (PID=163) to work on /home/airflow/.local/lib/python3.12/site-packages/airflow/example_dags/example_branch_python_dop_operator_3.py
[2025-03-27T10:06:09.799+0000] {processor.py:914} INFO - Processing file /home/airflow/.local/lib/python3.12/site-packages/airflow/example_dags/example_branch_python_dop_operator_3.py for tasks to queue
[2025-03-27T10:06:09.801+0000] {logging_mixin.py:190} INFO - [2025-03-27T10:06:09.800+0000] {dagbag.py:588} INFO - Filling up the DagBag from /home/airflow/.local/lib/python3.12/site-packages/airflow/example_dags/example_branch_python_dop_operator_3.py
[2025-03-27T10:06:09.806+0000] {processor.py:925} INFO - DAG(s) 'example_branch_dop_operator_v3' retrieved from /home/airflow/.local/lib/python3.12/site-packages/airflow/example_dags/example_branch_python_dop_operator_3.py
[2025-03-27T10:06:09.816+0000] {logging_mixin.py:190} INFO - [2025-03-27T10:06:09.816+0000] {dag.py:3239} INFO - Sync 1 DAGs
[2025-03-27T10:06:09.829+0000] {logging_mixin.py:190} INFO - [2025-03-27T10:06:09.829+0000] {dag.py:4180} INFO - Setting next_dagrun for example_branch_dop_operator_v3 to 2025-03-27 10:05:00+00:00, run_after=2025-03-27 10:06:00+00:00
[2025-03-27T10:06:09.840+0000] {processor.py:208} INFO - Processing /home/airflow/.local/lib/python3.12/site-packages/airflow/example_dags/example_branch_python_dop_operator_3.py took 0.044 seconds
[2025-03-27T10:06:41.004+0000] {processor.py:186} INFO - Started process (PID=227) to work on /home/airflow/.local/lib/python3.12/site-packages/airflow/example_dags/example_branch_python_dop_operator_3.py
[2025-03-27T10:06:41.005+0000] {processor.py:914} INFO - Processing file /home/airflow/.local/lib/python3.12/site-packages/airflow/example_dags/example_branch_python_dop_operator_3.py for tasks to queue
[2025-03-27T10:06:41.006+0000] {logging_mixin.py:190} INFO - [2025-03-27T10:06:41.006+0000] {dagbag.py:588} INFO - Filling up the DagBag from /home/airflow/.local/lib/python3.12/site-packages/airflow/example_dags/example_branch_python_dop_operator_3.py
[2025-03-27T10:06:41.011+0000] {processor.py:925} INFO - DAG(s) 'example_branch_dop_operator_v3' retrieved from /home/airflow/.local/lib/python3.12/site-packages/airflow/example_dags/example_branch_python_dop_operator_3.py
[2025-03-27T10:06:41.020+0000] {logging_mixin.py:190} INFO - [2025-03-27T10:06:41.020+0000] {dag.py:3239} INFO - Sync 1 DAGs
[2025-03-27T10:06:41.037+0000] {logging_mixin.py:190} INFO - [2025-03-27T10:06:41.037+0000] {dag.py:4180} INFO - Setting next_dagrun for example_branch_dop_operator_v3 to 2025-03-27 10:05:00+00:00, run_after=2025-03-27 10:06:00+00:00
[2025-03-27T10:06:41.047+0000] {processor.py:208} INFO - Processing /home/airflow/.local/lib/python3.12/site-packages/airflow/example_dags/example_branch_python_dop_operator_3.py took 0.046 seconds
[2025-03-27T10:07:12.014+0000] {processor.py:186} INFO - Started process (PID=290) to work on /home/airflow/.local/lib/python3.12/site-packages/airflow/example_dags/example_branch_python_dop_operator_3.py
[2025-03-27T10:07:12.014+0000] {processor.py:914} INFO - Processing file /home/airflow/.local/lib/python3.12/site-packages/airflow/example_dags/example_branch_python_dop_operator_3.py for tasks to queue
[2025-03-27T10:07:12.015+0000] {logging_mixin.py:190} INFO - [2025-03-27T10:07:12.015+0000] {dagbag.py:588} INFO - Filling up the DagBag from /home/airflow/.local/lib/python3.12/site-packages/airflow/example_dags/example_branch_python_dop_operator_3.py
[2025-03-27T10:07:12.022+0000] {processor.py:925} INFO - DAG(s) 'example_branch_dop_operator_v3' retrieved from /home/airflow/.local/lib/python3.12/site-packages/airflow/example_dags/example_branch_python_dop_operator_3.py
[2025-03-27T10:07:12.034+0000] {logging_mixin.py:190} INFO - [2025-03-27T10:07:12.034+0000] {dag.py:3239} INFO - Sync 1 DAGs
[2025-03-27T10:07:12.048+0000] {logging_mixin.py:190} INFO - [2025-03-27T10:07:12.048+0000] {dag.py:4180} INFO - Setting next_dagrun for example_branch_dop_operator_v3 to 2025-03-27 10:06:00+00:00, run_after=2025-03-27 10:07:00+00:00
[2025-03-27T10:07:12.060+0000] {processor.py:208} INFO - Processing /home/airflow/.local/lib/python3.12/site-packages/airflow/example_dags/example_branch_python_dop_operator_3.py took 0.050 seconds
[2025-03-27T10:07:43.165+0000] {processor.py:186} INFO - Started process (PID=353) to work on /home/airflow/.local/lib/python3.12/site-packages/airflow/example_dags/example_branch_python_dop_operator_3.py
[2025-03-27T10:07:43.168+0000] {processor.py:914} INFO - Processing file /home/airflow/.local/lib/python3.12/site-packages/airflow/example_dags/example_branch_python_dop_operator_3.py for tasks to queue
[2025-03-27T10:07:43.169+0000] {logging_mixin.py:190} INFO - [2025-03-27T10:07:43.169+0000] {dagbag.py:588} INFO - Filling up the DagBag from /home/airflow/.local/lib/python3.12/site-packages/airflow/example_dags/example_branch_python_dop_operator_3.py
[2025-03-27T10:07:43.175+0000] {processor.py:925} INFO - DAG(s) 'example_branch_dop_operator_v3' retrieved from /home/airflow/.local/lib/python3.12/site-packages/airflow/example_dags/example_branch_python_dop_operator_3.py
[2025-03-27T10:07:43.185+0000] {logging_mixin.py:190} INFO - [2025-03-27T10:07:43.185+0000] {dag.py:3239} INFO - Sync 1 DAGs
[2025-03-27T10:07:43.198+0000] {logging_mixin.py:190} INFO - [2025-03-27T10:07:43.198+0000] {dag.py:4180} INFO - Setting next_dagrun for example_branch_dop_operator_v3 to 2025-03-27 10:06:00+00:00, run_after=2025-03-27 10:07:00+00:00
[2025-03-27T10:07:43.207+0000] {processor.py:208} INFO - Processing /home/airflow/.local/lib/python3.12/site-packages/airflow/example_dags/example_branch_python_dop_operator_3.py took 0.045 seconds
[2025-03-27T10:08:13.904+0000] {processor.py:186} INFO - Started process (PID=414) to work on /home/airflow/.local/lib/python3.12/site-packages/airflow/example_dags/example_branch_python_dop_operator_3.py
[2025-03-27T10:08:13.905+0000] {processor.py:914} INFO - Processing file /home/airflow/.local/lib/python3.12/site-packages/airflow/example_dags/example_branch_python_dop_operator_3.py for tasks to queue
[2025-03-27T10:08:13.906+0000] {logging_mixin.py:190} INFO - [2025-03-27T10:08:13.906+0000] {dagbag.py:588} INFO - Filling up the DagBag from /home/airflow/.local/lib/python3.12/site-packages/airflow/example_dags/example_branch_python_dop_operator_3.py
[2025-03-27T10:08:13.912+0000] {processor.py:925} INFO - DAG(s) 'example_branch_dop_operator_v3' retrieved from /home/airflow/.local/lib/python3.12/site-packages/airflow/example_dags/example_branch_python_dop_operator_3.py
[2025-03-27T10:08:13.926+0000] {logging_mixin.py:190} INFO - [2025-03-27T10:08:13.926+0000] {dag.py:3239} INFO - Sync 1 DAGs
[2025-03-27T10:08:13.939+0000] {logging_mixin.py:190} INFO - [2025-03-27T10:08:13.939+0000] {dag.py:4180} INFO - Setting next_dagrun for example_branch_dop_operator_v3 to 2025-03-27 10:07:00+00:00, run_after=2025-03-27 10:08:00+00:00
[2025-03-27T10:08:13.952+0000] {processor.py:208} INFO - Processing /home/airflow/.local/lib/python3.12/site-packages/airflow/example_dags/example_branch_python_dop_operator_3.py took 0.051 seconds
[2025-03-27T10:08:44.972+0000] {processor.py:186} INFO - Started process (PID=478) to work on /home/airflow/.local/lib/python3.12/site-packages/airflow/example_dags/example_branch_python_dop_operator_3.py
[2025-03-27T10:08:44.972+0000] {processor.py:914} INFO - Processing file /home/airflow/.local/lib/python3.12/site-packages/airflow/example_dags/example_branch_python_dop_operator_3.py for tasks to queue
[2025-03-27T10:08:44.974+0000] {logging_mixin.py:190} INFO - [2025-03-27T10:08:44.974+0000] {dagbag.py:588} INFO - Filling up the DagBag from /home/airflow/.local/lib/python3.12/site-packages/airflow/example_dags/example_branch_python_dop_operator_3.py
[2025-03-27T10:08:44.980+0000] {processor.py:925} INFO - DAG(s) 'example_branch_dop_operator_v3' retrieved from /home/airflow/.local/lib/python3.12/site-packages/airflow/example_dags/example_branch_python_dop_operator_3.py
[2025-03-27T10:08:44.997+0000] {logging_mixin.py:190} INFO - [2025-03-27T10:08:44.997+0000] {dag.py:3239} INFO - Sync 1 DAGs
[2025-03-27T10:08:45.012+0000] {logging_mixin.py:190} INFO - [2025-03-27T10:08:45.011+0000] {dag.py:4180} INFO - Setting next_dagrun for example_branch_dop_operator_v3 to 2025-03-27 10:07:00+00:00, run_after=2025-03-27 10:08:00+00:00
[2025-03-27T10:08:45.026+0000] {processor.py:208} INFO - Processing /home/airflow/.local/lib/python3.12/site-packages/airflow/example_dags/example_branch_python_dop_operator_3.py took 0.057 seconds
[2025-03-27T10:09:15.806+0000] {processor.py:186} INFO - Started process (PID=540) to work on /home/airflow/.local/lib/python3.12/site-packages/airflow/example_dags/example_branch_python_dop_operator_3.py
[2025-03-27T10:09:15.807+0000] {processor.py:914} INFO - Processing file /home/airflow/.local/lib/python3.12/site-packages/airflow/example_dags/example_branch_python_dop_operator_3.py for tasks to queue
[2025-03-27T10:09:15.808+0000] {logging_mixin.py:190} INFO - [2025-03-27T10:09:15.808+0000] {dagbag.py:588} INFO - Filling up the DagBag from /home/airflow/.local/lib/python3.12/site-packages/airflow/example_dags/example_branch_python_dop_operator_3.py
[2025-03-27T10:09:15.813+0000] {processor.py:925} INFO - DAG(s) 'example_branch_dop_operator_v3' retrieved from /home/airflow/.local/lib/python3.12/site-packages/airflow/example_dags/example_branch_python_dop_operator_3.py
[2025-03-27T10:09:15.822+0000] {logging_mixin.py:190} INFO - [2025-03-27T10:09:15.822+0000] {dag.py:3239} INFO - Sync 1 DAGs
[2025-03-27T10:09:15.835+0000] {logging_mixin.py:190} INFO - [2025-03-27T10:09:15.835+0000] {dag.py:4180} INFO - Setting next_dagrun for example_branch_dop_operator_v3 to 2025-03-27 10:08:00+00:00, run_after=2025-03-27 10:09:00+00:00
[2025-03-27T10:09:15.843+0000] {processor.py:208} INFO - Processing /home/airflow/.local/lib/python3.12/site-packages/airflow/example_dags/example_branch_python_dop_operator_3.py took 0.040 seconds
[2025-03-27T10:09:46.640+0000] {processor.py:186} INFO - Started process (PID=603) to work on /home/airflow/.local/lib/python3.12/site-packages/airflow/example_dags/example_branch_python_dop_operator_3.py
[2025-03-27T10:09:46.640+0000] {processor.py:914} INFO - Processing file /home/airflow/.local/lib/python3.12/site-packages/airflow/example_dags/example_branch_python_dop_operator_3.py for tasks to queue
[2025-03-27T10:09:46.641+0000] {logging_mixin.py:190} INFO - [2025-03-27T10:09:46.641+0000] {dagbag.py:588} INFO - Filling up the DagBag from /home/airflow/.local/lib/python3.12/site-packages/airflow/example_dags/example_branch_python_dop_operator_3.py
[2025-03-27T10:09:46.647+0000] {processor.py:925} INFO - DAG(s) 'example_branch_dop_operator_v3' retrieved from /home/airflow/.local/lib/python3.12/site-packages/airflow/example_dags/example_branch_python_dop_operator_3.py
[2025-03-27T10:09:46.656+0000] {logging_mixin.py:190} INFO - [2025-03-27T10:09:46.656+0000] {dag.py:3239} INFO - Sync 1 DAGs
[2025-03-27T10:09:46.671+0000] {logging_mixin.py:190} INFO - [2025-03-27T10:09:46.671+0000] {dag.py:4180} INFO - Setting next_dagrun for example_branch_dop_operator_v3 to 2025-03-27 10:08:00+00:00, run_after=2025-03-27 10:09:00+00:00
[2025-03-27T10:09:46.679+0000] {processor.py:208} INFO - Processing /home/airflow/.local/lib/python3.12/site-packages/airflow/example_dags/example_branch_python_dop_operator_3.py took 0.042 seconds
[2025-03-27T10:10:17.646+0000] {processor.py:186} INFO - Started process (PID=666) to work on /home/airflow/.local/lib/python3.12/site-packages/airflow/example_dags/example_branch_python_dop_operator_3.py
[2025-03-27T10:10:17.647+0000] {processor.py:914} INFO - Processing file /home/airflow/.local/lib/python3.12/site-packages/airflow/example_dags/example_branch_python_dop_operator_3.py for tasks to queue
[2025-03-27T10:10:17.648+0000] {logging_mixin.py:190} INFO - [2025-03-27T10:10:17.648+0000] {dagbag.py:588} INFO - Filling up the DagBag from /home/airflow/.local/lib/python3.12/site-packages/airflow/example_dags/example_branch_python_dop_operator_3.py
[2025-03-27T10:10:17.654+0000] {processor.py:925} INFO - DAG(s) 'example_branch_dop_operator_v3' retrieved from /home/airflow/.local/lib/python3.12/site-packages/airflow/example_dags/example_branch_python_dop_operator_3.py
[2025-03-27T10:10:17.663+0000] {logging_mixin.py:190} INFO - [2025-03-27T10:10:17.663+0000] {dag.py:3239} INFO - Sync 1 DAGs
[2025-03-27T10:10:17.675+0000] {logging_mixin.py:190} INFO - [2025-03-27T10:10:17.675+0000] {dag.py:4180} INFO - Setting next_dagrun for example_branch_dop_operator_v3 to 2025-03-27 10:09:00+00:00, run_after=2025-03-27 10:10:00+00:00
[2025-03-27T10:10:17.684+0000] {processor.py:208} INFO - Processing /home/airflow/.local/lib/python3.12/site-packages/airflow/example_dags/example_branch_python_dop_operator_3.py took 0.041 seconds
[2025-03-27T10:10:48.927+0000] {processor.py:186} INFO - Started process (PID=729) to work on /home/airflow/.local/lib/python3.12/site-packages/airflow/example_dags/example_branch_python_dop_operator_3.py
[2025-03-27T10:10:48.928+0000] {processor.py:914} INFO - Processing file /home/airflow/.local/lib/python3.12/site-packages/airflow/example_dags/example_branch_python_dop_operator_3.py for tasks to queue
[2025-03-27T10:10:48.929+0000] {logging_mixin.py:190} INFO - [2025-03-27T10:10:48.929+0000] {dagbag.py:588} INFO - Filling up the DagBag from /home/airflow/.local/lib/python3.12/site-packages/airflow/example_dags/example_branch_python_dop_operator_3.py
[2025-03-27T10:10:48.935+0000] {processor.py:925} INFO - DAG(s) 'example_branch_dop_operator_v3' retrieved from /home/airflow/.local/lib/python3.12/site-packages/airflow/example_dags/example_branch_python_dop_operator_3.py
[2025-03-27T10:10:48.945+0000] {logging_mixin.py:190} INFO - [2025-03-27T10:10:48.945+0000] {dag.py:3239} INFO - Sync 1 DAGs
[2025-03-27T10:10:48.959+0000] {logging_mixin.py:190} INFO - [2025-03-27T10:10:48.959+0000] {dag.py:4180} INFO - Setting next_dagrun for example_branch_dop_operator_v3 to 2025-03-27 10:09:00+00:00, run_after=2025-03-27 10:10:00+00:00
[2025-03-27T10:10:48.968+0000] {processor.py:208} INFO - Processing /home/airflow/.local/lib/python3.12/site-packages/airflow/example_dags/example_branch_python_dop_operator_3.py took 0.045 seconds
[2025-03-27T10:11:19.826+0000] {processor.py:186} INFO - Started process (PID=792) to work on /home/airflow/.local/lib/python3.12/site-packages/airflow/example_dags/example_branch_python_dop_operator_3.py
[2025-03-27T10:11:19.826+0000] {processor.py:914} INFO - Processing file /home/airflow/.local/lib/python3.12/site-packages/airflow/example_dags/example_branch_python_dop_operator_3.py for tasks to queue
[2025-03-27T10:11:19.827+0000] {logging_mixin.py:190} INFO - [2025-03-27T10:11:19.827+0000] {dagbag.py:588} INFO - Filling up the DagBag from /home/airflow/.local/lib/python3.12/site-packages/airflow/example_dags/example_branch_python_dop_operator_3.py
[2025-03-27T10:11:19.832+0000] {processor.py:925} INFO - DAG(s) 'example_branch_dop_operator_v3' retrieved from /home/airflow/.local/lib/python3.12/site-packages/airflow/example_dags/example_branch_python_dop_operator_3.py
[2025-03-27T10:11:19.842+0000] {logging_mixin.py:190} INFO - [2025-03-27T10:11:19.842+0000] {dag.py:3239} INFO - Sync 1 DAGs
[2025-03-27T10:11:19.854+0000] {logging_mixin.py:190} INFO - [2025-03-27T10:11:19.854+0000] {dag.py:4180} INFO - Setting next_dagrun for example_branch_dop_operator_v3 to 2025-03-27 10:10:00+00:00, run_after=2025-03-27 10:11:00+00:00
[2025-03-27T10:11:19.862+0000] {processor.py:208} INFO - Processing /home/airflow/.local/lib/python3.12/site-packages/airflow/example_dags/example_branch_python_dop_operator_3.py took 0.039 seconds
[2025-03-27T10:11:50.545+0000] {processor.py:186} INFO - Started process (PID=855) to work on /home/airflow/.local/lib/python3.12/site-packages/airflow/example_dags/example_branch_python_dop_operator_3.py
[2025-03-27T10:11:50.545+0000] {processor.py:914} INFO - Processing file /home/airflow/.local/lib/python3.12/site-packages/airflow/example_dags/example_branch_python_dop_operator_3.py for tasks to queue
[2025-03-27T10:11:50.548+0000] {logging_mixin.py:190} INFO - [2025-03-27T10:11:50.548+0000] {dagbag.py:588} INFO - Filling up the DagBag from /home/airflow/.local/lib/python3.12/site-packages/airflow/example_dags/example_branch_python_dop_operator_3.py
[2025-03-27T10:11:50.554+0000] {processor.py:925} INFO - DAG(s) 'example_branch_dop_operator_v3' retrieved from /home/airflow/.local/lib/python3.12/site-packages/airflow/example_dags/example_branch_python_dop_operator_3.py
[2025-03-27T10:11:50.564+0000] {logging_mixin.py:190} INFO - [2025-03-27T10:11:50.564+0000] {dag.py:3239} INFO - Sync 1 DAGs
[2025-03-27T10:11:50.576+0000] {logging_mixin.py:190} INFO - [2025-03-27T10:11:50.576+0000] {dag.py:4180} INFO - Setting next_dagrun for example_branch_dop_operator_v3 to 2025-03-27 10:10:00+00:00, run_after=2025-03-27 10:11:00+00:00
[2025-03-27T10:11:50.584+0000] {processor.py:208} INFO - Processing /home/airflow/.local/lib/python3.12/site-packages/airflow/example_dags/example_branch_python_dop_operator_3.py took 0.043 seconds
[2025-03-27T10:12:21.379+0000] {processor.py:186} INFO - Started process (PID=918) to work on /home/airflow/.local/lib/python3.12/site-packages/airflow/example_dags/example_branch_python_dop_operator_3.py
[2025-03-27T10:12:21.379+0000] {processor.py:914} INFO - Processing file /home/airflow/.local/lib/python3.12/site-packages/airflow/example_dags/example_branch_python_dop_operator_3.py for tasks to queue
[2025-03-27T10:12:21.381+0000] {logging_mixin.py:190} INFO - [2025-03-27T10:12:21.380+0000] {dagbag.py:588} INFO - Filling up the DagBag from /home/airflow/.local/lib/python3.12/site-packages/airflow/example_dags/example_branch_python_dop_operator_3.py
[2025-03-27T10:12:21.386+0000] {processor.py:925} INFO - DAG(s) 'example_branch_dop_operator_v3' retrieved from /home/airflow/.local/lib/python3.12/site-packages/airflow/example_dags/example_branch_python_dop_operator_3.py
[2025-03-27T10:12:21.397+0000] {logging_mixin.py:190} INFO - [2025-03-27T10:12:21.397+0000] {dag.py:3239} INFO - Sync 1 DAGs
[2025-03-27T10:12:21.409+0000] {logging_mixin.py:190} INFO - [2025-03-27T10:12:21.409+0000] {dag.py:4180} INFO - Setting next_dagrun for example_branch_dop_operator_v3 to 2025-03-27 10:11:00+00:00, run_after=2025-03-27 10:12:00+00:00
[2025-03-27T10:12:21.417+0000] {processor.py:208} INFO - Processing /home/airflow/.local/lib/python3.12/site-packages/airflow/example_dags/example_branch_python_dop_operator_3.py took 0.042 seconds
[2025-03-27T10:12:52.135+0000] {processor.py:186} INFO - Started process (PID=981) to work on /home/airflow/.local/lib/python3.12/site-packages/airflow/example_dags/example_branch_python_dop_operator_3.py
[2025-03-27T10:12:52.136+0000] {processor.py:914} INFO - Processing file /home/airflow/.local/lib/python3.12/site-packages/airflow/example_dags/example_branch_python_dop_operator_3.py for tasks to queue
[2025-03-27T10:12:52.137+0000] {logging_mixin.py:190} INFO - [2025-03-27T10:12:52.136+0000] {dagbag.py:588} INFO - Filling up the DagBag from /home/airflow/.local/lib/python3.12/site-packages/airflow/example_dags/example_branch_python_dop_operator_3.py
[2025-03-27T10:12:52.142+0000] {processor.py:925} INFO - DAG(s) 'example_branch_dop_operator_v3' retrieved from /home/airflow/.local/lib/python3.12/site-packages/airflow/example_dags/example_branch_python_dop_operator_3.py
[2025-03-27T10:12:52.152+0000] {logging_mixin.py:190} INFO - [2025-03-27T10:12:52.152+0000] {dag.py:3239} INFO - Sync 1 DAGs
[2025-03-27T10:12:52.164+0000] {logging_mixin.py:190} INFO - [2025-03-27T10:12:52.164+0000] {dag.py:4180} INFO - Setting next_dagrun for example_branch_dop_operator_v3 to 2025-03-27 10:11:00+00:00, run_after=2025-03-27 10:12:00+00:00
[2025-03-27T10:12:52.172+0000] {processor.py:208} INFO - Processing /home/airflow/.local/lib/python3.12/site-packages/airflow/example_dags/example_branch_python_dop_operator_3.py took 0.041 seconds
[2025-03-27T10:13:23.378+0000] {processor.py:186} INFO - Started process (PID=1044) to work on /home/airflow/.local/lib/python3.12/site-packages/airflow/example_dags/example_branch_python_dop_operator_3.py
[2025-03-27T10:13:23.379+0000] {processor.py:914} INFO - Processing file /home/airflow/.local/lib/python3.12/site-packages/airflow/example_dags/example_branch_python_dop_operator_3.py for tasks to queue
[2025-03-27T10:13:23.381+0000] {logging_mixin.py:190} INFO - [2025-03-27T10:13:23.380+0000] {dagbag.py:588} INFO - Filling up the DagBag from /home/airflow/.local/lib/python3.12/site-packages/airflow/example_dags/example_branch_python_dop_operator_3.py
[2025-03-27T10:13:23.386+0000] {processor.py:925} INFO - DAG(s) 'example_branch_dop_operator_v3' retrieved from /home/airflow/.local/lib/python3.12/site-packages/airflow/example_dags/example_branch_python_dop_operator_3.py
[2025-03-27T10:13:23.397+0000] {logging_mixin.py:190} INFO - [2025-03-27T10:13:23.397+0000] {dag.py:3239} INFO - Sync 1 DAGs
[2025-03-27T10:13:23.412+0000] {logging_mixin.py:190} INFO - [2025-03-27T10:13:23.412+0000] {dag.py:4180} INFO - Setting next_dagrun for example_branch_dop_operator_v3 to 2025-03-27 10:12:00+00:00, run_after=2025-03-27 10:13:00+00:00
[2025-03-27T10:13:23.423+0000] {processor.py:208} INFO - Processing /home/airflow/.local/lib/python3.12/site-packages/airflow/example_dags/example_branch_python_dop_operator_3.py took 0.048 seconds
[2025-03-27T10:13:54.515+0000] {processor.py:186} INFO - Started process (PID=1107) to work on /home/airflow/.local/lib/python3.12/site-packages/airflow/example_dags/example_branch_python_dop_operator_3.py
[2025-03-27T10:13:54.516+0000] {processor.py:914} INFO - Processing file /home/airflow/.local/lib/python3.12/site-packages/airflow/example_dags/example_branch_python_dop_operator_3.py for tasks to queue
[2025-03-27T10:13:54.520+0000] {logging_mixin.py:190} INFO - [2025-03-27T10:13:54.519+0000] {dagbag.py:588} INFO - Filling up the DagBag from /home/airflow/.local/lib/python3.12/site-packages/airflow/example_dags/example_branch_python_dop_operator_3.py
[2025-03-27T10:13:54.525+0000] {processor.py:925} INFO - DAG(s) 'example_branch_dop_operator_v3' retrieved from /home/airflow/.local/lib/python3.12/site-packages/airflow/example_dags/example_branch_python_dop_operator_3.py
[2025-03-27T10:13:54.536+0000] {logging_mixin.py:190} INFO - [2025-03-27T10:13:54.535+0000] {dag.py:3239} INFO - Sync 1 DAGs
[2025-03-27T10:13:54.548+0000] {logging_mixin.py:190} INFO - [2025-03-27T10:13:54.548+0000] {dag.py:4180} INFO - Setting next_dagrun for example_branch_dop_operator_v3 to 2025-03-27 10:12:00+00:00, run_after=2025-03-27 10:13:00+00:00
[2025-03-27T10:13:54.557+0000] {processor.py:208} INFO - Processing /home/airflow/.local/lib/python3.12/site-packages/airflow/example_dags/example_branch_python_dop_operator_3.py took 0.045 seconds
[2025-03-27T10:14:25.337+0000] {processor.py:186} INFO - Started process (PID=1170) to work on /home/airflow/.local/lib/python3.12/site-packages/airflow/example_dags/example_branch_python_dop_operator_3.py
[2025-03-27T10:14:25.337+0000] {processor.py:914} INFO - Processing file /home/airflow/.local/lib/python3.12/site-packages/airflow/example_dags/example_branch_python_dop_operator_3.py for tasks to queue
[2025-03-27T10:14:25.340+0000] {logging_mixin.py:190} INFO - [2025-03-27T10:14:25.339+0000] {dagbag.py:588} INFO - Filling up the DagBag from /home/airflow/.local/lib/python3.12/site-packages/airflow/example_dags/example_branch_python_dop_operator_3.py
[2025-03-27T10:14:25.346+0000] {processor.py:925} INFO - DAG(s) 'example_branch_dop_operator_v3' retrieved from /home/airflow/.local/lib/python3.12/site-packages/airflow/example_dags/example_branch_python_dop_operator_3.py
[2025-03-27T10:14:25.359+0000] {logging_mixin.py:190} INFO - [2025-03-27T10:14:25.359+0000] {dag.py:3239} INFO - Sync 1 DAGs
[2025-03-27T10:14:25.372+0000] {logging_mixin.py:190} INFO - [2025-03-27T10:14:25.372+0000] {dag.py:4180} INFO - Setting next_dagrun for example_branch_dop_operator_v3 to 2025-03-27 10:13:00+00:00, run_after=2025-03-27 10:14:00+00:00
[2025-03-27T10:14:25.381+0000] {processor.py:208} INFO - Processing /home/airflow/.local/lib/python3.12/site-packages/airflow/example_dags/example_branch_python_dop_operator_3.py took 0.048 seconds
[2025-03-27T10:14:56.475+0000] {processor.py:186} INFO - Started process (PID=1233) to work on /home/airflow/.local/lib/python3.12/site-packages/airflow/example_dags/example_branch_python_dop_operator_3.py
[2025-03-27T10:14:56.476+0000] {processor.py:914} INFO - Processing file /home/airflow/.local/lib/python3.12/site-packages/airflow/example_dags/example_branch_python_dop_operator_3.py for tasks to queue
[2025-03-27T10:14:56.477+0000] {logging_mixin.py:190} INFO - [2025-03-27T10:14:56.477+0000] {dagbag.py:588} INFO - Filling up the DagBag from /home/airflow/.local/lib/python3.12/site-packages/airflow/example_dags/example_branch_python_dop_operator_3.py
[2025-03-27T10:14:56.482+0000] {processor.py:925} INFO - DAG(s) 'example_branch_dop_operator_v3' retrieved from /home/airflow/.local/lib/python3.12/site-packages/airflow/example_dags/example_branch_python_dop_operator_3.py
[2025-03-27T10:14:56.493+0000] {logging_mixin.py:190} INFO - [2025-03-27T10:14:56.493+0000] {dag.py:3239} INFO - Sync 1 DAGs
[2025-03-27T10:14:56.508+0000] {logging_mixin.py:190} INFO - [2025-03-27T10:14:56.508+0000] {dag.py:4180} INFO - Setting next_dagrun for example_branch_dop_operator_v3 to 2025-03-27 10:13:00+00:00, run_after=2025-03-27 10:14:00+00:00
[2025-03-27T10:14:56.517+0000] {processor.py:208} INFO - Processing /home/airflow/.local/lib/python3.12/site-packages/airflow/example_dags/example_branch_python_dop_operator_3.py took 0.045 seconds
[2025-03-27T10:15:27.171+0000] {processor.py:186} INFO - Started process (PID=1295) to work on /home/airflow/.local/lib/python3.12/site-packages/airflow/example_dags/example_branch_python_dop_operator_3.py
[2025-03-27T10:15:27.172+0000] {processor.py:914} INFO - Processing file /home/airflow/.local/lib/python3.12/site-packages/airflow/example_dags/example_branch_python_dop_operator_3.py for tasks to queue
[2025-03-27T10:15:27.173+0000] {logging_mixin.py:190} INFO - [2025-03-27T10:15:27.173+0000] {dagbag.py:588} INFO - Filling up the DagBag from /home/airflow/.local/lib/python3.12/site-packages/airflow/example_dags/example_branch_python_dop_operator_3.py
[2025-03-27T10:15:27.180+0000] {processor.py:925} INFO - DAG(s) 'example_branch_dop_operator_v3' retrieved from /home/airflow/.local/lib/python3.12/site-packages/airflow/example_dags/example_branch_python_dop_operator_3.py
[2025-03-27T10:15:27.190+0000] {logging_mixin.py:190} INFO - [2025-03-27T10:15:27.190+0000] {dag.py:3239} INFO - Sync 1 DAGs
[2025-03-27T10:15:27.202+0000] {logging_mixin.py:190} INFO - [2025-03-27T10:15:27.202+0000] {dag.py:4180} INFO - Setting next_dagrun for example_branch_dop_operator_v3 to 2025-03-27 10:14:00+00:00, run_after=2025-03-27 10:15:00+00:00
[2025-03-27T10:15:27.211+0000] {processor.py:208} INFO - Processing /home/airflow/.local/lib/python3.12/site-packages/airflow/example_dags/example_branch_python_dop_operator_3.py took 0.044 seconds
[2025-03-27T10:15:58.118+0000] {processor.py:186} INFO - Started process (PID=1358) to work on /home/airflow/.local/lib/python3.12/site-packages/airflow/example_dags/example_branch_python_dop_operator_3.py
[2025-03-27T10:15:58.118+0000] {processor.py:914} INFO - Processing file /home/airflow/.local/lib/python3.12/site-packages/airflow/example_dags/example_branch_python_dop_operator_3.py for tasks to queue
[2025-03-27T10:15:58.119+0000] {logging_mixin.py:190} INFO - [2025-03-27T10:15:58.119+0000] {dagbag.py:588} INFO - Filling up the DagBag from /home/airflow/.local/lib/python3.12/site-packages/airflow/example_dags/example_branch_python_dop_operator_3.py
[2025-03-27T10:15:58.125+0000] {processor.py:925} INFO - DAG(s) 'example_branch_dop_operator_v3' retrieved from /home/airflow/.local/lib/python3.12/site-packages/airflow/example_dags/example_branch_python_dop_operator_3.py
[2025-03-27T10:15:58.134+0000] {logging_mixin.py:190} INFO - [2025-03-27T10:15:58.134+0000] {dag.py:3239} INFO - Sync 1 DAGs
[2025-03-27T10:15:58.145+0000] {logging_mixin.py:190} INFO - [2025-03-27T10:15:58.145+0000] {dag.py:4180} INFO - Setting next_dagrun for example_branch_dop_operator_v3 to 2025-03-27 10:14:00+00:00, run_after=2025-03-27 10:15:00+00:00
[2025-03-27T10:15:58.154+0000] {processor.py:208} INFO - Processing /home/airflow/.local/lib/python3.12/site-packages/airflow/example_dags/example_branch_python_dop_operator_3.py took 0.039 seconds
[2025-03-27T10:16:29.352+0000] {processor.py:186} INFO - Started process (PID=1421) to work on /home/airflow/.local/lib/python3.12/site-packages/airflow/example_dags/example_branch_python_dop_operator_3.py
[2025-03-27T10:16:29.355+0000] {processor.py:914} INFO - Processing file /home/airflow/.local/lib/python3.12/site-packages/airflow/example_dags/example_branch_python_dop_operator_3.py for tasks to queue
[2025-03-27T10:16:29.356+0000] {logging_mixin.py:190} INFO - [2025-03-27T10:16:29.356+0000] {dagbag.py:588} INFO - Filling up the DagBag from /home/airflow/.local/lib/python3.12/site-packages/airflow/example_dags/example_branch_python_dop_operator_3.py
[2025-03-27T10:16:29.362+0000] {processor.py:925} INFO - DAG(s) 'example_branch_dop_operator_v3' retrieved from /home/airflow/.local/lib/python3.12/site-packages/airflow/example_dags/example_branch_python_dop_operator_3.py
[2025-03-27T10:16:29.371+0000] {logging_mixin.py:190} INFO - [2025-03-27T10:16:29.371+0000] {dag.py:3239} INFO - Sync 1 DAGs
[2025-03-27T10:16:29.384+0000] {logging_mixin.py:190} INFO - [2025-03-27T10:16:29.383+0000] {dag.py:4180} INFO - Setting next_dagrun for example_branch_dop_operator_v3 to 2025-03-27 10:15:00+00:00, run_after=2025-03-27 10:16:00+00:00
[2025-03-27T10:16:29.391+0000] {processor.py:208} INFO - Processing /home/airflow/.local/lib/python3.12/site-packages/airflow/example_dags/example_branch_python_dop_operator_3.py took 0.043 seconds
[2025-03-27T10:17:00.266+0000] {processor.py:186} INFO - Started process (PID=1484) to work on /home/airflow/.local/lib/python3.12/site-packages/airflow/example_dags/example_branch_python_dop_operator_3.py
[2025-03-27T10:17:00.267+0000] {processor.py:914} INFO - Processing file /home/airflow/.local/lib/python3.12/site-packages/airflow/example_dags/example_branch_python_dop_operator_3.py for tasks to queue
[2025-03-27T10:17:00.268+0000] {logging_mixin.py:190} INFO - [2025-03-27T10:17:00.268+0000] {dagbag.py:588} INFO - Filling up the DagBag from /home/airflow/.local/lib/python3.12/site-packages/airflow/example_dags/example_branch_python_dop_operator_3.py
[2025-03-27T10:17:00.275+0000] {processor.py:925} INFO - DAG(s) 'example_branch_dop_operator_v3' retrieved from /home/airflow/.local/lib/python3.12/site-packages/airflow/example_dags/example_branch_python_dop_operator_3.py
[2025-03-27T10:17:00.285+0000] {logging_mixin.py:190} INFO - [2025-03-27T10:17:00.285+0000] {dag.py:3239} INFO - Sync 1 DAGs
[2025-03-27T10:17:00.301+0000] {logging_mixin.py:190} INFO - [2025-03-27T10:17:00.301+0000] {dag.py:4180} INFO - Setting next_dagrun for example_branch_dop_operator_v3 to 2025-03-27 10:16:00+00:00, run_after=2025-03-27 10:17:00+00:00
[2025-03-27T10:17:00.309+0000] {processor.py:208} INFO - Processing /home/airflow/.local/lib/python3.12/site-packages/airflow/example_dags/example_branch_python_dop_operator_3.py took 0.046 seconds
[2025-03-27T10:17:31.115+0000] {processor.py:186} INFO - Started process (PID=1547) to work on /home/airflow/.local/lib/python3.12/site-packages/airflow/example_dags/example_branch_python_dop_operator_3.py
[2025-03-27T10:17:31.116+0000] {processor.py:914} INFO - Processing file /home/airflow/.local/lib/python3.12/site-packages/airflow/example_dags/example_branch_python_dop_operator_3.py for tasks to queue
[2025-03-27T10:17:31.118+0000] {logging_mixin.py:190} INFO - [2025-03-27T10:17:31.118+0000] {dagbag.py:588} INFO - Filling up the DagBag from /home/airflow/.local/lib/python3.12/site-packages/airflow/example_dags/example_branch_python_dop_operator_3.py
[2025-03-27T10:17:31.124+0000] {processor.py:925} INFO - DAG(s) 'example_branch_dop_operator_v3' retrieved from /home/airflow/.local/lib/python3.12/site-packages/airflow/example_dags/example_branch_python_dop_operator_3.py
[2025-03-27T10:17:31.133+0000] {logging_mixin.py:190} INFO - [2025-03-27T10:17:31.133+0000] {dag.py:3239} INFO - Sync 1 DAGs
[2025-03-27T10:17:31.145+0000] {logging_mixin.py:190} INFO - [2025-03-27T10:17:31.144+0000] {dag.py:4180} INFO - Setting next_dagrun for example_branch_dop_operator_v3 to 2025-03-27 10:16:00+00:00, run_after=2025-03-27 10:17:00+00:00
[2025-03-27T10:17:31.153+0000] {processor.py:208} INFO - Processing /home/airflow/.local/lib/python3.12/site-packages/airflow/example_dags/example_branch_python_dop_operator_3.py took 0.042 seconds
[2025-03-27T10:18:02.123+0000] {processor.py:186} INFO - Started process (PID=1610) to work on /home/airflow/.local/lib/python3.12/site-packages/airflow/example_dags/example_branch_python_dop_operator_3.py
[2025-03-27T10:18:02.124+0000] {processor.py:914} INFO - Processing file /home/airflow/.local/lib/python3.12/site-packages/airflow/example_dags/example_branch_python_dop_operator_3.py for tasks to queue
[2025-03-27T10:18:02.128+0000] {logging_mixin.py:190} INFO - [2025-03-27T10:18:02.128+0000] {dagbag.py:588} INFO - Filling up the DagBag from /home/airflow/.local/lib/python3.12/site-packages/airflow/example_dags/example_branch_python_dop_operator_3.py
[2025-03-27T10:18:02.134+0000] {processor.py:925} INFO - DAG(s) 'example_branch_dop_operator_v3' retrieved from /home/airflow/.local/lib/python3.12/site-packages/airflow/example_dags/example_branch_python_dop_operator_3.py
[2025-03-27T10:18:02.144+0000] {logging_mixin.py:190} INFO - [2025-03-27T10:18:02.144+0000] {dag.py:3239} INFO - Sync 1 DAGs
[2025-03-27T10:18:02.162+0000] {logging_mixin.py:190} INFO - [2025-03-27T10:18:02.162+0000] {dag.py:4180} INFO - Setting next_dagrun for example_branch_dop_operator_v3 to 2025-03-27 10:17:00+00:00, run_after=2025-03-27 10:18:00+00:00
[2025-03-27T10:18:02.171+0000] {processor.py:208} INFO - Processing /home/airflow/.local/lib/python3.12/site-packages/airflow/example_dags/example_branch_python_dop_operator_3.py took 0.051 seconds
