[2025-03-27T10:05:36.125+0000] {processor.py:186} INFO - Started process (PID=71) to work on /home/airflow/.local/lib/python3.12/site-packages/airflow/example_dags/example_dataset_alias_with_no_taskflow.py
[2025-03-27T10:05:36.126+0000] {processor.py:914} INFO - Processing file /home/airflow/.local/lib/python3.12/site-packages/airflow/example_dags/example_dataset_alias_with_no_taskflow.py for tasks to queue
[2025-03-27T10:05:36.128+0000] {logging_mixin.py:190} INFO - [2025-03-27T10:05:36.128+0000] {dagbag.py:588} INFO - Filling up the DagBag from /home/airflow/.local/lib/python3.12/site-packages/airflow/example_dags/example_dataset_alias_with_no_taskflow.py
[2025-03-27T10:05:36.592+0000] {processor.py:925} INFO - DAG(s) 'dataset_s3_bucket_producer_with_no_taskflow', 'dataset_s3_bucket_consumer_with_no_taskflow', 'dataset_alias_example_alias_producer_with_no_taskflow', 'dataset_alias_example_alias_consumer_with_no_taskflow' retrieved from /home/airflow/.local/lib/python3.12/site-packages/airflow/example_dags/example_dataset_alias_with_no_taskflow.py
[2025-03-27T10:05:36.652+0000] {logging_mixin.py:190} INFO - [2025-03-27T10:05:36.651+0000] {override.py:1912} INFO - Created Permission View: can read on DAG:dataset_s3_bucket_producer_with_no_taskflow
[2025-03-27T10:05:36.658+0000] {logging_mixin.py:190} INFO - [2025-03-27T10:05:36.658+0000] {override.py:1912} INFO - Created Permission View: can delete on DAG:dataset_s3_bucket_producer_with_no_taskflow
[2025-03-27T10:05:36.661+0000] {logging_mixin.py:190} INFO - [2025-03-27T10:05:36.661+0000] {override.py:1912} INFO - Created Permission View: can edit on DAG:dataset_s3_bucket_producer_with_no_taskflow
[2025-03-27T10:05:36.666+0000] {logging_mixin.py:190} INFO - [2025-03-27T10:05:36.666+0000] {override.py:1912} INFO - Created Permission View: can read on DAG Run:dataset_s3_bucket_producer_with_no_taskflow
[2025-03-27T10:05:36.670+0000] {logging_mixin.py:190} INFO - [2025-03-27T10:05:36.670+0000] {override.py:1912} INFO - Created Permission View: can delete on DAG Run:dataset_s3_bucket_producer_with_no_taskflow
[2025-03-27T10:05:36.674+0000] {logging_mixin.py:190} INFO - [2025-03-27T10:05:36.674+0000] {override.py:1912} INFO - Created Permission View: can create on DAG Run:dataset_s3_bucket_producer_with_no_taskflow
[2025-03-27T10:05:36.679+0000] {logging_mixin.py:190} INFO - [2025-03-27T10:05:36.679+0000] {override.py:1912} INFO - Created Permission View: menu access on DAG Run:dataset_s3_bucket_producer_with_no_taskflow
[2025-03-27T10:05:36.687+0000] {logging_mixin.py:190} INFO - [2025-03-27T10:05:36.687+0000] {override.py:1912} INFO - Created Permission View: can read on DAG:dataset_s3_bucket_consumer_with_no_taskflow
[2025-03-27T10:05:36.691+0000] {logging_mixin.py:190} INFO - [2025-03-27T10:05:36.691+0000] {override.py:1912} INFO - Created Permission View: can delete on DAG:dataset_s3_bucket_consumer_with_no_taskflow
[2025-03-27T10:05:36.694+0000] {logging_mixin.py:190} INFO - [2025-03-27T10:05:36.694+0000] {override.py:1912} INFO - Created Permission View: can edit on DAG:dataset_s3_bucket_consumer_with_no_taskflow
[2025-03-27T10:05:36.698+0000] {logging_mixin.py:190} INFO - [2025-03-27T10:05:36.698+0000] {override.py:1912} INFO - Created Permission View: can read on DAG Run:dataset_s3_bucket_consumer_with_no_taskflow
[2025-03-27T10:05:36.702+0000] {logging_mixin.py:190} INFO - [2025-03-27T10:05:36.702+0000] {override.py:1912} INFO - Created Permission View: can delete on DAG Run:dataset_s3_bucket_consumer_with_no_taskflow
[2025-03-27T10:05:36.705+0000] {logging_mixin.py:190} INFO - [2025-03-27T10:05:36.705+0000] {override.py:1912} INFO - Created Permission View: can create on DAG Run:dataset_s3_bucket_consumer_with_no_taskflow
[2025-03-27T10:05:36.709+0000] {logging_mixin.py:190} INFO - [2025-03-27T10:05:36.709+0000] {override.py:1912} INFO - Created Permission View: menu access on DAG Run:dataset_s3_bucket_consumer_with_no_taskflow
[2025-03-27T10:05:36.716+0000] {logging_mixin.py:190} INFO - [2025-03-27T10:05:36.716+0000] {override.py:1912} INFO - Created Permission View: can read on DAG:dataset_alias_example_alias_producer_with_no_taskflow
[2025-03-27T10:05:36.720+0000] {logging_mixin.py:190} INFO - [2025-03-27T10:05:36.720+0000] {override.py:1912} INFO - Created Permission View: can delete on DAG:dataset_alias_example_alias_producer_with_no_taskflow
[2025-03-27T10:05:36.723+0000] {logging_mixin.py:190} INFO - [2025-03-27T10:05:36.723+0000] {override.py:1912} INFO - Created Permission View: can edit on DAG:dataset_alias_example_alias_producer_with_no_taskflow
[2025-03-27T10:05:36.727+0000] {logging_mixin.py:190} INFO - [2025-03-27T10:05:36.727+0000] {override.py:1912} INFO - Created Permission View: can read on DAG Run:dataset_alias_example_alias_producer_with_no_taskflow
[2025-03-27T10:05:36.730+0000] {logging_mixin.py:190} INFO - [2025-03-27T10:05:36.730+0000] {override.py:1912} INFO - Created Permission View: can delete on DAG Run:dataset_alias_example_alias_producer_with_no_taskflow
[2025-03-27T10:05:36.733+0000] {logging_mixin.py:190} INFO - [2025-03-27T10:05:36.733+0000] {override.py:1912} INFO - Created Permission View: can create on DAG Run:dataset_alias_example_alias_producer_with_no_taskflow
[2025-03-27T10:05:36.737+0000] {logging_mixin.py:190} INFO - [2025-03-27T10:05:36.737+0000] {override.py:1912} INFO - Created Permission View: menu access on DAG Run:dataset_alias_example_alias_producer_with_no_taskflow
[2025-03-27T10:05:36.745+0000] {logging_mixin.py:190} INFO - [2025-03-27T10:05:36.745+0000] {override.py:1912} INFO - Created Permission View: can read on DAG:dataset_alias_example_alias_consumer_with_no_taskflow
[2025-03-27T10:05:36.749+0000] {logging_mixin.py:190} INFO - [2025-03-27T10:05:36.748+0000] {override.py:1912} INFO - Created Permission View: can delete on DAG:dataset_alias_example_alias_consumer_with_no_taskflow
[2025-03-27T10:05:36.752+0000] {logging_mixin.py:190} INFO - [2025-03-27T10:05:36.752+0000] {override.py:1912} INFO - Created Permission View: can edit on DAG:dataset_alias_example_alias_consumer_with_no_taskflow
[2025-03-27T10:05:36.756+0000] {logging_mixin.py:190} INFO - [2025-03-27T10:05:36.755+0000] {override.py:1912} INFO - Created Permission View: can read on DAG Run:dataset_alias_example_alias_consumer_with_no_taskflow
[2025-03-27T10:05:36.759+0000] {logging_mixin.py:190} INFO - [2025-03-27T10:05:36.759+0000] {override.py:1912} INFO - Created Permission View: can delete on DAG Run:dataset_alias_example_alias_consumer_with_no_taskflow
[2025-03-27T10:05:36.762+0000] {logging_mixin.py:190} INFO - [2025-03-27T10:05:36.762+0000] {override.py:1912} INFO - Created Permission View: can create on DAG Run:dataset_alias_example_alias_consumer_with_no_taskflow
[2025-03-27T10:05:36.765+0000] {logging_mixin.py:190} INFO - [2025-03-27T10:05:36.765+0000] {override.py:1912} INFO - Created Permission View: menu access on DAG Run:dataset_alias_example_alias_consumer_with_no_taskflow
[2025-03-27T10:05:36.766+0000] {logging_mixin.py:190} INFO - [2025-03-27T10:05:36.766+0000] {dag.py:3239} INFO - Sync 4 DAGs
[2025-03-27T10:05:36.774+0000] {logging_mixin.py:190} INFO - [2025-03-27T10:05:36.773+0000] {dag.py:3262} INFO - Creating ORM DAG for dataset_alias_example_alias_consumer_with_no_taskflow
[2025-03-27T10:05:36.774+0000] {logging_mixin.py:190} INFO - [2025-03-27T10:05:36.774+0000] {dag.py:3262} INFO - Creating ORM DAG for dataset_s3_bucket_producer_with_no_taskflow
[2025-03-27T10:05:36.774+0000] {logging_mixin.py:190} INFO - [2025-03-27T10:05:36.774+0000] {dag.py:3262} INFO - Creating ORM DAG for dataset_alias_example_alias_producer_with_no_taskflow
[2025-03-27T10:05:36.775+0000] {logging_mixin.py:190} INFO - [2025-03-27T10:05:36.775+0000] {dag.py:3262} INFO - Creating ORM DAG for dataset_s3_bucket_consumer_with_no_taskflow
[2025-03-27T10:05:36.779+0000] {logging_mixin.py:190} INFO - [2025-03-27T10:05:36.779+0000] {dag.py:4180} INFO - Setting next_dagrun for dataset_alias_example_alias_consumer_with_no_taskflow to None, run_after=None
[2025-03-27T10:05:36.780+0000] {logging_mixin.py:190} INFO - [2025-03-27T10:05:36.780+0000] {dag.py:4180} INFO - Setting next_dagrun for dataset_alias_example_alias_producer_with_no_taskflow to None, run_after=None
[2025-03-27T10:05:36.780+0000] {logging_mixin.py:190} INFO - [2025-03-27T10:05:36.780+0000] {dag.py:4180} INFO - Setting next_dagrun for dataset_s3_bucket_consumer_with_no_taskflow to None, run_after=None
[2025-03-27T10:05:36.781+0000] {logging_mixin.py:190} INFO - [2025-03-27T10:05:36.781+0000] {dag.py:4180} INFO - Setting next_dagrun for dataset_s3_bucket_producer_with_no_taskflow to None, run_after=None
[2025-03-27T10:05:36.795+0000] {processor.py:208} INFO - Processing /home/airflow/.local/lib/python3.12/site-packages/airflow/example_dags/example_dataset_alias_with_no_taskflow.py took 0.678 seconds
[2025-03-27T10:06:06.844+0000] {processor.py:186} INFO - Started process (PID=133) to work on /home/airflow/.local/lib/python3.12/site-packages/airflow/example_dags/example_dataset_alias_with_no_taskflow.py
[2025-03-27T10:06:06.845+0000] {processor.py:914} INFO - Processing file /home/airflow/.local/lib/python3.12/site-packages/airflow/example_dags/example_dataset_alias_with_no_taskflow.py for tasks to queue
[2025-03-27T10:06:06.846+0000] {logging_mixin.py:190} INFO - [2025-03-27T10:06:06.846+0000] {dagbag.py:588} INFO - Filling up the DagBag from /home/airflow/.local/lib/python3.12/site-packages/airflow/example_dags/example_dataset_alias_with_no_taskflow.py
[2025-03-27T10:06:07.225+0000] {processor.py:925} INFO - DAG(s) 'dataset_alias_example_alias_producer_with_no_taskflow', 'dataset_s3_bucket_producer_with_no_taskflow', 'dataset_alias_example_alias_consumer_with_no_taskflow', 'dataset_s3_bucket_consumer_with_no_taskflow' retrieved from /home/airflow/.local/lib/python3.12/site-packages/airflow/example_dags/example_dataset_alias_with_no_taskflow.py
[2025-03-27T10:06:07.236+0000] {logging_mixin.py:190} INFO - [2025-03-27T10:06:07.235+0000] {dag.py:3239} INFO - Sync 4 DAGs
[2025-03-27T10:06:07.246+0000] {logging_mixin.py:190} INFO - [2025-03-27T10:06:07.246+0000] {dag.py:4180} INFO - Setting next_dagrun for dataset_alias_example_alias_consumer_with_no_taskflow to None, run_after=None
[2025-03-27T10:06:07.247+0000] {logging_mixin.py:190} INFO - [2025-03-27T10:06:07.247+0000] {dag.py:4180} INFO - Setting next_dagrun for dataset_alias_example_alias_producer_with_no_taskflow to None, run_after=None
[2025-03-27T10:06:07.248+0000] {logging_mixin.py:190} INFO - [2025-03-27T10:06:07.248+0000] {dag.py:4180} INFO - Setting next_dagrun for dataset_s3_bucket_consumer_with_no_taskflow to None, run_after=None
[2025-03-27T10:06:07.248+0000] {logging_mixin.py:190} INFO - [2025-03-27T10:06:07.248+0000] {dag.py:4180} INFO - Setting next_dagrun for dataset_s3_bucket_producer_with_no_taskflow to None, run_after=None
[2025-03-27T10:06:07.256+0000] {processor.py:208} INFO - Processing /home/airflow/.local/lib/python3.12/site-packages/airflow/example_dags/example_dataset_alias_with_no_taskflow.py took 0.416 seconds
[2025-03-27T10:06:37.918+0000] {processor.py:186} INFO - Started process (PID=197) to work on /home/airflow/.local/lib/python3.12/site-packages/airflow/example_dags/example_dataset_alias_with_no_taskflow.py
[2025-03-27T10:06:37.918+0000] {processor.py:914} INFO - Processing file /home/airflow/.local/lib/python3.12/site-packages/airflow/example_dags/example_dataset_alias_with_no_taskflow.py for tasks to queue
[2025-03-27T10:06:37.923+0000] {logging_mixin.py:190} INFO - [2025-03-27T10:06:37.923+0000] {dagbag.py:588} INFO - Filling up the DagBag from /home/airflow/.local/lib/python3.12/site-packages/airflow/example_dags/example_dataset_alias_with_no_taskflow.py
[2025-03-27T10:06:38.349+0000] {processor.py:925} INFO - DAG(s) 'dataset_alias_example_alias_consumer_with_no_taskflow', 'dataset_s3_bucket_consumer_with_no_taskflow', 'dataset_alias_example_alias_producer_with_no_taskflow', 'dataset_s3_bucket_producer_with_no_taskflow' retrieved from /home/airflow/.local/lib/python3.12/site-packages/airflow/example_dags/example_dataset_alias_with_no_taskflow.py
[2025-03-27T10:06:38.360+0000] {logging_mixin.py:190} INFO - [2025-03-27T10:06:38.360+0000] {dag.py:3239} INFO - Sync 4 DAGs
[2025-03-27T10:06:38.372+0000] {logging_mixin.py:190} INFO - [2025-03-27T10:06:38.372+0000] {dag.py:4180} INFO - Setting next_dagrun for dataset_alias_example_alias_consumer_with_no_taskflow to None, run_after=None
[2025-03-27T10:06:38.373+0000] {logging_mixin.py:190} INFO - [2025-03-27T10:06:38.373+0000] {dag.py:4180} INFO - Setting next_dagrun for dataset_alias_example_alias_producer_with_no_taskflow to None, run_after=None
[2025-03-27T10:06:38.375+0000] {logging_mixin.py:190} INFO - [2025-03-27T10:06:38.375+0000] {dag.py:4180} INFO - Setting next_dagrun for dataset_s3_bucket_consumer_with_no_taskflow to None, run_after=None
[2025-03-27T10:06:38.377+0000] {logging_mixin.py:190} INFO - [2025-03-27T10:06:38.377+0000] {dag.py:4180} INFO - Setting next_dagrun for dataset_s3_bucket_producer_with_no_taskflow to None, run_after=None
[2025-03-27T10:06:38.386+0000] {processor.py:208} INFO - Processing /home/airflow/.local/lib/python3.12/site-packages/airflow/example_dags/example_dataset_alias_with_no_taskflow.py took 0.475 seconds
[2025-03-27T10:07:09.147+0000] {processor.py:186} INFO - Started process (PID=260) to work on /home/airflow/.local/lib/python3.12/site-packages/airflow/example_dags/example_dataset_alias_with_no_taskflow.py
[2025-03-27T10:07:09.148+0000] {processor.py:914} INFO - Processing file /home/airflow/.local/lib/python3.12/site-packages/airflow/example_dags/example_dataset_alias_with_no_taskflow.py for tasks to queue
[2025-03-27T10:07:09.149+0000] {logging_mixin.py:190} INFO - [2025-03-27T10:07:09.149+0000] {dagbag.py:588} INFO - Filling up the DagBag from /home/airflow/.local/lib/python3.12/site-packages/airflow/example_dags/example_dataset_alias_with_no_taskflow.py
[2025-03-27T10:07:09.512+0000] {processor.py:925} INFO - DAG(s) 'dataset_s3_bucket_consumer_with_no_taskflow', 'dataset_s3_bucket_producer_with_no_taskflow', 'dataset_alias_example_alias_producer_with_no_taskflow', 'dataset_alias_example_alias_consumer_with_no_taskflow' retrieved from /home/airflow/.local/lib/python3.12/site-packages/airflow/example_dags/example_dataset_alias_with_no_taskflow.py
[2025-03-27T10:07:09.523+0000] {logging_mixin.py:190} INFO - [2025-03-27T10:07:09.523+0000] {dag.py:3239} INFO - Sync 4 DAGs
[2025-03-27T10:07:09.535+0000] {logging_mixin.py:190} INFO - [2025-03-27T10:07:09.535+0000] {dag.py:4180} INFO - Setting next_dagrun for dataset_alias_example_alias_consumer_with_no_taskflow to None, run_after=None
[2025-03-27T10:07:09.538+0000] {logging_mixin.py:190} INFO - [2025-03-27T10:07:09.538+0000] {dag.py:4180} INFO - Setting next_dagrun for dataset_alias_example_alias_producer_with_no_taskflow to None, run_after=None
[2025-03-27T10:07:09.539+0000] {logging_mixin.py:190} INFO - [2025-03-27T10:07:09.539+0000] {dag.py:4180} INFO - Setting next_dagrun for dataset_s3_bucket_consumer_with_no_taskflow to None, run_after=None
[2025-03-27T10:07:09.540+0000] {logging_mixin.py:190} INFO - [2025-03-27T10:07:09.540+0000] {dag.py:4180} INFO - Setting next_dagrun for dataset_s3_bucket_producer_with_no_taskflow to None, run_after=None
[2025-03-27T10:07:09.551+0000] {processor.py:208} INFO - Processing /home/airflow/.local/lib/python3.12/site-packages/airflow/example_dags/example_dataset_alias_with_no_taskflow.py took 0.407 seconds
[2025-03-27T10:07:40.314+0000] {processor.py:186} INFO - Started process (PID=323) to work on /home/airflow/.local/lib/python3.12/site-packages/airflow/example_dags/example_dataset_alias_with_no_taskflow.py
[2025-03-27T10:07:40.316+0000] {processor.py:914} INFO - Processing file /home/airflow/.local/lib/python3.12/site-packages/airflow/example_dags/example_dataset_alias_with_no_taskflow.py for tasks to queue
[2025-03-27T10:07:40.319+0000] {logging_mixin.py:190} INFO - [2025-03-27T10:07:40.318+0000] {dagbag.py:588} INFO - Filling up the DagBag from /home/airflow/.local/lib/python3.12/site-packages/airflow/example_dags/example_dataset_alias_with_no_taskflow.py
[2025-03-27T10:07:40.762+0000] {processor.py:925} INFO - DAG(s) 'dataset_s3_bucket_consumer_with_no_taskflow', 'dataset_alias_example_alias_consumer_with_no_taskflow', 'dataset_s3_bucket_producer_with_no_taskflow', 'dataset_alias_example_alias_producer_with_no_taskflow' retrieved from /home/airflow/.local/lib/python3.12/site-packages/airflow/example_dags/example_dataset_alias_with_no_taskflow.py
[2025-03-27T10:07:40.773+0000] {logging_mixin.py:190} INFO - [2025-03-27T10:07:40.773+0000] {dag.py:3239} INFO - Sync 4 DAGs
[2025-03-27T10:07:40.783+0000] {logging_mixin.py:190} INFO - [2025-03-27T10:07:40.782+0000] {dag.py:4180} INFO - Setting next_dagrun for dataset_alias_example_alias_consumer_with_no_taskflow to None, run_after=None
[2025-03-27T10:07:40.785+0000] {logging_mixin.py:190} INFO - [2025-03-27T10:07:40.784+0000] {dag.py:4180} INFO - Setting next_dagrun for dataset_alias_example_alias_producer_with_no_taskflow to None, run_after=None
[2025-03-27T10:07:40.788+0000] {logging_mixin.py:190} INFO - [2025-03-27T10:07:40.788+0000] {dag.py:4180} INFO - Setting next_dagrun for dataset_s3_bucket_consumer_with_no_taskflow to None, run_after=None
[2025-03-27T10:07:40.789+0000] {logging_mixin.py:190} INFO - [2025-03-27T10:07:40.789+0000] {dag.py:4180} INFO - Setting next_dagrun for dataset_s3_bucket_producer_with_no_taskflow to None, run_after=None
[2025-03-27T10:07:40.800+0000] {processor.py:208} INFO - Processing /home/airflow/.local/lib/python3.12/site-packages/airflow/example_dags/example_dataset_alias_with_no_taskflow.py took 0.493 seconds
[2025-03-27T10:08:11.283+0000] {processor.py:186} INFO - Started process (PID=385) to work on /home/airflow/.local/lib/python3.12/site-packages/airflow/example_dags/example_dataset_alias_with_no_taskflow.py
[2025-03-27T10:08:11.284+0000] {processor.py:914} INFO - Processing file /home/airflow/.local/lib/python3.12/site-packages/airflow/example_dags/example_dataset_alias_with_no_taskflow.py for tasks to queue
[2025-03-27T10:08:11.287+0000] {logging_mixin.py:190} INFO - [2025-03-27T10:08:11.286+0000] {dagbag.py:588} INFO - Filling up the DagBag from /home/airflow/.local/lib/python3.12/site-packages/airflow/example_dags/example_dataset_alias_with_no_taskflow.py
[2025-03-27T10:08:11.588+0000] {processor.py:925} INFO - DAG(s) 'dataset_alias_example_alias_producer_with_no_taskflow', 'dataset_s3_bucket_consumer_with_no_taskflow', 'dataset_s3_bucket_producer_with_no_taskflow', 'dataset_alias_example_alias_consumer_with_no_taskflow' retrieved from /home/airflow/.local/lib/python3.12/site-packages/airflow/example_dags/example_dataset_alias_with_no_taskflow.py
[2025-03-27T10:08:11.598+0000] {logging_mixin.py:190} INFO - [2025-03-27T10:08:11.598+0000] {dag.py:3239} INFO - Sync 4 DAGs
[2025-03-27T10:08:11.608+0000] {logging_mixin.py:190} INFO - [2025-03-27T10:08:11.608+0000] {dag.py:4180} INFO - Setting next_dagrun for dataset_alias_example_alias_consumer_with_no_taskflow to None, run_after=None
[2025-03-27T10:08:11.609+0000] {logging_mixin.py:190} INFO - [2025-03-27T10:08:11.609+0000] {dag.py:4180} INFO - Setting next_dagrun for dataset_alias_example_alias_producer_with_no_taskflow to None, run_after=None
[2025-03-27T10:08:11.610+0000] {logging_mixin.py:190} INFO - [2025-03-27T10:08:11.610+0000] {dag.py:4180} INFO - Setting next_dagrun for dataset_s3_bucket_consumer_with_no_taskflow to None, run_after=None
[2025-03-27T10:08:11.611+0000] {logging_mixin.py:190} INFO - [2025-03-27T10:08:11.611+0000] {dag.py:4180} INFO - Setting next_dagrun for dataset_s3_bucket_producer_with_no_taskflow to None, run_after=None
[2025-03-27T10:08:11.620+0000] {processor.py:208} INFO - Processing /home/airflow/.local/lib/python3.12/site-packages/airflow/example_dags/example_dataset_alias_with_no_taskflow.py took 0.343 seconds
[2025-03-27T10:08:42.117+0000] {processor.py:186} INFO - Started process (PID=448) to work on /home/airflow/.local/lib/python3.12/site-packages/airflow/example_dags/example_dataset_alias_with_no_taskflow.py
[2025-03-27T10:08:42.118+0000] {processor.py:914} INFO - Processing file /home/airflow/.local/lib/python3.12/site-packages/airflow/example_dags/example_dataset_alias_with_no_taskflow.py for tasks to queue
[2025-03-27T10:08:42.121+0000] {logging_mixin.py:190} INFO - [2025-03-27T10:08:42.120+0000] {dagbag.py:588} INFO - Filling up the DagBag from /home/airflow/.local/lib/python3.12/site-packages/airflow/example_dags/example_dataset_alias_with_no_taskflow.py
[2025-03-27T10:08:42.568+0000] {processor.py:925} INFO - DAG(s) 'dataset_alias_example_alias_producer_with_no_taskflow', 'dataset_s3_bucket_producer_with_no_taskflow', 'dataset_s3_bucket_consumer_with_no_taskflow', 'dataset_alias_example_alias_consumer_with_no_taskflow' retrieved from /home/airflow/.local/lib/python3.12/site-packages/airflow/example_dags/example_dataset_alias_with_no_taskflow.py
[2025-03-27T10:08:42.579+0000] {logging_mixin.py:190} INFO - [2025-03-27T10:08:42.579+0000] {dag.py:3239} INFO - Sync 4 DAGs
[2025-03-27T10:08:42.589+0000] {logging_mixin.py:190} INFO - [2025-03-27T10:08:42.589+0000] {dag.py:4180} INFO - Setting next_dagrun for dataset_alias_example_alias_consumer_with_no_taskflow to None, run_after=None
[2025-03-27T10:08:42.590+0000] {logging_mixin.py:190} INFO - [2025-03-27T10:08:42.590+0000] {dag.py:4180} INFO - Setting next_dagrun for dataset_alias_example_alias_producer_with_no_taskflow to None, run_after=None
[2025-03-27T10:08:42.591+0000] {logging_mixin.py:190} INFO - [2025-03-27T10:08:42.591+0000] {dag.py:4180} INFO - Setting next_dagrun for dataset_s3_bucket_consumer_with_no_taskflow to None, run_after=None
[2025-03-27T10:08:42.592+0000] {logging_mixin.py:190} INFO - [2025-03-27T10:08:42.592+0000] {dag.py:4180} INFO - Setting next_dagrun for dataset_s3_bucket_producer_with_no_taskflow to None, run_after=None
[2025-03-27T10:08:42.601+0000] {processor.py:208} INFO - Processing /home/airflow/.local/lib/python3.12/site-packages/airflow/example_dags/example_dataset_alias_with_no_taskflow.py took 0.490 seconds
[2025-03-27T10:09:13.149+0000] {processor.py:186} INFO - Started process (PID=510) to work on /home/airflow/.local/lib/python3.12/site-packages/airflow/example_dags/example_dataset_alias_with_no_taskflow.py
[2025-03-27T10:09:13.150+0000] {processor.py:914} INFO - Processing file /home/airflow/.local/lib/python3.12/site-packages/airflow/example_dags/example_dataset_alias_with_no_taskflow.py for tasks to queue
[2025-03-27T10:09:13.156+0000] {logging_mixin.py:190} INFO - [2025-03-27T10:09:13.155+0000] {dagbag.py:588} INFO - Filling up the DagBag from /home/airflow/.local/lib/python3.12/site-packages/airflow/example_dags/example_dataset_alias_with_no_taskflow.py
[2025-03-27T10:09:13.489+0000] {processor.py:925} INFO - DAG(s) 'dataset_s3_bucket_producer_with_no_taskflow', 'dataset_alias_example_alias_producer_with_no_taskflow', 'dataset_alias_example_alias_consumer_with_no_taskflow', 'dataset_s3_bucket_consumer_with_no_taskflow' retrieved from /home/airflow/.local/lib/python3.12/site-packages/airflow/example_dags/example_dataset_alias_with_no_taskflow.py
[2025-03-27T10:09:13.498+0000] {logging_mixin.py:190} INFO - [2025-03-27T10:09:13.498+0000] {dag.py:3239} INFO - Sync 4 DAGs
[2025-03-27T10:09:13.510+0000] {logging_mixin.py:190} INFO - [2025-03-27T10:09:13.510+0000] {dag.py:4180} INFO - Setting next_dagrun for dataset_alias_example_alias_consumer_with_no_taskflow to None, run_after=None
[2025-03-27T10:09:13.511+0000] {logging_mixin.py:190} INFO - [2025-03-27T10:09:13.511+0000] {dag.py:4180} INFO - Setting next_dagrun for dataset_alias_example_alias_producer_with_no_taskflow to None, run_after=None
[2025-03-27T10:09:13.512+0000] {logging_mixin.py:190} INFO - [2025-03-27T10:09:13.512+0000] {dag.py:4180} INFO - Setting next_dagrun for dataset_s3_bucket_consumer_with_no_taskflow to None, run_after=None
[2025-03-27T10:09:13.512+0000] {logging_mixin.py:190} INFO - [2025-03-27T10:09:13.512+0000] {dag.py:4180} INFO - Setting next_dagrun for dataset_s3_bucket_producer_with_no_taskflow to None, run_after=None
[2025-03-27T10:09:13.521+0000] {processor.py:208} INFO - Processing /home/airflow/.local/lib/python3.12/site-packages/airflow/example_dags/example_dataset_alias_with_no_taskflow.py took 0.377 seconds
[2025-03-27T10:09:43.832+0000] {processor.py:186} INFO - Started process (PID=573) to work on /home/airflow/.local/lib/python3.12/site-packages/airflow/example_dags/example_dataset_alias_with_no_taskflow.py
[2025-03-27T10:09:43.835+0000] {processor.py:914} INFO - Processing file /home/airflow/.local/lib/python3.12/site-packages/airflow/example_dags/example_dataset_alias_with_no_taskflow.py for tasks to queue
[2025-03-27T10:09:43.838+0000] {logging_mixin.py:190} INFO - [2025-03-27T10:09:43.838+0000] {dagbag.py:588} INFO - Filling up the DagBag from /home/airflow/.local/lib/python3.12/site-packages/airflow/example_dags/example_dataset_alias_with_no_taskflow.py
[2025-03-27T10:09:44.248+0000] {processor.py:925} INFO - DAG(s) 'dataset_s3_bucket_consumer_with_no_taskflow', 'dataset_s3_bucket_producer_with_no_taskflow', 'dataset_alias_example_alias_producer_with_no_taskflow', 'dataset_alias_example_alias_consumer_with_no_taskflow' retrieved from /home/airflow/.local/lib/python3.12/site-packages/airflow/example_dags/example_dataset_alias_with_no_taskflow.py
[2025-03-27T10:09:44.258+0000] {logging_mixin.py:190} INFO - [2025-03-27T10:09:44.258+0000] {dag.py:3239} INFO - Sync 4 DAGs
[2025-03-27T10:09:44.268+0000] {logging_mixin.py:190} INFO - [2025-03-27T10:09:44.268+0000] {dag.py:4180} INFO - Setting next_dagrun for dataset_alias_example_alias_consumer_with_no_taskflow to None, run_after=None
[2025-03-27T10:09:44.269+0000] {logging_mixin.py:190} INFO - [2025-03-27T10:09:44.269+0000] {dag.py:4180} INFO - Setting next_dagrun for dataset_alias_example_alias_producer_with_no_taskflow to None, run_after=None
[2025-03-27T10:09:44.270+0000] {logging_mixin.py:190} INFO - [2025-03-27T10:09:44.270+0000] {dag.py:4180} INFO - Setting next_dagrun for dataset_s3_bucket_consumer_with_no_taskflow to None, run_after=None
[2025-03-27T10:09:44.271+0000] {logging_mixin.py:190} INFO - [2025-03-27T10:09:44.271+0000] {dag.py:4180} INFO - Setting next_dagrun for dataset_s3_bucket_producer_with_no_taskflow to None, run_after=None
[2025-03-27T10:09:44.280+0000] {processor.py:208} INFO - Processing /home/airflow/.local/lib/python3.12/site-packages/airflow/example_dags/example_dataset_alias_with_no_taskflow.py took 0.455 seconds
[2025-03-27T10:10:14.665+0000] {processor.py:186} INFO - Started process (PID=636) to work on /home/airflow/.local/lib/python3.12/site-packages/airflow/example_dags/example_dataset_alias_with_no_taskflow.py
[2025-03-27T10:10:14.667+0000] {processor.py:914} INFO - Processing file /home/airflow/.local/lib/python3.12/site-packages/airflow/example_dags/example_dataset_alias_with_no_taskflow.py for tasks to queue
[2025-03-27T10:10:14.670+0000] {logging_mixin.py:190} INFO - [2025-03-27T10:10:14.669+0000] {dagbag.py:588} INFO - Filling up the DagBag from /home/airflow/.local/lib/python3.12/site-packages/airflow/example_dags/example_dataset_alias_with_no_taskflow.py
[2025-03-27T10:10:15.212+0000] {processor.py:925} INFO - DAG(s) 'dataset_s3_bucket_consumer_with_no_taskflow', 'dataset_alias_example_alias_consumer_with_no_taskflow', 'dataset_s3_bucket_producer_with_no_taskflow', 'dataset_alias_example_alias_producer_with_no_taskflow' retrieved from /home/airflow/.local/lib/python3.12/site-packages/airflow/example_dags/example_dataset_alias_with_no_taskflow.py
[2025-03-27T10:10:15.222+0000] {logging_mixin.py:190} INFO - [2025-03-27T10:10:15.221+0000] {dag.py:3239} INFO - Sync 4 DAGs
[2025-03-27T10:10:15.234+0000] {logging_mixin.py:190} INFO - [2025-03-27T10:10:15.234+0000] {dag.py:4180} INFO - Setting next_dagrun for dataset_alias_example_alias_consumer_with_no_taskflow to None, run_after=None
[2025-03-27T10:10:15.240+0000] {logging_mixin.py:190} INFO - [2025-03-27T10:10:15.239+0000] {dag.py:4180} INFO - Setting next_dagrun for dataset_alias_example_alias_producer_with_no_taskflow to None, run_after=None
[2025-03-27T10:10:15.242+0000] {logging_mixin.py:190} INFO - [2025-03-27T10:10:15.241+0000] {dag.py:4180} INFO - Setting next_dagrun for dataset_s3_bucket_consumer_with_no_taskflow to None, run_after=None
[2025-03-27T10:10:15.242+0000] {logging_mixin.py:190} INFO - [2025-03-27T10:10:15.242+0000] {dag.py:4180} INFO - Setting next_dagrun for dataset_s3_bucket_producer_with_no_taskflow to None, run_after=None
[2025-03-27T10:10:15.258+0000] {processor.py:208} INFO - Processing /home/airflow/.local/lib/python3.12/site-packages/airflow/example_dags/example_dataset_alias_with_no_taskflow.py took 0.600 seconds
[2025-03-27T10:10:45.844+0000] {processor.py:186} INFO - Started process (PID=699) to work on /home/airflow/.local/lib/python3.12/site-packages/airflow/example_dags/example_dataset_alias_with_no_taskflow.py
[2025-03-27T10:10:45.845+0000] {processor.py:914} INFO - Processing file /home/airflow/.local/lib/python3.12/site-packages/airflow/example_dags/example_dataset_alias_with_no_taskflow.py for tasks to queue
[2025-03-27T10:10:45.849+0000] {logging_mixin.py:190} INFO - [2025-03-27T10:10:45.849+0000] {dagbag.py:588} INFO - Filling up the DagBag from /home/airflow/.local/lib/python3.12/site-packages/airflow/example_dags/example_dataset_alias_with_no_taskflow.py
[2025-03-27T10:10:46.337+0000] {processor.py:925} INFO - DAG(s) 'dataset_alias_example_alias_producer_with_no_taskflow', 'dataset_s3_bucket_producer_with_no_taskflow', 'dataset_s3_bucket_consumer_with_no_taskflow', 'dataset_alias_example_alias_consumer_with_no_taskflow' retrieved from /home/airflow/.local/lib/python3.12/site-packages/airflow/example_dags/example_dataset_alias_with_no_taskflow.py
[2025-03-27T10:10:46.348+0000] {logging_mixin.py:190} INFO - [2025-03-27T10:10:46.347+0000] {dag.py:3239} INFO - Sync 4 DAGs
[2025-03-27T10:10:46.358+0000] {logging_mixin.py:190} INFO - [2025-03-27T10:10:46.358+0000] {dag.py:4180} INFO - Setting next_dagrun for dataset_alias_example_alias_consumer_with_no_taskflow to None, run_after=None
[2025-03-27T10:10:46.359+0000] {logging_mixin.py:190} INFO - [2025-03-27T10:10:46.359+0000] {dag.py:4180} INFO - Setting next_dagrun for dataset_alias_example_alias_producer_with_no_taskflow to None, run_after=None
[2025-03-27T10:10:46.360+0000] {logging_mixin.py:190} INFO - [2025-03-27T10:10:46.360+0000] {dag.py:4180} INFO - Setting next_dagrun for dataset_s3_bucket_consumer_with_no_taskflow to None, run_after=None
[2025-03-27T10:10:46.361+0000] {logging_mixin.py:190} INFO - [2025-03-27T10:10:46.360+0000] {dag.py:4180} INFO - Setting next_dagrun for dataset_s3_bucket_producer_with_no_taskflow to None, run_after=None
[2025-03-27T10:10:46.372+0000] {processor.py:208} INFO - Processing /home/airflow/.local/lib/python3.12/site-packages/airflow/example_dags/example_dataset_alias_with_no_taskflow.py took 0.535 seconds
[2025-03-27T10:11:17.216+0000] {processor.py:186} INFO - Started process (PID=762) to work on /home/airflow/.local/lib/python3.12/site-packages/airflow/example_dags/example_dataset_alias_with_no_taskflow.py
[2025-03-27T10:11:17.217+0000] {processor.py:914} INFO - Processing file /home/airflow/.local/lib/python3.12/site-packages/airflow/example_dags/example_dataset_alias_with_no_taskflow.py for tasks to queue
[2025-03-27T10:11:17.219+0000] {logging_mixin.py:190} INFO - [2025-03-27T10:11:17.219+0000] {dagbag.py:588} INFO - Filling up the DagBag from /home/airflow/.local/lib/python3.12/site-packages/airflow/example_dags/example_dataset_alias_with_no_taskflow.py
[2025-03-27T10:11:17.605+0000] {processor.py:925} INFO - DAG(s) 'dataset_alias_example_alias_consumer_with_no_taskflow', 'dataset_alias_example_alias_producer_with_no_taskflow', 'dataset_s3_bucket_producer_with_no_taskflow', 'dataset_s3_bucket_consumer_with_no_taskflow' retrieved from /home/airflow/.local/lib/python3.12/site-packages/airflow/example_dags/example_dataset_alias_with_no_taskflow.py
[2025-03-27T10:11:17.615+0000] {logging_mixin.py:190} INFO - [2025-03-27T10:11:17.615+0000] {dag.py:3239} INFO - Sync 4 DAGs
[2025-03-27T10:11:17.625+0000] {logging_mixin.py:190} INFO - [2025-03-27T10:11:17.625+0000] {dag.py:4180} INFO - Setting next_dagrun for dataset_alias_example_alias_consumer_with_no_taskflow to None, run_after=None
[2025-03-27T10:11:17.627+0000] {logging_mixin.py:190} INFO - [2025-03-27T10:11:17.627+0000] {dag.py:4180} INFO - Setting next_dagrun for dataset_alias_example_alias_producer_with_no_taskflow to None, run_after=None
[2025-03-27T10:11:17.628+0000] {logging_mixin.py:190} INFO - [2025-03-27T10:11:17.628+0000] {dag.py:4180} INFO - Setting next_dagrun for dataset_s3_bucket_consumer_with_no_taskflow to None, run_after=None
[2025-03-27T10:11:17.629+0000] {logging_mixin.py:190} INFO - [2025-03-27T10:11:17.629+0000] {dag.py:4180} INFO - Setting next_dagrun for dataset_s3_bucket_producer_with_no_taskflow to None, run_after=None
[2025-03-27T10:11:17.638+0000] {processor.py:208} INFO - Processing /home/airflow/.local/lib/python3.12/site-packages/airflow/example_dags/example_dataset_alias_with_no_taskflow.py took 0.430 seconds
[2025-03-27T10:11:47.904+0000] {processor.py:186} INFO - Started process (PID=825) to work on /home/airflow/.local/lib/python3.12/site-packages/airflow/example_dags/example_dataset_alias_with_no_taskflow.py
[2025-03-27T10:11:47.907+0000] {processor.py:914} INFO - Processing file /home/airflow/.local/lib/python3.12/site-packages/airflow/example_dags/example_dataset_alias_with_no_taskflow.py for tasks to queue
[2025-03-27T10:11:47.909+0000] {logging_mixin.py:190} INFO - [2025-03-27T10:11:47.909+0000] {dagbag.py:588} INFO - Filling up the DagBag from /home/airflow/.local/lib/python3.12/site-packages/airflow/example_dags/example_dataset_alias_with_no_taskflow.py
[2025-03-27T10:11:48.226+0000] {processor.py:925} INFO - DAG(s) 'dataset_alias_example_alias_producer_with_no_taskflow', 'dataset_s3_bucket_producer_with_no_taskflow', 'dataset_alias_example_alias_consumer_with_no_taskflow', 'dataset_s3_bucket_consumer_with_no_taskflow' retrieved from /home/airflow/.local/lib/python3.12/site-packages/airflow/example_dags/example_dataset_alias_with_no_taskflow.py
[2025-03-27T10:11:48.235+0000] {logging_mixin.py:190} INFO - [2025-03-27T10:11:48.235+0000] {dag.py:3239} INFO - Sync 4 DAGs
[2025-03-27T10:11:48.245+0000] {logging_mixin.py:190} INFO - [2025-03-27T10:11:48.245+0000] {dag.py:4180} INFO - Setting next_dagrun for dataset_alias_example_alias_consumer_with_no_taskflow to None, run_after=None
[2025-03-27T10:11:48.246+0000] {logging_mixin.py:190} INFO - [2025-03-27T10:11:48.246+0000] {dag.py:4180} INFO - Setting next_dagrun for dataset_alias_example_alias_producer_with_no_taskflow to None, run_after=None
[2025-03-27T10:11:48.247+0000] {logging_mixin.py:190} INFO - [2025-03-27T10:11:48.247+0000] {dag.py:4180} INFO - Setting next_dagrun for dataset_s3_bucket_consumer_with_no_taskflow to None, run_after=None
[2025-03-27T10:11:48.248+0000] {logging_mixin.py:190} INFO - [2025-03-27T10:11:48.248+0000] {dag.py:4180} INFO - Setting next_dagrun for dataset_s3_bucket_producer_with_no_taskflow to None, run_after=None
[2025-03-27T10:11:48.257+0000] {processor.py:208} INFO - Processing /home/airflow/.local/lib/python3.12/site-packages/airflow/example_dags/example_dataset_alias_with_no_taskflow.py took 0.360 seconds
[2025-03-27T10:12:18.615+0000] {processor.py:186} INFO - Started process (PID=888) to work on /home/airflow/.local/lib/python3.12/site-packages/airflow/example_dags/example_dataset_alias_with_no_taskflow.py
[2025-03-27T10:12:18.617+0000] {processor.py:914} INFO - Processing file /home/airflow/.local/lib/python3.12/site-packages/airflow/example_dags/example_dataset_alias_with_no_taskflow.py for tasks to queue
[2025-03-27T10:12:18.619+0000] {logging_mixin.py:190} INFO - [2025-03-27T10:12:18.619+0000] {dagbag.py:588} INFO - Filling up the DagBag from /home/airflow/.local/lib/python3.12/site-packages/airflow/example_dags/example_dataset_alias_with_no_taskflow.py
[2025-03-27T10:12:19.024+0000] {processor.py:925} INFO - DAG(s) 'dataset_s3_bucket_producer_with_no_taskflow', 'dataset_alias_example_alias_consumer_with_no_taskflow', 'dataset_s3_bucket_consumer_with_no_taskflow', 'dataset_alias_example_alias_producer_with_no_taskflow' retrieved from /home/airflow/.local/lib/python3.12/site-packages/airflow/example_dags/example_dataset_alias_with_no_taskflow.py
[2025-03-27T10:12:19.038+0000] {logging_mixin.py:190} INFO - [2025-03-27T10:12:19.038+0000] {dag.py:3239} INFO - Sync 4 DAGs
[2025-03-27T10:12:19.050+0000] {logging_mixin.py:190} INFO - [2025-03-27T10:12:19.049+0000] {dag.py:4180} INFO - Setting next_dagrun for dataset_alias_example_alias_consumer_with_no_taskflow to None, run_after=None
[2025-03-27T10:12:19.054+0000] {logging_mixin.py:190} INFO - [2025-03-27T10:12:19.054+0000] {dag.py:4180} INFO - Setting next_dagrun for dataset_alias_example_alias_producer_with_no_taskflow to None, run_after=None
[2025-03-27T10:12:19.055+0000] {logging_mixin.py:190} INFO - [2025-03-27T10:12:19.055+0000] {dag.py:4180} INFO - Setting next_dagrun for dataset_s3_bucket_consumer_with_no_taskflow to None, run_after=None
[2025-03-27T10:12:19.056+0000] {logging_mixin.py:190} INFO - [2025-03-27T10:12:19.056+0000] {dag.py:4180} INFO - Setting next_dagrun for dataset_s3_bucket_producer_with_no_taskflow to None, run_after=None
[2025-03-27T10:12:19.070+0000] {processor.py:208} INFO - Processing /home/airflow/.local/lib/python3.12/site-packages/airflow/example_dags/example_dataset_alias_with_no_taskflow.py took 0.462 seconds
[2025-03-27T10:12:49.476+0000] {processor.py:186} INFO - Started process (PID=951) to work on /home/airflow/.local/lib/python3.12/site-packages/airflow/example_dags/example_dataset_alias_with_no_taskflow.py
[2025-03-27T10:12:49.480+0000] {processor.py:914} INFO - Processing file /home/airflow/.local/lib/python3.12/site-packages/airflow/example_dags/example_dataset_alias_with_no_taskflow.py for tasks to queue
[2025-03-27T10:12:49.483+0000] {logging_mixin.py:190} INFO - [2025-03-27T10:12:49.483+0000] {dagbag.py:588} INFO - Filling up the DagBag from /home/airflow/.local/lib/python3.12/site-packages/airflow/example_dags/example_dataset_alias_with_no_taskflow.py
[2025-03-27T10:12:49.836+0000] {processor.py:925} INFO - DAG(s) 'dataset_s3_bucket_producer_with_no_taskflow', 'dataset_alias_example_alias_producer_with_no_taskflow', 'dataset_alias_example_alias_consumer_with_no_taskflow', 'dataset_s3_bucket_consumer_with_no_taskflow' retrieved from /home/airflow/.local/lib/python3.12/site-packages/airflow/example_dags/example_dataset_alias_with_no_taskflow.py
[2025-03-27T10:12:49.848+0000] {logging_mixin.py:190} INFO - [2025-03-27T10:12:49.847+0000] {dag.py:3239} INFO - Sync 4 DAGs
[2025-03-27T10:12:49.857+0000] {logging_mixin.py:190} INFO - [2025-03-27T10:12:49.856+0000] {dag.py:4180} INFO - Setting next_dagrun for dataset_alias_example_alias_consumer_with_no_taskflow to None, run_after=None
[2025-03-27T10:12:49.858+0000] {logging_mixin.py:190} INFO - [2025-03-27T10:12:49.858+0000] {dag.py:4180} INFO - Setting next_dagrun for dataset_alias_example_alias_producer_with_no_taskflow to None, run_after=None
[2025-03-27T10:12:49.859+0000] {logging_mixin.py:190} INFO - [2025-03-27T10:12:49.859+0000] {dag.py:4180} INFO - Setting next_dagrun for dataset_s3_bucket_consumer_with_no_taskflow to None, run_after=None
[2025-03-27T10:12:49.860+0000] {logging_mixin.py:190} INFO - [2025-03-27T10:12:49.860+0000] {dag.py:4180} INFO - Setting next_dagrun for dataset_s3_bucket_producer_with_no_taskflow to None, run_after=None
[2025-03-27T10:12:49.869+0000] {processor.py:208} INFO - Processing /home/airflow/.local/lib/python3.12/site-packages/airflow/example_dags/example_dataset_alias_with_no_taskflow.py took 0.399 seconds
[2025-03-27T10:13:20.372+0000] {processor.py:186} INFO - Started process (PID=1014) to work on /home/airflow/.local/lib/python3.12/site-packages/airflow/example_dags/example_dataset_alias_with_no_taskflow.py
[2025-03-27T10:13:20.374+0000] {processor.py:914} INFO - Processing file /home/airflow/.local/lib/python3.12/site-packages/airflow/example_dags/example_dataset_alias_with_no_taskflow.py for tasks to queue
[2025-03-27T10:13:20.375+0000] {logging_mixin.py:190} INFO - [2025-03-27T10:13:20.375+0000] {dagbag.py:588} INFO - Filling up the DagBag from /home/airflow/.local/lib/python3.12/site-packages/airflow/example_dags/example_dataset_alias_with_no_taskflow.py
[2025-03-27T10:13:20.959+0000] {processor.py:925} INFO - DAG(s) 'dataset_s3_bucket_consumer_with_no_taskflow', 'dataset_alias_example_alias_producer_with_no_taskflow', 'dataset_alias_example_alias_consumer_with_no_taskflow', 'dataset_s3_bucket_producer_with_no_taskflow' retrieved from /home/airflow/.local/lib/python3.12/site-packages/airflow/example_dags/example_dataset_alias_with_no_taskflow.py
[2025-03-27T10:13:20.972+0000] {logging_mixin.py:190} INFO - [2025-03-27T10:13:20.972+0000] {dag.py:3239} INFO - Sync 4 DAGs
[2025-03-27T10:13:20.984+0000] {logging_mixin.py:190} INFO - [2025-03-27T10:13:20.984+0000] {dag.py:4180} INFO - Setting next_dagrun for dataset_alias_example_alias_consumer_with_no_taskflow to None, run_after=None
[2025-03-27T10:13:20.986+0000] {logging_mixin.py:190} INFO - [2025-03-27T10:13:20.986+0000] {dag.py:4180} INFO - Setting next_dagrun for dataset_alias_example_alias_producer_with_no_taskflow to None, run_after=None
[2025-03-27T10:13:20.987+0000] {logging_mixin.py:190} INFO - [2025-03-27T10:13:20.987+0000] {dag.py:4180} INFO - Setting next_dagrun for dataset_s3_bucket_consumer_with_no_taskflow to None, run_after=None
[2025-03-27T10:13:20.988+0000] {logging_mixin.py:190} INFO - [2025-03-27T10:13:20.988+0000] {dag.py:4180} INFO - Setting next_dagrun for dataset_s3_bucket_producer_with_no_taskflow to None, run_after=None
[2025-03-27T10:13:21.000+0000] {processor.py:208} INFO - Processing /home/airflow/.local/lib/python3.12/site-packages/airflow/example_dags/example_dataset_alias_with_no_taskflow.py took 0.632 seconds
[2025-03-27T10:13:51.525+0000] {processor.py:186} INFO - Started process (PID=1077) to work on /home/airflow/.local/lib/python3.12/site-packages/airflow/example_dags/example_dataset_alias_with_no_taskflow.py
[2025-03-27T10:13:51.525+0000] {processor.py:914} INFO - Processing file /home/airflow/.local/lib/python3.12/site-packages/airflow/example_dags/example_dataset_alias_with_no_taskflow.py for tasks to queue
[2025-03-27T10:13:51.528+0000] {logging_mixin.py:190} INFO - [2025-03-27T10:13:51.528+0000] {dagbag.py:588} INFO - Filling up the DagBag from /home/airflow/.local/lib/python3.12/site-packages/airflow/example_dags/example_dataset_alias_with_no_taskflow.py
[2025-03-27T10:13:52.007+0000] {processor.py:925} INFO - DAG(s) 'dataset_alias_example_alias_producer_with_no_taskflow', 'dataset_s3_bucket_producer_with_no_taskflow', 'dataset_alias_example_alias_consumer_with_no_taskflow', 'dataset_s3_bucket_consumer_with_no_taskflow' retrieved from /home/airflow/.local/lib/python3.12/site-packages/airflow/example_dags/example_dataset_alias_with_no_taskflow.py
[2025-03-27T10:13:52.016+0000] {logging_mixin.py:190} INFO - [2025-03-27T10:13:52.016+0000] {dag.py:3239} INFO - Sync 4 DAGs
[2025-03-27T10:13:52.026+0000] {logging_mixin.py:190} INFO - [2025-03-27T10:13:52.026+0000] {dag.py:4180} INFO - Setting next_dagrun for dataset_alias_example_alias_consumer_with_no_taskflow to None, run_after=None
[2025-03-27T10:13:52.027+0000] {logging_mixin.py:190} INFO - [2025-03-27T10:13:52.027+0000] {dag.py:4180} INFO - Setting next_dagrun for dataset_alias_example_alias_producer_with_no_taskflow to None, run_after=None
[2025-03-27T10:13:52.028+0000] {logging_mixin.py:190} INFO - [2025-03-27T10:13:52.028+0000] {dag.py:4180} INFO - Setting next_dagrun for dataset_s3_bucket_consumer_with_no_taskflow to None, run_after=None
[2025-03-27T10:13:52.030+0000] {logging_mixin.py:190} INFO - [2025-03-27T10:13:52.030+0000] {dag.py:4180} INFO - Setting next_dagrun for dataset_s3_bucket_producer_with_no_taskflow to None, run_after=None
[2025-03-27T10:13:52.039+0000] {processor.py:208} INFO - Processing /home/airflow/.local/lib/python3.12/site-packages/airflow/example_dags/example_dataset_alias_with_no_taskflow.py took 0.522 seconds
[2025-03-27T10:14:22.577+0000] {processor.py:186} INFO - Started process (PID=1140) to work on /home/airflow/.local/lib/python3.12/site-packages/airflow/example_dags/example_dataset_alias_with_no_taskflow.py
[2025-03-27T10:14:22.578+0000] {processor.py:914} INFO - Processing file /home/airflow/.local/lib/python3.12/site-packages/airflow/example_dags/example_dataset_alias_with_no_taskflow.py for tasks to queue
[2025-03-27T10:14:22.581+0000] {logging_mixin.py:190} INFO - [2025-03-27T10:14:22.580+0000] {dagbag.py:588} INFO - Filling up the DagBag from /home/airflow/.local/lib/python3.12/site-packages/airflow/example_dags/example_dataset_alias_with_no_taskflow.py
[2025-03-27T10:14:22.931+0000] {processor.py:925} INFO - DAG(s) 'dataset_s3_bucket_consumer_with_no_taskflow', 'dataset_s3_bucket_producer_with_no_taskflow', 'dataset_alias_example_alias_producer_with_no_taskflow', 'dataset_alias_example_alias_consumer_with_no_taskflow' retrieved from /home/airflow/.local/lib/python3.12/site-packages/airflow/example_dags/example_dataset_alias_with_no_taskflow.py
[2025-03-27T10:14:22.943+0000] {logging_mixin.py:190} INFO - [2025-03-27T10:14:22.943+0000] {dag.py:3239} INFO - Sync 4 DAGs
[2025-03-27T10:14:22.954+0000] {logging_mixin.py:190} INFO - [2025-03-27T10:14:22.954+0000] {dag.py:4180} INFO - Setting next_dagrun for dataset_alias_example_alias_consumer_with_no_taskflow to None, run_after=None
[2025-03-27T10:14:22.955+0000] {logging_mixin.py:190} INFO - [2025-03-27T10:14:22.955+0000] {dag.py:4180} INFO - Setting next_dagrun for dataset_alias_example_alias_producer_with_no_taskflow to None, run_after=None
[2025-03-27T10:14:22.957+0000] {logging_mixin.py:190} INFO - [2025-03-27T10:14:22.957+0000] {dag.py:4180} INFO - Setting next_dagrun for dataset_s3_bucket_consumer_with_no_taskflow to None, run_after=None
[2025-03-27T10:14:22.958+0000] {logging_mixin.py:190} INFO - [2025-03-27T10:14:22.958+0000] {dag.py:4180} INFO - Setting next_dagrun for dataset_s3_bucket_producer_with_no_taskflow to None, run_after=None
[2025-03-27T10:14:22.967+0000] {processor.py:208} INFO - Processing /home/airflow/.local/lib/python3.12/site-packages/airflow/example_dags/example_dataset_alias_with_no_taskflow.py took 0.396 seconds
[2025-03-27T10:14:53.447+0000] {processor.py:186} INFO - Started process (PID=1203) to work on /home/airflow/.local/lib/python3.12/site-packages/airflow/example_dags/example_dataset_alias_with_no_taskflow.py
[2025-03-27T10:14:53.452+0000] {processor.py:914} INFO - Processing file /home/airflow/.local/lib/python3.12/site-packages/airflow/example_dags/example_dataset_alias_with_no_taskflow.py for tasks to queue
[2025-03-27T10:14:53.455+0000] {logging_mixin.py:190} INFO - [2025-03-27T10:14:53.454+0000] {dagbag.py:588} INFO - Filling up the DagBag from /home/airflow/.local/lib/python3.12/site-packages/airflow/example_dags/example_dataset_alias_with_no_taskflow.py
[2025-03-27T10:14:54.024+0000] {processor.py:925} INFO - DAG(s) 'dataset_s3_bucket_producer_with_no_taskflow', 'dataset_alias_example_alias_consumer_with_no_taskflow', 'dataset_alias_example_alias_producer_with_no_taskflow', 'dataset_s3_bucket_consumer_with_no_taskflow' retrieved from /home/airflow/.local/lib/python3.12/site-packages/airflow/example_dags/example_dataset_alias_with_no_taskflow.py
[2025-03-27T10:14:54.035+0000] {logging_mixin.py:190} INFO - [2025-03-27T10:14:54.035+0000] {dag.py:3239} INFO - Sync 4 DAGs
[2025-03-27T10:14:54.046+0000] {logging_mixin.py:190} INFO - [2025-03-27T10:14:54.046+0000] {dag.py:4180} INFO - Setting next_dagrun for dataset_alias_example_alias_consumer_with_no_taskflow to None, run_after=None
[2025-03-27T10:14:54.047+0000] {logging_mixin.py:190} INFO - [2025-03-27T10:14:54.047+0000] {dag.py:4180} INFO - Setting next_dagrun for dataset_alias_example_alias_producer_with_no_taskflow to None, run_after=None
[2025-03-27T10:14:54.048+0000] {logging_mixin.py:190} INFO - [2025-03-27T10:14:54.048+0000] {dag.py:4180} INFO - Setting next_dagrun for dataset_s3_bucket_consumer_with_no_taskflow to None, run_after=None
[2025-03-27T10:14:54.049+0000] {logging_mixin.py:190} INFO - [2025-03-27T10:14:54.049+0000] {dag.py:4180} INFO - Setting next_dagrun for dataset_s3_bucket_producer_with_no_taskflow to None, run_after=None
[2025-03-27T10:14:54.058+0000] {processor.py:208} INFO - Processing /home/airflow/.local/lib/python3.12/site-packages/airflow/example_dags/example_dataset_alias_with_no_taskflow.py took 0.620 seconds
[2025-03-27T10:15:24.532+0000] {processor.py:186} INFO - Started process (PID=1265) to work on /home/airflow/.local/lib/python3.12/site-packages/airflow/example_dags/example_dataset_alias_with_no_taskflow.py
[2025-03-27T10:15:24.534+0000] {processor.py:914} INFO - Processing file /home/airflow/.local/lib/python3.12/site-packages/airflow/example_dags/example_dataset_alias_with_no_taskflow.py for tasks to queue
[2025-03-27T10:15:24.536+0000] {logging_mixin.py:190} INFO - [2025-03-27T10:15:24.535+0000] {dagbag.py:588} INFO - Filling up the DagBag from /home/airflow/.local/lib/python3.12/site-packages/airflow/example_dags/example_dataset_alias_with_no_taskflow.py
[2025-03-27T10:15:24.915+0000] {processor.py:925} INFO - DAG(s) 'dataset_alias_example_alias_consumer_with_no_taskflow', 'dataset_s3_bucket_producer_with_no_taskflow', 'dataset_s3_bucket_consumer_with_no_taskflow', 'dataset_alias_example_alias_producer_with_no_taskflow' retrieved from /home/airflow/.local/lib/python3.12/site-packages/airflow/example_dags/example_dataset_alias_with_no_taskflow.py
[2025-03-27T10:15:24.926+0000] {logging_mixin.py:190} INFO - [2025-03-27T10:15:24.926+0000] {dag.py:3239} INFO - Sync 4 DAGs
[2025-03-27T10:15:24.936+0000] {logging_mixin.py:190} INFO - [2025-03-27T10:15:24.936+0000] {dag.py:4180} INFO - Setting next_dagrun for dataset_alias_example_alias_consumer_with_no_taskflow to None, run_after=None
[2025-03-27T10:15:24.938+0000] {logging_mixin.py:190} INFO - [2025-03-27T10:15:24.938+0000] {dag.py:4180} INFO - Setting next_dagrun for dataset_alias_example_alias_producer_with_no_taskflow to None, run_after=None
[2025-03-27T10:15:24.938+0000] {logging_mixin.py:190} INFO - [2025-03-27T10:15:24.938+0000] {dag.py:4180} INFO - Setting next_dagrun for dataset_s3_bucket_consumer_with_no_taskflow to None, run_after=None
[2025-03-27T10:15:24.939+0000] {logging_mixin.py:190} INFO - [2025-03-27T10:15:24.939+0000] {dag.py:4180} INFO - Setting next_dagrun for dataset_s3_bucket_producer_with_no_taskflow to None, run_after=None
[2025-03-27T10:15:24.947+0000] {processor.py:208} INFO - Processing /home/airflow/.local/lib/python3.12/site-packages/airflow/example_dags/example_dataset_alias_with_no_taskflow.py took 0.420 seconds
[2025-03-27T10:15:55.377+0000] {processor.py:186} INFO - Started process (PID=1328) to work on /home/airflow/.local/lib/python3.12/site-packages/airflow/example_dags/example_dataset_alias_with_no_taskflow.py
[2025-03-27T10:15:55.379+0000] {processor.py:914} INFO - Processing file /home/airflow/.local/lib/python3.12/site-packages/airflow/example_dags/example_dataset_alias_with_no_taskflow.py for tasks to queue
[2025-03-27T10:15:55.382+0000] {logging_mixin.py:190} INFO - [2025-03-27T10:15:55.381+0000] {dagbag.py:588} INFO - Filling up the DagBag from /home/airflow/.local/lib/python3.12/site-packages/airflow/example_dags/example_dataset_alias_with_no_taskflow.py
[2025-03-27T10:15:55.842+0000] {processor.py:925} INFO - DAG(s) 'dataset_alias_example_alias_producer_with_no_taskflow', 'dataset_alias_example_alias_consumer_with_no_taskflow', 'dataset_s3_bucket_consumer_with_no_taskflow', 'dataset_s3_bucket_producer_with_no_taskflow' retrieved from /home/airflow/.local/lib/python3.12/site-packages/airflow/example_dags/example_dataset_alias_with_no_taskflow.py
[2025-03-27T10:15:55.854+0000] {logging_mixin.py:190} INFO - [2025-03-27T10:15:55.854+0000] {dag.py:3239} INFO - Sync 4 DAGs
[2025-03-27T10:15:55.864+0000] {logging_mixin.py:190} INFO - [2025-03-27T10:15:55.864+0000] {dag.py:4180} INFO - Setting next_dagrun for dataset_alias_example_alias_consumer_with_no_taskflow to None, run_after=None
[2025-03-27T10:15:55.865+0000] {logging_mixin.py:190} INFO - [2025-03-27T10:15:55.865+0000] {dag.py:4180} INFO - Setting next_dagrun for dataset_alias_example_alias_producer_with_no_taskflow to None, run_after=None
[2025-03-27T10:15:55.866+0000] {logging_mixin.py:190} INFO - [2025-03-27T10:15:55.866+0000] {dag.py:4180} INFO - Setting next_dagrun for dataset_s3_bucket_consumer_with_no_taskflow to None, run_after=None
[2025-03-27T10:15:55.867+0000] {logging_mixin.py:190} INFO - [2025-03-27T10:15:55.867+0000] {dag.py:4180} INFO - Setting next_dagrun for dataset_s3_bucket_producer_with_no_taskflow to None, run_after=None
[2025-03-27T10:15:55.876+0000] {processor.py:208} INFO - Processing /home/airflow/.local/lib/python3.12/site-packages/airflow/example_dags/example_dataset_alias_with_no_taskflow.py took 0.505 seconds
[2025-03-27T10:16:26.362+0000] {processor.py:186} INFO - Started process (PID=1391) to work on /home/airflow/.local/lib/python3.12/site-packages/airflow/example_dags/example_dataset_alias_with_no_taskflow.py
[2025-03-27T10:16:26.365+0000] {processor.py:914} INFO - Processing file /home/airflow/.local/lib/python3.12/site-packages/airflow/example_dags/example_dataset_alias_with_no_taskflow.py for tasks to queue
[2025-03-27T10:16:26.367+0000] {logging_mixin.py:190} INFO - [2025-03-27T10:16:26.367+0000] {dagbag.py:588} INFO - Filling up the DagBag from /home/airflow/.local/lib/python3.12/site-packages/airflow/example_dags/example_dataset_alias_with_no_taskflow.py
[2025-03-27T10:16:26.948+0000] {processor.py:925} INFO - DAG(s) 'dataset_alias_example_alias_consumer_with_no_taskflow', 'dataset_s3_bucket_consumer_with_no_taskflow', 'dataset_alias_example_alias_producer_with_no_taskflow', 'dataset_s3_bucket_producer_with_no_taskflow' retrieved from /home/airflow/.local/lib/python3.12/site-packages/airflow/example_dags/example_dataset_alias_with_no_taskflow.py
[2025-03-27T10:16:26.959+0000] {logging_mixin.py:190} INFO - [2025-03-27T10:16:26.959+0000] {dag.py:3239} INFO - Sync 4 DAGs
[2025-03-27T10:16:26.972+0000] {logging_mixin.py:190} INFO - [2025-03-27T10:16:26.972+0000] {dag.py:4180} INFO - Setting next_dagrun for dataset_alias_example_alias_consumer_with_no_taskflow to None, run_after=None
[2025-03-27T10:16:26.974+0000] {logging_mixin.py:190} INFO - [2025-03-27T10:16:26.974+0000] {dag.py:4180} INFO - Setting next_dagrun for dataset_alias_example_alias_producer_with_no_taskflow to None, run_after=None
[2025-03-27T10:16:26.976+0000] {logging_mixin.py:190} INFO - [2025-03-27T10:16:26.975+0000] {dag.py:4180} INFO - Setting next_dagrun for dataset_s3_bucket_consumer_with_no_taskflow to None, run_after=None
[2025-03-27T10:16:26.976+0000] {logging_mixin.py:190} INFO - [2025-03-27T10:16:26.976+0000] {dag.py:4180} INFO - Setting next_dagrun for dataset_s3_bucket_producer_with_no_taskflow to None, run_after=None
[2025-03-27T10:16:26.987+0000] {processor.py:208} INFO - Processing /home/airflow/.local/lib/python3.12/site-packages/airflow/example_dags/example_dataset_alias_with_no_taskflow.py took 0.630 seconds
[2025-03-27T10:16:57.545+0000] {processor.py:186} INFO - Started process (PID=1454) to work on /home/airflow/.local/lib/python3.12/site-packages/airflow/example_dags/example_dataset_alias_with_no_taskflow.py
[2025-03-27T10:16:57.547+0000] {processor.py:914} INFO - Processing file /home/airflow/.local/lib/python3.12/site-packages/airflow/example_dags/example_dataset_alias_with_no_taskflow.py for tasks to queue
[2025-03-27T10:16:57.550+0000] {logging_mixin.py:190} INFO - [2025-03-27T10:16:57.550+0000] {dagbag.py:588} INFO - Filling up the DagBag from /home/airflow/.local/lib/python3.12/site-packages/airflow/example_dags/example_dataset_alias_with_no_taskflow.py
[2025-03-27T10:16:57.940+0000] {processor.py:925} INFO - DAG(s) 'dataset_alias_example_alias_consumer_with_no_taskflow', 'dataset_s3_bucket_consumer_with_no_taskflow', 'dataset_alias_example_alias_producer_with_no_taskflow', 'dataset_s3_bucket_producer_with_no_taskflow' retrieved from /home/airflow/.local/lib/python3.12/site-packages/airflow/example_dags/example_dataset_alias_with_no_taskflow.py
[2025-03-27T10:16:57.950+0000] {logging_mixin.py:190} INFO - [2025-03-27T10:16:57.950+0000] {dag.py:3239} INFO - Sync 4 DAGs
[2025-03-27T10:16:57.961+0000] {logging_mixin.py:190} INFO - [2025-03-27T10:16:57.961+0000] {dag.py:4180} INFO - Setting next_dagrun for dataset_alias_example_alias_consumer_with_no_taskflow to None, run_after=None
[2025-03-27T10:16:57.964+0000] {logging_mixin.py:190} INFO - [2025-03-27T10:16:57.964+0000] {dag.py:4180} INFO - Setting next_dagrun for dataset_alias_example_alias_producer_with_no_taskflow to None, run_after=None
[2025-03-27T10:16:57.966+0000] {logging_mixin.py:190} INFO - [2025-03-27T10:16:57.965+0000] {dag.py:4180} INFO - Setting next_dagrun for dataset_s3_bucket_consumer_with_no_taskflow to None, run_after=None
[2025-03-27T10:16:57.969+0000] {logging_mixin.py:190} INFO - [2025-03-27T10:16:57.969+0000] {dag.py:4180} INFO - Setting next_dagrun for dataset_s3_bucket_producer_with_no_taskflow to None, run_after=None
[2025-03-27T10:16:57.981+0000] {processor.py:208} INFO - Processing /home/airflow/.local/lib/python3.12/site-packages/airflow/example_dags/example_dataset_alias_with_no_taskflow.py took 0.442 seconds
[2025-03-27T10:17:28.366+0000] {processor.py:186} INFO - Started process (PID=1517) to work on /home/airflow/.local/lib/python3.12/site-packages/airflow/example_dags/example_dataset_alias_with_no_taskflow.py
[2025-03-27T10:17:28.367+0000] {processor.py:914} INFO - Processing file /home/airflow/.local/lib/python3.12/site-packages/airflow/example_dags/example_dataset_alias_with_no_taskflow.py for tasks to queue
[2025-03-27T10:17:28.369+0000] {logging_mixin.py:190} INFO - [2025-03-27T10:17:28.369+0000] {dagbag.py:588} INFO - Filling up the DagBag from /home/airflow/.local/lib/python3.12/site-packages/airflow/example_dags/example_dataset_alias_with_no_taskflow.py
[2025-03-27T10:17:28.773+0000] {processor.py:925} INFO - DAG(s) 'dataset_alias_example_alias_consumer_with_no_taskflow', 'dataset_alias_example_alias_producer_with_no_taskflow', 'dataset_s3_bucket_consumer_with_no_taskflow', 'dataset_s3_bucket_producer_with_no_taskflow' retrieved from /home/airflow/.local/lib/python3.12/site-packages/airflow/example_dags/example_dataset_alias_with_no_taskflow.py
[2025-03-27T10:17:28.783+0000] {logging_mixin.py:190} INFO - [2025-03-27T10:17:28.783+0000] {dag.py:3239} INFO - Sync 4 DAGs
[2025-03-27T10:17:28.794+0000] {logging_mixin.py:190} INFO - [2025-03-27T10:17:28.793+0000] {dag.py:4180} INFO - Setting next_dagrun for dataset_alias_example_alias_consumer_with_no_taskflow to None, run_after=None
[2025-03-27T10:17:28.795+0000] {logging_mixin.py:190} INFO - [2025-03-27T10:17:28.795+0000] {dag.py:4180} INFO - Setting next_dagrun for dataset_alias_example_alias_producer_with_no_taskflow to None, run_after=None
[2025-03-27T10:17:28.797+0000] {logging_mixin.py:190} INFO - [2025-03-27T10:17:28.796+0000] {dag.py:4180} INFO - Setting next_dagrun for dataset_s3_bucket_consumer_with_no_taskflow to None, run_after=None
[2025-03-27T10:17:28.797+0000] {logging_mixin.py:190} INFO - [2025-03-27T10:17:28.797+0000] {dag.py:4180} INFO - Setting next_dagrun for dataset_s3_bucket_producer_with_no_taskflow to None, run_after=None
[2025-03-27T10:17:28.808+0000] {processor.py:208} INFO - Processing /home/airflow/.local/lib/python3.12/site-packages/airflow/example_dags/example_dataset_alias_with_no_taskflow.py took 0.448 seconds
[2025-03-27T10:17:59.205+0000] {processor.py:186} INFO - Started process (PID=1580) to work on /home/airflow/.local/lib/python3.12/site-packages/airflow/example_dags/example_dataset_alias_with_no_taskflow.py
[2025-03-27T10:17:59.209+0000] {processor.py:914} INFO - Processing file /home/airflow/.local/lib/python3.12/site-packages/airflow/example_dags/example_dataset_alias_with_no_taskflow.py for tasks to queue
[2025-03-27T10:17:59.211+0000] {logging_mixin.py:190} INFO - [2025-03-27T10:17:59.211+0000] {dagbag.py:588} INFO - Filling up the DagBag from /home/airflow/.local/lib/python3.12/site-packages/airflow/example_dags/example_dataset_alias_with_no_taskflow.py
[2025-03-27T10:17:59.619+0000] {processor.py:925} INFO - DAG(s) 'dataset_s3_bucket_producer_with_no_taskflow', 'dataset_alias_example_alias_producer_with_no_taskflow', 'dataset_s3_bucket_consumer_with_no_taskflow', 'dataset_alias_example_alias_consumer_with_no_taskflow' retrieved from /home/airflow/.local/lib/python3.12/site-packages/airflow/example_dags/example_dataset_alias_with_no_taskflow.py
[2025-03-27T10:17:59.628+0000] {logging_mixin.py:190} INFO - [2025-03-27T10:17:59.628+0000] {dag.py:3239} INFO - Sync 4 DAGs
[2025-03-27T10:17:59.640+0000] {logging_mixin.py:190} INFO - [2025-03-27T10:17:59.640+0000] {dag.py:4180} INFO - Setting next_dagrun for dataset_alias_example_alias_consumer_with_no_taskflow to None, run_after=None
[2025-03-27T10:17:59.641+0000] {logging_mixin.py:190} INFO - [2025-03-27T10:17:59.641+0000] {dag.py:4180} INFO - Setting next_dagrun for dataset_alias_example_alias_producer_with_no_taskflow to None, run_after=None
[2025-03-27T10:17:59.642+0000] {logging_mixin.py:190} INFO - [2025-03-27T10:17:59.642+0000] {dag.py:4180} INFO - Setting next_dagrun for dataset_s3_bucket_consumer_with_no_taskflow to None, run_after=None
[2025-03-27T10:17:59.643+0000] {logging_mixin.py:190} INFO - [2025-03-27T10:17:59.643+0000] {dag.py:4180} INFO - Setting next_dagrun for dataset_s3_bucket_producer_with_no_taskflow to None, run_after=None
[2025-03-27T10:17:59.654+0000] {processor.py:208} INFO - Processing /home/airflow/.local/lib/python3.12/site-packages/airflow/example_dags/example_dataset_alias_with_no_taskflow.py took 0.455 seconds
