[2025-03-27T10:05:37.740+0000] {processor.py:186} INFO - Started process (PID=82) to work on /home/airflow/.local/lib/python3.12/site-packages/airflow/example_dags/example_xcomargs.py
[2025-03-27T10:05:37.742+0000] {processor.py:914} INFO - Processing file /home/airflow/.local/lib/python3.12/site-packages/airflow/example_dags/example_xcomargs.py for tasks to queue
[2025-03-27T10:05:37.744+0000] {logging_mixin.py:190} INFO - [2025-03-27T10:05:37.743+0000] {dagbag.py:588} INFO - Filling up the DagBag from /home/airflow/.local/lib/python3.12/site-packages/airflow/example_dags/example_xcomargs.py
[2025-03-27T10:05:37.754+0000] {processor.py:925} INFO - DAG(s) 'example_xcom_args_with_operators', 'example_xcom_args' retrieved from /home/airflow/.local/lib/python3.12/site-packages/airflow/example_dags/example_xcomargs.py
[2025-03-27T10:05:37.811+0000] {logging_mixin.py:190} INFO - [2025-03-27T10:05:37.810+0000] {override.py:1912} INFO - Created Permission View: can read on DAG:example_xcom_args_with_operators
[2025-03-27T10:05:37.816+0000] {logging_mixin.py:190} INFO - [2025-03-27T10:05:37.816+0000] {override.py:1912} INFO - Created Permission View: can delete on DAG:example_xcom_args_with_operators
[2025-03-27T10:05:37.820+0000] {logging_mixin.py:190} INFO - [2025-03-27T10:05:37.820+0000] {override.py:1912} INFO - Created Permission View: can edit on DAG:example_xcom_args_with_operators
[2025-03-27T10:05:37.827+0000] {logging_mixin.py:190} INFO - [2025-03-27T10:05:37.827+0000] {override.py:1912} INFO - Created Permission View: can read on DAG Run:example_xcom_args_with_operators
[2025-03-27T10:05:37.831+0000] {logging_mixin.py:190} INFO - [2025-03-27T10:05:37.831+0000] {override.py:1912} INFO - Created Permission View: can delete on DAG Run:example_xcom_args_with_operators
[2025-03-27T10:05:37.835+0000] {logging_mixin.py:190} INFO - [2025-03-27T10:05:37.835+0000] {override.py:1912} INFO - Created Permission View: can create on DAG Run:example_xcom_args_with_operators
[2025-03-27T10:05:37.839+0000] {logging_mixin.py:190} INFO - [2025-03-27T10:05:37.839+0000] {override.py:1912} INFO - Created Permission View: menu access on DAG Run:example_xcom_args_with_operators
[2025-03-27T10:05:37.848+0000] {logging_mixin.py:190} INFO - [2025-03-27T10:05:37.848+0000] {override.py:1912} INFO - Created Permission View: can read on DAG:example_xcom_args
[2025-03-27T10:05:37.852+0000] {logging_mixin.py:190} INFO - [2025-03-27T10:05:37.851+0000] {override.py:1912} INFO - Created Permission View: can delete on DAG:example_xcom_args
[2025-03-27T10:05:37.855+0000] {logging_mixin.py:190} INFO - [2025-03-27T10:05:37.854+0000] {override.py:1912} INFO - Created Permission View: can edit on DAG:example_xcom_args
[2025-03-27T10:05:37.858+0000] {logging_mixin.py:190} INFO - [2025-03-27T10:05:37.857+0000] {override.py:1912} INFO - Created Permission View: can read on DAG Run:example_xcom_args
[2025-03-27T10:05:37.861+0000] {logging_mixin.py:190} INFO - [2025-03-27T10:05:37.861+0000] {override.py:1912} INFO - Created Permission View: can delete on DAG Run:example_xcom_args
[2025-03-27T10:05:37.865+0000] {logging_mixin.py:190} INFO - [2025-03-27T10:05:37.865+0000] {override.py:1912} INFO - Created Permission View: can create on DAG Run:example_xcom_args
[2025-03-27T10:05:37.868+0000] {logging_mixin.py:190} INFO - [2025-03-27T10:05:37.868+0000] {override.py:1912} INFO - Created Permission View: menu access on DAG Run:example_xcom_args
[2025-03-27T10:05:37.869+0000] {logging_mixin.py:190} INFO - [2025-03-27T10:05:37.869+0000] {dag.py:3239} INFO - Sync 2 DAGs
[2025-03-27T10:05:37.875+0000] {logging_mixin.py:190} INFO - [2025-03-27T10:05:37.875+0000] {dag.py:3262} INFO - Creating ORM DAG for example_xcom_args
[2025-03-27T10:05:37.875+0000] {logging_mixin.py:190} INFO - [2025-03-27T10:05:37.875+0000] {dag.py:3262} INFO - Creating ORM DAG for example_xcom_args_with_operators
[2025-03-27T10:05:37.876+0000] {logging_mixin.py:190} INFO - [2025-03-27T10:05:37.876+0000] {dag.py:4180} INFO - Setting next_dagrun for example_xcom_args to None, run_after=None
[2025-03-27T10:05:37.876+0000] {logging_mixin.py:190} INFO - [2025-03-27T10:05:37.876+0000] {dag.py:4180} INFO - Setting next_dagrun for example_xcom_args_with_operators to None, run_after=None
[2025-03-27T10:05:37.885+0000] {processor.py:208} INFO - Processing /home/airflow/.local/lib/python3.12/site-packages/airflow/example_dags/example_xcomargs.py took 0.150 seconds
[2025-03-27T10:06:07.923+0000] {processor.py:186} INFO - Started process (PID=145) to work on /home/airflow/.local/lib/python3.12/site-packages/airflow/example_dags/example_xcomargs.py
[2025-03-27T10:06:07.923+0000] {processor.py:914} INFO - Processing file /home/airflow/.local/lib/python3.12/site-packages/airflow/example_dags/example_xcomargs.py for tasks to queue
[2025-03-27T10:06:07.925+0000] {logging_mixin.py:190} INFO - [2025-03-27T10:06:07.925+0000] {dagbag.py:588} INFO - Filling up the DagBag from /home/airflow/.local/lib/python3.12/site-packages/airflow/example_dags/example_xcomargs.py
[2025-03-27T10:06:07.930+0000] {processor.py:925} INFO - DAG(s) 'example_xcom_args', 'example_xcom_args_with_operators' retrieved from /home/airflow/.local/lib/python3.12/site-packages/airflow/example_dags/example_xcomargs.py
[2025-03-27T10:06:07.942+0000] {logging_mixin.py:190} INFO - [2025-03-27T10:06:07.942+0000] {dag.py:3239} INFO - Sync 2 DAGs
[2025-03-27T10:06:07.949+0000] {logging_mixin.py:190} INFO - [2025-03-27T10:06:07.949+0000] {dag.py:4180} INFO - Setting next_dagrun for example_xcom_args to None, run_after=None
[2025-03-27T10:06:07.951+0000] {logging_mixin.py:190} INFO - [2025-03-27T10:06:07.951+0000] {dag.py:4180} INFO - Setting next_dagrun for example_xcom_args_with_operators to None, run_after=None
[2025-03-27T10:06:07.958+0000] {processor.py:208} INFO - Processing /home/airflow/.local/lib/python3.12/site-packages/airflow/example_dags/example_xcomargs.py took 0.038 seconds
[2025-03-27T10:06:39.057+0000] {processor.py:186} INFO - Started process (PID=208) to work on /home/airflow/.local/lib/python3.12/site-packages/airflow/example_dags/example_xcomargs.py
[2025-03-27T10:06:39.059+0000] {processor.py:914} INFO - Processing file /home/airflow/.local/lib/python3.12/site-packages/airflow/example_dags/example_xcomargs.py for tasks to queue
[2025-03-27T10:06:39.061+0000] {logging_mixin.py:190} INFO - [2025-03-27T10:06:39.060+0000] {dagbag.py:588} INFO - Filling up the DagBag from /home/airflow/.local/lib/python3.12/site-packages/airflow/example_dags/example_xcomargs.py
[2025-03-27T10:06:39.066+0000] {processor.py:925} INFO - DAG(s) 'example_xcom_args_with_operators', 'example_xcom_args' retrieved from /home/airflow/.local/lib/python3.12/site-packages/airflow/example_dags/example_xcomargs.py
[2025-03-27T10:06:39.082+0000] {logging_mixin.py:190} INFO - [2025-03-27T10:06:39.082+0000] {dag.py:3239} INFO - Sync 2 DAGs
[2025-03-27T10:06:39.090+0000] {logging_mixin.py:190} INFO - [2025-03-27T10:06:39.090+0000] {dag.py:4180} INFO - Setting next_dagrun for example_xcom_args to None, run_after=None
[2025-03-27T10:06:39.093+0000] {logging_mixin.py:190} INFO - [2025-03-27T10:06:39.092+0000] {dag.py:4180} INFO - Setting next_dagrun for example_xcom_args_with_operators to None, run_after=None
[2025-03-27T10:06:39.100+0000] {processor.py:208} INFO - Processing /home/airflow/.local/lib/python3.12/site-packages/airflow/example_dags/example_xcomargs.py took 0.050 seconds
[2025-03-27T10:07:10.022+0000] {processor.py:186} INFO - Started process (PID=271) to work on /home/airflow/.local/lib/python3.12/site-packages/airflow/example_dags/example_xcomargs.py
[2025-03-27T10:07:10.023+0000] {processor.py:914} INFO - Processing file /home/airflow/.local/lib/python3.12/site-packages/airflow/example_dags/example_xcomargs.py for tasks to queue
[2025-03-27T10:07:10.025+0000] {logging_mixin.py:190} INFO - [2025-03-27T10:07:10.025+0000] {dagbag.py:588} INFO - Filling up the DagBag from /home/airflow/.local/lib/python3.12/site-packages/airflow/example_dags/example_xcomargs.py
[2025-03-27T10:07:10.031+0000] {processor.py:925} INFO - DAG(s) 'example_xcom_args_with_operators', 'example_xcom_args' retrieved from /home/airflow/.local/lib/python3.12/site-packages/airflow/example_dags/example_xcomargs.py
[2025-03-27T10:07:10.046+0000] {logging_mixin.py:190} INFO - [2025-03-27T10:07:10.046+0000] {dag.py:3239} INFO - Sync 2 DAGs
[2025-03-27T10:07:10.055+0000] {logging_mixin.py:190} INFO - [2025-03-27T10:07:10.055+0000] {dag.py:4180} INFO - Setting next_dagrun for example_xcom_args to None, run_after=None
[2025-03-27T10:07:10.058+0000] {logging_mixin.py:190} INFO - [2025-03-27T10:07:10.058+0000] {dag.py:4180} INFO - Setting next_dagrun for example_xcom_args_with_operators to None, run_after=None
[2025-03-27T10:07:10.067+0000] {processor.py:208} INFO - Processing /home/airflow/.local/lib/python3.12/site-packages/airflow/example_dags/example_xcomargs.py took 0.049 seconds
[2025-03-27T10:07:41.233+0000] {processor.py:186} INFO - Started process (PID=334) to work on /home/airflow/.local/lib/python3.12/site-packages/airflow/example_dags/example_xcomargs.py
[2025-03-27T10:07:41.234+0000] {processor.py:914} INFO - Processing file /home/airflow/.local/lib/python3.12/site-packages/airflow/example_dags/example_xcomargs.py for tasks to queue
[2025-03-27T10:07:41.235+0000] {logging_mixin.py:190} INFO - [2025-03-27T10:07:41.235+0000] {dagbag.py:588} INFO - Filling up the DagBag from /home/airflow/.local/lib/python3.12/site-packages/airflow/example_dags/example_xcomargs.py
[2025-03-27T10:07:41.241+0000] {processor.py:925} INFO - DAG(s) 'example_xcom_args', 'example_xcom_args_with_operators' retrieved from /home/airflow/.local/lib/python3.12/site-packages/airflow/example_dags/example_xcomargs.py
[2025-03-27T10:07:41.256+0000] {logging_mixin.py:190} INFO - [2025-03-27T10:07:41.256+0000] {dag.py:3239} INFO - Sync 2 DAGs
[2025-03-27T10:07:41.264+0000] {logging_mixin.py:190} INFO - [2025-03-27T10:07:41.264+0000] {dag.py:4180} INFO - Setting next_dagrun for example_xcom_args to None, run_after=None
[2025-03-27T10:07:41.266+0000] {logging_mixin.py:190} INFO - [2025-03-27T10:07:41.266+0000] {dag.py:4180} INFO - Setting next_dagrun for example_xcom_args_with_operators to None, run_after=None
[2025-03-27T10:07:41.274+0000] {processor.py:208} INFO - Processing /home/airflow/.local/lib/python3.12/site-packages/airflow/example_dags/example_xcomargs.py took 0.044 seconds
[2025-03-27T10:08:12.042+0000] {processor.py:186} INFO - Started process (PID=396) to work on /home/airflow/.local/lib/python3.12/site-packages/airflow/example_dags/example_xcomargs.py
[2025-03-27T10:08:12.044+0000] {processor.py:914} INFO - Processing file /home/airflow/.local/lib/python3.12/site-packages/airflow/example_dags/example_xcomargs.py for tasks to queue
[2025-03-27T10:08:12.045+0000] {logging_mixin.py:190} INFO - [2025-03-27T10:08:12.045+0000] {dagbag.py:588} INFO - Filling up the DagBag from /home/airflow/.local/lib/python3.12/site-packages/airflow/example_dags/example_xcomargs.py
[2025-03-27T10:08:12.051+0000] {processor.py:925} INFO - DAG(s) 'example_xcom_args', 'example_xcom_args_with_operators' retrieved from /home/airflow/.local/lib/python3.12/site-packages/airflow/example_dags/example_xcomargs.py
[2025-03-27T10:08:12.064+0000] {logging_mixin.py:190} INFO - [2025-03-27T10:08:12.064+0000] {dag.py:3239} INFO - Sync 2 DAGs
[2025-03-27T10:08:12.071+0000] {logging_mixin.py:190} INFO - [2025-03-27T10:08:12.071+0000] {dag.py:4180} INFO - Setting next_dagrun for example_xcom_args to None, run_after=None
[2025-03-27T10:08:12.073+0000] {logging_mixin.py:190} INFO - [2025-03-27T10:08:12.073+0000] {dag.py:4180} INFO - Setting next_dagrun for example_xcom_args_with_operators to None, run_after=None
[2025-03-27T10:08:12.081+0000] {processor.py:208} INFO - Processing /home/airflow/.local/lib/python3.12/site-packages/airflow/example_dags/example_xcomargs.py took 0.042 seconds
[2025-03-27T10:08:43.033+0000] {processor.py:186} INFO - Started process (PID=459) to work on /home/airflow/.local/lib/python3.12/site-packages/airflow/example_dags/example_xcomargs.py
[2025-03-27T10:08:43.036+0000] {processor.py:914} INFO - Processing file /home/airflow/.local/lib/python3.12/site-packages/airflow/example_dags/example_xcomargs.py for tasks to queue
[2025-03-27T10:08:43.038+0000] {logging_mixin.py:190} INFO - [2025-03-27T10:08:43.038+0000] {dagbag.py:588} INFO - Filling up the DagBag from /home/airflow/.local/lib/python3.12/site-packages/airflow/example_dags/example_xcomargs.py
[2025-03-27T10:08:43.043+0000] {processor.py:925} INFO - DAG(s) 'example_xcom_args_with_operators', 'example_xcom_args' retrieved from /home/airflow/.local/lib/python3.12/site-packages/airflow/example_dags/example_xcomargs.py
[2025-03-27T10:08:43.054+0000] {logging_mixin.py:190} INFO - [2025-03-27T10:08:43.054+0000] {dag.py:3239} INFO - Sync 2 DAGs
[2025-03-27T10:08:43.061+0000] {logging_mixin.py:190} INFO - [2025-03-27T10:08:43.061+0000] {dag.py:4180} INFO - Setting next_dagrun for example_xcom_args to None, run_after=None
[2025-03-27T10:08:43.063+0000] {logging_mixin.py:190} INFO - [2025-03-27T10:08:43.062+0000] {dag.py:4180} INFO - Setting next_dagrun for example_xcom_args_with_operators to None, run_after=None
[2025-03-27T10:08:43.070+0000] {processor.py:208} INFO - Processing /home/airflow/.local/lib/python3.12/site-packages/airflow/example_dags/example_xcomargs.py took 0.041 seconds
[2025-03-27T10:09:13.940+0000] {processor.py:186} INFO - Started process (PID=521) to work on /home/airflow/.local/lib/python3.12/site-packages/airflow/example_dags/example_xcomargs.py
[2025-03-27T10:09:13.940+0000] {processor.py:914} INFO - Processing file /home/airflow/.local/lib/python3.12/site-packages/airflow/example_dags/example_xcomargs.py for tasks to queue
[2025-03-27T10:09:13.942+0000] {logging_mixin.py:190} INFO - [2025-03-27T10:09:13.942+0000] {dagbag.py:588} INFO - Filling up the DagBag from /home/airflow/.local/lib/python3.12/site-packages/airflow/example_dags/example_xcomargs.py
[2025-03-27T10:09:13.947+0000] {processor.py:925} INFO - DAG(s) 'example_xcom_args', 'example_xcom_args_with_operators' retrieved from /home/airflow/.local/lib/python3.12/site-packages/airflow/example_dags/example_xcomargs.py
[2025-03-27T10:09:13.960+0000] {logging_mixin.py:190} INFO - [2025-03-27T10:09:13.959+0000] {dag.py:3239} INFO - Sync 2 DAGs
[2025-03-27T10:09:13.967+0000] {logging_mixin.py:190} INFO - [2025-03-27T10:09:13.967+0000] {dag.py:4180} INFO - Setting next_dagrun for example_xcom_args to None, run_after=None
[2025-03-27T10:09:13.969+0000] {logging_mixin.py:190} INFO - [2025-03-27T10:09:13.969+0000] {dag.py:4180} INFO - Setting next_dagrun for example_xcom_args_with_operators to None, run_after=None
[2025-03-27T10:09:13.977+0000] {processor.py:208} INFO - Processing /home/airflow/.local/lib/python3.12/site-packages/airflow/example_dags/example_xcomargs.py took 0.041 seconds
[2025-03-27T10:09:44.729+0000] {processor.py:186} INFO - Started process (PID=584) to work on /home/airflow/.local/lib/python3.12/site-packages/airflow/example_dags/example_xcomargs.py
[2025-03-27T10:09:44.730+0000] {processor.py:914} INFO - Processing file /home/airflow/.local/lib/python3.12/site-packages/airflow/example_dags/example_xcomargs.py for tasks to queue
[2025-03-27T10:09:44.732+0000] {logging_mixin.py:190} INFO - [2025-03-27T10:09:44.732+0000] {dagbag.py:588} INFO - Filling up the DagBag from /home/airflow/.local/lib/python3.12/site-packages/airflow/example_dags/example_xcomargs.py
[2025-03-27T10:09:44.737+0000] {processor.py:925} INFO - DAG(s) 'example_xcom_args', 'example_xcom_args_with_operators' retrieved from /home/airflow/.local/lib/python3.12/site-packages/airflow/example_dags/example_xcomargs.py
[2025-03-27T10:09:44.751+0000] {logging_mixin.py:190} INFO - [2025-03-27T10:09:44.751+0000] {dag.py:3239} INFO - Sync 2 DAGs
[2025-03-27T10:09:44.760+0000] {logging_mixin.py:190} INFO - [2025-03-27T10:09:44.760+0000] {dag.py:4180} INFO - Setting next_dagrun for example_xcom_args to None, run_after=None
[2025-03-27T10:09:44.763+0000] {logging_mixin.py:190} INFO - [2025-03-27T10:09:44.762+0000] {dag.py:4180} INFO - Setting next_dagrun for example_xcom_args_with_operators to None, run_after=None
[2025-03-27T10:09:44.770+0000] {processor.py:208} INFO - Processing /home/airflow/.local/lib/python3.12/site-packages/airflow/example_dags/example_xcomargs.py took 0.045 seconds
[2025-03-27T10:10:15.622+0000] {processor.py:186} INFO - Started process (PID=647) to work on /home/airflow/.local/lib/python3.12/site-packages/airflow/example_dags/example_xcomargs.py
[2025-03-27T10:10:15.622+0000] {processor.py:914} INFO - Processing file /home/airflow/.local/lib/python3.12/site-packages/airflow/example_dags/example_xcomargs.py for tasks to queue
[2025-03-27T10:10:15.623+0000] {logging_mixin.py:190} INFO - [2025-03-27T10:10:15.623+0000] {dagbag.py:588} INFO - Filling up the DagBag from /home/airflow/.local/lib/python3.12/site-packages/airflow/example_dags/example_xcomargs.py
[2025-03-27T10:10:15.628+0000] {processor.py:925} INFO - DAG(s) 'example_xcom_args_with_operators', 'example_xcom_args' retrieved from /home/airflow/.local/lib/python3.12/site-packages/airflow/example_dags/example_xcomargs.py
[2025-03-27T10:10:15.639+0000] {logging_mixin.py:190} INFO - [2025-03-27T10:10:15.639+0000] {dag.py:3239} INFO - Sync 2 DAGs
[2025-03-27T10:10:15.648+0000] {logging_mixin.py:190} INFO - [2025-03-27T10:10:15.648+0000] {dag.py:4180} INFO - Setting next_dagrun for example_xcom_args to None, run_after=None
[2025-03-27T10:10:15.651+0000] {logging_mixin.py:190} INFO - [2025-03-27T10:10:15.650+0000] {dag.py:4180} INFO - Setting next_dagrun for example_xcom_args_with_operators to None, run_after=None
[2025-03-27T10:10:15.660+0000] {processor.py:208} INFO - Processing /home/airflow/.local/lib/python3.12/site-packages/airflow/example_dags/example_xcomargs.py took 0.041 seconds
[2025-03-27T10:10:46.655+0000] {processor.py:186} INFO - Started process (PID=709) to work on /home/airflow/.local/lib/python3.12/site-packages/airflow/example_dags/example_xcomargs.py
[2025-03-27T10:10:46.657+0000] {processor.py:914} INFO - Processing file /home/airflow/.local/lib/python3.12/site-packages/airflow/example_dags/example_xcomargs.py for tasks to queue
[2025-03-27T10:10:46.658+0000] {logging_mixin.py:190} INFO - [2025-03-27T10:10:46.657+0000] {dagbag.py:588} INFO - Filling up the DagBag from /home/airflow/.local/lib/python3.12/site-packages/airflow/example_dags/example_xcomargs.py
[2025-03-27T10:10:46.664+0000] {processor.py:925} INFO - DAG(s) 'example_xcom_args_with_operators', 'example_xcom_args' retrieved from /home/airflow/.local/lib/python3.12/site-packages/airflow/example_dags/example_xcomargs.py
[2025-03-27T10:10:46.677+0000] {logging_mixin.py:190} INFO - [2025-03-27T10:10:46.677+0000] {dag.py:3239} INFO - Sync 2 DAGs
[2025-03-27T10:10:46.686+0000] {logging_mixin.py:190} INFO - [2025-03-27T10:10:46.686+0000] {dag.py:4180} INFO - Setting next_dagrun for example_xcom_args to None, run_after=None
[2025-03-27T10:10:46.688+0000] {logging_mixin.py:190} INFO - [2025-03-27T10:10:46.688+0000] {dag.py:4180} INFO - Setting next_dagrun for example_xcom_args_with_operators to None, run_after=None
[2025-03-27T10:10:46.699+0000] {processor.py:208} INFO - Processing /home/airflow/.local/lib/python3.12/site-packages/airflow/example_dags/example_xcomargs.py took 0.049 seconds
[2025-03-27T10:11:17.911+0000] {processor.py:186} INFO - Started process (PID=772) to work on /home/airflow/.local/lib/python3.12/site-packages/airflow/example_dags/example_xcomargs.py
[2025-03-27T10:11:17.914+0000] {processor.py:914} INFO - Processing file /home/airflow/.local/lib/python3.12/site-packages/airflow/example_dags/example_xcomargs.py for tasks to queue
[2025-03-27T10:11:17.915+0000] {logging_mixin.py:190} INFO - [2025-03-27T10:11:17.915+0000] {dagbag.py:588} INFO - Filling up the DagBag from /home/airflow/.local/lib/python3.12/site-packages/airflow/example_dags/example_xcomargs.py
[2025-03-27T10:11:17.920+0000] {processor.py:925} INFO - DAG(s) 'example_xcom_args_with_operators', 'example_xcom_args' retrieved from /home/airflow/.local/lib/python3.12/site-packages/airflow/example_dags/example_xcomargs.py
[2025-03-27T10:11:17.932+0000] {logging_mixin.py:190} INFO - [2025-03-27T10:11:17.932+0000] {dag.py:3239} INFO - Sync 2 DAGs
[2025-03-27T10:11:17.939+0000] {logging_mixin.py:190} INFO - [2025-03-27T10:11:17.939+0000] {dag.py:4180} INFO - Setting next_dagrun for example_xcom_args to None, run_after=None
[2025-03-27T10:11:17.941+0000] {logging_mixin.py:190} INFO - [2025-03-27T10:11:17.941+0000] {dag.py:4180} INFO - Setting next_dagrun for example_xcom_args_with_operators to None, run_after=None
[2025-03-27T10:11:17.951+0000] {processor.py:208} INFO - Processing /home/airflow/.local/lib/python3.12/site-packages/airflow/example_dags/example_xcomargs.py took 0.044 seconds
[2025-03-27T10:11:48.596+0000] {processor.py:186} INFO - Started process (PID=836) to work on /home/airflow/.local/lib/python3.12/site-packages/airflow/example_dags/example_xcomargs.py
[2025-03-27T10:11:48.596+0000] {processor.py:914} INFO - Processing file /home/airflow/.local/lib/python3.12/site-packages/airflow/example_dags/example_xcomargs.py for tasks to queue
[2025-03-27T10:11:48.598+0000] {logging_mixin.py:190} INFO - [2025-03-27T10:11:48.598+0000] {dagbag.py:588} INFO - Filling up the DagBag from /home/airflow/.local/lib/python3.12/site-packages/airflow/example_dags/example_xcomargs.py
[2025-03-27T10:11:48.604+0000] {processor.py:925} INFO - DAG(s) 'example_xcom_args', 'example_xcom_args_with_operators' retrieved from /home/airflow/.local/lib/python3.12/site-packages/airflow/example_dags/example_xcomargs.py
[2025-03-27T10:11:48.617+0000] {logging_mixin.py:190} INFO - [2025-03-27T10:11:48.616+0000] {dag.py:3239} INFO - Sync 2 DAGs
[2025-03-27T10:11:48.624+0000] {logging_mixin.py:190} INFO - [2025-03-27T10:11:48.624+0000] {dag.py:4180} INFO - Setting next_dagrun for example_xcom_args to None, run_after=None
[2025-03-27T10:11:48.626+0000] {logging_mixin.py:190} INFO - [2025-03-27T10:11:48.626+0000] {dag.py:4180} INFO - Setting next_dagrun for example_xcom_args_with_operators to None, run_after=None
[2025-03-27T10:11:48.635+0000] {processor.py:208} INFO - Processing /home/airflow/.local/lib/python3.12/site-packages/airflow/example_dags/example_xcomargs.py took 0.042 seconds
[2025-03-27T10:12:19.413+0000] {processor.py:186} INFO - Started process (PID=899) to work on /home/airflow/.local/lib/python3.12/site-packages/airflow/example_dags/example_xcomargs.py
[2025-03-27T10:12:19.413+0000] {processor.py:914} INFO - Processing file /home/airflow/.local/lib/python3.12/site-packages/airflow/example_dags/example_xcomargs.py for tasks to queue
[2025-03-27T10:12:19.414+0000] {logging_mixin.py:190} INFO - [2025-03-27T10:12:19.414+0000] {dagbag.py:588} INFO - Filling up the DagBag from /home/airflow/.local/lib/python3.12/site-packages/airflow/example_dags/example_xcomargs.py
[2025-03-27T10:12:19.419+0000] {processor.py:925} INFO - DAG(s) 'example_xcom_args', 'example_xcom_args_with_operators' retrieved from /home/airflow/.local/lib/python3.12/site-packages/airflow/example_dags/example_xcomargs.py
[2025-03-27T10:12:19.431+0000] {logging_mixin.py:190} INFO - [2025-03-27T10:12:19.431+0000] {dag.py:3239} INFO - Sync 2 DAGs
[2025-03-27T10:12:19.438+0000] {logging_mixin.py:190} INFO - [2025-03-27T10:12:19.438+0000] {dag.py:4180} INFO - Setting next_dagrun for example_xcom_args to None, run_after=None
[2025-03-27T10:12:19.439+0000] {logging_mixin.py:190} INFO - [2025-03-27T10:12:19.439+0000] {dag.py:4180} INFO - Setting next_dagrun for example_xcom_args_with_operators to None, run_after=None
[2025-03-27T10:12:19.446+0000] {processor.py:208} INFO - Processing /home/airflow/.local/lib/python3.12/site-packages/airflow/example_dags/example_xcomargs.py took 0.037 seconds
[2025-03-27T10:12:50.125+0000] {processor.py:186} INFO - Started process (PID=961) to work on /home/airflow/.local/lib/python3.12/site-packages/airflow/example_dags/example_xcomargs.py
[2025-03-27T10:12:50.128+0000] {processor.py:914} INFO - Processing file /home/airflow/.local/lib/python3.12/site-packages/airflow/example_dags/example_xcomargs.py for tasks to queue
[2025-03-27T10:12:50.133+0000] {logging_mixin.py:190} INFO - [2025-03-27T10:12:50.133+0000] {dagbag.py:588} INFO - Filling up the DagBag from /home/airflow/.local/lib/python3.12/site-packages/airflow/example_dags/example_xcomargs.py
[2025-03-27T10:12:50.140+0000] {processor.py:925} INFO - DAG(s) 'example_xcom_args_with_operators', 'example_xcom_args' retrieved from /home/airflow/.local/lib/python3.12/site-packages/airflow/example_dags/example_xcomargs.py
[2025-03-27T10:12:50.154+0000] {logging_mixin.py:190} INFO - [2025-03-27T10:12:50.154+0000] {dag.py:3239} INFO - Sync 2 DAGs
[2025-03-27T10:12:50.163+0000] {logging_mixin.py:190} INFO - [2025-03-27T10:12:50.163+0000] {dag.py:4180} INFO - Setting next_dagrun for example_xcom_args to None, run_after=None
[2025-03-27T10:12:50.165+0000] {logging_mixin.py:190} INFO - [2025-03-27T10:12:50.165+0000] {dag.py:4180} INFO - Setting next_dagrun for example_xcom_args_with_operators to None, run_after=None
[2025-03-27T10:12:50.173+0000] {processor.py:208} INFO - Processing /home/airflow/.local/lib/python3.12/site-packages/airflow/example_dags/example_xcomargs.py took 0.052 seconds
[2025-03-27T10:13:21.293+0000] {processor.py:186} INFO - Started process (PID=1024) to work on /home/airflow/.local/lib/python3.12/site-packages/airflow/example_dags/example_xcomargs.py
[2025-03-27T10:13:21.295+0000] {processor.py:914} INFO - Processing file /home/airflow/.local/lib/python3.12/site-packages/airflow/example_dags/example_xcomargs.py for tasks to queue
[2025-03-27T10:13:21.296+0000] {logging_mixin.py:190} INFO - [2025-03-27T10:13:21.296+0000] {dagbag.py:588} INFO - Filling up the DagBag from /home/airflow/.local/lib/python3.12/site-packages/airflow/example_dags/example_xcomargs.py
[2025-03-27T10:13:21.301+0000] {processor.py:925} INFO - DAG(s) 'example_xcom_args', 'example_xcom_args_with_operators' retrieved from /home/airflow/.local/lib/python3.12/site-packages/airflow/example_dags/example_xcomargs.py
[2025-03-27T10:13:21.314+0000] {logging_mixin.py:190} INFO - [2025-03-27T10:13:21.314+0000] {dag.py:3239} INFO - Sync 2 DAGs
[2025-03-27T10:13:21.321+0000] {logging_mixin.py:190} INFO - [2025-03-27T10:13:21.321+0000] {dag.py:4180} INFO - Setting next_dagrun for example_xcom_args to None, run_after=None
[2025-03-27T10:13:21.323+0000] {logging_mixin.py:190} INFO - [2025-03-27T10:13:21.323+0000] {dag.py:4180} INFO - Setting next_dagrun for example_xcom_args_with_operators to None, run_after=None
[2025-03-27T10:13:21.333+0000] {processor.py:208} INFO - Processing /home/airflow/.local/lib/python3.12/site-packages/airflow/example_dags/example_xcomargs.py took 0.043 seconds
[2025-03-27T10:13:52.326+0000] {processor.py:186} INFO - Started process (PID=1087) to work on /home/airflow/.local/lib/python3.12/site-packages/airflow/example_dags/example_xcomargs.py
[2025-03-27T10:13:52.326+0000] {processor.py:914} INFO - Processing file /home/airflow/.local/lib/python3.12/site-packages/airflow/example_dags/example_xcomargs.py for tasks to queue
[2025-03-27T10:13:52.328+0000] {logging_mixin.py:190} INFO - [2025-03-27T10:13:52.327+0000] {dagbag.py:588} INFO - Filling up the DagBag from /home/airflow/.local/lib/python3.12/site-packages/airflow/example_dags/example_xcomargs.py
[2025-03-27T10:13:52.333+0000] {processor.py:925} INFO - DAG(s) 'example_xcom_args', 'example_xcom_args_with_operators' retrieved from /home/airflow/.local/lib/python3.12/site-packages/airflow/example_dags/example_xcomargs.py
[2025-03-27T10:13:52.345+0000] {logging_mixin.py:190} INFO - [2025-03-27T10:13:52.345+0000] {dag.py:3239} INFO - Sync 2 DAGs
[2025-03-27T10:13:52.356+0000] {logging_mixin.py:190} INFO - [2025-03-27T10:13:52.355+0000] {dag.py:4180} INFO - Setting next_dagrun for example_xcom_args to None, run_after=None
[2025-03-27T10:13:52.358+0000] {logging_mixin.py:190} INFO - [2025-03-27T10:13:52.358+0000] {dag.py:4180} INFO - Setting next_dagrun for example_xcom_args_with_operators to None, run_after=None
[2025-03-27T10:13:52.365+0000] {processor.py:208} INFO - Processing /home/airflow/.local/lib/python3.12/site-packages/airflow/example_dags/example_xcomargs.py took 0.042 seconds
[2025-03-27T10:14:23.216+0000] {processor.py:186} INFO - Started process (PID=1150) to work on /home/airflow/.local/lib/python3.12/site-packages/airflow/example_dags/example_xcomargs.py
[2025-03-27T10:14:23.217+0000] {processor.py:914} INFO - Processing file /home/airflow/.local/lib/python3.12/site-packages/airflow/example_dags/example_xcomargs.py for tasks to queue
[2025-03-27T10:14:23.218+0000] {logging_mixin.py:190} INFO - [2025-03-27T10:14:23.218+0000] {dagbag.py:588} INFO - Filling up the DagBag from /home/airflow/.local/lib/python3.12/site-packages/airflow/example_dags/example_xcomargs.py
[2025-03-27T10:14:23.223+0000] {processor.py:925} INFO - DAG(s) 'example_xcom_args', 'example_xcom_args_with_operators' retrieved from /home/airflow/.local/lib/python3.12/site-packages/airflow/example_dags/example_xcomargs.py
[2025-03-27T10:14:23.235+0000] {logging_mixin.py:190} INFO - [2025-03-27T10:14:23.234+0000] {dag.py:3239} INFO - Sync 2 DAGs
[2025-03-27T10:14:23.243+0000] {logging_mixin.py:190} INFO - [2025-03-27T10:14:23.243+0000] {dag.py:4180} INFO - Setting next_dagrun for example_xcom_args to None, run_after=None
[2025-03-27T10:14:23.245+0000] {logging_mixin.py:190} INFO - [2025-03-27T10:14:23.245+0000] {dag.py:4180} INFO - Setting next_dagrun for example_xcom_args_with_operators to None, run_after=None
[2025-03-27T10:14:23.253+0000] {processor.py:208} INFO - Processing /home/airflow/.local/lib/python3.12/site-packages/airflow/example_dags/example_xcomargs.py took 0.040 seconds
[2025-03-27T10:14:54.354+0000] {processor.py:186} INFO - Started process (PID=1213) to work on /home/airflow/.local/lib/python3.12/site-packages/airflow/example_dags/example_xcomargs.py
[2025-03-27T10:14:54.355+0000] {processor.py:914} INFO - Processing file /home/airflow/.local/lib/python3.12/site-packages/airflow/example_dags/example_xcomargs.py for tasks to queue
[2025-03-27T10:14:54.357+0000] {logging_mixin.py:190} INFO - [2025-03-27T10:14:54.356+0000] {dagbag.py:588} INFO - Filling up the DagBag from /home/airflow/.local/lib/python3.12/site-packages/airflow/example_dags/example_xcomargs.py
[2025-03-27T10:14:54.362+0000] {processor.py:925} INFO - DAG(s) 'example_xcom_args', 'example_xcom_args_with_operators' retrieved from /home/airflow/.local/lib/python3.12/site-packages/airflow/example_dags/example_xcomargs.py
[2025-03-27T10:14:54.379+0000] {logging_mixin.py:190} INFO - [2025-03-27T10:14:54.379+0000] {dag.py:3239} INFO - Sync 2 DAGs
[2025-03-27T10:14:54.388+0000] {logging_mixin.py:190} INFO - [2025-03-27T10:14:54.388+0000] {dag.py:4180} INFO - Setting next_dagrun for example_xcom_args to None, run_after=None
[2025-03-27T10:14:54.390+0000] {logging_mixin.py:190} INFO - [2025-03-27T10:14:54.390+0000] {dag.py:4180} INFO - Setting next_dagrun for example_xcom_args_with_operators to None, run_after=None
[2025-03-27T10:14:54.399+0000] {processor.py:208} INFO - Processing /home/airflow/.local/lib/python3.12/site-packages/airflow/example_dags/example_xcomargs.py took 0.052 seconds
[2025-03-27T10:15:25.203+0000] {processor.py:186} INFO - Started process (PID=1275) to work on /home/airflow/.local/lib/python3.12/site-packages/airflow/example_dags/example_xcomargs.py
[2025-03-27T10:15:25.204+0000] {processor.py:914} INFO - Processing file /home/airflow/.local/lib/python3.12/site-packages/airflow/example_dags/example_xcomargs.py for tasks to queue
[2025-03-27T10:15:25.205+0000] {logging_mixin.py:190} INFO - [2025-03-27T10:15:25.205+0000] {dagbag.py:588} INFO - Filling up the DagBag from /home/airflow/.local/lib/python3.12/site-packages/airflow/example_dags/example_xcomargs.py
[2025-03-27T10:15:25.210+0000] {processor.py:925} INFO - DAG(s) 'example_xcom_args_with_operators', 'example_xcom_args' retrieved from /home/airflow/.local/lib/python3.12/site-packages/airflow/example_dags/example_xcomargs.py
[2025-03-27T10:15:25.223+0000] {logging_mixin.py:190} INFO - [2025-03-27T10:15:25.223+0000] {dag.py:3239} INFO - Sync 2 DAGs
[2025-03-27T10:15:25.230+0000] {logging_mixin.py:190} INFO - [2025-03-27T10:15:25.230+0000] {dag.py:4180} INFO - Setting next_dagrun for example_xcom_args to None, run_after=None
[2025-03-27T10:15:25.232+0000] {logging_mixin.py:190} INFO - [2025-03-27T10:15:25.232+0000] {dag.py:4180} INFO - Setting next_dagrun for example_xcom_args_with_operators to None, run_after=None
[2025-03-27T10:15:25.240+0000] {processor.py:208} INFO - Processing /home/airflow/.local/lib/python3.12/site-packages/airflow/example_dags/example_xcomargs.py took 0.040 seconds
[2025-03-27T10:15:56.136+0000] {processor.py:186} INFO - Started process (PID=1338) to work on /home/airflow/.local/lib/python3.12/site-packages/airflow/example_dags/example_xcomargs.py
[2025-03-27T10:15:56.136+0000] {processor.py:914} INFO - Processing file /home/airflow/.local/lib/python3.12/site-packages/airflow/example_dags/example_xcomargs.py for tasks to queue
[2025-03-27T10:15:56.138+0000] {logging_mixin.py:190} INFO - [2025-03-27T10:15:56.137+0000] {dagbag.py:588} INFO - Filling up the DagBag from /home/airflow/.local/lib/python3.12/site-packages/airflow/example_dags/example_xcomargs.py
[2025-03-27T10:15:56.143+0000] {processor.py:925} INFO - DAG(s) 'example_xcom_args', 'example_xcom_args_with_operators' retrieved from /home/airflow/.local/lib/python3.12/site-packages/airflow/example_dags/example_xcomargs.py
[2025-03-27T10:15:56.154+0000] {logging_mixin.py:190} INFO - [2025-03-27T10:15:56.154+0000] {dag.py:3239} INFO - Sync 2 DAGs
[2025-03-27T10:15:56.161+0000] {logging_mixin.py:190} INFO - [2025-03-27T10:15:56.161+0000] {dag.py:4180} INFO - Setting next_dagrun for example_xcom_args to None, run_after=None
[2025-03-27T10:15:56.164+0000] {logging_mixin.py:190} INFO - [2025-03-27T10:15:56.163+0000] {dag.py:4180} INFO - Setting next_dagrun for example_xcom_args_with_operators to None, run_after=None
[2025-03-27T10:15:56.172+0000] {processor.py:208} INFO - Processing /home/airflow/.local/lib/python3.12/site-packages/airflow/example_dags/example_xcomargs.py took 0.039 seconds
[2025-03-27T10:16:27.306+0000] {processor.py:186} INFO - Started process (PID=1401) to work on /home/airflow/.local/lib/python3.12/site-packages/airflow/example_dags/example_xcomargs.py
[2025-03-27T10:16:27.307+0000] {processor.py:914} INFO - Processing file /home/airflow/.local/lib/python3.12/site-packages/airflow/example_dags/example_xcomargs.py for tasks to queue
[2025-03-27T10:16:27.309+0000] {logging_mixin.py:190} INFO - [2025-03-27T10:16:27.309+0000] {dagbag.py:588} INFO - Filling up the DagBag from /home/airflow/.local/lib/python3.12/site-packages/airflow/example_dags/example_xcomargs.py
[2025-03-27T10:16:27.315+0000] {processor.py:925} INFO - DAG(s) 'example_xcom_args', 'example_xcom_args_with_operators' retrieved from /home/airflow/.local/lib/python3.12/site-packages/airflow/example_dags/example_xcomargs.py
[2025-03-27T10:16:27.327+0000] {logging_mixin.py:190} INFO - [2025-03-27T10:16:27.327+0000] {dag.py:3239} INFO - Sync 2 DAGs
[2025-03-27T10:16:27.336+0000] {logging_mixin.py:190} INFO - [2025-03-27T10:16:27.336+0000] {dag.py:4180} INFO - Setting next_dagrun for example_xcom_args to None, run_after=None
[2025-03-27T10:16:27.338+0000] {logging_mixin.py:190} INFO - [2025-03-27T10:16:27.338+0000] {dag.py:4180} INFO - Setting next_dagrun for example_xcom_args_with_operators to None, run_after=None
[2025-03-27T10:16:27.346+0000] {processor.py:208} INFO - Processing /home/airflow/.local/lib/python3.12/site-packages/airflow/example_dags/example_xcomargs.py took 0.043 seconds
[2025-03-27T10:16:58.242+0000] {processor.py:186} INFO - Started process (PID=1464) to work on /home/airflow/.local/lib/python3.12/site-packages/airflow/example_dags/example_xcomargs.py
[2025-03-27T10:16:58.243+0000] {processor.py:914} INFO - Processing file /home/airflow/.local/lib/python3.12/site-packages/airflow/example_dags/example_xcomargs.py for tasks to queue
[2025-03-27T10:16:58.245+0000] {logging_mixin.py:190} INFO - [2025-03-27T10:16:58.244+0000] {dagbag.py:588} INFO - Filling up the DagBag from /home/airflow/.local/lib/python3.12/site-packages/airflow/example_dags/example_xcomargs.py
[2025-03-27T10:16:58.250+0000] {processor.py:925} INFO - DAG(s) 'example_xcom_args', 'example_xcom_args_with_operators' retrieved from /home/airflow/.local/lib/python3.12/site-packages/airflow/example_dags/example_xcomargs.py
[2025-03-27T10:16:58.264+0000] {logging_mixin.py:190} INFO - [2025-03-27T10:16:58.263+0000] {dag.py:3239} INFO - Sync 2 DAGs
[2025-03-27T10:16:58.271+0000] {logging_mixin.py:190} INFO - [2025-03-27T10:16:58.271+0000] {dag.py:4180} INFO - Setting next_dagrun for example_xcom_args to None, run_after=None
[2025-03-27T10:16:58.273+0000] {logging_mixin.py:190} INFO - [2025-03-27T10:16:58.273+0000] {dag.py:4180} INFO - Setting next_dagrun for example_xcom_args_with_operators to None, run_after=None
[2025-03-27T10:16:58.281+0000] {processor.py:208} INFO - Processing /home/airflow/.local/lib/python3.12/site-packages/airflow/example_dags/example_xcomargs.py took 0.042 seconds
[2025-03-27T10:17:29.072+0000] {processor.py:186} INFO - Started process (PID=1527) to work on /home/airflow/.local/lib/python3.12/site-packages/airflow/example_dags/example_xcomargs.py
[2025-03-27T10:17:29.075+0000] {processor.py:914} INFO - Processing file /home/airflow/.local/lib/python3.12/site-packages/airflow/example_dags/example_xcomargs.py for tasks to queue
[2025-03-27T10:17:29.077+0000] {logging_mixin.py:190} INFO - [2025-03-27T10:17:29.077+0000] {dagbag.py:588} INFO - Filling up the DagBag from /home/airflow/.local/lib/python3.12/site-packages/airflow/example_dags/example_xcomargs.py
[2025-03-27T10:17:29.082+0000] {processor.py:925} INFO - DAG(s) 'example_xcom_args', 'example_xcom_args_with_operators' retrieved from /home/airflow/.local/lib/python3.12/site-packages/airflow/example_dags/example_xcomargs.py
[2025-03-27T10:17:29.093+0000] {logging_mixin.py:190} INFO - [2025-03-27T10:17:29.093+0000] {dag.py:3239} INFO - Sync 2 DAGs
[2025-03-27T10:17:29.100+0000] {logging_mixin.py:190} INFO - [2025-03-27T10:17:29.100+0000] {dag.py:4180} INFO - Setting next_dagrun for example_xcom_args to None, run_after=None
[2025-03-27T10:17:29.103+0000] {logging_mixin.py:190} INFO - [2025-03-27T10:17:29.103+0000] {dag.py:4180} INFO - Setting next_dagrun for example_xcom_args_with_operators to None, run_after=None
[2025-03-27T10:17:29.111+0000] {processor.py:208} INFO - Processing /home/airflow/.local/lib/python3.12/site-packages/airflow/example_dags/example_xcomargs.py took 0.042 seconds
[2025-03-27T10:18:00.012+0000] {processor.py:186} INFO - Started process (PID=1590) to work on /home/airflow/.local/lib/python3.12/site-packages/airflow/example_dags/example_xcomargs.py
[2025-03-27T10:18:00.013+0000] {processor.py:914} INFO - Processing file /home/airflow/.local/lib/python3.12/site-packages/airflow/example_dags/example_xcomargs.py for tasks to queue
[2025-03-27T10:18:00.018+0000] {logging_mixin.py:190} INFO - [2025-03-27T10:18:00.017+0000] {dagbag.py:588} INFO - Filling up the DagBag from /home/airflow/.local/lib/python3.12/site-packages/airflow/example_dags/example_xcomargs.py
[2025-03-27T10:18:00.029+0000] {processor.py:925} INFO - DAG(s) 'example_xcom_args_with_operators', 'example_xcom_args' retrieved from /home/airflow/.local/lib/python3.12/site-packages/airflow/example_dags/example_xcomargs.py
[2025-03-27T10:18:00.046+0000] {logging_mixin.py:190} INFO - [2025-03-27T10:18:00.046+0000] {dag.py:3239} INFO - Sync 2 DAGs
[2025-03-27T10:18:00.057+0000] {logging_mixin.py:190} INFO - [2025-03-27T10:18:00.057+0000] {dag.py:4180} INFO - Setting next_dagrun for example_xcom_args to None, run_after=None
[2025-03-27T10:18:00.061+0000] {logging_mixin.py:190} INFO - [2025-03-27T10:18:00.061+0000] {dag.py:4180} INFO - Setting next_dagrun for example_xcom_args_with_operators to None, run_after=None
[2025-03-27T10:18:00.071+0000] {processor.py:208} INFO - Processing /home/airflow/.local/lib/python3.12/site-packages/airflow/example_dags/example_xcomargs.py took 0.064 seconds
