[2025-03-27T10:05:37.903+0000] {processor.py:186} INFO - Started process (PID=84) to work on /home/airflow/.local/lib/python3.12/site-packages/airflow/example_dags/example_nested_branch_dag.py
[2025-03-27T10:05:37.904+0000] {processor.py:914} INFO - Processing file /home/airflow/.local/lib/python3.12/site-packages/airflow/example_dags/example_nested_branch_dag.py for tasks to queue
[2025-03-27T10:05:37.905+0000] {logging_mixin.py:190} INFO - [2025-03-27T10:05:37.905+0000] {dagbag.py:588} INFO - Filling up the DagBag from /home/airflow/.local/lib/python3.12/site-packages/airflow/example_dags/example_nested_branch_dag.py
[2025-03-27T10:05:37.913+0000] {processor.py:925} INFO - DAG(s) 'example_nested_branch_dag' retrieved from /home/airflow/.local/lib/python3.12/site-packages/airflow/example_dags/example_nested_branch_dag.py
[2025-03-27T10:05:37.970+0000] {logging_mixin.py:190} INFO - [2025-03-27T10:05:37.970+0000] {override.py:1912} INFO - Created Permission View: can read on DAG:example_nested_branch_dag
[2025-03-27T10:05:37.976+0000] {logging_mixin.py:190} INFO - [2025-03-27T10:05:37.976+0000] {override.py:1912} INFO - Created Permission View: can delete on DAG:example_nested_branch_dag
[2025-03-27T10:05:37.985+0000] {logging_mixin.py:190} INFO - [2025-03-27T10:05:37.985+0000] {override.py:1912} INFO - Created Permission View: can edit on DAG:example_nested_branch_dag
[2025-03-27T10:05:37.988+0000] {logging_mixin.py:190} INFO - [2025-03-27T10:05:37.988+0000] {override.py:1912} INFO - Created Permission View: can read on DAG Run:example_nested_branch_dag
[2025-03-27T10:05:37.991+0000] {logging_mixin.py:190} INFO - [2025-03-27T10:05:37.991+0000] {override.py:1912} INFO - Created Permission View: can delete on DAG Run:example_nested_branch_dag
[2025-03-27T10:05:37.994+0000] {logging_mixin.py:190} INFO - [2025-03-27T10:05:37.994+0000] {override.py:1912} INFO - Created Permission View: can create on DAG Run:example_nested_branch_dag
[2025-03-27T10:05:37.996+0000] {logging_mixin.py:190} INFO - [2025-03-27T10:05:37.996+0000] {override.py:1912} INFO - Created Permission View: menu access on DAG Run:example_nested_branch_dag
[2025-03-27T10:05:37.996+0000] {logging_mixin.py:190} INFO - [2025-03-27T10:05:37.996+0000] {dag.py:3239} INFO - Sync 1 DAGs
[2025-03-27T10:05:38.003+0000] {logging_mixin.py:190} INFO - [2025-03-27T10:05:38.003+0000] {dag.py:3262} INFO - Creating ORM DAG for example_nested_branch_dag
[2025-03-27T10:05:38.008+0000] {logging_mixin.py:190} INFO - [2025-03-27T10:05:38.008+0000] {dag.py:4180} INFO - Setting next_dagrun for example_nested_branch_dag to 2025-03-26 00:00:00+00:00, run_after=2025-03-27 00:00:00+00:00
[2025-03-27T10:05:38.016+0000] {processor.py:208} INFO - Processing /home/airflow/.local/lib/python3.12/site-packages/airflow/example_dags/example_nested_branch_dag.py took 0.117 seconds
[2025-03-27T10:06:08.983+0000] {processor.py:186} INFO - Started process (PID=147) to work on /home/airflow/.local/lib/python3.12/site-packages/airflow/example_dags/example_nested_branch_dag.py
[2025-03-27T10:06:08.984+0000] {processor.py:914} INFO - Processing file /home/airflow/.local/lib/python3.12/site-packages/airflow/example_dags/example_nested_branch_dag.py for tasks to queue
[2025-03-27T10:06:08.985+0000] {logging_mixin.py:190} INFO - [2025-03-27T10:06:08.985+0000] {dagbag.py:588} INFO - Filling up the DagBag from /home/airflow/.local/lib/python3.12/site-packages/airflow/example_dags/example_nested_branch_dag.py
[2025-03-27T10:06:08.993+0000] {processor.py:925} INFO - DAG(s) 'example_nested_branch_dag' retrieved from /home/airflow/.local/lib/python3.12/site-packages/airflow/example_dags/example_nested_branch_dag.py
[2025-03-27T10:06:09.009+0000] {logging_mixin.py:190} INFO - [2025-03-27T10:06:09.009+0000] {dag.py:3239} INFO - Sync 1 DAGs
[2025-03-27T10:06:09.024+0000] {logging_mixin.py:190} INFO - [2025-03-27T10:06:09.024+0000] {dag.py:4180} INFO - Setting next_dagrun for example_nested_branch_dag to 2025-03-26 00:00:00+00:00, run_after=2025-03-27 00:00:00+00:00
[2025-03-27T10:06:09.040+0000] {processor.py:208} INFO - Processing /home/airflow/.local/lib/python3.12/site-packages/airflow/example_dags/example_nested_branch_dag.py took 0.061 seconds
[2025-03-27T10:06:39.114+0000] {processor.py:186} INFO - Started process (PID=210) to work on /home/airflow/.local/lib/python3.12/site-packages/airflow/example_dags/example_nested_branch_dag.py
[2025-03-27T10:06:39.115+0000] {processor.py:914} INFO - Processing file /home/airflow/.local/lib/python3.12/site-packages/airflow/example_dags/example_nested_branch_dag.py for tasks to queue
[2025-03-27T10:06:39.116+0000] {logging_mixin.py:190} INFO - [2025-03-27T10:06:39.116+0000] {dagbag.py:588} INFO - Filling up the DagBag from /home/airflow/.local/lib/python3.12/site-packages/airflow/example_dags/example_nested_branch_dag.py
[2025-03-27T10:06:39.122+0000] {processor.py:925} INFO - DAG(s) 'example_nested_branch_dag' retrieved from /home/airflow/.local/lib/python3.12/site-packages/airflow/example_dags/example_nested_branch_dag.py
[2025-03-27T10:06:39.134+0000] {logging_mixin.py:190} INFO - [2025-03-27T10:06:39.134+0000] {dag.py:3239} INFO - Sync 1 DAGs
[2025-03-27T10:06:39.147+0000] {logging_mixin.py:190} INFO - [2025-03-27T10:06:39.147+0000] {dag.py:4180} INFO - Setting next_dagrun for example_nested_branch_dag to 2025-03-26 00:00:00+00:00, run_after=2025-03-27 00:00:00+00:00
[2025-03-27T10:06:39.156+0000] {processor.py:208} INFO - Processing /home/airflow/.local/lib/python3.12/site-packages/airflow/example_dags/example_nested_branch_dag.py took 0.045 seconds
[2025-03-27T10:07:10.085+0000] {processor.py:186} INFO - Started process (PID=273) to work on /home/airflow/.local/lib/python3.12/site-packages/airflow/example_dags/example_nested_branch_dag.py
[2025-03-27T10:07:10.087+0000] {processor.py:914} INFO - Processing file /home/airflow/.local/lib/python3.12/site-packages/airflow/example_dags/example_nested_branch_dag.py for tasks to queue
[2025-03-27T10:07:10.089+0000] {logging_mixin.py:190} INFO - [2025-03-27T10:07:10.089+0000] {dagbag.py:588} INFO - Filling up the DagBag from /home/airflow/.local/lib/python3.12/site-packages/airflow/example_dags/example_nested_branch_dag.py
[2025-03-27T10:07:10.095+0000] {processor.py:925} INFO - DAG(s) 'example_nested_branch_dag' retrieved from /home/airflow/.local/lib/python3.12/site-packages/airflow/example_dags/example_nested_branch_dag.py
[2025-03-27T10:07:10.109+0000] {logging_mixin.py:190} INFO - [2025-03-27T10:07:10.109+0000] {dag.py:3239} INFO - Sync 1 DAGs
[2025-03-27T10:07:10.122+0000] {logging_mixin.py:190} INFO - [2025-03-27T10:07:10.122+0000] {dag.py:4180} INFO - Setting next_dagrun for example_nested_branch_dag to 2025-03-26 00:00:00+00:00, run_after=2025-03-27 00:00:00+00:00
[2025-03-27T10:07:10.131+0000] {processor.py:208} INFO - Processing /home/airflow/.local/lib/python3.12/site-packages/airflow/example_dags/example_nested_branch_dag.py took 0.051 seconds
[2025-03-27T10:07:41.290+0000] {processor.py:186} INFO - Started process (PID=336) to work on /home/airflow/.local/lib/python3.12/site-packages/airflow/example_dags/example_nested_branch_dag.py
[2025-03-27T10:07:41.291+0000] {processor.py:914} INFO - Processing file /home/airflow/.local/lib/python3.12/site-packages/airflow/example_dags/example_nested_branch_dag.py for tasks to queue
[2025-03-27T10:07:41.293+0000] {logging_mixin.py:190} INFO - [2025-03-27T10:07:41.293+0000] {dagbag.py:588} INFO - Filling up the DagBag from /home/airflow/.local/lib/python3.12/site-packages/airflow/example_dags/example_nested_branch_dag.py
[2025-03-27T10:07:41.299+0000] {processor.py:925} INFO - DAG(s) 'example_nested_branch_dag' retrieved from /home/airflow/.local/lib/python3.12/site-packages/airflow/example_dags/example_nested_branch_dag.py
[2025-03-27T10:07:41.315+0000] {logging_mixin.py:190} INFO - [2025-03-27T10:07:41.314+0000] {dag.py:3239} INFO - Sync 1 DAGs
[2025-03-27T10:07:41.328+0000] {logging_mixin.py:190} INFO - [2025-03-27T10:07:41.328+0000] {dag.py:4180} INFO - Setting next_dagrun for example_nested_branch_dag to 2025-03-26 00:00:00+00:00, run_after=2025-03-27 00:00:00+00:00
[2025-03-27T10:07:41.337+0000] {processor.py:208} INFO - Processing /home/airflow/.local/lib/python3.12/site-packages/airflow/example_dags/example_nested_branch_dag.py took 0.050 seconds
[2025-03-27T10:08:12.097+0000] {processor.py:186} INFO - Started process (PID=398) to work on /home/airflow/.local/lib/python3.12/site-packages/airflow/example_dags/example_nested_branch_dag.py
[2025-03-27T10:08:12.101+0000] {processor.py:914} INFO - Processing file /home/airflow/.local/lib/python3.12/site-packages/airflow/example_dags/example_nested_branch_dag.py for tasks to queue
[2025-03-27T10:08:12.103+0000] {logging_mixin.py:190} INFO - [2025-03-27T10:08:12.103+0000] {dagbag.py:588} INFO - Filling up the DagBag from /home/airflow/.local/lib/python3.12/site-packages/airflow/example_dags/example_nested_branch_dag.py
[2025-03-27T10:08:12.109+0000] {processor.py:925} INFO - DAG(s) 'example_nested_branch_dag' retrieved from /home/airflow/.local/lib/python3.12/site-packages/airflow/example_dags/example_nested_branch_dag.py
[2025-03-27T10:08:12.120+0000] {logging_mixin.py:190} INFO - [2025-03-27T10:08:12.120+0000] {dag.py:3239} INFO - Sync 1 DAGs
[2025-03-27T10:08:12.132+0000] {logging_mixin.py:190} INFO - [2025-03-27T10:08:12.132+0000] {dag.py:4180} INFO - Setting next_dagrun for example_nested_branch_dag to 2025-03-26 00:00:00+00:00, run_after=2025-03-27 00:00:00+00:00
[2025-03-27T10:08:12.140+0000] {processor.py:208} INFO - Processing /home/airflow/.local/lib/python3.12/site-packages/airflow/example_dags/example_nested_branch_dag.py took 0.046 seconds
[2025-03-27T10:08:43.090+0000] {processor.py:186} INFO - Started process (PID=461) to work on /home/airflow/.local/lib/python3.12/site-packages/airflow/example_dags/example_nested_branch_dag.py
[2025-03-27T10:08:43.090+0000] {processor.py:914} INFO - Processing file /home/airflow/.local/lib/python3.12/site-packages/airflow/example_dags/example_nested_branch_dag.py for tasks to queue
[2025-03-27T10:08:43.092+0000] {logging_mixin.py:190} INFO - [2025-03-27T10:08:43.092+0000] {dagbag.py:588} INFO - Filling up the DagBag from /home/airflow/.local/lib/python3.12/site-packages/airflow/example_dags/example_nested_branch_dag.py
[2025-03-27T10:08:43.101+0000] {processor.py:925} INFO - DAG(s) 'example_nested_branch_dag' retrieved from /home/airflow/.local/lib/python3.12/site-packages/airflow/example_dags/example_nested_branch_dag.py
[2025-03-27T10:08:43.114+0000] {logging_mixin.py:190} INFO - [2025-03-27T10:08:43.114+0000] {dag.py:3239} INFO - Sync 1 DAGs
[2025-03-27T10:08:43.127+0000] {logging_mixin.py:190} INFO - [2025-03-27T10:08:43.127+0000] {dag.py:4180} INFO - Setting next_dagrun for example_nested_branch_dag to 2025-03-26 00:00:00+00:00, run_after=2025-03-27 00:00:00+00:00
[2025-03-27T10:08:43.136+0000] {processor.py:208} INFO - Processing /home/airflow/.local/lib/python3.12/site-packages/airflow/example_dags/example_nested_branch_dag.py took 0.050 seconds
[2025-03-27T10:09:13.991+0000] {processor.py:186} INFO - Started process (PID=523) to work on /home/airflow/.local/lib/python3.12/site-packages/airflow/example_dags/example_nested_branch_dag.py
[2025-03-27T10:09:13.991+0000] {processor.py:914} INFO - Processing file /home/airflow/.local/lib/python3.12/site-packages/airflow/example_dags/example_nested_branch_dag.py for tasks to queue
[2025-03-27T10:09:13.992+0000] {logging_mixin.py:190} INFO - [2025-03-27T10:09:13.992+0000] {dagbag.py:588} INFO - Filling up the DagBag from /home/airflow/.local/lib/python3.12/site-packages/airflow/example_dags/example_nested_branch_dag.py
[2025-03-27T10:09:13.998+0000] {processor.py:925} INFO - DAG(s) 'example_nested_branch_dag' retrieved from /home/airflow/.local/lib/python3.12/site-packages/airflow/example_dags/example_nested_branch_dag.py
[2025-03-27T10:09:14.009+0000] {logging_mixin.py:190} INFO - [2025-03-27T10:09:14.009+0000] {dag.py:3239} INFO - Sync 1 DAGs
[2025-03-27T10:09:14.021+0000] {logging_mixin.py:190} INFO - [2025-03-27T10:09:14.021+0000] {dag.py:4180} INFO - Setting next_dagrun for example_nested_branch_dag to 2025-03-26 00:00:00+00:00, run_after=2025-03-27 00:00:00+00:00
[2025-03-27T10:09:14.029+0000] {processor.py:208} INFO - Processing /home/airflow/.local/lib/python3.12/site-packages/airflow/example_dags/example_nested_branch_dag.py took 0.042 seconds
[2025-03-27T10:09:44.833+0000] {processor.py:186} INFO - Started process (PID=586) to work on /home/airflow/.local/lib/python3.12/site-packages/airflow/example_dags/example_nested_branch_dag.py
[2025-03-27T10:09:44.834+0000] {processor.py:914} INFO - Processing file /home/airflow/.local/lib/python3.12/site-packages/airflow/example_dags/example_nested_branch_dag.py for tasks to queue
[2025-03-27T10:09:44.836+0000] {logging_mixin.py:190} INFO - [2025-03-27T10:09:44.836+0000] {dagbag.py:588} INFO - Filling up the DagBag from /home/airflow/.local/lib/python3.12/site-packages/airflow/example_dags/example_nested_branch_dag.py
[2025-03-27T10:09:44.842+0000] {processor.py:925} INFO - DAG(s) 'example_nested_branch_dag' retrieved from /home/airflow/.local/lib/python3.12/site-packages/airflow/example_dags/example_nested_branch_dag.py
[2025-03-27T10:09:44.855+0000] {logging_mixin.py:190} INFO - [2025-03-27T10:09:44.854+0000] {dag.py:3239} INFO - Sync 1 DAGs
[2025-03-27T10:09:44.869+0000] {logging_mixin.py:190} INFO - [2025-03-27T10:09:44.868+0000] {dag.py:4180} INFO - Setting next_dagrun for example_nested_branch_dag to 2025-03-26 00:00:00+00:00, run_after=2025-03-27 00:00:00+00:00
[2025-03-27T10:09:44.877+0000] {processor.py:208} INFO - Processing /home/airflow/.local/lib/python3.12/site-packages/airflow/example_dags/example_nested_branch_dag.py took 0.047 seconds
[2025-03-27T10:10:15.747+0000] {processor.py:186} INFO - Started process (PID=649) to work on /home/airflow/.local/lib/python3.12/site-packages/airflow/example_dags/example_nested_branch_dag.py
[2025-03-27T10:10:15.748+0000] {processor.py:914} INFO - Processing file /home/airflow/.local/lib/python3.12/site-packages/airflow/example_dags/example_nested_branch_dag.py for tasks to queue
[2025-03-27T10:10:15.749+0000] {logging_mixin.py:190} INFO - [2025-03-27T10:10:15.749+0000] {dagbag.py:588} INFO - Filling up the DagBag from /home/airflow/.local/lib/python3.12/site-packages/airflow/example_dags/example_nested_branch_dag.py
[2025-03-27T10:10:15.756+0000] {processor.py:925} INFO - DAG(s) 'example_nested_branch_dag' retrieved from /home/airflow/.local/lib/python3.12/site-packages/airflow/example_dags/example_nested_branch_dag.py
[2025-03-27T10:10:15.783+0000] {logging_mixin.py:190} INFO - [2025-03-27T10:10:15.783+0000] {dag.py:3239} INFO - Sync 1 DAGs
[2025-03-27T10:10:15.795+0000] {logging_mixin.py:190} INFO - [2025-03-27T10:10:15.795+0000] {dag.py:4180} INFO - Setting next_dagrun for example_nested_branch_dag to 2025-03-26 00:00:00+00:00, run_after=2025-03-27 00:00:00+00:00
[2025-03-27T10:10:15.805+0000] {processor.py:208} INFO - Processing /home/airflow/.local/lib/python3.12/site-packages/airflow/example_dags/example_nested_branch_dag.py took 0.069 seconds
[2025-03-27T10:10:46.724+0000] {processor.py:186} INFO - Started process (PID=711) to work on /home/airflow/.local/lib/python3.12/site-packages/airflow/example_dags/example_nested_branch_dag.py
[2025-03-27T10:10:46.728+0000] {processor.py:914} INFO - Processing file /home/airflow/.local/lib/python3.12/site-packages/airflow/example_dags/example_nested_branch_dag.py for tasks to queue
[2025-03-27T10:10:46.730+0000] {logging_mixin.py:190} INFO - [2025-03-27T10:10:46.729+0000] {dagbag.py:588} INFO - Filling up the DagBag from /home/airflow/.local/lib/python3.12/site-packages/airflow/example_dags/example_nested_branch_dag.py
[2025-03-27T10:10:46.741+0000] {processor.py:925} INFO - DAG(s) 'example_nested_branch_dag' retrieved from /home/airflow/.local/lib/python3.12/site-packages/airflow/example_dags/example_nested_branch_dag.py
[2025-03-27T10:10:46.759+0000] {logging_mixin.py:190} INFO - [2025-03-27T10:10:46.759+0000] {dag.py:3239} INFO - Sync 1 DAGs
[2025-03-27T10:10:46.778+0000] {logging_mixin.py:190} INFO - [2025-03-27T10:10:46.778+0000] {dag.py:4180} INFO - Setting next_dagrun for example_nested_branch_dag to 2025-03-26 00:00:00+00:00, run_after=2025-03-27 00:00:00+00:00
[2025-03-27T10:10:46.809+0000] {processor.py:208} INFO - Processing /home/airflow/.local/lib/python3.12/site-packages/airflow/example_dags/example_nested_branch_dag.py took 0.089 seconds
[2025-03-27T10:11:17.966+0000] {processor.py:186} INFO - Started process (PID=774) to work on /home/airflow/.local/lib/python3.12/site-packages/airflow/example_dags/example_nested_branch_dag.py
[2025-03-27T10:11:17.967+0000] {processor.py:914} INFO - Processing file /home/airflow/.local/lib/python3.12/site-packages/airflow/example_dags/example_nested_branch_dag.py for tasks to queue
[2025-03-27T10:11:17.968+0000] {logging_mixin.py:190} INFO - [2025-03-27T10:11:17.968+0000] {dagbag.py:588} INFO - Filling up the DagBag from /home/airflow/.local/lib/python3.12/site-packages/airflow/example_dags/example_nested_branch_dag.py
[2025-03-27T10:11:17.974+0000] {processor.py:925} INFO - DAG(s) 'example_nested_branch_dag' retrieved from /home/airflow/.local/lib/python3.12/site-packages/airflow/example_dags/example_nested_branch_dag.py
[2025-03-27T10:11:17.985+0000] {logging_mixin.py:190} INFO - [2025-03-27T10:11:17.985+0000] {dag.py:3239} INFO - Sync 1 DAGs
[2025-03-27T10:11:17.997+0000] {logging_mixin.py:190} INFO - [2025-03-27T10:11:17.997+0000] {dag.py:4180} INFO - Setting next_dagrun for example_nested_branch_dag to 2025-03-26 00:00:00+00:00, run_after=2025-03-27 00:00:00+00:00
[2025-03-27T10:11:18.006+0000] {processor.py:208} INFO - Processing /home/airflow/.local/lib/python3.12/site-packages/airflow/example_dags/example_nested_branch_dag.py took 0.043 seconds
[2025-03-27T10:11:48.707+0000] {processor.py:186} INFO - Started process (PID=838) to work on /home/airflow/.local/lib/python3.12/site-packages/airflow/example_dags/example_nested_branch_dag.py
[2025-03-27T10:11:48.708+0000] {processor.py:914} INFO - Processing file /home/airflow/.local/lib/python3.12/site-packages/airflow/example_dags/example_nested_branch_dag.py for tasks to queue
[2025-03-27T10:11:48.709+0000] {logging_mixin.py:190} INFO - [2025-03-27T10:11:48.708+0000] {dagbag.py:588} INFO - Filling up the DagBag from /home/airflow/.local/lib/python3.12/site-packages/airflow/example_dags/example_nested_branch_dag.py
[2025-03-27T10:11:48.714+0000] {processor.py:925} INFO - DAG(s) 'example_nested_branch_dag' retrieved from /home/airflow/.local/lib/python3.12/site-packages/airflow/example_dags/example_nested_branch_dag.py
[2025-03-27T10:11:48.724+0000] {logging_mixin.py:190} INFO - [2025-03-27T10:11:48.724+0000] {dag.py:3239} INFO - Sync 1 DAGs
[2025-03-27T10:11:48.736+0000] {logging_mixin.py:190} INFO - [2025-03-27T10:11:48.735+0000] {dag.py:4180} INFO - Setting next_dagrun for example_nested_branch_dag to 2025-03-26 00:00:00+00:00, run_after=2025-03-27 00:00:00+00:00
[2025-03-27T10:11:48.743+0000] {processor.py:208} INFO - Processing /home/airflow/.local/lib/python3.12/site-packages/airflow/example_dags/example_nested_branch_dag.py took 0.039 seconds
[2025-03-27T10:12:19.511+0000] {processor.py:186} INFO - Started process (PID=901) to work on /home/airflow/.local/lib/python3.12/site-packages/airflow/example_dags/example_nested_branch_dag.py
[2025-03-27T10:12:19.512+0000] {processor.py:914} INFO - Processing file /home/airflow/.local/lib/python3.12/site-packages/airflow/example_dags/example_nested_branch_dag.py for tasks to queue
[2025-03-27T10:12:19.513+0000] {logging_mixin.py:190} INFO - [2025-03-27T10:12:19.513+0000] {dagbag.py:588} INFO - Filling up the DagBag from /home/airflow/.local/lib/python3.12/site-packages/airflow/example_dags/example_nested_branch_dag.py
[2025-03-27T10:12:19.521+0000] {processor.py:925} INFO - DAG(s) 'example_nested_branch_dag' retrieved from /home/airflow/.local/lib/python3.12/site-packages/airflow/example_dags/example_nested_branch_dag.py
[2025-03-27T10:12:19.534+0000] {logging_mixin.py:190} INFO - [2025-03-27T10:12:19.533+0000] {dag.py:3239} INFO - Sync 1 DAGs
[2025-03-27T10:12:19.546+0000] {logging_mixin.py:190} INFO - [2025-03-27T10:12:19.546+0000] {dag.py:4180} INFO - Setting next_dagrun for example_nested_branch_dag to 2025-03-26 00:00:00+00:00, run_after=2025-03-27 00:00:00+00:00
[2025-03-27T10:12:19.557+0000] {processor.py:208} INFO - Processing /home/airflow/.local/lib/python3.12/site-packages/airflow/example_dags/example_nested_branch_dag.py took 0.050 seconds
[2025-03-27T10:12:50.234+0000] {processor.py:186} INFO - Started process (PID=964) to work on /home/airflow/.local/lib/python3.12/site-packages/airflow/example_dags/example_nested_branch_dag.py
[2025-03-27T10:12:50.234+0000] {processor.py:914} INFO - Processing file /home/airflow/.local/lib/python3.12/site-packages/airflow/example_dags/example_nested_branch_dag.py for tasks to queue
[2025-03-27T10:12:50.235+0000] {logging_mixin.py:190} INFO - [2025-03-27T10:12:50.235+0000] {dagbag.py:588} INFO - Filling up the DagBag from /home/airflow/.local/lib/python3.12/site-packages/airflow/example_dags/example_nested_branch_dag.py
[2025-03-27T10:12:50.241+0000] {processor.py:925} INFO - DAG(s) 'example_nested_branch_dag' retrieved from /home/airflow/.local/lib/python3.12/site-packages/airflow/example_dags/example_nested_branch_dag.py
[2025-03-27T10:12:50.251+0000] {logging_mixin.py:190} INFO - [2025-03-27T10:12:50.251+0000] {dag.py:3239} INFO - Sync 1 DAGs
[2025-03-27T10:12:50.262+0000] {logging_mixin.py:190} INFO - [2025-03-27T10:12:50.262+0000] {dag.py:4180} INFO - Setting next_dagrun for example_nested_branch_dag to 2025-03-26 00:00:00+00:00, run_after=2025-03-27 00:00:00+00:00
[2025-03-27T10:12:50.271+0000] {processor.py:208} INFO - Processing /home/airflow/.local/lib/python3.12/site-packages/airflow/example_dags/example_nested_branch_dag.py took 0.040 seconds
[2025-03-27T10:13:21.350+0000] {processor.py:186} INFO - Started process (PID=1026) to work on /home/airflow/.local/lib/python3.12/site-packages/airflow/example_dags/example_nested_branch_dag.py
[2025-03-27T10:13:21.351+0000] {processor.py:914} INFO - Processing file /home/airflow/.local/lib/python3.12/site-packages/airflow/example_dags/example_nested_branch_dag.py for tasks to queue
[2025-03-27T10:13:21.352+0000] {logging_mixin.py:190} INFO - [2025-03-27T10:13:21.352+0000] {dagbag.py:588} INFO - Filling up the DagBag from /home/airflow/.local/lib/python3.12/site-packages/airflow/example_dags/example_nested_branch_dag.py
[2025-03-27T10:13:21.359+0000] {processor.py:925} INFO - DAG(s) 'example_nested_branch_dag' retrieved from /home/airflow/.local/lib/python3.12/site-packages/airflow/example_dags/example_nested_branch_dag.py
[2025-03-27T10:13:21.370+0000] {logging_mixin.py:190} INFO - [2025-03-27T10:13:21.370+0000] {dag.py:3239} INFO - Sync 1 DAGs
[2025-03-27T10:13:21.383+0000] {logging_mixin.py:190} INFO - [2025-03-27T10:13:21.383+0000] {dag.py:4180} INFO - Setting next_dagrun for example_nested_branch_dag to 2025-03-26 00:00:00+00:00, run_after=2025-03-27 00:00:00+00:00
[2025-03-27T10:13:21.393+0000] {processor.py:208} INFO - Processing /home/airflow/.local/lib/python3.12/site-packages/airflow/example_dags/example_nested_branch_dag.py took 0.045 seconds
[2025-03-27T10:13:52.386+0000] {processor.py:186} INFO - Started process (PID=1089) to work on /home/airflow/.local/lib/python3.12/site-packages/airflow/example_dags/example_nested_branch_dag.py
[2025-03-27T10:13:52.389+0000] {processor.py:914} INFO - Processing file /home/airflow/.local/lib/python3.12/site-packages/airflow/example_dags/example_nested_branch_dag.py for tasks to queue
[2025-03-27T10:13:52.392+0000] {logging_mixin.py:190} INFO - [2025-03-27T10:13:52.391+0000] {dagbag.py:588} INFO - Filling up the DagBag from /home/airflow/.local/lib/python3.12/site-packages/airflow/example_dags/example_nested_branch_dag.py
[2025-03-27T10:13:52.404+0000] {processor.py:925} INFO - DAG(s) 'example_nested_branch_dag' retrieved from /home/airflow/.local/lib/python3.12/site-packages/airflow/example_dags/example_nested_branch_dag.py
[2025-03-27T10:13:52.419+0000] {logging_mixin.py:190} INFO - [2025-03-27T10:13:52.419+0000] {dag.py:3239} INFO - Sync 1 DAGs
[2025-03-27T10:13:52.431+0000] {logging_mixin.py:190} INFO - [2025-03-27T10:13:52.431+0000] {dag.py:4180} INFO - Setting next_dagrun for example_nested_branch_dag to 2025-03-26 00:00:00+00:00, run_after=2025-03-27 00:00:00+00:00
[2025-03-27T10:13:52.440+0000] {processor.py:208} INFO - Processing /home/airflow/.local/lib/python3.12/site-packages/airflow/example_dags/example_nested_branch_dag.py took 0.061 seconds
[2025-03-27T10:14:23.267+0000] {processor.py:186} INFO - Started process (PID=1152) to work on /home/airflow/.local/lib/python3.12/site-packages/airflow/example_dags/example_nested_branch_dag.py
[2025-03-27T10:14:23.268+0000] {processor.py:914} INFO - Processing file /home/airflow/.local/lib/python3.12/site-packages/airflow/example_dags/example_nested_branch_dag.py for tasks to queue
[2025-03-27T10:14:23.269+0000] {logging_mixin.py:190} INFO - [2025-03-27T10:14:23.269+0000] {dagbag.py:588} INFO - Filling up the DagBag from /home/airflow/.local/lib/python3.12/site-packages/airflow/example_dags/example_nested_branch_dag.py
[2025-03-27T10:14:23.275+0000] {processor.py:925} INFO - DAG(s) 'example_nested_branch_dag' retrieved from /home/airflow/.local/lib/python3.12/site-packages/airflow/example_dags/example_nested_branch_dag.py
[2025-03-27T10:14:23.285+0000] {logging_mixin.py:190} INFO - [2025-03-27T10:14:23.285+0000] {dag.py:3239} INFO - Sync 1 DAGs
[2025-03-27T10:14:23.297+0000] {logging_mixin.py:190} INFO - [2025-03-27T10:14:23.297+0000] {dag.py:4180} INFO - Setting next_dagrun for example_nested_branch_dag to 2025-03-26 00:00:00+00:00, run_after=2025-03-27 00:00:00+00:00
[2025-03-27T10:14:23.306+0000] {processor.py:208} INFO - Processing /home/airflow/.local/lib/python3.12/site-packages/airflow/example_dags/example_nested_branch_dag.py took 0.042 seconds
[2025-03-27T10:14:54.420+0000] {processor.py:186} INFO - Started process (PID=1215) to work on /home/airflow/.local/lib/python3.12/site-packages/airflow/example_dags/example_nested_branch_dag.py
[2025-03-27T10:14:54.421+0000] {processor.py:914} INFO - Processing file /home/airflow/.local/lib/python3.12/site-packages/airflow/example_dags/example_nested_branch_dag.py for tasks to queue
[2025-03-27T10:14:54.422+0000] {logging_mixin.py:190} INFO - [2025-03-27T10:14:54.422+0000] {dagbag.py:588} INFO - Filling up the DagBag from /home/airflow/.local/lib/python3.12/site-packages/airflow/example_dags/example_nested_branch_dag.py
[2025-03-27T10:14:54.429+0000] {processor.py:925} INFO - DAG(s) 'example_nested_branch_dag' retrieved from /home/airflow/.local/lib/python3.12/site-packages/airflow/example_dags/example_nested_branch_dag.py
[2025-03-27T10:14:54.443+0000] {logging_mixin.py:190} INFO - [2025-03-27T10:14:54.442+0000] {dag.py:3239} INFO - Sync 1 DAGs
[2025-03-27T10:14:54.456+0000] {logging_mixin.py:190} INFO - [2025-03-27T10:14:54.456+0000] {dag.py:4180} INFO - Setting next_dagrun for example_nested_branch_dag to 2025-03-26 00:00:00+00:00, run_after=2025-03-27 00:00:00+00:00
[2025-03-27T10:14:54.466+0000] {processor.py:208} INFO - Processing /home/airflow/.local/lib/python3.12/site-packages/airflow/example_dags/example_nested_branch_dag.py took 0.051 seconds
[2025-03-27T10:15:25.252+0000] {processor.py:186} INFO - Started process (PID=1277) to work on /home/airflow/.local/lib/python3.12/site-packages/airflow/example_dags/example_nested_branch_dag.py
[2025-03-27T10:15:25.253+0000] {processor.py:914} INFO - Processing file /home/airflow/.local/lib/python3.12/site-packages/airflow/example_dags/example_nested_branch_dag.py for tasks to queue
[2025-03-27T10:15:25.254+0000] {logging_mixin.py:190} INFO - [2025-03-27T10:15:25.254+0000] {dagbag.py:588} INFO - Filling up the DagBag from /home/airflow/.local/lib/python3.12/site-packages/airflow/example_dags/example_nested_branch_dag.py
[2025-03-27T10:15:25.260+0000] {processor.py:925} INFO - DAG(s) 'example_nested_branch_dag' retrieved from /home/airflow/.local/lib/python3.12/site-packages/airflow/example_dags/example_nested_branch_dag.py
[2025-03-27T10:15:25.271+0000] {logging_mixin.py:190} INFO - [2025-03-27T10:15:25.270+0000] {dag.py:3239} INFO - Sync 1 DAGs
[2025-03-27T10:15:25.282+0000] {logging_mixin.py:190} INFO - [2025-03-27T10:15:25.282+0000] {dag.py:4180} INFO - Setting next_dagrun for example_nested_branch_dag to 2025-03-26 00:00:00+00:00, run_after=2025-03-27 00:00:00+00:00
[2025-03-27T10:15:25.290+0000] {processor.py:208} INFO - Processing /home/airflow/.local/lib/python3.12/site-packages/airflow/example_dags/example_nested_branch_dag.py took 0.041 seconds
[2025-03-27T10:15:56.187+0000] {processor.py:186} INFO - Started process (PID=1340) to work on /home/airflow/.local/lib/python3.12/site-packages/airflow/example_dags/example_nested_branch_dag.py
[2025-03-27T10:15:56.188+0000] {processor.py:914} INFO - Processing file /home/airflow/.local/lib/python3.12/site-packages/airflow/example_dags/example_nested_branch_dag.py for tasks to queue
[2025-03-27T10:15:56.189+0000] {logging_mixin.py:190} INFO - [2025-03-27T10:15:56.189+0000] {dagbag.py:588} INFO - Filling up the DagBag from /home/airflow/.local/lib/python3.12/site-packages/airflow/example_dags/example_nested_branch_dag.py
[2025-03-27T10:15:56.197+0000] {processor.py:925} INFO - DAG(s) 'example_nested_branch_dag' retrieved from /home/airflow/.local/lib/python3.12/site-packages/airflow/example_dags/example_nested_branch_dag.py
[2025-03-27T10:15:56.208+0000] {logging_mixin.py:190} INFO - [2025-03-27T10:15:56.208+0000] {dag.py:3239} INFO - Sync 1 DAGs
[2025-03-27T10:15:56.219+0000] {logging_mixin.py:190} INFO - [2025-03-27T10:15:56.219+0000] {dag.py:4180} INFO - Setting next_dagrun for example_nested_branch_dag to 2025-03-26 00:00:00+00:00, run_after=2025-03-27 00:00:00+00:00
[2025-03-27T10:15:56.229+0000] {processor.py:208} INFO - Processing /home/airflow/.local/lib/python3.12/site-packages/airflow/example_dags/example_nested_branch_dag.py took 0.044 seconds
[2025-03-27T10:16:27.359+0000] {processor.py:186} INFO - Started process (PID=1403) to work on /home/airflow/.local/lib/python3.12/site-packages/airflow/example_dags/example_nested_branch_dag.py
[2025-03-27T10:16:27.360+0000] {processor.py:914} INFO - Processing file /home/airflow/.local/lib/python3.12/site-packages/airflow/example_dags/example_nested_branch_dag.py for tasks to queue
[2025-03-27T10:16:27.361+0000] {logging_mixin.py:190} INFO - [2025-03-27T10:16:27.361+0000] {dagbag.py:588} INFO - Filling up the DagBag from /home/airflow/.local/lib/python3.12/site-packages/airflow/example_dags/example_nested_branch_dag.py
[2025-03-27T10:16:27.367+0000] {processor.py:925} INFO - DAG(s) 'example_nested_branch_dag' retrieved from /home/airflow/.local/lib/python3.12/site-packages/airflow/example_dags/example_nested_branch_dag.py
[2025-03-27T10:16:27.378+0000] {logging_mixin.py:190} INFO - [2025-03-27T10:16:27.378+0000] {dag.py:3239} INFO - Sync 1 DAGs
[2025-03-27T10:16:27.389+0000] {logging_mixin.py:190} INFO - [2025-03-27T10:16:27.389+0000] {dag.py:4180} INFO - Setting next_dagrun for example_nested_branch_dag to 2025-03-26 00:00:00+00:00, run_after=2025-03-27 00:00:00+00:00
[2025-03-27T10:16:27.398+0000] {processor.py:208} INFO - Processing /home/airflow/.local/lib/python3.12/site-packages/airflow/example_dags/example_nested_branch_dag.py took 0.043 seconds
[2025-03-27T10:16:58.297+0000] {processor.py:186} INFO - Started process (PID=1466) to work on /home/airflow/.local/lib/python3.12/site-packages/airflow/example_dags/example_nested_branch_dag.py
[2025-03-27T10:16:58.298+0000] {processor.py:914} INFO - Processing file /home/airflow/.local/lib/python3.12/site-packages/airflow/example_dags/example_nested_branch_dag.py for tasks to queue
[2025-03-27T10:16:58.301+0000] {logging_mixin.py:190} INFO - [2025-03-27T10:16:58.301+0000] {dagbag.py:588} INFO - Filling up the DagBag from /home/airflow/.local/lib/python3.12/site-packages/airflow/example_dags/example_nested_branch_dag.py
[2025-03-27T10:16:58.308+0000] {processor.py:925} INFO - DAG(s) 'example_nested_branch_dag' retrieved from /home/airflow/.local/lib/python3.12/site-packages/airflow/example_dags/example_nested_branch_dag.py
[2025-03-27T10:16:58.318+0000] {logging_mixin.py:190} INFO - [2025-03-27T10:16:58.318+0000] {dag.py:3239} INFO - Sync 1 DAGs
[2025-03-27T10:16:58.330+0000] {logging_mixin.py:190} INFO - [2025-03-27T10:16:58.330+0000] {dag.py:4180} INFO - Setting next_dagrun for example_nested_branch_dag to 2025-03-26 00:00:00+00:00, run_after=2025-03-27 00:00:00+00:00
[2025-03-27T10:16:58.338+0000] {processor.py:208} INFO - Processing /home/airflow/.local/lib/python3.12/site-packages/airflow/example_dags/example_nested_branch_dag.py took 0.044 seconds
[2025-03-27T10:17:29.163+0000] {processor.py:186} INFO - Started process (PID=1530) to work on /home/airflow/.local/lib/python3.12/site-packages/airflow/example_dags/example_nested_branch_dag.py
[2025-03-27T10:17:29.163+0000] {processor.py:914} INFO - Processing file /home/airflow/.local/lib/python3.12/site-packages/airflow/example_dags/example_nested_branch_dag.py for tasks to queue
[2025-03-27T10:17:29.165+0000] {logging_mixin.py:190} INFO - [2025-03-27T10:17:29.164+0000] {dagbag.py:588} INFO - Filling up the DagBag from /home/airflow/.local/lib/python3.12/site-packages/airflow/example_dags/example_nested_branch_dag.py
[2025-03-27T10:17:29.171+0000] {processor.py:925} INFO - DAG(s) 'example_nested_branch_dag' retrieved from /home/airflow/.local/lib/python3.12/site-packages/airflow/example_dags/example_nested_branch_dag.py
[2025-03-27T10:17:29.184+0000] {logging_mixin.py:190} INFO - [2025-03-27T10:17:29.184+0000] {dag.py:3239} INFO - Sync 1 DAGs
[2025-03-27T10:17:29.196+0000] {logging_mixin.py:190} INFO - [2025-03-27T10:17:29.195+0000] {dag.py:4180} INFO - Setting next_dagrun for example_nested_branch_dag to 2025-03-26 00:00:00+00:00, run_after=2025-03-27 00:00:00+00:00
[2025-03-27T10:17:29.206+0000] {processor.py:208} INFO - Processing /home/airflow/.local/lib/python3.12/site-packages/airflow/example_dags/example_nested_branch_dag.py took 0.046 seconds
[2025-03-27T10:18:00.137+0000] {processor.py:186} INFO - Started process (PID=1593) to work on /home/airflow/.local/lib/python3.12/site-packages/airflow/example_dags/example_nested_branch_dag.py
[2025-03-27T10:18:00.137+0000] {processor.py:914} INFO - Processing file /home/airflow/.local/lib/python3.12/site-packages/airflow/example_dags/example_nested_branch_dag.py for tasks to queue
[2025-03-27T10:18:00.139+0000] {logging_mixin.py:190} INFO - [2025-03-27T10:18:00.138+0000] {dagbag.py:588} INFO - Filling up the DagBag from /home/airflow/.local/lib/python3.12/site-packages/airflow/example_dags/example_nested_branch_dag.py
[2025-03-27T10:18:00.145+0000] {processor.py:925} INFO - DAG(s) 'example_nested_branch_dag' retrieved from /home/airflow/.local/lib/python3.12/site-packages/airflow/example_dags/example_nested_branch_dag.py
[2025-03-27T10:18:00.156+0000] {logging_mixin.py:190} INFO - [2025-03-27T10:18:00.156+0000] {dag.py:3239} INFO - Sync 1 DAGs
[2025-03-27T10:18:00.169+0000] {logging_mixin.py:190} INFO - [2025-03-27T10:18:00.169+0000] {dag.py:4180} INFO - Setting next_dagrun for example_nested_branch_dag to 2025-03-26 00:00:00+00:00, run_after=2025-03-27 00:00:00+00:00
[2025-03-27T10:18:00.178+0000] {processor.py:208} INFO - Processing /home/airflow/.local/lib/python3.12/site-packages/airflow/example_dags/example_nested_branch_dag.py took 0.045 seconds
