[2025-03-27T10:05:37.263+0000] {processor.py:186} INFO - Started process (PID=76) to work on /home/airflow/.local/lib/python3.12/site-packages/airflow/example_dags/example_latest_only_with_trigger.py
[2025-03-27T10:05:37.264+0000] {processor.py:914} INFO - Processing file /home/airflow/.local/lib/python3.12/site-packages/airflow/example_dags/example_latest_only_with_trigger.py for tasks to queue
[2025-03-27T10:05:37.265+0000] {logging_mixin.py:190} INFO - [2025-03-27T10:05:37.265+0000] {dagbag.py:588} INFO - Filling up the DagBag from /home/airflow/.local/lib/python3.12/site-packages/airflow/example_dags/example_latest_only_with_trigger.py
[2025-03-27T10:05:37.271+0000] {processor.py:925} INFO - DAG(s) 'latest_only_with_trigger' retrieved from /home/airflow/.local/lib/python3.12/site-packages/airflow/example_dags/example_latest_only_with_trigger.py
[2025-03-27T10:05:37.331+0000] {logging_mixin.py:190} INFO - [2025-03-27T10:05:37.330+0000] {override.py:1912} INFO - Created Permission View: can read on DAG:latest_only_with_trigger
[2025-03-27T10:05:37.337+0000] {logging_mixin.py:190} INFO - [2025-03-27T10:05:37.336+0000] {override.py:1912} INFO - Created Permission View: can delete on DAG:latest_only_with_trigger
[2025-03-27T10:05:37.340+0000] {logging_mixin.py:190} INFO - [2025-03-27T10:05:37.340+0000] {override.py:1912} INFO - Created Permission View: can edit on DAG:latest_only_with_trigger
[2025-03-27T10:05:37.344+0000] {logging_mixin.py:190} INFO - [2025-03-27T10:05:37.344+0000] {override.py:1912} INFO - Created Permission View: can read on DAG Run:latest_only_with_trigger
[2025-03-27T10:05:37.348+0000] {logging_mixin.py:190} INFO - [2025-03-27T10:05:37.348+0000] {override.py:1912} INFO - Created Permission View: can delete on DAG Run:latest_only_with_trigger
[2025-03-27T10:05:37.352+0000] {logging_mixin.py:190} INFO - [2025-03-27T10:05:37.352+0000] {override.py:1912} INFO - Created Permission View: can create on DAG Run:latest_only_with_trigger
[2025-03-27T10:05:37.356+0000] {logging_mixin.py:190} INFO - [2025-03-27T10:05:37.355+0000] {override.py:1912} INFO - Created Permission View: menu access on DAG Run:latest_only_with_trigger
[2025-03-27T10:05:37.356+0000] {logging_mixin.py:190} INFO - [2025-03-27T10:05:37.356+0000] {dag.py:3239} INFO - Sync 1 DAGs
[2025-03-27T10:05:37.362+0000] {logging_mixin.py:190} INFO - [2025-03-27T10:05:37.362+0000] {dag.py:3262} INFO - Creating ORM DAG for latest_only_with_trigger
[2025-03-27T10:05:37.368+0000] {logging_mixin.py:190} INFO - [2025-03-27T10:05:37.368+0000] {dag.py:4180} INFO - Setting next_dagrun for latest_only_with_trigger to 2025-03-27 04:00:00+00:00, run_after=2025-03-27 08:00:00+00:00
[2025-03-27T10:05:37.380+0000] {processor.py:208} INFO - Processing /home/airflow/.local/lib/python3.12/site-packages/airflow/example_dags/example_latest_only_with_trigger.py took 0.121 seconds
[2025-03-27T10:06:07.648+0000] {processor.py:186} INFO - Started process (PID=139) to work on /home/airflow/.local/lib/python3.12/site-packages/airflow/example_dags/example_latest_only_with_trigger.py
[2025-03-27T10:06:07.649+0000] {processor.py:914} INFO - Processing file /home/airflow/.local/lib/python3.12/site-packages/airflow/example_dags/example_latest_only_with_trigger.py for tasks to queue
[2025-03-27T10:06:07.650+0000] {logging_mixin.py:190} INFO - [2025-03-27T10:06:07.650+0000] {dagbag.py:588} INFO - Filling up the DagBag from /home/airflow/.local/lib/python3.12/site-packages/airflow/example_dags/example_latest_only_with_trigger.py
[2025-03-27T10:06:07.655+0000] {processor.py:925} INFO - DAG(s) 'latest_only_with_trigger' retrieved from /home/airflow/.local/lib/python3.12/site-packages/airflow/example_dags/example_latest_only_with_trigger.py
[2025-03-27T10:06:07.672+0000] {logging_mixin.py:190} INFO - [2025-03-27T10:06:07.672+0000] {dag.py:3239} INFO - Sync 1 DAGs
[2025-03-27T10:06:07.684+0000] {logging_mixin.py:190} INFO - [2025-03-27T10:06:07.684+0000] {dag.py:4180} INFO - Setting next_dagrun for latest_only_with_trigger to 2025-03-27 04:00:00+00:00, run_after=2025-03-27 08:00:00+00:00
[2025-03-27T10:06:07.695+0000] {processor.py:208} INFO - Processing /home/airflow/.local/lib/python3.12/site-packages/airflow/example_dags/example_latest_only_with_trigger.py took 0.050 seconds
[2025-03-27T10:06:38.729+0000] {processor.py:186} INFO - Started process (PID=202) to work on /home/airflow/.local/lib/python3.12/site-packages/airflow/example_dags/example_latest_only_with_trigger.py
[2025-03-27T10:06:38.729+0000] {processor.py:914} INFO - Processing file /home/airflow/.local/lib/python3.12/site-packages/airflow/example_dags/example_latest_only_with_trigger.py for tasks to queue
[2025-03-27T10:06:38.731+0000] {logging_mixin.py:190} INFO - [2025-03-27T10:06:38.731+0000] {dagbag.py:588} INFO - Filling up the DagBag from /home/airflow/.local/lib/python3.12/site-packages/airflow/example_dags/example_latest_only_with_trigger.py
[2025-03-27T10:06:38.735+0000] {processor.py:925} INFO - DAG(s) 'latest_only_with_trigger' retrieved from /home/airflow/.local/lib/python3.12/site-packages/airflow/example_dags/example_latest_only_with_trigger.py
[2025-03-27T10:06:38.749+0000] {logging_mixin.py:190} INFO - [2025-03-27T10:06:38.748+0000] {dag.py:3239} INFO - Sync 1 DAGs
[2025-03-27T10:06:38.763+0000] {logging_mixin.py:190} INFO - [2025-03-27T10:06:38.763+0000] {dag.py:4180} INFO - Setting next_dagrun for latest_only_with_trigger to 2025-03-27 04:00:00+00:00, run_after=2025-03-27 08:00:00+00:00
[2025-03-27T10:06:38.774+0000] {processor.py:208} INFO - Processing /home/airflow/.local/lib/python3.12/site-packages/airflow/example_dags/example_latest_only_with_trigger.py took 0.050 seconds
[2025-03-27T10:07:09.748+0000] {processor.py:186} INFO - Started process (PID=265) to work on /home/airflow/.local/lib/python3.12/site-packages/airflow/example_dags/example_latest_only_with_trigger.py
[2025-03-27T10:07:09.749+0000] {processor.py:914} INFO - Processing file /home/airflow/.local/lib/python3.12/site-packages/airflow/example_dags/example_latest_only_with_trigger.py for tasks to queue
[2025-03-27T10:07:09.750+0000] {logging_mixin.py:190} INFO - [2025-03-27T10:07:09.750+0000] {dagbag.py:588} INFO - Filling up the DagBag from /home/airflow/.local/lib/python3.12/site-packages/airflow/example_dags/example_latest_only_with_trigger.py
[2025-03-27T10:07:09.754+0000] {processor.py:925} INFO - DAG(s) 'latest_only_with_trigger' retrieved from /home/airflow/.local/lib/python3.12/site-packages/airflow/example_dags/example_latest_only_with_trigger.py
[2025-03-27T10:07:09.765+0000] {logging_mixin.py:190} INFO - [2025-03-27T10:07:09.765+0000] {dag.py:3239} INFO - Sync 1 DAGs
[2025-03-27T10:07:09.778+0000] {logging_mixin.py:190} INFO - [2025-03-27T10:07:09.777+0000] {dag.py:4180} INFO - Setting next_dagrun for latest_only_with_trigger to 2025-03-27 04:00:00+00:00, run_after=2025-03-27 08:00:00+00:00
[2025-03-27T10:07:09.787+0000] {processor.py:208} INFO - Processing /home/airflow/.local/lib/python3.12/site-packages/airflow/example_dags/example_latest_only_with_trigger.py took 0.042 seconds
[2025-03-27T10:07:40.971+0000] {processor.py:186} INFO - Started process (PID=328) to work on /home/airflow/.local/lib/python3.12/site-packages/airflow/example_dags/example_latest_only_with_trigger.py
[2025-03-27T10:07:40.972+0000] {processor.py:914} INFO - Processing file /home/airflow/.local/lib/python3.12/site-packages/airflow/example_dags/example_latest_only_with_trigger.py for tasks to queue
[2025-03-27T10:07:40.974+0000] {logging_mixin.py:190} INFO - [2025-03-27T10:07:40.973+0000] {dagbag.py:588} INFO - Filling up the DagBag from /home/airflow/.local/lib/python3.12/site-packages/airflow/example_dags/example_latest_only_with_trigger.py
[2025-03-27T10:07:40.978+0000] {processor.py:925} INFO - DAG(s) 'latest_only_with_trigger' retrieved from /home/airflow/.local/lib/python3.12/site-packages/airflow/example_dags/example_latest_only_with_trigger.py
[2025-03-27T10:07:40.990+0000] {logging_mixin.py:190} INFO - [2025-03-27T10:07:40.990+0000] {dag.py:3239} INFO - Sync 1 DAGs
[2025-03-27T10:07:41.003+0000] {logging_mixin.py:190} INFO - [2025-03-27T10:07:41.003+0000] {dag.py:4180} INFO - Setting next_dagrun for latest_only_with_trigger to 2025-03-27 04:00:00+00:00, run_after=2025-03-27 08:00:00+00:00
[2025-03-27T10:07:41.013+0000] {processor.py:208} INFO - Processing /home/airflow/.local/lib/python3.12/site-packages/airflow/example_dags/example_latest_only_with_trigger.py took 0.045 seconds
[2025-03-27T10:08:11.799+0000] {processor.py:186} INFO - Started process (PID=390) to work on /home/airflow/.local/lib/python3.12/site-packages/airflow/example_dags/example_latest_only_with_trigger.py
[2025-03-27T10:08:11.801+0000] {processor.py:914} INFO - Processing file /home/airflow/.local/lib/python3.12/site-packages/airflow/example_dags/example_latest_only_with_trigger.py for tasks to queue
[2025-03-27T10:08:11.802+0000] {logging_mixin.py:190} INFO - [2025-03-27T10:08:11.802+0000] {dagbag.py:588} INFO - Filling up the DagBag from /home/airflow/.local/lib/python3.12/site-packages/airflow/example_dags/example_latest_only_with_trigger.py
[2025-03-27T10:08:11.806+0000] {processor.py:925} INFO - DAG(s) 'latest_only_with_trigger' retrieved from /home/airflow/.local/lib/python3.12/site-packages/airflow/example_dags/example_latest_only_with_trigger.py
[2025-03-27T10:08:11.817+0000] {logging_mixin.py:190} INFO - [2025-03-27T10:08:11.817+0000] {dag.py:3239} INFO - Sync 1 DAGs
[2025-03-27T10:08:11.829+0000] {logging_mixin.py:190} INFO - [2025-03-27T10:08:11.829+0000] {dag.py:4180} INFO - Setting next_dagrun for latest_only_with_trigger to 2025-03-27 04:00:00+00:00, run_after=2025-03-27 08:00:00+00:00
[2025-03-27T10:08:11.839+0000] {processor.py:208} INFO - Processing /home/airflow/.local/lib/python3.12/site-packages/airflow/example_dags/example_latest_only_with_trigger.py took 0.042 seconds
[2025-03-27T10:08:42.778+0000] {processor.py:186} INFO - Started process (PID=453) to work on /home/airflow/.local/lib/python3.12/site-packages/airflow/example_dags/example_latest_only_with_trigger.py
[2025-03-27T10:08:42.778+0000] {processor.py:914} INFO - Processing file /home/airflow/.local/lib/python3.12/site-packages/airflow/example_dags/example_latest_only_with_trigger.py for tasks to queue
[2025-03-27T10:08:42.779+0000] {logging_mixin.py:190} INFO - [2025-03-27T10:08:42.779+0000] {dagbag.py:588} INFO - Filling up the DagBag from /home/airflow/.local/lib/python3.12/site-packages/airflow/example_dags/example_latest_only_with_trigger.py
[2025-03-27T10:08:42.783+0000] {processor.py:925} INFO - DAG(s) 'latest_only_with_trigger' retrieved from /home/airflow/.local/lib/python3.12/site-packages/airflow/example_dags/example_latest_only_with_trigger.py
[2025-03-27T10:08:42.793+0000] {logging_mixin.py:190} INFO - [2025-03-27T10:08:42.793+0000] {dag.py:3239} INFO - Sync 1 DAGs
[2025-03-27T10:08:42.806+0000] {logging_mixin.py:190} INFO - [2025-03-27T10:08:42.805+0000] {dag.py:4180} INFO - Setting next_dagrun for latest_only_with_trigger to 2025-03-27 04:00:00+00:00, run_after=2025-03-27 08:00:00+00:00
[2025-03-27T10:08:42.816+0000] {processor.py:208} INFO - Processing /home/airflow/.local/lib/python3.12/site-packages/airflow/example_dags/example_latest_only_with_trigger.py took 0.041 seconds
[2025-03-27T10:09:13.695+0000] {processor.py:186} INFO - Started process (PID=515) to work on /home/airflow/.local/lib/python3.12/site-packages/airflow/example_dags/example_latest_only_with_trigger.py
[2025-03-27T10:09:13.696+0000] {processor.py:914} INFO - Processing file /home/airflow/.local/lib/python3.12/site-packages/airflow/example_dags/example_latest_only_with_trigger.py for tasks to queue
[2025-03-27T10:09:13.697+0000] {logging_mixin.py:190} INFO - [2025-03-27T10:09:13.697+0000] {dagbag.py:588} INFO - Filling up the DagBag from /home/airflow/.local/lib/python3.12/site-packages/airflow/example_dags/example_latest_only_with_trigger.py
[2025-03-27T10:09:13.701+0000] {processor.py:925} INFO - DAG(s) 'latest_only_with_trigger' retrieved from /home/airflow/.local/lib/python3.12/site-packages/airflow/example_dags/example_latest_only_with_trigger.py
[2025-03-27T10:09:13.711+0000] {logging_mixin.py:190} INFO - [2025-03-27T10:09:13.711+0000] {dag.py:3239} INFO - Sync 1 DAGs
[2025-03-27T10:09:13.724+0000] {logging_mixin.py:190} INFO - [2025-03-27T10:09:13.724+0000] {dag.py:4180} INFO - Setting next_dagrun for latest_only_with_trigger to 2025-03-27 04:00:00+00:00, run_after=2025-03-27 08:00:00+00:00
[2025-03-27T10:09:13.733+0000] {processor.py:208} INFO - Processing /home/airflow/.local/lib/python3.12/site-packages/airflow/example_dags/example_latest_only_with_trigger.py took 0.041 seconds
[2025-03-27T10:09:44.381+0000] {processor.py:186} INFO - Started process (PID=577) to work on /home/airflow/.local/lib/python3.12/site-packages/airflow/example_dags/example_latest_only_with_trigger.py
[2025-03-27T10:09:44.381+0000] {processor.py:914} INFO - Processing file /home/airflow/.local/lib/python3.12/site-packages/airflow/example_dags/example_latest_only_with_trigger.py for tasks to queue
[2025-03-27T10:09:44.382+0000] {logging_mixin.py:190} INFO - [2025-03-27T10:09:44.382+0000] {dagbag.py:588} INFO - Filling up the DagBag from /home/airflow/.local/lib/python3.12/site-packages/airflow/example_dags/example_latest_only_with_trigger.py
[2025-03-27T10:09:44.387+0000] {processor.py:925} INFO - DAG(s) 'latest_only_with_trigger' retrieved from /home/airflow/.local/lib/python3.12/site-packages/airflow/example_dags/example_latest_only_with_trigger.py
[2025-03-27T10:09:44.442+0000] {logging_mixin.py:190} INFO - [2025-03-27T10:09:44.442+0000] {dag.py:3239} INFO - Sync 1 DAGs
[2025-03-27T10:09:44.456+0000] {logging_mixin.py:190} INFO - [2025-03-27T10:09:44.456+0000] {dag.py:4180} INFO - Setting next_dagrun for latest_only_with_trigger to 2025-03-27 04:00:00+00:00, run_after=2025-03-27 08:00:00+00:00
[2025-03-27T10:09:44.469+0000] {processor.py:208} INFO - Processing /home/airflow/.local/lib/python3.12/site-packages/airflow/example_dags/example_latest_only_with_trigger.py took 0.092 seconds
[2025-03-27T10:10:15.385+0000] {processor.py:186} INFO - Started process (PID=640) to work on /home/airflow/.local/lib/python3.12/site-packages/airflow/example_dags/example_latest_only_with_trigger.py
[2025-03-27T10:10:15.386+0000] {processor.py:914} INFO - Processing file /home/airflow/.local/lib/python3.12/site-packages/airflow/example_dags/example_latest_only_with_trigger.py for tasks to queue
[2025-03-27T10:10:15.388+0000] {logging_mixin.py:190} INFO - [2025-03-27T10:10:15.388+0000] {dagbag.py:588} INFO - Filling up the DagBag from /home/airflow/.local/lib/python3.12/site-packages/airflow/example_dags/example_latest_only_with_trigger.py
[2025-03-27T10:10:15.392+0000] {processor.py:925} INFO - DAG(s) 'latest_only_with_trigger' retrieved from /home/airflow/.local/lib/python3.12/site-packages/airflow/example_dags/example_latest_only_with_trigger.py
[2025-03-27T10:10:15.404+0000] {logging_mixin.py:190} INFO - [2025-03-27T10:10:15.404+0000] {dag.py:3239} INFO - Sync 1 DAGs
[2025-03-27T10:10:15.418+0000] {logging_mixin.py:190} INFO - [2025-03-27T10:10:15.418+0000] {dag.py:4180} INFO - Setting next_dagrun for latest_only_with_trigger to 2025-03-27 04:00:00+00:00, run_after=2025-03-27 08:00:00+00:00
[2025-03-27T10:10:15.428+0000] {processor.py:208} INFO - Processing /home/airflow/.local/lib/python3.12/site-packages/airflow/example_dags/example_latest_only_with_trigger.py took 0.047 seconds
[2025-03-27T10:10:46.467+0000] {processor.py:186} INFO - Started process (PID=703) to work on /home/airflow/.local/lib/python3.12/site-packages/airflow/example_dags/example_latest_only_with_trigger.py
[2025-03-27T10:10:46.468+0000] {processor.py:914} INFO - Processing file /home/airflow/.local/lib/python3.12/site-packages/airflow/example_dags/example_latest_only_with_trigger.py for tasks to queue
[2025-03-27T10:10:46.469+0000] {logging_mixin.py:190} INFO - [2025-03-27T10:10:46.468+0000] {dagbag.py:588} INFO - Filling up the DagBag from /home/airflow/.local/lib/python3.12/site-packages/airflow/example_dags/example_latest_only_with_trigger.py
[2025-03-27T10:10:46.472+0000] {processor.py:925} INFO - DAG(s) 'latest_only_with_trigger' retrieved from /home/airflow/.local/lib/python3.12/site-packages/airflow/example_dags/example_latest_only_with_trigger.py
[2025-03-27T10:10:46.482+0000] {logging_mixin.py:190} INFO - [2025-03-27T10:10:46.482+0000] {dag.py:3239} INFO - Sync 1 DAGs
[2025-03-27T10:10:46.494+0000] {logging_mixin.py:190} INFO - [2025-03-27T10:10:46.493+0000] {dag.py:4180} INFO - Setting next_dagrun for latest_only_with_trigger to 2025-03-27 04:00:00+00:00, run_after=2025-03-27 08:00:00+00:00
[2025-03-27T10:10:46.504+0000] {processor.py:208} INFO - Processing /home/airflow/.local/lib/python3.12/site-packages/airflow/example_dags/example_latest_only_with_trigger.py took 0.040 seconds
[2025-03-27T10:11:17.741+0000] {processor.py:186} INFO - Started process (PID=766) to work on /home/airflow/.local/lib/python3.12/site-packages/airflow/example_dags/example_latest_only_with_trigger.py
[2025-03-27T10:11:17.741+0000] {processor.py:914} INFO - Processing file /home/airflow/.local/lib/python3.12/site-packages/airflow/example_dags/example_latest_only_with_trigger.py for tasks to queue
[2025-03-27T10:11:17.743+0000] {logging_mixin.py:190} INFO - [2025-03-27T10:11:17.743+0000] {dagbag.py:588} INFO - Filling up the DagBag from /home/airflow/.local/lib/python3.12/site-packages/airflow/example_dags/example_latest_only_with_trigger.py
[2025-03-27T10:11:17.747+0000] {processor.py:925} INFO - DAG(s) 'latest_only_with_trigger' retrieved from /home/airflow/.local/lib/python3.12/site-packages/airflow/example_dags/example_latest_only_with_trigger.py
[2025-03-27T10:11:17.758+0000] {logging_mixin.py:190} INFO - [2025-03-27T10:11:17.758+0000] {dag.py:3239} INFO - Sync 1 DAGs
[2025-03-27T10:11:17.770+0000] {logging_mixin.py:190} INFO - [2025-03-27T10:11:17.770+0000] {dag.py:4180} INFO - Setting next_dagrun for latest_only_with_trigger to 2025-03-27 04:00:00+00:00, run_after=2025-03-27 08:00:00+00:00
[2025-03-27T10:11:17.779+0000] {processor.py:208} INFO - Processing /home/airflow/.local/lib/python3.12/site-packages/airflow/example_dags/example_latest_only_with_trigger.py took 0.041 seconds
[2025-03-27T10:11:48.348+0000] {processor.py:186} INFO - Started process (PID=829) to work on /home/airflow/.local/lib/python3.12/site-packages/airflow/example_dags/example_latest_only_with_trigger.py
[2025-03-27T10:11:48.348+0000] {processor.py:914} INFO - Processing file /home/airflow/.local/lib/python3.12/site-packages/airflow/example_dags/example_latest_only_with_trigger.py for tasks to queue
[2025-03-27T10:11:48.351+0000] {logging_mixin.py:190} INFO - [2025-03-27T10:11:48.351+0000] {dagbag.py:588} INFO - Filling up the DagBag from /home/airflow/.local/lib/python3.12/site-packages/airflow/example_dags/example_latest_only_with_trigger.py
[2025-03-27T10:11:48.355+0000] {processor.py:925} INFO - DAG(s) 'latest_only_with_trigger' retrieved from /home/airflow/.local/lib/python3.12/site-packages/airflow/example_dags/example_latest_only_with_trigger.py
[2025-03-27T10:11:48.365+0000] {logging_mixin.py:190} INFO - [2025-03-27T10:11:48.365+0000] {dag.py:3239} INFO - Sync 1 DAGs
[2025-03-27T10:11:48.376+0000] {logging_mixin.py:190} INFO - [2025-03-27T10:11:48.376+0000] {dag.py:4180} INFO - Setting next_dagrun for latest_only_with_trigger to 2025-03-27 04:00:00+00:00, run_after=2025-03-27 08:00:00+00:00
[2025-03-27T10:11:48.386+0000] {processor.py:208} INFO - Processing /home/airflow/.local/lib/python3.12/site-packages/airflow/example_dags/example_latest_only_with_trigger.py took 0.042 seconds
[2025-03-27T10:12:19.208+0000] {processor.py:186} INFO - Started process (PID=892) to work on /home/airflow/.local/lib/python3.12/site-packages/airflow/example_dags/example_latest_only_with_trigger.py
[2025-03-27T10:12:19.209+0000] {processor.py:914} INFO - Processing file /home/airflow/.local/lib/python3.12/site-packages/airflow/example_dags/example_latest_only_with_trigger.py for tasks to queue
[2025-03-27T10:12:19.210+0000] {logging_mixin.py:190} INFO - [2025-03-27T10:12:19.210+0000] {dagbag.py:588} INFO - Filling up the DagBag from /home/airflow/.local/lib/python3.12/site-packages/airflow/example_dags/example_latest_only_with_trigger.py
[2025-03-27T10:12:19.214+0000] {processor.py:925} INFO - DAG(s) 'latest_only_with_trigger' retrieved from /home/airflow/.local/lib/python3.12/site-packages/airflow/example_dags/example_latest_only_with_trigger.py
[2025-03-27T10:12:19.224+0000] {logging_mixin.py:190} INFO - [2025-03-27T10:12:19.224+0000] {dag.py:3239} INFO - Sync 1 DAGs
[2025-03-27T10:12:19.235+0000] {logging_mixin.py:190} INFO - [2025-03-27T10:12:19.235+0000] {dag.py:4180} INFO - Setting next_dagrun for latest_only_with_trigger to 2025-03-27 04:00:00+00:00, run_after=2025-03-27 08:00:00+00:00
[2025-03-27T10:12:19.244+0000] {processor.py:208} INFO - Processing /home/airflow/.local/lib/python3.12/site-packages/airflow/example_dags/example_latest_only_with_trigger.py took 0.040 seconds
[2025-03-27T10:12:49.963+0000] {processor.py:186} INFO - Started process (PID=955) to work on /home/airflow/.local/lib/python3.12/site-packages/airflow/example_dags/example_latest_only_with_trigger.py
[2025-03-27T10:12:49.963+0000] {processor.py:914} INFO - Processing file /home/airflow/.local/lib/python3.12/site-packages/airflow/example_dags/example_latest_only_with_trigger.py for tasks to queue
[2025-03-27T10:12:49.964+0000] {logging_mixin.py:190} INFO - [2025-03-27T10:12:49.964+0000] {dagbag.py:588} INFO - Filling up the DagBag from /home/airflow/.local/lib/python3.12/site-packages/airflow/example_dags/example_latest_only_with_trigger.py
[2025-03-27T10:12:49.968+0000] {processor.py:925} INFO - DAG(s) 'latest_only_with_trigger' retrieved from /home/airflow/.local/lib/python3.12/site-packages/airflow/example_dags/example_latest_only_with_trigger.py
[2025-03-27T10:12:49.978+0000] {logging_mixin.py:190} INFO - [2025-03-27T10:12:49.978+0000] {dag.py:3239} INFO - Sync 1 DAGs
[2025-03-27T10:12:49.989+0000] {logging_mixin.py:190} INFO - [2025-03-27T10:12:49.989+0000] {dag.py:4180} INFO - Setting next_dagrun for latest_only_with_trigger to 2025-03-27 04:00:00+00:00, run_after=2025-03-27 08:00:00+00:00
[2025-03-27T10:12:49.999+0000] {processor.py:208} INFO - Processing /home/airflow/.local/lib/python3.12/site-packages/airflow/example_dags/example_latest_only_with_trigger.py took 0.040 seconds
[2025-03-27T10:13:21.100+0000] {processor.py:186} INFO - Started process (PID=1018) to work on /home/airflow/.local/lib/python3.12/site-packages/airflow/example_dags/example_latest_only_with_trigger.py
[2025-03-27T10:13:21.101+0000] {processor.py:914} INFO - Processing file /home/airflow/.local/lib/python3.12/site-packages/airflow/example_dags/example_latest_only_with_trigger.py for tasks to queue
[2025-03-27T10:13:21.102+0000] {logging_mixin.py:190} INFO - [2025-03-27T10:13:21.102+0000] {dagbag.py:588} INFO - Filling up the DagBag from /home/airflow/.local/lib/python3.12/site-packages/airflow/example_dags/example_latest_only_with_trigger.py
[2025-03-27T10:13:21.107+0000] {processor.py:925} INFO - DAG(s) 'latest_only_with_trigger' retrieved from /home/airflow/.local/lib/python3.12/site-packages/airflow/example_dags/example_latest_only_with_trigger.py
[2025-03-27T10:13:21.121+0000] {logging_mixin.py:190} INFO - [2025-03-27T10:13:21.120+0000] {dag.py:3239} INFO - Sync 1 DAGs
[2025-03-27T10:13:21.133+0000] {logging_mixin.py:190} INFO - [2025-03-27T10:13:21.133+0000] {dag.py:4180} INFO - Setting next_dagrun for latest_only_with_trigger to 2025-03-27 04:00:00+00:00, run_after=2025-03-27 08:00:00+00:00
[2025-03-27T10:13:21.145+0000] {processor.py:208} INFO - Processing /home/airflow/.local/lib/python3.12/site-packages/airflow/example_dags/example_latest_only_with_trigger.py took 0.049 seconds
[2025-03-27T10:13:52.164+0000] {processor.py:186} INFO - Started process (PID=1081) to work on /home/airflow/.local/lib/python3.12/site-packages/airflow/example_dags/example_latest_only_with_trigger.py
[2025-03-27T10:13:52.166+0000] {processor.py:914} INFO - Processing file /home/airflow/.local/lib/python3.12/site-packages/airflow/example_dags/example_latest_only_with_trigger.py for tasks to queue
[2025-03-27T10:13:52.167+0000] {logging_mixin.py:190} INFO - [2025-03-27T10:13:52.167+0000] {dagbag.py:588} INFO - Filling up the DagBag from /home/airflow/.local/lib/python3.12/site-packages/airflow/example_dags/example_latest_only_with_trigger.py
[2025-03-27T10:13:52.176+0000] {processor.py:925} INFO - DAG(s) 'latest_only_with_trigger' retrieved from /home/airflow/.local/lib/python3.12/site-packages/airflow/example_dags/example_latest_only_with_trigger.py
[2025-03-27T10:13:52.189+0000] {logging_mixin.py:190} INFO - [2025-03-27T10:13:52.189+0000] {dag.py:3239} INFO - Sync 1 DAGs
[2025-03-27T10:13:52.201+0000] {logging_mixin.py:190} INFO - [2025-03-27T10:13:52.200+0000] {dag.py:4180} INFO - Setting next_dagrun for latest_only_with_trigger to 2025-03-27 04:00:00+00:00, run_after=2025-03-27 08:00:00+00:00
[2025-03-27T10:13:52.210+0000] {processor.py:208} INFO - Processing /home/airflow/.local/lib/python3.12/site-packages/airflow/example_dags/example_latest_only_with_trigger.py took 0.051 seconds
[2025-03-27T10:14:23.053+0000] {processor.py:186} INFO - Started process (PID=1144) to work on /home/airflow/.local/lib/python3.12/site-packages/airflow/example_dags/example_latest_only_with_trigger.py
[2025-03-27T10:14:23.056+0000] {processor.py:914} INFO - Processing file /home/airflow/.local/lib/python3.12/site-packages/airflow/example_dags/example_latest_only_with_trigger.py for tasks to queue
[2025-03-27T10:14:23.058+0000] {logging_mixin.py:190} INFO - [2025-03-27T10:14:23.057+0000] {dagbag.py:588} INFO - Filling up the DagBag from /home/airflow/.local/lib/python3.12/site-packages/airflow/example_dags/example_latest_only_with_trigger.py
[2025-03-27T10:14:23.061+0000] {processor.py:925} INFO - DAG(s) 'latest_only_with_trigger' retrieved from /home/airflow/.local/lib/python3.12/site-packages/airflow/example_dags/example_latest_only_with_trigger.py
[2025-03-27T10:14:23.072+0000] {logging_mixin.py:190} INFO - [2025-03-27T10:14:23.072+0000] {dag.py:3239} INFO - Sync 1 DAGs
[2025-03-27T10:14:23.083+0000] {logging_mixin.py:190} INFO - [2025-03-27T10:14:23.083+0000] {dag.py:4180} INFO - Setting next_dagrun for latest_only_with_trigger to 2025-03-27 04:00:00+00:00, run_after=2025-03-27 08:00:00+00:00
[2025-03-27T10:14:23.093+0000] {processor.py:208} INFO - Processing /home/airflow/.local/lib/python3.12/site-packages/airflow/example_dags/example_latest_only_with_trigger.py took 0.043 seconds
[2025-03-27T10:14:54.152+0000] {processor.py:186} INFO - Started process (PID=1207) to work on /home/airflow/.local/lib/python3.12/site-packages/airflow/example_dags/example_latest_only_with_trigger.py
[2025-03-27T10:14:54.153+0000] {processor.py:914} INFO - Processing file /home/airflow/.local/lib/python3.12/site-packages/airflow/example_dags/example_latest_only_with_trigger.py for tasks to queue
[2025-03-27T10:14:54.154+0000] {logging_mixin.py:190} INFO - [2025-03-27T10:14:54.154+0000] {dagbag.py:588} INFO - Filling up the DagBag from /home/airflow/.local/lib/python3.12/site-packages/airflow/example_dags/example_latest_only_with_trigger.py
[2025-03-27T10:14:54.161+0000] {processor.py:925} INFO - DAG(s) 'latest_only_with_trigger' retrieved from /home/airflow/.local/lib/python3.12/site-packages/airflow/example_dags/example_latest_only_with_trigger.py
[2025-03-27T10:14:54.172+0000] {logging_mixin.py:190} INFO - [2025-03-27T10:14:54.172+0000] {dag.py:3239} INFO - Sync 1 DAGs
[2025-03-27T10:14:54.182+0000] {logging_mixin.py:190} INFO - [2025-03-27T10:14:54.182+0000] {dag.py:4180} INFO - Setting next_dagrun for latest_only_with_trigger to 2025-03-27 04:00:00+00:00, run_after=2025-03-27 08:00:00+00:00
[2025-03-27T10:14:54.194+0000] {processor.py:208} INFO - Processing /home/airflow/.local/lib/python3.12/site-packages/airflow/example_dags/example_latest_only_with_trigger.py took 0.045 seconds
[2025-03-27T10:15:25.036+0000] {processor.py:186} INFO - Started process (PID=1269) to work on /home/airflow/.local/lib/python3.12/site-packages/airflow/example_dags/example_latest_only_with_trigger.py
[2025-03-27T10:15:25.037+0000] {processor.py:914} INFO - Processing file /home/airflow/.local/lib/python3.12/site-packages/airflow/example_dags/example_latest_only_with_trigger.py for tasks to queue
[2025-03-27T10:15:25.038+0000] {logging_mixin.py:190} INFO - [2025-03-27T10:15:25.038+0000] {dagbag.py:588} INFO - Filling up the DagBag from /home/airflow/.local/lib/python3.12/site-packages/airflow/example_dags/example_latest_only_with_trigger.py
[2025-03-27T10:15:25.041+0000] {processor.py:925} INFO - DAG(s) 'latest_only_with_trigger' retrieved from /home/airflow/.local/lib/python3.12/site-packages/airflow/example_dags/example_latest_only_with_trigger.py
[2025-03-27T10:15:25.051+0000] {logging_mixin.py:190} INFO - [2025-03-27T10:15:25.051+0000] {dag.py:3239} INFO - Sync 1 DAGs
[2025-03-27T10:15:25.062+0000] {logging_mixin.py:190} INFO - [2025-03-27T10:15:25.062+0000] {dag.py:4180} INFO - Setting next_dagrun for latest_only_with_trigger to 2025-03-27 04:00:00+00:00, run_after=2025-03-27 08:00:00+00:00
[2025-03-27T10:15:25.074+0000] {processor.py:208} INFO - Processing /home/airflow/.local/lib/python3.12/site-packages/airflow/example_dags/example_latest_only_with_trigger.py took 0.040 seconds
[2025-03-27T10:15:55.975+0000] {processor.py:186} INFO - Started process (PID=1332) to work on /home/airflow/.local/lib/python3.12/site-packages/airflow/example_dags/example_latest_only_with_trigger.py
[2025-03-27T10:15:55.976+0000] {processor.py:914} INFO - Processing file /home/airflow/.local/lib/python3.12/site-packages/airflow/example_dags/example_latest_only_with_trigger.py for tasks to queue
[2025-03-27T10:15:55.977+0000] {logging_mixin.py:190} INFO - [2025-03-27T10:15:55.976+0000] {dagbag.py:588} INFO - Filling up the DagBag from /home/airflow/.local/lib/python3.12/site-packages/airflow/example_dags/example_latest_only_with_trigger.py
[2025-03-27T10:15:55.981+0000] {processor.py:925} INFO - DAG(s) 'latest_only_with_trigger' retrieved from /home/airflow/.local/lib/python3.12/site-packages/airflow/example_dags/example_latest_only_with_trigger.py
[2025-03-27T10:15:55.991+0000] {logging_mixin.py:190} INFO - [2025-03-27T10:15:55.991+0000] {dag.py:3239} INFO - Sync 1 DAGs
[2025-03-27T10:15:56.003+0000] {logging_mixin.py:190} INFO - [2025-03-27T10:15:56.003+0000] {dag.py:4180} INFO - Setting next_dagrun for latest_only_with_trigger to 2025-03-27 04:00:00+00:00, run_after=2025-03-27 08:00:00+00:00
[2025-03-27T10:15:56.012+0000] {processor.py:208} INFO - Processing /home/airflow/.local/lib/python3.12/site-packages/airflow/example_dags/example_latest_only_with_trigger.py took 0.040 seconds
[2025-03-27T10:16:27.129+0000] {processor.py:186} INFO - Started process (PID=1395) to work on /home/airflow/.local/lib/python3.12/site-packages/airflow/example_dags/example_latest_only_with_trigger.py
[2025-03-27T10:16:27.130+0000] {processor.py:914} INFO - Processing file /home/airflow/.local/lib/python3.12/site-packages/airflow/example_dags/example_latest_only_with_trigger.py for tasks to queue
[2025-03-27T10:16:27.132+0000] {logging_mixin.py:190} INFO - [2025-03-27T10:16:27.131+0000] {dagbag.py:588} INFO - Filling up the DagBag from /home/airflow/.local/lib/python3.12/site-packages/airflow/example_dags/example_latest_only_with_trigger.py
[2025-03-27T10:16:27.139+0000] {processor.py:925} INFO - DAG(s) 'latest_only_with_trigger' retrieved from /home/airflow/.local/lib/python3.12/site-packages/airflow/example_dags/example_latest_only_with_trigger.py
[2025-03-27T10:16:27.150+0000] {logging_mixin.py:190} INFO - [2025-03-27T10:16:27.150+0000] {dag.py:3239} INFO - Sync 1 DAGs
[2025-03-27T10:16:27.164+0000] {logging_mixin.py:190} INFO - [2025-03-27T10:16:27.164+0000] {dag.py:4180} INFO - Setting next_dagrun for latest_only_with_trigger to 2025-03-27 04:00:00+00:00, run_after=2025-03-27 08:00:00+00:00
[2025-03-27T10:16:27.175+0000] {processor.py:208} INFO - Processing /home/airflow/.local/lib/python3.12/site-packages/airflow/example_dags/example_latest_only_with_trigger.py took 0.049 seconds
[2025-03-27T10:16:58.075+0000] {processor.py:186} INFO - Started process (PID=1458) to work on /home/airflow/.local/lib/python3.12/site-packages/airflow/example_dags/example_latest_only_with_trigger.py
[2025-03-27T10:16:58.075+0000] {processor.py:914} INFO - Processing file /home/airflow/.local/lib/python3.12/site-packages/airflow/example_dags/example_latest_only_with_trigger.py for tasks to queue
[2025-03-27T10:16:58.077+0000] {logging_mixin.py:190} INFO - [2025-03-27T10:16:58.076+0000] {dagbag.py:588} INFO - Filling up the DagBag from /home/airflow/.local/lib/python3.12/site-packages/airflow/example_dags/example_latest_only_with_trigger.py
[2025-03-27T10:16:58.081+0000] {processor.py:925} INFO - DAG(s) 'latest_only_with_trigger' retrieved from /home/airflow/.local/lib/python3.12/site-packages/airflow/example_dags/example_latest_only_with_trigger.py
[2025-03-27T10:16:58.095+0000] {logging_mixin.py:190} INFO - [2025-03-27T10:16:58.095+0000] {dag.py:3239} INFO - Sync 1 DAGs
[2025-03-27T10:16:58.107+0000] {logging_mixin.py:190} INFO - [2025-03-27T10:16:58.107+0000] {dag.py:4180} INFO - Setting next_dagrun for latest_only_with_trigger to 2025-03-27 04:00:00+00:00, run_after=2025-03-27 08:00:00+00:00
[2025-03-27T10:16:58.116+0000] {processor.py:208} INFO - Processing /home/airflow/.local/lib/python3.12/site-packages/airflow/example_dags/example_latest_only_with_trigger.py took 0.045 seconds
[2025-03-27T10:17:28.907+0000] {processor.py:186} INFO - Started process (PID=1521) to work on /home/airflow/.local/lib/python3.12/site-packages/airflow/example_dags/example_latest_only_with_trigger.py
[2025-03-27T10:17:28.908+0000] {processor.py:914} INFO - Processing file /home/airflow/.local/lib/python3.12/site-packages/airflow/example_dags/example_latest_only_with_trigger.py for tasks to queue
[2025-03-27T10:17:28.909+0000] {logging_mixin.py:190} INFO - [2025-03-27T10:17:28.909+0000] {dagbag.py:588} INFO - Filling up the DagBag from /home/airflow/.local/lib/python3.12/site-packages/airflow/example_dags/example_latest_only_with_trigger.py
[2025-03-27T10:17:28.913+0000] {processor.py:925} INFO - DAG(s) 'latest_only_with_trigger' retrieved from /home/airflow/.local/lib/python3.12/site-packages/airflow/example_dags/example_latest_only_with_trigger.py
[2025-03-27T10:17:28.925+0000] {logging_mixin.py:190} INFO - [2025-03-27T10:17:28.925+0000] {dag.py:3239} INFO - Sync 1 DAGs
[2025-03-27T10:17:28.938+0000] {logging_mixin.py:190} INFO - [2025-03-27T10:17:28.938+0000] {dag.py:4180} INFO - Setting next_dagrun for latest_only_with_trigger to 2025-03-27 04:00:00+00:00, run_after=2025-03-27 08:00:00+00:00
[2025-03-27T10:17:28.947+0000] {processor.py:208} INFO - Processing /home/airflow/.local/lib/python3.12/site-packages/airflow/example_dags/example_latest_only_with_trigger.py took 0.044 seconds
[2025-03-27T10:17:59.746+0000] {processor.py:186} INFO - Started process (PID=1584) to work on /home/airflow/.local/lib/python3.12/site-packages/airflow/example_dags/example_latest_only_with_trigger.py
[2025-03-27T10:17:59.747+0000] {processor.py:914} INFO - Processing file /home/airflow/.local/lib/python3.12/site-packages/airflow/example_dags/example_latest_only_with_trigger.py for tasks to queue
[2025-03-27T10:17:59.748+0000] {logging_mixin.py:190} INFO - [2025-03-27T10:17:59.748+0000] {dagbag.py:588} INFO - Filling up the DagBag from /home/airflow/.local/lib/python3.12/site-packages/airflow/example_dags/example_latest_only_with_trigger.py
[2025-03-27T10:17:59.752+0000] {processor.py:925} INFO - DAG(s) 'latest_only_with_trigger' retrieved from /home/airflow/.local/lib/python3.12/site-packages/airflow/example_dags/example_latest_only_with_trigger.py
[2025-03-27T10:17:59.762+0000] {logging_mixin.py:190} INFO - [2025-03-27T10:17:59.762+0000] {dag.py:3239} INFO - Sync 1 DAGs
[2025-03-27T10:17:59.774+0000] {logging_mixin.py:190} INFO - [2025-03-27T10:17:59.774+0000] {dag.py:4180} INFO - Setting next_dagrun for latest_only_with_trigger to 2025-03-27 04:00:00+00:00, run_after=2025-03-27 08:00:00+00:00
[2025-03-27T10:17:59.783+0000] {processor.py:208} INFO - Processing /home/airflow/.local/lib/python3.12/site-packages/airflow/example_dags/example_latest_only_with_trigger.py took 0.041 seconds
