[2025-04-10T15:00:03.913+0000] {local_task_job_runner.py:123} INFO - ::group::Pre task execution logs
[2025-04-10T15:00:03.939+0000] {taskinstance.py:2614} INFO - Dependencies all met for dep_context=non-requeueable deps ti=<TaskInstance: air_ingestion_backfill_dag_simple.ingest scheduled__2025-04-09T08:00:00+00:00 [queued]>
[2025-04-10T15:00:03.944+0000] {taskinstance.py:2614} INFO - Dependencies all met for dep_context=requeueable deps ti=<TaskInstance: air_ingestion_backfill_dag_simple.ingest scheduled__2025-04-09T08:00:00+00:00 [queued]>
[2025-04-10T15:00:03.944+0000] {taskinstance.py:2867} INFO - Starting attempt 1 of 2
[2025-04-10T15:00:03.952+0000] {taskinstance.py:2890} INFO - Executing <Task(_PythonDecoratedOperator): ingest> on 2025-04-09 08:00:00+00:00
[2025-04-10T15:00:03.955+0000] {warnings.py:112} WARNING - /home/***/.local/lib/python3.12/site-packages/***/task/task_runner/standard_task_runner.py:70: DeprecationWarning: This process (pid=446) is multi-threaded, use of fork() may lead to deadlocks in the child.
  pid = os.fork()

[2025-04-10T15:00:03.956+0000] {standard_task_runner.py:72} INFO - Started process 453 to run task
[2025-04-10T15:00:03.956+0000] {standard_task_runner.py:104} INFO - Running: ['***', 'tasks', 'run', 'air_ingestion_backfill_dag_simple', 'ingest', 'scheduled__2025-04-09T08:00:00+00:00', '--job-id', '620', '--raw', '--subdir', 'DAGS_FOLDER/air_backfill_dag.py', '--cfg-path', '/tmp/tmp2p6nd5u_']
[2025-04-10T15:00:03.958+0000] {standard_task_runner.py:105} INFO - Job 620: Subtask ingest
[2025-04-10T15:00:04.036+0000] {task_command.py:467} INFO - Running <TaskInstance: air_ingestion_backfill_dag_simple.ingest scheduled__2025-04-09T08:00:00+00:00 [running]> on host 98acdd3c69ae
[2025-04-10T15:00:04.138+0000] {taskinstance.py:3134} INFO - Exporting env vars: AIRFLOW_CTX_DAG_OWNER='beni' AIRFLOW_CTX_DAG_ID='air_ingestion_backfill_dag_simple' AIRFLOW_CTX_TASK_ID='ingest' AIRFLOW_CTX_EXECUTION_DATE='2025-04-09T08:00:00+00:00' AIRFLOW_CTX_TRY_NUMBER='1' AIRFLOW_CTX_DAG_RUN_ID='scheduled__2025-04-09T08:00:00+00:00'
[2025-04-10T15:00:04.139+0000] {taskinstance.py:732} INFO - ::endgroup::
[2025-04-10T15:00:04.687+0000] {logging_mixin.py:190} INFO - ✅ Saved: gs://gooutside-raw/air/bamberg/2025-04-09T0600.json
[2025-04-10T15:00:05.019+0000] {logging_mixin.py:190} INFO - ✅ Saved: gs://gooutside-raw/air/bamberg/2025-04-09T0700.json
[2025-04-10T15:00:05.383+0000] {logging_mixin.py:190} INFO - ✅ Saved: gs://gooutside-raw/air/bamberg/2025-04-09T0800.json
[2025-04-10T15:00:05.717+0000] {logging_mixin.py:190} INFO - ✅ Saved: gs://gooutside-raw/air/bamberg/2025-04-09T0900.json
[2025-04-10T15:00:06.072+0000] {logging_mixin.py:190} INFO - ✅ Saved: gs://gooutside-raw/air/bamberg/2025-04-09T1000.json
[2025-04-10T15:00:06.423+0000] {logging_mixin.py:190} INFO - ✅ Saved: gs://gooutside-raw/air/bamberg/2025-04-09T1100.json
[2025-04-10T15:00:06.763+0000] {logging_mixin.py:190} INFO - ✅ Saved: gs://gooutside-raw/air/bamberg/2025-04-09T1200.json
[2025-04-10T15:00:07.134+0000] {logging_mixin.py:190} INFO - ✅ Saved: gs://gooutside-raw/air/bamberg/2025-04-09T1300.json
[2025-04-10T15:00:07.490+0000] {logging_mixin.py:190} INFO - ✅ Saved: gs://gooutside-raw/air/bamberg/2025-04-09T1400.json
[2025-04-10T15:00:07.851+0000] {logging_mixin.py:190} INFO - ✅ Saved: gs://gooutside-raw/air/bamberg/2025-04-09T1500.json
[2025-04-10T15:00:08.232+0000] {logging_mixin.py:190} INFO - ✅ Saved: gs://gooutside-raw/air/bamberg/2025-04-09T1600.json
[2025-04-10T15:00:08.571+0000] {logging_mixin.py:190} INFO - ✅ Saved: gs://gooutside-raw/air/bamberg/2025-04-09T1700.json
[2025-04-10T15:00:08.924+0000] {logging_mixin.py:190} INFO - ✅ Saved: gs://gooutside-raw/air/bamberg/2025-04-09T1800.json
[2025-04-10T15:00:09.265+0000] {logging_mixin.py:190} INFO - ✅ Saved: gs://gooutside-raw/air/bamberg/2025-04-09T1900.json
[2025-04-10T15:00:09.266+0000] {python.py:240} INFO - Done. Returned value was: None
[2025-04-10T15:00:09.291+0000] {taskinstance.py:341} INFO - ::group::Post task execution logs
[2025-04-10T15:00:09.291+0000] {taskinstance.py:353} INFO - Marking task as SUCCESS. dag_id=air_ingestion_backfill_dag_simple, task_id=ingest, run_id=scheduled__2025-04-09T08:00:00+00:00, execution_date=20250409T080000, start_date=20250410T150003, end_date=20250410T150009
[2025-04-10T15:00:09.337+0000] {local_task_job_runner.py:266} INFO - Task exited with return code 0
[2025-04-10T15:00:09.349+0000] {taskinstance.py:3901} INFO - 0 downstream tasks scheduled from follow-on schedule check
[2025-04-10T15:00:09.351+0000] {local_task_job_runner.py:245} INFO - ::endgroup::
