[2025-04-10T16:00:00.623+0000] {local_task_job_runner.py:123} INFO - ::group::Pre task execution logs
[2025-04-10T16:00:00.635+0000] {taskinstance.py:2614} INFO - Dependencies all met for dep_context=non-requeueable deps ti=<TaskInstance: air_ingestion_dag.ingest scheduled__2025-04-10T15:00:00+00:00 [queued]>
[2025-04-10T16:00:00.640+0000] {taskinstance.py:2614} INFO - Dependencies all met for dep_context=requeueable deps ti=<TaskInstance: air_ingestion_dag.ingest scheduled__2025-04-10T15:00:00+00:00 [queued]>
[2025-04-10T16:00:00.640+0000] {taskinstance.py:2867} INFO - Starting attempt 1 of 2
[2025-04-10T16:00:00.647+0000] {taskinstance.py:2890} INFO - Executing <Task(_PythonDecoratedOperator): ingest> on 2025-04-10 15:00:00+00:00
[2025-04-10T16:00:00.651+0000] {warnings.py:112} WARNING - /home/***/.local/lib/python3.12/site-packages/***/task/task_runner/standard_task_runner.py:70: DeprecationWarning: This process (pid=580) is multi-threaded, use of fork() may lead to deadlocks in the child.
  pid = os.fork()

[2025-04-10T16:00:00.653+0000] {standard_task_runner.py:72} INFO - Started process 582 to run task
[2025-04-10T16:00:00.655+0000] {standard_task_runner.py:104} INFO - Running: ['***', 'tasks', 'run', 'air_ingestion_dag', 'ingest', 'scheduled__2025-04-10T15:00:00+00:00', '--job-id', '664', '--raw', '--subdir', 'DAGS_FOLDER/air_ingestion_dag.py', '--cfg-path', '/tmp/tmp2f8opzvt']
[2025-04-10T16:00:00.657+0000] {standard_task_runner.py:105} INFO - Job 664: Subtask ingest
[2025-04-10T16:00:00.699+0000] {task_command.py:467} INFO - Running <TaskInstance: air_ingestion_dag.ingest scheduled__2025-04-10T15:00:00+00:00 [running]> on host 98acdd3c69ae
[2025-04-10T16:00:00.761+0000] {taskinstance.py:3134} INFO - Exporting env vars: AIRFLOW_CTX_DAG_OWNER='beni' AIRFLOW_CTX_DAG_ID='air_ingestion_dag' AIRFLOW_CTX_TASK_ID='ingest' AIRFLOW_CTX_EXECUTION_DATE='2025-04-10T15:00:00+00:00' AIRFLOW_CTX_TRY_NUMBER='1' AIRFLOW_CTX_DAG_RUN_ID='scheduled__2025-04-10T15:00:00+00:00'
[2025-04-10T16:00:00.763+0000] {taskinstance.py:732} INFO - ::endgroup::
[2025-04-10T16:00:00.765+0000] {air_ingestion_dag.py:30} INFO - 📅 Fetching UBA data for MEZ day: 2025-04-10
[2025-04-10T16:00:01.012+0000] {air_ingestion_dag.py:40} INFO - 📦 Parsed 6 entries
[2025-04-10T16:00:01.016+0000] {air_ingestion_dag.py:43} INFO - 💾 Saving air entry for 2025-04-10T06:00:00+00:00
[2025-04-10T16:00:01.343+0000] {logging_mixin.py:190} INFO - ✅ Saved: gs://gooutside-raw/air/bamberg/2025-04-10T0600.json
[2025-04-10T16:00:01.344+0000] {air_ingestion_dag.py:43} INFO - 💾 Saving air entry for 2025-04-10T07:00:00+00:00
[2025-04-10T16:00:01.695+0000] {logging_mixin.py:190} INFO - ✅ Saved: gs://gooutside-raw/air/bamberg/2025-04-10T0700.json
[2025-04-10T16:00:01.699+0000] {air_ingestion_dag.py:43} INFO - 💾 Saving air entry for 2025-04-10T08:00:00+00:00
[2025-04-10T16:00:02.198+0000] {logging_mixin.py:190} INFO - ✅ Saved: gs://gooutside-raw/air/bamberg/2025-04-10T0800.json
[2025-04-10T16:00:02.199+0000] {air_ingestion_dag.py:43} INFO - 💾 Saving air entry for 2025-04-10T09:00:00+00:00
[2025-04-10T16:00:02.571+0000] {logging_mixin.py:190} INFO - ✅ Saved: gs://gooutside-raw/air/bamberg/2025-04-10T0900.json
[2025-04-10T16:00:02.572+0000] {air_ingestion_dag.py:43} INFO - 💾 Saving air entry for 2025-04-10T10:00:00+00:00
[2025-04-10T16:00:02.944+0000] {logging_mixin.py:190} INFO - ✅ Saved: gs://gooutside-raw/air/bamberg/2025-04-10T1000.json
[2025-04-10T16:00:02.944+0000] {air_ingestion_dag.py:43} INFO - 💾 Saving air entry for 2025-04-10T11:00:00+00:00
[2025-04-10T16:00:03.330+0000] {logging_mixin.py:190} INFO - ✅ Saved: gs://gooutside-raw/air/bamberg/2025-04-10T1100.json
[2025-04-10T16:00:03.332+0000] {python.py:240} INFO - Done. Returned value was: None
[2025-04-10T16:00:03.352+0000] {taskinstance.py:341} INFO - ::group::Post task execution logs
[2025-04-10T16:00:03.352+0000] {taskinstance.py:353} INFO - Marking task as SUCCESS. dag_id=air_ingestion_dag, task_id=ingest, run_id=scheduled__2025-04-10T15:00:00+00:00, execution_date=20250410T150000, start_date=20250410T160000, end_date=20250410T160003
[2025-04-10T16:00:03.406+0000] {local_task_job_runner.py:266} INFO - Task exited with return code 0
[2025-04-10T16:00:03.419+0000] {taskinstance.py:3901} INFO - 0 downstream tasks scheduled from follow-on schedule check
[2025-04-10T16:00:03.420+0000] {local_task_job_runner.py:245} INFO - ::endgroup::
