[2025-04-10T15:00:51.615+0000] {local_task_job_runner.py:123} INFO - ::group::Pre task execution logs
[2025-04-10T15:00:51.631+0000] {taskinstance.py:2614} INFO - Dependencies all met for dep_context=non-requeueable deps ti=<TaskInstance: air_ingestion_backfill_dag_simple.ingest scheduled__2025-04-10T08:00:00+00:00 [queued]>
[2025-04-10T15:00:51.637+0000] {taskinstance.py:2614} INFO - Dependencies all met for dep_context=requeueable deps ti=<TaskInstance: air_ingestion_backfill_dag_simple.ingest scheduled__2025-04-10T08:00:00+00:00 [queued]>
[2025-04-10T15:00:51.637+0000] {taskinstance.py:2867} INFO - Starting attempt 1 of 2
[2025-04-10T15:00:51.645+0000] {taskinstance.py:2890} INFO - Executing <Task(_PythonDecoratedOperator): ingest> on 2025-04-10 08:00:00+00:00
[2025-04-10T15:00:51.652+0000] {warnings.py:112} WARNING - /home/***/.local/lib/python3.12/site-packages/***/task/task_runner/standard_task_runner.py:70: DeprecationWarning: This process (pid=523) is multi-threaded, use of fork() may lead to deadlocks in the child.
  pid = os.fork()

[2025-04-10T15:00:51.654+0000] {standard_task_runner.py:72} INFO - Started process 528 to run task
[2025-04-10T15:00:51.654+0000] {standard_task_runner.py:104} INFO - Running: ['***', 'tasks', 'run', 'air_ingestion_backfill_dag_simple', 'ingest', 'scheduled__2025-04-10T08:00:00+00:00', '--job-id', '645', '--raw', '--subdir', 'DAGS_FOLDER/air_backfill_dag.py', '--cfg-path', '/tmp/tmp6usc7vrm']
[2025-04-10T15:00:51.656+0000] {standard_task_runner.py:105} INFO - Job 645: Subtask ingest
[2025-04-10T15:00:51.699+0000] {task_command.py:467} INFO - Running <TaskInstance: air_ingestion_backfill_dag_simple.ingest scheduled__2025-04-10T08:00:00+00:00 [running]> on host 98acdd3c69ae
[2025-04-10T15:00:51.762+0000] {taskinstance.py:3134} INFO - Exporting env vars: AIRFLOW_CTX_DAG_OWNER='beni' AIRFLOW_CTX_DAG_ID='air_ingestion_backfill_dag_simple' AIRFLOW_CTX_TASK_ID='ingest' AIRFLOW_CTX_EXECUTION_DATE='2025-04-10T08:00:00+00:00' AIRFLOW_CTX_TRY_NUMBER='1' AIRFLOW_CTX_DAG_RUN_ID='scheduled__2025-04-10T08:00:00+00:00'
[2025-04-10T15:00:51.763+0000] {taskinstance.py:732} INFO - ::endgroup::
[2025-04-10T15:00:52.242+0000] {logging_mixin.py:190} INFO - ✅ Saved: gs://gooutside-raw/air/bamberg/2025-04-10T0600.json
[2025-04-10T15:00:52.582+0000] {logging_mixin.py:190} INFO - ✅ Saved: gs://gooutside-raw/air/bamberg/2025-04-10T0700.json
[2025-04-10T15:00:52.919+0000] {logging_mixin.py:190} INFO - ✅ Saved: gs://gooutside-raw/air/bamberg/2025-04-10T0800.json
[2025-04-10T15:00:53.264+0000] {logging_mixin.py:190} INFO - ✅ Saved: gs://gooutside-raw/air/bamberg/2025-04-10T0900.json
[2025-04-10T15:00:53.617+0000] {logging_mixin.py:190} INFO - ✅ Saved: gs://gooutside-raw/air/bamberg/2025-04-10T1000.json
[2025-04-10T15:00:53.960+0000] {logging_mixin.py:190} INFO - ✅ Saved: gs://gooutside-raw/air/bamberg/2025-04-10T1100.json
[2025-04-10T15:00:53.960+0000] {python.py:240} INFO - Done. Returned value was: None
[2025-04-10T15:00:53.972+0000] {taskinstance.py:341} INFO - ::group::Post task execution logs
[2025-04-10T15:00:53.972+0000] {taskinstance.py:353} INFO - Marking task as SUCCESS. dag_id=air_ingestion_backfill_dag_simple, task_id=ingest, run_id=scheduled__2025-04-10T08:00:00+00:00, execution_date=20250410T080000, start_date=20250410T150051, end_date=20250410T150053
[2025-04-10T15:00:54.035+0000] {local_task_job_runner.py:266} INFO - Task exited with return code 0
[2025-04-10T15:00:54.052+0000] {taskinstance.py:3901} INFO - 0 downstream tasks scheduled from follow-on schedule check
[2025-04-10T15:00:54.054+0000] {local_task_job_runner.py:245} INFO - ::endgroup::
