[2025-04-07T06:36:54.266+0000] {local_task_job_runner.py:123} INFO - ::group::Pre task execution logs
[2025-04-07T06:36:54.280+0000] {taskinstance.py:2614} INFO - Dependencies all met for dep_context=non-requeueable deps ti=<TaskInstance: weather_ingestion_dag.ingest scheduled__2025-04-07T05:00:00+00:00 [queued]>
[2025-04-07T06:36:54.286+0000] {taskinstance.py:2614} INFO - Dependencies all met for dep_context=requeueable deps ti=<TaskInstance: weather_ingestion_dag.ingest scheduled__2025-04-07T05:00:00+00:00 [queued]>
[2025-04-07T06:36:54.286+0000] {taskinstance.py:2867} INFO - Starting attempt 1 of 2
[2025-04-07T06:36:54.295+0000] {taskinstance.py:2890} INFO - Executing <Task(_PythonDecoratedOperator): ingest> on 2025-04-07 05:00:00+00:00
[2025-04-07T06:36:54.300+0000] {warnings.py:112} WARNING - /home/***/.local/lib/python3.12/site-packages/***/task/task_runner/standard_task_runner.py:70: DeprecationWarning: This process (pid=320) is multi-threaded, use of fork() may lead to deadlocks in the child.
  pid = os.fork()

[2025-04-07T06:36:54.306+0000] {standard_task_runner.py:72} INFO - Started process 321 to run task
[2025-04-07T06:36:54.302+0000] {standard_task_runner.py:104} INFO - Running: ['***', 'tasks', 'run', 'weather_ingestion_dag', 'ingest', 'scheduled__2025-04-07T05:00:00+00:00', '--job-id', '203', '--raw', '--subdir', 'DAGS_FOLDER/weather_ingestion_dag.py', '--cfg-path', '/tmp/tmpg57xld9s']
[2025-04-07T06:36:54.309+0000] {standard_task_runner.py:105} INFO - Job 203: Subtask ingest
[2025-04-07T06:36:54.376+0000] {task_command.py:467} INFO - Running <TaskInstance: weather_ingestion_dag.ingest scheduled__2025-04-07T05:00:00+00:00 [running]> on host 242fb041fbeb
[2025-04-07T06:36:54.450+0000] {taskinstance.py:3134} INFO - Exporting env vars: AIRFLOW_CTX_DAG_OWNER='beni' AIRFLOW_CTX_DAG_ID='weather_ingestion_dag' AIRFLOW_CTX_TASK_ID='ingest' AIRFLOW_CTX_EXECUTION_DATE='2025-04-07T05:00:00+00:00' AIRFLOW_CTX_TRY_NUMBER='1' AIRFLOW_CTX_DAG_RUN_ID='scheduled__2025-04-07T05:00:00+00:00'
[2025-04-07T06:36:54.452+0000] {taskinstance.py:732} INFO - ::endgroup::
[2025-04-07T06:36:55.071+0000] {logging_mixin.py:190} INFO - ✅ Saved: gs://gooutside-raw/weather/bamberg/2025-04-07T06:00:00+02:00.json
[2025-04-07T06:36:55.460+0000] {logging_mixin.py:190} INFO - ✅ Saved: gs://gooutside-raw/weather/bamberg/2025-04-07T07:00:00+02:00.json
[2025-04-07T06:36:55.859+0000] {logging_mixin.py:190} INFO - ✅ Saved: gs://gooutside-raw/weather/bamberg/2025-04-07T08:00:00+02:00.json
[2025-04-07T06:36:56.241+0000] {logging_mixin.py:190} INFO - ✅ Saved: gs://gooutside-raw/weather/bamberg/2025-04-07T09:00:00+02:00.json
[2025-04-07T06:36:56.638+0000] {logging_mixin.py:190} INFO - ✅ Saved: gs://gooutside-raw/weather/bamberg/2025-04-07T10:00:00+02:00.json
[2025-04-07T06:36:57.015+0000] {logging_mixin.py:190} INFO - ✅ Saved: gs://gooutside-raw/weather/bamberg/2025-04-07T11:00:00+02:00.json
[2025-04-07T06:36:57.397+0000] {logging_mixin.py:190} INFO - ✅ Saved: gs://gooutside-raw/weather/bamberg/2025-04-07T12:00:00+02:00.json
[2025-04-07T06:36:57.760+0000] {logging_mixin.py:190} INFO - ✅ Saved: gs://gooutside-raw/weather/bamberg/2025-04-07T13:00:00+02:00.json
[2025-04-07T06:36:58.141+0000] {logging_mixin.py:190} INFO - ✅ Saved: gs://gooutside-raw/weather/bamberg/2025-04-07T14:00:00+02:00.json
[2025-04-07T06:36:58.492+0000] {logging_mixin.py:190} INFO - ✅ Saved: gs://gooutside-raw/weather/bamberg/2025-04-07T15:00:00+02:00.json
[2025-04-07T06:36:58.856+0000] {logging_mixin.py:190} INFO - ✅ Saved: gs://gooutside-raw/weather/bamberg/2025-04-07T16:00:00+02:00.json
[2025-04-07T06:36:59.234+0000] {logging_mixin.py:190} INFO - ✅ Saved: gs://gooutside-raw/weather/bamberg/2025-04-07T17:00:00+02:00.json
[2025-04-07T06:36:59.596+0000] {logging_mixin.py:190} INFO - ✅ Saved: gs://gooutside-raw/weather/bamberg/2025-04-07T18:00:00+02:00.json
[2025-04-07T06:36:59.597+0000] {python.py:240} INFO - Done. Returned value was: None
[2025-04-07T06:36:59.611+0000] {taskinstance.py:341} INFO - ::group::Post task execution logs
[2025-04-07T06:36:59.611+0000] {taskinstance.py:353} INFO - Marking task as SUCCESS. dag_id=weather_ingestion_dag, task_id=ingest, run_id=scheduled__2025-04-07T05:00:00+00:00, execution_date=20250407T050000, start_date=20250407T063654, end_date=20250407T063659
[2025-04-07T06:36:59.667+0000] {local_task_job_runner.py:266} INFO - Task exited with return code 0
[2025-04-07T06:36:59.679+0000] {taskinstance.py:3901} INFO - 0 downstream tasks scheduled from follow-on schedule check
[2025-04-07T06:36:59.680+0000] {local_task_job_runner.py:245} INFO - ::endgroup::
