[2025-04-10T15:00:30.071+0000] {local_task_job_runner.py:123} INFO - ::group::Pre task execution logs
[2025-04-10T15:00:30.085+0000] {taskinstance.py:2614} INFO - Dependencies all met for dep_context=non-requeueable deps ti=<TaskInstance: air_ingestion_backfill_dag_simple.ingest scheduled__2025-04-09T21:00:00+00:00 [queued]>
[2025-04-10T15:00:30.092+0000] {taskinstance.py:2614} INFO - Dependencies all met for dep_context=requeueable deps ti=<TaskInstance: air_ingestion_backfill_dag_simple.ingest scheduled__2025-04-09T21:00:00+00:00 [queued]>
[2025-04-10T15:00:30.092+0000] {taskinstance.py:2867} INFO - Starting attempt 1 of 2
[2025-04-10T15:00:30.104+0000] {taskinstance.py:2890} INFO - Executing <Task(_PythonDecoratedOperator): ingest> on 2025-04-09 21:00:00+00:00
[2025-04-10T15:00:30.107+0000] {warnings.py:112} WARNING - /home/***/.local/lib/python3.12/site-packages/***/task/task_runner/standard_task_runner.py:70: DeprecationWarning: This process (pid=488) is multi-threaded, use of fork() may lead to deadlocks in the child.
  pid = os.fork()

[2025-04-10T15:00:30.108+0000] {standard_task_runner.py:72} INFO - Started process 494 to run task
[2025-04-10T15:00:30.109+0000] {standard_task_runner.py:104} INFO - Running: ['***', 'tasks', 'run', 'air_ingestion_backfill_dag_simple', 'ingest', 'scheduled__2025-04-09T21:00:00+00:00', '--job-id', '634', '--raw', '--subdir', 'DAGS_FOLDER/air_backfill_dag.py', '--cfg-path', '/tmp/tmp0ue4rgsj']
[2025-04-10T15:00:30.111+0000] {standard_task_runner.py:105} INFO - Job 634: Subtask ingest
[2025-04-10T15:00:30.161+0000] {task_command.py:467} INFO - Running <TaskInstance: air_ingestion_backfill_dag_simple.ingest scheduled__2025-04-09T21:00:00+00:00 [running]> on host 98acdd3c69ae
[2025-04-10T15:00:30.221+0000] {taskinstance.py:3134} INFO - Exporting env vars: AIRFLOW_CTX_DAG_OWNER='beni' AIRFLOW_CTX_DAG_ID='air_ingestion_backfill_dag_simple' AIRFLOW_CTX_TASK_ID='ingest' AIRFLOW_CTX_EXECUTION_DATE='2025-04-09T21:00:00+00:00' AIRFLOW_CTX_TRY_NUMBER='1' AIRFLOW_CTX_DAG_RUN_ID='scheduled__2025-04-09T21:00:00+00:00'
[2025-04-10T15:00:30.222+0000] {taskinstance.py:732} INFO - ::endgroup::
[2025-04-10T15:00:30.731+0000] {logging_mixin.py:190} INFO - ✅ Saved: gs://gooutside-raw/air/bamberg/2025-04-09T0600.json
[2025-04-10T15:00:31.062+0000] {logging_mixin.py:190} INFO - ✅ Saved: gs://gooutside-raw/air/bamberg/2025-04-09T0700.json
[2025-04-10T15:00:31.437+0000] {logging_mixin.py:190} INFO - ✅ Saved: gs://gooutside-raw/air/bamberg/2025-04-09T0800.json
[2025-04-10T15:00:31.775+0000] {logging_mixin.py:190} INFO - ✅ Saved: gs://gooutside-raw/air/bamberg/2025-04-09T0900.json
[2025-04-10T15:00:32.133+0000] {logging_mixin.py:190} INFO - ✅ Saved: gs://gooutside-raw/air/bamberg/2025-04-09T1000.json
[2025-04-10T15:00:32.478+0000] {logging_mixin.py:190} INFO - ✅ Saved: gs://gooutside-raw/air/bamberg/2025-04-09T1100.json
[2025-04-10T15:00:32.820+0000] {logging_mixin.py:190} INFO - ✅ Saved: gs://gooutside-raw/air/bamberg/2025-04-09T1200.json
[2025-04-10T15:00:33.160+0000] {logging_mixin.py:190} INFO - ✅ Saved: gs://gooutside-raw/air/bamberg/2025-04-09T1300.json
[2025-04-10T15:00:33.510+0000] {logging_mixin.py:190} INFO - ✅ Saved: gs://gooutside-raw/air/bamberg/2025-04-09T1400.json
[2025-04-10T15:00:33.836+0000] {logging_mixin.py:190} INFO - ✅ Saved: gs://gooutside-raw/air/bamberg/2025-04-09T1500.json
[2025-04-10T15:00:34.148+0000] {logging_mixin.py:190} INFO - ✅ Saved: gs://gooutside-raw/air/bamberg/2025-04-09T1600.json
[2025-04-10T15:00:34.503+0000] {logging_mixin.py:190} INFO - ✅ Saved: gs://gooutside-raw/air/bamberg/2025-04-09T1700.json
[2025-04-10T15:00:34.841+0000] {logging_mixin.py:190} INFO - ✅ Saved: gs://gooutside-raw/air/bamberg/2025-04-09T1800.json
[2025-04-10T15:00:35.191+0000] {logging_mixin.py:190} INFO - ✅ Saved: gs://gooutside-raw/air/bamberg/2025-04-09T1900.json
[2025-04-10T15:00:35.192+0000] {python.py:240} INFO - Done. Returned value was: None
[2025-04-10T15:00:35.209+0000] {taskinstance.py:341} INFO - ::group::Post task execution logs
[2025-04-10T15:00:35.209+0000] {taskinstance.py:353} INFO - Marking task as SUCCESS. dag_id=air_ingestion_backfill_dag_simple, task_id=ingest, run_id=scheduled__2025-04-09T21:00:00+00:00, execution_date=20250409T210000, start_date=20250410T150030, end_date=20250410T150035
[2025-04-10T15:00:35.286+0000] {local_task_job_runner.py:266} INFO - Task exited with return code 0
[2025-04-10T15:00:35.297+0000] {taskinstance.py:3901} INFO - 0 downstream tasks scheduled from follow-on schedule check
[2025-04-10T15:00:35.298+0000] {local_task_job_runner.py:245} INFO - ::endgroup::
