[2025-04-09T01:12:06.484+0000] {local_task_job_runner.py:123} INFO - ::group::Pre task execution logs
[2025-04-09T01:12:06.496+0000] {taskinstance.py:2614} INFO - Dependencies all met for dep_context=non-requeueable deps ti=<TaskInstance: weather_ingestion_dag.ingest scheduled__2025-04-09T00:00:00+00:00 [queued]>
[2025-04-09T01:12:06.500+0000] {taskinstance.py:2614} INFO - Dependencies all met for dep_context=requeueable deps ti=<TaskInstance: weather_ingestion_dag.ingest scheduled__2025-04-09T00:00:00+00:00 [queued]>
[2025-04-09T01:12:06.500+0000] {taskinstance.py:2867} INFO - Starting attempt 1 of 2
[2025-04-09T01:12:06.507+0000] {taskinstance.py:2890} INFO - Executing <Task(_PythonDecoratedOperator): ingest> on 2025-04-09 00:00:00+00:00
[2025-04-09T01:12:06.511+0000] {warnings.py:112} WARNING - /home/***/.local/lib/python3.12/site-packages/***/task/task_runner/standard_task_runner.py:70: DeprecationWarning: This process (pid=201) is multi-threaded, use of fork() may lead to deadlocks in the child.
  pid = os.fork()

[2025-04-09T01:12:06.512+0000] {standard_task_runner.py:72} INFO - Started process 202 to run task
[2025-04-09T01:12:06.512+0000] {standard_task_runner.py:104} INFO - Running: ['***', 'tasks', 'run', 'weather_ingestion_dag', 'ingest', 'scheduled__2025-04-09T00:00:00+00:00', '--job-id', '458', '--raw', '--subdir', 'DAGS_FOLDER/weather_ingestion_dag.py', '--cfg-path', '/tmp/tmp49vsds5x']
[2025-04-09T01:12:06.514+0000] {standard_task_runner.py:105} INFO - Job 458: Subtask ingest
[2025-04-09T01:12:06.550+0000] {task_command.py:467} INFO - Running <TaskInstance: weather_ingestion_dag.ingest scheduled__2025-04-09T00:00:00+00:00 [running]> on host 48eda3218d1e
[2025-04-09T01:12:06.601+0000] {taskinstance.py:3134} INFO - Exporting env vars: AIRFLOW_CTX_DAG_OWNER='beni' AIRFLOW_CTX_DAG_ID='weather_ingestion_dag' AIRFLOW_CTX_TASK_ID='ingest' AIRFLOW_CTX_EXECUTION_DATE='2025-04-09T00:00:00+00:00' AIRFLOW_CTX_TRY_NUMBER='1' AIRFLOW_CTX_DAG_RUN_ID='scheduled__2025-04-09T00:00:00+00:00'
[2025-04-09T01:12:06.603+0000] {taskinstance.py:732} INFO - ::endgroup::
[2025-04-09T01:12:07.287+0000] {logging_mixin.py:190} INFO - ✅ Saved: gs://gooutside-raw/weather/bamberg/2025-04-09T06:00:00+02:00.json
[2025-04-09T01:12:07.673+0000] {logging_mixin.py:190} INFO - ✅ Saved: gs://gooutside-raw/weather/bamberg/2025-04-09T07:00:00+02:00.json
[2025-04-09T01:12:08.044+0000] {logging_mixin.py:190} INFO - ✅ Saved: gs://gooutside-raw/weather/bamberg/2025-04-09T08:00:00+02:00.json
[2025-04-09T01:12:08.408+0000] {logging_mixin.py:190} INFO - ✅ Saved: gs://gooutside-raw/weather/bamberg/2025-04-09T09:00:00+02:00.json
[2025-04-09T01:12:08.789+0000] {logging_mixin.py:190} INFO - ✅ Saved: gs://gooutside-raw/weather/bamberg/2025-04-09T10:00:00+02:00.json
[2025-04-09T01:12:09.153+0000] {logging_mixin.py:190} INFO - ✅ Saved: gs://gooutside-raw/weather/bamberg/2025-04-09T11:00:00+02:00.json
[2025-04-09T01:12:09.523+0000] {logging_mixin.py:190} INFO - ✅ Saved: gs://gooutside-raw/weather/bamberg/2025-04-09T12:00:00+02:00.json
[2025-04-09T01:12:09.877+0000] {logging_mixin.py:190} INFO - ✅ Saved: gs://gooutside-raw/weather/bamberg/2025-04-09T13:00:00+02:00.json
[2025-04-09T01:12:10.233+0000] {logging_mixin.py:190} INFO - ✅ Saved: gs://gooutside-raw/weather/bamberg/2025-04-09T14:00:00+02:00.json
[2025-04-09T01:12:10.603+0000] {logging_mixin.py:190} INFO - ✅ Saved: gs://gooutside-raw/weather/bamberg/2025-04-09T15:00:00+02:00.json
[2025-04-09T01:12:10.961+0000] {logging_mixin.py:190} INFO - ✅ Saved: gs://gooutside-raw/weather/bamberg/2025-04-09T16:00:00+02:00.json
[2025-04-09T01:12:11.308+0000] {logging_mixin.py:190} INFO - ✅ Saved: gs://gooutside-raw/weather/bamberg/2025-04-09T17:00:00+02:00.json
[2025-04-09T01:12:11.676+0000] {logging_mixin.py:190} INFO - ✅ Saved: gs://gooutside-raw/weather/bamberg/2025-04-09T18:00:00+02:00.json
[2025-04-09T01:12:11.676+0000] {python.py:240} INFO - Done. Returned value was: None
[2025-04-09T01:12:11.687+0000] {taskinstance.py:341} INFO - ::group::Post task execution logs
[2025-04-09T01:12:11.688+0000] {taskinstance.py:353} INFO - Marking task as SUCCESS. dag_id=weather_ingestion_dag, task_id=ingest, run_id=scheduled__2025-04-09T00:00:00+00:00, execution_date=20250409T000000, start_date=20250409T011206, end_date=20250409T011211
[2025-04-09T01:12:11.729+0000] {local_task_job_runner.py:266} INFO - Task exited with return code 0
[2025-04-09T01:12:11.739+0000] {taskinstance.py:3901} INFO - 0 downstream tasks scheduled from follow-on schedule check
[2025-04-09T01:12:11.740+0000] {local_task_job_runner.py:245} INFO - ::endgroup::
