[2025-04-10T15:47:23.261+0000] {local_task_job_runner.py:123} INFO - ::group::Pre task execution logs
[2025-04-10T15:47:23.274+0000] {taskinstance.py:2614} INFO - Dependencies all met for dep_context=non-requeueable deps ti=<TaskInstance: weather_forecast_ingestion_dag.clean manual__2025-04-10T15:46:41.578319+00:00 [queued]>
[2025-04-10T15:47:23.279+0000] {taskinstance.py:2614} INFO - Dependencies all met for dep_context=requeueable deps ti=<TaskInstance: weather_forecast_ingestion_dag.clean manual__2025-04-10T15:46:41.578319+00:00 [queued]>
[2025-04-10T15:47:23.279+0000] {taskinstance.py:2867} INFO - Starting attempt 1 of 2
[2025-04-10T15:47:23.284+0000] {taskinstance.py:2890} INFO - Executing <Task(_PythonDecoratedOperator): clean> on 2025-04-10 15:46:41.578319+00:00
[2025-04-10T15:47:23.287+0000] {warnings.py:112} WARNING - /home/***/.local/lib/python3.12/site-packages/***/task/task_runner/standard_task_runner.py:70: DeprecationWarning: This process (pid=576) is multi-threaded, use of fork() may lead to deadlocks in the child.
  pid = os.fork()

[2025-04-10T15:47:23.289+0000] {standard_task_runner.py:72} INFO - Started process 577 to run task
[2025-04-10T15:47:23.290+0000] {standard_task_runner.py:104} INFO - Running: ['***', 'tasks', 'run', 'weather_forecast_ingestion_dag', 'clean', 'manual__2025-04-10T15:46:41.578319+00:00', '--job-id', '662', '--raw', '--subdir', 'DAGS_FOLDER/weather_forecast_ingestion_dag.py', '--cfg-path', '/tmp/tmpq729lxui']
[2025-04-10T15:47:23.292+0000] {standard_task_runner.py:105} INFO - Job 662: Subtask clean
[2025-04-10T15:47:23.329+0000] {task_command.py:467} INFO - Running <TaskInstance: weather_forecast_ingestion_dag.clean manual__2025-04-10T15:46:41.578319+00:00 [running]> on host 98acdd3c69ae
[2025-04-10T15:47:23.379+0000] {taskinstance.py:3134} INFO - Exporting env vars: AIRFLOW_CTX_DAG_OWNER='beni' AIRFLOW_CTX_DAG_ID='weather_forecast_ingestion_dag' AIRFLOW_CTX_TASK_ID='clean' AIRFLOW_CTX_EXECUTION_DATE='2025-04-10T15:46:41.578319+00:00' AIRFLOW_CTX_TRY_NUMBER='1' AIRFLOW_CTX_DAG_RUN_ID='manual__2025-04-10T15:46:41.578319+00:00'
[2025-04-10T15:47:23.381+0000] {taskinstance.py:732} INFO - ::endgroup::
[2025-04-10T15:47:23.763+0000] {logging_mixin.py:190} INFO - 🗑️ Deleting outdated forecast: weather_forecast/bamberg/2025-04-10T1100.json
[2025-04-10T15:47:23.961+0000] {logging_mixin.py:190} INFO - 🗑️ Deleting outdated forecast: weather_forecast/bamberg/2025-04-10T1200.json
[2025-04-10T15:47:24.016+0000] {logging_mixin.py:190} INFO - 🗑️ Deleting outdated forecast: weather_forecast/bamberg/2025-04-10T1300.json
[2025-04-10T15:47:24.071+0000] {logging_mixin.py:190} INFO - 🗑️ Deleting outdated forecast: weather_forecast/bamberg/2025-04-10T1400.json
[2025-04-10T15:47:24.127+0000] {logging_mixin.py:190} INFO - 🗑️ Deleting outdated forecast: weather_forecast/bamberg/2025-04-10T1500.json
[2025-04-10T15:47:24.186+0000] {python.py:240} INFO - Done. Returned value was: None
[2025-04-10T15:47:24.203+0000] {taskinstance.py:341} INFO - ::group::Post task execution logs
[2025-04-10T15:47:24.203+0000] {taskinstance.py:353} INFO - Marking task as SUCCESS. dag_id=weather_forecast_ingestion_dag, task_id=clean, run_id=manual__2025-04-10T15:46:41.578319+00:00, execution_date=20250410T154641, start_date=20250410T154723, end_date=20250410T154724
[2025-04-10T15:47:24.278+0000] {local_task_job_runner.py:266} INFO - Task exited with return code 0
[2025-04-10T15:47:24.294+0000] {taskinstance.py:3901} INFO - 0 downstream tasks scheduled from follow-on schedule check
[2025-04-10T15:47:24.296+0000] {local_task_job_runner.py:245} INFO - ::endgroup::
