[2025-04-09T14:06:05.539+0000] {local_task_job_runner.py:123} INFO - ::group::Pre task execution logs
[2025-04-09T14:06:05.549+0000] {taskinstance.py:2614} INFO - Dependencies all met for dep_context=non-requeueable deps ti=<TaskInstance: air_ingestion_dag.ingest manual__2025-04-09T14:06:04.825737+00:00 [queued]>
[2025-04-09T14:06:05.553+0000] {taskinstance.py:2614} INFO - Dependencies all met for dep_context=requeueable deps ti=<TaskInstance: air_ingestion_dag.ingest manual__2025-04-09T14:06:04.825737+00:00 [queued]>
[2025-04-09T14:06:05.553+0000] {taskinstance.py:2867} INFO - Starting attempt 1 of 2
[2025-04-09T14:06:05.558+0000] {taskinstance.py:2890} INFO - Executing <Task(_PythonDecoratedOperator): ingest> on 2025-04-09 14:06:04.825737+00:00
[2025-04-09T14:06:05.561+0000] {warnings.py:112} WARNING - /home/***/.local/lib/python3.12/site-packages/***/task/task_runner/standard_task_runner.py:70: DeprecationWarning: This process (pid=84) is multi-threaded, use of fork() may lead to deadlocks in the child.
  pid = os.fork()

[2025-04-09T14:06:05.563+0000] {standard_task_runner.py:72} INFO - Started process 85 to run task
[2025-04-09T14:06:05.563+0000] {standard_task_runner.py:104} INFO - Running: ['***', 'tasks', 'run', 'air_ingestion_dag', 'ingest', 'manual__2025-04-09T14:06:04.825737+00:00', '--job-id', '500', '--raw', '--subdir', 'DAGS_FOLDER/air_ingestion_dag.py', '--cfg-path', '/tmp/tmptbd6kh2n']
[2025-04-09T14:06:05.565+0000] {standard_task_runner.py:105} INFO - Job 500: Subtask ingest
[2025-04-09T14:06:05.598+0000] {task_command.py:467} INFO - Running <TaskInstance: air_ingestion_dag.ingest manual__2025-04-09T14:06:04.825737+00:00 [running]> on host 98acdd3c69ae
[2025-04-09T14:06:05.648+0000] {taskinstance.py:3134} INFO - Exporting env vars: AIRFLOW_CTX_DAG_OWNER='beni' AIRFLOW_CTX_DAG_ID='air_ingestion_dag' AIRFLOW_CTX_TASK_ID='ingest' AIRFLOW_CTX_EXECUTION_DATE='2025-04-09T14:06:04.825737+00:00' AIRFLOW_CTX_TRY_NUMBER='1' AIRFLOW_CTX_DAG_RUN_ID='manual__2025-04-09T14:06:04.825737+00:00'
[2025-04-09T14:06:05.650+0000] {taskinstance.py:732} INFO - ::endgroup::
[2025-04-09T14:06:05.651+0000] {air_ingestion_dag.py:29} INFO - ⏱ Current UTC hour: 2025-04-09T14:00:00+00:00
[2025-04-09T14:06:05.878+0000] {air_ingestion_dag.py:44} INFO - 📦 Parsed 6 entries, found 0 matching the current hour
[2025-04-09T14:06:05.879+0000] {python.py:240} INFO - Done. Returned value was: None
[2025-04-09T14:06:05.894+0000] {taskinstance.py:341} INFO - ::group::Post task execution logs
[2025-04-09T14:06:05.895+0000] {taskinstance.py:353} INFO - Marking task as SUCCESS. dag_id=air_ingestion_dag, task_id=ingest, run_id=manual__2025-04-09T14:06:04.825737+00:00, execution_date=20250409T140604, start_date=20250409T140605, end_date=20250409T140605
[2025-04-09T14:06:05.962+0000] {local_task_job_runner.py:266} INFO - Task exited with return code 0
[2025-04-09T14:06:05.979+0000] {taskinstance.py:3901} INFO - 0 downstream tasks scheduled from follow-on schedule check
[2025-04-09T14:06:05.980+0000] {local_task_job_runner.py:245} INFO - ::endgroup::
