[2025-04-09T14:11:08.258+0000] {local_task_job_runner.py:123} INFO - ::group::Pre task execution logs
[2025-04-09T14:11:08.270+0000] {taskinstance.py:2614} INFO - Dependencies all met for dep_context=non-requeueable deps ti=<TaskInstance: pollen_ingestion_dag.ingest manual__2025-04-09T14:11:07.173808+00:00 [queued]>
[2025-04-09T14:11:08.274+0000] {taskinstance.py:2614} INFO - Dependencies all met for dep_context=requeueable deps ti=<TaskInstance: pollen_ingestion_dag.ingest manual__2025-04-09T14:11:07.173808+00:00 [queued]>
[2025-04-09T14:11:08.275+0000] {taskinstance.py:2867} INFO - Starting attempt 1 of 2
[2025-04-09T14:11:08.282+0000] {taskinstance.py:2890} INFO - Executing <Task(_PythonDecoratedOperator): ingest> on 2025-04-09 14:11:07.173808+00:00
[2025-04-09T14:11:08.284+0000] {warnings.py:112} WARNING - /home/***/.local/lib/python3.12/site-packages/***/task/task_runner/standard_task_runner.py:70: DeprecationWarning: This process (pid=87) is multi-threaded, use of fork() may lead to deadlocks in the child.
  pid = os.fork()

[2025-04-09T14:11:08.286+0000] {standard_task_runner.py:72} INFO - Started process 88 to run task
[2025-04-09T14:11:08.286+0000] {standard_task_runner.py:104} INFO - Running: ['***', 'tasks', 'run', 'pollen_ingestion_dag', 'ingest', 'manual__2025-04-09T14:11:07.173808+00:00', '--job-id', '501', '--raw', '--subdir', 'DAGS_FOLDER/pollen_ingestion_dag.py', '--cfg-path', '/tmp/tmpu5url8um']
[2025-04-09T14:11:08.288+0000] {standard_task_runner.py:105} INFO - Job 501: Subtask ingest
[2025-04-09T14:11:08.324+0000] {task_command.py:467} INFO - Running <TaskInstance: pollen_ingestion_dag.ingest manual__2025-04-09T14:11:07.173808+00:00 [running]> on host 98acdd3c69ae
[2025-04-09T14:11:08.371+0000] {taskinstance.py:3134} INFO - Exporting env vars: AIRFLOW_CTX_DAG_OWNER='beni' AIRFLOW_CTX_DAG_ID='pollen_ingestion_dag' AIRFLOW_CTX_TASK_ID='ingest' AIRFLOW_CTX_EXECUTION_DATE='2025-04-09T14:11:07.173808+00:00' AIRFLOW_CTX_TRY_NUMBER='1' AIRFLOW_CTX_DAG_RUN_ID='manual__2025-04-09T14:11:07.173808+00:00'
[2025-04-09T14:11:08.372+0000] {taskinstance.py:732} INFO - ::endgroup::
[2025-04-09T14:11:08.506+0000] {pollen_ingestion_dag.py:35} INFO - 🌼 Pollen forecast for bamberg on 2025-04-09
[2025-04-09T14:11:08.506+0000] {pollen_ingestion_dag.py:36} INFO -    Region: Bayern nördl. der Donau, o. Bayr. Wald, o. Mainfranken (slug: bayern_nord)
[2025-04-09T14:11:08.507+0000] {pollen_ingestion_dag.py:37} INFO -    8 pollen types found
[2025-04-09T14:11:08.507+0000] {pollen_ingestion_dag.py:39} INFO -      - Birke: 2
[2025-04-09T14:11:08.507+0000] {pollen_ingestion_dag.py:39} INFO -      - Ambrosia: 0
[2025-04-09T14:11:08.507+0000] {pollen_ingestion_dag.py:39} INFO -      - Roggen: 0
[2025-04-09T14:11:08.508+0000] {pollen_ingestion_dag.py:39} INFO -      - Erle: 0-1
[2025-04-09T14:11:08.508+0000] {pollen_ingestion_dag.py:39} INFO -      - Beifuss: 0
[2025-04-09T14:11:08.508+0000] {pollen_ingestion_dag.py:39} INFO -      - Graeser: 0
[2025-04-09T14:11:08.508+0000] {pollen_ingestion_dag.py:39} INFO -      - Esche: 3
[2025-04-09T14:11:08.509+0000] {pollen_ingestion_dag.py:39} INFO -      - Hasel: 0
[2025-04-09T14:11:08.921+0000] {logging_mixin.py:190} INFO - ✅ Saved: gs://gooutside-raw/pollen/bayern_nord/2025-04-09.json
[2025-04-09T14:11:08.921+0000] {pollen_ingestion_dag.py:42} INFO - ✅ Saved entry to GCS for 2025-04-09
[2025-04-09T14:11:08.922+0000] {python.py:240} INFO - Done. Returned value was: None
[2025-04-09T14:11:08.938+0000] {taskinstance.py:341} INFO - ::group::Post task execution logs
[2025-04-09T14:11:08.939+0000] {taskinstance.py:353} INFO - Marking task as SUCCESS. dag_id=pollen_ingestion_dag, task_id=ingest, run_id=manual__2025-04-09T14:11:07.173808+00:00, execution_date=20250409T141107, start_date=20250409T141108, end_date=20250409T141108
[2025-04-09T14:11:08.982+0000] {local_task_job_runner.py:266} INFO - Task exited with return code 0
[2025-04-09T14:11:08.993+0000] {taskinstance.py:3901} INFO - 0 downstream tasks scheduled from follow-on schedule check
[2025-04-09T14:11:08.994+0000] {local_task_job_runner.py:245} INFO - ::endgroup::
