[2025-04-12T18:03:48.931+0000] {local_task_job_runner.py:123} INFO - ::group::Pre task execution logs
[2025-04-12T18:03:48.944+0000] {taskinstance.py:2614} INFO - Dependencies all met for dep_context=non-requeueable deps ti=<TaskInstance: air_ingestion_dag.ingest scheduled__2025-04-12T17:00:00+00:00 [queued]>
[2025-04-12T18:03:48.951+0000] {taskinstance.py:2614} INFO - Dependencies all met for dep_context=requeueable deps ti=<TaskInstance: air_ingestion_dag.ingest scheduled__2025-04-12T17:00:00+00:00 [queued]>
[2025-04-12T18:03:48.952+0000] {taskinstance.py:2867} INFO - Starting attempt 1 of 2
[2025-04-12T18:03:48.961+0000] {taskinstance.py:2890} INFO - Executing <Task(_PythonDecoratedOperator): ingest> on 2025-04-12 17:00:00+00:00
[2025-04-12T18:03:48.965+0000] {warnings.py:112} WARNING - /home/***/.local/lib/python3.12/site-packages/***/task/task_runner/standard_task_runner.py:70: DeprecationWarning: This process (pid=229) is multi-threaded, use of fork() may lead to deadlocks in the child.
  pid = os.fork()

[2025-04-12T18:03:48.967+0000] {standard_task_runner.py:72} INFO - Started process 233 to run task
[2025-04-12T18:03:48.967+0000] {standard_task_runner.py:104} INFO - Running: ['***', 'tasks', 'run', 'air_ingestion_dag', 'ingest', 'scheduled__2025-04-12T17:00:00+00:00', '--job-id', '827', '--raw', '--subdir', 'DAGS_FOLDER/air_ingestion_dag.py', '--cfg-path', '/tmp/tmpce36c65e']
[2025-04-12T18:03:48.969+0000] {standard_task_runner.py:105} INFO - Job 827: Subtask ingest
[2025-04-12T18:03:49.009+0000] {task_command.py:467} INFO - Running <TaskInstance: air_ingestion_dag.ingest scheduled__2025-04-12T17:00:00+00:00 [running]> on host caedfbfc7792
[2025-04-12T18:03:49.087+0000] {taskinstance.py:3134} INFO - Exporting env vars: AIRFLOW_CTX_DAG_OWNER='beni' AIRFLOW_CTX_DAG_ID='air_ingestion_dag' AIRFLOW_CTX_TASK_ID='ingest' AIRFLOW_CTX_EXECUTION_DATE='2025-04-12T17:00:00+00:00' AIRFLOW_CTX_TRY_NUMBER='1' AIRFLOW_CTX_DAG_RUN_ID='scheduled__2025-04-12T17:00:00+00:00'
[2025-04-12T18:03:49.089+0000] {taskinstance.py:732} INFO - ::endgroup::
[2025-04-12T18:03:49.091+0000] {air_ingestion_dag.py:30} INFO - 📅 Fetching UBA data for MEZ day: 2025-04-12
[2025-04-12T18:03:49.766+0000] {air_ingestion_dag.py:40} INFO - 📦 Parsed 11 entries
[2025-04-12T18:03:49.766+0000] {air_ingestion_dag.py:43} INFO - 💾 Saving air entry for 2025-04-12T04:00:00+00:00
[2025-04-12T18:03:50.392+0000] {logging_mixin.py:190} INFO - ✅ Saved: gs://gooutside-raw/air/bamberg/2025-04-12T0400.json
[2025-04-12T18:03:50.393+0000] {air_ingestion_dag.py:43} INFO - 💾 Saving air entry for 2025-04-12T05:00:00+00:00
[2025-04-12T18:03:50.726+0000] {logging_mixin.py:190} INFO - ✅ Saved: gs://gooutside-raw/air/bamberg/2025-04-12T0500.json
[2025-04-12T18:03:50.726+0000] {air_ingestion_dag.py:43} INFO - 💾 Saving air entry for 2025-04-12T06:00:00+00:00
[2025-04-12T18:03:51.099+0000] {logging_mixin.py:190} INFO - ✅ Saved: gs://gooutside-raw/air/bamberg/2025-04-12T0600.json
[2025-04-12T18:03:51.100+0000] {air_ingestion_dag.py:43} INFO - 💾 Saving air entry for 2025-04-12T07:00:00+00:00
[2025-04-12T18:03:51.452+0000] {logging_mixin.py:190} INFO - ✅ Saved: gs://gooutside-raw/air/bamberg/2025-04-12T0700.json
[2025-04-12T18:03:51.452+0000] {air_ingestion_dag.py:43} INFO - 💾 Saving air entry for 2025-04-12T08:00:00+00:00
[2025-04-12T18:03:51.787+0000] {logging_mixin.py:190} INFO - ✅ Saved: gs://gooutside-raw/air/bamberg/2025-04-12T0800.json
[2025-04-12T18:03:51.787+0000] {air_ingestion_dag.py:43} INFO - 💾 Saving air entry for 2025-04-12T09:00:00+00:00
[2025-04-12T18:03:52.138+0000] {logging_mixin.py:190} INFO - ✅ Saved: gs://gooutside-raw/air/bamberg/2025-04-12T0900.json
[2025-04-12T18:03:52.139+0000] {air_ingestion_dag.py:43} INFO - 💾 Saving air entry for 2025-04-12T10:00:00+00:00
[2025-04-12T18:03:52.483+0000] {logging_mixin.py:190} INFO - ✅ Saved: gs://gooutside-raw/air/bamberg/2025-04-12T1000.json
[2025-04-12T18:03:52.483+0000] {air_ingestion_dag.py:43} INFO - 💾 Saving air entry for 2025-04-12T11:00:00+00:00
[2025-04-12T18:03:52.838+0000] {logging_mixin.py:190} INFO - ✅ Saved: gs://gooutside-raw/air/bamberg/2025-04-12T1100.json
[2025-04-12T18:03:52.842+0000] {air_ingestion_dag.py:43} INFO - 💾 Saving air entry for 2025-04-12T12:00:00+00:00
[2025-04-12T18:03:53.201+0000] {logging_mixin.py:190} INFO - ✅ Saved: gs://gooutside-raw/air/bamberg/2025-04-12T1200.json
[2025-04-12T18:03:53.201+0000] {air_ingestion_dag.py:43} INFO - 💾 Saving air entry for 2025-04-12T13:00:00+00:00
[2025-04-12T18:03:53.528+0000] {logging_mixin.py:190} INFO - ✅ Saved: gs://gooutside-raw/air/bamberg/2025-04-12T1300.json
[2025-04-12T18:03:53.529+0000] {air_ingestion_dag.py:43} INFO - 💾 Saving air entry for 2025-04-12T14:00:00+00:00
[2025-04-12T18:03:53.887+0000] {logging_mixin.py:190} INFO - ✅ Saved: gs://gooutside-raw/air/bamberg/2025-04-12T1400.json
[2025-04-12T18:03:53.892+0000] {python.py:240} INFO - Done. Returned value was: None
[2025-04-12T18:03:53.913+0000] {taskinstance.py:341} INFO - ::group::Post task execution logs
[2025-04-12T18:03:53.915+0000] {taskinstance.py:353} INFO - Marking task as SUCCESS. dag_id=air_ingestion_dag, task_id=ingest, run_id=scheduled__2025-04-12T17:00:00+00:00, execution_date=20250412T170000, start_date=20250412T180348, end_date=20250412T180353
[2025-04-12T18:03:53.976+0000] {local_task_job_runner.py:266} INFO - Task exited with return code 0
[2025-04-12T18:03:53.994+0000] {taskinstance.py:3901} INFO - 0 downstream tasks scheduled from follow-on schedule check
[2025-04-12T18:03:53.995+0000] {local_task_job_runner.py:245} INFO - ::endgroup::
