[2025-04-08T14:37:03.512+0000] {local_task_job_runner.py:123} INFO - ::group::Pre task execution logs
[2025-04-08T14:37:03.590+0000] {taskinstance.py:2614} INFO - Dependencies all met for dep_context=non-requeueable deps ti=<TaskInstance: air_ingestion_dag.ingest backfill__2024-01-03T04:00:00+00:00 [queued]>
[2025-04-08T14:37:03.603+0000] {taskinstance.py:2614} INFO - Dependencies all met for dep_context=requeueable deps ti=<TaskInstance: air_ingestion_dag.ingest backfill__2024-01-03T04:00:00+00:00 [queued]>
[2025-04-08T14:37:03.605+0000] {taskinstance.py:2867} INFO - Starting attempt 1 of 2
[2025-04-08T14:37:03.645+0000] {taskinstance.py:2890} INFO - Executing <Task(_PythonDecoratedOperator): ingest> on 2024-01-03 04:00:00+00:00
[2025-04-08T14:37:03.675+0000] {warnings.py:112} WARNING - /home/***/.local/lib/python3.12/site-packages/***/task/task_runner/standard_task_runner.py:70: DeprecationWarning: This process (pid=225) is multi-threaded, use of fork() may lead to deadlocks in the child.
  pid = os.fork()

[2025-04-08T14:37:03.678+0000] {standard_task_runner.py:72} INFO - Started process 250 to run task
[2025-04-08T14:37:03.679+0000] {standard_task_runner.py:104} INFO - Running: ['***', 'tasks', 'run', 'air_ingestion_dag', 'ingest', 'backfill__2024-01-03T04:00:00+00:00', '--job-id', '355', '--pool', 'default_pool', '--raw', '--subdir', 'DAGS_FOLDER/air_ingestion_dag.py', '--cfg-path', '/tmp/tmp8ybjch6_']
[2025-04-08T14:37:03.686+0000] {standard_task_runner.py:105} INFO - Job 355: Subtask ingest
[2025-04-08T14:37:03.917+0000] {task_command.py:467} INFO - Running <TaskInstance: air_ingestion_dag.ingest backfill__2024-01-03T04:00:00+00:00 [running]> on host ef6176db86b3
[2025-04-08T14:37:04.208+0000] {taskinstance.py:3134} INFO - Exporting env vars: AIRFLOW_CTX_DAG_OWNER='beni' AIRFLOW_CTX_DAG_ID='air_ingestion_dag' AIRFLOW_CTX_TASK_ID='ingest' AIRFLOW_CTX_EXECUTION_DATE='2024-01-03T04:00:00+00:00' AIRFLOW_CTX_TRY_NUMBER='1' AIRFLOW_CTX_DAG_RUN_ID='backfill__2024-01-03T04:00:00+00:00'
[2025-04-08T14:37:04.212+0000] {taskinstance.py:732} INFO - ::endgroup::
[2025-04-08T14:37:04.216+0000] {logging_mixin.py:190} INFO - ⏰ Running for local time: 2024-01-03T05:00:00+01:00 (UTC: 2024-01-03T04:00:00+00:00)
[2025-04-08T14:37:04.217+0000] {logging_mixin.py:190} INFO - ⏭️ Skipping run at 2024-01-03T05:00:00+01:00 – outside ingestion window
[2025-04-08T14:37:04.219+0000] {python.py:240} INFO - Done. Returned value was: None
[2025-04-08T14:37:04.279+0000] {taskinstance.py:341} INFO - ::group::Post task execution logs
[2025-04-08T14:37:04.281+0000] {taskinstance.py:353} INFO - Marking task as SUCCESS. dag_id=air_ingestion_dag, task_id=ingest, run_id=backfill__2024-01-03T04:00:00+00:00, execution_date=20240103T040000, start_date=20250408T143703, end_date=20250408T143704
[2025-04-08T14:37:04.376+0000] {local_task_job_runner.py:266} INFO - Task exited with return code 0
[2025-04-08T14:37:04.399+0000] {taskinstance.py:3901} INFO - 0 downstream tasks scheduled from follow-on schedule check
[2025-04-08T14:37:04.404+0000] {local_task_job_runner.py:245} INFO - ::endgroup::
