[2025-04-13T21:04:53.805+0000] {local_task_job_runner.py:123} INFO - ::group::Pre task execution logs
[2025-04-13T21:04:53.825+0000] {taskinstance.py:2614} INFO - Dependencies all met for dep_context=non-requeueable deps ti=<TaskInstance: weather_ingestion_dag.ingest scheduled__2025-04-13T20:00:00+00:00 [queued]>
[2025-04-13T21:04:53.833+0000] {taskinstance.py:2614} INFO - Dependencies all met for dep_context=requeueable deps ti=<TaskInstance: weather_ingestion_dag.ingest scheduled__2025-04-13T20:00:00+00:00 [queued]>
[2025-04-13T21:04:53.834+0000] {taskinstance.py:2867} INFO - Starting attempt 1 of 2
[2025-04-13T21:04:53.842+0000] {taskinstance.py:2890} INFO - Executing <Task(_PythonDecoratedOperator): ingest> on 2025-04-13 20:00:00+00:00
[2025-04-13T21:04:53.850+0000] {warnings.py:112} WARNING - /home/***/.local/lib/python3.12/site-packages/***/task/task_runner/standard_task_runner.py:70: DeprecationWarning: This process (pid=578) is multi-threaded, use of fork() may lead to deadlocks in the child.
  pid = os.fork()

[2025-04-13T21:04:53.852+0000] {standard_task_runner.py:72} INFO - Started process 581 to run task
[2025-04-13T21:04:53.851+0000] {standard_task_runner.py:104} INFO - Running: ['***', 'tasks', 'run', 'weather_ingestion_dag', 'ingest', 'scheduled__2025-04-13T20:00:00+00:00', '--job-id', '942', '--raw', '--subdir', 'DAGS_FOLDER/weather_ingestion_dag.py', '--cfg-path', '/tmp/tmpp_cpjf76']
[2025-04-13T21:04:53.854+0000] {standard_task_runner.py:105} INFO - Job 942: Subtask ingest
[2025-04-13T21:04:53.897+0000] {task_command.py:467} INFO - Running <TaskInstance: weather_ingestion_dag.ingest scheduled__2025-04-13T20:00:00+00:00 [running]> on host caedfbfc7792
[2025-04-13T21:04:53.968+0000] {taskinstance.py:3134} INFO - Exporting env vars: AIRFLOW_CTX_DAG_OWNER='beni' AIRFLOW_CTX_DAG_ID='weather_ingestion_dag' AIRFLOW_CTX_TASK_ID='ingest' AIRFLOW_CTX_EXECUTION_DATE='2025-04-13T20:00:00+00:00' AIRFLOW_CTX_TRY_NUMBER='1' AIRFLOW_CTX_DAG_RUN_ID='scheduled__2025-04-13T20:00:00+00:00'
[2025-04-13T21:04:53.970+0000] {taskinstance.py:732} INFO - ::endgroup::
[2025-04-13T21:04:53.971+0000] {weather_ingestion_dag.py:31} INFO - 🌍 Current UTC hour: 2025-04-13T21:00:00+00:00
[2025-04-13T21:04:54.753+0000] {weather_ingestion_dag.py:38} INFO - ⏱ Found 0 matching entries for this hour
[2025-04-13T21:04:54.754+0000] {python.py:240} INFO - Done. Returned value was: None
[2025-04-13T21:04:54.780+0000] {taskinstance.py:341} INFO - ::group::Post task execution logs
[2025-04-13T21:04:54.781+0000] {taskinstance.py:353} INFO - Marking task as SUCCESS. dag_id=weather_ingestion_dag, task_id=ingest, run_id=scheduled__2025-04-13T20:00:00+00:00, execution_date=20250413T200000, start_date=20250413T210453, end_date=20250413T210454
[2025-04-13T21:04:54.837+0000] {local_task_job_runner.py:266} INFO - Task exited with return code 0
[2025-04-13T21:04:54.853+0000] {taskinstance.py:3901} INFO - 0 downstream tasks scheduled from follow-on schedule check
[2025-04-13T21:04:54.854+0000] {local_task_job_runner.py:245} INFO - ::endgroup::
