[2025-04-05T22:32:38.103+0000] {local_task_job_runner.py:123} INFO - ::group::Pre task execution logs
[2025-04-05T22:32:38.114+0000] {taskinstance.py:2614} INFO - Dependencies all met for dep_context=non-requeueable deps ti=<TaskInstance: air_ingestion_dag.ingest scheduled__2025-04-05T21:00:00+00:00 [queued]>
[2025-04-05T22:32:38.120+0000] {taskinstance.py:2614} INFO - Dependencies all met for dep_context=requeueable deps ti=<TaskInstance: air_ingestion_dag.ingest scheduled__2025-04-05T21:00:00+00:00 [queued]>
[2025-04-05T22:32:38.120+0000] {taskinstance.py:2867} INFO - Starting attempt 1 of 2
[2025-04-05T22:32:38.127+0000] {taskinstance.py:2890} INFO - Executing <Task(_PythonDecoratedOperator): ingest> on 2025-04-05 21:00:00+00:00
[2025-04-05T22:32:38.132+0000] {warnings.py:112} WARNING - /home/***/.local/lib/python3.12/site-packages/***/task/task_runner/standard_task_runner.py:70: DeprecationWarning: This process (pid=129) is multi-threaded, use of fork() may lead to deadlocks in the child.
  pid = os.fork()

[2025-04-05T22:32:38.133+0000] {standard_task_runner.py:72} INFO - Started process 131 to run task
[2025-04-05T22:32:38.134+0000] {standard_task_runner.py:104} INFO - Running: ['***', 'tasks', 'run', 'air_ingestion_dag', 'ingest', 'scheduled__2025-04-05T21:00:00+00:00', '--job-id', '140', '--raw', '--subdir', 'DAGS_FOLDER/air_ingestion_dag.py', '--cfg-path', '/tmp/tmprxmayklp']
[2025-04-05T22:32:38.135+0000] {standard_task_runner.py:105} INFO - Job 140: Subtask ingest
[2025-04-05T22:32:38.191+0000] {task_command.py:467} INFO - Running <TaskInstance: air_ingestion_dag.ingest scheduled__2025-04-05T21:00:00+00:00 [running]> on host 242fb041fbeb
[2025-04-05T22:32:38.255+0000] {taskinstance.py:3134} INFO - Exporting env vars: AIRFLOW_CTX_DAG_OWNER='beni' AIRFLOW_CTX_DAG_ID='air_ingestion_dag' AIRFLOW_CTX_TASK_ID='ingest' AIRFLOW_CTX_EXECUTION_DATE='2025-04-05T21:00:00+00:00' AIRFLOW_CTX_TRY_NUMBER='1' AIRFLOW_CTX_DAG_RUN_ID='scheduled__2025-04-05T21:00:00+00:00'
[2025-04-05T22:32:38.259+0000] {taskinstance.py:732} INFO - ::endgroup::
[2025-04-05T22:32:39.325+0000] {logging_mixin.py:190} INFO - ✅ Saved: gs://gooutside-raw/air/bamberg/2025-04-05 05:00:00.json
[2025-04-05T22:32:39.658+0000] {logging_mixin.py:190} INFO - ✅ Saved: gs://gooutside-raw/air/bamberg/2025-04-05 06:00:00.json
[2025-04-05T22:32:40.009+0000] {logging_mixin.py:190} INFO - ✅ Saved: gs://gooutside-raw/air/bamberg/2025-04-05 07:00:00.json
[2025-04-05T22:32:40.348+0000] {logging_mixin.py:190} INFO - ✅ Saved: gs://gooutside-raw/air/bamberg/2025-04-05 08:00:00.json
[2025-04-05T22:32:40.693+0000] {logging_mixin.py:190} INFO - ✅ Saved: gs://gooutside-raw/air/bamberg/2025-04-05 09:00:00.json
[2025-04-05T22:32:41.051+0000] {logging_mixin.py:190} INFO - ✅ Saved: gs://gooutside-raw/air/bamberg/2025-04-05 10:00:00.json
[2025-04-05T22:32:41.404+0000] {logging_mixin.py:190} INFO - ✅ Saved: gs://gooutside-raw/air/bamberg/2025-04-05 11:00:00.json
[2025-04-05T22:32:41.764+0000] {logging_mixin.py:190} INFO - ✅ Saved: gs://gooutside-raw/air/bamberg/2025-04-05 12:00:00.json
[2025-04-05T22:32:42.135+0000] {logging_mixin.py:190} INFO - ✅ Saved: gs://gooutside-raw/air/bamberg/2025-04-05 13:00:00.json
[2025-04-05T22:32:42.509+0000] {logging_mixin.py:190} INFO - ✅ Saved: gs://gooutside-raw/air/bamberg/2025-04-05 14:00:00.json
[2025-04-05T22:32:42.838+0000] {logging_mixin.py:190} INFO - ✅ Saved: gs://gooutside-raw/air/bamberg/2025-04-05 15:00:00.json
[2025-04-05T22:32:43.208+0000] {logging_mixin.py:190} INFO - ✅ Saved: gs://gooutside-raw/air/bamberg/2025-04-05 16:00:00.json
[2025-04-05T22:32:43.580+0000] {logging_mixin.py:190} INFO - ✅ Saved: gs://gooutside-raw/air/bamberg/2025-04-05 17:00:00.json
[2025-04-05T22:32:43.581+0000] {python.py:240} INFO - Done. Returned value was: None
[2025-04-05T22:32:43.594+0000] {taskinstance.py:341} INFO - ::group::Post task execution logs
[2025-04-05T22:32:43.594+0000] {taskinstance.py:353} INFO - Marking task as SUCCESS. dag_id=air_ingestion_dag, task_id=ingest, run_id=scheduled__2025-04-05T21:00:00+00:00, execution_date=20250405T210000, start_date=20250405T223238, end_date=20250405T223243
[2025-04-05T22:32:43.633+0000] {local_task_job_runner.py:266} INFO - Task exited with return code 0
[2025-04-05T22:32:43.644+0000] {taskinstance.py:3901} INFO - 0 downstream tasks scheduled from follow-on schedule check
[2025-04-05T22:32:43.645+0000] {local_task_job_runner.py:245} INFO - ::endgroup::
