[2025-04-10T18:03:22.335+0000] {local_task_job_runner.py:123} INFO - ::group::Pre task execution logs
[2025-04-10T18:03:22.348+0000] {taskinstance.py:2614} INFO - Dependencies all met for dep_context=non-requeueable deps ti=<TaskInstance: air_ingestion_dag.ingest scheduled__2025-04-10T17:00:00+00:00 [queued]>
[2025-04-10T18:03:22.352+0000] {taskinstance.py:2614} INFO - Dependencies all met for dep_context=requeueable deps ti=<TaskInstance: air_ingestion_dag.ingest scheduled__2025-04-10T17:00:00+00:00 [queued]>
[2025-04-10T18:03:22.353+0000] {taskinstance.py:2867} INFO - Starting attempt 1 of 2
[2025-04-10T18:03:22.359+0000] {taskinstance.py:2890} INFO - Executing <Task(_PythonDecoratedOperator): ingest> on 2025-04-10 17:00:00+00:00
[2025-04-10T18:03:22.362+0000] {warnings.py:112} WARNING - /home/***/.local/lib/python3.12/site-packages/***/task/task_runner/standard_task_runner.py:70: DeprecationWarning: This process (pid=603) is multi-threaded, use of fork() may lead to deadlocks in the child.
  pid = os.fork()

[2025-04-10T18:03:22.364+0000] {standard_task_runner.py:72} INFO - Started process 606 to run task
[2025-04-10T18:03:22.364+0000] {standard_task_runner.py:104} INFO - Running: ['***', 'tasks', 'run', 'air_ingestion_dag', 'ingest', 'scheduled__2025-04-10T17:00:00+00:00', '--job-id', '671', '--raw', '--subdir', 'DAGS_FOLDER/air_ingestion_dag.py', '--cfg-path', '/tmp/tmprj4qjcx1']
[2025-04-10T18:03:22.367+0000] {standard_task_runner.py:105} INFO - Job 671: Subtask ingest
[2025-04-10T18:03:22.447+0000] {task_command.py:467} INFO - Running <TaskInstance: air_ingestion_dag.ingest scheduled__2025-04-10T17:00:00+00:00 [running]> on host 98acdd3c69ae
[2025-04-10T18:03:22.522+0000] {taskinstance.py:3134} INFO - Exporting env vars: AIRFLOW_CTX_DAG_OWNER='beni' AIRFLOW_CTX_DAG_ID='air_ingestion_dag' AIRFLOW_CTX_TASK_ID='ingest' AIRFLOW_CTX_EXECUTION_DATE='2025-04-10T17:00:00+00:00' AIRFLOW_CTX_TRY_NUMBER='1' AIRFLOW_CTX_DAG_RUN_ID='scheduled__2025-04-10T17:00:00+00:00'
[2025-04-10T18:03:22.524+0000] {taskinstance.py:732} INFO - ::endgroup::
[2025-04-10T18:03:22.525+0000] {air_ingestion_dag.py:30} INFO - 📅 Fetching UBA data for MEZ day: 2025-04-10
[2025-04-10T18:03:22.751+0000] {air_ingestion_dag.py:40} INFO - 📦 Parsed 9 entries
[2025-04-10T18:03:22.751+0000] {air_ingestion_dag.py:43} INFO - 💾 Saving air entry for 2025-04-10T06:00:00+00:00
[2025-04-10T18:03:23.115+0000] {logging_mixin.py:190} INFO - ✅ Saved: gs://gooutside-raw/air/bamberg/2025-04-10T0600.json
[2025-04-10T18:03:23.116+0000] {air_ingestion_dag.py:43} INFO - 💾 Saving air entry for 2025-04-10T07:00:00+00:00
[2025-04-10T18:03:23.460+0000] {logging_mixin.py:190} INFO - ✅ Saved: gs://gooutside-raw/air/bamberg/2025-04-10T0700.json
[2025-04-10T18:03:23.460+0000] {air_ingestion_dag.py:43} INFO - 💾 Saving air entry for 2025-04-10T08:00:00+00:00
[2025-04-10T18:03:23.864+0000] {logging_mixin.py:190} INFO - ✅ Saved: gs://gooutside-raw/air/bamberg/2025-04-10T0800.json
[2025-04-10T18:03:23.865+0000] {air_ingestion_dag.py:43} INFO - 💾 Saving air entry for 2025-04-10T09:00:00+00:00
[2025-04-10T18:03:24.242+0000] {logging_mixin.py:190} INFO - ✅ Saved: gs://gooutside-raw/air/bamberg/2025-04-10T0900.json
[2025-04-10T18:03:24.242+0000] {air_ingestion_dag.py:43} INFO - 💾 Saving air entry for 2025-04-10T10:00:00+00:00
[2025-04-10T18:03:24.582+0000] {logging_mixin.py:190} INFO - ✅ Saved: gs://gooutside-raw/air/bamberg/2025-04-10T1000.json
[2025-04-10T18:03:24.583+0000] {air_ingestion_dag.py:43} INFO - 💾 Saving air entry for 2025-04-10T11:00:00+00:00
[2025-04-10T18:03:24.966+0000] {logging_mixin.py:190} INFO - ✅ Saved: gs://gooutside-raw/air/bamberg/2025-04-10T1100.json
[2025-04-10T18:03:24.968+0000] {air_ingestion_dag.py:43} INFO - 💾 Saving air entry for 2025-04-10T12:00:00+00:00
[2025-04-10T18:03:25.335+0000] {logging_mixin.py:190} INFO - ✅ Saved: gs://gooutside-raw/air/bamberg/2025-04-10T1200.json
[2025-04-10T18:03:25.336+0000] {air_ingestion_dag.py:43} INFO - 💾 Saving air entry for 2025-04-10T13:00:00+00:00
[2025-04-10T18:03:25.668+0000] {logging_mixin.py:190} INFO - ✅ Saved: gs://gooutside-raw/air/bamberg/2025-04-10T1300.json
[2025-04-10T18:03:25.669+0000] {air_ingestion_dag.py:43} INFO - 💾 Saving air entry for 2025-04-10T14:00:00+00:00
[2025-04-10T18:03:26.025+0000] {logging_mixin.py:190} INFO - ✅ Saved: gs://gooutside-raw/air/bamberg/2025-04-10T1400.json
[2025-04-10T18:03:26.026+0000] {python.py:240} INFO - Done. Returned value was: None
[2025-04-10T18:03:26.045+0000] {taskinstance.py:341} INFO - ::group::Post task execution logs
[2025-04-10T18:03:26.047+0000] {taskinstance.py:353} INFO - Marking task as SUCCESS. dag_id=air_ingestion_dag, task_id=ingest, run_id=scheduled__2025-04-10T17:00:00+00:00, execution_date=20250410T170000, start_date=20250410T180322, end_date=20250410T180326
[2025-04-10T18:03:26.114+0000] {local_task_job_runner.py:266} INFO - Task exited with return code 0
[2025-04-10T18:03:26.130+0000] {taskinstance.py:3901} INFO - 0 downstream tasks scheduled from follow-on schedule check
[2025-04-10T18:03:26.131+0000] {local_task_job_runner.py:245} INFO - ::endgroup::
