[2025-04-08T17:26:02.042+0000] {local_task_job_runner.py:123} INFO - ::group::Pre task execution logs
[2025-04-08T17:26:02.054+0000] {taskinstance.py:2614} INFO - Dependencies all met for dep_context=non-requeueable deps ti=<TaskInstance: air_ingestion_dag.ingest scheduled__2025-04-08T15:00:00+00:00 [queued]>
[2025-04-08T17:26:02.059+0000] {taskinstance.py:2614} INFO - Dependencies all met for dep_context=requeueable deps ti=<TaskInstance: air_ingestion_dag.ingest scheduled__2025-04-08T15:00:00+00:00 [queued]>
[2025-04-08T17:26:02.059+0000] {taskinstance.py:2867} INFO - Starting attempt 2 of 2
[2025-04-08T17:26:02.068+0000] {taskinstance.py:2890} INFO - Executing <Task(_PythonDecoratedOperator): ingest> on 2025-04-08 15:00:00+00:00
[2025-04-08T17:26:02.072+0000] {warnings.py:112} WARNING - /home/***/.local/lib/python3.12/site-packages/***/task/task_runner/standard_task_runner.py:70: DeprecationWarning: This process (pid=145) is multi-threaded, use of fork() may lead to deadlocks in the child.
  pid = os.fork()

[2025-04-08T17:26:02.076+0000] {standard_task_runner.py:72} INFO - Started process 146 to run task
[2025-04-08T17:26:02.084+0000] {standard_task_runner.py:104} INFO - Running: ['***', 'tasks', 'run', 'air_ingestion_dag', 'ingest', 'scheduled__2025-04-08T15:00:00+00:00', '--job-id', '440', '--raw', '--subdir', 'DAGS_FOLDER/air_ingestion_dag.py', '--cfg-path', '/tmp/tmpegjd8qt_']
[2025-04-08T17:26:02.086+0000] {standard_task_runner.py:105} INFO - Job 440: Subtask ingest
[2025-04-08T17:26:02.132+0000] {task_command.py:467} INFO - Running <TaskInstance: air_ingestion_dag.ingest scheduled__2025-04-08T15:00:00+00:00 [running]> on host bb9ffce3cfda
[2025-04-08T17:26:02.197+0000] {taskinstance.py:3134} INFO - Exporting env vars: AIRFLOW_CTX_DAG_OWNER='beni' AIRFLOW_CTX_DAG_ID='air_ingestion_dag' AIRFLOW_CTX_TASK_ID='ingest' AIRFLOW_CTX_EXECUTION_DATE='2025-04-08T15:00:00+00:00' AIRFLOW_CTX_TRY_NUMBER='2' AIRFLOW_CTX_DAG_RUN_ID='scheduled__2025-04-08T15:00:00+00:00'
[2025-04-08T17:26:02.200+0000] {taskinstance.py:732} INFO - ::endgroup::
[2025-04-08T17:26:02.205+0000] {logging_mixin.py:190} INFO - ⏰ Running for local time: 2025-04-08T17:00:00+02:00 (UTC: 2025-04-08T15:00:00+00:00)
[2025-04-08T17:26:02.808+0000] {logging_mixin.py:190} INFO - ✅ Saved: gs://gooutside-raw/air/bamberg/2025-04-08T0600.json
[2025-04-08T17:26:03.148+0000] {logging_mixin.py:190} INFO - ✅ Saved: gs://gooutside-raw/air/bamberg/2025-04-08T0700.json
[2025-04-08T17:26:03.501+0000] {logging_mixin.py:190} INFO - ✅ Saved: gs://gooutside-raw/air/bamberg/2025-04-08T0800.json
[2025-04-08T17:26:03.856+0000] {logging_mixin.py:190} INFO - ✅ Saved: gs://gooutside-raw/air/bamberg/2025-04-08T0900.json
[2025-04-08T17:26:04.191+0000] {logging_mixin.py:190} INFO - ✅ Saved: gs://gooutside-raw/air/bamberg/2025-04-08T1000.json
[2025-04-08T17:26:04.554+0000] {logging_mixin.py:190} INFO - ✅ Saved: gs://gooutside-raw/air/bamberg/2025-04-08T1100.json
[2025-04-08T17:26:04.902+0000] {logging_mixin.py:190} INFO - ✅ Saved: gs://gooutside-raw/air/bamberg/2025-04-08T1200.json
[2025-04-08T17:26:05.256+0000] {logging_mixin.py:190} INFO - ✅ Saved: gs://gooutside-raw/air/bamberg/2025-04-08T1300.json
[2025-04-08T17:26:05.618+0000] {logging_mixin.py:190} INFO - ✅ Saved: gs://gooutside-raw/air/bamberg/2025-04-08T1400.json
[2025-04-08T17:26:05.992+0000] {logging_mixin.py:190} INFO - ✅ Saved: gs://gooutside-raw/air/bamberg/2025-04-08T1500.json
[2025-04-08T17:26:06.339+0000] {logging_mixin.py:190} INFO - ✅ Saved: gs://gooutside-raw/air/bamberg/2025-04-08T1600.json
[2025-04-08T17:26:06.340+0000] {python.py:240} INFO - Done. Returned value was: None
[2025-04-08T17:26:06.364+0000] {taskinstance.py:341} INFO - ::group::Post task execution logs
[2025-04-08T17:26:06.365+0000] {taskinstance.py:353} INFO - Marking task as SUCCESS. dag_id=air_ingestion_dag, task_id=ingest, run_id=scheduled__2025-04-08T15:00:00+00:00, execution_date=20250408T150000, start_date=20250408T172602, end_date=20250408T172606
[2025-04-08T17:26:06.401+0000] {local_task_job_runner.py:266} INFO - Task exited with return code 0
[2025-04-08T17:26:06.416+0000] {taskinstance.py:3901} INFO - 0 downstream tasks scheduled from follow-on schedule check
[2025-04-08T17:26:06.418+0000] {local_task_job_runner.py:245} INFO - ::endgroup::
