[2025-04-10T15:00:45.567+0000] {local_task_job_runner.py:123} INFO - ::group::Pre task execution logs
[2025-04-10T15:00:45.582+0000] {taskinstance.py:2614} INFO - Dependencies all met for dep_context=non-requeueable deps ti=<TaskInstance: air_ingestion_backfill_dag_simple.ingest scheduled__2025-04-10T04:00:00+00:00 [queued]>
[2025-04-10T15:00:45.589+0000] {taskinstance.py:2614} INFO - Dependencies all met for dep_context=requeueable deps ti=<TaskInstance: air_ingestion_backfill_dag_simple.ingest scheduled__2025-04-10T04:00:00+00:00 [queued]>
[2025-04-10T15:00:45.590+0000] {taskinstance.py:2867} INFO - Starting attempt 1 of 2
[2025-04-10T15:00:45.599+0000] {taskinstance.py:2890} INFO - Executing <Task(_PythonDecoratedOperator): ingest> on 2025-04-10 04:00:00+00:00
[2025-04-10T15:00:45.605+0000] {warnings.py:112} WARNING - /home/***/.local/lib/python3.12/site-packages/***/task/task_runner/standard_task_runner.py:70: DeprecationWarning: This process (pid=511) is multi-threaded, use of fork() may lead to deadlocks in the child.
  pid = os.fork()

[2025-04-10T15:00:45.606+0000] {standard_task_runner.py:72} INFO - Started process 516 to run task
[2025-04-10T15:00:45.607+0000] {standard_task_runner.py:104} INFO - Running: ['***', 'tasks', 'run', 'air_ingestion_backfill_dag_simple', 'ingest', 'scheduled__2025-04-10T04:00:00+00:00', '--job-id', '641', '--raw', '--subdir', 'DAGS_FOLDER/air_backfill_dag.py', '--cfg-path', '/tmp/tmp9ne6jz_j']
[2025-04-10T15:00:45.610+0000] {standard_task_runner.py:105} INFO - Job 641: Subtask ingest
[2025-04-10T15:00:45.656+0000] {task_command.py:467} INFO - Running <TaskInstance: air_ingestion_backfill_dag_simple.ingest scheduled__2025-04-10T04:00:00+00:00 [running]> on host 98acdd3c69ae
[2025-04-10T15:00:45.735+0000] {taskinstance.py:3134} INFO - Exporting env vars: AIRFLOW_CTX_DAG_OWNER='beni' AIRFLOW_CTX_DAG_ID='air_ingestion_backfill_dag_simple' AIRFLOW_CTX_TASK_ID='ingest' AIRFLOW_CTX_EXECUTION_DATE='2025-04-10T04:00:00+00:00' AIRFLOW_CTX_TRY_NUMBER='1' AIRFLOW_CTX_DAG_RUN_ID='scheduled__2025-04-10T04:00:00+00:00'
[2025-04-10T15:00:45.737+0000] {taskinstance.py:732} INFO - ::endgroup::
[2025-04-10T15:00:46.243+0000] {logging_mixin.py:190} INFO - ✅ Saved: gs://gooutside-raw/air/bamberg/2025-04-10T0600.json
[2025-04-10T15:00:46.573+0000] {logging_mixin.py:190} INFO - ✅ Saved: gs://gooutside-raw/air/bamberg/2025-04-10T0700.json
[2025-04-10T15:00:46.907+0000] {logging_mixin.py:190} INFO - ✅ Saved: gs://gooutside-raw/air/bamberg/2025-04-10T0800.json
[2025-04-10T15:00:47.230+0000] {logging_mixin.py:190} INFO - ✅ Saved: gs://gooutside-raw/air/bamberg/2025-04-10T0900.json
[2025-04-10T15:00:47.537+0000] {logging_mixin.py:190} INFO - ✅ Saved: gs://gooutside-raw/air/bamberg/2025-04-10T1000.json
[2025-04-10T15:00:47.893+0000] {logging_mixin.py:190} INFO - ✅ Saved: gs://gooutside-raw/air/bamberg/2025-04-10T1100.json
[2025-04-10T15:00:47.894+0000] {python.py:240} INFO - Done. Returned value was: None
[2025-04-10T15:00:47.903+0000] {taskinstance.py:341} INFO - ::group::Post task execution logs
[2025-04-10T15:00:47.903+0000] {taskinstance.py:353} INFO - Marking task as SUCCESS. dag_id=air_ingestion_backfill_dag_simple, task_id=ingest, run_id=scheduled__2025-04-10T04:00:00+00:00, execution_date=20250410T040000, start_date=20250410T150045, end_date=20250410T150047
[2025-04-10T15:00:47.957+0000] {local_task_job_runner.py:266} INFO - Task exited with return code 0
[2025-04-10T15:00:47.970+0000] {taskinstance.py:3901} INFO - 0 downstream tasks scheduled from follow-on schedule check
[2025-04-10T15:00:47.971+0000] {local_task_job_runner.py:245} INFO - ::endgroup::
