[2025-04-12T19:04:20.081+0000] {local_task_job_runner.py:123} INFO - ::group::Pre task execution logs
[2025-04-12T19:04:20.095+0000] {taskinstance.py:2614} INFO - Dependencies all met for dep_context=non-requeueable deps ti=<TaskInstance: air_ingestion_dag.ingest scheduled__2025-04-12T18:00:00+00:00 [queued]>
[2025-04-12T19:04:20.101+0000] {taskinstance.py:2614} INFO - Dependencies all met for dep_context=requeueable deps ti=<TaskInstance: air_ingestion_dag.ingest scheduled__2025-04-12T18:00:00+00:00 [queued]>
[2025-04-12T19:04:20.101+0000] {taskinstance.py:2867} INFO - Starting attempt 1 of 2
[2025-04-12T19:04:20.109+0000] {taskinstance.py:2890} INFO - Executing <Task(_PythonDecoratedOperator): ingest> on 2025-04-12 18:00:00+00:00
[2025-04-12T19:04:20.113+0000] {warnings.py:112} WARNING - /home/***/.local/lib/python3.12/site-packages/***/task/task_runner/standard_task_runner.py:70: DeprecationWarning: This process (pid=243) is multi-threaded, use of fork() may lead to deadlocks in the child.
  pid = os.fork()

[2025-04-12T19:04:20.115+0000] {standard_task_runner.py:72} INFO - Started process 248 to run task
[2025-04-12T19:04:20.115+0000] {standard_task_runner.py:104} INFO - Running: ['***', 'tasks', 'run', 'air_ingestion_dag', 'ingest', 'scheduled__2025-04-12T18:00:00+00:00', '--job-id', '832', '--raw', '--subdir', 'DAGS_FOLDER/air_ingestion_dag.py', '--cfg-path', '/tmp/tmp_yan10i9']
[2025-04-12T19:04:20.116+0000] {standard_task_runner.py:105} INFO - Job 832: Subtask ingest
[2025-04-12T19:04:20.156+0000] {task_command.py:467} INFO - Running <TaskInstance: air_ingestion_dag.ingest scheduled__2025-04-12T18:00:00+00:00 [running]> on host caedfbfc7792
[2025-04-12T19:04:20.212+0000] {taskinstance.py:3134} INFO - Exporting env vars: AIRFLOW_CTX_DAG_OWNER='beni' AIRFLOW_CTX_DAG_ID='air_ingestion_dag' AIRFLOW_CTX_TASK_ID='ingest' AIRFLOW_CTX_EXECUTION_DATE='2025-04-12T18:00:00+00:00' AIRFLOW_CTX_TRY_NUMBER='1' AIRFLOW_CTX_DAG_RUN_ID='scheduled__2025-04-12T18:00:00+00:00'
[2025-04-12T19:04:20.213+0000] {taskinstance.py:732} INFO - ::endgroup::
[2025-04-12T19:04:20.215+0000] {air_ingestion_dag.py:30} INFO - 📅 Fetching UBA data for MEZ day: 2025-04-12
[2025-04-12T19:04:20.459+0000] {air_ingestion_dag.py:40} INFO - 📦 Parsed 11 entries
[2025-04-12T19:04:20.460+0000] {air_ingestion_dag.py:43} INFO - 💾 Saving air entry for 2025-04-12T04:00:00+00:00
[2025-04-12T19:04:20.810+0000] {logging_mixin.py:190} INFO - ✅ Saved: gs://gooutside-raw/air/bamberg/2025-04-12T0400.json
[2025-04-12T19:04:20.811+0000] {air_ingestion_dag.py:43} INFO - 💾 Saving air entry for 2025-04-12T05:00:00+00:00
[2025-04-12T19:04:21.172+0000] {logging_mixin.py:190} INFO - ✅ Saved: gs://gooutside-raw/air/bamberg/2025-04-12T0500.json
[2025-04-12T19:04:21.173+0000] {air_ingestion_dag.py:43} INFO - 💾 Saving air entry for 2025-04-12T06:00:00+00:00
[2025-04-12T19:04:21.534+0000] {logging_mixin.py:190} INFO - ✅ Saved: gs://gooutside-raw/air/bamberg/2025-04-12T0600.json
[2025-04-12T19:04:21.535+0000] {air_ingestion_dag.py:43} INFO - 💾 Saving air entry for 2025-04-12T07:00:00+00:00
[2025-04-12T19:04:21.921+0000] {logging_mixin.py:190} INFO - ✅ Saved: gs://gooutside-raw/air/bamberg/2025-04-12T0700.json
[2025-04-12T19:04:21.922+0000] {air_ingestion_dag.py:43} INFO - 💾 Saving air entry for 2025-04-12T08:00:00+00:00
[2025-04-12T19:04:22.278+0000] {logging_mixin.py:190} INFO - ✅ Saved: gs://gooutside-raw/air/bamberg/2025-04-12T0800.json
[2025-04-12T19:04:22.279+0000] {air_ingestion_dag.py:43} INFO - 💾 Saving air entry for 2025-04-12T09:00:00+00:00
[2025-04-12T19:04:22.636+0000] {logging_mixin.py:190} INFO - ✅ Saved: gs://gooutside-raw/air/bamberg/2025-04-12T0900.json
[2025-04-12T19:04:22.638+0000] {air_ingestion_dag.py:43} INFO - 💾 Saving air entry for 2025-04-12T10:00:00+00:00
[2025-04-12T19:04:23.027+0000] {logging_mixin.py:190} INFO - ✅ Saved: gs://gooutside-raw/air/bamberg/2025-04-12T1000.json
[2025-04-12T19:04:23.029+0000] {air_ingestion_dag.py:43} INFO - 💾 Saving air entry for 2025-04-12T11:00:00+00:00
[2025-04-12T19:04:23.378+0000] {logging_mixin.py:190} INFO - ✅ Saved: gs://gooutside-raw/air/bamberg/2025-04-12T1100.json
[2025-04-12T19:04:23.379+0000] {air_ingestion_dag.py:43} INFO - 💾 Saving air entry for 2025-04-12T12:00:00+00:00
[2025-04-12T19:04:23.735+0000] {logging_mixin.py:190} INFO - ✅ Saved: gs://gooutside-raw/air/bamberg/2025-04-12T1200.json
[2025-04-12T19:04:23.741+0000] {air_ingestion_dag.py:43} INFO - 💾 Saving air entry for 2025-04-12T13:00:00+00:00
[2025-04-12T19:04:24.118+0000] {logging_mixin.py:190} INFO - ✅ Saved: gs://gooutside-raw/air/bamberg/2025-04-12T1300.json
[2025-04-12T19:04:24.119+0000] {air_ingestion_dag.py:43} INFO - 💾 Saving air entry for 2025-04-12T14:00:00+00:00
[2025-04-12T19:04:24.495+0000] {logging_mixin.py:190} INFO - ✅ Saved: gs://gooutside-raw/air/bamberg/2025-04-12T1400.json
[2025-04-12T19:04:24.495+0000] {python.py:240} INFO - Done. Returned value was: None
[2025-04-12T19:04:24.507+0000] {taskinstance.py:341} INFO - ::group::Post task execution logs
[2025-04-12T19:04:24.507+0000] {taskinstance.py:353} INFO - Marking task as SUCCESS. dag_id=air_ingestion_dag, task_id=ingest, run_id=scheduled__2025-04-12T18:00:00+00:00, execution_date=20250412T180000, start_date=20250412T190420, end_date=20250412T190424
[2025-04-12T19:04:24.535+0000] {local_task_job_runner.py:266} INFO - Task exited with return code 0
[2025-04-12T19:04:24.549+0000] {taskinstance.py:3901} INFO - 0 downstream tasks scheduled from follow-on schedule check
[2025-04-12T19:04:24.551+0000] {local_task_job_runner.py:245} INFO - ::endgroup::
