[2025-04-13T19:07:45.328+0000] {local_task_job_runner.py:123} INFO - ::group::Pre task execution logs
[2025-04-13T19:07:45.339+0000] {taskinstance.py:2614} INFO - Dependencies all met for dep_context=non-requeueable deps ti=<TaskInstance: weather_ingestion_dag.ingest scheduled__2025-04-13T18:00:00+00:00 [queued]>
[2025-04-13T19:07:45.348+0000] {taskinstance.py:2614} INFO - Dependencies all met for dep_context=requeueable deps ti=<TaskInstance: weather_ingestion_dag.ingest scheduled__2025-04-13T18:00:00+00:00 [queued]>
[2025-04-13T19:07:45.349+0000] {taskinstance.py:2867} INFO - Starting attempt 1 of 2
[2025-04-13T19:07:45.358+0000] {taskinstance.py:2890} INFO - Executing <Task(_PythonDecoratedOperator): ingest> on 2025-04-13 18:00:00+00:00
[2025-04-13T19:07:45.367+0000] {warnings.py:112} WARNING - /home/***/.local/lib/python3.12/site-packages/***/task/task_runner/standard_task_runner.py:70: DeprecationWarning: This process (pid=551) is multi-threaded, use of fork() may lead to deadlocks in the child.
  pid = os.fork()

[2025-04-13T19:07:45.367+0000] {standard_task_runner.py:104} INFO - Running: ['***', 'tasks', 'run', 'weather_ingestion_dag', 'ingest', 'scheduled__2025-04-13T18:00:00+00:00', '--job-id', '935', '--raw', '--subdir', 'DAGS_FOLDER/weather_ingestion_dag.py', '--cfg-path', '/tmp/tmpmxnuee7j']
[2025-04-13T19:07:45.371+0000] {standard_task_runner.py:105} INFO - Job 935: Subtask ingest
[2025-04-13T19:07:45.371+0000] {standard_task_runner.py:72} INFO - Started process 556 to run task
[2025-04-13T19:07:45.433+0000] {task_command.py:467} INFO - Running <TaskInstance: weather_ingestion_dag.ingest scheduled__2025-04-13T18:00:00+00:00 [running]> on host caedfbfc7792
[2025-04-13T19:07:45.525+0000] {taskinstance.py:3134} INFO - Exporting env vars: AIRFLOW_CTX_DAG_OWNER='beni' AIRFLOW_CTX_DAG_ID='weather_ingestion_dag' AIRFLOW_CTX_TASK_ID='ingest' AIRFLOW_CTX_EXECUTION_DATE='2025-04-13T18:00:00+00:00' AIRFLOW_CTX_TRY_NUMBER='1' AIRFLOW_CTX_DAG_RUN_ID='scheduled__2025-04-13T18:00:00+00:00'
[2025-04-13T19:07:45.527+0000] {taskinstance.py:732} INFO - ::endgroup::
[2025-04-13T19:07:45.529+0000] {weather_ingestion_dag.py:31} INFO - 🌍 Current UTC hour: 2025-04-13T19:00:00+00:00
[2025-04-13T19:07:45.703+0000] {weather_ingestion_dag.py:38} INFO - ⏱ Found 1 matching entries for this hour
[2025-04-13T19:07:45.706+0000] {weather_ingestion_dag.py:41} INFO - 💾 Saving weather entry for 2025-04-13T19:00:00+00:00
[2025-04-13T19:07:46.130+0000] {logging_mixin.py:190} INFO - ✅ Saved: gs://gooutside-raw/weather/bamberg/2025-04-13T1900.json
[2025-04-13T19:07:46.131+0000] {python.py:240} INFO - Done. Returned value was: None
[2025-04-13T19:07:46.142+0000] {taskinstance.py:341} INFO - ::group::Post task execution logs
[2025-04-13T19:07:46.142+0000] {taskinstance.py:353} INFO - Marking task as SUCCESS. dag_id=weather_ingestion_dag, task_id=ingest, run_id=scheduled__2025-04-13T18:00:00+00:00, execution_date=20250413T180000, start_date=20250413T190745, end_date=20250413T190746
[2025-04-13T19:07:46.188+0000] {local_task_job_runner.py:266} INFO - Task exited with return code 0
[2025-04-13T19:07:46.202+0000] {taskinstance.py:3901} INFO - 0 downstream tasks scheduled from follow-on schedule check
[2025-04-13T19:07:46.202+0000] {local_task_job_runner.py:245} INFO - ::endgroup::
