[2025-04-08T14:36:42.499+0000] {local_task_job_runner.py:123} INFO - ::group::Pre task execution logs
[2025-04-08T14:36:42.510+0000] {taskinstance.py:2614} INFO - Dependencies all met for dep_context=non-requeueable deps ti=<TaskInstance: air_ingestion_dag.ingest backfill__2024-01-02T16:00:00+00:00 [queued]>
[2025-04-08T14:36:42.514+0000] {taskinstance.py:2614} INFO - Dependencies all met for dep_context=requeueable deps ti=<TaskInstance: air_ingestion_dag.ingest backfill__2024-01-02T16:00:00+00:00 [queued]>
[2025-04-08T14:36:42.514+0000] {taskinstance.py:2867} INFO - Starting attempt 2 of 2
[2025-04-08T14:36:42.521+0000] {taskinstance.py:2890} INFO - Executing <Task(_PythonDecoratedOperator): ingest> on 2024-01-02 16:00:00+00:00
[2025-04-08T14:36:42.527+0000] {warnings.py:112} WARNING - /home/***/.local/lib/python3.12/site-packages/***/task/task_runner/standard_task_runner.py:70: DeprecationWarning: This process (pid=205) is multi-threaded, use of fork() may lead to deadlocks in the child.
  pid = os.fork()

[2025-04-08T14:36:42.531+0000] {standard_task_runner.py:72} INFO - Started process 206 to run task
[2025-04-08T14:36:42.528+0000] {standard_task_runner.py:104} INFO - Running: ['***', 'tasks', 'run', 'air_ingestion_dag', 'ingest', 'backfill__2024-01-02T16:00:00+00:00', '--job-id', '340', '--pool', 'default_pool', '--raw', '--subdir', 'DAGS_FOLDER/air_ingestion_dag.py', '--cfg-path', '/tmp/tmprmyvae7j']
[2025-04-08T14:36:42.532+0000] {standard_task_runner.py:105} INFO - Job 340: Subtask ingest
[2025-04-08T14:36:42.571+0000] {task_command.py:467} INFO - Running <TaskInstance: air_ingestion_dag.ingest backfill__2024-01-02T16:00:00+00:00 [running]> on host ef6176db86b3
[2025-04-08T14:36:42.641+0000] {taskinstance.py:3134} INFO - Exporting env vars: AIRFLOW_CTX_DAG_OWNER='beni' AIRFLOW_CTX_DAG_ID='air_ingestion_dag' AIRFLOW_CTX_TASK_ID='ingest' AIRFLOW_CTX_EXECUTION_DATE='2024-01-02T16:00:00+00:00' AIRFLOW_CTX_TRY_NUMBER='2' AIRFLOW_CTX_DAG_RUN_ID='backfill__2024-01-02T16:00:00+00:00'
[2025-04-08T14:36:42.643+0000] {taskinstance.py:732} INFO - ::endgroup::
[2025-04-08T14:36:42.646+0000] {logging_mixin.py:190} INFO - ⏰ Running for local time: 2024-01-02T17:00:00+01:00 (UTC: 2024-01-02T16:00:00+00:00)
[2025-04-08T14:36:43.273+0000] {logging_mixin.py:190} INFO - ✅ Saved: gs://gooutside-raw/air/bamberg/2024-01-02T0600.json
[2025-04-08T14:36:43.595+0000] {logging_mixin.py:190} INFO - ✅ Saved: gs://gooutside-raw/air/bamberg/2024-01-02T0700.json
[2025-04-08T14:36:43.941+0000] {logging_mixin.py:190} INFO - ✅ Saved: gs://gooutside-raw/air/bamberg/2024-01-02T0800.json
[2025-04-08T14:36:44.264+0000] {logging_mixin.py:190} INFO - ✅ Saved: gs://gooutside-raw/air/bamberg/2024-01-02T0900.json
[2025-04-08T14:36:44.589+0000] {logging_mixin.py:190} INFO - ✅ Saved: gs://gooutside-raw/air/bamberg/2024-01-02T1000.json
[2025-04-08T14:36:44.906+0000] {logging_mixin.py:190} INFO - ✅ Saved: gs://gooutside-raw/air/bamberg/2024-01-02T1100.json
[2025-04-08T14:36:45.226+0000] {logging_mixin.py:190} INFO - ✅ Saved: gs://gooutside-raw/air/bamberg/2024-01-02T1200.json
[2025-04-08T14:36:45.537+0000] {logging_mixin.py:190} INFO - ✅ Saved: gs://gooutside-raw/air/bamberg/2024-01-02T1300.json
[2025-04-08T14:36:45.859+0000] {logging_mixin.py:190} INFO - ✅ Saved: gs://gooutside-raw/air/bamberg/2024-01-02T1400.json
[2025-04-08T14:36:46.189+0000] {logging_mixin.py:190} INFO - ✅ Saved: gs://gooutside-raw/air/bamberg/2024-01-02T1500.json
[2025-04-08T14:36:46.536+0000] {logging_mixin.py:190} INFO - ✅ Saved: gs://gooutside-raw/air/bamberg/2024-01-02T1600.json
[2025-04-08T14:36:46.862+0000] {logging_mixin.py:190} INFO - ✅ Saved: gs://gooutside-raw/air/bamberg/2024-01-02T1700.json
[2025-04-08T14:36:46.862+0000] {python.py:240} INFO - Done. Returned value was: None
[2025-04-08T14:36:46.871+0000] {taskinstance.py:341} INFO - ::group::Post task execution logs
[2025-04-08T14:36:46.871+0000] {taskinstance.py:353} INFO - Marking task as SUCCESS. dag_id=air_ingestion_dag, task_id=ingest, run_id=backfill__2024-01-02T16:00:00+00:00, execution_date=20240102T160000, start_date=20250408T143642, end_date=20250408T143646
[2025-04-08T14:36:46.908+0000] {local_task_job_runner.py:266} INFO - Task exited with return code 0
[2025-04-08T14:36:46.919+0000] {taskinstance.py:3901} INFO - 0 downstream tasks scheduled from follow-on schedule check
[2025-04-08T14:36:46.920+0000] {local_task_job_runner.py:245} INFO - ::endgroup::
