[2025-04-09T22:32:54.673+0000] {local_task_job_runner.py:123} INFO - ::group::Pre task execution logs
[2025-04-09T22:32:54.685+0000] {taskinstance.py:2614} INFO - Dependencies all met for dep_context=non-requeueable deps ti=<TaskInstance: air_ingestion_dag.ingest scheduled__2025-04-09T21:00:00+00:00 [queued]>
[2025-04-09T22:32:54.691+0000] {taskinstance.py:2614} INFO - Dependencies all met for dep_context=requeueable deps ti=<TaskInstance: air_ingestion_dag.ingest scheduled__2025-04-09T21:00:00+00:00 [queued]>
[2025-04-09T22:32:54.694+0000] {taskinstance.py:2867} INFO - Starting attempt 1 of 2
[2025-04-09T22:32:54.702+0000] {taskinstance.py:2890} INFO - Executing <Task(_PythonDecoratedOperator): ingest> on 2025-04-09 21:00:00+00:00
[2025-04-09T22:32:54.706+0000] {warnings.py:112} WARNING - /home/***/.local/lib/python3.12/site-packages/***/task/task_runner/standard_task_runner.py:70: DeprecationWarning: This process (pid=151) is multi-threaded, use of fork() may lead to deadlocks in the child.
  pid = os.fork()

[2025-04-09T22:32:54.708+0000] {standard_task_runner.py:72} INFO - Started process 154 to run task
[2025-04-09T22:32:54.708+0000] {standard_task_runner.py:104} INFO - Running: ['***', 'tasks', 'run', 'air_ingestion_dag', 'ingest', 'scheduled__2025-04-09T21:00:00+00:00', '--job-id', '523', '--raw', '--subdir', 'DAGS_FOLDER/air_ingestion_dag.py', '--cfg-path', '/tmp/tmpgnc7pn6t']
[2025-04-09T22:32:54.711+0000] {standard_task_runner.py:105} INFO - Job 523: Subtask ingest
[2025-04-09T22:32:54.750+0000] {task_command.py:467} INFO - Running <TaskInstance: air_ingestion_dag.ingest scheduled__2025-04-09T21:00:00+00:00 [running]> on host 98acdd3c69ae
[2025-04-09T22:32:54.805+0000] {taskinstance.py:3134} INFO - Exporting env vars: AIRFLOW_CTX_DAG_OWNER='beni' AIRFLOW_CTX_DAG_ID='air_ingestion_dag' AIRFLOW_CTX_TASK_ID='ingest' AIRFLOW_CTX_EXECUTION_DATE='2025-04-09T21:00:00+00:00' AIRFLOW_CTX_TRY_NUMBER='1' AIRFLOW_CTX_DAG_RUN_ID='scheduled__2025-04-09T21:00:00+00:00'
[2025-04-09T22:32:54.805+0000] {taskinstance.py:732} INFO - ::endgroup::
[2025-04-09T22:32:54.807+0000] {air_ingestion_dag.py:29} INFO - ⏱ Current UTC hour: 2025-04-09T22:00:00+00:00
[2025-04-09T22:32:55.486+0000] {air_ingestion_dag.py:44} INFO - 📦 Parsed 14 entries, found 0 matching the current hour
[2025-04-09T22:32:55.487+0000] {python.py:240} INFO - Done. Returned value was: None
[2025-04-09T22:32:55.497+0000] {taskinstance.py:341} INFO - ::group::Post task execution logs
[2025-04-09T22:32:55.498+0000] {taskinstance.py:353} INFO - Marking task as SUCCESS. dag_id=air_ingestion_dag, task_id=ingest, run_id=scheduled__2025-04-09T21:00:00+00:00, execution_date=20250409T210000, start_date=20250409T223254, end_date=20250409T223255
[2025-04-09T22:32:55.541+0000] {local_task_job_runner.py:266} INFO - Task exited with return code 0
[2025-04-09T22:32:55.552+0000] {taskinstance.py:3901} INFO - 0 downstream tasks scheduled from follow-on schedule check
[2025-04-09T22:32:55.553+0000] {local_task_job_runner.py:245} INFO - ::endgroup::
