[2025-04-12T16:00:00.957+0000] {local_task_job_runner.py:123} INFO - ::group::Pre task execution logs
[2025-04-12T16:00:00.976+0000] {taskinstance.py:2614} INFO - Dependencies all met for dep_context=non-requeueable deps ti=<TaskInstance: air_ingestion_dag.ingest scheduled__2025-04-12T15:00:00+00:00 [queued]>
[2025-04-12T16:00:00.987+0000] {taskinstance.py:2614} INFO - Dependencies all met for dep_context=requeueable deps ti=<TaskInstance: air_ingestion_dag.ingest scheduled__2025-04-12T15:00:00+00:00 [queued]>
[2025-04-12T16:00:00.988+0000] {taskinstance.py:2867} INFO - Starting attempt 1 of 2
[2025-04-12T16:00:00.999+0000] {taskinstance.py:2890} INFO - Executing <Task(_PythonDecoratedOperator): ingest> on 2025-04-12 15:00:00+00:00
[2025-04-12T16:00:01.008+0000] {warnings.py:112} WARNING - /home/***/.local/lib/python3.12/site-packages/***/task/task_runner/standard_task_runner.py:70: DeprecationWarning: This process (pid=207) is multi-threaded, use of fork() may lead to deadlocks in the child.
  pid = os.fork()

[2025-04-12T16:00:01.010+0000] {standard_task_runner.py:72} INFO - Started process 211 to run task
[2025-04-12T16:00:01.011+0000] {standard_task_runner.py:104} INFO - Running: ['***', 'tasks', 'run', 'air_ingestion_dag', 'ingest', 'scheduled__2025-04-12T15:00:00+00:00', '--job-id', '820', '--raw', '--subdir', 'DAGS_FOLDER/air_ingestion_dag.py', '--cfg-path', '/tmp/tmplvmg6a0r']
[2025-04-12T16:00:01.015+0000] {standard_task_runner.py:105} INFO - Job 820: Subtask ingest
[2025-04-12T16:00:01.056+0000] {task_command.py:467} INFO - Running <TaskInstance: air_ingestion_dag.ingest scheduled__2025-04-12T15:00:00+00:00 [running]> on host caedfbfc7792
[2025-04-12T16:00:01.130+0000] {taskinstance.py:3134} INFO - Exporting env vars: AIRFLOW_CTX_DAG_OWNER='beni' AIRFLOW_CTX_DAG_ID='air_ingestion_dag' AIRFLOW_CTX_TASK_ID='ingest' AIRFLOW_CTX_EXECUTION_DATE='2025-04-12T15:00:00+00:00' AIRFLOW_CTX_TRY_NUMBER='1' AIRFLOW_CTX_DAG_RUN_ID='scheduled__2025-04-12T15:00:00+00:00'
[2025-04-12T16:00:01.132+0000] {taskinstance.py:732} INFO - ::endgroup::
[2025-04-12T16:00:01.134+0000] {air_ingestion_dag.py:30} INFO - 📅 Fetching UBA data for MEZ day: 2025-04-12
[2025-04-12T16:00:01.653+0000] {air_ingestion_dag.py:40} INFO - 📦 Parsed 9 entries
[2025-04-12T16:00:01.654+0000] {air_ingestion_dag.py:43} INFO - 💾 Saving air entry for 2025-04-12T04:00:00+00:00
[2025-04-12T16:00:02.522+0000] {logging_mixin.py:190} INFO - ✅ Saved: gs://gooutside-raw/air/bamberg/2025-04-12T0400.json
[2025-04-12T16:00:02.523+0000] {air_ingestion_dag.py:43} INFO - 💾 Saving air entry for 2025-04-12T05:00:00+00:00
[2025-04-12T16:00:02.904+0000] {logging_mixin.py:190} INFO - ✅ Saved: gs://gooutside-raw/air/bamberg/2025-04-12T0500.json
[2025-04-12T16:00:02.906+0000] {air_ingestion_dag.py:43} INFO - 💾 Saving air entry for 2025-04-12T06:00:00+00:00
[2025-04-12T16:00:03.270+0000] {logging_mixin.py:190} INFO - ✅ Saved: gs://gooutside-raw/air/bamberg/2025-04-12T0600.json
[2025-04-12T16:00:03.271+0000] {air_ingestion_dag.py:43} INFO - 💾 Saving air entry for 2025-04-12T07:00:00+00:00
[2025-04-12T16:00:03.624+0000] {logging_mixin.py:190} INFO - ✅ Saved: gs://gooutside-raw/air/bamberg/2025-04-12T0700.json
[2025-04-12T16:00:03.626+0000] {air_ingestion_dag.py:43} INFO - 💾 Saving air entry for 2025-04-12T08:00:00+00:00
[2025-04-12T16:00:03.976+0000] {logging_mixin.py:190} INFO - ✅ Saved: gs://gooutside-raw/air/bamberg/2025-04-12T0800.json
[2025-04-12T16:00:03.981+0000] {air_ingestion_dag.py:43} INFO - 💾 Saving air entry for 2025-04-12T09:00:00+00:00
[2025-04-12T16:00:04.354+0000] {logging_mixin.py:190} INFO - ✅ Saved: gs://gooutside-raw/air/bamberg/2025-04-12T0900.json
[2025-04-12T16:00:04.359+0000] {air_ingestion_dag.py:43} INFO - 💾 Saving air entry for 2025-04-12T10:00:00+00:00
[2025-04-12T16:00:04.704+0000] {logging_mixin.py:190} INFO - ✅ Saved: gs://gooutside-raw/air/bamberg/2025-04-12T1000.json
[2025-04-12T16:00:04.705+0000] {air_ingestion_dag.py:43} INFO - 💾 Saving air entry for 2025-04-12T11:00:00+00:00
[2025-04-12T16:00:05.066+0000] {logging_mixin.py:190} INFO - ✅ Saved: gs://gooutside-raw/air/bamberg/2025-04-12T1100.json
[2025-04-12T16:00:05.073+0000] {air_ingestion_dag.py:43} INFO - 💾 Saving air entry for 2025-04-12T12:00:00+00:00
[2025-04-12T16:00:05.448+0000] {logging_mixin.py:190} INFO - ✅ Saved: gs://gooutside-raw/air/bamberg/2025-04-12T1200.json
[2025-04-12T16:00:05.449+0000] {python.py:240} INFO - Done. Returned value was: None
[2025-04-12T16:00:05.474+0000] {taskinstance.py:341} INFO - ::group::Post task execution logs
[2025-04-12T16:00:05.474+0000] {taskinstance.py:353} INFO - Marking task as SUCCESS. dag_id=air_ingestion_dag, task_id=ingest, run_id=scheduled__2025-04-12T15:00:00+00:00, execution_date=20250412T150000, start_date=20250412T160000, end_date=20250412T160005
[2025-04-12T16:00:05.512+0000] {local_task_job_runner.py:266} INFO - Task exited with return code 0
[2025-04-12T16:00:05.525+0000] {taskinstance.py:3901} INFO - 0 downstream tasks scheduled from follow-on schedule check
[2025-04-12T16:00:05.531+0000] {local_task_job_runner.py:245} INFO - ::endgroup::
