[2025-04-13T03:03:31.918+0000] {local_task_job_runner.py:123} INFO - ::group::Pre task execution logs
[2025-04-13T03:03:31.937+0000] {taskinstance.py:2614} INFO - Dependencies all met for dep_context=non-requeueable deps ti=<TaskInstance: air_ingestion_dag.ingest scheduled__2025-04-13T02:00:00+00:00 [queued]>
[2025-04-13T03:03:31.942+0000] {taskinstance.py:2614} INFO - Dependencies all met for dep_context=requeueable deps ti=<TaskInstance: air_ingestion_dag.ingest scheduled__2025-04-13T02:00:00+00:00 [queued]>
[2025-04-13T03:03:31.943+0000] {taskinstance.py:2867} INFO - Starting attempt 1 of 2
[2025-04-13T03:03:31.954+0000] {taskinstance.py:2890} INFO - Executing <Task(_PythonDecoratedOperator): ingest> on 2025-04-13 02:00:00+00:00
[2025-04-13T03:03:31.960+0000] {warnings.py:112} WARNING - /home/***/.local/lib/python3.12/site-packages/***/task/task_runner/standard_task_runner.py:70: DeprecationWarning: This process (pid=344) is multi-threaded, use of fork() may lead to deadlocks in the child.
  pid = os.fork()

[2025-04-13T03:03:31.962+0000] {standard_task_runner.py:72} INFO - Started process 347 to run task
[2025-04-13T03:03:31.962+0000] {standard_task_runner.py:104} INFO - Running: ['***', 'tasks', 'run', 'air_ingestion_dag', 'ingest', 'scheduled__2025-04-13T02:00:00+00:00', '--job-id', '864', '--raw', '--subdir', 'DAGS_FOLDER/air_ingestion_dag.py', '--cfg-path', '/tmp/tmpo_1dbqnv']
[2025-04-13T03:03:31.964+0000] {standard_task_runner.py:105} INFO - Job 864: Subtask ingest
[2025-04-13T03:03:32.021+0000] {task_command.py:467} INFO - Running <TaskInstance: air_ingestion_dag.ingest scheduled__2025-04-13T02:00:00+00:00 [running]> on host caedfbfc7792
[2025-04-13T03:03:32.101+0000] {taskinstance.py:3134} INFO - Exporting env vars: AIRFLOW_CTX_DAG_OWNER='beni' AIRFLOW_CTX_DAG_ID='air_ingestion_dag' AIRFLOW_CTX_TASK_ID='ingest' AIRFLOW_CTX_EXECUTION_DATE='2025-04-13T02:00:00+00:00' AIRFLOW_CTX_TRY_NUMBER='1' AIRFLOW_CTX_DAG_RUN_ID='scheduled__2025-04-13T02:00:00+00:00'
[2025-04-13T03:03:32.103+0000] {taskinstance.py:732} INFO - ::endgroup::
[2025-04-13T03:03:32.106+0000] {air_ingestion_dag.py:30} INFO - 📅 Fetching UBA data for MEZ day: 2025-04-13
[2025-04-13T03:03:32.323+0000] {air_ingestion_dag.py:40} INFO - 📦 Parsed 0 entries
[2025-04-13T03:03:32.323+0000] {python.py:240} INFO - Done. Returned value was: None
[2025-04-13T03:03:32.333+0000] {taskinstance.py:341} INFO - ::group::Post task execution logs
[2025-04-13T03:03:32.333+0000] {taskinstance.py:353} INFO - Marking task as SUCCESS. dag_id=air_ingestion_dag, task_id=ingest, run_id=scheduled__2025-04-13T02:00:00+00:00, execution_date=20250413T020000, start_date=20250413T030331, end_date=20250413T030332
[2025-04-13T03:03:32.396+0000] {local_task_job_runner.py:266} INFO - Task exited with return code 0
[2025-04-13T03:03:32.406+0000] {taskinstance.py:3901} INFO - 0 downstream tasks scheduled from follow-on schedule check
[2025-04-13T03:03:32.408+0000] {local_task_job_runner.py:245} INFO - ::endgroup::
