[2025-04-08T11:31:32.234+0000] {local_task_job_runner.py:123} INFO - ::group::Pre task execution logs
[2025-04-08T11:31:32.246+0000] {taskinstance.py:2614} INFO - Dependencies all met for dep_context=non-requeueable deps ti=<TaskInstance: air_ingestion_dag.ingest scheduled__2025-04-08T10:00:00+00:00 [queued]>
[2025-04-08T11:31:32.252+0000] {taskinstance.py:2614} INFO - Dependencies all met for dep_context=requeueable deps ti=<TaskInstance: air_ingestion_dag.ingest scheduled__2025-04-08T10:00:00+00:00 [queued]>
[2025-04-08T11:31:32.252+0000] {taskinstance.py:2867} INFO - Starting attempt 1 of 2
[2025-04-08T11:31:32.259+0000] {taskinstance.py:2890} INFO - Executing <Task(_PythonDecoratedOperator): ingest> on 2025-04-08 10:00:00+00:00
[2025-04-08T11:31:32.263+0000] {warnings.py:112} WARNING - /home/***/.local/lib/python3.12/site-packages/***/task/task_runner/standard_task_runner.py:70: DeprecationWarning: This process (pid=56) is multi-threaded, use of fork() may lead to deadlocks in the child.
  pid = os.fork()

[2025-04-08T11:31:32.264+0000] {standard_task_runner.py:72} INFO - Started process 59 to run task
[2025-04-08T11:31:32.265+0000] {standard_task_runner.py:104} INFO - Running: ['***', 'tasks', 'run', 'air_ingestion_dag', 'ingest', 'scheduled__2025-04-08T10:00:00+00:00', '--job-id', '276', '--raw', '--subdir', 'DAGS_FOLDER/air_ingestion_dag.py', '--cfg-path', '/tmp/tmpokgwfnfv']
[2025-04-08T11:31:32.266+0000] {standard_task_runner.py:105} INFO - Job 276: Subtask ingest
[2025-04-08T11:31:32.295+0000] {task_command.py:467} INFO - Running <TaskInstance: air_ingestion_dag.ingest scheduled__2025-04-08T10:00:00+00:00 [running]> on host 55c70f88864a
[2025-04-08T11:31:32.343+0000] {taskinstance.py:3134} INFO - Exporting env vars: AIRFLOW_CTX_DAG_OWNER='beni' AIRFLOW_CTX_DAG_ID='air_ingestion_dag' AIRFLOW_CTX_TASK_ID='ingest' AIRFLOW_CTX_EXECUTION_DATE='2025-04-08T10:00:00+00:00' AIRFLOW_CTX_TRY_NUMBER='1' AIRFLOW_CTX_DAG_RUN_ID='scheduled__2025-04-08T10:00:00+00:00'
[2025-04-08T11:31:32.344+0000] {taskinstance.py:732} INFO - ::endgroup::
[2025-04-08T11:31:40.367+0000] {logging_mixin.py:190} INFO - ❌ API Error: HTTPSConnectionPool(host='umweltbundesamt.api.proxy.bund.dev', port=443): Max retries exceeded with url: /api/air_data/v3/airquality/json?station=443&date_from=2025-04-08&time_from=6&date_to=2025-04-08&time_to=18&index=code&lang=en (Caused by NameResolutionError("<urllib3.connection.HTTPSConnection object at 0xffffb96b5040>: Failed to resolve 'umweltbundesamt.api.proxy.bund.dev' ([Errno -3] Temporary failure in name resolution)"))
[2025-04-08T11:31:40.369+0000] {python.py:240} INFO - Done. Returned value was: None
[2025-04-08T11:31:40.388+0000] {taskinstance.py:341} INFO - ::group::Post task execution logs
[2025-04-08T11:31:40.389+0000] {taskinstance.py:353} INFO - Marking task as SUCCESS. dag_id=air_ingestion_dag, task_id=ingest, run_id=scheduled__2025-04-08T10:00:00+00:00, execution_date=20250408T100000, start_date=20250408T113132, end_date=20250408T113140
[2025-04-08T11:31:40.446+0000] {local_task_job_runner.py:266} INFO - Task exited with return code 0
[2025-04-08T11:31:40.461+0000] {taskinstance.py:3901} INFO - 0 downstream tasks scheduled from follow-on schedule check
[2025-04-08T11:31:40.462+0000] {local_task_job_runner.py:245} INFO - ::endgroup::
[2025-04-08T17:20:53.325+0000] {local_task_job_runner.py:123} INFO - ::group::Pre task execution logs
[2025-04-08T17:20:53.346+0000] {taskinstance.py:2614} INFO - Dependencies all met for dep_context=non-requeueable deps ti=<TaskInstance: air_ingestion_dag.ingest scheduled__2025-04-08T10:00:00+00:00 [queued]>
[2025-04-08T17:20:53.353+0000] {taskinstance.py:2614} INFO - Dependencies all met for dep_context=requeueable deps ti=<TaskInstance: air_ingestion_dag.ingest scheduled__2025-04-08T10:00:00+00:00 [queued]>
[2025-04-08T17:20:53.353+0000] {taskinstance.py:2867} INFO - Starting attempt 1 of 2
[2025-04-08T17:20:53.368+0000] {taskinstance.py:2890} INFO - Executing <Task(_PythonDecoratedOperator): ingest> on 2025-04-08 10:00:00+00:00
[2025-04-08T17:20:53.375+0000] {warnings.py:112} WARNING - /home/***/.local/lib/python3.12/site-packages/***/task/task_runner/standard_task_runner.py:70: DeprecationWarning: This process (pid=158) is multi-threaded, use of fork() may lead to deadlocks in the child.
  pid = os.fork()

[2025-04-08T17:20:53.382+0000] {standard_task_runner.py:72} INFO - Started process 163 to run task
[2025-04-08T17:20:53.381+0000] {standard_task_runner.py:104} INFO - Running: ['***', 'tasks', 'run', 'air_ingestion_dag', 'ingest', 'scheduled__2025-04-08T10:00:00+00:00', '--job-id', '433', '--raw', '--subdir', 'DAGS_FOLDER/air_ingestion_dag.py', '--cfg-path', '/tmp/tmp_rdwv_2h']
[2025-04-08T17:20:53.387+0000] {standard_task_runner.py:105} INFO - Job 433: Subtask ingest
[2025-04-08T17:20:53.465+0000] {task_command.py:467} INFO - Running <TaskInstance: air_ingestion_dag.ingest scheduled__2025-04-08T10:00:00+00:00 [running]> on host 48eda3218d1e
[2025-04-08T17:20:53.524+0000] {taskinstance.py:3134} INFO - Exporting env vars: AIRFLOW_CTX_DAG_OWNER='beni' AIRFLOW_CTX_DAG_ID='air_ingestion_dag' AIRFLOW_CTX_TASK_ID='ingest' AIRFLOW_CTX_EXECUTION_DATE='2025-04-08T10:00:00+00:00' AIRFLOW_CTX_TRY_NUMBER='1' AIRFLOW_CTX_DAG_RUN_ID='scheduled__2025-04-08T10:00:00+00:00'
[2025-04-08T17:20:53.526+0000] {taskinstance.py:732} INFO - ::endgroup::
[2025-04-08T17:20:53.527+0000] {logging_mixin.py:190} INFO - ⏰ Running for local time: 2025-04-08T12:00:00+02:00 (UTC: 2025-04-08T10:00:00+00:00)
[2025-04-08T17:20:54.076+0000] {logging_mixin.py:190} INFO - ✅ Saved: gs://gooutside-raw/air/bamberg/2025-04-08T0600.json
[2025-04-08T17:20:54.480+0000] {logging_mixin.py:190} INFO - ✅ Saved: gs://gooutside-raw/air/bamberg/2025-04-08T0700.json
[2025-04-08T17:20:54.814+0000] {logging_mixin.py:190} INFO - ✅ Saved: gs://gooutside-raw/air/bamberg/2025-04-08T0800.json
[2025-04-08T17:20:55.153+0000] {logging_mixin.py:190} INFO - ✅ Saved: gs://gooutside-raw/air/bamberg/2025-04-08T0900.json
[2025-04-08T17:20:55.502+0000] {logging_mixin.py:190} INFO - ✅ Saved: gs://gooutside-raw/air/bamberg/2025-04-08T1000.json
[2025-04-08T17:20:55.855+0000] {logging_mixin.py:190} INFO - ✅ Saved: gs://gooutside-raw/air/bamberg/2025-04-08T1100.json
[2025-04-08T17:20:56.197+0000] {logging_mixin.py:190} INFO - ✅ Saved: gs://gooutside-raw/air/bamberg/2025-04-08T1200.json
[2025-04-08T17:20:56.608+0000] {logging_mixin.py:190} INFO - ✅ Saved: gs://gooutside-raw/air/bamberg/2025-04-08T1300.json
[2025-04-08T17:20:56.982+0000] {logging_mixin.py:190} INFO - ✅ Saved: gs://gooutside-raw/air/bamberg/2025-04-08T1400.json
[2025-04-08T17:20:57.326+0000] {logging_mixin.py:190} INFO - ✅ Saved: gs://gooutside-raw/air/bamberg/2025-04-08T1500.json
[2025-04-08T17:20:57.668+0000] {logging_mixin.py:190} INFO - ✅ Saved: gs://gooutside-raw/air/bamberg/2025-04-08T1600.json
[2025-04-08T17:20:57.668+0000] {python.py:240} INFO - Done. Returned value was: None
[2025-04-08T17:20:57.676+0000] {taskinstance.py:341} INFO - ::group::Post task execution logs
[2025-04-08T17:20:57.678+0000] {taskinstance.py:353} INFO - Marking task as SUCCESS. dag_id=air_ingestion_dag, task_id=ingest, run_id=scheduled__2025-04-08T10:00:00+00:00, execution_date=20250408T100000, start_date=20250408T172053, end_date=20250408T172057
[2025-04-08T17:20:57.737+0000] {local_task_job_runner.py:266} INFO - Task exited with return code 0
[2025-04-08T17:20:57.750+0000] {taskinstance.py:3901} INFO - 0 downstream tasks scheduled from follow-on schedule check
[2025-04-08T17:20:57.751+0000] {local_task_job_runner.py:245} INFO - ::endgroup::
