[2025-04-06T07:50:00.453+0000] {local_task_job_runner.py:123} INFO - ::group::Pre task execution logs
[2025-04-06T07:50:00.469+0000] {taskinstance.py:2614} INFO - Dependencies all met for dep_context=non-requeueable deps ti=<TaskInstance: air_ingestion_dag.ingest scheduled__2025-04-06T06:00:00+00:00 [queued]>
[2025-04-06T07:50:00.477+0000] {taskinstance.py:2614} INFO - Dependencies all met for dep_context=requeueable deps ti=<TaskInstance: air_ingestion_dag.ingest scheduled__2025-04-06T06:00:00+00:00 [queued]>
[2025-04-06T07:50:00.478+0000] {taskinstance.py:2867} INFO - Starting attempt 1 of 2
[2025-04-06T07:50:00.488+0000] {taskinstance.py:2890} INFO - Executing <Task(_PythonDecoratedOperator): ingest> on 2025-04-06 06:00:00+00:00
[2025-04-06T07:50:00.495+0000] {warnings.py:112} WARNING - /home/***/.local/lib/python3.12/site-packages/***/task/task_runner/standard_task_runner.py:70: DeprecationWarning: This process (pid=172) is multi-threaded, use of fork() may lead to deadlocks in the child.
  pid = os.fork()

[2025-04-06T07:50:00.497+0000] {standard_task_runner.py:72} INFO - Started process 179 to run task
[2025-04-06T07:50:00.497+0000] {standard_task_runner.py:104} INFO - Running: ['***', 'tasks', 'run', 'air_ingestion_dag', 'ingest', 'scheduled__2025-04-06T06:00:00+00:00', '--job-id', '156', '--raw', '--subdir', 'DAGS_FOLDER/air_ingestion_dag.py', '--cfg-path', '/tmp/tmp251st3te']
[2025-04-06T07:50:00.501+0000] {standard_task_runner.py:105} INFO - Job 156: Subtask ingest
[2025-04-06T07:50:00.564+0000] {task_command.py:467} INFO - Running <TaskInstance: air_ingestion_dag.ingest scheduled__2025-04-06T06:00:00+00:00 [running]> on host 242fb041fbeb
[2025-04-06T07:50:00.645+0000] {taskinstance.py:3134} INFO - Exporting env vars: AIRFLOW_CTX_DAG_OWNER='beni' AIRFLOW_CTX_DAG_ID='air_ingestion_dag' AIRFLOW_CTX_TASK_ID='ingest' AIRFLOW_CTX_EXECUTION_DATE='2025-04-06T06:00:00+00:00' AIRFLOW_CTX_TRY_NUMBER='1' AIRFLOW_CTX_DAG_RUN_ID='scheduled__2025-04-06T06:00:00+00:00'
[2025-04-06T07:50:00.646+0000] {taskinstance.py:732} INFO - ::endgroup::
[2025-04-06T07:50:00.663+0000] {logging_mixin.py:190} INFO - ❌ API Error: HTTPSConnectionPool(host='umweltbundesamt.api.proxy.bund.dev', port=443): Max retries exceeded with url: /api/air_data/v3/airquality/json?station=443&date_from=2025-04-06&time_from=6&date_to=2025-04-06&time_to=18&index=code&lang=en (Caused by NameResolutionError("<urllib3.connection.HTTPSConnection object at 0xffffa57b40b0>: Failed to resolve 'umweltbundesamt.api.proxy.bund.dev' ([Errno -2] Name or service not known)"))
[2025-04-06T07:50:00.664+0000] {python.py:240} INFO - Done. Returned value was: None
[2025-04-06T07:50:00.678+0000] {taskinstance.py:341} INFO - ::group::Post task execution logs
[2025-04-06T07:50:00.678+0000] {taskinstance.py:353} INFO - Marking task as SUCCESS. dag_id=air_ingestion_dag, task_id=ingest, run_id=scheduled__2025-04-06T06:00:00+00:00, execution_date=20250406T060000, start_date=20250406T075000, end_date=20250406T075000
[2025-04-06T07:50:00.719+0000] {local_task_job_runner.py:266} INFO - Task exited with return code 0
[2025-04-06T07:50:00.732+0000] {taskinstance.py:3901} INFO - 0 downstream tasks scheduled from follow-on schedule check
[2025-04-06T07:50:00.733+0000] {local_task_job_runner.py:245} INFO - ::endgroup::
