[2025-04-05T09:45:36.212+0000] {local_task_job_runner.py:123} INFO - ::group::Pre task execution logs
[2025-04-05T09:45:36.223+0000] {taskinstance.py:2614} INFO - Dependencies all met for dep_context=non-requeueable deps ti=<TaskInstance: pollen_ingestion_dag.ingest manual__2025-04-05T09:40:33.520937+00:00 [queued]>
[2025-04-05T09:45:36.227+0000] {taskinstance.py:2614} INFO - Dependencies all met for dep_context=requeueable deps ti=<TaskInstance: pollen_ingestion_dag.ingest manual__2025-04-05T09:40:33.520937+00:00 [queued]>
[2025-04-05T09:45:36.227+0000] {taskinstance.py:2867} INFO - Starting attempt 2 of 2
[2025-04-05T09:45:36.232+0000] {taskinstance.py:2890} INFO - Executing <Task(_PythonDecoratedOperator): ingest> on 2025-04-05 09:40:33.520937+00:00
[2025-04-05T09:45:36.235+0000] {warnings.py:112} WARNING - /home/***/.local/lib/python3.12/site-packages/***/task/task_runner/standard_task_runner.py:70: DeprecationWarning: This process (pid=55) is multi-threaded, use of fork() may lead to deadlocks in the child.
  pid = os.fork()

[2025-04-05T09:45:36.236+0000] {standard_task_runner.py:72} INFO - Started process 56 to run task
[2025-04-05T09:45:36.237+0000] {standard_task_runner.py:104} INFO - Running: ['***', 'tasks', 'run', 'pollen_ingestion_dag', 'ingest', 'manual__2025-04-05T09:40:33.520937+00:00', '--job-id', '107', '--raw', '--subdir', 'DAGS_FOLDER/pollen_ingestion_dag.py', '--cfg-path', '/tmp/tmpiooxi2vw']
[2025-04-05T09:45:36.239+0000] {standard_task_runner.py:105} INFO - Job 107: Subtask ingest
[2025-04-05T09:45:36.268+0000] {task_command.py:467} INFO - Running <TaskInstance: pollen_ingestion_dag.ingest manual__2025-04-05T09:40:33.520937+00:00 [running]> on host 028c2e57810d
[2025-04-05T09:45:36.311+0000] {taskinstance.py:3134} INFO - Exporting env vars: AIRFLOW_CTX_DAG_OWNER='beni' AIRFLOW_CTX_DAG_ID='pollen_ingestion_dag' AIRFLOW_CTX_TASK_ID='ingest' AIRFLOW_CTX_EXECUTION_DATE='2025-04-05T09:40:33.520937+00:00' AIRFLOW_CTX_TRY_NUMBER='2' AIRFLOW_CTX_DAG_RUN_ID='manual__2025-04-05T09:40:33.520937+00:00'
[2025-04-05T09:45:36.312+0000] {taskinstance.py:732} INFO - ::endgroup::
[2025-04-05T09:45:36.882+0000] {logging_mixin.py:190} INFO - ✅ Saved: gs://gooutside-raw/pollen/bayern_nord/2025-04-05.json
[2025-04-05T09:45:36.884+0000] {python.py:240} INFO - Done. Returned value was: None
[2025-04-05T09:45:36.904+0000] {taskinstance.py:341} INFO - ::group::Post task execution logs
[2025-04-05T09:45:36.905+0000] {taskinstance.py:353} INFO - Marking task as SUCCESS. dag_id=pollen_ingestion_dag, task_id=ingest, run_id=manual__2025-04-05T09:40:33.520937+00:00, execution_date=20250405T094033, start_date=20250405T094536, end_date=20250405T094536
[2025-04-05T09:45:36.944+0000] {local_task_job_runner.py:266} INFO - Task exited with return code 0
[2025-04-05T09:45:36.959+0000] {taskinstance.py:3901} INFO - 0 downstream tasks scheduled from follow-on schedule check
[2025-04-05T09:45:36.960+0000] {local_task_job_runner.py:245} INFO - ::endgroup::
