[2025-04-05T11:00:00.633+0000] {local_task_job_runner.py:123} INFO - ::group::Pre task execution logs
[2025-04-05T11:00:00.645+0000] {taskinstance.py:2614} INFO - Dependencies all met for dep_context=non-requeueable deps ti=<TaskInstance: weather_ingestion_dag.ingest scheduled__2025-04-05T10:00:00+00:00 [queued]>
[2025-04-05T11:00:00.650+0000] {taskinstance.py:2614} INFO - Dependencies all met for dep_context=requeueable deps ti=<TaskInstance: weather_ingestion_dag.ingest scheduled__2025-04-05T10:00:00+00:00 [queued]>
[2025-04-05T11:00:00.650+0000] {taskinstance.py:2867} INFO - Starting attempt 1 of 2
[2025-04-05T11:00:00.657+0000] {taskinstance.py:2890} INFO - Executing <Task(_PythonDecoratedOperator): ingest> on 2025-04-05 10:00:00+00:00
[2025-04-05T11:00:00.666+0000] {warnings.py:112} WARNING - /home/***/.local/lib/python3.12/site-packages/***/task/task_runner/standard_task_runner.py:70: DeprecationWarning: This process (pid=57) is multi-threaded, use of fork() may lead to deadlocks in the child.
  pid = os.fork()

[2025-04-05T11:00:00.673+0000] {standard_task_runner.py:72} INFO - Started process 59 to run task
[2025-04-05T11:00:00.672+0000] {standard_task_runner.py:104} INFO - Running: ['***', 'tasks', 'run', 'weather_ingestion_dag', 'ingest', 'scheduled__2025-04-05T10:00:00+00:00', '--job-id', '117', '--raw', '--subdir', 'DAGS_FOLDER/weather_ingestion_dag.py', '--cfg-path', '/tmp/tmp8r5bpx6y']
[2025-04-05T11:00:00.676+0000] {standard_task_runner.py:105} INFO - Job 117: Subtask ingest
[2025-04-05T11:00:00.726+0000] {task_command.py:467} INFO - Running <TaskInstance: weather_ingestion_dag.ingest scheduled__2025-04-05T10:00:00+00:00 [running]> on host 242fb041fbeb
[2025-04-05T11:00:00.790+0000] {taskinstance.py:3134} INFO - Exporting env vars: AIRFLOW_CTX_DAG_OWNER='beni' AIRFLOW_CTX_DAG_ID='weather_ingestion_dag' AIRFLOW_CTX_TASK_ID='ingest' AIRFLOW_CTX_EXECUTION_DATE='2025-04-05T10:00:00+00:00' AIRFLOW_CTX_TRY_NUMBER='1' AIRFLOW_CTX_DAG_RUN_ID='scheduled__2025-04-05T10:00:00+00:00'
[2025-04-05T11:00:00.792+0000] {taskinstance.py:732} INFO - ::endgroup::
[2025-04-05T11:00:01.569+0000] {logging_mixin.py:190} INFO - ✅ Saved: gs://gooutside-raw/weather/bamberg/2025-04-05T06:00:00+02:00.json
[2025-04-05T11:00:01.957+0000] {logging_mixin.py:190} INFO - ✅ Saved: gs://gooutside-raw/weather/bamberg/2025-04-05T07:00:00+02:00.json
[2025-04-05T11:00:02.340+0000] {logging_mixin.py:190} INFO - ✅ Saved: gs://gooutside-raw/weather/bamberg/2025-04-05T08:00:00+02:00.json
[2025-04-05T11:00:02.761+0000] {logging_mixin.py:190} INFO - ✅ Saved: gs://gooutside-raw/weather/bamberg/2025-04-05T09:00:00+02:00.json
[2025-04-05T11:00:03.227+0000] {logging_mixin.py:190} INFO - ✅ Saved: gs://gooutside-raw/weather/bamberg/2025-04-05T10:00:00+02:00.json
[2025-04-05T11:00:03.662+0000] {logging_mixin.py:190} INFO - ✅ Saved: gs://gooutside-raw/weather/bamberg/2025-04-05T11:00:00+02:00.json
[2025-04-05T11:00:04.020+0000] {logging_mixin.py:190} INFO - ✅ Saved: gs://gooutside-raw/weather/bamberg/2025-04-05T12:00:00+02:00.json
[2025-04-05T11:00:04.395+0000] {logging_mixin.py:190} INFO - ✅ Saved: gs://gooutside-raw/weather/bamberg/2025-04-05T13:00:00+02:00.json
[2025-04-05T11:00:04.776+0000] {logging_mixin.py:190} INFO - ✅ Saved: gs://gooutside-raw/weather/bamberg/2025-04-05T14:00:00+02:00.json
[2025-04-05T11:00:05.133+0000] {logging_mixin.py:190} INFO - ✅ Saved: gs://gooutside-raw/weather/bamberg/2025-04-05T15:00:00+02:00.json
[2025-04-05T11:00:05.504+0000] {logging_mixin.py:190} INFO - ✅ Saved: gs://gooutside-raw/weather/bamberg/2025-04-05T16:00:00+02:00.json
[2025-04-05T11:00:05.863+0000] {logging_mixin.py:190} INFO - ✅ Saved: gs://gooutside-raw/weather/bamberg/2025-04-05T17:00:00+02:00.json
[2025-04-05T11:00:06.223+0000] {logging_mixin.py:190} INFO - ✅ Saved: gs://gooutside-raw/weather/bamberg/2025-04-05T18:00:00+02:00.json
[2025-04-05T11:00:06.224+0000] {python.py:240} INFO - Done. Returned value was: None
[2025-04-05T11:00:06.236+0000] {taskinstance.py:341} INFO - ::group::Post task execution logs
[2025-04-05T11:00:06.237+0000] {taskinstance.py:353} INFO - Marking task as SUCCESS. dag_id=weather_ingestion_dag, task_id=ingest, run_id=scheduled__2025-04-05T10:00:00+00:00, execution_date=20250405T100000, start_date=20250405T110000, end_date=20250405T110006
[2025-04-05T11:00:06.274+0000] {local_task_job_runner.py:266} INFO - Task exited with return code 0
[2025-04-05T11:00:06.284+0000] {taskinstance.py:3901} INFO - 0 downstream tasks scheduled from follow-on schedule check
[2025-04-05T11:00:06.285+0000] {local_task_job_runner.py:245} INFO - ::endgroup::
