[2025-04-13T21:04:53.818+0000] {local_task_job_runner.py:123} INFO - ::group::Pre task execution logs
[2025-04-13T21:04:53.841+0000] {taskinstance.py:2614} INFO - Dependencies all met for dep_context=non-requeueable deps ti=<TaskInstance: air_ingestion_dag.ingest scheduled__2025-04-13T20:00:00+00:00 [queued]>
[2025-04-13T21:04:53.853+0000] {taskinstance.py:2614} INFO - Dependencies all met for dep_context=requeueable deps ti=<TaskInstance: air_ingestion_dag.ingest scheduled__2025-04-13T20:00:00+00:00 [queued]>
[2025-04-13T21:04:53.853+0000] {taskinstance.py:2867} INFO - Starting attempt 1 of 2
[2025-04-13T21:04:53.864+0000] {taskinstance.py:2890} INFO - Executing <Task(_PythonDecoratedOperator): ingest> on 2025-04-13 20:00:00+00:00
[2025-04-13T21:04:53.868+0000] {warnings.py:112} WARNING - /home/***/.local/lib/python3.12/site-packages/***/task/task_runner/standard_task_runner.py:70: DeprecationWarning: This process (pid=579) is multi-threaded, use of fork() may lead to deadlocks in the child.
  pid = os.fork()

[2025-04-13T21:04:53.869+0000] {standard_task_runner.py:72} INFO - Started process 584 to run task
[2025-04-13T21:04:53.870+0000] {standard_task_runner.py:104} INFO - Running: ['***', 'tasks', 'run', 'air_ingestion_dag', 'ingest', 'scheduled__2025-04-13T20:00:00+00:00', '--job-id', '944', '--raw', '--subdir', 'DAGS_FOLDER/air_ingestion_dag.py', '--cfg-path', '/tmp/tmpyxnqh58d']
[2025-04-13T21:04:53.871+0000] {standard_task_runner.py:105} INFO - Job 944: Subtask ingest
[2025-04-13T21:04:53.911+0000] {task_command.py:467} INFO - Running <TaskInstance: air_ingestion_dag.ingest scheduled__2025-04-13T20:00:00+00:00 [running]> on host caedfbfc7792
[2025-04-13T21:04:53.976+0000] {taskinstance.py:3134} INFO - Exporting env vars: AIRFLOW_CTX_DAG_OWNER='beni' AIRFLOW_CTX_DAG_ID='air_ingestion_dag' AIRFLOW_CTX_TASK_ID='ingest' AIRFLOW_CTX_EXECUTION_DATE='2025-04-13T20:00:00+00:00' AIRFLOW_CTX_TRY_NUMBER='1' AIRFLOW_CTX_DAG_RUN_ID='scheduled__2025-04-13T20:00:00+00:00'
[2025-04-13T21:04:53.977+0000] {taskinstance.py:732} INFO - ::endgroup::
[2025-04-13T21:04:53.978+0000] {air_ingestion_dag.py:30} INFO - 📅 Fetching UBA data for MEZ day: 2025-04-13
[2025-04-13T21:04:54.755+0000] {air_ingestion_dag.py:40} INFO - 📦 Parsed 14 entries
[2025-04-13T21:04:54.758+0000] {air_ingestion_dag.py:43} INFO - 💾 Saving air entry for 2025-04-13T04:00:00+00:00
[2025-04-13T21:04:55.807+0000] {logging_mixin.py:190} INFO - ✅ Saved: gs://gooutside-raw/air/bamberg/2025-04-13T0400.json
[2025-04-13T21:04:55.809+0000] {air_ingestion_dag.py:43} INFO - 💾 Saving air entry for 2025-04-13T05:00:00+00:00
[2025-04-13T21:04:56.356+0000] {logging_mixin.py:190} INFO - ✅ Saved: gs://gooutside-raw/air/bamberg/2025-04-13T0500.json
[2025-04-13T21:04:56.359+0000] {air_ingestion_dag.py:43} INFO - 💾 Saving air entry for 2025-04-13T06:00:00+00:00
[2025-04-13T21:04:56.735+0000] {logging_mixin.py:190} INFO - ✅ Saved: gs://gooutside-raw/air/bamberg/2025-04-13T0600.json
[2025-04-13T21:04:56.738+0000] {air_ingestion_dag.py:43} INFO - 💾 Saving air entry for 2025-04-13T07:00:00+00:00
[2025-04-13T21:04:57.075+0000] {logging_mixin.py:190} INFO - ✅ Saved: gs://gooutside-raw/air/bamberg/2025-04-13T0700.json
[2025-04-13T21:04:57.077+0000] {air_ingestion_dag.py:43} INFO - 💾 Saving air entry for 2025-04-13T08:00:00+00:00
[2025-04-13T21:04:57.454+0000] {logging_mixin.py:190} INFO - ✅ Saved: gs://gooutside-raw/air/bamberg/2025-04-13T0800.json
[2025-04-13T21:04:57.455+0000] {air_ingestion_dag.py:43} INFO - 💾 Saving air entry for 2025-04-13T09:00:00+00:00
[2025-04-13T21:04:57.839+0000] {logging_mixin.py:190} INFO - ✅ Saved: gs://gooutside-raw/air/bamberg/2025-04-13T0900.json
[2025-04-13T21:04:57.840+0000] {air_ingestion_dag.py:43} INFO - 💾 Saving air entry for 2025-04-13T10:00:00+00:00
[2025-04-13T21:04:58.185+0000] {logging_mixin.py:190} INFO - ✅ Saved: gs://gooutside-raw/air/bamberg/2025-04-13T1000.json
[2025-04-13T21:04:58.186+0000] {air_ingestion_dag.py:43} INFO - 💾 Saving air entry for 2025-04-13T11:00:00+00:00
[2025-04-13T21:04:58.572+0000] {logging_mixin.py:190} INFO - ✅ Saved: gs://gooutside-raw/air/bamberg/2025-04-13T1100.json
[2025-04-13T21:04:58.574+0000] {air_ingestion_dag.py:43} INFO - 💾 Saving air entry for 2025-04-13T12:00:00+00:00
[2025-04-13T21:04:58.937+0000] {logging_mixin.py:190} INFO - ✅ Saved: gs://gooutside-raw/air/bamberg/2025-04-13T1200.json
[2025-04-13T21:04:58.937+0000] {air_ingestion_dag.py:43} INFO - 💾 Saving air entry for 2025-04-13T13:00:00+00:00
[2025-04-13T21:04:59.296+0000] {logging_mixin.py:190} INFO - ✅ Saved: gs://gooutside-raw/air/bamberg/2025-04-13T1300.json
[2025-04-13T21:04:59.296+0000] {air_ingestion_dag.py:43} INFO - 💾 Saving air entry for 2025-04-13T14:00:00+00:00
[2025-04-13T21:04:59.685+0000] {logging_mixin.py:190} INFO - ✅ Saved: gs://gooutside-raw/air/bamberg/2025-04-13T1400.json
[2025-04-13T21:04:59.689+0000] {air_ingestion_dag.py:43} INFO - 💾 Saving air entry for 2025-04-13T15:00:00+00:00
[2025-04-13T21:05:00.084+0000] {logging_mixin.py:190} INFO - ✅ Saved: gs://gooutside-raw/air/bamberg/2025-04-13T1500.json
[2025-04-13T21:05:00.090+0000] {air_ingestion_dag.py:43} INFO - 💾 Saving air entry for 2025-04-13T16:00:00+00:00
[2025-04-13T21:05:00.462+0000] {logging_mixin.py:190} INFO - ✅ Saved: gs://gooutside-raw/air/bamberg/2025-04-13T1600.json
[2025-04-13T21:05:00.466+0000] {air_ingestion_dag.py:43} INFO - 💾 Saving air entry for 2025-04-13T17:00:00+00:00
[2025-04-13T21:05:00.820+0000] {logging_mixin.py:190} INFO - ✅ Saved: gs://gooutside-raw/air/bamberg/2025-04-13T1700.json
[2025-04-13T21:05:00.820+0000] {python.py:240} INFO - Done. Returned value was: None
[2025-04-13T21:05:00.839+0000] {taskinstance.py:341} INFO - ::group::Post task execution logs
[2025-04-13T21:05:00.840+0000] {taskinstance.py:353} INFO - Marking task as SUCCESS. dag_id=air_ingestion_dag, task_id=ingest, run_id=scheduled__2025-04-13T20:00:00+00:00, execution_date=20250413T200000, start_date=20250413T210453, end_date=20250413T210500
[2025-04-13T21:05:00.898+0000] {local_task_job_runner.py:266} INFO - Task exited with return code 0
[2025-04-13T21:05:00.913+0000] {taskinstance.py:3901} INFO - 0 downstream tasks scheduled from follow-on schedule check
[2025-04-13T21:05:00.915+0000] {local_task_job_runner.py:245} INFO - ::endgroup::
