[2025-04-05T19:48:17.078+0000] {local_task_job_runner.py:123} INFO - ::group::Pre task execution logs
[2025-04-05T19:48:17.090+0000] {taskinstance.py:2614} INFO - Dependencies all met for dep_context=non-requeueable deps ti=<TaskInstance: weather_ingestion_dag.ingest scheduled__2025-04-05T18:00:00+00:00 [queued]>
[2025-04-05T19:48:17.094+0000] {taskinstance.py:2614} INFO - Dependencies all met for dep_context=requeueable deps ti=<TaskInstance: weather_ingestion_dag.ingest scheduled__2025-04-05T18:00:00+00:00 [queued]>
[2025-04-05T19:48:17.094+0000] {taskinstance.py:2867} INFO - Starting attempt 1 of 2
[2025-04-05T19:48:17.101+0000] {taskinstance.py:2890} INFO - Executing <Task(_PythonDecoratedOperator): ingest> on 2025-04-05 18:00:00+00:00
[2025-04-05T19:48:17.105+0000] {warnings.py:112} WARNING - /home/***/.local/lib/python3.12/site-packages/***/task/task_runner/standard_task_runner.py:70: DeprecationWarning: This process (pid=105) is multi-threaded, use of fork() may lead to deadlocks in the child.
  pid = os.fork()

[2025-04-05T19:48:17.106+0000] {standard_task_runner.py:72} INFO - Started process 107 to run task
[2025-04-05T19:48:17.106+0000] {standard_task_runner.py:104} INFO - Running: ['***', 'tasks', 'run', 'weather_ingestion_dag', 'ingest', 'scheduled__2025-04-05T18:00:00+00:00', '--job-id', '132', '--raw', '--subdir', 'DAGS_FOLDER/weather_ingestion_dag.py', '--cfg-path', '/tmp/tmpbv4fcshp']
[2025-04-05T19:48:17.108+0000] {standard_task_runner.py:105} INFO - Job 132: Subtask ingest
[2025-04-05T19:48:17.143+0000] {task_command.py:467} INFO - Running <TaskInstance: weather_ingestion_dag.ingest scheduled__2025-04-05T18:00:00+00:00 [running]> on host 242fb041fbeb
[2025-04-05T19:48:17.197+0000] {taskinstance.py:3134} INFO - Exporting env vars: AIRFLOW_CTX_DAG_OWNER='beni' AIRFLOW_CTX_DAG_ID='weather_ingestion_dag' AIRFLOW_CTX_TASK_ID='ingest' AIRFLOW_CTX_EXECUTION_DATE='2025-04-05T18:00:00+00:00' AIRFLOW_CTX_TRY_NUMBER='1' AIRFLOW_CTX_DAG_RUN_ID='scheduled__2025-04-05T18:00:00+00:00'
[2025-04-05T19:48:17.202+0000] {taskinstance.py:732} INFO - ::endgroup::
[2025-04-05T19:48:17.783+0000] {logging_mixin.py:190} INFO - ✅ Saved: gs://gooutside-raw/weather/bamberg/2025-04-05T06:00:00+02:00.json
[2025-04-05T19:48:18.225+0000] {logging_mixin.py:190} INFO - ✅ Saved: gs://gooutside-raw/weather/bamberg/2025-04-05T07:00:00+02:00.json
[2025-04-05T19:48:18.604+0000] {logging_mixin.py:190} INFO - ✅ Saved: gs://gooutside-raw/weather/bamberg/2025-04-05T08:00:00+02:00.json
[2025-04-05T19:48:18.994+0000] {logging_mixin.py:190} INFO - ✅ Saved: gs://gooutside-raw/weather/bamberg/2025-04-05T09:00:00+02:00.json
[2025-04-05T19:48:19.357+0000] {logging_mixin.py:190} INFO - ✅ Saved: gs://gooutside-raw/weather/bamberg/2025-04-05T10:00:00+02:00.json
[2025-04-05T19:48:19.763+0000] {logging_mixin.py:190} INFO - ✅ Saved: gs://gooutside-raw/weather/bamberg/2025-04-05T11:00:00+02:00.json
[2025-04-05T19:48:20.131+0000] {logging_mixin.py:190} INFO - ✅ Saved: gs://gooutside-raw/weather/bamberg/2025-04-05T12:00:00+02:00.json
[2025-04-05T19:48:20.511+0000] {logging_mixin.py:190} INFO - ✅ Saved: gs://gooutside-raw/weather/bamberg/2025-04-05T13:00:00+02:00.json
[2025-04-05T19:48:20.904+0000] {logging_mixin.py:190} INFO - ✅ Saved: gs://gooutside-raw/weather/bamberg/2025-04-05T14:00:00+02:00.json
[2025-04-05T19:48:21.244+0000] {logging_mixin.py:190} INFO - ✅ Saved: gs://gooutside-raw/weather/bamberg/2025-04-05T15:00:00+02:00.json
[2025-04-05T19:48:21.582+0000] {logging_mixin.py:190} INFO - ✅ Saved: gs://gooutside-raw/weather/bamberg/2025-04-05T16:00:00+02:00.json
[2025-04-05T19:48:21.948+0000] {logging_mixin.py:190} INFO - ✅ Saved: gs://gooutside-raw/weather/bamberg/2025-04-05T17:00:00+02:00.json
[2025-04-05T19:48:22.294+0000] {logging_mixin.py:190} INFO - ✅ Saved: gs://gooutside-raw/weather/bamberg/2025-04-05T18:00:00+02:00.json
[2025-04-05T19:48:22.294+0000] {python.py:240} INFO - Done. Returned value was: None
[2025-04-05T19:48:22.305+0000] {taskinstance.py:341} INFO - ::group::Post task execution logs
[2025-04-05T19:48:22.306+0000] {taskinstance.py:353} INFO - Marking task as SUCCESS. dag_id=weather_ingestion_dag, task_id=ingest, run_id=scheduled__2025-04-05T18:00:00+00:00, execution_date=20250405T180000, start_date=20250405T194817, end_date=20250405T194822
[2025-04-05T19:48:22.347+0000] {local_task_job_runner.py:266} INFO - Task exited with return code 0
[2025-04-05T19:48:22.358+0000] {taskinstance.py:3901} INFO - 0 downstream tasks scheduled from follow-on schedule check
[2025-04-05T19:48:22.358+0000] {local_task_job_runner.py:245} INFO - ::endgroup::
