[2025-04-05T22:32:38.118+0000] {local_task_job_runner.py:123} INFO - ::group::Pre task execution logs
[2025-04-05T22:32:38.136+0000] {taskinstance.py:2614} INFO - Dependencies all met for dep_context=non-requeueable deps ti=<TaskInstance: weather_ingestion_dag.ingest scheduled__2025-04-05T21:00:00+00:00 [queued]>
[2025-04-05T22:32:38.141+0000] {taskinstance.py:2614} INFO - Dependencies all met for dep_context=requeueable deps ti=<TaskInstance: weather_ingestion_dag.ingest scheduled__2025-04-05T21:00:00+00:00 [queued]>
[2025-04-05T22:32:38.141+0000] {taskinstance.py:2867} INFO - Starting attempt 1 of 2
[2025-04-05T22:32:38.149+0000] {taskinstance.py:2890} INFO - Executing <Task(_PythonDecoratedOperator): ingest> on 2025-04-05 21:00:00+00:00
[2025-04-05T22:32:38.156+0000] {warnings.py:112} WARNING - /home/***/.local/lib/python3.12/site-packages/***/task/task_runner/standard_task_runner.py:70: DeprecationWarning: This process (pid=130) is multi-threaded, use of fork() may lead to deadlocks in the child.
  pid = os.fork()

[2025-04-05T22:32:38.158+0000] {standard_task_runner.py:72} INFO - Started process 133 to run task
[2025-04-05T22:32:38.157+0000] {standard_task_runner.py:104} INFO - Running: ['***', 'tasks', 'run', 'weather_ingestion_dag', 'ingest', 'scheduled__2025-04-05T21:00:00+00:00', '--job-id', '141', '--raw', '--subdir', 'DAGS_FOLDER/weather_ingestion_dag.py', '--cfg-path', '/tmp/tmp3pvp24xu']
[2025-04-05T22:32:38.159+0000] {standard_task_runner.py:105} INFO - Job 141: Subtask ingest
[2025-04-05T22:32:38.211+0000] {task_command.py:467} INFO - Running <TaskInstance: weather_ingestion_dag.ingest scheduled__2025-04-05T21:00:00+00:00 [running]> on host 242fb041fbeb
[2025-04-05T22:32:38.270+0000] {taskinstance.py:3134} INFO - Exporting env vars: AIRFLOW_CTX_DAG_OWNER='beni' AIRFLOW_CTX_DAG_ID='weather_ingestion_dag' AIRFLOW_CTX_TASK_ID='ingest' AIRFLOW_CTX_EXECUTION_DATE='2025-04-05T21:00:00+00:00' AIRFLOW_CTX_TRY_NUMBER='1' AIRFLOW_CTX_DAG_RUN_ID='scheduled__2025-04-05T21:00:00+00:00'
[2025-04-05T22:32:38.271+0000] {taskinstance.py:732} INFO - ::endgroup::
[2025-04-05T22:32:38.840+0000] {logging_mixin.py:190} INFO - ✅ Saved: gs://gooutside-raw/weather/bamberg/2025-04-05T06:00:00+02:00.json
[2025-04-05T22:32:39.214+0000] {logging_mixin.py:190} INFO - ✅ Saved: gs://gooutside-raw/weather/bamberg/2025-04-05T07:00:00+02:00.json
[2025-04-05T22:32:39.579+0000] {logging_mixin.py:190} INFO - ✅ Saved: gs://gooutside-raw/weather/bamberg/2025-04-05T08:00:00+02:00.json
[2025-04-05T22:32:39.934+0000] {logging_mixin.py:190} INFO - ✅ Saved: gs://gooutside-raw/weather/bamberg/2025-04-05T09:00:00+02:00.json
[2025-04-05T22:32:40.290+0000] {logging_mixin.py:190} INFO - ✅ Saved: gs://gooutside-raw/weather/bamberg/2025-04-05T10:00:00+02:00.json
[2025-04-05T22:32:40.655+0000] {logging_mixin.py:190} INFO - ✅ Saved: gs://gooutside-raw/weather/bamberg/2025-04-05T11:00:00+02:00.json
[2025-04-05T22:32:41.021+0000] {logging_mixin.py:190} INFO - ✅ Saved: gs://gooutside-raw/weather/bamberg/2025-04-05T12:00:00+02:00.json
[2025-04-05T22:32:41.405+0000] {logging_mixin.py:190} INFO - ✅ Saved: gs://gooutside-raw/weather/bamberg/2025-04-05T13:00:00+02:00.json
[2025-04-05T22:32:41.756+0000] {logging_mixin.py:190} INFO - ✅ Saved: gs://gooutside-raw/weather/bamberg/2025-04-05T14:00:00+02:00.json
[2025-04-05T22:32:42.124+0000] {logging_mixin.py:190} INFO - ✅ Saved: gs://gooutside-raw/weather/bamberg/2025-04-05T15:00:00+02:00.json
[2025-04-05T22:32:42.500+0000] {logging_mixin.py:190} INFO - ✅ Saved: gs://gooutside-raw/weather/bamberg/2025-04-05T16:00:00+02:00.json
[2025-04-05T22:32:42.841+0000] {logging_mixin.py:190} INFO - ✅ Saved: gs://gooutside-raw/weather/bamberg/2025-04-05T17:00:00+02:00.json
[2025-04-05T22:32:43.220+0000] {logging_mixin.py:190} INFO - ✅ Saved: gs://gooutside-raw/weather/bamberg/2025-04-05T18:00:00+02:00.json
[2025-04-05T22:32:43.221+0000] {python.py:240} INFO - Done. Returned value was: None
[2025-04-05T22:32:43.236+0000] {taskinstance.py:341} INFO - ::group::Post task execution logs
[2025-04-05T22:32:43.237+0000] {taskinstance.py:353} INFO - Marking task as SUCCESS. dag_id=weather_ingestion_dag, task_id=ingest, run_id=scheduled__2025-04-05T21:00:00+00:00, execution_date=20250405T210000, start_date=20250405T223238, end_date=20250405T223243
[2025-04-05T22:32:43.283+0000] {local_task_job_runner.py:266} INFO - Task exited with return code 0
[2025-04-05T22:32:43.297+0000] {taskinstance.py:3901} INFO - 0 downstream tasks scheduled from follow-on schedule check
[2025-04-05T22:32:43.298+0000] {local_task_job_runner.py:245} INFO - ::endgroup::
