[2025-04-06T15:06:40.181+0000] {local_task_job_runner.py:123} INFO - ::group::Pre task execution logs
[2025-04-06T15:06:40.193+0000] {taskinstance.py:2614} INFO - Dependencies all met for dep_context=non-requeueable deps ti=<TaskInstance: air_ingestion_dag.ingest scheduled__2025-04-06T14:00:00+00:00 [queued]>
[2025-04-06T15:06:40.198+0000] {taskinstance.py:2614} INFO - Dependencies all met for dep_context=requeueable deps ti=<TaskInstance: air_ingestion_dag.ingest scheduled__2025-04-06T14:00:00+00:00 [queued]>
[2025-04-06T15:06:40.199+0000] {taskinstance.py:2867} INFO - Starting attempt 1 of 2
[2025-04-06T15:06:40.209+0000] {taskinstance.py:2890} INFO - Executing <Task(_PythonDecoratedOperator): ingest> on 2025-04-06 14:00:00+00:00
[2025-04-06T15:06:40.212+0000] {warnings.py:112} WARNING - /home/***/.local/lib/python3.12/site-packages/***/task/task_runner/standard_task_runner.py:70: DeprecationWarning: This process (pid=227) is multi-threaded, use of fork() may lead to deadlocks in the child.
  pid = os.fork()

[2025-04-06T15:06:40.214+0000] {standard_task_runner.py:104} INFO - Running: ['***', 'tasks', 'run', 'air_ingestion_dag', 'ingest', 'scheduled__2025-04-06T14:00:00+00:00', '--job-id', '173', '--raw', '--subdir', 'DAGS_FOLDER/air_ingestion_dag.py', '--cfg-path', '/tmp/tmpjl752r5m']
[2025-04-06T15:06:40.215+0000] {standard_task_runner.py:72} INFO - Started process 230 to run task
[2025-04-06T15:06:40.215+0000] {standard_task_runner.py:105} INFO - Job 173: Subtask ingest
[2025-04-06T15:06:40.257+0000] {task_command.py:467} INFO - Running <TaskInstance: air_ingestion_dag.ingest scheduled__2025-04-06T14:00:00+00:00 [running]> on host 242fb041fbeb
[2025-04-06T15:06:40.308+0000] {taskinstance.py:3134} INFO - Exporting env vars: AIRFLOW_CTX_DAG_OWNER='beni' AIRFLOW_CTX_DAG_ID='air_ingestion_dag' AIRFLOW_CTX_TASK_ID='ingest' AIRFLOW_CTX_EXECUTION_DATE='2025-04-06T14:00:00+00:00' AIRFLOW_CTX_TRY_NUMBER='1' AIRFLOW_CTX_DAG_RUN_ID='scheduled__2025-04-06T14:00:00+00:00'
[2025-04-06T15:06:40.310+0000] {taskinstance.py:732} INFO - ::endgroup::
[2025-04-06T15:06:40.904+0000] {logging_mixin.py:190} INFO - ✅ Saved: gs://gooutside-raw/air/bamberg/2025-04-06 05:00:00.json
[2025-04-06T15:06:41.252+0000] {logging_mixin.py:190} INFO - ✅ Saved: gs://gooutside-raw/air/bamberg/2025-04-06 06:00:00.json
[2025-04-06T15:06:41.632+0000] {logging_mixin.py:190} INFO - ✅ Saved: gs://gooutside-raw/air/bamberg/2025-04-06 07:00:00.json
[2025-04-06T15:06:41.965+0000] {logging_mixin.py:190} INFO - ✅ Saved: gs://gooutside-raw/air/bamberg/2025-04-06 08:00:00.json
[2025-04-06T15:06:42.334+0000] {logging_mixin.py:190} INFO - ✅ Saved: gs://gooutside-raw/air/bamberg/2025-04-06 09:00:00.json
[2025-04-06T15:06:42.675+0000] {logging_mixin.py:190} INFO - ✅ Saved: gs://gooutside-raw/air/bamberg/2025-04-06 10:00:00.json
[2025-04-06T15:06:43.043+0000] {logging_mixin.py:190} INFO - ✅ Saved: gs://gooutside-raw/air/bamberg/2025-04-06 11:00:00.json
[2025-04-06T15:06:43.403+0000] {logging_mixin.py:190} INFO - ✅ Saved: gs://gooutside-raw/air/bamberg/2025-04-06 12:00:00.json
[2025-04-06T15:06:43.762+0000] {logging_mixin.py:190} INFO - ✅ Saved: gs://gooutside-raw/air/bamberg/2025-04-06 13:00:00.json
[2025-04-06T15:06:43.763+0000] {python.py:240} INFO - Done. Returned value was: None
[2025-04-06T15:06:43.782+0000] {taskinstance.py:341} INFO - ::group::Post task execution logs
[2025-04-06T15:06:43.783+0000] {taskinstance.py:353} INFO - Marking task as SUCCESS. dag_id=air_ingestion_dag, task_id=ingest, run_id=scheduled__2025-04-06T14:00:00+00:00, execution_date=20250406T140000, start_date=20250406T150640, end_date=20250406T150643
[2025-04-06T15:06:43.844+0000] {local_task_job_runner.py:266} INFO - Task exited with return code 0
[2025-04-06T15:06:43.863+0000] {taskinstance.py:3901} INFO - 0 downstream tasks scheduled from follow-on schedule check
[2025-04-06T15:06:43.864+0000] {local_task_job_runner.py:245} INFO - ::endgroup::
