[2025-04-05T12:00:01.433+0000] {local_task_job_runner.py:123} INFO - ::group::Pre task execution logs
[2025-04-05T12:00:01.451+0000] {taskinstance.py:2614} INFO - Dependencies all met for dep_context=non-requeueable deps ti=<TaskInstance: weather_ingestion_dag.ingest scheduled__2025-04-05T11:00:00+00:00 [queued]>
[2025-04-05T12:00:01.457+0000] {taskinstance.py:2614} INFO - Dependencies all met for dep_context=requeueable deps ti=<TaskInstance: weather_ingestion_dag.ingest scheduled__2025-04-05T11:00:00+00:00 [queued]>
[2025-04-05T12:00:01.457+0000] {taskinstance.py:2867} INFO - Starting attempt 1 of 2
[2025-04-05T12:00:01.464+0000] {taskinstance.py:2890} INFO - Executing <Task(_PythonDecoratedOperator): ingest> on 2025-04-05 11:00:00+00:00
[2025-04-05T12:00:01.469+0000] {warnings.py:112} WARNING - /home/***/.local/lib/python3.12/site-packages/***/task/task_runner/standard_task_runner.py:70: DeprecationWarning: This process (pid=63) is multi-threaded, use of fork() may lead to deadlocks in the child.
  pid = os.fork()

[2025-04-05T12:00:01.471+0000] {standard_task_runner.py:72} INFO - Started process 65 to run task
[2025-04-05T12:00:01.472+0000] {standard_task_runner.py:104} INFO - Running: ['***', 'tasks', 'run', 'weather_ingestion_dag', 'ingest', 'scheduled__2025-04-05T11:00:00+00:00', '--job-id', '118', '--raw', '--subdir', 'DAGS_FOLDER/weather_ingestion_dag.py', '--cfg-path', '/tmp/tmpsqrtb5hh']
[2025-04-05T12:00:01.476+0000] {standard_task_runner.py:105} INFO - Job 118: Subtask ingest
[2025-04-05T12:00:01.524+0000] {task_command.py:467} INFO - Running <TaskInstance: weather_ingestion_dag.ingest scheduled__2025-04-05T11:00:00+00:00 [running]> on host 242fb041fbeb
[2025-04-05T12:00:01.591+0000] {taskinstance.py:3134} INFO - Exporting env vars: AIRFLOW_CTX_DAG_OWNER='beni' AIRFLOW_CTX_DAG_ID='weather_ingestion_dag' AIRFLOW_CTX_TASK_ID='ingest' AIRFLOW_CTX_EXECUTION_DATE='2025-04-05T11:00:00+00:00' AIRFLOW_CTX_TRY_NUMBER='1' AIRFLOW_CTX_DAG_RUN_ID='scheduled__2025-04-05T11:00:00+00:00'
[2025-04-05T12:00:01.595+0000] {taskinstance.py:732} INFO - ::endgroup::
[2025-04-05T12:00:02.201+0000] {logging_mixin.py:190} INFO - ✅ Saved: gs://gooutside-raw/weather/bamberg/2025-04-05T06:00:00+02:00.json
[2025-04-05T12:00:02.579+0000] {logging_mixin.py:190} INFO - ✅ Saved: gs://gooutside-raw/weather/bamberg/2025-04-05T07:00:00+02:00.json
[2025-04-05T12:00:02.964+0000] {logging_mixin.py:190} INFO - ✅ Saved: gs://gooutside-raw/weather/bamberg/2025-04-05T08:00:00+02:00.json
[2025-04-05T12:00:03.369+0000] {logging_mixin.py:190} INFO - ✅ Saved: gs://gooutside-raw/weather/bamberg/2025-04-05T09:00:00+02:00.json
[2025-04-05T12:00:03.729+0000] {logging_mixin.py:190} INFO - ✅ Saved: gs://gooutside-raw/weather/bamberg/2025-04-05T10:00:00+02:00.json
[2025-04-05T12:00:04.118+0000] {logging_mixin.py:190} INFO - ✅ Saved: gs://gooutside-raw/weather/bamberg/2025-04-05T11:00:00+02:00.json
[2025-04-05T12:00:04.497+0000] {logging_mixin.py:190} INFO - ✅ Saved: gs://gooutside-raw/weather/bamberg/2025-04-05T12:00:00+02:00.json
[2025-04-05T12:00:04.874+0000] {logging_mixin.py:190} INFO - ✅ Saved: gs://gooutside-raw/weather/bamberg/2025-04-05T13:00:00+02:00.json
[2025-04-05T12:00:05.261+0000] {logging_mixin.py:190} INFO - ✅ Saved: gs://gooutside-raw/weather/bamberg/2025-04-05T14:00:00+02:00.json
[2025-04-05T12:00:05.638+0000] {logging_mixin.py:190} INFO - ✅ Saved: gs://gooutside-raw/weather/bamberg/2025-04-05T15:00:00+02:00.json
[2025-04-05T12:00:06.020+0000] {logging_mixin.py:190} INFO - ✅ Saved: gs://gooutside-raw/weather/bamberg/2025-04-05T16:00:00+02:00.json
[2025-04-05T12:00:06.384+0000] {logging_mixin.py:190} INFO - ✅ Saved: gs://gooutside-raw/weather/bamberg/2025-04-05T17:00:00+02:00.json
[2025-04-05T12:00:06.763+0000] {logging_mixin.py:190} INFO - ✅ Saved: gs://gooutside-raw/weather/bamberg/2025-04-05T18:00:00+02:00.json
[2025-04-05T12:00:06.765+0000] {python.py:240} INFO - Done. Returned value was: None
[2025-04-05T12:00:06.783+0000] {taskinstance.py:341} INFO - ::group::Post task execution logs
[2025-04-05T12:00:06.784+0000] {taskinstance.py:353} INFO - Marking task as SUCCESS. dag_id=weather_ingestion_dag, task_id=ingest, run_id=scheduled__2025-04-05T11:00:00+00:00, execution_date=20250405T110000, start_date=20250405T120001, end_date=20250405T120006
[2025-04-05T12:00:06.861+0000] {local_task_job_runner.py:266} INFO - Task exited with return code 0
[2025-04-05T12:00:06.878+0000] {taskinstance.py:3901} INFO - 0 downstream tasks scheduled from follow-on schedule check
[2025-04-05T12:00:06.879+0000] {local_task_job_runner.py:245} INFO - ::endgroup::
