[2025-04-08T14:08:46.526+0000] {local_task_job_runner.py:123} INFO - ::group::Pre task execution logs
[2025-04-08T14:08:46.538+0000] {taskinstance.py:2614} INFO - Dependencies all met for dep_context=non-requeueable deps ti=<TaskInstance: air_ingestion_dag.ingest scheduled__2025-04-08T13:00:00+00:00 [queued]>
[2025-04-08T14:08:46.544+0000] {taskinstance.py:2614} INFO - Dependencies all met for dep_context=requeueable deps ti=<TaskInstance: air_ingestion_dag.ingest scheduled__2025-04-08T13:00:00+00:00 [queued]>
[2025-04-08T14:08:46.545+0000] {taskinstance.py:2867} INFO - Starting attempt 1 of 2
[2025-04-08T14:08:46.554+0000] {taskinstance.py:2890} INFO - Executing <Task(_PythonDecoratedOperator): ingest> on 2025-04-08 13:00:00+00:00
[2025-04-08T14:08:46.558+0000] {warnings.py:112} WARNING - /home/***/.local/lib/python3.12/site-packages/***/task/task_runner/standard_task_runner.py:70: DeprecationWarning: This process (pid=52) is multi-threaded, use of fork() may lead to deadlocks in the child.
  pid = os.fork()

[2025-04-08T14:08:46.559+0000] {standard_task_runner.py:104} INFO - Running: ['***', 'tasks', 'run', 'air_ingestion_dag', 'ingest', 'scheduled__2025-04-08T13:00:00+00:00', '--job-id', '283', '--raw', '--subdir', 'DAGS_FOLDER/air_ingestion_dag.py', '--cfg-path', '/tmp/tmpk8um24gn']
[2025-04-08T14:08:46.561+0000] {standard_task_runner.py:72} INFO - Started process 53 to run task
[2025-04-08T14:08:46.562+0000] {standard_task_runner.py:105} INFO - Job 283: Subtask ingest
[2025-04-08T14:08:46.608+0000] {task_command.py:467} INFO - Running <TaskInstance: air_ingestion_dag.ingest scheduled__2025-04-08T13:00:00+00:00 [running]> on host 4445d180ed6b
[2025-04-08T14:08:46.675+0000] {taskinstance.py:3134} INFO - Exporting env vars: AIRFLOW_CTX_DAG_OWNER='beni' AIRFLOW_CTX_DAG_ID='air_ingestion_dag' AIRFLOW_CTX_TASK_ID='ingest' AIRFLOW_CTX_EXECUTION_DATE='2025-04-08T13:00:00+00:00' AIRFLOW_CTX_TRY_NUMBER='1' AIRFLOW_CTX_DAG_RUN_ID='scheduled__2025-04-08T13:00:00+00:00'
[2025-04-08T14:08:46.677+0000] {taskinstance.py:732} INFO - ::endgroup::
[2025-04-08T14:08:46.681+0000] {logging_mixin.py:190} INFO - ⏰ Running for local time: 2025-04-08T15:00:00+02:00 (UTC: 2025-04-08T13:00:00+00:00)
[2025-04-08T14:08:47.236+0000] {logging_mixin.py:190} INFO - ✅ Saved: gs://gooutside-raw/air/bamberg/2025-04-08T0600.json
[2025-04-08T14:08:47.570+0000] {logging_mixin.py:190} INFO - ✅ Saved: gs://gooutside-raw/air/bamberg/2025-04-08T0700.json
[2025-04-08T14:08:47.900+0000] {logging_mixin.py:190} INFO - ✅ Saved: gs://gooutside-raw/air/bamberg/2025-04-08T0800.json
[2025-04-08T14:08:48.230+0000] {logging_mixin.py:190} INFO - ✅ Saved: gs://gooutside-raw/air/bamberg/2025-04-08T0900.json
[2025-04-08T14:08:48.555+0000] {logging_mixin.py:190} INFO - ✅ Saved: gs://gooutside-raw/air/bamberg/2025-04-08T1000.json
[2025-04-08T14:08:48.895+0000] {logging_mixin.py:190} INFO - ✅ Saved: gs://gooutside-raw/air/bamberg/2025-04-08T1100.json
[2025-04-08T14:08:49.243+0000] {logging_mixin.py:190} INFO - ✅ Saved: gs://gooutside-raw/air/bamberg/2025-04-08T1200.json
[2025-04-08T14:08:49.243+0000] {python.py:240} INFO - Done. Returned value was: None
[2025-04-08T14:08:49.250+0000] {taskinstance.py:341} INFO - ::group::Post task execution logs
[2025-04-08T14:08:49.250+0000] {taskinstance.py:353} INFO - Marking task as SUCCESS. dag_id=air_ingestion_dag, task_id=ingest, run_id=scheduled__2025-04-08T13:00:00+00:00, execution_date=20250408T130000, start_date=20250408T140846, end_date=20250408T140849
[2025-04-08T14:08:49.297+0000] {local_task_job_runner.py:266} INFO - Task exited with return code 0
[2025-04-08T14:08:49.313+0000] {taskinstance.py:3901} INFO - 0 downstream tasks scheduled from follow-on schedule check
[2025-04-08T14:08:49.318+0000] {local_task_job_runner.py:245} INFO - ::endgroup::
[2025-04-08T17:21:00.033+0000] {local_task_job_runner.py:123} INFO - ::group::Pre task execution logs
[2025-04-08T17:21:00.057+0000] {taskinstance.py:2614} INFO - Dependencies all met for dep_context=non-requeueable deps ti=<TaskInstance: air_ingestion_dag.ingest scheduled__2025-04-08T13:00:00+00:00 [queued]>
[2025-04-08T17:21:00.068+0000] {taskinstance.py:2614} INFO - Dependencies all met for dep_context=requeueable deps ti=<TaskInstance: air_ingestion_dag.ingest scheduled__2025-04-08T13:00:00+00:00 [queued]>
[2025-04-08T17:21:00.069+0000] {taskinstance.py:2867} INFO - Starting attempt 1 of 2
[2025-04-08T17:21:00.080+0000] {taskinstance.py:2890} INFO - Executing <Task(_PythonDecoratedOperator): ingest> on 2025-04-08 13:00:00+00:00
[2025-04-08T17:21:00.086+0000] {warnings.py:112} WARNING - /home/***/.local/lib/python3.12/site-packages/***/task/task_runner/standard_task_runner.py:70: DeprecationWarning: This process (pid=137) is multi-threaded, use of fork() may lead to deadlocks in the child.
  pid = os.fork()

[2025-04-08T17:21:00.087+0000] {standard_task_runner.py:104} INFO - Running: ['***', 'tasks', 'run', 'air_ingestion_dag', 'ingest', 'scheduled__2025-04-08T13:00:00+00:00', '--job-id', '436', '--raw', '--subdir', 'DAGS_FOLDER/air_ingestion_dag.py', '--cfg-path', '/tmp/tmpidfql1t0']
[2025-04-08T17:21:00.089+0000] {standard_task_runner.py:72} INFO - Started process 141 to run task
[2025-04-08T17:21:00.090+0000] {standard_task_runner.py:105} INFO - Job 436: Subtask ingest
[2025-04-08T17:21:00.142+0000] {task_command.py:467} INFO - Running <TaskInstance: air_ingestion_dag.ingest scheduled__2025-04-08T13:00:00+00:00 [running]> on host bb9ffce3cfda
[2025-04-08T17:21:00.218+0000] {taskinstance.py:3134} INFO - Exporting env vars: AIRFLOW_CTX_DAG_OWNER='beni' AIRFLOW_CTX_DAG_ID='air_ingestion_dag' AIRFLOW_CTX_TASK_ID='ingest' AIRFLOW_CTX_EXECUTION_DATE='2025-04-08T13:00:00+00:00' AIRFLOW_CTX_TRY_NUMBER='1' AIRFLOW_CTX_DAG_RUN_ID='scheduled__2025-04-08T13:00:00+00:00'
[2025-04-08T17:21:00.221+0000] {taskinstance.py:732} INFO - ::endgroup::
[2025-04-08T17:21:00.224+0000] {logging_mixin.py:190} INFO - ⏰ Running for local time: 2025-04-08T15:00:00+02:00 (UTC: 2025-04-08T13:00:00+00:00)
[2025-04-08T17:21:00.719+0000] {logging_mixin.py:190} INFO - ✅ Saved: gs://gooutside-raw/air/bamberg/2025-04-08T0600.json
[2025-04-08T17:21:01.079+0000] {logging_mixin.py:190} INFO - ✅ Saved: gs://gooutside-raw/air/bamberg/2025-04-08T0700.json
[2025-04-08T17:21:01.414+0000] {logging_mixin.py:190} INFO - ✅ Saved: gs://gooutside-raw/air/bamberg/2025-04-08T0800.json
[2025-04-08T17:21:01.764+0000] {logging_mixin.py:190} INFO - ✅ Saved: gs://gooutside-raw/air/bamberg/2025-04-08T0900.json
[2025-04-08T17:21:02.157+0000] {logging_mixin.py:190} INFO - ✅ Saved: gs://gooutside-raw/air/bamberg/2025-04-08T1000.json
[2025-04-08T17:21:02.508+0000] {logging_mixin.py:190} INFO - ✅ Saved: gs://gooutside-raw/air/bamberg/2025-04-08T1100.json
[2025-04-08T17:21:02.841+0000] {logging_mixin.py:190} INFO - ✅ Saved: gs://gooutside-raw/air/bamberg/2025-04-08T1200.json
[2025-04-08T17:21:03.176+0000] {logging_mixin.py:190} INFO - ✅ Saved: gs://gooutside-raw/air/bamberg/2025-04-08T1300.json
[2025-04-08T17:21:03.512+0000] {logging_mixin.py:190} INFO - ✅ Saved: gs://gooutside-raw/air/bamberg/2025-04-08T1400.json
[2025-04-08T17:21:03.845+0000] {logging_mixin.py:190} INFO - ✅ Saved: gs://gooutside-raw/air/bamberg/2025-04-08T1500.json
[2025-04-08T17:21:04.182+0000] {logging_mixin.py:190} INFO - ✅ Saved: gs://gooutside-raw/air/bamberg/2025-04-08T1600.json
[2025-04-08T17:21:04.182+0000] {python.py:240} INFO - Done. Returned value was: None
[2025-04-08T17:21:04.189+0000] {taskinstance.py:341} INFO - ::group::Post task execution logs
[2025-04-08T17:21:04.189+0000] {taskinstance.py:353} INFO - Marking task as SUCCESS. dag_id=air_ingestion_dag, task_id=ingest, run_id=scheduled__2025-04-08T13:00:00+00:00, execution_date=20250408T130000, start_date=20250408T172100, end_date=20250408T172104
[2025-04-08T17:21:04.212+0000] {local_task_job_runner.py:266} INFO - Task exited with return code 0
[2025-04-08T17:21:04.222+0000] {taskinstance.py:3901} INFO - 0 downstream tasks scheduled from follow-on schedule check
[2025-04-08T17:21:04.223+0000] {local_task_job_runner.py:245} INFO - ::endgroup::
