[2025-04-10T13:03:41.643+0000] {local_task_job_runner.py:123} INFO - ::group::Pre task execution logs
[2025-04-10T13:03:41.654+0000] {taskinstance.py:2614} INFO - Dependencies all met for dep_context=non-requeueable deps ti=<TaskInstance: air_ingestion_dag.ingest manual__2025-04-10T13:03:40.655636+00:00 [queued]>
[2025-04-10T13:03:41.675+0000] {taskinstance.py:2614} INFO - Dependencies all met for dep_context=requeueable deps ti=<TaskInstance: air_ingestion_dag.ingest manual__2025-04-10T13:03:40.655636+00:00 [queued]>
[2025-04-10T13:03:41.676+0000] {taskinstance.py:2867} INFO - Starting attempt 1 of 2
[2025-04-10T13:03:41.687+0000] {taskinstance.py:2890} INFO - Executing <Task(_PythonDecoratedOperator): ingest> on 2025-04-10 13:03:40.655636+00:00
[2025-04-10T13:03:41.690+0000] {warnings.py:112} WARNING - /home/***/.local/lib/python3.12/site-packages/***/task/task_runner/standard_task_runner.py:70: DeprecationWarning: This process (pid=288) is multi-threaded, use of fork() may lead to deadlocks in the child.
  pid = os.fork()

[2025-04-10T13:03:41.692+0000] {standard_task_runner.py:72} INFO - Started process 289 to run task
[2025-04-10T13:03:41.692+0000] {standard_task_runner.py:104} INFO - Running: ['***', 'tasks', 'run', 'air_ingestion_dag', 'ingest', 'manual__2025-04-10T13:03:40.655636+00:00', '--job-id', '568', '--raw', '--subdir', 'DAGS_FOLDER/air_ingestion_dag.py', '--cfg-path', '/tmp/tmpegix82v2']
[2025-04-10T13:03:41.694+0000] {standard_task_runner.py:105} INFO - Job 568: Subtask ingest
[2025-04-10T13:03:41.728+0000] {task_command.py:467} INFO - Running <TaskInstance: air_ingestion_dag.ingest manual__2025-04-10T13:03:40.655636+00:00 [running]> on host 98acdd3c69ae
[2025-04-10T13:03:41.790+0000] {taskinstance.py:3134} INFO - Exporting env vars: AIRFLOW_CTX_DAG_OWNER='beni' AIRFLOW_CTX_DAG_ID='air_ingestion_dag' AIRFLOW_CTX_TASK_ID='ingest' AIRFLOW_CTX_EXECUTION_DATE='2025-04-10T13:03:40.655636+00:00' AIRFLOW_CTX_TRY_NUMBER='1' AIRFLOW_CTX_DAG_RUN_ID='manual__2025-04-10T13:03:40.655636+00:00'
[2025-04-10T13:03:41.791+0000] {taskinstance.py:732} INFO - ::endgroup::
[2025-04-10T13:03:41.796+0000] {air_ingestion_dag.py:30} INFO - 📅 Fetching UBA data for MEZ day: 2025-04-10
[2025-04-10T13:03:41.978+0000] {air_ingestion_dag.py:40} INFO - 📦 Parsed 5 entries
[2025-04-10T13:03:41.978+0000] {air_ingestion_dag.py:43} INFO - 💾 Saving air entry for 2025-04-10T06:00:00+00:00
[2025-04-10T13:03:42.362+0000] {logging_mixin.py:190} INFO - ✅ Saved: gs://gooutside-raw/air/bamberg/2025-04-10T0600.json
[2025-04-10T13:03:42.363+0000] {air_ingestion_dag.py:43} INFO - 💾 Saving air entry for 2025-04-10T07:00:00+00:00
[2025-04-10T13:03:42.732+0000] {logging_mixin.py:190} INFO - ✅ Saved: gs://gooutside-raw/air/bamberg/2025-04-10T0700.json
[2025-04-10T13:03:42.733+0000] {air_ingestion_dag.py:43} INFO - 💾 Saving air entry for 2025-04-10T08:00:00+00:00
[2025-04-10T13:03:43.127+0000] {logging_mixin.py:190} INFO - ✅ Saved: gs://gooutside-raw/air/bamberg/2025-04-10T0800.json
[2025-04-10T13:03:43.128+0000] {air_ingestion_dag.py:43} INFO - 💾 Saving air entry for 2025-04-10T09:00:00+00:00
[2025-04-10T13:03:43.515+0000] {logging_mixin.py:190} INFO - ✅ Saved: gs://gooutside-raw/air/bamberg/2025-04-10T0900.json
[2025-04-10T13:03:43.515+0000] {air_ingestion_dag.py:43} INFO - 💾 Saving air entry for 2025-04-10T10:00:00+00:00
[2025-04-10T13:03:43.860+0000] {logging_mixin.py:190} INFO - ✅ Saved: gs://gooutside-raw/air/bamberg/2025-04-10T1000.json
[2025-04-10T13:03:43.861+0000] {python.py:240} INFO - Done. Returned value was: None
[2025-04-10T13:03:43.881+0000] {taskinstance.py:341} INFO - ::group::Post task execution logs
[2025-04-10T13:03:43.882+0000] {taskinstance.py:353} INFO - Marking task as SUCCESS. dag_id=air_ingestion_dag, task_id=ingest, run_id=manual__2025-04-10T13:03:40.655636+00:00, execution_date=20250410T130340, start_date=20250410T130341, end_date=20250410T130343
[2025-04-10T13:03:43.954+0000] {local_task_job_runner.py:266} INFO - Task exited with return code 0
[2025-04-10T13:03:43.967+0000] {taskinstance.py:3901} INFO - 0 downstream tasks scheduled from follow-on schedule check
[2025-04-10T13:03:43.969+0000] {local_task_job_runner.py:245} INFO - ::endgroup::
