[2025-04-05T18:43:33.931+0000] {local_task_job_runner.py:123} INFO - ::group::Pre task execution logs
[2025-04-05T18:43:33.945+0000] {taskinstance.py:2614} INFO - Dependencies all met for dep_context=non-requeueable deps ti=<TaskInstance: weather_ingestion_dag.ingest scheduled__2025-04-05T17:00:00+00:00 [queued]>
[2025-04-05T18:43:33.949+0000] {taskinstance.py:2614} INFO - Dependencies all met for dep_context=requeueable deps ti=<TaskInstance: weather_ingestion_dag.ingest scheduled__2025-04-05T17:00:00+00:00 [queued]>
[2025-04-05T18:43:33.949+0000] {taskinstance.py:2867} INFO - Starting attempt 1 of 2
[2025-04-05T18:43:33.956+0000] {taskinstance.py:2890} INFO - Executing <Task(_PythonDecoratedOperator): ingest> on 2025-04-05 17:00:00+00:00
[2025-04-05T18:43:33.959+0000] {warnings.py:112} WARNING - /home/***/.local/lib/python3.12/site-packages/***/task/task_runner/standard_task_runner.py:70: DeprecationWarning: This process (pid=99) is multi-threaded, use of fork() may lead to deadlocks in the child.
  pid = os.fork()

[2025-04-05T18:43:33.960+0000] {standard_task_runner.py:72} INFO - Started process 101 to run task
[2025-04-05T18:43:33.961+0000] {standard_task_runner.py:104} INFO - Running: ['***', 'tasks', 'run', 'weather_ingestion_dag', 'ingest', 'scheduled__2025-04-05T17:00:00+00:00', '--job-id', '130', '--raw', '--subdir', 'DAGS_FOLDER/weather_ingestion_dag.py', '--cfg-path', '/tmp/tmpbznvakm6']
[2025-04-05T18:43:33.966+0000] {standard_task_runner.py:105} INFO - Job 130: Subtask ingest
[2025-04-05T18:43:34.011+0000] {task_command.py:467} INFO - Running <TaskInstance: weather_ingestion_dag.ingest scheduled__2025-04-05T17:00:00+00:00 [running]> on host 242fb041fbeb
[2025-04-05T18:43:34.067+0000] {taskinstance.py:3134} INFO - Exporting env vars: AIRFLOW_CTX_DAG_OWNER='beni' AIRFLOW_CTX_DAG_ID='weather_ingestion_dag' AIRFLOW_CTX_TASK_ID='ingest' AIRFLOW_CTX_EXECUTION_DATE='2025-04-05T17:00:00+00:00' AIRFLOW_CTX_TRY_NUMBER='1' AIRFLOW_CTX_DAG_RUN_ID='scheduled__2025-04-05T17:00:00+00:00'
[2025-04-05T18:43:34.068+0000] {taskinstance.py:732} INFO - ::endgroup::
[2025-04-05T18:43:34.670+0000] {logging_mixin.py:190} INFO - ✅ Saved: gs://gooutside-raw/weather/bamberg/2025-04-05T06:00:00+02:00.json
[2025-04-05T18:43:35.026+0000] {logging_mixin.py:190} INFO - ✅ Saved: gs://gooutside-raw/weather/bamberg/2025-04-05T07:00:00+02:00.json
[2025-04-05T18:43:35.377+0000] {logging_mixin.py:190} INFO - ✅ Saved: gs://gooutside-raw/weather/bamberg/2025-04-05T08:00:00+02:00.json
[2025-04-05T18:43:35.723+0000] {logging_mixin.py:190} INFO - ✅ Saved: gs://gooutside-raw/weather/bamberg/2025-04-05T09:00:00+02:00.json
[2025-04-05T18:43:36.064+0000] {logging_mixin.py:190} INFO - ✅ Saved: gs://gooutside-raw/weather/bamberg/2025-04-05T10:00:00+02:00.json
[2025-04-05T18:43:36.414+0000] {logging_mixin.py:190} INFO - ✅ Saved: gs://gooutside-raw/weather/bamberg/2025-04-05T11:00:00+02:00.json
[2025-04-05T18:43:36.769+0000] {logging_mixin.py:190} INFO - ✅ Saved: gs://gooutside-raw/weather/bamberg/2025-04-05T12:00:00+02:00.json
[2025-04-05T18:43:37.122+0000] {logging_mixin.py:190} INFO - ✅ Saved: gs://gooutside-raw/weather/bamberg/2025-04-05T13:00:00+02:00.json
[2025-04-05T18:43:37.469+0000] {logging_mixin.py:190} INFO - ✅ Saved: gs://gooutside-raw/weather/bamberg/2025-04-05T14:00:00+02:00.json
[2025-04-05T18:43:37.841+0000] {logging_mixin.py:190} INFO - ✅ Saved: gs://gooutside-raw/weather/bamberg/2025-04-05T15:00:00+02:00.json
[2025-04-05T18:43:38.208+0000] {logging_mixin.py:190} INFO - ✅ Saved: gs://gooutside-raw/weather/bamberg/2025-04-05T16:00:00+02:00.json
[2025-04-05T18:43:38.549+0000] {logging_mixin.py:190} INFO - ✅ Saved: gs://gooutside-raw/weather/bamberg/2025-04-05T17:00:00+02:00.json
[2025-04-05T18:43:38.922+0000] {logging_mixin.py:190} INFO - ✅ Saved: gs://gooutside-raw/weather/bamberg/2025-04-05T18:00:00+02:00.json
[2025-04-05T18:43:38.924+0000] {python.py:240} INFO - Done. Returned value was: None
[2025-04-05T18:43:38.944+0000] {taskinstance.py:341} INFO - ::group::Post task execution logs
[2025-04-05T18:43:38.944+0000] {taskinstance.py:353} INFO - Marking task as SUCCESS. dag_id=weather_ingestion_dag, task_id=ingest, run_id=scheduled__2025-04-05T17:00:00+00:00, execution_date=20250405T170000, start_date=20250405T184333, end_date=20250405T184338
[2025-04-05T18:43:38.991+0000] {local_task_job_runner.py:266} INFO - Task exited with return code 0
[2025-04-05T18:43:39.002+0000] {taskinstance.py:3901} INFO - 0 downstream tasks scheduled from follow-on schedule check
[2025-04-05T18:43:39.003+0000] {local_task_job_runner.py:245} INFO - ::endgroup::
