[2025-04-10T15:00:12.888+0000] {local_task_job_runner.py:123} INFO - ::group::Pre task execution logs
[2025-04-10T15:00:12.913+0000] {taskinstance.py:2614} INFO - Dependencies all met for dep_context=non-requeueable deps ti=<TaskInstance: air_ingestion_backfill_dag_simple.ingest scheduled__2025-04-09T13:00:00+00:00 [queued]>
[2025-04-10T15:00:12.925+0000] {taskinstance.py:2614} INFO - Dependencies all met for dep_context=requeueable deps ti=<TaskInstance: air_ingestion_backfill_dag_simple.ingest scheduled__2025-04-09T13:00:00+00:00 [queued]>
[2025-04-10T15:00:12.926+0000] {taskinstance.py:2867} INFO - Starting attempt 1 of 2
[2025-04-10T15:00:12.941+0000] {taskinstance.py:2890} INFO - Executing <Task(_PythonDecoratedOperator): ingest> on 2025-04-09 13:00:00+00:00
[2025-04-10T15:00:12.947+0000] {warnings.py:112} WARNING - /home/***/.local/lib/python3.12/site-packages/***/task/task_runner/standard_task_runner.py:70: DeprecationWarning: This process (pid=461) is multi-threaded, use of fork() may lead to deadlocks in the child.
  pid = os.fork()

[2025-04-10T15:00:12.950+0000] {standard_task_runner.py:72} INFO - Started process 468 to run task
[2025-04-10T15:00:12.949+0000] {standard_task_runner.py:104} INFO - Running: ['***', 'tasks', 'run', 'air_ingestion_backfill_dag_simple', 'ingest', 'scheduled__2025-04-09T13:00:00+00:00', '--job-id', '625', '--raw', '--subdir', 'DAGS_FOLDER/air_backfill_dag.py', '--cfg-path', '/tmp/tmpvu3inear']
[2025-04-10T15:00:12.952+0000] {standard_task_runner.py:105} INFO - Job 625: Subtask ingest
[2025-04-10T15:00:13.013+0000] {task_command.py:467} INFO - Running <TaskInstance: air_ingestion_backfill_dag_simple.ingest scheduled__2025-04-09T13:00:00+00:00 [running]> on host 98acdd3c69ae
[2025-04-10T15:00:13.113+0000] {taskinstance.py:3134} INFO - Exporting env vars: AIRFLOW_CTX_DAG_OWNER='beni' AIRFLOW_CTX_DAG_ID='air_ingestion_backfill_dag_simple' AIRFLOW_CTX_TASK_ID='ingest' AIRFLOW_CTX_EXECUTION_DATE='2025-04-09T13:00:00+00:00' AIRFLOW_CTX_TRY_NUMBER='1' AIRFLOW_CTX_DAG_RUN_ID='scheduled__2025-04-09T13:00:00+00:00'
[2025-04-10T15:00:13.114+0000] {taskinstance.py:732} INFO - ::endgroup::
[2025-04-10T15:00:13.654+0000] {logging_mixin.py:190} INFO - ✅ Saved: gs://gooutside-raw/air/bamberg/2025-04-09T0600.json
[2025-04-10T15:00:14.062+0000] {logging_mixin.py:190} INFO - ✅ Saved: gs://gooutside-raw/air/bamberg/2025-04-09T0700.json
[2025-04-10T15:00:14.427+0000] {logging_mixin.py:190} INFO - ✅ Saved: gs://gooutside-raw/air/bamberg/2025-04-09T0800.json
[2025-04-10T15:00:14.810+0000] {logging_mixin.py:190} INFO - ✅ Saved: gs://gooutside-raw/air/bamberg/2025-04-09T0900.json
[2025-04-10T15:00:15.122+0000] {logging_mixin.py:190} INFO - ✅ Saved: gs://gooutside-raw/air/bamberg/2025-04-09T1000.json
[2025-04-10T15:00:15.445+0000] {logging_mixin.py:190} INFO - ✅ Saved: gs://gooutside-raw/air/bamberg/2025-04-09T1100.json
[2025-04-10T15:00:15.781+0000] {logging_mixin.py:190} INFO - ✅ Saved: gs://gooutside-raw/air/bamberg/2025-04-09T1200.json
[2025-04-10T15:00:16.104+0000] {logging_mixin.py:190} INFO - ✅ Saved: gs://gooutside-raw/air/bamberg/2025-04-09T1300.json
[2025-04-10T15:00:16.429+0000] {logging_mixin.py:190} INFO - ✅ Saved: gs://gooutside-raw/air/bamberg/2025-04-09T1400.json
[2025-04-10T15:00:16.766+0000] {logging_mixin.py:190} INFO - ✅ Saved: gs://gooutside-raw/air/bamberg/2025-04-09T1500.json
[2025-04-10T15:00:17.158+0000] {logging_mixin.py:190} INFO - ✅ Saved: gs://gooutside-raw/air/bamberg/2025-04-09T1600.json
[2025-04-10T15:00:17.504+0000] {logging_mixin.py:190} INFO - ✅ Saved: gs://gooutside-raw/air/bamberg/2025-04-09T1700.json
[2025-04-10T15:00:17.857+0000] {logging_mixin.py:190} INFO - ✅ Saved: gs://gooutside-raw/air/bamberg/2025-04-09T1800.json
[2025-04-10T15:00:18.256+0000] {logging_mixin.py:190} INFO - ✅ Saved: gs://gooutside-raw/air/bamberg/2025-04-09T1900.json
[2025-04-10T15:00:18.256+0000] {python.py:240} INFO - Done. Returned value was: None
[2025-04-10T15:00:18.267+0000] {taskinstance.py:341} INFO - ::group::Post task execution logs
[2025-04-10T15:00:18.267+0000] {taskinstance.py:353} INFO - Marking task as SUCCESS. dag_id=air_ingestion_backfill_dag_simple, task_id=ingest, run_id=scheduled__2025-04-09T13:00:00+00:00, execution_date=20250409T130000, start_date=20250410T150012, end_date=20250410T150018
[2025-04-10T15:00:18.328+0000] {local_task_job_runner.py:266} INFO - Task exited with return code 0
[2025-04-10T15:00:18.346+0000] {taskinstance.py:3901} INFO - 0 downstream tasks scheduled from follow-on schedule check
[2025-04-10T15:00:18.347+0000] {local_task_job_runner.py:245} INFO - ::endgroup::
