[2025-04-09T13:06:46.783+0000] {local_task_job_runner.py:123} INFO - ::group::Pre task execution logs
[2025-04-09T13:06:46.796+0000] {taskinstance.py:2614} INFO - Dependencies all met for dep_context=non-requeueable deps ti=<TaskInstance: weather_ingestion_dag.ingest scheduled__2025-04-09T12:00:00+00:00 [queued]>
[2025-04-09T13:06:46.801+0000] {taskinstance.py:2614} INFO - Dependencies all met for dep_context=requeueable deps ti=<TaskInstance: weather_ingestion_dag.ingest scheduled__2025-04-09T12:00:00+00:00 [queued]>
[2025-04-09T13:06:46.802+0000] {taskinstance.py:2867} INFO - Starting attempt 1 of 2
[2025-04-09T13:06:46.810+0000] {taskinstance.py:2890} INFO - Executing <Task(_PythonDecoratedOperator): ingest> on 2025-04-09 12:00:00+00:00
[2025-04-09T13:06:46.816+0000] {warnings.py:112} WARNING - /home/***/.local/lib/python3.12/site-packages/***/task/task_runner/standard_task_runner.py:70: DeprecationWarning: This process (pid=70) is multi-threaded, use of fork() may lead to deadlocks in the child.
  pid = os.fork()

[2025-04-09T13:06:46.819+0000] {standard_task_runner.py:72} INFO - Started process 72 to run task
[2025-04-09T13:06:46.817+0000] {standard_task_runner.py:104} INFO - Running: ['***', 'tasks', 'run', 'weather_ingestion_dag', 'ingest', 'scheduled__2025-04-09T12:00:00+00:00', '--job-id', '495', '--raw', '--subdir', 'DAGS_FOLDER/weather_ingestion_dag.py', '--cfg-path', '/tmp/tmph7zuz315']
[2025-04-09T13:06:46.820+0000] {standard_task_runner.py:105} INFO - Job 495: Subtask ingest
[2025-04-09T13:06:46.861+0000] {task_command.py:467} INFO - Running <TaskInstance: weather_ingestion_dag.ingest scheduled__2025-04-09T12:00:00+00:00 [running]> on host 98acdd3c69ae
[2025-04-09T13:06:46.919+0000] {taskinstance.py:3134} INFO - Exporting env vars: AIRFLOW_CTX_DAG_OWNER='beni' AIRFLOW_CTX_DAG_ID='weather_ingestion_dag' AIRFLOW_CTX_TASK_ID='ingest' AIRFLOW_CTX_EXECUTION_DATE='2025-04-09T12:00:00+00:00' AIRFLOW_CTX_TRY_NUMBER='1' AIRFLOW_CTX_DAG_RUN_ID='scheduled__2025-04-09T12:00:00+00:00'
[2025-04-09T13:06:46.920+0000] {taskinstance.py:732} INFO - ::endgroup::
[2025-04-09T13:06:47.536+0000] {logging_mixin.py:190} INFO - ✅ Saved: gs://gooutside-raw/weather/bamberg/2025-04-09T06:00:00+02:00.json
[2025-04-09T13:06:47.941+0000] {logging_mixin.py:190} INFO - ✅ Saved: gs://gooutside-raw/weather/bamberg/2025-04-09T07:00:00+02:00.json
[2025-04-09T13:06:48.361+0000] {logging_mixin.py:190} INFO - ✅ Saved: gs://gooutside-raw/weather/bamberg/2025-04-09T08:00:00+02:00.json
[2025-04-09T13:06:48.740+0000] {logging_mixin.py:190} INFO - ✅ Saved: gs://gooutside-raw/weather/bamberg/2025-04-09T09:00:00+02:00.json
[2025-04-09T13:06:49.099+0000] {logging_mixin.py:190} INFO - ✅ Saved: gs://gooutside-raw/weather/bamberg/2025-04-09T10:00:00+02:00.json
[2025-04-09T13:06:49.440+0000] {logging_mixin.py:190} INFO - ✅ Saved: gs://gooutside-raw/weather/bamberg/2025-04-09T11:00:00+02:00.json
[2025-04-09T13:06:49.807+0000] {logging_mixin.py:190} INFO - ✅ Saved: gs://gooutside-raw/weather/bamberg/2025-04-09T12:00:00+02:00.json
[2025-04-09T13:06:50.171+0000] {logging_mixin.py:190} INFO - ✅ Saved: gs://gooutside-raw/weather/bamberg/2025-04-09T13:00:00+02:00.json
[2025-04-09T13:06:50.554+0000] {logging_mixin.py:190} INFO - ✅ Saved: gs://gooutside-raw/weather/bamberg/2025-04-09T14:00:00+02:00.json
[2025-04-09T13:06:50.944+0000] {logging_mixin.py:190} INFO - ✅ Saved: gs://gooutside-raw/weather/bamberg/2025-04-09T15:00:00+02:00.json
[2025-04-09T13:06:51.321+0000] {logging_mixin.py:190} INFO - ✅ Saved: gs://gooutside-raw/weather/bamberg/2025-04-09T16:00:00+02:00.json
[2025-04-09T13:06:51.669+0000] {logging_mixin.py:190} INFO - ✅ Saved: gs://gooutside-raw/weather/bamberg/2025-04-09T17:00:00+02:00.json
[2025-04-09T13:06:52.049+0000] {logging_mixin.py:190} INFO - ✅ Saved: gs://gooutside-raw/weather/bamberg/2025-04-09T18:00:00+02:00.json
[2025-04-09T13:06:52.050+0000] {python.py:240} INFO - Done. Returned value was: None
[2025-04-09T13:06:52.067+0000] {taskinstance.py:341} INFO - ::group::Post task execution logs
[2025-04-09T13:06:52.068+0000] {taskinstance.py:353} INFO - Marking task as SUCCESS. dag_id=weather_ingestion_dag, task_id=ingest, run_id=scheduled__2025-04-09T12:00:00+00:00, execution_date=20250409T120000, start_date=20250409T130646, end_date=20250409T130652
[2025-04-09T13:06:52.137+0000] {local_task_job_runner.py:266} INFO - Task exited with return code 0
[2025-04-09T13:06:52.153+0000] {taskinstance.py:3901} INFO - 0 downstream tasks scheduled from follow-on schedule check
[2025-04-09T13:06:52.154+0000] {local_task_job_runner.py:245} INFO - ::endgroup::
