[2025-04-08T14:50:13.646+0000] {local_task_job_runner.py:123} INFO - ::group::Pre task execution logs
[2025-04-08T14:50:13.673+0000] {taskinstance.py:2614} INFO - Dependencies all met for dep_context=non-requeueable deps ti=<TaskInstance: air_ingestion_dag.ingest backfill__2024-01-03T21:00:00+00:00 [queued]>
[2025-04-08T14:50:13.683+0000] {taskinstance.py:2614} INFO - Dependencies all met for dep_context=requeueable deps ti=<TaskInstance: air_ingestion_dag.ingest backfill__2024-01-03T21:00:00+00:00 [queued]>
[2025-04-08T14:50:13.684+0000] {taskinstance.py:2867} INFO - Starting attempt 1 of 2
[2025-04-08T14:50:13.694+0000] {taskinstance.py:2890} INFO - Executing <Task(_PythonDecoratedOperator): ingest> on 2024-01-03 21:00:00+00:00
[2025-04-08T14:50:13.699+0000] {warnings.py:112} WARNING - /home/***/.local/lib/python3.12/site-packages/***/task/task_runner/standard_task_runner.py:70: DeprecationWarning: This process (pid=54) is multi-threaded, use of fork() may lead to deadlocks in the child.
  pid = os.fork()

[2025-04-08T14:50:13.701+0000] {standard_task_runner.py:104} INFO - Running: ['***', 'tasks', 'run', 'air_ingestion_dag', 'ingest', 'backfill__2024-01-03T21:00:00+00:00', '--job-id', '369', '--pool', 'default_pool', '--raw', '--subdir', 'DAGS_FOLDER/air_ingestion_dag.py', '--cfg-path', '/tmp/tmpr3zrihx3']
[2025-04-08T14:50:13.702+0000] {standard_task_runner.py:72} INFO - Started process 58 to run task
[2025-04-08T14:50:13.703+0000] {standard_task_runner.py:105} INFO - Job 369: Subtask ingest
[2025-04-08T14:50:13.786+0000] {task_command.py:467} INFO - Running <TaskInstance: air_ingestion_dag.ingest backfill__2024-01-03T21:00:00+00:00 [running]> on host 48eda3218d1e
[2025-04-08T14:50:13.900+0000] {taskinstance.py:3134} INFO - Exporting env vars: AIRFLOW_CTX_DAG_OWNER='beni' AIRFLOW_CTX_DAG_ID='air_ingestion_dag' AIRFLOW_CTX_TASK_ID='ingest' AIRFLOW_CTX_EXECUTION_DATE='2024-01-03T21:00:00+00:00' AIRFLOW_CTX_TRY_NUMBER='1' AIRFLOW_CTX_DAG_RUN_ID='backfill__2024-01-03T21:00:00+00:00'
[2025-04-08T14:50:13.902+0000] {taskinstance.py:732} INFO - ::endgroup::
[2025-04-08T14:50:13.907+0000] {logging_mixin.py:190} INFO - ⏰ Running for local time: 2024-01-03T22:00:00+01:00 (UTC: 2024-01-03T21:00:00+00:00)
[2025-04-08T14:50:13.908+0000] {logging_mixin.py:190} INFO - ⏭️ Skipping run at 2024-01-03T22:00:00+01:00 – outside ingestion window
[2025-04-08T14:50:13.909+0000] {python.py:240} INFO - Done. Returned value was: None
[2025-04-08T14:50:13.928+0000] {taskinstance.py:341} INFO - ::group::Post task execution logs
[2025-04-08T14:50:13.929+0000] {taskinstance.py:353} INFO - Marking task as SUCCESS. dag_id=air_ingestion_dag, task_id=ingest, run_id=backfill__2024-01-03T21:00:00+00:00, execution_date=20240103T210000, start_date=20250408T145013, end_date=20250408T145013
[2025-04-08T14:50:14.005+0000] {local_task_job_runner.py:266} INFO - Task exited with return code 0
[2025-04-08T14:50:14.022+0000] {taskinstance.py:3901} INFO - 0 downstream tasks scheduled from follow-on schedule check
[2025-04-08T14:50:14.025+0000] {local_task_job_runner.py:245} INFO - ::endgroup::
