[2025-04-07T07:20:34.827+0000] {local_task_job_runner.py:123} INFO - ::group::Pre task execution logs
[2025-04-07T07:20:34.843+0000] {taskinstance.py:2614} INFO - Dependencies all met for dep_context=non-requeueable deps ti=<TaskInstance: weather_ingestion_dag.ingest scheduled__2025-04-07T06:00:00+00:00 [queued]>
[2025-04-07T07:20:34.849+0000] {taskinstance.py:2614} INFO - Dependencies all met for dep_context=requeueable deps ti=<TaskInstance: weather_ingestion_dag.ingest scheduled__2025-04-07T06:00:00+00:00 [queued]>
[2025-04-07T07:20:34.850+0000] {taskinstance.py:2867} INFO - Starting attempt 1 of 2
[2025-04-07T07:20:34.858+0000] {taskinstance.py:2890} INFO - Executing <Task(_PythonDecoratedOperator): ingest> on 2025-04-07 06:00:00+00:00
[2025-04-07T07:20:34.867+0000] {warnings.py:112} WARNING - /home/***/.local/lib/python3.12/site-packages/***/task/task_runner/standard_task_runner.py:70: DeprecationWarning: This process (pid=326) is multi-threaded, use of fork() may lead to deadlocks in the child.
  pid = os.fork()

[2025-04-07T07:20:34.870+0000] {standard_task_runner.py:72} INFO - Started process 327 to run task
[2025-04-07T07:20:34.871+0000] {standard_task_runner.py:104} INFO - Running: ['***', 'tasks', 'run', 'weather_ingestion_dag', 'ingest', 'scheduled__2025-04-07T06:00:00+00:00', '--job-id', '205', '--raw', '--subdir', 'DAGS_FOLDER/weather_ingestion_dag.py', '--cfg-path', '/tmp/tmp2w4qx60g']
[2025-04-07T07:20:34.874+0000] {standard_task_runner.py:105} INFO - Job 205: Subtask ingest
[2025-04-07T07:20:34.928+0000] {task_command.py:467} INFO - Running <TaskInstance: weather_ingestion_dag.ingest scheduled__2025-04-07T06:00:00+00:00 [running]> on host 242fb041fbeb
[2025-04-07T07:20:34.995+0000] {taskinstance.py:3134} INFO - Exporting env vars: AIRFLOW_CTX_DAG_OWNER='beni' AIRFLOW_CTX_DAG_ID='weather_ingestion_dag' AIRFLOW_CTX_TASK_ID='ingest' AIRFLOW_CTX_EXECUTION_DATE='2025-04-07T06:00:00+00:00' AIRFLOW_CTX_TRY_NUMBER='1' AIRFLOW_CTX_DAG_RUN_ID='scheduled__2025-04-07T06:00:00+00:00'
[2025-04-07T07:20:34.996+0000] {taskinstance.py:732} INFO - ::endgroup::
[2025-04-07T07:20:35.643+0000] {logging_mixin.py:190} INFO - ✅ Saved: gs://gooutside-raw/weather/bamberg/2025-04-07T06:00:00+02:00.json
[2025-04-07T07:20:36.048+0000] {logging_mixin.py:190} INFO - ✅ Saved: gs://gooutside-raw/weather/bamberg/2025-04-07T07:00:00+02:00.json
[2025-04-07T07:20:36.438+0000] {logging_mixin.py:190} INFO - ✅ Saved: gs://gooutside-raw/weather/bamberg/2025-04-07T08:00:00+02:00.json
[2025-04-07T07:20:36.816+0000] {logging_mixin.py:190} INFO - ✅ Saved: gs://gooutside-raw/weather/bamberg/2025-04-07T09:00:00+02:00.json
[2025-04-07T07:20:37.204+0000] {logging_mixin.py:190} INFO - ✅ Saved: gs://gooutside-raw/weather/bamberg/2025-04-07T10:00:00+02:00.json
[2025-04-07T07:20:37.604+0000] {logging_mixin.py:190} INFO - ✅ Saved: gs://gooutside-raw/weather/bamberg/2025-04-07T11:00:00+02:00.json
[2025-04-07T07:20:37.989+0000] {logging_mixin.py:190} INFO - ✅ Saved: gs://gooutside-raw/weather/bamberg/2025-04-07T12:00:00+02:00.json
[2025-04-07T07:20:38.372+0000] {logging_mixin.py:190} INFO - ✅ Saved: gs://gooutside-raw/weather/bamberg/2025-04-07T13:00:00+02:00.json
[2025-04-07T07:20:38.723+0000] {logging_mixin.py:190} INFO - ✅ Saved: gs://gooutside-raw/weather/bamberg/2025-04-07T14:00:00+02:00.json
[2025-04-07T07:20:39.104+0000] {logging_mixin.py:190} INFO - ✅ Saved: gs://gooutside-raw/weather/bamberg/2025-04-07T15:00:00+02:00.json
[2025-04-07T07:20:39.488+0000] {logging_mixin.py:190} INFO - ✅ Saved: gs://gooutside-raw/weather/bamberg/2025-04-07T16:00:00+02:00.json
[2025-04-07T07:20:39.865+0000] {logging_mixin.py:190} INFO - ✅ Saved: gs://gooutside-raw/weather/bamberg/2025-04-07T17:00:00+02:00.json
[2025-04-07T07:20:40.250+0000] {logging_mixin.py:190} INFO - ✅ Saved: gs://gooutside-raw/weather/bamberg/2025-04-07T18:00:00+02:00.json
[2025-04-07T07:20:40.250+0000] {python.py:240} INFO - Done. Returned value was: None
[2025-04-07T07:20:40.264+0000] {taskinstance.py:341} INFO - ::group::Post task execution logs
[2025-04-07T07:20:40.264+0000] {taskinstance.py:353} INFO - Marking task as SUCCESS. dag_id=weather_ingestion_dag, task_id=ingest, run_id=scheduled__2025-04-07T06:00:00+00:00, execution_date=20250407T060000, start_date=20250407T072034, end_date=20250407T072040
[2025-04-07T07:20:40.326+0000] {local_task_job_runner.py:266} INFO - Task exited with return code 0
[2025-04-07T07:20:40.337+0000] {taskinstance.py:3901} INFO - 0 downstream tasks scheduled from follow-on schedule check
[2025-04-07T07:20:40.337+0000] {local_task_job_runner.py:245} INFO - ::endgroup::
