[2025-04-07T08:04:01.020+0000] {local_task_job_runner.py:123} INFO - ::group::Pre task execution logs
[2025-04-07T08:04:01.041+0000] {taskinstance.py:2614} INFO - Dependencies all met for dep_context=non-requeueable deps ti=<TaskInstance: pollen_ingestion_dag.ingest scheduled__2025-04-06T08:00:00+00:00 [queued]>
[2025-04-07T08:04:01.049+0000] {taskinstance.py:2614} INFO - Dependencies all met for dep_context=requeueable deps ti=<TaskInstance: pollen_ingestion_dag.ingest scheduled__2025-04-06T08:00:00+00:00 [queued]>
[2025-04-07T08:04:01.049+0000] {taskinstance.py:2867} INFO - Starting attempt 1 of 2
[2025-04-07T08:04:01.057+0000] {taskinstance.py:2890} INFO - Executing <Task(_PythonDecoratedOperator): ingest> on 2025-04-06 08:00:00+00:00
[2025-04-07T08:04:01.061+0000] {warnings.py:112} WARNING - /home/***/.local/lib/python3.12/site-packages/***/task/task_runner/standard_task_runner.py:70: DeprecationWarning: This process (pid=331) is multi-threaded, use of fork() may lead to deadlocks in the child.
  pid = os.fork()

[2025-04-07T08:04:01.063+0000] {standard_task_runner.py:72} INFO - Started process 336 to run task
[2025-04-07T08:04:01.063+0000] {standard_task_runner.py:104} INFO - Running: ['***', 'tasks', 'run', 'pollen_ingestion_dag', 'ingest', 'scheduled__2025-04-06T08:00:00+00:00', '--job-id', '209', '--raw', '--subdir', 'DAGS_FOLDER/pollen_ingestion_dag.py', '--cfg-path', '/tmp/tmplomcn04j']
[2025-04-07T08:04:01.065+0000] {standard_task_runner.py:105} INFO - Job 209: Subtask ingest
[2025-04-07T08:04:01.117+0000] {task_command.py:467} INFO - Running <TaskInstance: pollen_ingestion_dag.ingest scheduled__2025-04-06T08:00:00+00:00 [running]> on host 242fb041fbeb
[2025-04-07T08:04:01.185+0000] {taskinstance.py:3134} INFO - Exporting env vars: AIRFLOW_CTX_DAG_OWNER='beni' AIRFLOW_CTX_DAG_ID='pollen_ingestion_dag' AIRFLOW_CTX_TASK_ID='ingest' AIRFLOW_CTX_EXECUTION_DATE='2025-04-06T08:00:00+00:00' AIRFLOW_CTX_TRY_NUMBER='1' AIRFLOW_CTX_DAG_RUN_ID='scheduled__2025-04-06T08:00:00+00:00'
[2025-04-07T08:04:01.187+0000] {taskinstance.py:732} INFO - ::endgroup::
[2025-04-07T08:04:01.726+0000] {logging_mixin.py:190} INFO - ✅ Saved: gs://gooutside-raw/pollen/bayern_nord/2025-04-07.json
[2025-04-07T08:04:01.727+0000] {python.py:240} INFO - Done. Returned value was: None
[2025-04-07T08:04:01.737+0000] {taskinstance.py:341} INFO - ::group::Post task execution logs
[2025-04-07T08:04:01.737+0000] {taskinstance.py:353} INFO - Marking task as SUCCESS. dag_id=pollen_ingestion_dag, task_id=ingest, run_id=scheduled__2025-04-06T08:00:00+00:00, execution_date=20250406T080000, start_date=20250407T080401, end_date=20250407T080401
[2025-04-07T08:04:01.802+0000] {local_task_job_runner.py:266} INFO - Task exited with return code 0
[2025-04-07T08:04:01.817+0000] {taskinstance.py:3901} INFO - 0 downstream tasks scheduled from follow-on schedule check
[2025-04-07T08:04:01.819+0000] {local_task_job_runner.py:245} INFO - ::endgroup::
