[2025-04-08T14:37:03.416+0000] {local_task_job_runner.py:123} INFO - ::group::Pre task execution logs
[2025-04-08T14:37:03.480+0000] {taskinstance.py:2614} INFO - Dependencies all met for dep_context=non-requeueable deps ti=<TaskInstance: air_ingestion_dag.ingest backfill__2024-01-03T02:00:00+00:00 [queued]>
[2025-04-08T14:37:03.508+0000] {taskinstance.py:2614} INFO - Dependencies all met for dep_context=requeueable deps ti=<TaskInstance: air_ingestion_dag.ingest backfill__2024-01-03T02:00:00+00:00 [queued]>
[2025-04-08T14:37:03.513+0000] {taskinstance.py:2867} INFO - Starting attempt 1 of 2
[2025-04-08T14:37:03.542+0000] {taskinstance.py:2890} INFO - Executing <Task(_PythonDecoratedOperator): ingest> on 2024-01-03 02:00:00+00:00
[2025-04-08T14:37:03.567+0000] {warnings.py:112} WARNING - /home/***/.local/lib/python3.12/site-packages/***/task/task_runner/standard_task_runner.py:70: DeprecationWarning: This process (pid=228) is multi-threaded, use of fork() may lead to deadlocks in the child.
  pid = os.fork()

[2025-04-08T14:37:03.572+0000] {standard_task_runner.py:72} INFO - Started process 241 to run task
[2025-04-08T14:37:03.570+0000] {standard_task_runner.py:104} INFO - Running: ['***', 'tasks', 'run', 'air_ingestion_dag', 'ingest', 'backfill__2024-01-03T02:00:00+00:00', '--job-id', '350', '--pool', 'default_pool', '--raw', '--subdir', 'DAGS_FOLDER/air_ingestion_dag.py', '--cfg-path', '/tmp/tmp9uowkr43']
[2025-04-08T14:37:03.575+0000] {standard_task_runner.py:105} INFO - Job 350: Subtask ingest
[2025-04-08T14:37:03.807+0000] {task_command.py:467} INFO - Running <TaskInstance: air_ingestion_dag.ingest backfill__2024-01-03T02:00:00+00:00 [running]> on host ef6176db86b3
[2025-04-08T14:37:04.184+0000] {taskinstance.py:3134} INFO - Exporting env vars: AIRFLOW_CTX_DAG_OWNER='beni' AIRFLOW_CTX_DAG_ID='air_ingestion_dag' AIRFLOW_CTX_TASK_ID='ingest' AIRFLOW_CTX_EXECUTION_DATE='2024-01-03T02:00:00+00:00' AIRFLOW_CTX_TRY_NUMBER='1' AIRFLOW_CTX_DAG_RUN_ID='backfill__2024-01-03T02:00:00+00:00'
[2025-04-08T14:37:04.188+0000] {taskinstance.py:732} INFO - ::endgroup::
[2025-04-08T14:37:04.201+0000] {logging_mixin.py:190} INFO - ⏰ Running for local time: 2024-01-03T03:00:00+01:00 (UTC: 2024-01-03T02:00:00+00:00)
[2025-04-08T14:37:04.206+0000] {logging_mixin.py:190} INFO - ⏭️ Skipping run at 2024-01-03T03:00:00+01:00 – outside ingestion window
[2025-04-08T14:37:04.209+0000] {python.py:240} INFO - Done. Returned value was: None
[2025-04-08T14:37:04.272+0000] {taskinstance.py:341} INFO - ::group::Post task execution logs
[2025-04-08T14:37:04.273+0000] {taskinstance.py:353} INFO - Marking task as SUCCESS. dag_id=air_ingestion_dag, task_id=ingest, run_id=backfill__2024-01-03T02:00:00+00:00, execution_date=20240103T020000, start_date=20250408T143703, end_date=20250408T143704
[2025-04-08T14:37:04.381+0000] {local_task_job_runner.py:266} INFO - Task exited with return code 0
[2025-04-08T14:37:04.407+0000] {taskinstance.py:3901} INFO - 0 downstream tasks scheduled from follow-on schedule check
[2025-04-08T14:37:04.408+0000] {local_task_job_runner.py:245} INFO - ::endgroup::
