[2025-04-12T21:04:43.334+0000] {local_task_job_runner.py:123} INFO - ::group::Pre task execution logs
[2025-04-12T21:04:43.373+0000] {taskinstance.py:2614} INFO - Dependencies all met for dep_context=non-requeueable deps ti=<TaskInstance: air_ingestion_dag.ingest scheduled__2025-04-12T20:00:00+00:00 [queued]>
[2025-04-12T21:04:43.383+0000] {taskinstance.py:2614} INFO - Dependencies all met for dep_context=requeueable deps ti=<TaskInstance: air_ingestion_dag.ingest scheduled__2025-04-12T20:00:00+00:00 [queued]>
[2025-04-12T21:04:43.385+0000] {taskinstance.py:2867} INFO - Starting attempt 1 of 2
[2025-04-12T21:04:43.403+0000] {taskinstance.py:2890} INFO - Executing <Task(_PythonDecoratedOperator): ingest> on 2025-04-12 20:00:00+00:00
[2025-04-12T21:04:43.408+0000] {warnings.py:112} WARNING - /home/***/.local/lib/python3.12/site-packages/***/task/task_runner/standard_task_runner.py:70: DeprecationWarning: This process (pid=265) is multi-threaded, use of fork() may lead to deadlocks in the child.
  pid = os.fork()

[2025-04-12T21:04:43.410+0000] {standard_task_runner.py:72} INFO - Started process 269 to run task
[2025-04-12T21:04:43.413+0000] {standard_task_runner.py:104} INFO - Running: ['***', 'tasks', 'run', 'air_ingestion_dag', 'ingest', 'scheduled__2025-04-12T20:00:00+00:00', '--job-id', '839', '--raw', '--subdir', 'DAGS_FOLDER/air_ingestion_dag.py', '--cfg-path', '/tmp/tmpwyfepjj5']
[2025-04-12T21:04:43.418+0000] {standard_task_runner.py:105} INFO - Job 839: Subtask ingest
[2025-04-12T21:04:43.496+0000] {task_command.py:467} INFO - Running <TaskInstance: air_ingestion_dag.ingest scheduled__2025-04-12T20:00:00+00:00 [running]> on host caedfbfc7792
[2025-04-12T21:04:43.594+0000] {taskinstance.py:3134} INFO - Exporting env vars: AIRFLOW_CTX_DAG_OWNER='beni' AIRFLOW_CTX_DAG_ID='air_ingestion_dag' AIRFLOW_CTX_TASK_ID='ingest' AIRFLOW_CTX_EXECUTION_DATE='2025-04-12T20:00:00+00:00' AIRFLOW_CTX_TRY_NUMBER='1' AIRFLOW_CTX_DAG_RUN_ID='scheduled__2025-04-12T20:00:00+00:00'
[2025-04-12T21:04:43.596+0000] {taskinstance.py:732} INFO - ::endgroup::
[2025-04-12T21:04:43.598+0000] {air_ingestion_dag.py:30} INFO - 📅 Fetching UBA data for MEZ day: 2025-04-12
[2025-04-12T21:04:43.838+0000] {air_ingestion_dag.py:40} INFO - 📦 Parsed 14 entries
[2025-04-12T21:04:43.839+0000] {air_ingestion_dag.py:43} INFO - 💾 Saving air entry for 2025-04-12T04:00:00+00:00
[2025-04-12T21:04:44.216+0000] {logging_mixin.py:190} INFO - ✅ Saved: gs://gooutside-raw/air/bamberg/2025-04-12T0400.json
[2025-04-12T21:04:44.216+0000] {air_ingestion_dag.py:43} INFO - 💾 Saving air entry for 2025-04-12T05:00:00+00:00
[2025-04-12T21:04:44.592+0000] {logging_mixin.py:190} INFO - ✅ Saved: gs://gooutside-raw/air/bamberg/2025-04-12T0500.json
[2025-04-12T21:04:44.593+0000] {air_ingestion_dag.py:43} INFO - 💾 Saving air entry for 2025-04-12T06:00:00+00:00
[2025-04-12T21:04:45.007+0000] {logging_mixin.py:190} INFO - ✅ Saved: gs://gooutside-raw/air/bamberg/2025-04-12T0600.json
[2025-04-12T21:04:45.008+0000] {air_ingestion_dag.py:43} INFO - 💾 Saving air entry for 2025-04-12T07:00:00+00:00
[2025-04-12T21:04:45.400+0000] {logging_mixin.py:190} INFO - ✅ Saved: gs://gooutside-raw/air/bamberg/2025-04-12T0700.json
[2025-04-12T21:04:45.406+0000] {air_ingestion_dag.py:43} INFO - 💾 Saving air entry for 2025-04-12T08:00:00+00:00
[2025-04-12T21:04:45.772+0000] {logging_mixin.py:190} INFO - ✅ Saved: gs://gooutside-raw/air/bamberg/2025-04-12T0800.json
[2025-04-12T21:04:45.776+0000] {air_ingestion_dag.py:43} INFO - 💾 Saving air entry for 2025-04-12T09:00:00+00:00
[2025-04-12T21:04:46.136+0000] {logging_mixin.py:190} INFO - ✅ Saved: gs://gooutside-raw/air/bamberg/2025-04-12T0900.json
[2025-04-12T21:04:46.137+0000] {air_ingestion_dag.py:43} INFO - 💾 Saving air entry for 2025-04-12T10:00:00+00:00
[2025-04-12T21:04:46.525+0000] {logging_mixin.py:190} INFO - ✅ Saved: gs://gooutside-raw/air/bamberg/2025-04-12T1000.json
[2025-04-12T21:04:46.526+0000] {air_ingestion_dag.py:43} INFO - 💾 Saving air entry for 2025-04-12T11:00:00+00:00
[2025-04-12T21:04:46.922+0000] {logging_mixin.py:190} INFO - ✅ Saved: gs://gooutside-raw/air/bamberg/2025-04-12T1100.json
[2025-04-12T21:04:46.923+0000] {air_ingestion_dag.py:43} INFO - 💾 Saving air entry for 2025-04-12T12:00:00+00:00
[2025-04-12T21:04:47.318+0000] {logging_mixin.py:190} INFO - ✅ Saved: gs://gooutside-raw/air/bamberg/2025-04-12T1200.json
[2025-04-12T21:04:47.318+0000] {air_ingestion_dag.py:43} INFO - 💾 Saving air entry for 2025-04-12T13:00:00+00:00
[2025-04-12T21:04:47.679+0000] {logging_mixin.py:190} INFO - ✅ Saved: gs://gooutside-raw/air/bamberg/2025-04-12T1300.json
[2025-04-12T21:04:47.679+0000] {air_ingestion_dag.py:43} INFO - 💾 Saving air entry for 2025-04-12T14:00:00+00:00
[2025-04-12T21:04:48.049+0000] {logging_mixin.py:190} INFO - ✅ Saved: gs://gooutside-raw/air/bamberg/2025-04-12T1400.json
[2025-04-12T21:04:48.049+0000] {air_ingestion_dag.py:43} INFO - 💾 Saving air entry for 2025-04-12T15:00:00+00:00
[2025-04-12T21:04:48.436+0000] {logging_mixin.py:190} INFO - ✅ Saved: gs://gooutside-raw/air/bamberg/2025-04-12T1500.json
[2025-04-12T21:04:48.437+0000] {air_ingestion_dag.py:43} INFO - 💾 Saving air entry for 2025-04-12T16:00:00+00:00
[2025-04-12T21:04:48.794+0000] {logging_mixin.py:190} INFO - ✅ Saved: gs://gooutside-raw/air/bamberg/2025-04-12T1600.json
[2025-04-12T21:04:48.795+0000] {air_ingestion_dag.py:43} INFO - 💾 Saving air entry for 2025-04-12T17:00:00+00:00
[2025-04-12T21:04:49.179+0000] {logging_mixin.py:190} INFO - ✅ Saved: gs://gooutside-raw/air/bamberg/2025-04-12T1700.json
[2025-04-12T21:04:49.180+0000] {python.py:240} INFO - Done. Returned value was: None
[2025-04-12T21:04:49.201+0000] {taskinstance.py:341} INFO - ::group::Post task execution logs
[2025-04-12T21:04:49.201+0000] {taskinstance.py:353} INFO - Marking task as SUCCESS. dag_id=air_ingestion_dag, task_id=ingest, run_id=scheduled__2025-04-12T20:00:00+00:00, execution_date=20250412T200000, start_date=20250412T210443, end_date=20250412T210449
[2025-04-12T21:04:49.252+0000] {local_task_job_runner.py:266} INFO - Task exited with return code 0
[2025-04-12T21:04:49.269+0000] {taskinstance.py:3901} INFO - 0 downstream tasks scheduled from follow-on schedule check
[2025-04-12T21:04:49.270+0000] {local_task_job_runner.py:245} INFO - ::endgroup::
