[2025-04-12T12:04:34.754+0000] {local_task_job_runner.py:123} INFO - ::group::Pre task execution logs
[2025-04-12T12:04:34.765+0000] {taskinstance.py:2614} INFO - Dependencies all met for dep_context=non-requeueable deps ti=<TaskInstance: pollen_ingestion_dag.ingest manual__2025-04-12T12:04:34.236048+00:00 [queued]>
[2025-04-12T12:04:34.770+0000] {taskinstance.py:2614} INFO - Dependencies all met for dep_context=requeueable deps ti=<TaskInstance: pollen_ingestion_dag.ingest manual__2025-04-12T12:04:34.236048+00:00 [queued]>
[2025-04-12T12:04:34.770+0000] {taskinstance.py:2867} INFO - Starting attempt 1 of 2
[2025-04-12T12:04:34.776+0000] {taskinstance.py:2890} INFO - Executing <Task(_PythonDecoratedOperator): ingest> on 2025-04-12 12:04:34.236048+00:00
[2025-04-12T12:04:34.779+0000] {warnings.py:112} WARNING - /home/***/.local/lib/python3.12/site-packages/***/task/task_runner/standard_task_runner.py:70: DeprecationWarning: This process (pid=81) is multi-threaded, use of fork() may lead to deadlocks in the child.
  pid = os.fork()

[2025-04-12T12:04:34.780+0000] {standard_task_runner.py:72} INFO - Started process 82 to run task
[2025-04-12T12:04:34.781+0000] {standard_task_runner.py:104} INFO - Running: ['***', 'tasks', 'run', 'pollen_ingestion_dag', 'ingest', 'manual__2025-04-12T12:04:34.236048+00:00', '--job-id', '796', '--raw', '--subdir', 'DAGS_FOLDER/pollen_ingestion_dag.py', '--cfg-path', '/tmp/tmpnl8tdzz7']
[2025-04-12T12:04:34.783+0000] {standard_task_runner.py:105} INFO - Job 796: Subtask ingest
[2025-04-12T12:04:34.811+0000] {task_command.py:467} INFO - Running <TaskInstance: pollen_ingestion_dag.ingest manual__2025-04-12T12:04:34.236048+00:00 [running]> on host caedfbfc7792
[2025-04-12T12:04:34.854+0000] {taskinstance.py:3134} INFO - Exporting env vars: AIRFLOW_CTX_DAG_OWNER='beni' AIRFLOW_CTX_DAG_ID='pollen_ingestion_dag' AIRFLOW_CTX_TASK_ID='ingest' AIRFLOW_CTX_EXECUTION_DATE='2025-04-12T12:04:34.236048+00:00' AIRFLOW_CTX_TRY_NUMBER='1' AIRFLOW_CTX_DAG_RUN_ID='manual__2025-04-12T12:04:34.236048+00:00'
[2025-04-12T12:04:34.855+0000] {taskinstance.py:732} INFO - ::endgroup::
[2025-04-12T12:04:35.013+0000] {pollen_ingestion_dag.py:35} INFO - 🌼 Pollen forecast for bamberg on 2025-04-12
[2025-04-12T12:04:35.014+0000] {pollen_ingestion_dag.py:36} INFO -    Region: Bayern nördl. der Donau, o. Bayr. Wald, o. Mainfranken (slug: bayern_nord)
[2025-04-12T12:04:35.014+0000] {pollen_ingestion_dag.py:37} INFO -    8 pollen types found
[2025-04-12T12:04:35.014+0000] {pollen_ingestion_dag.py:39} INFO -      - Beifuss: 0
[2025-04-12T12:04:35.014+0000] {pollen_ingestion_dag.py:39} INFO -      - Ambrosia: 0
[2025-04-12T12:04:35.015+0000] {pollen_ingestion_dag.py:39} INFO -      - Hasel: 0
[2025-04-12T12:04:35.015+0000] {pollen_ingestion_dag.py:39} INFO -      - Graeser: 0
[2025-04-12T12:04:35.015+0000] {pollen_ingestion_dag.py:39} INFO -      - Erle: 0-1
[2025-04-12T12:04:35.015+0000] {pollen_ingestion_dag.py:39} INFO -      - Birke: 3
[2025-04-12T12:04:35.016+0000] {pollen_ingestion_dag.py:39} INFO -      - Roggen: 0
[2025-04-12T12:04:35.016+0000] {pollen_ingestion_dag.py:39} INFO -      - Esche: 3
[2025-04-12T12:04:35.390+0000] {logging_mixin.py:190} INFO - ✅ Saved: gs://gooutside-raw/pollen/bayern_nord/2025-04-12.json
[2025-04-12T12:04:35.392+0000] {pollen_ingestion_dag.py:42} INFO - ✅ Saved entry to GCS for 2025-04-12
[2025-04-12T12:04:35.393+0000] {python.py:240} INFO - Done. Returned value was: None
[2025-04-12T12:04:35.410+0000] {taskinstance.py:341} INFO - ::group::Post task execution logs
[2025-04-12T12:04:35.411+0000] {taskinstance.py:353} INFO - Marking task as SUCCESS. dag_id=pollen_ingestion_dag, task_id=ingest, run_id=manual__2025-04-12T12:04:34.236048+00:00, execution_date=20250412T120434, start_date=20250412T120434, end_date=20250412T120435
[2025-04-12T12:04:35.444+0000] {local_task_job_runner.py:266} INFO - Task exited with return code 0
[2025-04-12T12:04:35.465+0000] {taskinstance.py:3901} INFO - 1 downstream tasks scheduled from follow-on schedule check
[2025-04-12T12:04:35.466+0000] {local_task_job_runner.py:245} INFO - ::endgroup::
