[2025-04-08T14:53:00.257+0000] {local_task_job_runner.py:123} INFO - ::group::Pre task execution logs
[2025-04-08T14:53:00.302+0000] {taskinstance.py:2614} INFO - Dependencies all met for dep_context=non-requeueable deps ti=<TaskInstance: air_ingestion_dag.ingest backfill__2024-01-05T18:00:00+00:00 [queued]>
[2025-04-08T14:53:00.310+0000] {taskinstance.py:2614} INFO - Dependencies all met for dep_context=requeueable deps ti=<TaskInstance: air_ingestion_dag.ingest backfill__2024-01-05T18:00:00+00:00 [queued]>
[2025-04-08T14:53:00.311+0000] {taskinstance.py:2867} INFO - Starting attempt 1 of 2
[2025-04-08T14:53:00.326+0000] {taskinstance.py:2890} INFO - Executing <Task(_PythonDecoratedOperator): ingest> on 2024-01-05 18:00:00+00:00
[2025-04-08T14:53:00.333+0000] {warnings.py:112} WARNING - /home/***/.local/lib/python3.12/site-packages/***/task/task_runner/standard_task_runner.py:70: DeprecationWarning: This process (pid=131) is multi-threaded, use of fork() may lead to deadlocks in the child.
  pid = os.fork()

[2025-04-08T14:53:00.335+0000] {standard_task_runner.py:72} INFO - Started process 136 to run task
[2025-04-08T14:53:00.337+0000] {standard_task_runner.py:104} INFO - Running: ['***', 'tasks', 'run', 'air_ingestion_dag', 'ingest', 'backfill__2024-01-05T18:00:00+00:00', '--job-id', '418', '--pool', 'default_pool', '--raw', '--subdir', 'DAGS_FOLDER/air_ingestion_dag.py', '--cfg-path', '/tmp/tmp54fm8iv8']
[2025-04-08T14:53:00.340+0000] {standard_task_runner.py:105} INFO - Job 418: Subtask ingest
[2025-04-08T14:53:00.406+0000] {task_command.py:467} INFO - Running <TaskInstance: air_ingestion_dag.ingest backfill__2024-01-05T18:00:00+00:00 [running]> on host 48eda3218d1e
[2025-04-08T14:53:00.506+0000] {taskinstance.py:3134} INFO - Exporting env vars: AIRFLOW_CTX_DAG_OWNER='beni' AIRFLOW_CTX_DAG_ID='air_ingestion_dag' AIRFLOW_CTX_TASK_ID='ingest' AIRFLOW_CTX_EXECUTION_DATE='2024-01-05T18:00:00+00:00' AIRFLOW_CTX_TRY_NUMBER='1' AIRFLOW_CTX_DAG_RUN_ID='backfill__2024-01-05T18:00:00+00:00'
[2025-04-08T14:53:00.509+0000] {taskinstance.py:732} INFO - ::endgroup::
[2025-04-08T14:53:00.511+0000] {logging_mixin.py:190} INFO - ⏰ Running for local time: 2024-01-05T19:00:00+01:00 (UTC: 2024-01-05T18:00:00+00:00)
[2025-04-08T14:53:01.068+0000] {logging_mixin.py:190} INFO - ✅ Saved: gs://gooutside-raw/air/bamberg/2024-01-05T0600.json
[2025-04-08T14:53:01.394+0000] {logging_mixin.py:190} INFO - ✅ Saved: gs://gooutside-raw/air/bamberg/2024-01-05T0700.json
[2025-04-08T14:53:01.762+0000] {logging_mixin.py:190} INFO - ✅ Saved: gs://gooutside-raw/air/bamberg/2024-01-05T0800.json
[2025-04-08T14:53:02.095+0000] {logging_mixin.py:190} INFO - ✅ Saved: gs://gooutside-raw/air/bamberg/2024-01-05T0900.json
[2025-04-08T14:53:02.402+0000] {logging_mixin.py:190} INFO - ✅ Saved: gs://gooutside-raw/air/bamberg/2024-01-05T1000.json
[2025-04-08T14:53:02.723+0000] {logging_mixin.py:190} INFO - ✅ Saved: gs://gooutside-raw/air/bamberg/2024-01-05T1100.json
[2025-04-08T14:53:03.032+0000] {logging_mixin.py:190} INFO - ✅ Saved: gs://gooutside-raw/air/bamberg/2024-01-05T1200.json
[2025-04-08T14:53:03.338+0000] {logging_mixin.py:190} INFO - ✅ Saved: gs://gooutside-raw/air/bamberg/2024-01-05T1300.json
[2025-04-08T14:53:03.673+0000] {logging_mixin.py:190} INFO - ✅ Saved: gs://gooutside-raw/air/bamberg/2024-01-05T1400.json
[2025-04-08T14:53:03.988+0000] {logging_mixin.py:190} INFO - ✅ Saved: gs://gooutside-raw/air/bamberg/2024-01-05T1500.json
[2025-04-08T14:53:04.310+0000] {logging_mixin.py:190} INFO - ✅ Saved: gs://gooutside-raw/air/bamberg/2024-01-05T1600.json
[2025-04-08T14:53:04.605+0000] {logging_mixin.py:190} INFO - ✅ Saved: gs://gooutside-raw/air/bamberg/2024-01-05T1700.json
[2025-04-08T14:53:04.927+0000] {logging_mixin.py:190} INFO - ✅ Saved: gs://gooutside-raw/air/bamberg/2024-01-05T1800.json
[2025-04-08T14:53:06.021+0000] {logging_mixin.py:190} INFO - ✅ Saved: gs://gooutside-raw/air/bamberg/2024-01-05T1900.json
[2025-04-08T14:53:06.023+0000] {python.py:240} INFO - Done. Returned value was: None
[2025-04-08T14:53:06.034+0000] {taskinstance.py:341} INFO - ::group::Post task execution logs
[2025-04-08T14:53:06.035+0000] {taskinstance.py:353} INFO - Marking task as SUCCESS. dag_id=air_ingestion_dag, task_id=ingest, run_id=backfill__2024-01-05T18:00:00+00:00, execution_date=20240105T180000, start_date=20250408T145300, end_date=20250408T145306
[2025-04-08T14:53:06.072+0000] {local_task_job_runner.py:266} INFO - Task exited with return code 0
[2025-04-08T14:53:06.090+0000] {taskinstance.py:3901} INFO - 0 downstream tasks scheduled from follow-on schedule check
[2025-04-08T14:53:06.091+0000] {local_task_job_runner.py:245} INFO - ::endgroup::
