[2025-04-10T15:45:38.139+0000] {local_task_job_runner.py:123} INFO - ::group::Pre task execution logs
[2025-04-10T15:45:38.152+0000] {taskinstance.py:2614} INFO - Dependencies all met for dep_context=non-requeueable deps ti=<TaskInstance: weather_forecast_ingestion_dag.clean manual__2025-04-10T15:44:56.476673+00:00 [queued]>
[2025-04-10T15:45:38.156+0000] {taskinstance.py:2614} INFO - Dependencies all met for dep_context=requeueable deps ti=<TaskInstance: weather_forecast_ingestion_dag.clean manual__2025-04-10T15:44:56.476673+00:00 [queued]>
[2025-04-10T15:45:38.157+0000] {taskinstance.py:2867} INFO - Starting attempt 1 of 2
[2025-04-10T15:45:38.162+0000] {taskinstance.py:2890} INFO - Executing <Task(_PythonDecoratedOperator): clean> on 2025-04-10 15:44:56.476673+00:00
[2025-04-10T15:45:38.165+0000] {warnings.py:112} WARNING - /home/***/.local/lib/python3.12/site-packages/***/task/task_runner/standard_task_runner.py:70: DeprecationWarning: This process (pid=570) is multi-threaded, use of fork() may lead to deadlocks in the child.
  pid = os.fork()

[2025-04-10T15:45:38.166+0000] {standard_task_runner.py:72} INFO - Started process 571 to run task
[2025-04-10T15:45:38.167+0000] {standard_task_runner.py:104} INFO - Running: ['***', 'tasks', 'run', 'weather_forecast_ingestion_dag', 'clean', 'manual__2025-04-10T15:44:56.476673+00:00', '--job-id', '660', '--raw', '--subdir', 'DAGS_FOLDER/weather_forecast_ingestion_dag.py', '--cfg-path', '/tmp/tmp5hwto5ve']
[2025-04-10T15:45:38.169+0000] {standard_task_runner.py:105} INFO - Job 660: Subtask clean
[2025-04-10T15:45:38.201+0000] {task_command.py:467} INFO - Running <TaskInstance: weather_forecast_ingestion_dag.clean manual__2025-04-10T15:44:56.476673+00:00 [running]> on host 98acdd3c69ae
[2025-04-10T15:45:38.246+0000] {taskinstance.py:3134} INFO - Exporting env vars: AIRFLOW_CTX_DAG_OWNER='beni' AIRFLOW_CTX_DAG_ID='weather_forecast_ingestion_dag' AIRFLOW_CTX_TASK_ID='clean' AIRFLOW_CTX_EXECUTION_DATE='2025-04-10T15:44:56.476673+00:00' AIRFLOW_CTX_TRY_NUMBER='1' AIRFLOW_CTX_DAG_RUN_ID='manual__2025-04-10T15:44:56.476673+00:00'
[2025-04-10T15:45:38.247+0000] {taskinstance.py:732} INFO - ::endgroup::
[2025-04-10T15:45:38.599+0000] {logging_mixin.py:190} INFO - ⚠️ Could not parse/delete weather_forecast/bamberg/2025-04-10T1100.json: name 'timezone' is not defined
[2025-04-10T15:45:38.600+0000] {logging_mixin.py:190} INFO - ⚠️ Could not parse/delete weather_forecast/bamberg/2025-04-10T1200.json: name 'timezone' is not defined
[2025-04-10T15:45:38.601+0000] {logging_mixin.py:190} INFO - ⚠️ Could not parse/delete weather_forecast/bamberg/2025-04-10T1300.json: name 'timezone' is not defined
[2025-04-10T15:45:38.602+0000] {logging_mixin.py:190} INFO - ⚠️ Could not parse/delete weather_forecast/bamberg/2025-04-10T1400.json: name 'timezone' is not defined
[2025-04-10T15:45:38.602+0000] {logging_mixin.py:190} INFO - ⚠️ Could not parse/delete weather_forecast/bamberg/2025-04-10T1500.json: name 'timezone' is not defined
[2025-04-10T15:45:38.603+0000] {logging_mixin.py:190} INFO - ⚠️ Could not parse/delete weather_forecast/bamberg/2025-04-10T1600.json: name 'timezone' is not defined
[2025-04-10T15:45:38.604+0000] {logging_mixin.py:190} INFO - ⚠️ Could not parse/delete weather_forecast/bamberg/2025-04-10T1700.json: name 'timezone' is not defined
[2025-04-10T15:45:38.604+0000] {logging_mixin.py:190} INFO - ⚠️ Could not parse/delete weather_forecast/bamberg/2025-04-10T1800.json: name 'timezone' is not defined
[2025-04-10T15:45:38.605+0000] {logging_mixin.py:190} INFO - ⚠️ Could not parse/delete weather_forecast/bamberg/2025-04-10T1900.json: name 'timezone' is not defined
[2025-04-10T15:45:38.606+0000] {logging_mixin.py:190} INFO - ⚠️ Could not parse/delete weather_forecast/bamberg/2025-04-10T2000.json: name 'timezone' is not defined
[2025-04-10T15:45:38.606+0000] {logging_mixin.py:190} INFO - ⚠️ Could not parse/delete weather_forecast/bamberg/2025-04-11T0600.json: name 'timezone' is not defined
[2025-04-10T15:45:38.607+0000] {logging_mixin.py:190} INFO - ⚠️ Could not parse/delete weather_forecast/bamberg/2025-04-11T0700.json: name 'timezone' is not defined
[2025-04-10T15:45:38.607+0000] {logging_mixin.py:190} INFO - ⚠️ Could not parse/delete weather_forecast/bamberg/2025-04-11T0800.json: name 'timezone' is not defined
[2025-04-10T15:45:38.608+0000] {logging_mixin.py:190} INFO - ⚠️ Could not parse/delete weather_forecast/bamberg/2025-04-11T0900.json: name 'timezone' is not defined
[2025-04-10T15:45:38.608+0000] {logging_mixin.py:190} INFO - ⚠️ Could not parse/delete weather_forecast/bamberg/2025-04-11T1000.json: name 'timezone' is not defined
[2025-04-10T15:45:38.608+0000] {logging_mixin.py:190} INFO - ⚠️ Could not parse/delete weather_forecast/bamberg/2025-04-11T1100.json: name 'timezone' is not defined
[2025-04-10T15:45:38.609+0000] {logging_mixin.py:190} INFO - ⚠️ Could not parse/delete weather_forecast/bamberg/2025-04-11T1200.json: name 'timezone' is not defined
[2025-04-10T15:45:38.609+0000] {logging_mixin.py:190} INFO - ⚠️ Could not parse/delete weather_forecast/bamberg/2025-04-11T1300.json: name 'timezone' is not defined
[2025-04-10T15:45:38.610+0000] {logging_mixin.py:190} INFO - ⚠️ Could not parse/delete weather_forecast/bamberg/2025-04-11T1400.json: name 'timezone' is not defined
[2025-04-10T15:45:38.610+0000] {logging_mixin.py:190} INFO - ⚠️ Could not parse/delete weather_forecast/bamberg/2025-04-11T1500.json: name 'timezone' is not defined
[2025-04-10T15:45:38.610+0000] {logging_mixin.py:190} INFO - ⚠️ Could not parse/delete weather_forecast/bamberg/2025-04-11T1600.json: name 'timezone' is not defined
[2025-04-10T15:45:38.611+0000] {logging_mixin.py:190} INFO - ⚠️ Could not parse/delete weather_forecast/bamberg/2025-04-11T1700.json: name 'timezone' is not defined
[2025-04-10T15:45:38.611+0000] {logging_mixin.py:190} INFO - ⚠️ Could not parse/delete weather_forecast/bamberg/2025-04-11T1800.json: name 'timezone' is not defined
[2025-04-10T15:45:38.611+0000] {logging_mixin.py:190} INFO - ⚠️ Could not parse/delete weather_forecast/bamberg/2025-04-11T1900.json: name 'timezone' is not defined
[2025-04-10T15:45:38.612+0000] {logging_mixin.py:190} INFO - ⚠️ Could not parse/delete weather_forecast/bamberg/2025-04-11T2000.json: name 'timezone' is not defined
[2025-04-10T15:45:38.612+0000] {logging_mixin.py:190} INFO - ⚠️ Could not parse/delete weather_forecast/bamberg/2025-04-12T0600.json: name 'timezone' is not defined
[2025-04-10T15:45:38.612+0000] {logging_mixin.py:190} INFO - ⚠️ Could not parse/delete weather_forecast/bamberg/2025-04-12T0700.json: name 'timezone' is not defined
[2025-04-10T15:45:38.613+0000] {logging_mixin.py:190} INFO - ⚠️ Could not parse/delete weather_forecast/bamberg/2025-04-12T0800.json: name 'timezone' is not defined
[2025-04-10T15:45:38.613+0000] {logging_mixin.py:190} INFO - ⚠️ Could not parse/delete weather_forecast/bamberg/2025-04-12T0900.json: name 'timezone' is not defined
[2025-04-10T15:45:38.614+0000] {logging_mixin.py:190} INFO - ⚠️ Could not parse/delete weather_forecast/bamberg/2025-04-12T1000.json: name 'timezone' is not defined
[2025-04-10T15:45:38.614+0000] {logging_mixin.py:190} INFO - ⚠️ Could not parse/delete weather_forecast/bamberg/2025-04-12T1100.json: name 'timezone' is not defined
[2025-04-10T15:45:38.615+0000] {logging_mixin.py:190} INFO - ⚠️ Could not parse/delete weather_forecast/bamberg/2025-04-12T1200.json: name 'timezone' is not defined
[2025-04-10T15:45:38.615+0000] {logging_mixin.py:190} INFO - ⚠️ Could not parse/delete weather_forecast/bamberg/2025-04-12T1300.json: name 'timezone' is not defined
[2025-04-10T15:45:38.615+0000] {logging_mixin.py:190} INFO - ⚠️ Could not parse/delete weather_forecast/bamberg/2025-04-12T1400.json: name 'timezone' is not defined
[2025-04-10T15:45:38.616+0000] {logging_mixin.py:190} INFO - ⚠️ Could not parse/delete weather_forecast/bamberg/2025-04-12T1500.json: name 'timezone' is not defined
[2025-04-10T15:45:38.616+0000] {logging_mixin.py:190} INFO - ⚠️ Could not parse/delete weather_forecast/bamberg/2025-04-12T1600.json: name 'timezone' is not defined
[2025-04-10T15:45:38.616+0000] {logging_mixin.py:190} INFO - ⚠️ Could not parse/delete weather_forecast/bamberg/2025-04-12T1700.json: name 'timezone' is not defined
[2025-04-10T15:45:38.617+0000] {logging_mixin.py:190} INFO - ⚠️ Could not parse/delete weather_forecast/bamberg/2025-04-12T1800.json: name 'timezone' is not defined
[2025-04-10T15:45:38.617+0000] {logging_mixin.py:190} INFO - ⚠️ Could not parse/delete weather_forecast/bamberg/2025-04-12T1900.json: name 'timezone' is not defined
[2025-04-10T15:45:38.618+0000] {logging_mixin.py:190} INFO - ⚠️ Could not parse/delete weather_forecast/bamberg/2025-04-12T2000.json: name 'timezone' is not defined
[2025-04-10T15:45:38.618+0000] {logging_mixin.py:190} INFO - ⚠️ Could not parse/delete weather_forecast/bamberg/2025-04-13T0600.json: name 'timezone' is not defined
[2025-04-10T15:45:38.618+0000] {logging_mixin.py:190} INFO - ⚠️ Could not parse/delete weather_forecast/bamberg/2025-04-13T0700.json: name 'timezone' is not defined
[2025-04-10T15:45:38.619+0000] {logging_mixin.py:190} INFO - ⚠️ Could not parse/delete weather_forecast/bamberg/2025-04-13T0800.json: name 'timezone' is not defined
[2025-04-10T15:45:38.619+0000] {logging_mixin.py:190} INFO - ⚠️ Could not parse/delete weather_forecast/bamberg/2025-04-13T0900.json: name 'timezone' is not defined
[2025-04-10T15:45:38.619+0000] {logging_mixin.py:190} INFO - ⚠️ Could not parse/delete weather_forecast/bamberg/2025-04-13T1000.json: name 'timezone' is not defined
[2025-04-10T15:45:38.619+0000] {logging_mixin.py:190} INFO - ⚠️ Could not parse/delete weather_forecast/bamberg/2025-04-13T1100.json: name 'timezone' is not defined
[2025-04-10T15:45:38.619+0000] {logging_mixin.py:190} INFO - ⚠️ Could not parse/delete weather_forecast/bamberg/2025-04-13T1200.json: name 'timezone' is not defined
[2025-04-10T15:45:38.620+0000] {logging_mixin.py:190} INFO - ⚠️ Could not parse/delete weather_forecast/bamberg/2025-04-13T1300.json: name 'timezone' is not defined
[2025-04-10T15:45:38.620+0000] {logging_mixin.py:190} INFO - ⚠️ Could not parse/delete weather_forecast/bamberg/2025-04-13T1400.json: name 'timezone' is not defined
[2025-04-10T15:45:38.620+0000] {logging_mixin.py:190} INFO - ⚠️ Could not parse/delete weather_forecast/bamberg/2025-04-13T1500.json: name 'timezone' is not defined
[2025-04-10T15:45:38.620+0000] {logging_mixin.py:190} INFO - ⚠️ Could not parse/delete weather_forecast/bamberg/2025-04-13T1600.json: name 'timezone' is not defined
[2025-04-10T15:45:38.621+0000] {logging_mixin.py:190} INFO - ⚠️ Could not parse/delete weather_forecast/bamberg/2025-04-13T1700.json: name 'timezone' is not defined
[2025-04-10T15:45:38.621+0000] {logging_mixin.py:190} INFO - ⚠️ Could not parse/delete weather_forecast/bamberg/2025-04-13T1800.json: name 'timezone' is not defined
[2025-04-10T15:45:38.621+0000] {logging_mixin.py:190} INFO - ⚠️ Could not parse/delete weather_forecast/bamberg/2025-04-13T1900.json: name 'timezone' is not defined
[2025-04-10T15:45:38.621+0000] {logging_mixin.py:190} INFO - ⚠️ Could not parse/delete weather_forecast/bamberg/2025-04-13T2000.json: name 'timezone' is not defined
[2025-04-10T15:45:38.621+0000] {logging_mixin.py:190} INFO - ⚠️ Could not parse/delete weather_forecast/bamberg/2025-04-14T0600.json: name 'timezone' is not defined
[2025-04-10T15:45:38.622+0000] {logging_mixin.py:190} INFO - ⚠️ Could not parse/delete weather_forecast/bamberg/2025-04-14T0700.json: name 'timezone' is not defined
[2025-04-10T15:45:38.622+0000] {logging_mixin.py:190} INFO - ⚠️ Could not parse/delete weather_forecast/bamberg/2025-04-14T0800.json: name 'timezone' is not defined
[2025-04-10T15:45:38.622+0000] {logging_mixin.py:190} INFO - ⚠️ Could not parse/delete weather_forecast/bamberg/2025-04-14T0900.json: name 'timezone' is not defined
[2025-04-10T15:45:38.622+0000] {logging_mixin.py:190} INFO - ⚠️ Could not parse/delete weather_forecast/bamberg/2025-04-14T1000.json: name 'timezone' is not defined
[2025-04-10T15:45:38.622+0000] {logging_mixin.py:190} INFO - ⚠️ Could not parse/delete weather_forecast/bamberg/2025-04-14T1100.json: name 'timezone' is not defined
[2025-04-10T15:45:38.623+0000] {logging_mixin.py:190} INFO - ⚠️ Could not parse/delete weather_forecast/bamberg/2025-04-14T1200.json: name 'timezone' is not defined
[2025-04-10T15:45:38.623+0000] {logging_mixin.py:190} INFO - ⚠️ Could not parse/delete weather_forecast/bamberg/2025-04-14T1300.json: name 'timezone' is not defined
[2025-04-10T15:45:38.623+0000] {logging_mixin.py:190} INFO - ⚠️ Could not parse/delete weather_forecast/bamberg/2025-04-14T1400.json: name 'timezone' is not defined
[2025-04-10T15:45:38.623+0000] {logging_mixin.py:190} INFO - ⚠️ Could not parse/delete weather_forecast/bamberg/2025-04-14T1500.json: name 'timezone' is not defined
[2025-04-10T15:45:38.623+0000] {logging_mixin.py:190} INFO - ⚠️ Could not parse/delete weather_forecast/bamberg/2025-04-14T1600.json: name 'timezone' is not defined
[2025-04-10T15:45:38.624+0000] {logging_mixin.py:190} INFO - ⚠️ Could not parse/delete weather_forecast/bamberg/2025-04-14T1700.json: name 'timezone' is not defined
[2025-04-10T15:45:38.624+0000] {logging_mixin.py:190} INFO - ⚠️ Could not parse/delete weather_forecast/bamberg/2025-04-14T1800.json: name 'timezone' is not defined
[2025-04-10T15:45:38.624+0000] {logging_mixin.py:190} INFO - ⚠️ Could not parse/delete weather_forecast/bamberg/2025-04-14T1900.json: name 'timezone' is not defined
[2025-04-10T15:45:38.624+0000] {logging_mixin.py:190} INFO - ⚠️ Could not parse/delete weather_forecast/bamberg/2025-04-14T2000.json: name 'timezone' is not defined
[2025-04-10T15:45:38.624+0000] {logging_mixin.py:190} INFO - ⚠️ Could not parse/delete weather_forecast/bamberg/2025-04-15T0600.json: name 'timezone' is not defined
[2025-04-10T15:45:38.625+0000] {logging_mixin.py:190} INFO - ⚠️ Could not parse/delete weather_forecast/bamberg/2025-04-15T0700.json: name 'timezone' is not defined
[2025-04-10T15:45:38.625+0000] {logging_mixin.py:190} INFO - ⚠️ Could not parse/delete weather_forecast/bamberg/2025-04-15T0800.json: name 'timezone' is not defined
[2025-04-10T15:45:38.625+0000] {logging_mixin.py:190} INFO - ⚠️ Could not parse/delete weather_forecast/bamberg/2025-04-15T0900.json: name 'timezone' is not defined
[2025-04-10T15:45:38.625+0000] {logging_mixin.py:190} INFO - ⚠️ Could not parse/delete weather_forecast/bamberg/2025-04-15T1000.json: name 'timezone' is not defined
[2025-04-10T15:45:38.626+0000] {logging_mixin.py:190} INFO - ⚠️ Could not parse/delete weather_forecast/bamberg/2025-04-15T1100.json: name 'timezone' is not defined
[2025-04-10T15:45:38.626+0000] {logging_mixin.py:190} INFO - ⚠️ Could not parse/delete weather_forecast/bamberg/2025-04-15T1200.json: name 'timezone' is not defined
[2025-04-10T15:45:38.626+0000] {logging_mixin.py:190} INFO - ⚠️ Could not parse/delete weather_forecast/bamberg/2025-04-15T1300.json: name 'timezone' is not defined
[2025-04-10T15:45:38.626+0000] {logging_mixin.py:190} INFO - ⚠️ Could not parse/delete weather_forecast/bamberg/2025-04-15T1400.json: name 'timezone' is not defined
[2025-04-10T15:45:38.626+0000] {logging_mixin.py:190} INFO - ⚠️ Could not parse/delete weather_forecast/bamberg/2025-04-15T1500.json: name 'timezone' is not defined
[2025-04-10T15:45:38.626+0000] {logging_mixin.py:190} INFO - ⚠️ Could not parse/delete weather_forecast/bamberg/2025-04-15T1600.json: name 'timezone' is not defined
[2025-04-10T15:45:38.627+0000] {logging_mixin.py:190} INFO - ⚠️ Could not parse/delete weather_forecast/bamberg/2025-04-15T1700.json: name 'timezone' is not defined
[2025-04-10T15:45:38.627+0000] {logging_mixin.py:190} INFO - ⚠️ Could not parse/delete weather_forecast/bamberg/2025-04-15T1800.json: name 'timezone' is not defined
[2025-04-10T15:45:38.627+0000] {logging_mixin.py:190} INFO - ⚠️ Could not parse/delete weather_forecast/bamberg/2025-04-15T1900.json: name 'timezone' is not defined
[2025-04-10T15:45:38.627+0000] {logging_mixin.py:190} INFO - ⚠️ Could not parse/delete weather_forecast/bamberg/2025-04-15T2000.json: name 'timezone' is not defined
[2025-04-10T15:45:38.627+0000] {logging_mixin.py:190} INFO - ⚠️ Could not parse/delete weather_forecast/bamberg/2025-04-16T0600.json: name 'timezone' is not defined
[2025-04-10T15:45:38.628+0000] {logging_mixin.py:190} INFO - ⚠️ Could not parse/delete weather_forecast/bamberg/2025-04-16T0700.json: name 'timezone' is not defined
[2025-04-10T15:45:38.628+0000] {logging_mixin.py:190} INFO - ⚠️ Could not parse/delete weather_forecast/bamberg/2025-04-16T0800.json: name 'timezone' is not defined
[2025-04-10T15:45:38.628+0000] {logging_mixin.py:190} INFO - ⚠️ Could not parse/delete weather_forecast/bamberg/2025-04-16T0900.json: name 'timezone' is not defined
[2025-04-10T15:45:38.628+0000] {logging_mixin.py:190} INFO - ⚠️ Could not parse/delete weather_forecast/bamberg/2025-04-16T1000.json: name 'timezone' is not defined
[2025-04-10T15:45:38.629+0000] {logging_mixin.py:190} INFO - ⚠️ Could not parse/delete weather_forecast/bamberg/2025-04-16T1100.json: name 'timezone' is not defined
[2025-04-10T15:45:38.629+0000] {logging_mixin.py:190} INFO - ⚠️ Could not parse/delete weather_forecast/bamberg/2025-04-16T1200.json: name 'timezone' is not defined
[2025-04-10T15:45:38.629+0000] {logging_mixin.py:190} INFO - ⚠️ Could not parse/delete weather_forecast/bamberg/2025-04-16T1300.json: name 'timezone' is not defined
[2025-04-10T15:45:38.629+0000] {logging_mixin.py:190} INFO - ⚠️ Could not parse/delete weather_forecast/bamberg/2025-04-16T1400.json: name 'timezone' is not defined
[2025-04-10T15:45:38.630+0000] {logging_mixin.py:190} INFO - ⚠️ Could not parse/delete weather_forecast/bamberg/2025-04-16T1500.json: name 'timezone' is not defined
[2025-04-10T15:45:38.630+0000] {logging_mixin.py:190} INFO - ⚠️ Could not parse/delete weather_forecast/bamberg/2025-04-16T1600.json: name 'timezone' is not defined
[2025-04-10T15:45:38.630+0000] {logging_mixin.py:190} INFO - ⚠️ Could not parse/delete weather_forecast/bamberg/2025-04-16T1700.json: name 'timezone' is not defined
[2025-04-10T15:45:38.630+0000] {logging_mixin.py:190} INFO - ⚠️ Could not parse/delete weather_forecast/bamberg/2025-04-16T1800.json: name 'timezone' is not defined
[2025-04-10T15:45:38.631+0000] {logging_mixin.py:190} INFO - ⚠️ Could not parse/delete weather_forecast/bamberg/2025-04-16T1900.json: name 'timezone' is not defined
[2025-04-10T15:45:38.631+0000] {logging_mixin.py:190} INFO - ⚠️ Could not parse/delete weather_forecast/bamberg/2025-04-16T2000.json: name 'timezone' is not defined
[2025-04-10T15:45:38.631+0000] {logging_mixin.py:190} INFO - ⚠️ Could not parse/delete weather_forecast/bamberg/2025-04-17T0600.json: name 'timezone' is not defined
[2025-04-10T15:45:38.631+0000] {logging_mixin.py:190} INFO - ⚠️ Could not parse/delete weather_forecast/bamberg/2025-04-17T0700.json: name 'timezone' is not defined
[2025-04-10T15:45:38.632+0000] {logging_mixin.py:190} INFO - ⚠️ Could not parse/delete weather_forecast/bamberg/2025-04-17T0800.json: name 'timezone' is not defined
[2025-04-10T15:45:38.632+0000] {logging_mixin.py:190} INFO - ⚠️ Could not parse/delete weather_forecast/bamberg/2025-04-17T0900.json: name 'timezone' is not defined
[2025-04-10T15:45:38.632+0000] {logging_mixin.py:190} INFO - ⚠️ Could not parse/delete weather_forecast/bamberg/2025-04-17T1000.json: name 'timezone' is not defined
[2025-04-10T15:45:38.632+0000] {logging_mixin.py:190} INFO - ⚠️ Could not parse/delete weather_forecast/bamberg/2025-04-17T1100.json: name 'timezone' is not defined
[2025-04-10T15:45:38.632+0000] {logging_mixin.py:190} INFO - ⚠️ Could not parse/delete weather_forecast/bamberg/2025-04-17T1200.json: name 'timezone' is not defined
[2025-04-10T15:45:38.633+0000] {logging_mixin.py:190} INFO - ⚠️ Could not parse/delete weather_forecast/bamberg/2025-04-17T1300.json: name 'timezone' is not defined
[2025-04-10T15:45:38.633+0000] {logging_mixin.py:190} INFO - ⚠️ Could not parse/delete weather_forecast/bamberg/2025-04-17T1400.json: name 'timezone' is not defined
[2025-04-10T15:45:38.633+0000] {logging_mixin.py:190} INFO - ⚠️ Could not parse/delete weather_forecast/bamberg/2025-04-17T1500.json: name 'timezone' is not defined
[2025-04-10T15:45:38.634+0000] {logging_mixin.py:190} INFO - ⚠️ Could not parse/delete weather_forecast/bamberg/2025-04-17T1600.json: name 'timezone' is not defined
[2025-04-10T15:45:38.634+0000] {logging_mixin.py:190} INFO - ⚠️ Could not parse/delete weather_forecast/bamberg/2025-04-17T1700.json: name 'timezone' is not defined
[2025-04-10T15:45:38.634+0000] {logging_mixin.py:190} INFO - ⚠️ Could not parse/delete weather_forecast/bamberg/2025-04-17T1800.json: name 'timezone' is not defined
[2025-04-10T15:45:38.634+0000] {logging_mixin.py:190} INFO - ⚠️ Could not parse/delete weather_forecast/bamberg/2025-04-17T1900.json: name 'timezone' is not defined
[2025-04-10T15:45:38.635+0000] {logging_mixin.py:190} INFO - ⚠️ Could not parse/delete weather_forecast/bamberg/2025-04-17T2000.json: name 'timezone' is not defined
[2025-04-10T15:45:38.635+0000] {python.py:240} INFO - Done. Returned value was: None
[2025-04-10T15:45:38.647+0000] {taskinstance.py:341} INFO - ::group::Post task execution logs
[2025-04-10T15:45:38.647+0000] {taskinstance.py:353} INFO - Marking task as SUCCESS. dag_id=weather_forecast_ingestion_dag, task_id=clean, run_id=manual__2025-04-10T15:44:56.476673+00:00, execution_date=20250410T154456, start_date=20250410T154538, end_date=20250410T154538
[2025-04-10T15:45:38.678+0000] {local_task_job_runner.py:266} INFO - Task exited with return code 0
[2025-04-10T15:45:38.689+0000] {taskinstance.py:3901} INFO - 0 downstream tasks scheduled from follow-on schedule check
[2025-04-10T15:45:38.690+0000] {local_task_job_runner.py:245} INFO - ::endgroup::
