[2025-04-10T15:00:45.702+0000] {local_task_job_runner.py:123} INFO - ::group::Pre task execution logs
[2025-04-10T15:00:45.719+0000] {taskinstance.py:2614} INFO - Dependencies all met for dep_context=non-requeueable deps ti=<TaskInstance: air_ingestion_backfill_dag_simple.ingest scheduled__2025-04-10T06:00:00+00:00 [queued]>
[2025-04-10T15:00:45.728+0000] {taskinstance.py:2614} INFO - Dependencies all met for dep_context=requeueable deps ti=<TaskInstance: air_ingestion_backfill_dag_simple.ingest scheduled__2025-04-10T06:00:00+00:00 [queued]>
[2025-04-10T15:00:45.729+0000] {taskinstance.py:2867} INFO - Starting attempt 1 of 2
[2025-04-10T15:00:45.738+0000] {taskinstance.py:2890} INFO - Executing <Task(_PythonDecoratedOperator): ingest> on 2025-04-10 06:00:00+00:00
[2025-04-10T15:00:45.746+0000] {warnings.py:112} WARNING - /home/***/.local/lib/python3.12/site-packages/***/task/task_runner/standard_task_runner.py:70: DeprecationWarning: This process (pid=513) is multi-threaded, use of fork() may lead to deadlocks in the child.
  pid = os.fork()

[2025-04-10T15:00:45.748+0000] {standard_task_runner.py:72} INFO - Started process 520 to run task
[2025-04-10T15:00:45.747+0000] {standard_task_runner.py:104} INFO - Running: ['***', 'tasks', 'run', 'air_ingestion_backfill_dag_simple', 'ingest', 'scheduled__2025-04-10T06:00:00+00:00', '--job-id', '643', '--raw', '--subdir', 'DAGS_FOLDER/air_backfill_dag.py', '--cfg-path', '/tmp/tmp_txbctvz']
[2025-04-10T15:00:45.748+0000] {standard_task_runner.py:105} INFO - Job 643: Subtask ingest
[2025-04-10T15:00:45.784+0000] {task_command.py:467} INFO - Running <TaskInstance: air_ingestion_backfill_dag_simple.ingest scheduled__2025-04-10T06:00:00+00:00 [running]> on host 98acdd3c69ae
[2025-04-10T15:00:45.828+0000] {taskinstance.py:3134} INFO - Exporting env vars: AIRFLOW_CTX_DAG_OWNER='beni' AIRFLOW_CTX_DAG_ID='air_ingestion_backfill_dag_simple' AIRFLOW_CTX_TASK_ID='ingest' AIRFLOW_CTX_EXECUTION_DATE='2025-04-10T06:00:00+00:00' AIRFLOW_CTX_TRY_NUMBER='1' AIRFLOW_CTX_DAG_RUN_ID='scheduled__2025-04-10T06:00:00+00:00'
[2025-04-10T15:00:45.829+0000] {taskinstance.py:732} INFO - ::endgroup::
[2025-04-10T15:00:46.335+0000] {logging_mixin.py:190} INFO - ✅ Saved: gs://gooutside-raw/air/bamberg/2025-04-10T0600.json
[2025-04-10T15:00:46.653+0000] {logging_mixin.py:190} INFO - ✅ Saved: gs://gooutside-raw/air/bamberg/2025-04-10T0700.json
[2025-04-10T15:00:46.990+0000] {logging_mixin.py:190} INFO - ✅ Saved: gs://gooutside-raw/air/bamberg/2025-04-10T0800.json
[2025-04-10T15:00:47.331+0000] {logging_mixin.py:190} INFO - ✅ Saved: gs://gooutside-raw/air/bamberg/2025-04-10T0900.json
[2025-04-10T15:00:47.687+0000] {logging_mixin.py:190} INFO - ✅ Saved: gs://gooutside-raw/air/bamberg/2025-04-10T1000.json
[2025-04-10T15:00:48.040+0000] {logging_mixin.py:190} INFO - ✅ Saved: gs://gooutside-raw/air/bamberg/2025-04-10T1100.json
[2025-04-10T15:00:48.041+0000] {python.py:240} INFO - Done. Returned value was: None
[2025-04-10T15:00:48.049+0000] {taskinstance.py:341} INFO - ::group::Post task execution logs
[2025-04-10T15:00:48.049+0000] {taskinstance.py:353} INFO - Marking task as SUCCESS. dag_id=air_ingestion_backfill_dag_simple, task_id=ingest, run_id=scheduled__2025-04-10T06:00:00+00:00, execution_date=20250410T060000, start_date=20250410T150045, end_date=20250410T150048
[2025-04-10T15:00:48.093+0000] {local_task_job_runner.py:266} INFO - Task exited with return code 0
[2025-04-10T15:00:48.104+0000] {taskinstance.py:3901} INFO - 0 downstream tasks scheduled from follow-on schedule check
[2025-04-10T15:00:48.105+0000] {local_task_job_runner.py:245} INFO - ::endgroup::
