[2025-04-07T18:04:22.023+0000] {local_task_job_runner.py:123} INFO - ::group::Pre task execution logs
[2025-04-07T18:04:22.036+0000] {taskinstance.py:2614} INFO - Dependencies all met for dep_context=non-requeueable deps ti=<TaskInstance: weather_ingestion_dag.ingest scheduled__2025-04-07T17:00:00+00:00 [queued]>
[2025-04-07T18:04:22.041+0000] {taskinstance.py:2614} INFO - Dependencies all met for dep_context=requeueable deps ti=<TaskInstance: weather_ingestion_dag.ingest scheduled__2025-04-07T17:00:00+00:00 [queued]>
[2025-04-07T18:04:22.042+0000] {taskinstance.py:2867} INFO - Starting attempt 1 of 2
[2025-04-07T18:04:22.049+0000] {taskinstance.py:2890} INFO - Executing <Task(_PythonDecoratedOperator): ingest> on 2025-04-07 17:00:00+00:00
[2025-04-07T18:04:22.052+0000] {warnings.py:112} WARNING - /home/***/.local/lib/python3.12/site-packages/***/task/task_runner/standard_task_runner.py:70: DeprecationWarning: This process (pid=71) is multi-threaded, use of fork() may lead to deadlocks in the child.
  pid = os.fork()

[2025-04-07T18:04:22.053+0000] {standard_task_runner.py:72} INFO - Started process 72 to run task
[2025-04-07T18:04:22.053+0000] {standard_task_runner.py:104} INFO - Running: ['***', 'tasks', 'run', 'weather_ingestion_dag', 'ingest', 'scheduled__2025-04-07T17:00:00+00:00', '--job-id', '230', '--raw', '--subdir', 'DAGS_FOLDER/weather_ingestion_dag.py', '--cfg-path', '/tmp/tmpq59h1tj6']
[2025-04-07T18:04:22.055+0000] {standard_task_runner.py:105} INFO - Job 230: Subtask ingest
[2025-04-07T18:04:22.092+0000] {task_command.py:467} INFO - Running <TaskInstance: weather_ingestion_dag.ingest scheduled__2025-04-07T17:00:00+00:00 [running]> on host 242fb041fbeb
[2025-04-07T18:04:22.148+0000] {taskinstance.py:3134} INFO - Exporting env vars: AIRFLOW_CTX_DAG_OWNER='beni' AIRFLOW_CTX_DAG_ID='weather_ingestion_dag' AIRFLOW_CTX_TASK_ID='ingest' AIRFLOW_CTX_EXECUTION_DATE='2025-04-07T17:00:00+00:00' AIRFLOW_CTX_TRY_NUMBER='1' AIRFLOW_CTX_DAG_RUN_ID='scheduled__2025-04-07T17:00:00+00:00'
[2025-04-07T18:04:22.149+0000] {taskinstance.py:732} INFO - ::endgroup::
[2025-04-07T18:04:22.728+0000] {logging_mixin.py:190} INFO - ✅ Saved: gs://gooutside-raw/weather/bamberg/2025-04-07T06:00:00+02:00.json
[2025-04-07T18:04:23.147+0000] {logging_mixin.py:190} INFO - ✅ Saved: gs://gooutside-raw/weather/bamberg/2025-04-07T07:00:00+02:00.json
[2025-04-07T18:04:23.526+0000] {logging_mixin.py:190} INFO - ✅ Saved: gs://gooutside-raw/weather/bamberg/2025-04-07T08:00:00+02:00.json
[2025-04-07T18:04:23.876+0000] {logging_mixin.py:190} INFO - ✅ Saved: gs://gooutside-raw/weather/bamberg/2025-04-07T09:00:00+02:00.json
[2025-04-07T18:04:24.231+0000] {logging_mixin.py:190} INFO - ✅ Saved: gs://gooutside-raw/weather/bamberg/2025-04-07T10:00:00+02:00.json
[2025-04-07T18:04:24.592+0000] {logging_mixin.py:190} INFO - ✅ Saved: gs://gooutside-raw/weather/bamberg/2025-04-07T11:00:00+02:00.json
[2025-04-07T18:04:24.945+0000] {logging_mixin.py:190} INFO - ✅ Saved: gs://gooutside-raw/weather/bamberg/2025-04-07T12:00:00+02:00.json
[2025-04-07T18:04:25.324+0000] {logging_mixin.py:190} INFO - ✅ Saved: gs://gooutside-raw/weather/bamberg/2025-04-07T13:00:00+02:00.json
[2025-04-07T18:04:25.701+0000] {logging_mixin.py:190} INFO - ✅ Saved: gs://gooutside-raw/weather/bamberg/2025-04-07T14:00:00+02:00.json
[2025-04-07T18:04:26.072+0000] {logging_mixin.py:190} INFO - ✅ Saved: gs://gooutside-raw/weather/bamberg/2025-04-07T15:00:00+02:00.json
[2025-04-07T18:04:26.438+0000] {logging_mixin.py:190} INFO - ✅ Saved: gs://gooutside-raw/weather/bamberg/2025-04-07T16:00:00+02:00.json
[2025-04-07T18:04:26.786+0000] {logging_mixin.py:190} INFO - ✅ Saved: gs://gooutside-raw/weather/bamberg/2025-04-07T17:00:00+02:00.json
[2025-04-07T18:04:27.171+0000] {logging_mixin.py:190} INFO - ✅ Saved: gs://gooutside-raw/weather/bamberg/2025-04-07T18:00:00+02:00.json
[2025-04-07T18:04:27.172+0000] {python.py:240} INFO - Done. Returned value was: None
[2025-04-07T18:04:27.183+0000] {taskinstance.py:341} INFO - ::group::Post task execution logs
[2025-04-07T18:04:27.184+0000] {taskinstance.py:353} INFO - Marking task as SUCCESS. dag_id=weather_ingestion_dag, task_id=ingest, run_id=scheduled__2025-04-07T17:00:00+00:00, execution_date=20250407T170000, start_date=20250407T180422, end_date=20250407T180427
[2025-04-07T18:04:27.239+0000] {local_task_job_runner.py:266} INFO - Task exited with return code 0
[2025-04-07T18:04:27.249+0000] {taskinstance.py:3901} INFO - 0 downstream tasks scheduled from follow-on schedule check
[2025-04-07T18:04:27.250+0000] {local_task_job_runner.py:245} INFO - ::endgroup::
