[2025-04-09T08:00:01.887+0000] {local_task_job_runner.py:123} INFO - ::group::Pre task execution logs
[2025-04-09T08:00:01.907+0000] {taskinstance.py:2614} INFO - Dependencies all met for dep_context=non-requeueable deps ti=<TaskInstance: pollen_ingestion_dag.ingest scheduled__2025-04-08T08:00:00+00:00 [queued]>
[2025-04-09T08:00:01.915+0000] {taskinstance.py:2614} INFO - Dependencies all met for dep_context=requeueable deps ti=<TaskInstance: pollen_ingestion_dag.ingest scheduled__2025-04-08T08:00:00+00:00 [queued]>
[2025-04-09T08:00:01.915+0000] {taskinstance.py:2867} INFO - Starting attempt 1 of 2
[2025-04-09T08:00:01.928+0000] {taskinstance.py:2890} INFO - Executing <Task(_PythonDecoratedOperator): ingest> on 2025-04-08 08:00:00+00:00
[2025-04-09T08:00:01.932+0000] {warnings.py:112} WARNING - /home/***/.local/lib/python3.12/site-packages/***/task/task_runner/standard_task_runner.py:70: DeprecationWarning: This process (pid=54) is multi-threaded, use of fork() may lead to deadlocks in the child.
  pid = os.fork()

[2025-04-09T08:00:01.934+0000] {standard_task_runner.py:72} INFO - Started process 59 to run task
[2025-04-09T08:00:01.934+0000] {standard_task_runner.py:104} INFO - Running: ['***', 'tasks', 'run', 'pollen_ingestion_dag', 'ingest', 'scheduled__2025-04-08T08:00:00+00:00', '--job-id', '474', '--raw', '--subdir', 'DAGS_FOLDER/pollen_ingestion_dag.py', '--cfg-path', '/tmp/tmpdsddtkle']
[2025-04-09T08:00:01.937+0000] {standard_task_runner.py:105} INFO - Job 474: Subtask ingest
[2025-04-09T08:00:01.975+0000] {task_command.py:467} INFO - Running <TaskInstance: pollen_ingestion_dag.ingest scheduled__2025-04-08T08:00:00+00:00 [running]> on host 98acdd3c69ae
[2025-04-09T08:00:02.034+0000] {taskinstance.py:3134} INFO - Exporting env vars: AIRFLOW_CTX_DAG_OWNER='beni' AIRFLOW_CTX_DAG_ID='pollen_ingestion_dag' AIRFLOW_CTX_TASK_ID='ingest' AIRFLOW_CTX_EXECUTION_DATE='2025-04-08T08:00:00+00:00' AIRFLOW_CTX_TRY_NUMBER='1' AIRFLOW_CTX_DAG_RUN_ID='scheduled__2025-04-08T08:00:00+00:00'
[2025-04-09T08:00:02.035+0000] {taskinstance.py:732} INFO - ::endgroup::
[2025-04-09T08:00:02.587+0000] {logging_mixin.py:190} INFO - ✅ Saved: gs://gooutside-raw/pollen/bayern_nord/2025-04-09.json
[2025-04-09T08:00:02.587+0000] {python.py:240} INFO - Done. Returned value was: None
[2025-04-09T08:00:02.603+0000] {taskinstance.py:341} INFO - ::group::Post task execution logs
[2025-04-09T08:00:02.603+0000] {taskinstance.py:353} INFO - Marking task as SUCCESS. dag_id=pollen_ingestion_dag, task_id=ingest, run_id=scheduled__2025-04-08T08:00:00+00:00, execution_date=20250408T080000, start_date=20250409T080001, end_date=20250409T080002
[2025-04-09T08:00:02.671+0000] {local_task_job_runner.py:266} INFO - Task exited with return code 0
[2025-04-09T08:00:02.681+0000] {taskinstance.py:3901} INFO - 0 downstream tasks scheduled from follow-on schedule check
[2025-04-09T08:00:02.682+0000] {local_task_job_runner.py:245} INFO - ::endgroup::
