[2025-04-10T15:00:04.369+0000] {local_task_job_runner.py:123} INFO - ::group::Pre task execution logs
[2025-04-10T15:00:04.382+0000] {taskinstance.py:2614} INFO - Dependencies all met for dep_context=non-requeueable deps ti=<TaskInstance: air_ingestion_backfill_dag_simple.ingest scheduled__2025-04-09T10:00:00+00:00 [queued]>
[2025-04-10T15:00:04.387+0000] {taskinstance.py:2614} INFO - Dependencies all met for dep_context=requeueable deps ti=<TaskInstance: air_ingestion_backfill_dag_simple.ingest scheduled__2025-04-09T10:00:00+00:00 [queued]>
[2025-04-10T15:00:04.388+0000] {taskinstance.py:2867} INFO - Starting attempt 1 of 2
[2025-04-10T15:00:04.394+0000] {taskinstance.py:2890} INFO - Executing <Task(_PythonDecoratedOperator): ingest> on 2025-04-09 10:00:00+00:00
[2025-04-10T15:00:04.397+0000] {warnings.py:112} WARNING - /home/***/.local/lib/python3.12/site-packages/***/task/task_runner/standard_task_runner.py:70: DeprecationWarning: This process (pid=450) is multi-threaded, use of fork() may lead to deadlocks in the child.
  pid = os.fork()

[2025-04-10T15:00:04.403+0000] {standard_task_runner.py:72} INFO - Started process 457 to run task
[2025-04-10T15:00:04.405+0000] {standard_task_runner.py:104} INFO - Running: ['***', 'tasks', 'run', 'air_ingestion_backfill_dag_simple', 'ingest', 'scheduled__2025-04-09T10:00:00+00:00', '--job-id', '622', '--raw', '--subdir', 'DAGS_FOLDER/air_backfill_dag.py', '--cfg-path', '/tmp/tmpbywi2fnc']
[2025-04-10T15:00:04.407+0000] {standard_task_runner.py:105} INFO - Job 622: Subtask ingest
[2025-04-10T15:00:04.450+0000] {task_command.py:467} INFO - Running <TaskInstance: air_ingestion_backfill_dag_simple.ingest scheduled__2025-04-09T10:00:00+00:00 [running]> on host 98acdd3c69ae
[2025-04-10T15:00:04.497+0000] {taskinstance.py:3134} INFO - Exporting env vars: AIRFLOW_CTX_DAG_OWNER='beni' AIRFLOW_CTX_DAG_ID='air_ingestion_backfill_dag_simple' AIRFLOW_CTX_TASK_ID='ingest' AIRFLOW_CTX_EXECUTION_DATE='2025-04-09T10:00:00+00:00' AIRFLOW_CTX_TRY_NUMBER='1' AIRFLOW_CTX_DAG_RUN_ID='scheduled__2025-04-09T10:00:00+00:00'
[2025-04-10T15:00:04.498+0000] {taskinstance.py:732} INFO - ::endgroup::
[2025-04-10T15:00:05.009+0000] {logging_mixin.py:190} INFO - ✅ Saved: gs://gooutside-raw/air/bamberg/2025-04-09T0600.json
[2025-04-10T15:00:05.349+0000] {logging_mixin.py:190} INFO - ✅ Saved: gs://gooutside-raw/air/bamberg/2025-04-09T0700.json
[2025-04-10T15:00:05.700+0000] {logging_mixin.py:190} INFO - ✅ Saved: gs://gooutside-raw/air/bamberg/2025-04-09T0800.json
[2025-04-10T15:00:06.044+0000] {logging_mixin.py:190} INFO - ✅ Saved: gs://gooutside-raw/air/bamberg/2025-04-09T0900.json
[2025-04-10T15:00:06.397+0000] {logging_mixin.py:190} INFO - ✅ Saved: gs://gooutside-raw/air/bamberg/2025-04-09T1000.json
[2025-04-10T15:00:06.735+0000] {logging_mixin.py:190} INFO - ✅ Saved: gs://gooutside-raw/air/bamberg/2025-04-09T1100.json
[2025-04-10T15:00:07.118+0000] {logging_mixin.py:190} INFO - ✅ Saved: gs://gooutside-raw/air/bamberg/2025-04-09T1200.json
[2025-04-10T15:00:07.502+0000] {logging_mixin.py:190} INFO - ✅ Saved: gs://gooutside-raw/air/bamberg/2025-04-09T1300.json
[2025-04-10T15:00:07.943+0000] {logging_mixin.py:190} INFO - ✅ Saved: gs://gooutside-raw/air/bamberg/2025-04-09T1400.json
[2025-04-10T15:00:08.312+0000] {logging_mixin.py:190} INFO - ✅ Saved: gs://gooutside-raw/air/bamberg/2025-04-09T1500.json
[2025-04-10T15:00:08.665+0000] {logging_mixin.py:190} INFO - ✅ Saved: gs://gooutside-raw/air/bamberg/2025-04-09T1600.json
[2025-04-10T15:00:09.000+0000] {logging_mixin.py:190} INFO - ✅ Saved: gs://gooutside-raw/air/bamberg/2025-04-09T1700.json
[2025-04-10T15:00:09.354+0000] {logging_mixin.py:190} INFO - ✅ Saved: gs://gooutside-raw/air/bamberg/2025-04-09T1800.json
[2025-04-10T15:00:09.694+0000] {logging_mixin.py:190} INFO - ✅ Saved: gs://gooutside-raw/air/bamberg/2025-04-09T1900.json
[2025-04-10T15:00:09.695+0000] {python.py:240} INFO - Done. Returned value was: None
[2025-04-10T15:00:09.703+0000] {taskinstance.py:341} INFO - ::group::Post task execution logs
[2025-04-10T15:00:09.703+0000] {taskinstance.py:353} INFO - Marking task as SUCCESS. dag_id=air_ingestion_backfill_dag_simple, task_id=ingest, run_id=scheduled__2025-04-09T10:00:00+00:00, execution_date=20250409T100000, start_date=20250410T150004, end_date=20250410T150009
[2025-04-10T15:00:09.770+0000] {local_task_job_runner.py:266} INFO - Task exited with return code 0
[2025-04-10T15:00:09.787+0000] {taskinstance.py:3901} INFO - 0 downstream tasks scheduled from follow-on schedule check
[2025-04-10T15:00:09.788+0000] {local_task_job_runner.py:245} INFO - ::endgroup::
