[2025-04-13T22:09:57.757+0000] {local_task_job_runner.py:123} INFO - ::group::Pre task execution logs
[2025-04-13T22:09:57.769+0000] {taskinstance.py:2614} INFO - Dependencies all met for dep_context=non-requeueable deps ti=<TaskInstance: air_ingestion_dag.ingest scheduled__2025-04-13T21:00:00+00:00 [queued]>
[2025-04-13T22:09:57.774+0000] {taskinstance.py:2614} INFO - Dependencies all met for dep_context=requeueable deps ti=<TaskInstance: air_ingestion_dag.ingest scheduled__2025-04-13T21:00:00+00:00 [queued]>
[2025-04-13T22:09:57.775+0000] {taskinstance.py:2867} INFO - Starting attempt 1 of 2
[2025-04-13T22:09:57.784+0000] {taskinstance.py:2890} INFO - Executing <Task(_PythonDecoratedOperator): ingest> on 2025-04-13 21:00:00+00:00
[2025-04-13T22:09:57.791+0000] {warnings.py:112} WARNING - /home/***/.local/lib/python3.12/site-packages/***/task/task_runner/standard_task_runner.py:70: DeprecationWarning: This process (pid=591) is multi-threaded, use of fork() may lead to deadlocks in the child.
  pid = os.fork()

[2025-04-13T22:09:57.794+0000] {standard_task_runner.py:72} INFO - Started process 593 to run task
[2025-04-13T22:09:57.793+0000] {standard_task_runner.py:104} INFO - Running: ['***', 'tasks', 'run', 'air_ingestion_dag', 'ingest', 'scheduled__2025-04-13T21:00:00+00:00', '--job-id', '948', '--raw', '--subdir', 'DAGS_FOLDER/air_ingestion_dag.py', '--cfg-path', '/tmp/tmpdb_kx_9s']
[2025-04-13T22:09:57.797+0000] {standard_task_runner.py:105} INFO - Job 948: Subtask ingest
[2025-04-13T22:09:57.856+0000] {task_command.py:467} INFO - Running <TaskInstance: air_ingestion_dag.ingest scheduled__2025-04-13T21:00:00+00:00 [running]> on host caedfbfc7792
[2025-04-13T22:09:57.920+0000] {taskinstance.py:3134} INFO - Exporting env vars: AIRFLOW_CTX_DAG_OWNER='beni' AIRFLOW_CTX_DAG_ID='air_ingestion_dag' AIRFLOW_CTX_TASK_ID='ingest' AIRFLOW_CTX_EXECUTION_DATE='2025-04-13T21:00:00+00:00' AIRFLOW_CTX_TRY_NUMBER='1' AIRFLOW_CTX_DAG_RUN_ID='scheduled__2025-04-13T21:00:00+00:00'
[2025-04-13T22:09:57.921+0000] {taskinstance.py:732} INFO - ::endgroup::
[2025-04-13T22:09:57.924+0000] {air_ingestion_dag.py:30} INFO - 📅 Fetching UBA data for MEZ day: 2025-04-13
[2025-04-13T22:09:58.714+0000] {air_ingestion_dag.py:40} INFO - 📦 Parsed 15 entries
[2025-04-13T22:09:58.715+0000] {air_ingestion_dag.py:43} INFO - 💾 Saving air entry for 2025-04-13T04:00:00+00:00
[2025-04-13T22:09:59.060+0000] {logging_mixin.py:190} INFO - ✅ Saved: gs://gooutside-raw/air/bamberg/2025-04-13T0400.json
[2025-04-13T22:09:59.061+0000] {air_ingestion_dag.py:43} INFO - 💾 Saving air entry for 2025-04-13T05:00:00+00:00
[2025-04-13T22:09:59.415+0000] {logging_mixin.py:190} INFO - ✅ Saved: gs://gooutside-raw/air/bamberg/2025-04-13T0500.json
[2025-04-13T22:09:59.415+0000] {air_ingestion_dag.py:43} INFO - 💾 Saving air entry for 2025-04-13T06:00:00+00:00
[2025-04-13T22:09:59.762+0000] {logging_mixin.py:190} INFO - ✅ Saved: gs://gooutside-raw/air/bamberg/2025-04-13T0600.json
[2025-04-13T22:09:59.762+0000] {air_ingestion_dag.py:43} INFO - 💾 Saving air entry for 2025-04-13T07:00:00+00:00
[2025-04-13T22:10:00.107+0000] {logging_mixin.py:190} INFO - ✅ Saved: gs://gooutside-raw/air/bamberg/2025-04-13T0700.json
[2025-04-13T22:10:00.107+0000] {air_ingestion_dag.py:43} INFO - 💾 Saving air entry for 2025-04-13T08:00:00+00:00
[2025-04-13T22:10:00.441+0000] {logging_mixin.py:190} INFO - ✅ Saved: gs://gooutside-raw/air/bamberg/2025-04-13T0800.json
[2025-04-13T22:10:00.442+0000] {air_ingestion_dag.py:43} INFO - 💾 Saving air entry for 2025-04-13T09:00:00+00:00
[2025-04-13T22:10:00.782+0000] {logging_mixin.py:190} INFO - ✅ Saved: gs://gooutside-raw/air/bamberg/2025-04-13T0900.json
[2025-04-13T22:10:00.782+0000] {air_ingestion_dag.py:43} INFO - 💾 Saving air entry for 2025-04-13T10:00:00+00:00
[2025-04-13T22:10:01.118+0000] {logging_mixin.py:190} INFO - ✅ Saved: gs://gooutside-raw/air/bamberg/2025-04-13T1000.json
[2025-04-13T22:10:01.118+0000] {air_ingestion_dag.py:43} INFO - 💾 Saving air entry for 2025-04-13T11:00:00+00:00
[2025-04-13T22:10:01.442+0000] {logging_mixin.py:190} INFO - ✅ Saved: gs://gooutside-raw/air/bamberg/2025-04-13T1100.json
[2025-04-13T22:10:01.443+0000] {air_ingestion_dag.py:43} INFO - 💾 Saving air entry for 2025-04-13T12:00:00+00:00
[2025-04-13T22:10:01.797+0000] {logging_mixin.py:190} INFO - ✅ Saved: gs://gooutside-raw/air/bamberg/2025-04-13T1200.json
[2025-04-13T22:10:01.797+0000] {air_ingestion_dag.py:43} INFO - 💾 Saving air entry for 2025-04-13T13:00:00+00:00
[2025-04-13T22:10:02.135+0000] {logging_mixin.py:190} INFO - ✅ Saved: gs://gooutside-raw/air/bamberg/2025-04-13T1300.json
[2025-04-13T22:10:02.135+0000] {air_ingestion_dag.py:43} INFO - 💾 Saving air entry for 2025-04-13T14:00:00+00:00
[2025-04-13T22:10:02.474+0000] {logging_mixin.py:190} INFO - ✅ Saved: gs://gooutside-raw/air/bamberg/2025-04-13T1400.json
[2025-04-13T22:10:02.475+0000] {air_ingestion_dag.py:43} INFO - 💾 Saving air entry for 2025-04-13T15:00:00+00:00
[2025-04-13T22:10:02.811+0000] {logging_mixin.py:190} INFO - ✅ Saved: gs://gooutside-raw/air/bamberg/2025-04-13T1500.json
[2025-04-13T22:10:02.811+0000] {air_ingestion_dag.py:43} INFO - 💾 Saving air entry for 2025-04-13T16:00:00+00:00
[2025-04-13T22:10:03.204+0000] {logging_mixin.py:190} INFO - ✅ Saved: gs://gooutside-raw/air/bamberg/2025-04-13T1600.json
[2025-04-13T22:10:03.205+0000] {air_ingestion_dag.py:43} INFO - 💾 Saving air entry for 2025-04-13T17:00:00+00:00
[2025-04-13T22:10:04.221+0000] {logging_mixin.py:190} INFO - ✅ Saved: gs://gooutside-raw/air/bamberg/2025-04-13T1700.json
[2025-04-13T22:10:04.222+0000] {air_ingestion_dag.py:43} INFO - 💾 Saving air entry for 2025-04-13T18:00:00+00:00
[2025-04-13T22:10:05.040+0000] {logging_mixin.py:190} INFO - ✅ Saved: gs://gooutside-raw/air/bamberg/2025-04-13T1800.json
[2025-04-13T22:10:05.042+0000] {python.py:240} INFO - Done. Returned value was: None
[2025-04-13T22:10:05.061+0000] {taskinstance.py:341} INFO - ::group::Post task execution logs
[2025-04-13T22:10:05.062+0000] {taskinstance.py:353} INFO - Marking task as SUCCESS. dag_id=air_ingestion_dag, task_id=ingest, run_id=scheduled__2025-04-13T21:00:00+00:00, execution_date=20250413T210000, start_date=20250413T220957, end_date=20250413T221005
[2025-04-13T22:10:05.101+0000] {local_task_job_runner.py:266} INFO - Task exited with return code 0
[2025-04-13T22:10:05.114+0000] {taskinstance.py:3901} INFO - 0 downstream tasks scheduled from follow-on schedule check
[2025-04-13T22:10:05.115+0000] {local_task_job_runner.py:245} INFO - ::endgroup::
