[2025-04-10T12:38:34.096+0000] {local_task_job_runner.py:123} INFO - ::group::Pre task execution logs
[2025-04-10T12:38:34.106+0000] {taskinstance.py:2614} INFO - Dependencies all met for dep_context=non-requeueable deps ti=<TaskInstance: air_ingestion_dag.ingest manual__2025-04-10T12:38:32.927429+00:00 [queued]>
[2025-04-10T12:38:34.110+0000] {taskinstance.py:2614} INFO - Dependencies all met for dep_context=requeueable deps ti=<TaskInstance: air_ingestion_dag.ingest manual__2025-04-10T12:38:32.927429+00:00 [queued]>
[2025-04-10T12:38:34.110+0000] {taskinstance.py:2867} INFO - Starting attempt 1 of 2
[2025-04-10T12:38:34.115+0000] {taskinstance.py:2890} INFO - Executing <Task(_PythonDecoratedOperator): ingest> on 2025-04-10 12:38:32.927429+00:00
[2025-04-10T12:38:34.118+0000] {warnings.py:112} WARNING - /home/***/.local/lib/python3.12/site-packages/***/task/task_runner/standard_task_runner.py:70: DeprecationWarning: This process (pid=273) is multi-threaded, use of fork() may lead to deadlocks in the child.
  pid = os.fork()

[2025-04-10T12:38:34.120+0000] {standard_task_runner.py:72} INFO - Started process 274 to run task
[2025-04-10T12:38:34.121+0000] {standard_task_runner.py:104} INFO - Running: ['***', 'tasks', 'run', 'air_ingestion_dag', 'ingest', 'manual__2025-04-10T12:38:32.927429+00:00', '--job-id', '563', '--raw', '--subdir', 'DAGS_FOLDER/air_ingestion_dag.py', '--cfg-path', '/tmp/tmplia7j4bx']
[2025-04-10T12:38:34.124+0000] {standard_task_runner.py:105} INFO - Job 563: Subtask ingest
[2025-04-10T12:38:34.160+0000] {task_command.py:467} INFO - Running <TaskInstance: air_ingestion_dag.ingest manual__2025-04-10T12:38:32.927429+00:00 [running]> on host 98acdd3c69ae
[2025-04-10T12:38:34.213+0000] {taskinstance.py:3134} INFO - Exporting env vars: AIRFLOW_CTX_DAG_OWNER='beni' AIRFLOW_CTX_DAG_ID='air_ingestion_dag' AIRFLOW_CTX_TASK_ID='ingest' AIRFLOW_CTX_EXECUTION_DATE='2025-04-10T12:38:32.927429+00:00' AIRFLOW_CTX_TRY_NUMBER='1' AIRFLOW_CTX_DAG_RUN_ID='manual__2025-04-10T12:38:32.927429+00:00'
[2025-04-10T12:38:34.214+0000] {taskinstance.py:732} INFO - ::endgroup::
[2025-04-10T12:38:34.216+0000] {air_ingestion_dag.py:29} INFO - ⏱ Current UTC hour: 2025-04-10T12:00:00+00:00
[2025-04-10T12:38:34.372+0000] {air_ingestion_dag.py:47} INFO - 🕵️ Parsed entry timestamp: 2025-04-10T06:00:00+00:00
[2025-04-10T12:38:34.372+0000] {air_ingestion_dag.py:47} INFO - 🕵️ Parsed entry timestamp: 2025-04-10T07:00:00+00:00
[2025-04-10T12:38:34.372+0000] {air_ingestion_dag.py:47} INFO - 🕵️ Parsed entry timestamp: 2025-04-10T08:00:00+00:00
[2025-04-10T12:38:34.373+0000] {air_ingestion_dag.py:47} INFO - 🕵️ Parsed entry timestamp: 2025-04-10T09:00:00+00:00
[2025-04-10T12:38:34.373+0000] {air_ingestion_dag.py:47} INFO - 🕵️ Parsed entry timestamp: 2025-04-10T10:00:00+00:00
[2025-04-10T12:38:34.373+0000] {air_ingestion_dag.py:51} INFO - 🔍 Looking for target hour: 2025-04-10T12:00:00+00:00
[2025-04-10T12:38:34.374+0000] {air_ingestion_dag.py:59} INFO - 📦 Parsed 5 entries, found 0 matching the current hour
[2025-04-10T12:38:34.374+0000] {python.py:240} INFO - Done. Returned value was: None
[2025-04-10T12:38:34.388+0000] {taskinstance.py:341} INFO - ::group::Post task execution logs
[2025-04-10T12:38:34.389+0000] {taskinstance.py:353} INFO - Marking task as SUCCESS. dag_id=air_ingestion_dag, task_id=ingest, run_id=manual__2025-04-10T12:38:32.927429+00:00, execution_date=20250410T123832, start_date=20250410T123834, end_date=20250410T123834
[2025-04-10T12:38:34.425+0000] {local_task_job_runner.py:266} INFO - Task exited with return code 0
[2025-04-10T12:38:34.437+0000] {taskinstance.py:3901} INFO - 0 downstream tasks scheduled from follow-on schedule check
[2025-04-10T12:38:34.438+0000] {local_task_job_runner.py:245} INFO - ::endgroup::
