[2025-04-05T19:48:17.078+0000] {local_task_job_runner.py:123} INFO - ::group::Pre task execution logs
[2025-04-05T19:48:17.089+0000] {taskinstance.py:2614} INFO - Dependencies all met for dep_context=non-requeueable deps ti=<TaskInstance: air_ingestion_dag.ingest scheduled__2025-04-05T18:00:00+00:00 [queued]>
[2025-04-05T19:48:17.094+0000] {taskinstance.py:2614} INFO - Dependencies all met for dep_context=requeueable deps ti=<TaskInstance: air_ingestion_dag.ingest scheduled__2025-04-05T18:00:00+00:00 [queued]>
[2025-04-05T19:48:17.094+0000] {taskinstance.py:2867} INFO - Starting attempt 1 of 2
[2025-04-05T19:48:17.100+0000] {taskinstance.py:2890} INFO - Executing <Task(_PythonDecoratedOperator): ingest> on 2025-04-05 18:00:00+00:00
[2025-04-05T19:48:17.105+0000] {warnings.py:112} WARNING - /home/***/.local/lib/python3.12/site-packages/***/task/task_runner/standard_task_runner.py:70: DeprecationWarning: This process (pid=106) is multi-threaded, use of fork() may lead to deadlocks in the child.
  pid = os.fork()

[2025-04-05T19:48:17.106+0000] {standard_task_runner.py:72} INFO - Started process 108 to run task
[2025-04-05T19:48:17.106+0000] {standard_task_runner.py:104} INFO - Running: ['***', 'tasks', 'run', 'air_ingestion_dag', 'ingest', 'scheduled__2025-04-05T18:00:00+00:00', '--job-id', '133', '--raw', '--subdir', 'DAGS_FOLDER/air_ingestion_dag.py', '--cfg-path', '/tmp/tmp2cm87bkf']
[2025-04-05T19:48:17.108+0000] {standard_task_runner.py:105} INFO - Job 133: Subtask ingest
[2025-04-05T19:48:17.143+0000] {task_command.py:467} INFO - Running <TaskInstance: air_ingestion_dag.ingest scheduled__2025-04-05T18:00:00+00:00 [running]> on host 242fb041fbeb
[2025-04-05T19:48:17.196+0000] {taskinstance.py:3134} INFO - Exporting env vars: AIRFLOW_CTX_DAG_OWNER='beni' AIRFLOW_CTX_DAG_ID='air_ingestion_dag' AIRFLOW_CTX_TASK_ID='ingest' AIRFLOW_CTX_EXECUTION_DATE='2025-04-05T18:00:00+00:00' AIRFLOW_CTX_TRY_NUMBER='1' AIRFLOW_CTX_DAG_RUN_ID='scheduled__2025-04-05T18:00:00+00:00'
[2025-04-05T19:48:17.197+0000] {taskinstance.py:732} INFO - ::endgroup::
[2025-04-05T19:48:17.783+0000] {logging_mixin.py:190} INFO - ✅ Saved: gs://gooutside-raw/air/bamberg/2025-04-05 05:00:00.json
[2025-04-05T19:48:18.224+0000] {logging_mixin.py:190} INFO - ✅ Saved: gs://gooutside-raw/air/bamberg/2025-04-05 06:00:00.json
[2025-04-05T19:48:18.604+0000] {logging_mixin.py:190} INFO - ✅ Saved: gs://gooutside-raw/air/bamberg/2025-04-05 07:00:00.json
[2025-04-05T19:48:18.994+0000] {logging_mixin.py:190} INFO - ✅ Saved: gs://gooutside-raw/air/bamberg/2025-04-05 08:00:00.json
[2025-04-05T19:48:19.362+0000] {logging_mixin.py:190} INFO - ✅ Saved: gs://gooutside-raw/air/bamberg/2025-04-05 09:00:00.json
[2025-04-05T19:48:19.778+0000] {logging_mixin.py:190} INFO - ✅ Saved: gs://gooutside-raw/air/bamberg/2025-04-05 10:00:00.json
[2025-04-05T19:48:20.131+0000] {logging_mixin.py:190} INFO - ✅ Saved: gs://gooutside-raw/air/bamberg/2025-04-05 11:00:00.json
[2025-04-05T19:48:20.511+0000] {logging_mixin.py:190} INFO - ✅ Saved: gs://gooutside-raw/air/bamberg/2025-04-05 12:00:00.json
[2025-04-05T19:48:20.934+0000] {logging_mixin.py:190} INFO - ✅ Saved: gs://gooutside-raw/air/bamberg/2025-04-05 13:00:00.json
[2025-04-05T19:48:21.275+0000] {logging_mixin.py:190} INFO - ✅ Saved: gs://gooutside-raw/air/bamberg/2025-04-05 14:00:00.json
[2025-04-05T19:48:21.594+0000] {logging_mixin.py:190} INFO - ✅ Saved: gs://gooutside-raw/air/bamberg/2025-04-05 15:00:00.json
[2025-04-05T19:48:21.945+0000] {logging_mixin.py:190} INFO - ✅ Saved: gs://gooutside-raw/air/bamberg/2025-04-05 16:00:00.json
[2025-04-05T19:48:22.284+0000] {logging_mixin.py:190} INFO - ✅ Saved: gs://gooutside-raw/air/bamberg/2025-04-05 17:00:00.json
[2025-04-05T19:48:22.285+0000] {python.py:240} INFO - Done. Returned value was: None
[2025-04-05T19:48:22.294+0000] {taskinstance.py:341} INFO - ::group::Post task execution logs
[2025-04-05T19:48:22.294+0000] {taskinstance.py:353} INFO - Marking task as SUCCESS. dag_id=air_ingestion_dag, task_id=ingest, run_id=scheduled__2025-04-05T18:00:00+00:00, execution_date=20250405T180000, start_date=20250405T194817, end_date=20250405T194822
[2025-04-05T19:48:22.337+0000] {local_task_job_runner.py:266} INFO - Task exited with return code 0
[2025-04-05T19:48:22.347+0000] {taskinstance.py:3901} INFO - 0 downstream tasks scheduled from follow-on schedule check
[2025-04-05T19:48:22.347+0000] {local_task_job_runner.py:245} INFO - ::endgroup::
