[2025-04-09T10:00:01.287+0000] {local_task_job_runner.py:123} INFO - ::group::Pre task execution logs
[2025-04-09T10:00:01.303+0000] {taskinstance.py:2614} INFO - Dependencies all met for dep_context=non-requeueable deps ti=<TaskInstance: weather_ingestion_dag.ingest scheduled__2025-04-09T09:00:00+00:00 [queued]>
[2025-04-09T10:00:01.309+0000] {taskinstance.py:2614} INFO - Dependencies all met for dep_context=requeueable deps ti=<TaskInstance: weather_ingestion_dag.ingest scheduled__2025-04-09T09:00:00+00:00 [queued]>
[2025-04-09T10:00:01.309+0000] {taskinstance.py:2867} INFO - Starting attempt 1 of 2
[2025-04-09T10:00:01.321+0000] {taskinstance.py:2890} INFO - Executing <Task(_PythonDecoratedOperator): ingest> on 2025-04-09 09:00:00+00:00
[2025-04-09T10:00:01.327+0000] {warnings.py:112} WARNING - /home/***/.local/lib/python3.12/site-packages/***/task/task_runner/standard_task_runner.py:70: DeprecationWarning: This process (pid=82) is multi-threaded, use of fork() may lead to deadlocks in the child.
  pid = os.fork()

[2025-04-09T10:00:01.353+0000] {standard_task_runner.py:72} INFO - Started process 85 to run task
[2025-04-09T10:00:01.356+0000] {standard_task_runner.py:104} INFO - Running: ['***', 'tasks', 'run', 'weather_ingestion_dag', 'ingest', 'scheduled__2025-04-09T09:00:00+00:00', '--job-id', '485', '--raw', '--subdir', 'DAGS_FOLDER/weather_ingestion_dag.py', '--cfg-path', '/tmp/tmp2wmgwf1x']
[2025-04-09T10:00:01.358+0000] {standard_task_runner.py:105} INFO - Job 485: Subtask ingest
[2025-04-09T10:00:01.418+0000] {task_command.py:467} INFO - Running <TaskInstance: weather_ingestion_dag.ingest scheduled__2025-04-09T09:00:00+00:00 [running]> on host 98acdd3c69ae
[2025-04-09T10:00:01.482+0000] {taskinstance.py:3134} INFO - Exporting env vars: AIRFLOW_CTX_DAG_OWNER='beni' AIRFLOW_CTX_DAG_ID='weather_ingestion_dag' AIRFLOW_CTX_TASK_ID='ingest' AIRFLOW_CTX_EXECUTION_DATE='2025-04-09T09:00:00+00:00' AIRFLOW_CTX_TRY_NUMBER='1' AIRFLOW_CTX_DAG_RUN_ID='scheduled__2025-04-09T09:00:00+00:00'
[2025-04-09T10:00:01.484+0000] {taskinstance.py:732} INFO - ::endgroup::
[2025-04-09T10:00:02.181+0000] {logging_mixin.py:190} INFO - ✅ Saved: gs://gooutside-raw/weather/bamberg/2025-04-09T06:00:00+02:00.json
[2025-04-09T10:00:02.591+0000] {logging_mixin.py:190} INFO - ✅ Saved: gs://gooutside-raw/weather/bamberg/2025-04-09T07:00:00+02:00.json
[2025-04-09T10:00:02.995+0000] {logging_mixin.py:190} INFO - ✅ Saved: gs://gooutside-raw/weather/bamberg/2025-04-09T08:00:00+02:00.json
[2025-04-09T10:00:03.389+0000] {logging_mixin.py:190} INFO - ✅ Saved: gs://gooutside-raw/weather/bamberg/2025-04-09T09:00:00+02:00.json
[2025-04-09T10:00:03.829+0000] {logging_mixin.py:190} INFO - ✅ Saved: gs://gooutside-raw/weather/bamberg/2025-04-09T10:00:00+02:00.json
[2025-04-09T10:00:04.221+0000] {logging_mixin.py:190} INFO - ✅ Saved: gs://gooutside-raw/weather/bamberg/2025-04-09T11:00:00+02:00.json
[2025-04-09T10:00:04.616+0000] {logging_mixin.py:190} INFO - ✅ Saved: gs://gooutside-raw/weather/bamberg/2025-04-09T12:00:00+02:00.json
[2025-04-09T10:00:05.017+0000] {logging_mixin.py:190} INFO - ✅ Saved: gs://gooutside-raw/weather/bamberg/2025-04-09T13:00:00+02:00.json
[2025-04-09T10:00:05.397+0000] {logging_mixin.py:190} INFO - ✅ Saved: gs://gooutside-raw/weather/bamberg/2025-04-09T14:00:00+02:00.json
[2025-04-09T10:00:05.776+0000] {logging_mixin.py:190} INFO - ✅ Saved: gs://gooutside-raw/weather/bamberg/2025-04-09T15:00:00+02:00.json
[2025-04-09T10:00:06.153+0000] {logging_mixin.py:190} INFO - ✅ Saved: gs://gooutside-raw/weather/bamberg/2025-04-09T16:00:00+02:00.json
[2025-04-09T10:00:06.559+0000] {logging_mixin.py:190} INFO - ✅ Saved: gs://gooutside-raw/weather/bamberg/2025-04-09T17:00:00+02:00.json
[2025-04-09T10:00:06.952+0000] {logging_mixin.py:190} INFO - ✅ Saved: gs://gooutside-raw/weather/bamberg/2025-04-09T18:00:00+02:00.json
[2025-04-09T10:00:06.954+0000] {python.py:240} INFO - Done. Returned value was: None
[2025-04-09T10:00:06.980+0000] {taskinstance.py:341} INFO - ::group::Post task execution logs
[2025-04-09T10:00:06.981+0000] {taskinstance.py:353} INFO - Marking task as SUCCESS. dag_id=weather_ingestion_dag, task_id=ingest, run_id=scheduled__2025-04-09T09:00:00+00:00, execution_date=20250409T090000, start_date=20250409T100001, end_date=20250409T100006
[2025-04-09T10:00:07.052+0000] {local_task_job_runner.py:266} INFO - Task exited with return code 0
[2025-04-09T10:00:07.067+0000] {taskinstance.py:3901} INFO - 0 downstream tasks scheduled from follow-on schedule check
[2025-04-09T10:00:07.068+0000] {local_task_job_runner.py:245} INFO - ::endgroup::
