[2025-04-10T15:00:51.674+0000] {local_task_job_runner.py:123} INFO - ::group::Pre task execution logs
[2025-04-10T15:00:51.688+0000] {taskinstance.py:2614} INFO - Dependencies all met for dep_context=non-requeueable deps ti=<TaskInstance: air_ingestion_backfill_dag_simple.ingest scheduled__2025-04-10T09:00:00+00:00 [queued]>
[2025-04-10T15:00:51.694+0000] {taskinstance.py:2614} INFO - Dependencies all met for dep_context=requeueable deps ti=<TaskInstance: air_ingestion_backfill_dag_simple.ingest scheduled__2025-04-10T09:00:00+00:00 [queued]>
[2025-04-10T15:00:51.694+0000] {taskinstance.py:2867} INFO - Starting attempt 1 of 2
[2025-04-10T15:00:51.701+0000] {taskinstance.py:2890} INFO - Executing <Task(_PythonDecoratedOperator): ingest> on 2025-04-10 09:00:00+00:00
[2025-04-10T15:00:51.704+0000] {warnings.py:112} WARNING - /home/***/.local/lib/python3.12/site-packages/***/task/task_runner/standard_task_runner.py:70: DeprecationWarning: This process (pid=524) is multi-threaded, use of fork() may lead to deadlocks in the child.
  pid = os.fork()

[2025-04-10T15:00:51.706+0000] {standard_task_runner.py:72} INFO - Started process 530 to run task
[2025-04-10T15:00:51.706+0000] {standard_task_runner.py:104} INFO - Running: ['***', 'tasks', 'run', 'air_ingestion_backfill_dag_simple', 'ingest', 'scheduled__2025-04-10T09:00:00+00:00', '--job-id', '646', '--raw', '--subdir', 'DAGS_FOLDER/air_backfill_dag.py', '--cfg-path', '/tmp/tmpz0gxu4mn']
[2025-04-10T15:00:51.708+0000] {standard_task_runner.py:105} INFO - Job 646: Subtask ingest
[2025-04-10T15:00:51.743+0000] {task_command.py:467} INFO - Running <TaskInstance: air_ingestion_backfill_dag_simple.ingest scheduled__2025-04-10T09:00:00+00:00 [running]> on host 98acdd3c69ae
[2025-04-10T15:00:51.802+0000] {taskinstance.py:3134} INFO - Exporting env vars: AIRFLOW_CTX_DAG_OWNER='beni' AIRFLOW_CTX_DAG_ID='air_ingestion_backfill_dag_simple' AIRFLOW_CTX_TASK_ID='ingest' AIRFLOW_CTX_EXECUTION_DATE='2025-04-10T09:00:00+00:00' AIRFLOW_CTX_TRY_NUMBER='1' AIRFLOW_CTX_DAG_RUN_ID='scheduled__2025-04-10T09:00:00+00:00'
[2025-04-10T15:00:51.803+0000] {taskinstance.py:732} INFO - ::endgroup::
[2025-04-10T15:00:52.308+0000] {logging_mixin.py:190} INFO - ✅ Saved: gs://gooutside-raw/air/bamberg/2025-04-10T0600.json
[2025-04-10T15:00:52.658+0000] {logging_mixin.py:190} INFO - ✅ Saved: gs://gooutside-raw/air/bamberg/2025-04-10T0700.json
[2025-04-10T15:00:52.989+0000] {logging_mixin.py:190} INFO - ✅ Saved: gs://gooutside-raw/air/bamberg/2025-04-10T0800.json
[2025-04-10T15:00:53.308+0000] {logging_mixin.py:190} INFO - ✅ Saved: gs://gooutside-raw/air/bamberg/2025-04-10T0900.json
[2025-04-10T15:00:53.638+0000] {logging_mixin.py:190} INFO - ✅ Saved: gs://gooutside-raw/air/bamberg/2025-04-10T1000.json
[2025-04-10T15:00:53.978+0000] {logging_mixin.py:190} INFO - ✅ Saved: gs://gooutside-raw/air/bamberg/2025-04-10T1100.json
[2025-04-10T15:00:53.979+0000] {python.py:240} INFO - Done. Returned value was: None
[2025-04-10T15:00:53.988+0000] {taskinstance.py:341} INFO - ::group::Post task execution logs
[2025-04-10T15:00:53.988+0000] {taskinstance.py:353} INFO - Marking task as SUCCESS. dag_id=air_ingestion_backfill_dag_simple, task_id=ingest, run_id=scheduled__2025-04-10T09:00:00+00:00, execution_date=20250410T090000, start_date=20250410T150051, end_date=20250410T150053
[2025-04-10T15:00:54.035+0000] {local_task_job_runner.py:266} INFO - Task exited with return code 0
[2025-04-10T15:00:54.056+0000] {taskinstance.py:3901} INFO - 0 downstream tasks scheduled from follow-on schedule check
[2025-04-10T15:00:54.057+0000] {local_task_job_runner.py:245} INFO - ::endgroup::
