[2025-04-08T19:03:01.139+0000] {local_task_job_runner.py:123} INFO - ::group::Pre task execution logs
[2025-04-08T19:03:01.148+0000] {taskinstance.py:2614} INFO - Dependencies all met for dep_context=non-requeueable deps ti=<TaskInstance: air_ingestion_dag.ingest manual__2025-04-08T19:03:00.282143+00:00 [queued]>
[2025-04-08T19:03:01.152+0000] {taskinstance.py:2614} INFO - Dependencies all met for dep_context=requeueable deps ti=<TaskInstance: air_ingestion_dag.ingest manual__2025-04-08T19:03:00.282143+00:00 [queued]>
[2025-04-08T19:03:01.152+0000] {taskinstance.py:2867} INFO - Starting attempt 1 of 2
[2025-04-08T19:03:01.158+0000] {taskinstance.py:2890} INFO - Executing <Task(_PythonDecoratedOperator): ingest> on 2025-04-08 19:03:00.282143+00:00
[2025-04-08T19:03:01.160+0000] {warnings.py:112} WARNING - /home/***/.local/lib/python3.12/site-packages/***/task/task_runner/standard_task_runner.py:70: DeprecationWarning: This process (pid=154) is multi-threaded, use of fork() may lead to deadlocks in the child.
  pid = os.fork()

[2025-04-08T19:03:01.161+0000] {standard_task_runner.py:72} INFO - Started process 155 to run task
[2025-04-08T19:03:01.162+0000] {standard_task_runner.py:104} INFO - Running: ['***', 'tasks', 'run', 'air_ingestion_dag', 'ingest', 'manual__2025-04-08T19:03:00.282143+00:00', '--job-id', '446', '--raw', '--subdir', 'DAGS_FOLDER/air_ingestion_dag.py', '--cfg-path', '/tmp/tmpuhuvz1qw']
[2025-04-08T19:03:01.163+0000] {standard_task_runner.py:105} INFO - Job 446: Subtask ingest
[2025-04-08T19:03:01.189+0000] {task_command.py:467} INFO - Running <TaskInstance: air_ingestion_dag.ingest manual__2025-04-08T19:03:00.282143+00:00 [running]> on host bb9ffce3cfda
[2025-04-08T19:03:01.231+0000] {taskinstance.py:3134} INFO - Exporting env vars: AIRFLOW_CTX_DAG_OWNER='beni' AIRFLOW_CTX_DAG_ID='air_ingestion_dag' AIRFLOW_CTX_TASK_ID='ingest' AIRFLOW_CTX_EXECUTION_DATE='2025-04-08T19:03:00.282143+00:00' AIRFLOW_CTX_TRY_NUMBER='1' AIRFLOW_CTX_DAG_RUN_ID='manual__2025-04-08T19:03:00.282143+00:00'
[2025-04-08T19:03:01.232+0000] {taskinstance.py:732} INFO - ::endgroup::
[2025-04-08T19:03:01.730+0000] {logging_mixin.py:190} INFO - ✅ Saved: gs://gooutside-raw/air/bamberg/2025-04-08T0600.json
[2025-04-08T19:03:02.089+0000] {logging_mixin.py:190} INFO - ✅ Saved: gs://gooutside-raw/air/bamberg/2025-04-08T0700.json
[2025-04-08T19:03:02.440+0000] {logging_mixin.py:190} INFO - ✅ Saved: gs://gooutside-raw/air/bamberg/2025-04-08T0800.json
[2025-04-08T19:03:02.796+0000] {logging_mixin.py:190} INFO - ✅ Saved: gs://gooutside-raw/air/bamberg/2025-04-08T0900.json
[2025-04-08T19:03:03.113+0000] {logging_mixin.py:190} INFO - ✅ Saved: gs://gooutside-raw/air/bamberg/2025-04-08T1000.json
[2025-04-08T19:03:03.478+0000] {logging_mixin.py:190} INFO - ✅ Saved: gs://gooutside-raw/air/bamberg/2025-04-08T1100.json
[2025-04-08T19:03:03.820+0000] {logging_mixin.py:190} INFO - ✅ Saved: gs://gooutside-raw/air/bamberg/2025-04-08T1200.json
[2025-04-08T19:03:04.169+0000] {logging_mixin.py:190} INFO - ✅ Saved: gs://gooutside-raw/air/bamberg/2025-04-08T1300.json
[2025-04-08T19:03:04.523+0000] {logging_mixin.py:190} INFO - ✅ Saved: gs://gooutside-raw/air/bamberg/2025-04-08T1400.json
[2025-04-08T19:03:04.895+0000] {logging_mixin.py:190} INFO - ✅ Saved: gs://gooutside-raw/air/bamberg/2025-04-08T1500.json
[2025-04-08T19:03:05.217+0000] {logging_mixin.py:190} INFO - ✅ Saved: gs://gooutside-raw/air/bamberg/2025-04-08T1600.json
[2025-04-08T19:03:05.568+0000] {logging_mixin.py:190} INFO - ✅ Saved: gs://gooutside-raw/air/bamberg/2025-04-08T1700.json
[2025-04-08T19:03:05.569+0000] {python.py:240} INFO - Done. Returned value was: None
[2025-04-08T19:03:05.583+0000] {taskinstance.py:341} INFO - ::group::Post task execution logs
[2025-04-08T19:03:05.583+0000] {taskinstance.py:353} INFO - Marking task as SUCCESS. dag_id=air_ingestion_dag, task_id=ingest, run_id=manual__2025-04-08T19:03:00.282143+00:00, execution_date=20250408T190300, start_date=20250408T190301, end_date=20250408T190305
[2025-04-08T19:03:05.627+0000] {local_task_job_runner.py:266} INFO - Task exited with return code 0
[2025-04-08T19:03:05.639+0000] {taskinstance.py:3901} INFO - 0 downstream tasks scheduled from follow-on schedule check
[2025-04-08T19:03:05.640+0000] {local_task_job_runner.py:245} INFO - ::endgroup::
