[2025-04-08T14:51:10.156+0000] {local_task_job_runner.py:123} INFO - ::group::Pre task execution logs
[2025-04-08T14:51:10.184+0000] {taskinstance.py:2614} INFO - Dependencies all met for dep_context=non-requeueable deps ti=<TaskInstance: air_ingestion_dag.ingest backfill__2024-01-04T10:00:00+00:00 [queued]>
[2025-04-08T14:51:10.193+0000] {taskinstance.py:2614} INFO - Dependencies all met for dep_context=requeueable deps ti=<TaskInstance: air_ingestion_dag.ingest backfill__2024-01-04T10:00:00+00:00 [queued]>
[2025-04-08T14:51:10.193+0000] {taskinstance.py:2867} INFO - Starting attempt 1 of 2
[2025-04-08T14:51:10.206+0000] {taskinstance.py:2890} INFO - Executing <Task(_PythonDecoratedOperator): ingest> on 2024-01-04 10:00:00+00:00
[2025-04-08T14:51:10.213+0000] {warnings.py:112} WARNING - /home/***/.local/lib/python3.12/site-packages/***/task/task_runner/standard_task_runner.py:70: DeprecationWarning: This process (pid=74) is multi-threaded, use of fork() may lead to deadlocks in the child.
  pid = os.fork()

[2025-04-08T14:51:10.217+0000] {standard_task_runner.py:72} INFO - Started process 76 to run task
[2025-04-08T14:51:10.214+0000] {standard_task_runner.py:104} INFO - Running: ['***', 'tasks', 'run', 'air_ingestion_dag', 'ingest', 'backfill__2024-01-04T10:00:00+00:00', '--job-id', '385', '--pool', 'default_pool', '--raw', '--subdir', 'DAGS_FOLDER/air_ingestion_dag.py', '--cfg-path', '/tmp/tmpmkyfzla6']
[2025-04-08T14:51:10.218+0000] {standard_task_runner.py:105} INFO - Job 385: Subtask ingest
[2025-04-08T14:51:10.324+0000] {task_command.py:467} INFO - Running <TaskInstance: air_ingestion_dag.ingest backfill__2024-01-04T10:00:00+00:00 [running]> on host bb9ffce3cfda
[2025-04-08T14:51:10.431+0000] {taskinstance.py:3134} INFO - Exporting env vars: AIRFLOW_CTX_DAG_OWNER='beni' AIRFLOW_CTX_DAG_ID='air_ingestion_dag' AIRFLOW_CTX_TASK_ID='ingest' AIRFLOW_CTX_EXECUTION_DATE='2024-01-04T10:00:00+00:00' AIRFLOW_CTX_TRY_NUMBER='1' AIRFLOW_CTX_DAG_RUN_ID='backfill__2024-01-04T10:00:00+00:00'
[2025-04-08T14:51:10.433+0000] {taskinstance.py:732} INFO - ::endgroup::
[2025-04-08T14:51:10.438+0000] {logging_mixin.py:190} INFO - ⏰ Running for local time: 2024-01-04T11:00:00+01:00 (UTC: 2024-01-04T10:00:00+00:00)
[2025-04-08T14:51:10.949+0000] {logging_mixin.py:190} INFO - ✅ Saved: gs://gooutside-raw/air/bamberg/2024-01-04T0600.json
[2025-04-08T14:51:11.295+0000] {logging_mixin.py:190} INFO - ✅ Saved: gs://gooutside-raw/air/bamberg/2024-01-04T0700.json
[2025-04-08T14:51:11.616+0000] {logging_mixin.py:190} INFO - ✅ Saved: gs://gooutside-raw/air/bamberg/2024-01-04T0800.json
[2025-04-08T14:51:11.951+0000] {logging_mixin.py:190} INFO - ✅ Saved: gs://gooutside-raw/air/bamberg/2024-01-04T0900.json
[2025-04-08T14:51:12.270+0000] {logging_mixin.py:190} INFO - ✅ Saved: gs://gooutside-raw/air/bamberg/2024-01-04T1100.json
[2025-04-08T14:51:12.595+0000] {logging_mixin.py:190} INFO - ✅ Saved: gs://gooutside-raw/air/bamberg/2024-01-04T1200.json
[2025-04-08T14:51:12.904+0000] {logging_mixin.py:190} INFO - ✅ Saved: gs://gooutside-raw/air/bamberg/2024-01-04T1300.json
[2025-04-08T14:51:13.241+0000] {logging_mixin.py:190} INFO - ✅ Saved: gs://gooutside-raw/air/bamberg/2024-01-04T1400.json
[2025-04-08T14:51:13.552+0000] {logging_mixin.py:190} INFO - ✅ Saved: gs://gooutside-raw/air/bamberg/2024-01-04T1500.json
[2025-04-08T14:51:13.871+0000] {logging_mixin.py:190} INFO - ✅ Saved: gs://gooutside-raw/air/bamberg/2024-01-04T1600.json
[2025-04-08T14:51:14.185+0000] {logging_mixin.py:190} INFO - ✅ Saved: gs://gooutside-raw/air/bamberg/2024-01-04T1700.json
[2025-04-08T14:51:14.494+0000] {logging_mixin.py:190} INFO - ✅ Saved: gs://gooutside-raw/air/bamberg/2024-01-04T1800.json
[2025-04-08T14:51:14.830+0000] {logging_mixin.py:190} INFO - ✅ Saved: gs://gooutside-raw/air/bamberg/2024-01-04T1900.json
[2025-04-08T14:51:15.184+0000] {logging_mixin.py:190} INFO - ✅ Saved: gs://gooutside-raw/air/bamberg/2024-01-04T1000.json
[2025-04-08T14:51:15.184+0000] {python.py:240} INFO - Done. Returned value was: None
[2025-04-08T14:51:15.207+0000] {taskinstance.py:341} INFO - ::group::Post task execution logs
[2025-04-08T14:51:15.207+0000] {taskinstance.py:353} INFO - Marking task as SUCCESS. dag_id=air_ingestion_dag, task_id=ingest, run_id=backfill__2024-01-04T10:00:00+00:00, execution_date=20240104T100000, start_date=20250408T145110, end_date=20250408T145115
[2025-04-08T14:51:15.336+0000] {local_task_job_runner.py:266} INFO - Task exited with return code 0
[2025-04-08T14:51:15.391+0000] {taskinstance.py:3901} INFO - 0 downstream tasks scheduled from follow-on schedule check
[2025-04-08T14:51:15.395+0000] {local_task_job_runner.py:245} INFO - ::endgroup::
