[2025-04-08T14:50:48.078+0000] {local_task_job_runner.py:123} INFO - ::group::Pre task execution logs
[2025-04-08T14:50:48.103+0000] {taskinstance.py:2614} INFO - Dependencies all met for dep_context=non-requeueable deps ti=<TaskInstance: air_ingestion_dag.ingest backfill__2024-01-04T07:00:00+00:00 [queued]>
[2025-04-08T14:50:48.114+0000] {taskinstance.py:2614} INFO - Dependencies all met for dep_context=requeueable deps ti=<TaskInstance: air_ingestion_dag.ingest backfill__2024-01-04T07:00:00+00:00 [queued]>
[2025-04-08T14:50:48.115+0000] {taskinstance.py:2867} INFO - Starting attempt 1 of 2
[2025-04-08T14:50:48.128+0000] {taskinstance.py:2890} INFO - Executing <Task(_PythonDecoratedOperator): ingest> on 2024-01-04 07:00:00+00:00
[2025-04-08T14:50:48.133+0000] {warnings.py:112} WARNING - /home/***/.local/lib/python3.12/site-packages/***/task/task_runner/standard_task_runner.py:70: DeprecationWarning: This process (pid=61) is multi-threaded, use of fork() may lead to deadlocks in the child.
  pid = os.fork()

[2025-04-08T14:50:48.135+0000] {standard_task_runner.py:72} INFO - Started process 65 to run task
[2025-04-08T14:50:48.135+0000] {standard_task_runner.py:104} INFO - Running: ['***', 'tasks', 'run', 'air_ingestion_dag', 'ingest', 'backfill__2024-01-04T07:00:00+00:00', '--job-id', '379', '--pool', 'default_pool', '--raw', '--subdir', 'DAGS_FOLDER/air_ingestion_dag.py', '--cfg-path', '/tmp/tmpb05q5ijt']
[2025-04-08T14:50:48.141+0000] {standard_task_runner.py:105} INFO - Job 379: Subtask ingest
[2025-04-08T14:50:48.243+0000] {task_command.py:467} INFO - Running <TaskInstance: air_ingestion_dag.ingest backfill__2024-01-04T07:00:00+00:00 [running]> on host bb9ffce3cfda
[2025-04-08T14:50:48.361+0000] {taskinstance.py:3134} INFO - Exporting env vars: AIRFLOW_CTX_DAG_OWNER='beni' AIRFLOW_CTX_DAG_ID='air_ingestion_dag' AIRFLOW_CTX_TASK_ID='ingest' AIRFLOW_CTX_EXECUTION_DATE='2024-01-04T07:00:00+00:00' AIRFLOW_CTX_TRY_NUMBER='1' AIRFLOW_CTX_DAG_RUN_ID='backfill__2024-01-04T07:00:00+00:00'
[2025-04-08T14:50:48.363+0000] {taskinstance.py:732} INFO - ::endgroup::
[2025-04-08T14:50:48.366+0000] {logging_mixin.py:190} INFO - ⏰ Running for local time: 2024-01-04T08:00:00+01:00 (UTC: 2024-01-04T07:00:00+00:00)
[2025-04-08T14:50:49.591+0000] {logging_mixin.py:190} INFO - ✅ Saved: gs://gooutside-raw/air/bamberg/2024-01-04T0600.json
[2025-04-08T14:50:49.937+0000] {logging_mixin.py:190} INFO - ✅ Saved: gs://gooutside-raw/air/bamberg/2024-01-04T0700.json
[2025-04-08T14:50:50.241+0000] {logging_mixin.py:190} INFO - ✅ Saved: gs://gooutside-raw/air/bamberg/2024-01-04T0800.json
[2025-04-08T14:50:50.555+0000] {logging_mixin.py:190} INFO - ✅ Saved: gs://gooutside-raw/air/bamberg/2024-01-04T0900.json
[2025-04-08T14:50:50.921+0000] {logging_mixin.py:190} INFO - ✅ Saved: gs://gooutside-raw/air/bamberg/2024-01-04T1100.json
[2025-04-08T14:50:51.245+0000] {logging_mixin.py:190} INFO - ✅ Saved: gs://gooutside-raw/air/bamberg/2024-01-04T1200.json
[2025-04-08T14:50:51.801+0000] {logging_mixin.py:190} INFO - ✅ Saved: gs://gooutside-raw/air/bamberg/2024-01-04T1300.json
[2025-04-08T14:50:52.326+0000] {logging_mixin.py:190} INFO - ✅ Saved: gs://gooutside-raw/air/bamberg/2024-01-04T1400.json
[2025-04-08T14:50:52.636+0000] {logging_mixin.py:190} INFO - ✅ Saved: gs://gooutside-raw/air/bamberg/2024-01-04T1500.json
[2025-04-08T14:50:52.944+0000] {logging_mixin.py:190} INFO - ✅ Saved: gs://gooutside-raw/air/bamberg/2024-01-04T1600.json
[2025-04-08T14:50:53.264+0000] {logging_mixin.py:190} INFO - ✅ Saved: gs://gooutside-raw/air/bamberg/2024-01-04T1700.json
[2025-04-08T14:50:53.586+0000] {logging_mixin.py:190} INFO - ✅ Saved: gs://gooutside-raw/air/bamberg/2024-01-04T1800.json
[2025-04-08T14:50:53.908+0000] {logging_mixin.py:190} INFO - ✅ Saved: gs://gooutside-raw/air/bamberg/2024-01-04T1900.json
[2025-04-08T14:50:54.230+0000] {logging_mixin.py:190} INFO - ✅ Saved: gs://gooutside-raw/air/bamberg/2024-01-04T1000.json
[2025-04-08T14:50:54.231+0000] {python.py:240} INFO - Done. Returned value was: None
[2025-04-08T14:50:54.249+0000] {taskinstance.py:341} INFO - ::group::Post task execution logs
[2025-04-08T14:50:54.249+0000] {taskinstance.py:353} INFO - Marking task as SUCCESS. dag_id=air_ingestion_dag, task_id=ingest, run_id=backfill__2024-01-04T07:00:00+00:00, execution_date=20240104T070000, start_date=20250408T145048, end_date=20250408T145054
[2025-04-08T14:50:54.289+0000] {local_task_job_runner.py:266} INFO - Task exited with return code 0
[2025-04-08T14:50:54.330+0000] {taskinstance.py:3901} INFO - 0 downstream tasks scheduled from follow-on schedule check
[2025-04-08T14:50:54.334+0000] {local_task_job_runner.py:245} INFO - ::endgroup::
