[2025-04-07T21:26:46.344+0000] {local_task_job_runner.py:123} INFO - ::group::Pre task execution logs
[2025-04-07T21:26:46.357+0000] {taskinstance.py:2614} INFO - Dependencies all met for dep_context=non-requeueable deps ti=<TaskInstance: air_ingestion_dag.ingest scheduled__2025-04-07T20:00:00+00:00 [queued]>
[2025-04-07T21:26:46.361+0000] {taskinstance.py:2614} INFO - Dependencies all met for dep_context=requeueable deps ti=<TaskInstance: air_ingestion_dag.ingest scheduled__2025-04-07T20:00:00+00:00 [queued]>
[2025-04-07T21:26:46.362+0000] {taskinstance.py:2867} INFO - Starting attempt 1 of 2
[2025-04-07T21:26:46.368+0000] {taskinstance.py:2890} INFO - Executing <Task(_PythonDecoratedOperator): ingest> on 2025-04-07 20:00:00+00:00
[2025-04-07T21:26:46.372+0000] {warnings.py:112} WARNING - /home/***/.local/lib/python3.12/site-packages/***/task/task_runner/standard_task_runner.py:70: DeprecationWarning: This process (pid=95) is multi-threaded, use of fork() may lead to deadlocks in the child.
  pid = os.fork()

[2025-04-07T21:26:46.373+0000] {standard_task_runner.py:72} INFO - Started process 98 to run task
[2025-04-07T21:26:46.374+0000] {standard_task_runner.py:104} INFO - Running: ['***', 'tasks', 'run', 'air_ingestion_dag', 'ingest', 'scheduled__2025-04-07T20:00:00+00:00', '--job-id', '239', '--raw', '--subdir', 'DAGS_FOLDER/air_ingestion_dag.py', '--cfg-path', '/tmp/tmpyhyahpcx']
[2025-04-07T21:26:46.375+0000] {standard_task_runner.py:105} INFO - Job 239: Subtask ingest
[2025-04-07T21:26:46.404+0000] {task_command.py:467} INFO - Running <TaskInstance: air_ingestion_dag.ingest scheduled__2025-04-07T20:00:00+00:00 [running]> on host 242fb041fbeb
[2025-04-07T21:26:46.452+0000] {taskinstance.py:3134} INFO - Exporting env vars: AIRFLOW_CTX_DAG_OWNER='beni' AIRFLOW_CTX_DAG_ID='air_ingestion_dag' AIRFLOW_CTX_TASK_ID='ingest' AIRFLOW_CTX_EXECUTION_DATE='2025-04-07T20:00:00+00:00' AIRFLOW_CTX_TRY_NUMBER='1' AIRFLOW_CTX_DAG_RUN_ID='scheduled__2025-04-07T20:00:00+00:00'
[2025-04-07T21:26:46.453+0000] {taskinstance.py:732} INFO - ::endgroup::
[2025-04-07T21:26:47.034+0000] {logging_mixin.py:190} INFO - ✅ Saved: gs://gooutside-raw/air/bamberg/2025-04-07T0500.json
[2025-04-07T21:26:47.382+0000] {logging_mixin.py:190} INFO - ✅ Saved: gs://gooutside-raw/air/bamberg/2025-04-07T0600.json
[2025-04-07T21:26:47.747+0000] {logging_mixin.py:190} INFO - ✅ Saved: gs://gooutside-raw/air/bamberg/2025-04-07T0700.json
[2025-04-07T21:26:48.113+0000] {logging_mixin.py:190} INFO - ✅ Saved: gs://gooutside-raw/air/bamberg/2025-04-07T0800.json
[2025-04-07T21:26:49.399+0000] {connectionpool.py:868} WARNING - Retrying (Retry(total=2, connect=None, read=None, redirect=None, status=None)) after connection broken by 'SSLError(SSLEOFError(8, '[SSL: UNEXPECTED_EOF_WHILE_READING] EOF occurred in violation of protocol (_ssl.c:1010)'))': /token
[2025-04-07T21:26:49.771+0000] {logging_mixin.py:190} INFO - ✅ Saved: gs://gooutside-raw/air/bamberg/2025-04-07T0900.json
[2025-04-07T21:26:50.138+0000] {logging_mixin.py:190} INFO - ✅ Saved: gs://gooutside-raw/air/bamberg/2025-04-07T1000.json
[2025-04-07T21:26:50.454+0000] {logging_mixin.py:190} INFO - ✅ Saved: gs://gooutside-raw/air/bamberg/2025-04-07T1100.json
[2025-04-07T21:26:50.822+0000] {logging_mixin.py:190} INFO - ✅ Saved: gs://gooutside-raw/air/bamberg/2025-04-07T1200.json
[2025-04-07T21:26:51.173+0000] {logging_mixin.py:190} INFO - ✅ Saved: gs://gooutside-raw/air/bamberg/2025-04-07T1300.json
[2025-04-07T21:26:51.755+0000] {logging_mixin.py:190} INFO - ✅ Saved: gs://gooutside-raw/air/bamberg/2025-04-07T1400.json
[2025-04-07T21:26:52.108+0000] {logging_mixin.py:190} INFO - ✅ Saved: gs://gooutside-raw/air/bamberg/2025-04-07T1500.json
[2025-04-07T21:26:52.452+0000] {logging_mixin.py:190} INFO - ✅ Saved: gs://gooutside-raw/air/bamberg/2025-04-07T1600.json
[2025-04-07T21:26:52.788+0000] {logging_mixin.py:190} INFO - ✅ Saved: gs://gooutside-raw/air/bamberg/2025-04-07T1700.json
[2025-04-07T21:26:52.789+0000] {python.py:240} INFO - Done. Returned value was: None
[2025-04-07T21:26:52.803+0000] {taskinstance.py:341} INFO - ::group::Post task execution logs
[2025-04-07T21:26:52.804+0000] {taskinstance.py:353} INFO - Marking task as SUCCESS. dag_id=air_ingestion_dag, task_id=ingest, run_id=scheduled__2025-04-07T20:00:00+00:00, execution_date=20250407T200000, start_date=20250407T212646, end_date=20250407T212652
[2025-04-07T21:26:52.864+0000] {local_task_job_runner.py:266} INFO - Task exited with return code 0
[2025-04-07T21:26:52.878+0000] {taskinstance.py:3901} INFO - 0 downstream tasks scheduled from follow-on schedule check
[2025-04-07T21:26:52.879+0000] {local_task_job_runner.py:245} INFO - ::endgroup::
