[2025-04-09T19:01:35.800+0000] {local_task_job_runner.py:123} INFO - ::group::Pre task execution logs
[2025-04-09T19:01:35.813+0000] {taskinstance.py:2614} INFO - Dependencies all met for dep_context=non-requeueable deps ti=<TaskInstance: weather_ingestion_dag.ingest scheduled__2025-04-09T18:00:00+00:00 [queued]>
[2025-04-09T19:01:35.818+0000] {taskinstance.py:2614} INFO - Dependencies all met for dep_context=requeueable deps ti=<TaskInstance: weather_ingestion_dag.ingest scheduled__2025-04-09T18:00:00+00:00 [queued]>
[2025-04-09T19:01:35.819+0000] {taskinstance.py:2867} INFO - Starting attempt 1 of 2
[2025-04-09T19:01:35.826+0000] {taskinstance.py:2890} INFO - Executing <Task(_PythonDecoratedOperator): ingest> on 2025-04-09 18:00:00+00:00
[2025-04-09T19:01:35.830+0000] {warnings.py:112} WARNING - /home/***/.local/lib/python3.12/site-packages/***/task/task_runner/standard_task_runner.py:70: DeprecationWarning: This process (pid=133) is multi-threaded, use of fork() may lead to deadlocks in the child.
  pid = os.fork()

[2025-04-09T19:01:35.832+0000] {standard_task_runner.py:72} INFO - Started process 135 to run task
[2025-04-09T19:01:35.833+0000] {standard_task_runner.py:104} INFO - Running: ['***', 'tasks', 'run', 'weather_ingestion_dag', 'ingest', 'scheduled__2025-04-09T18:00:00+00:00', '--job-id', '516', '--raw', '--subdir', 'DAGS_FOLDER/weather_ingestion_dag.py', '--cfg-path', '/tmp/tmpcucdr840']
[2025-04-09T19:01:35.837+0000] {standard_task_runner.py:105} INFO - Job 516: Subtask ingest
[2025-04-09T19:01:35.870+0000] {task_command.py:467} INFO - Running <TaskInstance: weather_ingestion_dag.ingest scheduled__2025-04-09T18:00:00+00:00 [running]> on host 98acdd3c69ae
[2025-04-09T19:01:35.920+0000] {taskinstance.py:3134} INFO - Exporting env vars: AIRFLOW_CTX_DAG_OWNER='beni' AIRFLOW_CTX_DAG_ID='weather_ingestion_dag' AIRFLOW_CTX_TASK_ID='ingest' AIRFLOW_CTX_EXECUTION_DATE='2025-04-09T18:00:00+00:00' AIRFLOW_CTX_TRY_NUMBER='1' AIRFLOW_CTX_DAG_RUN_ID='scheduled__2025-04-09T18:00:00+00:00'
[2025-04-09T19:01:35.922+0000] {taskinstance.py:732} INFO - ::endgroup::
[2025-04-09T19:01:35.923+0000] {weather_ingestion_dag.py:31} INFO - 🌍 Current UTC hour: 2025-04-09T19:00:00+00:00
[2025-04-09T19:01:36.084+0000] {weather_ingestion_dag.py:38} INFO - ⏱ Found 1 matching entries for this hour
[2025-04-09T19:01:36.084+0000] {weather_ingestion_dag.py:41} INFO - 💾 Saving weather entry for 2025-04-09T19:00:00+00:00
[2025-04-09T19:01:36.518+0000] {logging_mixin.py:190} INFO - ✅ Saved: gs://gooutside-raw/weather/bamberg/2025-04-09T1900.json
[2025-04-09T19:01:36.519+0000] {python.py:240} INFO - Done. Returned value was: None
[2025-04-09T19:01:36.527+0000] {taskinstance.py:341} INFO - ::group::Post task execution logs
[2025-04-09T19:01:36.527+0000] {taskinstance.py:353} INFO - Marking task as SUCCESS. dag_id=weather_ingestion_dag, task_id=ingest, run_id=scheduled__2025-04-09T18:00:00+00:00, execution_date=20250409T180000, start_date=20250409T190135, end_date=20250409T190136
[2025-04-09T19:01:36.584+0000] {local_task_job_runner.py:266} INFO - Task exited with return code 0
[2025-04-09T19:01:36.595+0000] {taskinstance.py:3901} INFO - 0 downstream tasks scheduled from follow-on schedule check
[2025-04-09T19:01:36.596+0000] {local_task_job_runner.py:245} INFO - ::endgroup::
