[2025-04-08T14:37:03.514+0000] {local_task_job_runner.py:123} INFO - ::group::Pre task execution logs
[2025-04-08T14:37:03.583+0000] {taskinstance.py:2614} INFO - Dependencies all met for dep_context=non-requeueable deps ti=<TaskInstance: air_ingestion_dag.ingest backfill__2024-01-03T15:00:00+00:00 [queued]>
[2025-04-08T14:37:03.600+0000] {taskinstance.py:2614} INFO - Dependencies all met for dep_context=requeueable deps ti=<TaskInstance: air_ingestion_dag.ingest backfill__2024-01-03T15:00:00+00:00 [queued]>
[2025-04-08T14:37:03.600+0000] {taskinstance.py:2867} INFO - Starting attempt 1 of 2
[2025-04-08T14:37:03.642+0000] {taskinstance.py:2890} INFO - Executing <Task(_PythonDecoratedOperator): ingest> on 2024-01-03 15:00:00+00:00
[2025-04-08T14:37:03.650+0000] {warnings.py:112} WARNING - /home/***/.local/lib/python3.12/site-packages/***/task/task_runner/standard_task_runner.py:70: DeprecationWarning: This process (pid=214) is multi-threaded, use of fork() may lead to deadlocks in the child.
  pid = os.fork()

[2025-04-08T14:37:03.663+0000] {standard_task_runner.py:72} INFO - Started process 247 to run task
[2025-04-08T14:37:03.663+0000] {standard_task_runner.py:104} INFO - Running: ['***', 'tasks', 'run', 'air_ingestion_dag', 'ingest', 'backfill__2024-01-03T15:00:00+00:00', '--job-id', '351', '--pool', 'default_pool', '--raw', '--subdir', 'DAGS_FOLDER/air_ingestion_dag.py', '--cfg-path', '/tmp/tmp8i_8wa90']
[2025-04-08T14:37:03.670+0000] {standard_task_runner.py:105} INFO - Job 351: Subtask ingest
[2025-04-08T14:37:03.910+0000] {task_command.py:467} INFO - Running <TaskInstance: air_ingestion_dag.ingest backfill__2024-01-03T15:00:00+00:00 [running]> on host ef6176db86b3
[2025-04-08T14:37:04.213+0000] {taskinstance.py:3134} INFO - Exporting env vars: AIRFLOW_CTX_DAG_OWNER='beni' AIRFLOW_CTX_DAG_ID='air_ingestion_dag' AIRFLOW_CTX_TASK_ID='ingest' AIRFLOW_CTX_EXECUTION_DATE='2024-01-03T15:00:00+00:00' AIRFLOW_CTX_TRY_NUMBER='1' AIRFLOW_CTX_DAG_RUN_ID='backfill__2024-01-03T15:00:00+00:00'
[2025-04-08T14:37:04.216+0000] {taskinstance.py:732} INFO - ::endgroup::
[2025-04-08T14:37:04.221+0000] {logging_mixin.py:190} INFO - ⏰ Running for local time: 2024-01-03T16:00:00+01:00 (UTC: 2024-01-03T15:00:00+00:00)
[2025-04-08T14:37:05.416+0000] {logging_mixin.py:190} INFO - ✅ Saved: gs://gooutside-raw/air/bamberg/2024-01-03T0600.json
[2025-04-08T14:37:05.759+0000] {logging_mixin.py:190} INFO - ✅ Saved: gs://gooutside-raw/air/bamberg/2024-01-03T0700.json
[2025-04-08T14:37:06.087+0000] {logging_mixin.py:190} INFO - ✅ Saved: gs://gooutside-raw/air/bamberg/2024-01-03T0800.json
[2025-04-08T14:37:06.433+0000] {logging_mixin.py:190} INFO - ✅ Saved: gs://gooutside-raw/air/bamberg/2024-01-03T0900.json
[2025-04-08T14:37:06.768+0000] {logging_mixin.py:190} INFO - ✅ Saved: gs://gooutside-raw/air/bamberg/2024-01-03T1000.json
[2025-04-08T14:37:07.089+0000] {logging_mixin.py:190} INFO - ✅ Saved: gs://gooutside-raw/air/bamberg/2024-01-03T1100.json
[2025-04-08T14:37:07.412+0000] {logging_mixin.py:190} INFO - ✅ Saved: gs://gooutside-raw/air/bamberg/2024-01-03T1200.json
[2025-04-08T14:37:07.725+0000] {logging_mixin.py:190} INFO - ✅ Saved: gs://gooutside-raw/air/bamberg/2024-01-03T1300.json
[2025-04-08T14:37:08.054+0000] {logging_mixin.py:190} INFO - ✅ Saved: gs://gooutside-raw/air/bamberg/2024-01-03T1400.json
[2025-04-08T14:37:08.420+0000] {logging_mixin.py:190} INFO - ✅ Saved: gs://gooutside-raw/air/bamberg/2024-01-03T1500.json
[2025-04-08T14:37:08.789+0000] {logging_mixin.py:190} INFO - ✅ Saved: gs://gooutside-raw/air/bamberg/2024-01-03T1600.json
[2025-04-08T14:37:09.109+0000] {logging_mixin.py:190} INFO - ✅ Saved: gs://gooutside-raw/air/bamberg/2024-01-03T1700.json
[2025-04-08T14:37:09.110+0000] {python.py:240} INFO - Done. Returned value was: None
[2025-04-08T14:37:09.123+0000] {taskinstance.py:341} INFO - ::group::Post task execution logs
[2025-04-08T14:37:09.123+0000] {taskinstance.py:353} INFO - Marking task as SUCCESS. dag_id=air_ingestion_dag, task_id=ingest, run_id=backfill__2024-01-03T15:00:00+00:00, execution_date=20240103T150000, start_date=20250408T143703, end_date=20250408T143709
[2025-04-08T14:37:09.184+0000] {local_task_job_runner.py:266} INFO - Task exited with return code 0
[2025-04-08T14:37:09.212+0000] {taskinstance.py:3901} INFO - 0 downstream tasks scheduled from follow-on schedule check
[2025-04-08T14:37:09.213+0000] {local_task_job_runner.py:245} INFO - ::endgroup::
