[2025-04-08T14:43:09.114+0000] {local_task_job_runner.py:123} INFO - ::group::Pre task execution logs
[2025-04-08T14:43:09.127+0000] {taskinstance.py:2614} INFO - Dependencies all met for dep_context=non-requeueable deps ti=<TaskInstance: air_ingestion_dag.ingest backfill__2024-01-03T11:00:00+00:00 [queued]>
[2025-04-08T14:43:09.132+0000] {taskinstance.py:2614} INFO - Dependencies all met for dep_context=requeueable deps ti=<TaskInstance: air_ingestion_dag.ingest backfill__2024-01-03T11:00:00+00:00 [queued]>
[2025-04-08T14:43:09.132+0000] {taskinstance.py:2867} INFO - Starting attempt 2 of 2
[2025-04-08T14:43:09.140+0000] {taskinstance.py:2890} INFO - Executing <Task(_PythonDecoratedOperator): ingest> on 2024-01-03 11:00:00+00:00
[2025-04-08T14:43:09.144+0000] {warnings.py:112} WARNING - /home/***/.local/lib/python3.12/site-packages/***/task/task_runner/standard_task_runner.py:70: DeprecationWarning: This process (pid=51) is multi-threaded, use of fork() may lead to deadlocks in the child.
  pid = os.fork()

[2025-04-08T14:43:09.146+0000] {standard_task_runner.py:72} INFO - Started process 54 to run task
[2025-04-08T14:43:09.149+0000] {standard_task_runner.py:104} INFO - Running: ['***', 'tasks', 'run', 'air_ingestion_dag', 'ingest', 'backfill__2024-01-03T11:00:00+00:00', '--job-id', '363', '--pool', 'default_pool', '--raw', '--subdir', 'DAGS_FOLDER/air_ingestion_dag.py', '--cfg-path', '/tmp/tmpa5ouupum']
[2025-04-08T14:43:09.152+0000] {standard_task_runner.py:105} INFO - Job 363: Subtask ingest
[2025-04-08T14:43:09.201+0000] {task_command.py:467} INFO - Running <TaskInstance: air_ingestion_dag.ingest backfill__2024-01-03T11:00:00+00:00 [running]> on host 640a63202c60
[2025-04-08T14:43:09.270+0000] {taskinstance.py:3134} INFO - Exporting env vars: AIRFLOW_CTX_DAG_OWNER='beni' AIRFLOW_CTX_DAG_ID='air_ingestion_dag' AIRFLOW_CTX_TASK_ID='ingest' AIRFLOW_CTX_EXECUTION_DATE='2024-01-03T11:00:00+00:00' AIRFLOW_CTX_TRY_NUMBER='2' AIRFLOW_CTX_DAG_RUN_ID='backfill__2024-01-03T11:00:00+00:00'
[2025-04-08T14:43:09.271+0000] {taskinstance.py:732} INFO - ::endgroup::
[2025-04-08T14:43:09.274+0000] {logging_mixin.py:190} INFO - ⏰ Running for local time: 2024-01-03T12:00:00+01:00 (UTC: 2024-01-03T11:00:00+00:00)
[2025-04-08T14:43:09.956+0000] {logging_mixin.py:190} INFO - ✅ Saved: gs://gooutside-raw/air/bamberg/2024-01-03T0600.json
[2025-04-08T14:43:10.321+0000] {logging_mixin.py:190} INFO - ✅ Saved: gs://gooutside-raw/air/bamberg/2024-01-03T0700.json
[2025-04-08T14:43:10.716+0000] {logging_mixin.py:190} INFO - ✅ Saved: gs://gooutside-raw/air/bamberg/2024-01-03T0800.json
[2025-04-08T14:43:11.060+0000] {logging_mixin.py:190} INFO - ✅ Saved: gs://gooutside-raw/air/bamberg/2024-01-03T0900.json
[2025-04-08T14:43:11.396+0000] {logging_mixin.py:190} INFO - ✅ Saved: gs://gooutside-raw/air/bamberg/2024-01-03T1000.json
[2025-04-08T14:43:11.761+0000] {logging_mixin.py:190} INFO - ✅ Saved: gs://gooutside-raw/air/bamberg/2024-01-03T1100.json
[2025-04-08T14:43:12.147+0000] {logging_mixin.py:190} INFO - ✅ Saved: gs://gooutside-raw/air/bamberg/2024-01-03T1200.json
[2025-04-08T14:43:12.530+0000] {logging_mixin.py:190} INFO - ✅ Saved: gs://gooutside-raw/air/bamberg/2024-01-03T1300.json
[2025-04-08T14:43:12.913+0000] {logging_mixin.py:190} INFO - ✅ Saved: gs://gooutside-raw/air/bamberg/2024-01-03T1400.json
[2025-04-08T14:43:13.306+0000] {logging_mixin.py:190} INFO - ✅ Saved: gs://gooutside-raw/air/bamberg/2024-01-03T1500.json
[2025-04-08T14:43:13.659+0000] {logging_mixin.py:190} INFO - ✅ Saved: gs://gooutside-raw/air/bamberg/2024-01-03T1600.json
[2025-04-08T14:43:13.992+0000] {logging_mixin.py:190} INFO - ✅ Saved: gs://gooutside-raw/air/bamberg/2024-01-03T1700.json
[2025-04-08T14:43:13.993+0000] {python.py:240} INFO - Done. Returned value was: None
[2025-04-08T14:43:14.007+0000] {taskinstance.py:341} INFO - ::group::Post task execution logs
[2025-04-08T14:43:14.008+0000] {taskinstance.py:353} INFO - Marking task as SUCCESS. dag_id=air_ingestion_dag, task_id=ingest, run_id=backfill__2024-01-03T11:00:00+00:00, execution_date=20240103T110000, start_date=20250408T144309, end_date=20250408T144314
[2025-04-08T14:43:14.071+0000] {local_task_job_runner.py:266} INFO - Task exited with return code 0
[2025-04-08T14:43:14.086+0000] {taskinstance.py:3901} INFO - 0 downstream tasks scheduled from follow-on schedule check
[2025-04-08T14:43:14.087+0000] {local_task_job_runner.py:245} INFO - ::endgroup::
