[2025-04-10T20:00:00.885+0000] {local_task_job_runner.py:123} INFO - ::group::Pre task execution logs
[2025-04-10T20:00:00.899+0000] {taskinstance.py:2614} INFO - Dependencies all met for dep_context=non-requeueable deps ti=<TaskInstance: air_ingestion_dag.ingest scheduled__2025-04-10T19:00:00+00:00 [queued]>
[2025-04-10T20:00:00.904+0000] {taskinstance.py:2614} INFO - Dependencies all met for dep_context=requeueable deps ti=<TaskInstance: air_ingestion_dag.ingest scheduled__2025-04-10T19:00:00+00:00 [queued]>
[2025-04-10T20:00:00.904+0000] {taskinstance.py:2867} INFO - Starting attempt 1 of 2
[2025-04-10T20:00:00.913+0000] {taskinstance.py:2890} INFO - Executing <Task(_PythonDecoratedOperator): ingest> on 2025-04-10 19:00:00+00:00
[2025-04-10T20:00:00.918+0000] {warnings.py:112} WARNING - /home/***/.local/lib/python3.12/site-packages/***/task/task_runner/standard_task_runner.py:70: DeprecationWarning: This process (pid=630) is multi-threaded, use of fork() may lead to deadlocks in the child.
  pid = os.fork()

[2025-04-10T20:00:00.920+0000] {standard_task_runner.py:72} INFO - Started process 634 to run task
[2025-04-10T20:00:00.920+0000] {standard_task_runner.py:104} INFO - Running: ['***', 'tasks', 'run', 'air_ingestion_dag', 'ingest', 'scheduled__2025-04-10T19:00:00+00:00', '--job-id', '681', '--raw', '--subdir', 'DAGS_FOLDER/air_ingestion_dag.py', '--cfg-path', '/tmp/tmpg0jfmlni']
[2025-04-10T20:00:00.923+0000] {standard_task_runner.py:105} INFO - Job 681: Subtask ingest
[2025-04-10T20:00:00.994+0000] {task_command.py:467} INFO - Running <TaskInstance: air_ingestion_dag.ingest scheduled__2025-04-10T19:00:00+00:00 [running]> on host 98acdd3c69ae
[2025-04-10T20:00:01.078+0000] {taskinstance.py:3134} INFO - Exporting env vars: AIRFLOW_CTX_DAG_OWNER='beni' AIRFLOW_CTX_DAG_ID='air_ingestion_dag' AIRFLOW_CTX_TASK_ID='ingest' AIRFLOW_CTX_EXECUTION_DATE='2025-04-10T19:00:00+00:00' AIRFLOW_CTX_TRY_NUMBER='1' AIRFLOW_CTX_DAG_RUN_ID='scheduled__2025-04-10T19:00:00+00:00'
[2025-04-10T20:00:01.079+0000] {taskinstance.py:732} INFO - ::endgroup::
[2025-04-10T20:00:01.081+0000] {air_ingestion_dag.py:30} INFO - 📅 Fetching UBA data for MEZ day: 2025-04-10
[2025-04-10T20:00:01.280+0000] {air_ingestion_dag.py:40} INFO - 📦 Parsed 11 entries
[2025-04-10T20:00:01.283+0000] {air_ingestion_dag.py:43} INFO - 💾 Saving air entry for 2025-04-10T06:00:00+00:00
[2025-04-10T20:00:01.636+0000] {logging_mixin.py:190} INFO - ✅ Saved: gs://gooutside-raw/air/bamberg/2025-04-10T0600.json
[2025-04-10T20:00:01.636+0000] {air_ingestion_dag.py:43} INFO - 💾 Saving air entry for 2025-04-10T07:00:00+00:00
[2025-04-10T20:00:02.192+0000] {logging_mixin.py:190} INFO - ✅ Saved: gs://gooutside-raw/air/bamberg/2025-04-10T0700.json
[2025-04-10T20:00:02.193+0000] {air_ingestion_dag.py:43} INFO - 💾 Saving air entry for 2025-04-10T08:00:00+00:00
[2025-04-10T20:00:02.566+0000] {logging_mixin.py:190} INFO - ✅ Saved: gs://gooutside-raw/air/bamberg/2025-04-10T0800.json
[2025-04-10T20:00:02.567+0000] {air_ingestion_dag.py:43} INFO - 💾 Saving air entry for 2025-04-10T09:00:00+00:00
[2025-04-10T20:00:02.941+0000] {logging_mixin.py:190} INFO - ✅ Saved: gs://gooutside-raw/air/bamberg/2025-04-10T0900.json
[2025-04-10T20:00:02.941+0000] {air_ingestion_dag.py:43} INFO - 💾 Saving air entry for 2025-04-10T10:00:00+00:00
[2025-04-10T20:00:03.315+0000] {logging_mixin.py:190} INFO - ✅ Saved: gs://gooutside-raw/air/bamberg/2025-04-10T1000.json
[2025-04-10T20:00:03.315+0000] {air_ingestion_dag.py:43} INFO - 💾 Saving air entry for 2025-04-10T11:00:00+00:00
[2025-04-10T20:00:03.647+0000] {logging_mixin.py:190} INFO - ✅ Saved: gs://gooutside-raw/air/bamberg/2025-04-10T1100.json
[2025-04-10T20:00:03.648+0000] {air_ingestion_dag.py:43} INFO - 💾 Saving air entry for 2025-04-10T12:00:00+00:00
[2025-04-10T20:00:04.020+0000] {logging_mixin.py:190} INFO - ✅ Saved: gs://gooutside-raw/air/bamberg/2025-04-10T1200.json
[2025-04-10T20:00:04.022+0000] {air_ingestion_dag.py:43} INFO - 💾 Saving air entry for 2025-04-10T13:00:00+00:00
[2025-04-10T20:00:04.403+0000] {logging_mixin.py:190} INFO - ✅ Saved: gs://gooutside-raw/air/bamberg/2025-04-10T1300.json
[2025-04-10T20:00:04.403+0000] {air_ingestion_dag.py:43} INFO - 💾 Saving air entry for 2025-04-10T14:00:00+00:00
[2025-04-10T20:00:04.758+0000] {logging_mixin.py:190} INFO - ✅ Saved: gs://gooutside-raw/air/bamberg/2025-04-10T1400.json
[2025-04-10T20:00:04.759+0000] {air_ingestion_dag.py:43} INFO - 💾 Saving air entry for 2025-04-10T15:00:00+00:00
[2025-04-10T20:00:05.130+0000] {logging_mixin.py:190} INFO - ✅ Saved: gs://gooutside-raw/air/bamberg/2025-04-10T1500.json
[2025-04-10T20:00:05.131+0000] {air_ingestion_dag.py:43} INFO - 💾 Saving air entry for 2025-04-10T16:00:00+00:00
[2025-04-10T20:00:05.501+0000] {logging_mixin.py:190} INFO - ✅ Saved: gs://gooutside-raw/air/bamberg/2025-04-10T1600.json
[2025-04-10T20:00:05.501+0000] {python.py:240} INFO - Done. Returned value was: None
[2025-04-10T20:00:05.514+0000] {taskinstance.py:341} INFO - ::group::Post task execution logs
[2025-04-10T20:00:05.515+0000] {taskinstance.py:353} INFO - Marking task as SUCCESS. dag_id=air_ingestion_dag, task_id=ingest, run_id=scheduled__2025-04-10T19:00:00+00:00, execution_date=20250410T190000, start_date=20250410T200000, end_date=20250410T200005
[2025-04-10T20:00:05.569+0000] {local_task_job_runner.py:266} INFO - Task exited with return code 0
[2025-04-10T20:00:05.579+0000] {taskinstance.py:3901} INFO - 0 downstream tasks scheduled from follow-on schedule check
[2025-04-10T20:00:05.579+0000] {local_task_job_runner.py:245} INFO - ::endgroup::
