[2025-04-10T15:00:20.719+0000] {local_task_job_runner.py:123} INFO - ::group::Pre task execution logs
[2025-04-10T15:00:20.737+0000] {taskinstance.py:2614} INFO - Dependencies all met for dep_context=non-requeueable deps ti=<TaskInstance: air_ingestion_backfill_dag_simple.ingest scheduled__2025-04-09T18:00:00+00:00 [queued]>
[2025-04-10T15:00:20.746+0000] {taskinstance.py:2614} INFO - Dependencies all met for dep_context=requeueable deps ti=<TaskInstance: air_ingestion_backfill_dag_simple.ingest scheduled__2025-04-09T18:00:00+00:00 [queued]>
[2025-04-10T15:00:20.747+0000] {taskinstance.py:2867} INFO - Starting attempt 1 of 2
[2025-04-10T15:00:20.754+0000] {taskinstance.py:2890} INFO - Executing <Task(_PythonDecoratedOperator): ingest> on 2025-04-09 18:00:00+00:00
[2025-04-10T15:00:20.757+0000] {warnings.py:112} WARNING - /home/***/.local/lib/python3.12/site-packages/***/task/task_runner/standard_task_runner.py:70: DeprecationWarning: This process (pid=477) is multi-threaded, use of fork() may lead to deadlocks in the child.
  pid = os.fork()

[2025-04-10T15:00:20.760+0000] {standard_task_runner.py:72} INFO - Started process 484 to run task
[2025-04-10T15:00:20.761+0000] {standard_task_runner.py:104} INFO - Running: ['***', 'tasks', 'run', 'air_ingestion_backfill_dag_simple', 'ingest', 'scheduled__2025-04-09T18:00:00+00:00', '--job-id', '631', '--raw', '--subdir', 'DAGS_FOLDER/air_backfill_dag.py', '--cfg-path', '/tmp/tmpt4_gkv84']
[2025-04-10T15:00:20.763+0000] {standard_task_runner.py:105} INFO - Job 631: Subtask ingest
[2025-04-10T15:00:20.803+0000] {task_command.py:467} INFO - Running <TaskInstance: air_ingestion_backfill_dag_simple.ingest scheduled__2025-04-09T18:00:00+00:00 [running]> on host 98acdd3c69ae
[2025-04-10T15:00:20.857+0000] {taskinstance.py:3134} INFO - Exporting env vars: AIRFLOW_CTX_DAG_OWNER='beni' AIRFLOW_CTX_DAG_ID='air_ingestion_backfill_dag_simple' AIRFLOW_CTX_TASK_ID='ingest' AIRFLOW_CTX_EXECUTION_DATE='2025-04-09T18:00:00+00:00' AIRFLOW_CTX_TRY_NUMBER='1' AIRFLOW_CTX_DAG_RUN_ID='scheduled__2025-04-09T18:00:00+00:00'
[2025-04-10T15:00:20.859+0000] {taskinstance.py:732} INFO - ::endgroup::
[2025-04-10T15:00:21.390+0000] {logging_mixin.py:190} INFO - ✅ Saved: gs://gooutside-raw/air/bamberg/2025-04-09T0600.json
[2025-04-10T15:00:21.730+0000] {logging_mixin.py:190} INFO - ✅ Saved: gs://gooutside-raw/air/bamberg/2025-04-09T0700.json
[2025-04-10T15:00:22.066+0000] {logging_mixin.py:190} INFO - ✅ Saved: gs://gooutside-raw/air/bamberg/2025-04-09T0800.json
[2025-04-10T15:00:22.428+0000] {logging_mixin.py:190} INFO - ✅ Saved: gs://gooutside-raw/air/bamberg/2025-04-09T0900.json
[2025-04-10T15:00:22.771+0000] {logging_mixin.py:190} INFO - ✅ Saved: gs://gooutside-raw/air/bamberg/2025-04-09T1000.json
[2025-04-10T15:00:23.118+0000] {logging_mixin.py:190} INFO - ✅ Saved: gs://gooutside-raw/air/bamberg/2025-04-09T1100.json
[2025-04-10T15:00:23.436+0000] {logging_mixin.py:190} INFO - ✅ Saved: gs://gooutside-raw/air/bamberg/2025-04-09T1200.json
[2025-04-10T15:00:23.783+0000] {logging_mixin.py:190} INFO - ✅ Saved: gs://gooutside-raw/air/bamberg/2025-04-09T1300.json
[2025-04-10T15:00:24.134+0000] {logging_mixin.py:190} INFO - ✅ Saved: gs://gooutside-raw/air/bamberg/2025-04-09T1400.json
[2025-04-10T15:00:24.477+0000] {logging_mixin.py:190} INFO - ✅ Saved: gs://gooutside-raw/air/bamberg/2025-04-09T1500.json
[2025-04-10T15:00:24.832+0000] {logging_mixin.py:190} INFO - ✅ Saved: gs://gooutside-raw/air/bamberg/2025-04-09T1600.json
[2025-04-10T15:00:25.185+0000] {logging_mixin.py:190} INFO - ✅ Saved: gs://gooutside-raw/air/bamberg/2025-04-09T1700.json
[2025-04-10T15:00:25.520+0000] {logging_mixin.py:190} INFO - ✅ Saved: gs://gooutside-raw/air/bamberg/2025-04-09T1800.json
[2025-04-10T15:00:25.881+0000] {logging_mixin.py:190} INFO - ✅ Saved: gs://gooutside-raw/air/bamberg/2025-04-09T1900.json
[2025-04-10T15:00:25.882+0000] {python.py:240} INFO - Done. Returned value was: None
[2025-04-10T15:00:25.894+0000] {taskinstance.py:341} INFO - ::group::Post task execution logs
[2025-04-10T15:00:25.894+0000] {taskinstance.py:353} INFO - Marking task as SUCCESS. dag_id=air_ingestion_backfill_dag_simple, task_id=ingest, run_id=scheduled__2025-04-09T18:00:00+00:00, execution_date=20250409T180000, start_date=20250410T150020, end_date=20250410T150025
[2025-04-10T15:00:25.942+0000] {local_task_job_runner.py:266} INFO - Task exited with return code 0
[2025-04-10T15:00:25.956+0000] {taskinstance.py:3901} INFO - 0 downstream tasks scheduled from follow-on schedule check
[2025-04-10T15:00:25.959+0000] {local_task_job_runner.py:245} INFO - ::endgroup::
