[2025-04-06T11:02:31.729+0000] {local_task_job_runner.py:123} INFO - ::group::Pre task execution logs
[2025-04-06T11:02:31.748+0000] {taskinstance.py:2614} INFO - Dependencies all met for dep_context=non-requeueable deps ti=<TaskInstance: air_ingestion_dag.ingest scheduled__2025-04-06T10:00:00+00:00 [queued]>
[2025-04-06T11:02:31.757+0000] {taskinstance.py:2614} INFO - Dependencies all met for dep_context=requeueable deps ti=<TaskInstance: air_ingestion_dag.ingest scheduled__2025-04-06T10:00:00+00:00 [queued]>
[2025-04-06T11:02:31.758+0000] {taskinstance.py:2867} INFO - Starting attempt 1 of 2
[2025-04-06T11:02:31.766+0000] {taskinstance.py:2890} INFO - Executing <Task(_PythonDecoratedOperator): ingest> on 2025-04-06 10:00:00+00:00
[2025-04-06T11:02:31.769+0000] {warnings.py:112} WARNING - /home/***/.local/lib/python3.12/site-packages/***/task/task_runner/standard_task_runner.py:70: DeprecationWarning: This process (pid=203) is multi-threaded, use of fork() may lead to deadlocks in the child.
  pid = os.fork()

[2025-04-06T11:02:31.770+0000] {standard_task_runner.py:72} INFO - Started process 206 to run task
[2025-04-06T11:02:31.771+0000] {standard_task_runner.py:104} INFO - Running: ['***', 'tasks', 'run', 'air_ingestion_dag', 'ingest', 'scheduled__2025-04-06T10:00:00+00:00', '--job-id', '165', '--raw', '--subdir', 'DAGS_FOLDER/air_ingestion_dag.py', '--cfg-path', '/tmp/tmpoz_ulznz']
[2025-04-06T11:02:31.773+0000] {standard_task_runner.py:105} INFO - Job 165: Subtask ingest
[2025-04-06T11:02:31.815+0000] {task_command.py:467} INFO - Running <TaskInstance: air_ingestion_dag.ingest scheduled__2025-04-06T10:00:00+00:00 [running]> on host 242fb041fbeb
[2025-04-06T11:02:31.872+0000] {taskinstance.py:3134} INFO - Exporting env vars: AIRFLOW_CTX_DAG_OWNER='beni' AIRFLOW_CTX_DAG_ID='air_ingestion_dag' AIRFLOW_CTX_TASK_ID='ingest' AIRFLOW_CTX_EXECUTION_DATE='2025-04-06T10:00:00+00:00' AIRFLOW_CTX_TRY_NUMBER='1' AIRFLOW_CTX_DAG_RUN_ID='scheduled__2025-04-06T10:00:00+00:00'
[2025-04-06T11:02:31.873+0000] {taskinstance.py:732} INFO - ::endgroup::
[2025-04-06T11:02:32.482+0000] {logging_mixin.py:190} INFO - ✅ Saved: gs://gooutside-raw/air/bamberg/2025-04-06 05:00:00.json
[2025-04-06T11:02:32.840+0000] {logging_mixin.py:190} INFO - ✅ Saved: gs://gooutside-raw/air/bamberg/2025-04-06 06:00:00.json
[2025-04-06T11:02:33.194+0000] {logging_mixin.py:190} INFO - ✅ Saved: gs://gooutside-raw/air/bamberg/2025-04-06 07:00:00.json
[2025-04-06T11:02:33.538+0000] {logging_mixin.py:190} INFO - ✅ Saved: gs://gooutside-raw/air/bamberg/2025-04-06 08:00:00.json
[2025-04-06T11:02:33.538+0000] {python.py:240} INFO - Done. Returned value was: None
[2025-04-06T11:02:33.556+0000] {taskinstance.py:341} INFO - ::group::Post task execution logs
[2025-04-06T11:02:33.557+0000] {taskinstance.py:353} INFO - Marking task as SUCCESS. dag_id=air_ingestion_dag, task_id=ingest, run_id=scheduled__2025-04-06T10:00:00+00:00, execution_date=20250406T100000, start_date=20250406T110231, end_date=20250406T110233
[2025-04-06T11:02:33.606+0000] {local_task_job_runner.py:266} INFO - Task exited with return code 0
[2025-04-06T11:02:33.622+0000] {taskinstance.py:3901} INFO - 0 downstream tasks scheduled from follow-on schedule check
[2025-04-06T11:02:33.623+0000] {local_task_job_runner.py:245} INFO - ::endgroup::
