[2025-04-10T21:04:50.275+0000] {local_task_job_runner.py:123} INFO - ::group::Pre task execution logs
[2025-04-10T21:04:50.290+0000] {taskinstance.py:2614} INFO - Dependencies all met for dep_context=non-requeueable deps ti=<TaskInstance: air_ingestion_dag.ingest scheduled__2025-04-10T20:00:00+00:00 [queued]>
[2025-04-10T21:04:50.296+0000] {taskinstance.py:2614} INFO - Dependencies all met for dep_context=requeueable deps ti=<TaskInstance: air_ingestion_dag.ingest scheduled__2025-04-10T20:00:00+00:00 [queued]>
[2025-04-10T21:04:50.297+0000] {taskinstance.py:2867} INFO - Starting attempt 1 of 2
[2025-04-10T21:04:50.307+0000] {taskinstance.py:2890} INFO - Executing <Task(_PythonDecoratedOperator): ingest> on 2025-04-10 20:00:00+00:00
[2025-04-10T21:04:50.318+0000] {warnings.py:112} WARNING - /home/***/.local/lib/python3.12/site-packages/***/task/task_runner/standard_task_runner.py:70: DeprecationWarning: This process (pid=642) is multi-threaded, use of fork() may lead to deadlocks in the child.
  pid = os.fork()

[2025-04-10T21:04:50.325+0000] {standard_task_runner.py:72} INFO - Started process 647 to run task
[2025-04-10T21:04:50.321+0000] {standard_task_runner.py:104} INFO - Running: ['***', 'tasks', 'run', 'air_ingestion_dag', 'ingest', 'scheduled__2025-04-10T20:00:00+00:00', '--job-id', '684', '--raw', '--subdir', 'DAGS_FOLDER/air_ingestion_dag.py', '--cfg-path', '/tmp/tmpjd_0bjw3']
[2025-04-10T21:04:50.327+0000] {standard_task_runner.py:105} INFO - Job 684: Subtask ingest
[2025-04-10T21:04:50.405+0000] {task_command.py:467} INFO - Running <TaskInstance: air_ingestion_dag.ingest scheduled__2025-04-10T20:00:00+00:00 [running]> on host 98acdd3c69ae
[2025-04-10T21:04:50.479+0000] {taskinstance.py:3134} INFO - Exporting env vars: AIRFLOW_CTX_DAG_OWNER='beni' AIRFLOW_CTX_DAG_ID='air_ingestion_dag' AIRFLOW_CTX_TASK_ID='ingest' AIRFLOW_CTX_EXECUTION_DATE='2025-04-10T20:00:00+00:00' AIRFLOW_CTX_TRY_NUMBER='1' AIRFLOW_CTX_DAG_RUN_ID='scheduled__2025-04-10T20:00:00+00:00'
[2025-04-10T21:04:50.481+0000] {taskinstance.py:732} INFO - ::endgroup::
[2025-04-10T21:04:50.483+0000] {air_ingestion_dag.py:30} INFO - 📅 Fetching UBA data for MEZ day: 2025-04-10
[2025-04-10T21:04:50.695+0000] {air_ingestion_dag.py:40} INFO - 📦 Parsed 11 entries
[2025-04-10T21:04:50.695+0000] {air_ingestion_dag.py:43} INFO - 💾 Saving air entry for 2025-04-10T06:00:00+00:00
[2025-04-10T21:04:51.060+0000] {logging_mixin.py:190} INFO - ✅ Saved: gs://gooutside-raw/air/bamberg/2025-04-10T0600.json
[2025-04-10T21:04:51.061+0000] {air_ingestion_dag.py:43} INFO - 💾 Saving air entry for 2025-04-10T07:00:00+00:00
[2025-04-10T21:04:51.418+0000] {logging_mixin.py:190} INFO - ✅ Saved: gs://gooutside-raw/air/bamberg/2025-04-10T0700.json
[2025-04-10T21:04:51.423+0000] {air_ingestion_dag.py:43} INFO - 💾 Saving air entry for 2025-04-10T08:00:00+00:00
[2025-04-10T21:04:51.774+0000] {logging_mixin.py:190} INFO - ✅ Saved: gs://gooutside-raw/air/bamberg/2025-04-10T0800.json
[2025-04-10T21:04:51.775+0000] {air_ingestion_dag.py:43} INFO - 💾 Saving air entry for 2025-04-10T09:00:00+00:00
[2025-04-10T21:04:52.160+0000] {logging_mixin.py:190} INFO - ✅ Saved: gs://gooutside-raw/air/bamberg/2025-04-10T0900.json
[2025-04-10T21:04:52.164+0000] {air_ingestion_dag.py:43} INFO - 💾 Saving air entry for 2025-04-10T10:00:00+00:00
[2025-04-10T21:04:52.525+0000] {logging_mixin.py:190} INFO - ✅ Saved: gs://gooutside-raw/air/bamberg/2025-04-10T1000.json
[2025-04-10T21:04:52.531+0000] {air_ingestion_dag.py:43} INFO - 💾 Saving air entry for 2025-04-10T11:00:00+00:00
[2025-04-10T21:04:52.897+0000] {logging_mixin.py:190} INFO - ✅ Saved: gs://gooutside-raw/air/bamberg/2025-04-10T1100.json
[2025-04-10T21:04:52.902+0000] {air_ingestion_dag.py:43} INFO - 💾 Saving air entry for 2025-04-10T12:00:00+00:00
[2025-04-10T21:04:53.798+0000] {logging_mixin.py:190} INFO - ✅ Saved: gs://gooutside-raw/air/bamberg/2025-04-10T1200.json
[2025-04-10T21:04:53.798+0000] {air_ingestion_dag.py:43} INFO - 💾 Saving air entry for 2025-04-10T13:00:00+00:00
[2025-04-10T21:04:54.762+0000] {logging_mixin.py:190} INFO - ✅ Saved: gs://gooutside-raw/air/bamberg/2025-04-10T1300.json
[2025-04-10T21:04:54.763+0000] {air_ingestion_dag.py:43} INFO - 💾 Saving air entry for 2025-04-10T14:00:00+00:00
[2025-04-10T21:04:55.656+0000] {logging_mixin.py:190} INFO - ✅ Saved: gs://gooutside-raw/air/bamberg/2025-04-10T1400.json
[2025-04-10T21:04:55.657+0000] {air_ingestion_dag.py:43} INFO - 💾 Saving air entry for 2025-04-10T15:00:00+00:00
[2025-04-10T21:04:56.609+0000] {logging_mixin.py:190} INFO - ✅ Saved: gs://gooutside-raw/air/bamberg/2025-04-10T1500.json
[2025-04-10T21:04:56.609+0000] {air_ingestion_dag.py:43} INFO - 💾 Saving air entry for 2025-04-10T16:00:00+00:00
[2025-04-10T21:04:57.589+0000] {logging_mixin.py:190} INFO - ✅ Saved: gs://gooutside-raw/air/bamberg/2025-04-10T1600.json
[2025-04-10T21:04:57.591+0000] {python.py:240} INFO - Done. Returned value was: None
[2025-04-10T21:04:57.619+0000] {taskinstance.py:341} INFO - ::group::Post task execution logs
[2025-04-10T21:04:57.619+0000] {taskinstance.py:353} INFO - Marking task as SUCCESS. dag_id=air_ingestion_dag, task_id=ingest, run_id=scheduled__2025-04-10T20:00:00+00:00, execution_date=20250410T200000, start_date=20250410T210450, end_date=20250410T210457
[2025-04-10T21:04:57.671+0000] {local_task_job_runner.py:266} INFO - Task exited with return code 0
[2025-04-10T21:04:57.688+0000] {taskinstance.py:3901} INFO - 0 downstream tasks scheduled from follow-on schedule check
[2025-04-10T21:04:57.689+0000] {local_task_job_runner.py:245} INFO - ::endgroup::
