[2025-04-08T14:25:43.110+0000] {local_task_job_runner.py:123} INFO - ::group::Pre task execution logs
[2025-04-08T14:25:43.155+0000] {taskinstance.py:2614} INFO - Dependencies all met for dep_context=non-requeueable deps ti=<TaskInstance: air_ingestion_dag.ingest backfill__2024-01-01T04:00:00+00:00 [queued]>
[2025-04-08T14:25:43.176+0000] {taskinstance.py:2614} INFO - Dependencies all met for dep_context=requeueable deps ti=<TaskInstance: air_ingestion_dag.ingest backfill__2024-01-01T04:00:00+00:00 [queued]>
[2025-04-08T14:25:43.178+0000] {taskinstance.py:2867} INFO - Starting attempt 1 of 2
[2025-04-08T14:25:43.199+0000] {taskinstance.py:2890} INFO - Executing <Task(_PythonDecoratedOperator): ingest> on 2024-01-01 04:00:00+00:00
[2025-04-08T14:25:43.209+0000] {warnings.py:112} WARNING - /home/***/.local/lib/python3.12/site-packages/***/task/task_runner/standard_task_runner.py:70: DeprecationWarning: This process (pid=55) is multi-threaded, use of fork() may lead to deadlocks in the child.
  pid = os.fork()

[2025-04-08T14:25:43.213+0000] {standard_task_runner.py:72} INFO - Started process 74 to run task
[2025-04-08T14:25:43.211+0000] {standard_task_runner.py:104} INFO - Running: ['***', 'tasks', 'run', 'air_ingestion_dag', 'ingest', 'backfill__2024-01-01T04:00:00+00:00', '--job-id', '292', '--pool', 'default_pool', '--raw', '--subdir', 'DAGS_FOLDER/air_ingestion_dag.py', '--cfg-path', '/tmp/tmpucripp55']
[2025-04-08T14:25:43.215+0000] {standard_task_runner.py:105} INFO - Job 292: Subtask ingest
[2025-04-08T14:25:43.470+0000] {task_command.py:467} INFO - Running <TaskInstance: air_ingestion_dag.ingest backfill__2024-01-01T04:00:00+00:00 [running]> on host ef6176db86b3
[2025-04-08T14:25:43.717+0000] {taskinstance.py:3134} INFO - Exporting env vars: AIRFLOW_CTX_DAG_OWNER='beni' AIRFLOW_CTX_DAG_ID='air_ingestion_dag' AIRFLOW_CTX_TASK_ID='ingest' AIRFLOW_CTX_EXECUTION_DATE='2024-01-01T04:00:00+00:00' AIRFLOW_CTX_TRY_NUMBER='1' AIRFLOW_CTX_DAG_RUN_ID='backfill__2024-01-01T04:00:00+00:00'
[2025-04-08T14:25:43.719+0000] {taskinstance.py:732} INFO - ::endgroup::
[2025-04-08T14:25:43.734+0000] {logging_mixin.py:190} INFO - ⏰ Running for local time: 2024-01-01T05:00:00+01:00 (UTC: 2024-01-01T04:00:00+00:00)
[2025-04-08T14:25:43.736+0000] {logging_mixin.py:190} INFO - ⏭️ Skipping run at 2024-01-01T05:00:00+01:00 – outside ingestion window
[2025-04-08T14:25:43.736+0000] {python.py:240} INFO - Done. Returned value was: None
[2025-04-08T14:25:43.776+0000] {taskinstance.py:341} INFO - ::group::Post task execution logs
[2025-04-08T14:25:43.777+0000] {taskinstance.py:353} INFO - Marking task as SUCCESS. dag_id=air_ingestion_dag, task_id=ingest, run_id=backfill__2024-01-01T04:00:00+00:00, execution_date=20240101T040000, start_date=20250408T142543, end_date=20250408T142543
[2025-04-08T14:25:43.940+0000] {local_task_job_runner.py:266} INFO - Task exited with return code 0
[2025-04-08T14:25:43.992+0000] {taskinstance.py:3901} INFO - 0 downstream tasks scheduled from follow-on schedule check
[2025-04-08T14:25:43.996+0000] {local_task_job_runner.py:245} INFO - ::endgroup::
