[2025-04-09T16:14:20.135+0000] {local_task_job_runner.py:123} INFO - ::group::Pre task execution logs
[2025-04-09T16:14:20.145+0000] {taskinstance.py:2614} INFO - Dependencies all met for dep_context=non-requeueable deps ti=<TaskInstance: weather_ingestion_dag.ingest manual__2025-04-09T16:14:19.204795+00:00 [queued]>
[2025-04-09T16:14:20.149+0000] {taskinstance.py:2614} INFO - Dependencies all met for dep_context=requeueable deps ti=<TaskInstance: weather_ingestion_dag.ingest manual__2025-04-09T16:14:19.204795+00:00 [queued]>
[2025-04-09T16:14:20.149+0000] {taskinstance.py:2867} INFO - Starting attempt 1 of 2
[2025-04-09T16:14:20.155+0000] {taskinstance.py:2890} INFO - Executing <Task(_PythonDecoratedOperator): ingest> on 2025-04-09 16:14:19.204795+00:00
[2025-04-09T16:14:20.158+0000] {warnings.py:112} WARNING - /home/***/.local/lib/python3.12/site-packages/***/task/task_runner/standard_task_runner.py:70: DeprecationWarning: This process (pid=117) is multi-threaded, use of fork() may lead to deadlocks in the child.
  pid = os.fork()

[2025-04-09T16:14:20.160+0000] {standard_task_runner.py:72} INFO - Started process 118 to run task
[2025-04-09T16:14:20.161+0000] {standard_task_runner.py:104} INFO - Running: ['***', 'tasks', 'run', 'weather_ingestion_dag', 'ingest', 'manual__2025-04-09T16:14:19.204795+00:00', '--job-id', '511', '--raw', '--subdir', 'DAGS_FOLDER/weather_ingestion_dag.py', '--cfg-path', '/tmp/tmpgyqti55p']
[2025-04-09T16:14:20.164+0000] {standard_task_runner.py:105} INFO - Job 511: Subtask ingest
[2025-04-09T16:14:20.209+0000] {task_command.py:467} INFO - Running <TaskInstance: weather_ingestion_dag.ingest manual__2025-04-09T16:14:19.204795+00:00 [running]> on host 98acdd3c69ae
[2025-04-09T16:14:20.259+0000] {taskinstance.py:3134} INFO - Exporting env vars: AIRFLOW_CTX_DAG_OWNER='beni' AIRFLOW_CTX_DAG_ID='weather_ingestion_dag' AIRFLOW_CTX_TASK_ID='ingest' AIRFLOW_CTX_EXECUTION_DATE='2025-04-09T16:14:19.204795+00:00' AIRFLOW_CTX_TRY_NUMBER='1' AIRFLOW_CTX_DAG_RUN_ID='manual__2025-04-09T16:14:19.204795+00:00'
[2025-04-09T16:14:20.260+0000] {taskinstance.py:732} INFO - ::endgroup::
[2025-04-09T16:14:20.261+0000] {weather_ingestion_dag.py:31} INFO - 🌍 Current UTC hour: 2025-04-09T16:00:00+00:00
[2025-04-09T16:14:20.424+0000] {weather_ingestion_dag.py:38} INFO - ⏱ Found 1 matching entries for this hour
[2025-04-09T16:14:20.424+0000] {weather_ingestion_dag.py:41} INFO - 💾 Saving weather entry for 2025-04-09T16:00:00+00:00
[2025-04-09T16:14:20.844+0000] {logging_mixin.py:190} INFO - ✅ Saved: gs://gooutside-raw/weather/bamberg/2025-04-09T1600.json
[2025-04-09T16:14:20.846+0000] {python.py:240} INFO - Done. Returned value was: None
[2025-04-09T16:14:20.865+0000] {taskinstance.py:341} INFO - ::group::Post task execution logs
[2025-04-09T16:14:20.866+0000] {taskinstance.py:353} INFO - Marking task as SUCCESS. dag_id=weather_ingestion_dag, task_id=ingest, run_id=manual__2025-04-09T16:14:19.204795+00:00, execution_date=20250409T161419, start_date=20250409T161420, end_date=20250409T161420
[2025-04-09T16:14:20.937+0000] {local_task_job_runner.py:266} INFO - Task exited with return code 0
[2025-04-09T16:14:20.951+0000] {taskinstance.py:3901} INFO - 0 downstream tasks scheduled from follow-on schedule check
[2025-04-09T16:14:20.953+0000] {local_task_job_runner.py:245} INFO - ::endgroup::
