[2025-04-08T14:30:47.229+0000] {local_task_job_runner.py:123} INFO - ::group::Pre task execution logs
[2025-04-08T14:30:47.240+0000] {taskinstance.py:2614} INFO - Dependencies all met for dep_context=non-requeueable deps ti=<TaskInstance: air_ingestion_dag.ingest backfill__2024-01-01T07:00:00+00:00 [queued]>
[2025-04-08T14:30:47.244+0000] {taskinstance.py:2614} INFO - Dependencies all met for dep_context=requeueable deps ti=<TaskInstance: air_ingestion_dag.ingest backfill__2024-01-01T07:00:00+00:00 [queued]>
[2025-04-08T14:30:47.245+0000] {taskinstance.py:2867} INFO - Starting attempt 2 of 2
[2025-04-08T14:30:47.253+0000] {taskinstance.py:2890} INFO - Executing <Task(_PythonDecoratedOperator): ingest> on 2024-01-01 07:00:00+00:00
[2025-04-08T14:30:47.257+0000] {warnings.py:112} WARNING - /home/***/.local/lib/python3.12/site-packages/***/task/task_runner/standard_task_runner.py:70: DeprecationWarning: This process (pid=103) is multi-threaded, use of fork() may lead to deadlocks in the child.
  pid = os.fork()

[2025-04-08T14:30:47.258+0000] {standard_task_runner.py:72} INFO - Started process 104 to run task
[2025-04-08T14:30:47.259+0000] {standard_task_runner.py:104} INFO - Running: ['***', 'tasks', 'run', 'air_ingestion_dag', 'ingest', 'backfill__2024-01-01T07:00:00+00:00', '--job-id', '306', '--pool', 'default_pool', '--raw', '--subdir', 'DAGS_FOLDER/air_ingestion_dag.py', '--cfg-path', '/tmp/tmpexm4oxtl']
[2025-04-08T14:30:47.260+0000] {standard_task_runner.py:105} INFO - Job 306: Subtask ingest
[2025-04-08T14:30:47.290+0000] {task_command.py:467} INFO - Running <TaskInstance: air_ingestion_dag.ingest backfill__2024-01-01T07:00:00+00:00 [running]> on host ef6176db86b3
[2025-04-08T14:30:47.337+0000] {taskinstance.py:3134} INFO - Exporting env vars: AIRFLOW_CTX_DAG_OWNER='beni' AIRFLOW_CTX_DAG_ID='air_ingestion_dag' AIRFLOW_CTX_TASK_ID='ingest' AIRFLOW_CTX_EXECUTION_DATE='2024-01-01T07:00:00+00:00' AIRFLOW_CTX_TRY_NUMBER='2' AIRFLOW_CTX_DAG_RUN_ID='backfill__2024-01-01T07:00:00+00:00'
[2025-04-08T14:30:47.338+0000] {taskinstance.py:732} INFO - ::endgroup::
[2025-04-08T14:30:47.340+0000] {logging_mixin.py:190} INFO - ⏰ Running for local time: 2024-01-01T08:00:00+01:00 (UTC: 2024-01-01T07:00:00+00:00)
[2025-04-08T14:30:47.846+0000] {logging_mixin.py:190} INFO - ✅ Saved: gs://gooutside-raw/air/bamberg/2024-01-01T0600.json
[2025-04-08T14:30:48.177+0000] {logging_mixin.py:190} INFO - ✅ Saved: gs://gooutside-raw/air/bamberg/2024-01-01T0700.json
[2025-04-08T14:30:48.508+0000] {logging_mixin.py:190} INFO - ✅ Saved: gs://gooutside-raw/air/bamberg/2024-01-01T0800.json
[2025-04-08T14:30:48.852+0000] {logging_mixin.py:190} INFO - ✅ Saved: gs://gooutside-raw/air/bamberg/2024-01-01T0900.json
[2025-04-08T14:30:49.222+0000] {logging_mixin.py:190} INFO - ✅ Saved: gs://gooutside-raw/air/bamberg/2024-01-01T1000.json
[2025-04-08T14:30:49.602+0000] {logging_mixin.py:190} INFO - ✅ Saved: gs://gooutside-raw/air/bamberg/2024-01-01T1100.json
[2025-04-08T14:30:49.979+0000] {logging_mixin.py:190} INFO - ✅ Saved: gs://gooutside-raw/air/bamberg/2024-01-01T1200.json
[2025-04-08T14:30:50.314+0000] {logging_mixin.py:190} INFO - ✅ Saved: gs://gooutside-raw/air/bamberg/2024-01-01T1300.json
[2025-04-08T14:30:50.682+0000] {logging_mixin.py:190} INFO - ✅ Saved: gs://gooutside-raw/air/bamberg/2024-01-01T1400.json
[2025-04-08T14:30:51.041+0000] {logging_mixin.py:190} INFO - ✅ Saved: gs://gooutside-raw/air/bamberg/2024-01-01T1500.json
[2025-04-08T14:30:51.374+0000] {logging_mixin.py:190} INFO - ✅ Saved: gs://gooutside-raw/air/bamberg/2024-01-01T1600.json
[2025-04-08T14:30:51.712+0000] {logging_mixin.py:190} INFO - ✅ Saved: gs://gooutside-raw/air/bamberg/2024-01-01T1700.json
[2025-04-08T14:30:51.713+0000] {python.py:240} INFO - Done. Returned value was: None
[2025-04-08T14:30:51.724+0000] {taskinstance.py:341} INFO - ::group::Post task execution logs
[2025-04-08T14:30:51.724+0000] {taskinstance.py:353} INFO - Marking task as SUCCESS. dag_id=air_ingestion_dag, task_id=ingest, run_id=backfill__2024-01-01T07:00:00+00:00, execution_date=20240101T070000, start_date=20250408T143047, end_date=20250408T143051
[2025-04-08T14:30:51.792+0000] {local_task_job_runner.py:266} INFO - Task exited with return code 0
[2025-04-08T14:30:51.808+0000] {taskinstance.py:3901} INFO - 0 downstream tasks scheduled from follow-on schedule check
[2025-04-08T14:30:51.809+0000] {local_task_job_runner.py:245} INFO - ::endgroup::
