[2025-04-08T07:00:00.598+0000] {local_task_job_runner.py:123} INFO - ::group::Pre task execution logs
[2025-04-08T07:00:00.610+0000] {taskinstance.py:2614} INFO - Dependencies all met for dep_context=non-requeueable deps ti=<TaskInstance: air_ingestion_dag.ingest scheduled__2025-04-08T06:00:00+00:00 [queued]>
[2025-04-08T07:00:00.614+0000] {taskinstance.py:2614} INFO - Dependencies all met for dep_context=requeueable deps ti=<TaskInstance: air_ingestion_dag.ingest scheduled__2025-04-08T06:00:00+00:00 [queued]>
[2025-04-08T07:00:00.615+0000] {taskinstance.py:2867} INFO - Starting attempt 1 of 2
[2025-04-08T07:00:00.621+0000] {taskinstance.py:2890} INFO - Executing <Task(_PythonDecoratedOperator): ingest> on 2025-04-08 06:00:00+00:00
[2025-04-08T07:00:00.624+0000] {warnings.py:112} WARNING - /home/***/.local/lib/python3.12/site-packages/***/task/task_runner/standard_task_runner.py:70: DeprecationWarning: This process (pid=164) is multi-threaded, use of fork() may lead to deadlocks in the child.
  pid = os.fork()

[2025-04-08T07:00:00.625+0000] {standard_task_runner.py:72} INFO - Started process 166 to run task
[2025-04-08T07:00:00.626+0000] {standard_task_runner.py:104} INFO - Running: ['***', 'tasks', 'run', 'air_ingestion_dag', 'ingest', 'scheduled__2025-04-08T06:00:00+00:00', '--job-id', '262', '--raw', '--subdir', 'DAGS_FOLDER/air_ingestion_dag.py', '--cfg-path', '/tmp/tmp7zgsxjjo']
[2025-04-08T07:00:00.627+0000] {standard_task_runner.py:105} INFO - Job 262: Subtask ingest
[2025-04-08T07:00:00.656+0000] {task_command.py:467} INFO - Running <TaskInstance: air_ingestion_dag.ingest scheduled__2025-04-08T06:00:00+00:00 [running]> on host 242fb041fbeb
[2025-04-08T07:00:00.707+0000] {taskinstance.py:3134} INFO - Exporting env vars: AIRFLOW_CTX_DAG_OWNER='beni' AIRFLOW_CTX_DAG_ID='air_ingestion_dag' AIRFLOW_CTX_TASK_ID='ingest' AIRFLOW_CTX_EXECUTION_DATE='2025-04-08T06:00:00+00:00' AIRFLOW_CTX_TRY_NUMBER='1' AIRFLOW_CTX_DAG_RUN_ID='scheduled__2025-04-08T06:00:00+00:00'
[2025-04-08T07:00:00.711+0000] {taskinstance.py:732} INFO - ::endgroup::
[2025-04-08T07:00:01.275+0000] {logging_mixin.py:190} INFO - ✅ Saved: gs://gooutside-raw/air/bamberg/2025-04-08T0500.json
[2025-04-08T07:00:01.276+0000] {python.py:240} INFO - Done. Returned value was: None
[2025-04-08T07:00:01.291+0000] {taskinstance.py:341} INFO - ::group::Post task execution logs
[2025-04-08T07:00:01.291+0000] {taskinstance.py:353} INFO - Marking task as SUCCESS. dag_id=air_ingestion_dag, task_id=ingest, run_id=scheduled__2025-04-08T06:00:00+00:00, execution_date=20250408T060000, start_date=20250408T070000, end_date=20250408T070001
[2025-04-08T07:00:01.356+0000] {local_task_job_runner.py:266} INFO - Task exited with return code 0
[2025-04-08T07:00:01.365+0000] {local_task_job_runner.py:245} INFO - ::endgroup::
[2025-04-08T17:20:53.019+0000] {local_task_job_runner.py:123} INFO - ::group::Pre task execution logs
[2025-04-08T17:20:53.046+0000] {taskinstance.py:2614} INFO - Dependencies all met for dep_context=non-requeueable deps ti=<TaskInstance: air_ingestion_dag.ingest scheduled__2025-04-08T06:00:00+00:00 [queued]>
[2025-04-08T17:20:53.056+0000] {taskinstance.py:2614} INFO - Dependencies all met for dep_context=requeueable deps ti=<TaskInstance: air_ingestion_dag.ingest scheduled__2025-04-08T06:00:00+00:00 [queued]>
[2025-04-08T17:20:53.057+0000] {taskinstance.py:2867} INFO - Starting attempt 1 of 2
[2025-04-08T17:20:53.066+0000] {taskinstance.py:2890} INFO - Executing <Task(_PythonDecoratedOperator): ingest> on 2025-04-08 06:00:00+00:00
[2025-04-08T17:20:53.071+0000] {warnings.py:112} WARNING - /home/***/.local/lib/python3.12/site-packages/***/task/task_runner/standard_task_runner.py:70: DeprecationWarning: This process (pid=156) is multi-threaded, use of fork() may lead to deadlocks in the child.
  pid = os.fork()

[2025-04-08T17:20:53.073+0000] {standard_task_runner.py:72} INFO - Started process 159 to run task
[2025-04-08T17:20:53.075+0000] {standard_task_runner.py:104} INFO - Running: ['***', 'tasks', 'run', 'air_ingestion_dag', 'ingest', 'scheduled__2025-04-08T06:00:00+00:00', '--job-id', '429', '--raw', '--subdir', 'DAGS_FOLDER/air_ingestion_dag.py', '--cfg-path', '/tmp/tmp1p60_xjz']
[2025-04-08T17:20:53.084+0000] {standard_task_runner.py:105} INFO - Job 429: Subtask ingest
[2025-04-08T17:20:53.161+0000] {task_command.py:467} INFO - Running <TaskInstance: air_ingestion_dag.ingest scheduled__2025-04-08T06:00:00+00:00 [running]> on host 48eda3218d1e
[2025-04-08T17:20:53.318+0000] {taskinstance.py:3134} INFO - Exporting env vars: AIRFLOW_CTX_DAG_OWNER='beni' AIRFLOW_CTX_DAG_ID='air_ingestion_dag' AIRFLOW_CTX_TASK_ID='ingest' AIRFLOW_CTX_EXECUTION_DATE='2025-04-08T06:00:00+00:00' AIRFLOW_CTX_TRY_NUMBER='1' AIRFLOW_CTX_DAG_RUN_ID='scheduled__2025-04-08T06:00:00+00:00'
[2025-04-08T17:20:53.319+0000] {taskinstance.py:732} INFO - ::endgroup::
[2025-04-08T17:20:53.326+0000] {logging_mixin.py:190} INFO - ⏰ Running for local time: 2025-04-08T08:00:00+02:00 (UTC: 2025-04-08T06:00:00+00:00)
[2025-04-08T17:20:53.976+0000] {logging_mixin.py:190} INFO - ✅ Saved: gs://gooutside-raw/air/bamberg/2025-04-08T0600.json
[2025-04-08T17:20:54.332+0000] {logging_mixin.py:190} INFO - ✅ Saved: gs://gooutside-raw/air/bamberg/2025-04-08T0700.json
[2025-04-08T17:20:54.677+0000] {logging_mixin.py:190} INFO - ✅ Saved: gs://gooutside-raw/air/bamberg/2025-04-08T0800.json
[2025-04-08T17:20:55.036+0000] {logging_mixin.py:190} INFO - ✅ Saved: gs://gooutside-raw/air/bamberg/2025-04-08T0900.json
[2025-04-08T17:20:55.397+0000] {logging_mixin.py:190} INFO - ✅ Saved: gs://gooutside-raw/air/bamberg/2025-04-08T1000.json
[2025-04-08T17:20:55.798+0000] {logging_mixin.py:190} INFO - ✅ Saved: gs://gooutside-raw/air/bamberg/2025-04-08T1100.json
[2025-04-08T17:20:56.175+0000] {logging_mixin.py:190} INFO - ✅ Saved: gs://gooutside-raw/air/bamberg/2025-04-08T1200.json
[2025-04-08T17:20:56.574+0000] {logging_mixin.py:190} INFO - ✅ Saved: gs://gooutside-raw/air/bamberg/2025-04-08T1300.json
[2025-04-08T17:20:56.940+0000] {logging_mixin.py:190} INFO - ✅ Saved: gs://gooutside-raw/air/bamberg/2025-04-08T1400.json
[2025-04-08T17:20:57.305+0000] {logging_mixin.py:190} INFO - ✅ Saved: gs://gooutside-raw/air/bamberg/2025-04-08T1500.json
[2025-04-08T17:20:57.649+0000] {logging_mixin.py:190} INFO - ✅ Saved: gs://gooutside-raw/air/bamberg/2025-04-08T1600.json
[2025-04-08T17:20:57.649+0000] {python.py:240} INFO - Done. Returned value was: None
[2025-04-08T17:20:57.658+0000] {taskinstance.py:341} INFO - ::group::Post task execution logs
[2025-04-08T17:20:57.659+0000] {taskinstance.py:353} INFO - Marking task as SUCCESS. dag_id=air_ingestion_dag, task_id=ingest, run_id=scheduled__2025-04-08T06:00:00+00:00, execution_date=20250408T060000, start_date=20250408T172053, end_date=20250408T172057
[2025-04-08T17:20:57.719+0000] {local_task_job_runner.py:266} INFO - Task exited with return code 0
[2025-04-08T17:20:57.731+0000] {taskinstance.py:3901} INFO - 0 downstream tasks scheduled from follow-on schedule check
[2025-04-08T17:20:57.733+0000] {local_task_job_runner.py:245} INFO - ::endgroup::
