[2025-04-11T17:10:27.092+0000] {local_task_job_runner.py:123} INFO - ::group::Pre task execution logs
[2025-04-11T17:10:27.105+0000] {taskinstance.py:2614} INFO - Dependencies all met for dep_context=non-requeueable deps ti=<TaskInstance: air_ingestion_dag.ingest scheduled__2025-04-11T16:00:00+00:00 [queued]>
[2025-04-11T17:10:27.109+0000] {taskinstance.py:2614} INFO - Dependencies all met for dep_context=requeueable deps ti=<TaskInstance: air_ingestion_dag.ingest scheduled__2025-04-11T16:00:00+00:00 [queued]>
[2025-04-11T17:10:27.110+0000] {taskinstance.py:2867} INFO - Starting attempt 2 of 2
[2025-04-11T17:10:27.117+0000] {taskinstance.py:2890} INFO - Executing <Task(_PythonDecoratedOperator): ingest> on 2025-04-11 16:00:00+00:00
[2025-04-11T17:10:27.120+0000] {warnings.py:112} WARNING - /home/***/.local/lib/python3.12/site-packages/***/task/task_runner/standard_task_runner.py:70: DeprecationWarning: This process (pid=172) is multi-threaded, use of fork() may lead to deadlocks in the child.
  pid = os.fork()

[2025-04-11T17:10:27.121+0000] {standard_task_runner.py:72} INFO - Started process 173 to run task
[2025-04-11T17:10:27.121+0000] {standard_task_runner.py:104} INFO - Running: ['***', 'tasks', 'run', 'air_ingestion_dag', 'ingest', 'scheduled__2025-04-11T16:00:00+00:00', '--job-id', '755', '--raw', '--subdir', 'DAGS_FOLDER/air_ingestion_dag.py', '--cfg-path', '/tmp/tmp_zwm2y_4']
[2025-04-11T17:10:27.123+0000] {standard_task_runner.py:105} INFO - Job 755: Subtask ingest
[2025-04-11T17:10:27.155+0000] {task_command.py:467} INFO - Running <TaskInstance: air_ingestion_dag.ingest scheduled__2025-04-11T16:00:00+00:00 [running]> on host e1fcb75fb946
[2025-04-11T17:10:27.198+0000] {taskinstance.py:3134} INFO - Exporting env vars: AIRFLOW_CTX_DAG_OWNER='beni' AIRFLOW_CTX_DAG_ID='air_ingestion_dag' AIRFLOW_CTX_TASK_ID='ingest' AIRFLOW_CTX_EXECUTION_DATE='2025-04-11T16:00:00+00:00' AIRFLOW_CTX_TRY_NUMBER='2' AIRFLOW_CTX_DAG_RUN_ID='scheduled__2025-04-11T16:00:00+00:00'
[2025-04-11T17:10:27.199+0000] {taskinstance.py:732} INFO - ::endgroup::
[2025-04-11T17:10:27.200+0000] {air_ingestion_dag.py:30} INFO - 📅 Fetching UBA data for MEZ day: 2025-04-11
[2025-04-11T17:10:27.398+0000] {air_ingestion_dag.py:40} INFO - 📦 Parsed 11 entries
[2025-04-11T17:10:27.398+0000] {air_ingestion_dag.py:43} INFO - 💾 Saving air entry for 2025-04-11T04:00:00+00:00
[2025-04-11T17:10:43.845+0000] {connectionpool.py:868} WARNING - Retrying (Retry(total=2, connect=None, read=None, redirect=None, status=None)) after connection broken by 'SSLError(SSLEOFError(8, '[SSL: UNEXPECTED_EOF_WHILE_READING] EOF occurred in violation of protocol (_ssl.c:1010)'))': /token
[2025-04-11T17:10:44.162+0000] {logging_mixin.py:190} INFO - ✅ Saved: gs://gooutside-raw/air/bamberg/2025-04-11T0400.json
[2025-04-11T17:10:44.163+0000] {air_ingestion_dag.py:43} INFO - 💾 Saving air entry for 2025-04-11T05:00:00+00:00
[2025-04-11T17:10:44.558+0000] {logging_mixin.py:190} INFO - ✅ Saved: gs://gooutside-raw/air/bamberg/2025-04-11T0500.json
[2025-04-11T17:10:44.560+0000] {air_ingestion_dag.py:43} INFO - 💾 Saving air entry for 2025-04-11T06:00:00+00:00
[2025-04-11T17:10:44.925+0000] {logging_mixin.py:190} INFO - ✅ Saved: gs://gooutside-raw/air/bamberg/2025-04-11T0600.json
[2025-04-11T17:10:44.926+0000] {air_ingestion_dag.py:43} INFO - 💾 Saving air entry for 2025-04-11T07:00:00+00:00
[2025-04-11T17:10:45.286+0000] {logging_mixin.py:190} INFO - ✅ Saved: gs://gooutside-raw/air/bamberg/2025-04-11T0700.json
[2025-04-11T17:10:45.287+0000] {air_ingestion_dag.py:43} INFO - 💾 Saving air entry for 2025-04-11T08:00:00+00:00
[2025-04-11T17:10:45.669+0000] {logging_mixin.py:190} INFO - ✅ Saved: gs://gooutside-raw/air/bamberg/2025-04-11T0800.json
[2025-04-11T17:10:45.671+0000] {air_ingestion_dag.py:43} INFO - 💾 Saving air entry for 2025-04-11T09:00:00+00:00
[2025-04-11T17:10:46.069+0000] {logging_mixin.py:190} INFO - ✅ Saved: gs://gooutside-raw/air/bamberg/2025-04-11T0900.json
[2025-04-11T17:10:46.070+0000] {air_ingestion_dag.py:43} INFO - 💾 Saving air entry for 2025-04-11T10:00:00+00:00
[2025-04-11T17:10:46.449+0000] {logging_mixin.py:190} INFO - ✅ Saved: gs://gooutside-raw/air/bamberg/2025-04-11T1000.json
[2025-04-11T17:10:46.450+0000] {air_ingestion_dag.py:43} INFO - 💾 Saving air entry for 2025-04-11T11:00:00+00:00
[2025-04-11T17:10:46.791+0000] {logging_mixin.py:190} INFO - ✅ Saved: gs://gooutside-raw/air/bamberg/2025-04-11T1100.json
[2025-04-11T17:10:46.793+0000] {air_ingestion_dag.py:43} INFO - 💾 Saving air entry for 2025-04-11T12:00:00+00:00
[2025-04-11T17:10:48.180+0000] {logging_mixin.py:190} INFO - ✅ Saved: gs://gooutside-raw/air/bamberg/2025-04-11T1200.json
[2025-04-11T17:10:48.180+0000] {air_ingestion_dag.py:43} INFO - 💾 Saving air entry for 2025-04-11T13:00:00+00:00
[2025-04-11T17:10:48.630+0000] {logging_mixin.py:190} INFO - ✅ Saved: gs://gooutside-raw/air/bamberg/2025-04-11T1300.json
[2025-04-11T17:10:48.631+0000] {air_ingestion_dag.py:43} INFO - 💾 Saving air entry for 2025-04-11T14:00:00+00:00
[2025-04-11T17:10:49.021+0000] {logging_mixin.py:190} INFO - ✅ Saved: gs://gooutside-raw/air/bamberg/2025-04-11T1400.json
[2025-04-11T17:10:49.022+0000] {python.py:240} INFO - Done. Returned value was: None
[2025-04-11T17:10:49.035+0000] {taskinstance.py:341} INFO - ::group::Post task execution logs
[2025-04-11T17:10:49.036+0000] {taskinstance.py:353} INFO - Marking task as SUCCESS. dag_id=air_ingestion_dag, task_id=ingest, run_id=scheduled__2025-04-11T16:00:00+00:00, execution_date=20250411T160000, start_date=20250411T171027, end_date=20250411T171049
[2025-04-11T17:10:49.062+0000] {local_task_job_runner.py:266} INFO - Task exited with return code 0
[2025-04-11T17:10:49.073+0000] {taskinstance.py:3901} INFO - 0 downstream tasks scheduled from follow-on schedule check
[2025-04-11T17:10:49.074+0000] {local_task_job_runner.py:245} INFO - ::endgroup::
