[2025-04-06T22:13:25.732+0000] {local_task_job_runner.py:123} INFO - ::group::Pre task execution logs
[2025-04-06T22:13:25.754+0000] {taskinstance.py:2614} INFO - Dependencies all met for dep_context=non-requeueable deps ti=<TaskInstance: weather_ingestion_dag.ingest scheduled__2025-04-06T21:00:00+00:00 [queued]>
[2025-04-06T22:13:25.759+0000] {taskinstance.py:2614} INFO - Dependencies all met for dep_context=requeueable deps ti=<TaskInstance: weather_ingestion_dag.ingest scheduled__2025-04-06T21:00:00+00:00 [queued]>
[2025-04-06T22:13:25.759+0000] {taskinstance.py:2867} INFO - Starting attempt 1 of 2
[2025-04-06T22:13:25.766+0000] {taskinstance.py:2890} INFO - Executing <Task(_PythonDecoratedOperator): ingest> on 2025-04-06 21:00:00+00:00
[2025-04-06T22:13:25.779+0000] {warnings.py:112} WARNING - /home/***/.local/lib/python3.12/site-packages/***/task/task_runner/standard_task_runner.py:70: DeprecationWarning: This process (pid=268) is multi-threaded, use of fork() may lead to deadlocks in the child.
  pid = os.fork()

[2025-04-06T22:13:25.785+0000] {standard_task_runner.py:72} INFO - Started process 270 to run task
[2025-04-06T22:13:25.785+0000] {standard_task_runner.py:104} INFO - Running: ['***', 'tasks', 'run', 'weather_ingestion_dag', 'ingest', 'scheduled__2025-04-06T21:00:00+00:00', '--job-id', '186', '--raw', '--subdir', 'DAGS_FOLDER/weather_ingestion_dag.py', '--cfg-path', '/tmp/tmp0tqz1hos']
[2025-04-06T22:13:25.792+0000] {standard_task_runner.py:105} INFO - Job 186: Subtask ingest
[2025-04-06T22:13:25.859+0000] {task_command.py:467} INFO - Running <TaskInstance: weather_ingestion_dag.ingest scheduled__2025-04-06T21:00:00+00:00 [running]> on host 242fb041fbeb
[2025-04-06T22:13:25.946+0000] {taskinstance.py:3134} INFO - Exporting env vars: AIRFLOW_CTX_DAG_OWNER='beni' AIRFLOW_CTX_DAG_ID='weather_ingestion_dag' AIRFLOW_CTX_TASK_ID='ingest' AIRFLOW_CTX_EXECUTION_DATE='2025-04-06T21:00:00+00:00' AIRFLOW_CTX_TRY_NUMBER='1' AIRFLOW_CTX_DAG_RUN_ID='scheduled__2025-04-06T21:00:00+00:00'
[2025-04-06T22:13:25.948+0000] {taskinstance.py:732} INFO - ::endgroup::
[2025-04-06T22:13:26.718+0000] {logging_mixin.py:190} INFO - ✅ Saved: gs://gooutside-raw/weather/bamberg/2025-04-06T06:00:00+02:00.json
[2025-04-06T22:13:27.078+0000] {logging_mixin.py:190} INFO - ✅ Saved: gs://gooutside-raw/weather/bamberg/2025-04-06T07:00:00+02:00.json
[2025-04-06T22:13:27.475+0000] {logging_mixin.py:190} INFO - ✅ Saved: gs://gooutside-raw/weather/bamberg/2025-04-06T08:00:00+02:00.json
[2025-04-06T22:13:28.040+0000] {logging_mixin.py:190} INFO - ✅ Saved: gs://gooutside-raw/weather/bamberg/2025-04-06T09:00:00+02:00.json
[2025-04-06T22:13:28.729+0000] {logging_mixin.py:190} INFO - ✅ Saved: gs://gooutside-raw/weather/bamberg/2025-04-06T10:00:00+02:00.json
[2025-04-06T22:13:29.061+0000] {logging_mixin.py:190} INFO - ✅ Saved: gs://gooutside-raw/weather/bamberg/2025-04-06T11:00:00+02:00.json
[2025-04-06T22:13:29.402+0000] {logging_mixin.py:190} INFO - ✅ Saved: gs://gooutside-raw/weather/bamberg/2025-04-06T12:00:00+02:00.json
[2025-04-06T22:13:29.823+0000] {logging_mixin.py:190} INFO - ✅ Saved: gs://gooutside-raw/weather/bamberg/2025-04-06T13:00:00+02:00.json
[2025-04-06T22:13:30.169+0000] {logging_mixin.py:190} INFO - ✅ Saved: gs://gooutside-raw/weather/bamberg/2025-04-06T14:00:00+02:00.json
[2025-04-06T22:13:30.494+0000] {logging_mixin.py:190} INFO - ✅ Saved: gs://gooutside-raw/weather/bamberg/2025-04-06T15:00:00+02:00.json
[2025-04-06T22:13:30.865+0000] {logging_mixin.py:190} INFO - ✅ Saved: gs://gooutside-raw/weather/bamberg/2025-04-06T16:00:00+02:00.json
[2025-04-06T22:13:31.182+0000] {logging_mixin.py:190} INFO - ✅ Saved: gs://gooutside-raw/weather/bamberg/2025-04-06T17:00:00+02:00.json
[2025-04-06T22:13:31.531+0000] {logging_mixin.py:190} INFO - ✅ Saved: gs://gooutside-raw/weather/bamberg/2025-04-06T18:00:00+02:00.json
[2025-04-06T22:13:31.531+0000] {python.py:240} INFO - Done. Returned value was: None
[2025-04-06T22:13:31.548+0000] {taskinstance.py:341} INFO - ::group::Post task execution logs
[2025-04-06T22:13:31.549+0000] {taskinstance.py:353} INFO - Marking task as SUCCESS. dag_id=weather_ingestion_dag, task_id=ingest, run_id=scheduled__2025-04-06T21:00:00+00:00, execution_date=20250406T210000, start_date=20250406T221325, end_date=20250406T221331
[2025-04-06T22:13:31.585+0000] {local_task_job_runner.py:266} INFO - Task exited with return code 0
[2025-04-06T22:13:31.597+0000] {taskinstance.py:3901} INFO - 0 downstream tasks scheduled from follow-on schedule check
[2025-04-06T22:13:31.604+0000] {local_task_job_runner.py:245} INFO - ::endgroup::
