[2025-04-12T13:11:33.590+0000] {local_task_job_runner.py:123} INFO - ::group::Pre task execution logs
[2025-04-12T13:11:33.612+0000] {taskinstance.py:2614} INFO - Dependencies all met for dep_context=non-requeueable deps ti=<TaskInstance: weather_ingestion_dag.ingest scheduled__2025-04-12T12:00:00+00:00 [queued]>
[2025-04-12T13:11:33.622+0000] {taskinstance.py:2614} INFO - Dependencies all met for dep_context=requeueable deps ti=<TaskInstance: weather_ingestion_dag.ingest scheduled__2025-04-12T12:00:00+00:00 [queued]>
[2025-04-12T13:11:33.623+0000] {taskinstance.py:2867} INFO - Starting attempt 1 of 2
[2025-04-12T13:11:33.633+0000] {taskinstance.py:2890} INFO - Executing <Task(_PythonDecoratedOperator): ingest> on 2025-04-12 12:00:00+00:00
[2025-04-12T13:11:33.639+0000] {warnings.py:112} WARNING - /home/***/.local/lib/python3.12/site-packages/***/task/task_runner/standard_task_runner.py:70: DeprecationWarning: This process (pid=167) is multi-threaded, use of fork() may lead to deadlocks in the child.
  pid = os.fork()

[2025-04-12T13:11:33.643+0000] {standard_task_runner.py:72} INFO - Started process 171 to run task
[2025-04-12T13:11:33.645+0000] {standard_task_runner.py:104} INFO - Running: ['***', 'tasks', 'run', 'weather_ingestion_dag', 'ingest', 'scheduled__2025-04-12T12:00:00+00:00', '--job-id', '806', '--raw', '--subdir', 'DAGS_FOLDER/weather_ingestion_dag.py', '--cfg-path', '/tmp/tmpja_qrtno']
[2025-04-12T13:11:33.650+0000] {standard_task_runner.py:105} INFO - Job 806: Subtask ingest
[2025-04-12T13:11:33.720+0000] {task_command.py:467} INFO - Running <TaskInstance: weather_ingestion_dag.ingest scheduled__2025-04-12T12:00:00+00:00 [running]> on host caedfbfc7792
[2025-04-12T13:11:33.813+0000] {taskinstance.py:3134} INFO - Exporting env vars: AIRFLOW_CTX_DAG_OWNER='beni' AIRFLOW_CTX_DAG_ID='weather_ingestion_dag' AIRFLOW_CTX_TASK_ID='ingest' AIRFLOW_CTX_EXECUTION_DATE='2025-04-12T12:00:00+00:00' AIRFLOW_CTX_TRY_NUMBER='1' AIRFLOW_CTX_DAG_RUN_ID='scheduled__2025-04-12T12:00:00+00:00'
[2025-04-12T13:11:33.815+0000] {taskinstance.py:732} INFO - ::endgroup::
[2025-04-12T13:11:33.819+0000] {weather_ingestion_dag.py:31} INFO - 🌍 Current UTC hour: 2025-04-12T13:00:00+00:00
[2025-04-12T13:11:33.999+0000] {weather_ingestion_dag.py:38} INFO - ⏱ Found 1 matching entries for this hour
[2025-04-12T13:11:34.000+0000] {weather_ingestion_dag.py:41} INFO - 💾 Saving weather entry for 2025-04-12T13:00:00+00:00
[2025-04-12T13:11:34.446+0000] {logging_mixin.py:190} INFO - ✅ Saved: gs://gooutside-raw/weather/bamberg/2025-04-12T1300.json
[2025-04-12T13:11:34.447+0000] {python.py:240} INFO - Done. Returned value was: None
[2025-04-12T13:11:34.464+0000] {taskinstance.py:341} INFO - ::group::Post task execution logs
[2025-04-12T13:11:34.465+0000] {taskinstance.py:353} INFO - Marking task as SUCCESS. dag_id=weather_ingestion_dag, task_id=ingest, run_id=scheduled__2025-04-12T12:00:00+00:00, execution_date=20250412T120000, start_date=20250412T131133, end_date=20250412T131134
[2025-04-12T13:11:34.547+0000] {local_task_job_runner.py:266} INFO - Task exited with return code 0
[2025-04-12T13:11:34.562+0000] {taskinstance.py:3901} INFO - 0 downstream tasks scheduled from follow-on schedule check
[2025-04-12T13:11:34.563+0000] {local_task_job_runner.py:245} INFO - ::endgroup::
