[2025-04-11T07:46:43.903+0000] {local_task_job_runner.py:123} INFO - ::group::Pre task execution logs
[2025-04-11T07:46:43.923+0000] {taskinstance.py:2614} INFO - Dependencies all met for dep_context=non-requeueable deps ti=<TaskInstance: air_ingestion_dag.ingest scheduled__2025-04-10T22:00:00+00:00 [queued]>
[2025-04-11T07:46:43.930+0000] {taskinstance.py:2614} INFO - Dependencies all met for dep_context=requeueable deps ti=<TaskInstance: air_ingestion_dag.ingest scheduled__2025-04-10T22:00:00+00:00 [queued]>
[2025-04-11T07:46:43.931+0000] {taskinstance.py:2867} INFO - Starting attempt 1 of 2
[2025-04-11T07:46:43.947+0000] {taskinstance.py:2890} INFO - Executing <Task(_PythonDecoratedOperator): ingest> on 2025-04-10 22:00:00+00:00
[2025-04-11T07:46:43.950+0000] {warnings.py:112} WARNING - /home/***/.local/lib/python3.12/site-packages/***/task/task_runner/standard_task_runner.py:70: DeprecationWarning: This process (pid=57) is multi-threaded, use of fork() may lead to deadlocks in the child.
  pid = os.fork()

[2025-04-11T07:46:43.951+0000] {standard_task_runner.py:72} INFO - Started process 62 to run task
[2025-04-11T07:46:43.956+0000] {standard_task_runner.py:104} INFO - Running: ['***', 'tasks', 'run', 'air_ingestion_dag', 'ingest', 'scheduled__2025-04-10T22:00:00+00:00', '--job-id', '699', '--raw', '--subdir', 'DAGS_FOLDER/air_ingestion_dag.py', '--cfg-path', '/tmp/tmpxmjl08z5']
[2025-04-11T07:46:43.962+0000] {standard_task_runner.py:105} INFO - Job 699: Subtask ingest
[2025-04-11T07:46:44.056+0000] {task_command.py:467} INFO - Running <TaskInstance: air_ingestion_dag.ingest scheduled__2025-04-10T22:00:00+00:00 [running]> on host 98acdd3c69ae
[2025-04-11T07:46:44.162+0000] {taskinstance.py:3134} INFO - Exporting env vars: AIRFLOW_CTX_DAG_OWNER='beni' AIRFLOW_CTX_DAG_ID='air_ingestion_dag' AIRFLOW_CTX_TASK_ID='ingest' AIRFLOW_CTX_EXECUTION_DATE='2025-04-10T22:00:00+00:00' AIRFLOW_CTX_TRY_NUMBER='1' AIRFLOW_CTX_DAG_RUN_ID='scheduled__2025-04-10T22:00:00+00:00'
[2025-04-11T07:46:44.163+0000] {taskinstance.py:732} INFO - ::endgroup::
[2025-04-11T07:46:44.164+0000] {air_ingestion_dag.py:30} INFO - 📅 Fetching UBA data for MEZ day: 2025-04-11
[2025-04-11T07:46:45.163+0000] {air_ingestion_dag.py:40} INFO - 📦 Parsed 0 entries
[2025-04-11T07:46:45.164+0000] {python.py:240} INFO - Done. Returned value was: None
[2025-04-11T07:46:45.181+0000] {taskinstance.py:341} INFO - ::group::Post task execution logs
[2025-04-11T07:46:45.181+0000] {taskinstance.py:353} INFO - Marking task as SUCCESS. dag_id=air_ingestion_dag, task_id=ingest, run_id=scheduled__2025-04-10T22:00:00+00:00, execution_date=20250410T220000, start_date=20250411T074643, end_date=20250411T074645
[2025-04-11T07:46:45.252+0000] {local_task_job_runner.py:266} INFO - Task exited with return code 0
[2025-04-11T07:46:45.269+0000] {taskinstance.py:3901} INFO - 0 downstream tasks scheduled from follow-on schedule check
[2025-04-11T07:46:45.270+0000] {local_task_job_runner.py:245} INFO - ::endgroup::
