[2025-04-13T19:07:45.328+0000] {local_task_job_runner.py:123} INFO - ::group::Pre task execution logs
[2025-04-13T19:07:45.339+0000] {taskinstance.py:2614} INFO - Dependencies all met for dep_context=non-requeueable deps ti=<TaskInstance: air_ingestion_dag.ingest scheduled__2025-04-13T18:00:00+00:00 [queued]>
[2025-04-13T19:07:45.348+0000] {taskinstance.py:2614} INFO - Dependencies all met for dep_context=requeueable deps ti=<TaskInstance: air_ingestion_dag.ingest scheduled__2025-04-13T18:00:00+00:00 [queued]>
[2025-04-13T19:07:45.349+0000] {taskinstance.py:2867} INFO - Starting attempt 1 of 2
[2025-04-13T19:07:45.357+0000] {taskinstance.py:2890} INFO - Executing <Task(_PythonDecoratedOperator): ingest> on 2025-04-13 18:00:00+00:00
[2025-04-13T19:07:45.360+0000] {warnings.py:112} WARNING - /home/***/.local/lib/python3.12/site-packages/***/task/task_runner/standard_task_runner.py:70: DeprecationWarning: This process (pid=550) is multi-threaded, use of fork() may lead to deadlocks in the child.
  pid = os.fork()

[2025-04-13T19:07:45.361+0000] {standard_task_runner.py:72} INFO - Started process 553 to run task
[2025-04-13T19:07:45.362+0000] {standard_task_runner.py:104} INFO - Running: ['***', 'tasks', 'run', 'air_ingestion_dag', 'ingest', 'scheduled__2025-04-13T18:00:00+00:00', '--job-id', '934', '--raw', '--subdir', 'DAGS_FOLDER/air_ingestion_dag.py', '--cfg-path', '/tmp/tmp1ldp3tcq']
[2025-04-13T19:07:45.365+0000] {standard_task_runner.py:105} INFO - Job 934: Subtask ingest
[2025-04-13T19:07:45.436+0000] {task_command.py:467} INFO - Running <TaskInstance: air_ingestion_dag.ingest scheduled__2025-04-13T18:00:00+00:00 [running]> on host caedfbfc7792
[2025-04-13T19:07:45.541+0000] {taskinstance.py:3134} INFO - Exporting env vars: AIRFLOW_CTX_DAG_OWNER='beni' AIRFLOW_CTX_DAG_ID='air_ingestion_dag' AIRFLOW_CTX_TASK_ID='ingest' AIRFLOW_CTX_EXECUTION_DATE='2025-04-13T18:00:00+00:00' AIRFLOW_CTX_TRY_NUMBER='1' AIRFLOW_CTX_DAG_RUN_ID='scheduled__2025-04-13T18:00:00+00:00'
[2025-04-13T19:07:45.542+0000] {taskinstance.py:732} INFO - ::endgroup::
[2025-04-13T19:07:45.544+0000] {air_ingestion_dag.py:30} INFO - 📅 Fetching UBA data for MEZ day: 2025-04-13
[2025-04-13T19:07:45.726+0000] {air_ingestion_dag.py:40} INFO - 📦 Parsed 11 entries
[2025-04-13T19:07:45.726+0000] {air_ingestion_dag.py:43} INFO - 💾 Saving air entry for 2025-04-13T04:00:00+00:00
[2025-04-13T19:07:46.170+0000] {logging_mixin.py:190} INFO - ✅ Saved: gs://gooutside-raw/air/bamberg/2025-04-13T0400.json
[2025-04-13T19:07:46.170+0000] {air_ingestion_dag.py:43} INFO - 💾 Saving air entry for 2025-04-13T05:00:00+00:00
[2025-04-13T19:07:46.547+0000] {logging_mixin.py:190} INFO - ✅ Saved: gs://gooutside-raw/air/bamberg/2025-04-13T0500.json
[2025-04-13T19:07:46.551+0000] {air_ingestion_dag.py:43} INFO - 💾 Saving air entry for 2025-04-13T06:00:00+00:00
[2025-04-13T19:07:46.968+0000] {logging_mixin.py:190} INFO - ✅ Saved: gs://gooutside-raw/air/bamberg/2025-04-13T0600.json
[2025-04-13T19:07:46.969+0000] {air_ingestion_dag.py:43} INFO - 💾 Saving air entry for 2025-04-13T07:00:00+00:00
[2025-04-13T19:07:47.399+0000] {logging_mixin.py:190} INFO - ✅ Saved: gs://gooutside-raw/air/bamberg/2025-04-13T0700.json
[2025-04-13T19:07:47.402+0000] {air_ingestion_dag.py:43} INFO - 💾 Saving air entry for 2025-04-13T08:00:00+00:00
[2025-04-13T19:07:48.362+0000] {logging_mixin.py:190} INFO - ✅ Saved: gs://gooutside-raw/air/bamberg/2025-04-13T0800.json
[2025-04-13T19:07:48.364+0000] {air_ingestion_dag.py:43} INFO - 💾 Saving air entry for 2025-04-13T09:00:00+00:00
[2025-04-13T19:07:49.298+0000] {logging_mixin.py:190} INFO - ✅ Saved: gs://gooutside-raw/air/bamberg/2025-04-13T0900.json
[2025-04-13T19:07:49.298+0000] {air_ingestion_dag.py:43} INFO - 💾 Saving air entry for 2025-04-13T10:00:00+00:00
[2025-04-13T19:07:50.318+0000] {logging_mixin.py:190} INFO - ✅ Saved: gs://gooutside-raw/air/bamberg/2025-04-13T1000.json
[2025-04-13T19:07:50.318+0000] {air_ingestion_dag.py:43} INFO - 💾 Saving air entry for 2025-04-13T11:00:00+00:00
[2025-04-13T19:07:51.314+0000] {logging_mixin.py:190} INFO - ✅ Saved: gs://gooutside-raw/air/bamberg/2025-04-13T1100.json
[2025-04-13T19:07:51.315+0000] {air_ingestion_dag.py:43} INFO - 💾 Saving air entry for 2025-04-13T12:00:00+00:00
[2025-04-13T19:07:52.197+0000] {logging_mixin.py:190} INFO - ✅ Saved: gs://gooutside-raw/air/bamberg/2025-04-13T1200.json
[2025-04-13T19:07:52.199+0000] {air_ingestion_dag.py:43} INFO - 💾 Saving air entry for 2025-04-13T13:00:00+00:00
[2025-04-13T19:07:52.624+0000] {logging_mixin.py:190} INFO - ✅ Saved: gs://gooutside-raw/air/bamberg/2025-04-13T1300.json
[2025-04-13T19:07:52.624+0000] {air_ingestion_dag.py:43} INFO - 💾 Saving air entry for 2025-04-13T14:00:00+00:00
[2025-04-13T19:07:52.991+0000] {logging_mixin.py:190} INFO - ✅ Saved: gs://gooutside-raw/air/bamberg/2025-04-13T1400.json
[2025-04-13T19:07:52.992+0000] {python.py:240} INFO - Done. Returned value was: None
[2025-04-13T19:07:53.005+0000] {taskinstance.py:341} INFO - ::group::Post task execution logs
[2025-04-13T19:07:53.005+0000] {taskinstance.py:353} INFO - Marking task as SUCCESS. dag_id=air_ingestion_dag, task_id=ingest, run_id=scheduled__2025-04-13T18:00:00+00:00, execution_date=20250413T180000, start_date=20250413T190745, end_date=20250413T190753
[2025-04-13T19:07:53.040+0000] {local_task_job_runner.py:266} INFO - Task exited with return code 0
[2025-04-13T19:07:53.054+0000] {taskinstance.py:3901} INFO - 0 downstream tasks scheduled from follow-on schedule check
[2025-04-13T19:07:53.056+0000] {local_task_job_runner.py:245} INFO - ::endgroup::
