[2025-04-09T16:00:01.564+0000] {local_task_job_runner.py:123} INFO - ::group::Pre task execution logs
[2025-04-09T16:00:01.581+0000] {taskinstance.py:2614} INFO - Dependencies all met for dep_context=non-requeueable deps ti=<TaskInstance: weather_forecast_ingestion_dag.ingest scheduled__2025-04-09T15:00:00+00:00 [queued]>
[2025-04-09T16:00:01.586+0000] {taskinstance.py:2614} INFO - Dependencies all met for dep_context=requeueable deps ti=<TaskInstance: weather_forecast_ingestion_dag.ingest scheduled__2025-04-09T15:00:00+00:00 [queued]>
[2025-04-09T16:00:01.587+0000] {taskinstance.py:2867} INFO - Starting attempt 1 of 2
[2025-04-09T16:00:01.595+0000] {taskinstance.py:2890} INFO - Executing <Task(_PythonDecoratedOperator): ingest> on 2025-04-09 15:00:00+00:00
[2025-04-09T16:00:01.600+0000] {warnings.py:112} WARNING - /home/***/.local/lib/python3.12/site-packages/***/task/task_runner/standard_task_runner.py:70: DeprecationWarning: This process (pid=108) is multi-threaded, use of fork() may lead to deadlocks in the child.
  pid = os.fork()

[2025-04-09T16:00:01.602+0000] {standard_task_runner.py:72} INFO - Started process 111 to run task
[2025-04-09T16:00:01.602+0000] {standard_task_runner.py:104} INFO - Running: ['***', 'tasks', 'run', 'weather_forecast_ingestion_dag', 'ingest', 'scheduled__2025-04-09T15:00:00+00:00', '--job-id', '509', '--raw', '--subdir', 'DAGS_FOLDER/weather_forecast_ingestion_dag.py', '--cfg-path', '/tmp/tmpac6a68rw']
[2025-04-09T16:00:01.604+0000] {standard_task_runner.py:105} INFO - Job 509: Subtask ingest
[2025-04-09T16:00:01.655+0000] {task_command.py:467} INFO - Running <TaskInstance: weather_forecast_ingestion_dag.ingest scheduled__2025-04-09T15:00:00+00:00 [running]> on host 98acdd3c69ae
[2025-04-09T16:00:01.728+0000] {taskinstance.py:3134} INFO - Exporting env vars: AIRFLOW_CTX_DAG_OWNER='beni' AIRFLOW_CTX_DAG_ID='weather_forecast_ingestion_dag' AIRFLOW_CTX_TASK_ID='ingest' AIRFLOW_CTX_EXECUTION_DATE='2025-04-09T15:00:00+00:00' AIRFLOW_CTX_TRY_NUMBER='1' AIRFLOW_CTX_DAG_RUN_ID='scheduled__2025-04-09T15:00:00+00:00'
[2025-04-09T16:00:01.729+0000] {taskinstance.py:732} INFO - ::endgroup::
[2025-04-09T16:00:01.731+0000] {weather_forecast_ingestion_dag.py:35} INFO - 🌤️ Fetching forecast for date: 2025-04-09
[2025-04-09T16:00:01.877+0000] {weather_forecast_ingestion_dag.py:44} INFO - 📦 Parsed 5 forecast entries
[2025-04-09T16:00:01.877+0000] {weather_forecast_ingestion_dag.py:47} INFO - 💾 Saving forecast for 2025-04-09T16:00:00+00:00
[2025-04-09T16:00:02.235+0000] {logging_mixin.py:190} INFO - 🌤️ Saved forecast: gs://gooutside-raw/weather_forecast/bamberg/2025-04-09T1600.json
[2025-04-09T16:00:02.235+0000] {weather_forecast_ingestion_dag.py:47} INFO - 💾 Saving forecast for 2025-04-09T17:00:00+00:00
[2025-04-09T16:00:02.651+0000] {logging_mixin.py:190} INFO - 🌤️ Saved forecast: gs://gooutside-raw/weather_forecast/bamberg/2025-04-09T1700.json
[2025-04-09T16:00:02.652+0000] {weather_forecast_ingestion_dag.py:47} INFO - 💾 Saving forecast for 2025-04-09T18:00:00+00:00
[2025-04-09T16:00:03.003+0000] {logging_mixin.py:190} INFO - 🌤️ Saved forecast: gs://gooutside-raw/weather_forecast/bamberg/2025-04-09T1800.json
[2025-04-09T16:00:03.007+0000] {weather_forecast_ingestion_dag.py:47} INFO - 💾 Saving forecast for 2025-04-09T19:00:00+00:00
[2025-04-09T16:00:03.443+0000] {logging_mixin.py:190} INFO - 🌤️ Saved forecast: gs://gooutside-raw/weather_forecast/bamberg/2025-04-09T1900.json
[2025-04-09T16:00:03.443+0000] {weather_forecast_ingestion_dag.py:47} INFO - 💾 Saving forecast for 2025-04-09T20:00:00+00:00
[2025-04-09T16:00:03.763+0000] {logging_mixin.py:190} INFO - 🌤️ Saved forecast: gs://gooutside-raw/weather_forecast/bamberg/2025-04-09T2000.json
[2025-04-09T16:00:03.763+0000] {python.py:240} INFO - Done. Returned value was: None
[2025-04-09T16:00:03.774+0000] {taskinstance.py:341} INFO - ::group::Post task execution logs
[2025-04-09T16:00:03.777+0000] {taskinstance.py:353} INFO - Marking task as SUCCESS. dag_id=weather_forecast_ingestion_dag, task_id=ingest, run_id=scheduled__2025-04-09T15:00:00+00:00, execution_date=20250409T150000, start_date=20250409T160001, end_date=20250409T160003
[2025-04-09T16:00:03.845+0000] {local_task_job_runner.py:266} INFO - Task exited with return code 0
[2025-04-09T16:00:03.858+0000] {taskinstance.py:3901} INFO - 0 downstream tasks scheduled from follow-on schedule check
[2025-04-09T16:00:03.859+0000] {local_task_job_runner.py:245} INFO - ::endgroup::
