[2025-04-08T14:08:46.526+0000] {local_task_job_runner.py:123} INFO - ::group::Pre task execution logs
[2025-04-08T14:08:46.538+0000] {taskinstance.py:2614} INFO - Dependencies all met for dep_context=non-requeueable deps ti=<TaskInstance: weather_ingestion_dag.ingest scheduled__2025-04-08T13:00:00+00:00 [queued]>
[2025-04-08T14:08:46.544+0000] {taskinstance.py:2614} INFO - Dependencies all met for dep_context=requeueable deps ti=<TaskInstance: weather_ingestion_dag.ingest scheduled__2025-04-08T13:00:00+00:00 [queued]>
[2025-04-08T14:08:46.544+0000] {taskinstance.py:2867} INFO - Starting attempt 1 of 2
[2025-04-08T14:08:46.553+0000] {taskinstance.py:2890} INFO - Executing <Task(_PythonDecoratedOperator): ingest> on 2025-04-08 13:00:00+00:00
[2025-04-08T14:08:46.561+0000] {warnings.py:112} WARNING - /home/***/.local/lib/python3.12/site-packages/***/task/task_runner/standard_task_runner.py:70: DeprecationWarning: This process (pid=51) is multi-threaded, use of fork() may lead to deadlocks in the child.
  pid = os.fork()

[2025-04-08T14:08:46.563+0000] {standard_task_runner.py:72} INFO - Started process 54 to run task
[2025-04-08T14:08:46.563+0000] {standard_task_runner.py:104} INFO - Running: ['***', 'tasks', 'run', 'weather_ingestion_dag', 'ingest', 'scheduled__2025-04-08T13:00:00+00:00', '--job-id', '284', '--raw', '--subdir', 'DAGS_FOLDER/weather_ingestion_dag.py', '--cfg-path', '/tmp/tmpka_ytbt_']
[2025-04-08T14:08:46.567+0000] {standard_task_runner.py:105} INFO - Job 284: Subtask ingest
[2025-04-08T14:08:46.609+0000] {task_command.py:467} INFO - Running <TaskInstance: weather_ingestion_dag.ingest scheduled__2025-04-08T13:00:00+00:00 [running]> on host 4445d180ed6b
[2025-04-08T14:08:46.678+0000] {taskinstance.py:3134} INFO - Exporting env vars: AIRFLOW_CTX_DAG_OWNER='beni' AIRFLOW_CTX_DAG_ID='weather_ingestion_dag' AIRFLOW_CTX_TASK_ID='ingest' AIRFLOW_CTX_EXECUTION_DATE='2025-04-08T13:00:00+00:00' AIRFLOW_CTX_TRY_NUMBER='1' AIRFLOW_CTX_DAG_RUN_ID='scheduled__2025-04-08T13:00:00+00:00'
[2025-04-08T14:08:46.679+0000] {taskinstance.py:732} INFO - ::endgroup::
[2025-04-08T14:08:47.228+0000] {logging_mixin.py:190} INFO - ✅ Saved: gs://gooutside-raw/weather/bamberg/2025-04-08T06:00:00+02:00.json
[2025-04-08T14:08:47.596+0000] {logging_mixin.py:190} INFO - ✅ Saved: gs://gooutside-raw/weather/bamberg/2025-04-08T07:00:00+02:00.json
[2025-04-08T14:08:47.947+0000] {logging_mixin.py:190} INFO - ✅ Saved: gs://gooutside-raw/weather/bamberg/2025-04-08T08:00:00+02:00.json
[2025-04-08T14:08:48.295+0000] {logging_mixin.py:190} INFO - ✅ Saved: gs://gooutside-raw/weather/bamberg/2025-04-08T09:00:00+02:00.json
[2025-04-08T14:08:48.625+0000] {logging_mixin.py:190} INFO - ✅ Saved: gs://gooutside-raw/weather/bamberg/2025-04-08T10:00:00+02:00.json
[2025-04-08T14:08:48.967+0000] {logging_mixin.py:190} INFO - ✅ Saved: gs://gooutside-raw/weather/bamberg/2025-04-08T11:00:00+02:00.json
[2025-04-08T14:08:49.313+0000] {logging_mixin.py:190} INFO - ✅ Saved: gs://gooutside-raw/weather/bamberg/2025-04-08T12:00:00+02:00.json
[2025-04-08T14:08:49.680+0000] {logging_mixin.py:190} INFO - ✅ Saved: gs://gooutside-raw/weather/bamberg/2025-04-08T13:00:00+02:00.json
[2025-04-08T14:08:50.019+0000] {logging_mixin.py:190} INFO - ✅ Saved: gs://gooutside-raw/weather/bamberg/2025-04-08T14:00:00+02:00.json
[2025-04-08T14:08:50.365+0000] {logging_mixin.py:190} INFO - ✅ Saved: gs://gooutside-raw/weather/bamberg/2025-04-08T15:00:00+02:00.json
[2025-04-08T14:08:50.692+0000] {logging_mixin.py:190} INFO - ✅ Saved: gs://gooutside-raw/weather/bamberg/2025-04-08T16:00:00+02:00.json
[2025-04-08T14:08:51.029+0000] {logging_mixin.py:190} INFO - ✅ Saved: gs://gooutside-raw/weather/bamberg/2025-04-08T17:00:00+02:00.json
[2025-04-08T14:08:51.356+0000] {logging_mixin.py:190} INFO - ✅ Saved: gs://gooutside-raw/weather/bamberg/2025-04-08T18:00:00+02:00.json
[2025-04-08T14:08:51.357+0000] {python.py:240} INFO - Done. Returned value was: None
[2025-04-08T14:08:51.370+0000] {taskinstance.py:341} INFO - ::group::Post task execution logs
[2025-04-08T14:08:51.370+0000] {taskinstance.py:353} INFO - Marking task as SUCCESS. dag_id=weather_ingestion_dag, task_id=ingest, run_id=scheduled__2025-04-08T13:00:00+00:00, execution_date=20250408T130000, start_date=20250408T140846, end_date=20250408T140851
[2025-04-08T14:08:51.401+0000] {local_task_job_runner.py:266} INFO - Task exited with return code 0
[2025-04-08T14:08:51.412+0000] {taskinstance.py:3901} INFO - 0 downstream tasks scheduled from follow-on schedule check
[2025-04-08T14:08:51.413+0000] {local_task_job_runner.py:245} INFO - ::endgroup::
