[2025-04-08T14:25:43.526+0000] {local_task_job_runner.py:123} INFO - ::group::Pre task execution logs
[2025-04-08T14:25:43.590+0000] {taskinstance.py:2614} INFO - Dependencies all met for dep_context=non-requeueable deps ti=<TaskInstance: air_ingestion_dag.ingest backfill__2024-01-01T09:00:00+00:00 [queued]>
[2025-04-08T14:25:43.604+0000] {taskinstance.py:2614} INFO - Dependencies all met for dep_context=requeueable deps ti=<TaskInstance: air_ingestion_dag.ingest backfill__2024-01-01T09:00:00+00:00 [queued]>
[2025-04-08T14:25:43.605+0000] {taskinstance.py:2867} INFO - Starting attempt 1 of 2
[2025-04-08T14:25:43.624+0000] {taskinstance.py:2890} INFO - Executing <Task(_PythonDecoratedOperator): ingest> on 2024-01-01 09:00:00+00:00
[2025-04-08T14:25:43.629+0000] {warnings.py:112} WARNING - /home/***/.local/lib/python3.12/site-packages/***/task/task_runner/standard_task_runner.py:70: DeprecationWarning: This process (pid=61) is multi-threaded, use of fork() may lead to deadlocks in the child.
  pid = os.fork()

[2025-04-08T14:25:43.632+0000] {standard_task_runner.py:72} INFO - Started process 96 to run task
[2025-04-08T14:25:43.640+0000] {standard_task_runner.py:104} INFO - Running: ['***', 'tasks', 'run', 'air_ingestion_dag', 'ingest', 'backfill__2024-01-01T09:00:00+00:00', '--job-id', '303', '--pool', 'default_pool', '--raw', '--subdir', 'DAGS_FOLDER/air_ingestion_dag.py', '--cfg-path', '/tmp/tmp6atofgof']
[2025-04-08T14:25:43.651+0000] {standard_task_runner.py:105} INFO - Job 303: Subtask ingest
[2025-04-08T14:25:43.798+0000] {task_command.py:467} INFO - Running <TaskInstance: air_ingestion_dag.ingest backfill__2024-01-01T09:00:00+00:00 [running]> on host ef6176db86b3
[2025-04-08T14:25:44.062+0000] {taskinstance.py:3134} INFO - Exporting env vars: AIRFLOW_CTX_DAG_OWNER='beni' AIRFLOW_CTX_DAG_ID='air_ingestion_dag' AIRFLOW_CTX_TASK_ID='ingest' AIRFLOW_CTX_EXECUTION_DATE='2024-01-01T09:00:00+00:00' AIRFLOW_CTX_TRY_NUMBER='1' AIRFLOW_CTX_DAG_RUN_ID='backfill__2024-01-01T09:00:00+00:00'
[2025-04-08T14:25:44.063+0000] {taskinstance.py:732} INFO - ::endgroup::
[2025-04-08T14:25:44.066+0000] {logging_mixin.py:190} INFO - ⏰ Running for local time: 2024-01-01T10:00:00+01:00 (UTC: 2024-01-01T09:00:00+00:00)
[2025-04-08T14:25:44.944+0000] {logging_mixin.py:190} INFO - ✅ Saved: gs://gooutside-raw/air/bamberg/2024-01-01T0600.json
[2025-04-08T14:25:45.324+0000] {logging_mixin.py:190} INFO - ✅ Saved: gs://gooutside-raw/air/bamberg/2024-01-01T0700.json
[2025-04-08T14:25:45.662+0000] {logging_mixin.py:190} INFO - ✅ Saved: gs://gooutside-raw/air/bamberg/2024-01-01T0800.json
[2025-04-08T14:25:46.044+0000] {logging_mixin.py:190} INFO - ✅ Saved: gs://gooutside-raw/air/bamberg/2024-01-01T0900.json
[2025-04-08T14:25:46.438+0000] {logging_mixin.py:190} INFO - ✅ Saved: gs://gooutside-raw/air/bamberg/2024-01-01T1000.json
[2025-04-08T14:25:46.800+0000] {logging_mixin.py:190} INFO - ✅ Saved: gs://gooutside-raw/air/bamberg/2024-01-01T1100.json
[2025-04-08T14:25:47.161+0000] {logging_mixin.py:190} INFO - ✅ Saved: gs://gooutside-raw/air/bamberg/2024-01-01T1200.json
[2025-04-08T14:25:47.552+0000] {logging_mixin.py:190} INFO - ✅ Saved: gs://gooutside-raw/air/bamberg/2024-01-01T1300.json
[2025-04-08T14:25:47.893+0000] {logging_mixin.py:190} INFO - ✅ Saved: gs://gooutside-raw/air/bamberg/2024-01-01T1400.json
[2025-04-08T14:25:48.240+0000] {logging_mixin.py:190} INFO - ✅ Saved: gs://gooutside-raw/air/bamberg/2024-01-01T1500.json
[2025-04-08T14:25:48.627+0000] {logging_mixin.py:190} INFO - ✅ Saved: gs://gooutside-raw/air/bamberg/2024-01-01T1600.json
[2025-04-08T14:25:48.978+0000] {logging_mixin.py:190} INFO - ✅ Saved: gs://gooutside-raw/air/bamberg/2024-01-01T1700.json
[2025-04-08T14:25:48.978+0000] {python.py:240} INFO - Done. Returned value was: None
[2025-04-08T14:25:48.991+0000] {taskinstance.py:341} INFO - ::group::Post task execution logs
[2025-04-08T14:25:48.991+0000] {taskinstance.py:353} INFO - Marking task as SUCCESS. dag_id=air_ingestion_dag, task_id=ingest, run_id=backfill__2024-01-01T09:00:00+00:00, execution_date=20240101T090000, start_date=20250408T142543, end_date=20250408T142548
[2025-04-08T14:25:49.025+0000] {local_task_job_runner.py:266} INFO - Task exited with return code 0
[2025-04-08T14:25:49.037+0000] {taskinstance.py:3901} INFO - 0 downstream tasks scheduled from follow-on schedule check
[2025-04-08T14:25:49.038+0000] {local_task_job_runner.py:245} INFO - ::endgroup::
