[2025-04-13T07:05:43.436+0000] {local_task_job_runner.py:123} INFO - ::group::Pre task execution logs
[2025-04-13T07:05:43.448+0000] {taskinstance.py:2614} INFO - Dependencies all met for dep_context=non-requeueable deps ti=<TaskInstance: weather_forecast_ingestion_dag.ingest scheduled__2025-04-13T06:00:00+00:00 [queued]>
[2025-04-13T07:05:43.453+0000] {taskinstance.py:2614} INFO - Dependencies all met for dep_context=requeueable deps ti=<TaskInstance: weather_forecast_ingestion_dag.ingest scheduled__2025-04-13T06:00:00+00:00 [queued]>
[2025-04-13T07:05:43.453+0000] {taskinstance.py:2867} INFO - Starting attempt 1 of 2
[2025-04-13T07:05:43.462+0000] {taskinstance.py:2890} INFO - Executing <Task(_PythonDecoratedOperator): ingest> on 2025-04-13 06:00:00+00:00
[2025-04-13T07:05:43.466+0000] {warnings.py:112} WARNING - /home/***/.local/lib/python3.12/site-packages/***/task/task_runner/standard_task_runner.py:70: DeprecationWarning: This process (pid=397) is multi-threaded, use of fork() may lead to deadlocks in the child.
  pid = os.fork()

[2025-04-13T07:05:43.468+0000] {standard_task_runner.py:72} INFO - Started process 400 to run task
[2025-04-13T07:05:43.468+0000] {standard_task_runner.py:104} INFO - Running: ['***', 'tasks', 'run', 'weather_forecast_ingestion_dag', 'ingest', 'scheduled__2025-04-13T06:00:00+00:00', '--job-id', '882', '--raw', '--subdir', 'DAGS_FOLDER/weather_forecast_ingestion_dag.py', '--cfg-path', '/tmp/tmpl1ue_05o']
[2025-04-13T07:05:43.470+0000] {standard_task_runner.py:105} INFO - Job 882: Subtask ingest
[2025-04-13T07:05:43.524+0000] {task_command.py:467} INFO - Running <TaskInstance: weather_forecast_ingestion_dag.ingest scheduled__2025-04-13T06:00:00+00:00 [running]> on host caedfbfc7792
[2025-04-13T07:05:43.587+0000] {taskinstance.py:3134} INFO - Exporting env vars: AIRFLOW_CTX_DAG_OWNER='beni' AIRFLOW_CTX_DAG_ID='weather_forecast_ingestion_dag' AIRFLOW_CTX_TASK_ID='ingest' AIRFLOW_CTX_EXECUTION_DATE='2025-04-13T06:00:00+00:00' AIRFLOW_CTX_TRY_NUMBER='1' AIRFLOW_CTX_DAG_RUN_ID='scheduled__2025-04-13T06:00:00+00:00'
[2025-04-13T07:05:43.589+0000] {taskinstance.py:732} INFO - ::endgroup::
[2025-04-13T07:05:43.591+0000] {weather_forecast_ingestion_dag.py:37} INFO - 🌤️ Fetching forecast from 2025-04-13 to 2025-04-21
[2025-04-13T07:05:43.782+0000] {weather_forecast_ingestion_dag.py:53} INFO - 📦 Filtered 118 future forecast entries
[2025-04-13T07:05:43.783+0000] {weather_forecast_ingestion_dag.py:56} INFO - 💾 Saving forecast for 2025-04-13T08:00:00+00:00
[2025-04-13T07:05:44.223+0000] {logging_mixin.py:190} INFO - 🌤️ Saved forecast: gs://gooutside-raw/weather_forecast/bamberg/2025-04-13T0800.json
[2025-04-13T07:05:44.224+0000] {weather_forecast_ingestion_dag.py:56} INFO - 💾 Saving forecast for 2025-04-13T09:00:00+00:00
[2025-04-13T07:05:44.597+0000] {logging_mixin.py:190} INFO - 🌤️ Saved forecast: gs://gooutside-raw/weather_forecast/bamberg/2025-04-13T0900.json
[2025-04-13T07:05:44.598+0000] {weather_forecast_ingestion_dag.py:56} INFO - 💾 Saving forecast for 2025-04-13T10:00:00+00:00
[2025-04-13T07:05:45.013+0000] {logging_mixin.py:190} INFO - 🌤️ Saved forecast: gs://gooutside-raw/weather_forecast/bamberg/2025-04-13T1000.json
[2025-04-13T07:05:45.014+0000] {weather_forecast_ingestion_dag.py:56} INFO - 💾 Saving forecast for 2025-04-13T11:00:00+00:00
[2025-04-13T07:05:45.398+0000] {logging_mixin.py:190} INFO - 🌤️ Saved forecast: gs://gooutside-raw/weather_forecast/bamberg/2025-04-13T1100.json
[2025-04-13T07:05:45.401+0000] {weather_forecast_ingestion_dag.py:56} INFO - 💾 Saving forecast for 2025-04-13T12:00:00+00:00
[2025-04-13T07:05:45.776+0000] {logging_mixin.py:190} INFO - 🌤️ Saved forecast: gs://gooutside-raw/weather_forecast/bamberg/2025-04-13T1200.json
[2025-04-13T07:05:45.777+0000] {weather_forecast_ingestion_dag.py:56} INFO - 💾 Saving forecast for 2025-04-13T13:00:00+00:00
[2025-04-13T07:05:46.167+0000] {logging_mixin.py:190} INFO - 🌤️ Saved forecast: gs://gooutside-raw/weather_forecast/bamberg/2025-04-13T1300.json
[2025-04-13T07:05:46.169+0000] {weather_forecast_ingestion_dag.py:56} INFO - 💾 Saving forecast for 2025-04-13T14:00:00+00:00
[2025-04-13T07:05:46.582+0000] {logging_mixin.py:190} INFO - 🌤️ Saved forecast: gs://gooutside-raw/weather_forecast/bamberg/2025-04-13T1400.json
[2025-04-13T07:05:46.582+0000] {weather_forecast_ingestion_dag.py:56} INFO - 💾 Saving forecast for 2025-04-13T15:00:00+00:00
[2025-04-13T07:05:46.927+0000] {logging_mixin.py:190} INFO - 🌤️ Saved forecast: gs://gooutside-raw/weather_forecast/bamberg/2025-04-13T1500.json
[2025-04-13T07:05:46.927+0000] {weather_forecast_ingestion_dag.py:56} INFO - 💾 Saving forecast for 2025-04-13T16:00:00+00:00
[2025-04-13T07:05:47.345+0000] {logging_mixin.py:190} INFO - 🌤️ Saved forecast: gs://gooutside-raw/weather_forecast/bamberg/2025-04-13T1600.json
[2025-04-13T07:05:47.346+0000] {weather_forecast_ingestion_dag.py:56} INFO - 💾 Saving forecast for 2025-04-13T17:00:00+00:00
[2025-04-13T07:05:47.729+0000] {logging_mixin.py:190} INFO - 🌤️ Saved forecast: gs://gooutside-raw/weather_forecast/bamberg/2025-04-13T1700.json
[2025-04-13T07:05:47.730+0000] {weather_forecast_ingestion_dag.py:56} INFO - 💾 Saving forecast for 2025-04-13T18:00:00+00:00
[2025-04-13T07:05:48.119+0000] {logging_mixin.py:190} INFO - 🌤️ Saved forecast: gs://gooutside-raw/weather_forecast/bamberg/2025-04-13T1800.json
[2025-04-13T07:05:48.125+0000] {weather_forecast_ingestion_dag.py:56} INFO - 💾 Saving forecast for 2025-04-13T19:00:00+00:00
[2025-04-13T07:05:48.530+0000] {logging_mixin.py:190} INFO - 🌤️ Saved forecast: gs://gooutside-raw/weather_forecast/bamberg/2025-04-13T1900.json
[2025-04-13T07:05:48.531+0000] {weather_forecast_ingestion_dag.py:56} INFO - 💾 Saving forecast for 2025-04-13T20:00:00+00:00
[2025-04-13T07:05:48.907+0000] {logging_mixin.py:190} INFO - 🌤️ Saved forecast: gs://gooutside-raw/weather_forecast/bamberg/2025-04-13T2000.json
[2025-04-13T07:05:48.908+0000] {weather_forecast_ingestion_dag.py:56} INFO - 💾 Saving forecast for 2025-04-14T06:00:00+00:00
[2025-04-13T07:05:49.288+0000] {logging_mixin.py:190} INFO - 🌤️ Saved forecast: gs://gooutside-raw/weather_forecast/bamberg/2025-04-14T0600.json
[2025-04-13T07:05:49.288+0000] {weather_forecast_ingestion_dag.py:56} INFO - 💾 Saving forecast for 2025-04-14T07:00:00+00:00
[2025-04-13T07:05:49.651+0000] {logging_mixin.py:190} INFO - 🌤️ Saved forecast: gs://gooutside-raw/weather_forecast/bamberg/2025-04-14T0700.json
[2025-04-13T07:05:49.652+0000] {weather_forecast_ingestion_dag.py:56} INFO - 💾 Saving forecast for 2025-04-14T08:00:00+00:00
[2025-04-13T07:05:50.031+0000] {logging_mixin.py:190} INFO - 🌤️ Saved forecast: gs://gooutside-raw/weather_forecast/bamberg/2025-04-14T0800.json
[2025-04-13T07:05:50.033+0000] {weather_forecast_ingestion_dag.py:56} INFO - 💾 Saving forecast for 2025-04-14T09:00:00+00:00
[2025-04-13T07:05:50.434+0000] {logging_mixin.py:190} INFO - 🌤️ Saved forecast: gs://gooutside-raw/weather_forecast/bamberg/2025-04-14T0900.json
[2025-04-13T07:05:50.436+0000] {weather_forecast_ingestion_dag.py:56} INFO - 💾 Saving forecast for 2025-04-14T10:00:00+00:00
[2025-04-13T07:05:50.824+0000] {logging_mixin.py:190} INFO - 🌤️ Saved forecast: gs://gooutside-raw/weather_forecast/bamberg/2025-04-14T1000.json
[2025-04-13T07:05:50.824+0000] {weather_forecast_ingestion_dag.py:56} INFO - 💾 Saving forecast for 2025-04-14T11:00:00+00:00
[2025-04-13T07:05:51.171+0000] {logging_mixin.py:190} INFO - 🌤️ Saved forecast: gs://gooutside-raw/weather_forecast/bamberg/2025-04-14T1100.json
[2025-04-13T07:05:51.172+0000] {weather_forecast_ingestion_dag.py:56} INFO - 💾 Saving forecast for 2025-04-14T12:00:00+00:00
[2025-04-13T07:05:51.600+0000] {logging_mixin.py:190} INFO - 🌤️ Saved forecast: gs://gooutside-raw/weather_forecast/bamberg/2025-04-14T1200.json
[2025-04-13T07:05:51.602+0000] {weather_forecast_ingestion_dag.py:56} INFO - 💾 Saving forecast for 2025-04-14T13:00:00+00:00
[2025-04-13T07:05:52.010+0000] {logging_mixin.py:190} INFO - 🌤️ Saved forecast: gs://gooutside-raw/weather_forecast/bamberg/2025-04-14T1300.json
[2025-04-13T07:05:52.010+0000] {weather_forecast_ingestion_dag.py:56} INFO - 💾 Saving forecast for 2025-04-14T14:00:00+00:00
[2025-04-13T07:05:52.390+0000] {logging_mixin.py:190} INFO - 🌤️ Saved forecast: gs://gooutside-raw/weather_forecast/bamberg/2025-04-14T1400.json
[2025-04-13T07:05:52.392+0000] {weather_forecast_ingestion_dag.py:56} INFO - 💾 Saving forecast for 2025-04-14T15:00:00+00:00
[2025-04-13T07:05:52.762+0000] {logging_mixin.py:190} INFO - 🌤️ Saved forecast: gs://gooutside-raw/weather_forecast/bamberg/2025-04-14T1500.json
[2025-04-13T07:05:52.763+0000] {weather_forecast_ingestion_dag.py:56} INFO - 💾 Saving forecast for 2025-04-14T16:00:00+00:00
[2025-04-13T07:05:53.162+0000] {logging_mixin.py:190} INFO - 🌤️ Saved forecast: gs://gooutside-raw/weather_forecast/bamberg/2025-04-14T1600.json
[2025-04-13T07:05:53.162+0000] {weather_forecast_ingestion_dag.py:56} INFO - 💾 Saving forecast for 2025-04-14T17:00:00+00:00
[2025-04-13T07:05:53.559+0000] {logging_mixin.py:190} INFO - 🌤️ Saved forecast: gs://gooutside-raw/weather_forecast/bamberg/2025-04-14T1700.json
[2025-04-13T07:05:53.559+0000] {weather_forecast_ingestion_dag.py:56} INFO - 💾 Saving forecast for 2025-04-14T18:00:00+00:00
[2025-04-13T07:05:53.927+0000] {logging_mixin.py:190} INFO - 🌤️ Saved forecast: gs://gooutside-raw/weather_forecast/bamberg/2025-04-14T1800.json
[2025-04-13T07:05:53.928+0000] {weather_forecast_ingestion_dag.py:56} INFO - 💾 Saving forecast for 2025-04-14T19:00:00+00:00
[2025-04-13T07:05:54.310+0000] {logging_mixin.py:190} INFO - 🌤️ Saved forecast: gs://gooutside-raw/weather_forecast/bamberg/2025-04-14T1900.json
[2025-04-13T07:05:54.310+0000] {weather_forecast_ingestion_dag.py:56} INFO - 💾 Saving forecast for 2025-04-14T20:00:00+00:00
[2025-04-13T07:05:54.678+0000] {logging_mixin.py:190} INFO - 🌤️ Saved forecast: gs://gooutside-raw/weather_forecast/bamberg/2025-04-14T2000.json
[2025-04-13T07:05:54.679+0000] {weather_forecast_ingestion_dag.py:56} INFO - 💾 Saving forecast for 2025-04-15T06:00:00+00:00
[2025-04-13T07:05:55.043+0000] {logging_mixin.py:190} INFO - 🌤️ Saved forecast: gs://gooutside-raw/weather_forecast/bamberg/2025-04-15T0600.json
[2025-04-13T07:05:55.044+0000] {weather_forecast_ingestion_dag.py:56} INFO - 💾 Saving forecast for 2025-04-15T07:00:00+00:00
[2025-04-13T07:05:55.423+0000] {logging_mixin.py:190} INFO - 🌤️ Saved forecast: gs://gooutside-raw/weather_forecast/bamberg/2025-04-15T0700.json
[2025-04-13T07:05:55.424+0000] {weather_forecast_ingestion_dag.py:56} INFO - 💾 Saving forecast for 2025-04-15T08:00:00+00:00
[2025-04-13T07:05:55.825+0000] {logging_mixin.py:190} INFO - 🌤️ Saved forecast: gs://gooutside-raw/weather_forecast/bamberg/2025-04-15T0800.json
[2025-04-13T07:05:55.827+0000] {weather_forecast_ingestion_dag.py:56} INFO - 💾 Saving forecast for 2025-04-15T09:00:00+00:00
[2025-04-13T07:05:56.206+0000] {logging_mixin.py:190} INFO - 🌤️ Saved forecast: gs://gooutside-raw/weather_forecast/bamberg/2025-04-15T0900.json
[2025-04-13T07:05:56.207+0000] {weather_forecast_ingestion_dag.py:56} INFO - 💾 Saving forecast for 2025-04-15T10:00:00+00:00
[2025-04-13T07:05:56.606+0000] {logging_mixin.py:190} INFO - 🌤️ Saved forecast: gs://gooutside-raw/weather_forecast/bamberg/2025-04-15T1000.json
[2025-04-13T07:05:56.607+0000] {weather_forecast_ingestion_dag.py:56} INFO - 💾 Saving forecast for 2025-04-15T11:00:00+00:00
[2025-04-13T07:05:56.947+0000] {logging_mixin.py:190} INFO - 🌤️ Saved forecast: gs://gooutside-raw/weather_forecast/bamberg/2025-04-15T1100.json
[2025-04-13T07:05:56.948+0000] {weather_forecast_ingestion_dag.py:56} INFO - 💾 Saving forecast for 2025-04-15T12:00:00+00:00
[2025-04-13T07:05:57.326+0000] {logging_mixin.py:190} INFO - 🌤️ Saved forecast: gs://gooutside-raw/weather_forecast/bamberg/2025-04-15T1200.json
[2025-04-13T07:05:57.327+0000] {weather_forecast_ingestion_dag.py:56} INFO - 💾 Saving forecast for 2025-04-15T13:00:00+00:00
[2025-04-13T07:05:57.738+0000] {logging_mixin.py:190} INFO - 🌤️ Saved forecast: gs://gooutside-raw/weather_forecast/bamberg/2025-04-15T1300.json
[2025-04-13T07:05:57.739+0000] {weather_forecast_ingestion_dag.py:56} INFO - 💾 Saving forecast for 2025-04-15T14:00:00+00:00
[2025-04-13T07:05:58.132+0000] {logging_mixin.py:190} INFO - 🌤️ Saved forecast: gs://gooutside-raw/weather_forecast/bamberg/2025-04-15T1400.json
[2025-04-13T07:05:58.132+0000] {weather_forecast_ingestion_dag.py:56} INFO - 💾 Saving forecast for 2025-04-15T15:00:00+00:00
[2025-04-13T07:05:58.484+0000] {logging_mixin.py:190} INFO - 🌤️ Saved forecast: gs://gooutside-raw/weather_forecast/bamberg/2025-04-15T1500.json
[2025-04-13T07:05:58.484+0000] {weather_forecast_ingestion_dag.py:56} INFO - 💾 Saving forecast for 2025-04-15T16:00:00+00:00
[2025-04-13T07:05:58.839+0000] {logging_mixin.py:190} INFO - 🌤️ Saved forecast: gs://gooutside-raw/weather_forecast/bamberg/2025-04-15T1600.json
[2025-04-13T07:05:58.839+0000] {weather_forecast_ingestion_dag.py:56} INFO - 💾 Saving forecast for 2025-04-15T17:00:00+00:00
[2025-04-13T07:05:59.224+0000] {logging_mixin.py:190} INFO - 🌤️ Saved forecast: gs://gooutside-raw/weather_forecast/bamberg/2025-04-15T1700.json
[2025-04-13T07:05:59.224+0000] {weather_forecast_ingestion_dag.py:56} INFO - 💾 Saving forecast for 2025-04-15T18:00:00+00:00
[2025-04-13T07:05:59.581+0000] {logging_mixin.py:190} INFO - 🌤️ Saved forecast: gs://gooutside-raw/weather_forecast/bamberg/2025-04-15T1800.json
[2025-04-13T07:05:59.583+0000] {weather_forecast_ingestion_dag.py:56} INFO - 💾 Saving forecast for 2025-04-15T19:00:00+00:00
[2025-04-13T07:05:59.977+0000] {logging_mixin.py:190} INFO - 🌤️ Saved forecast: gs://gooutside-raw/weather_forecast/bamberg/2025-04-15T1900.json
[2025-04-13T07:05:59.977+0000] {weather_forecast_ingestion_dag.py:56} INFO - 💾 Saving forecast for 2025-04-15T20:00:00+00:00
[2025-04-13T07:06:00.361+0000] {logging_mixin.py:190} INFO - 🌤️ Saved forecast: gs://gooutside-raw/weather_forecast/bamberg/2025-04-15T2000.json
[2025-04-13T07:06:00.363+0000] {weather_forecast_ingestion_dag.py:56} INFO - 💾 Saving forecast for 2025-04-16T06:00:00+00:00
[2025-04-13T07:06:00.743+0000] {logging_mixin.py:190} INFO - 🌤️ Saved forecast: gs://gooutside-raw/weather_forecast/bamberg/2025-04-16T0600.json
[2025-04-13T07:06:00.743+0000] {weather_forecast_ingestion_dag.py:56} INFO - 💾 Saving forecast for 2025-04-16T07:00:00+00:00
[2025-04-13T07:06:01.102+0000] {logging_mixin.py:190} INFO - 🌤️ Saved forecast: gs://gooutside-raw/weather_forecast/bamberg/2025-04-16T0700.json
[2025-04-13T07:06:01.103+0000] {weather_forecast_ingestion_dag.py:56} INFO - 💾 Saving forecast for 2025-04-16T08:00:00+00:00
[2025-04-13T07:06:01.483+0000] {logging_mixin.py:190} INFO - 🌤️ Saved forecast: gs://gooutside-raw/weather_forecast/bamberg/2025-04-16T0800.json
[2025-04-13T07:06:01.484+0000] {weather_forecast_ingestion_dag.py:56} INFO - 💾 Saving forecast for 2025-04-16T09:00:00+00:00
[2025-04-13T07:06:01.879+0000] {logging_mixin.py:190} INFO - 🌤️ Saved forecast: gs://gooutside-raw/weather_forecast/bamberg/2025-04-16T0900.json
[2025-04-13T07:06:01.880+0000] {weather_forecast_ingestion_dag.py:56} INFO - 💾 Saving forecast for 2025-04-16T10:00:00+00:00
[2025-04-13T07:06:02.272+0000] {logging_mixin.py:190} INFO - 🌤️ Saved forecast: gs://gooutside-raw/weather_forecast/bamberg/2025-04-16T1000.json
[2025-04-13T07:06:02.272+0000] {weather_forecast_ingestion_dag.py:56} INFO - 💾 Saving forecast for 2025-04-16T11:00:00+00:00
[2025-04-13T07:06:02.651+0000] {logging_mixin.py:190} INFO - 🌤️ Saved forecast: gs://gooutside-raw/weather_forecast/bamberg/2025-04-16T1100.json
[2025-04-13T07:06:02.654+0000] {weather_forecast_ingestion_dag.py:56} INFO - 💾 Saving forecast for 2025-04-16T12:00:00+00:00
[2025-04-13T07:06:03.053+0000] {logging_mixin.py:190} INFO - 🌤️ Saved forecast: gs://gooutside-raw/weather_forecast/bamberg/2025-04-16T1200.json
[2025-04-13T07:06:03.053+0000] {weather_forecast_ingestion_dag.py:56} INFO - 💾 Saving forecast for 2025-04-16T13:00:00+00:00
[2025-04-13T07:06:03.399+0000] {logging_mixin.py:190} INFO - 🌤️ Saved forecast: gs://gooutside-raw/weather_forecast/bamberg/2025-04-16T1300.json
[2025-04-13T07:06:03.401+0000] {weather_forecast_ingestion_dag.py:56} INFO - 💾 Saving forecast for 2025-04-16T14:00:00+00:00
[2025-04-13T07:06:03.792+0000] {logging_mixin.py:190} INFO - 🌤️ Saved forecast: gs://gooutside-raw/weather_forecast/bamberg/2025-04-16T1400.json
[2025-04-13T07:06:03.793+0000] {weather_forecast_ingestion_dag.py:56} INFO - 💾 Saving forecast for 2025-04-16T15:00:00+00:00
[2025-04-13T07:06:05.394+0000] {taskinstance.py:3313} ERROR - Task failed with exception
Traceback (most recent call last):
  File "/home/airflow/.local/lib/python3.12/site-packages/urllib3/connectionpool.py", line 464, in _make_request
    self._validate_conn(conn)
  File "/home/airflow/.local/lib/python3.12/site-packages/urllib3/connectionpool.py", line 1093, in _validate_conn
    conn.connect()
  File "/home/airflow/.local/lib/python3.12/site-packages/urllib3/connection.py", line 741, in connect
    sock_and_verified = _ssl_wrap_socket_and_match_hostname(
                        ^^^^^^^^^^^^^^^^^^^^^^^^^^^^^^^^^^^^
  File "/home/airflow/.local/lib/python3.12/site-packages/urllib3/connection.py", line 920, in _ssl_wrap_socket_and_match_hostname
    ssl_sock = ssl_wrap_socket(
               ^^^^^^^^^^^^^^^^
  File "/home/airflow/.local/lib/python3.12/site-packages/urllib3/util/ssl_.py", line 460, in ssl_wrap_socket
    ssl_sock = _ssl_wrap_socket_impl(sock, context, tls_in_tls, server_hostname)
               ^^^^^^^^^^^^^^^^^^^^^^^^^^^^^^^^^^^^^^^^^^^^^^^^^^^^^^^^^^^^^^^^^
  File "/home/airflow/.local/lib/python3.12/site-packages/urllib3/util/ssl_.py", line 504, in _ssl_wrap_socket_impl
    return ssl_context.wrap_socket(sock, server_hostname=server_hostname)
           ^^^^^^^^^^^^^^^^^^^^^^^^^^^^^^^^^^^^^^^^^^^^^^^^^^^^^^^^^^^^^^
  File "/usr/local/lib/python3.12/ssl.py", line 455, in wrap_socket
    return self.sslsocket_class._create(
           ^^^^^^^^^^^^^^^^^^^^^^^^^^^^^
  File "/usr/local/lib/python3.12/ssl.py", line 1041, in _create
    self.do_handshake()
  File "/usr/local/lib/python3.12/ssl.py", line 1319, in do_handshake
    self._sslobj.do_handshake()
ssl.SSLEOFError: [SSL: UNEXPECTED_EOF_WHILE_READING] EOF occurred in violation of protocol (_ssl.c:1010)

During handling of the above exception, another exception occurred:

Traceback (most recent call last):
  File "/home/airflow/.local/lib/python3.12/site-packages/urllib3/connectionpool.py", line 787, in urlopen
    response = self._make_request(
               ^^^^^^^^^^^^^^^^^^^
  File "/home/airflow/.local/lib/python3.12/site-packages/urllib3/connectionpool.py", line 488, in _make_request
    raise new_e
urllib3.exceptions.SSLError: [SSL: UNEXPECTED_EOF_WHILE_READING] EOF occurred in violation of protocol (_ssl.c:1010)

The above exception was the direct cause of the following exception:

Traceback (most recent call last):
  File "/home/airflow/.local/lib/python3.12/site-packages/requests/adapters.py", line 667, in send
    resp = conn.urlopen(
           ^^^^^^^^^^^^^
  File "/home/airflow/.local/lib/python3.12/site-packages/urllib3/connectionpool.py", line 841, in urlopen
    retries = retries.increment(
              ^^^^^^^^^^^^^^^^^^
  File "/home/airflow/.local/lib/python3.12/site-packages/urllib3/util/retry.py", line 519, in increment
    raise MaxRetryError(_pool, url, reason) from reason  # type: ignore[arg-type]
    ^^^^^^^^^^^^^^^^^^^^^^^^^^^^^^^^^^^^^^^^^^^^^^^^^^^
urllib3.exceptions.MaxRetryError: HTTPSConnectionPool(host='storage.googleapis.com', port=443): Max retries exceeded with url: /upload/storage/v1/b/gooutside-raw/o?uploadType=multipart (Caused by SSLError(SSLEOFError(8, '[SSL: UNEXPECTED_EOF_WHILE_READING] EOF occurred in violation of protocol (_ssl.c:1010)')))

During handling of the above exception, another exception occurred:

Traceback (most recent call last):
  File "/home/airflow/.local/lib/python3.12/site-packages/airflow/models/taskinstance.py", line 768, in _execute_task
    result = _execute_callable(context=context, **execute_callable_kwargs)
             ^^^^^^^^^^^^^^^^^^^^^^^^^^^^^^^^^^^^^^^^^^^^^^^^^^^^^^^^^^^^^
  File "/home/airflow/.local/lib/python3.12/site-packages/airflow/models/taskinstance.py", line 734, in _execute_callable
    return ExecutionCallableRunner(
           ^^^^^^^^^^^^^^^^^^^^^^^^
  File "/home/airflow/.local/lib/python3.12/site-packages/airflow/utils/operator_helpers.py", line 252, in run
    return self.func(*args, **kwargs)
           ^^^^^^^^^^^^^^^^^^^^^^^^^^
  File "/home/airflow/.local/lib/python3.12/site-packages/airflow/models/baseoperator.py", line 424, in wrapper
    return func(self, *args, **kwargs)
           ^^^^^^^^^^^^^^^^^^^^^^^^^^^
  File "/home/airflow/.local/lib/python3.12/site-packages/airflow/decorators/base.py", line 266, in execute
    return_value = super().execute(context)
                   ^^^^^^^^^^^^^^^^^^^^^^^^
  File "/home/airflow/.local/lib/python3.12/site-packages/airflow/models/baseoperator.py", line 424, in wrapper
    return func(self, *args, **kwargs)
           ^^^^^^^^^^^^^^^^^^^^^^^^^^^
  File "/home/airflow/.local/lib/python3.12/site-packages/airflow/operators/python.py", line 238, in execute
    return_value = self.execute_callable()
                   ^^^^^^^^^^^^^^^^^^^^^^^
  File "/home/airflow/.local/lib/python3.12/site-packages/airflow/operators/python.py", line 256, in execute_callable
    return runner.run(*self.op_args, **self.op_kwargs)
           ^^^^^^^^^^^^^^^^^^^^^^^^^^^^^^^^^^^^^^^^^^^
  File "/home/airflow/.local/lib/python3.12/site-packages/airflow/utils/operator_helpers.py", line 252, in run
    return self.func(*args, **kwargs)
           ^^^^^^^^^^^^^^^^^^^^^^^^^^
  File "/opt/airflow/dags/weather_forecast_ingestion_dag.py", line 57, in ingest
    save_weather_forecast_to_gcs(entry)
  File "/opt/airflow/app/ingestion/weather_forecast.py", line 84, in save_weather_forecast_to_gcs
    blob.upload_from_string(
  File "/usr/local/lib/python3.12/contextlib.py", line 81, in inner
    return func(*args, **kwds)
           ^^^^^^^^^^^^^^^^^^^
  File "/home/airflow/.local/lib/python3.12/site-packages/google/cloud/storage/blob.py", line 3128, in upload_from_string
    self.upload_from_file(
  File "/usr/local/lib/python3.12/contextlib.py", line 81, in inner
    return func(*args, **kwds)
           ^^^^^^^^^^^^^^^^^^^
  File "/home/airflow/.local/lib/python3.12/site-packages/google/cloud/storage/blob.py", line 2851, in upload_from_file
    self._prep_and_do_upload(
  File "/home/airflow/.local/lib/python3.12/site-packages/google/cloud/storage/blob.py", line 2700, in _prep_and_do_upload
    created_json = self._do_upload(
                   ^^^^^^^^^^^^^^^^
  File "/home/airflow/.local/lib/python3.12/site-packages/google/cloud/storage/blob.py", line 2506, in _do_upload
    response = self._do_multipart_upload(
               ^^^^^^^^^^^^^^^^^^^^^^^^^^
  File "/home/airflow/.local/lib/python3.12/site-packages/google/cloud/storage/blob.py", line 2007, in _do_multipart_upload
    response = upload.transmit(
               ^^^^^^^^^^^^^^^^
  File "/home/airflow/.local/lib/python3.12/site-packages/google/resumable_media/requests/upload.py", line 153, in transmit
    return _request_helpers.wait_and_retry(
           ^^^^^^^^^^^^^^^^^^^^^^^^^^^^^^^^
  File "/home/airflow/.local/lib/python3.12/site-packages/google/resumable_media/requests/_request_helpers.py", line 178, in wait_and_retry
    raise error
  File "/home/airflow/.local/lib/python3.12/site-packages/google/resumable_media/requests/_request_helpers.py", line 155, in wait_and_retry
    response = func()
               ^^^^^^
  File "/home/airflow/.local/lib/python3.12/site-packages/google/resumable_media/requests/upload.py", line 145, in retriable_request
    result = transport.request(
             ^^^^^^^^^^^^^^^^^^
  File "/home/airflow/.local/lib/python3.12/site-packages/google/auth/transport/requests.py", line 537, in request
    response = super(AuthorizedSession, self).request(
               ^^^^^^^^^^^^^^^^^^^^^^^^^^^^^^^^^^^^^^^
  File "/home/airflow/.local/lib/python3.12/site-packages/requests/sessions.py", line 589, in request
    resp = self.send(prep, **send_kwargs)
           ^^^^^^^^^^^^^^^^^^^^^^^^^^^^^^
  File "/home/airflow/.local/lib/python3.12/site-packages/requests/sessions.py", line 703, in send
    r = adapter.send(request, **kwargs)
        ^^^^^^^^^^^^^^^^^^^^^^^^^^^^^^^
  File "/home/airflow/.local/lib/python3.12/site-packages/requests/adapters.py", line 698, in send
    raise SSLError(e, request=request)
requests.exceptions.SSLError: HTTPSConnectionPool(host='storage.googleapis.com', port=443): Max retries exceeded with url: /upload/storage/v1/b/gooutside-raw/o?uploadType=multipart (Caused by SSLError(SSLEOFError(8, '[SSL: UNEXPECTED_EOF_WHILE_READING] EOF occurred in violation of protocol (_ssl.c:1010)')))
[2025-04-13T07:06:05.419+0000] {taskinstance.py:1226} INFO - Marking task as UP_FOR_RETRY. dag_id=weather_forecast_ingestion_dag, task_id=ingest, run_id=scheduled__2025-04-13T06:00:00+00:00, execution_date=20250413T060000, start_date=20250413T070543, end_date=20250413T070605
[2025-04-13T07:06:05.453+0000] {taskinstance.py:341} INFO - ::group::Post task execution logs
[2025-04-13T07:06:05.455+0000] {standard_task_runner.py:124} ERROR - Failed to execute job 882 for task ingest (HTTPSConnectionPool(host='storage.googleapis.com', port=443): Max retries exceeded with url: /upload/storage/v1/b/gooutside-raw/o?uploadType=multipart (Caused by SSLError(SSLEOFError(8, '[SSL: UNEXPECTED_EOF_WHILE_READING] EOF occurred in violation of protocol (_ssl.c:1010)'))); 400)
Traceback (most recent call last):
  File "/home/airflow/.local/lib/python3.12/site-packages/urllib3/connectionpool.py", line 464, in _make_request
    self._validate_conn(conn)
  File "/home/airflow/.local/lib/python3.12/site-packages/urllib3/connectionpool.py", line 1093, in _validate_conn
    conn.connect()
  File "/home/airflow/.local/lib/python3.12/site-packages/urllib3/connection.py", line 741, in connect
    sock_and_verified = _ssl_wrap_socket_and_match_hostname(
                        ^^^^^^^^^^^^^^^^^^^^^^^^^^^^^^^^^^^^
  File "/home/airflow/.local/lib/python3.12/site-packages/urllib3/connection.py", line 920, in _ssl_wrap_socket_and_match_hostname
    ssl_sock = ssl_wrap_socket(
               ^^^^^^^^^^^^^^^^
  File "/home/airflow/.local/lib/python3.12/site-packages/urllib3/util/ssl_.py", line 460, in ssl_wrap_socket
    ssl_sock = _ssl_wrap_socket_impl(sock, context, tls_in_tls, server_hostname)
               ^^^^^^^^^^^^^^^^^^^^^^^^^^^^^^^^^^^^^^^^^^^^^^^^^^^^^^^^^^^^^^^^^
  File "/home/airflow/.local/lib/python3.12/site-packages/urllib3/util/ssl_.py", line 504, in _ssl_wrap_socket_impl
    return ssl_context.wrap_socket(sock, server_hostname=server_hostname)
           ^^^^^^^^^^^^^^^^^^^^^^^^^^^^^^^^^^^^^^^^^^^^^^^^^^^^^^^^^^^^^^
  File "/usr/local/lib/python3.12/ssl.py", line 455, in wrap_socket
    return self.sslsocket_class._create(
           ^^^^^^^^^^^^^^^^^^^^^^^^^^^^^
  File "/usr/local/lib/python3.12/ssl.py", line 1041, in _create
    self.do_handshake()
  File "/usr/local/lib/python3.12/ssl.py", line 1319, in do_handshake
    self._sslobj.do_handshake()
ssl.SSLEOFError: [SSL: UNEXPECTED_EOF_WHILE_READING] EOF occurred in violation of protocol (_ssl.c:1010)

During handling of the above exception, another exception occurred:

Traceback (most recent call last):
  File "/home/airflow/.local/lib/python3.12/site-packages/urllib3/connectionpool.py", line 787, in urlopen
    response = self._make_request(
               ^^^^^^^^^^^^^^^^^^^
  File "/home/airflow/.local/lib/python3.12/site-packages/urllib3/connectionpool.py", line 488, in _make_request
    raise new_e
urllib3.exceptions.SSLError: [SSL: UNEXPECTED_EOF_WHILE_READING] EOF occurred in violation of protocol (_ssl.c:1010)

The above exception was the direct cause of the following exception:

Traceback (most recent call last):
  File "/home/airflow/.local/lib/python3.12/site-packages/requests/adapters.py", line 667, in send
    resp = conn.urlopen(
           ^^^^^^^^^^^^^
  File "/home/airflow/.local/lib/python3.12/site-packages/urllib3/connectionpool.py", line 841, in urlopen
    retries = retries.increment(
              ^^^^^^^^^^^^^^^^^^
  File "/home/airflow/.local/lib/python3.12/site-packages/urllib3/util/retry.py", line 519, in increment
    raise MaxRetryError(_pool, url, reason) from reason  # type: ignore[arg-type]
    ^^^^^^^^^^^^^^^^^^^^^^^^^^^^^^^^^^^^^^^^^^^^^^^^^^^
urllib3.exceptions.MaxRetryError: HTTPSConnectionPool(host='storage.googleapis.com', port=443): Max retries exceeded with url: /upload/storage/v1/b/gooutside-raw/o?uploadType=multipart (Caused by SSLError(SSLEOFError(8, '[SSL: UNEXPECTED_EOF_WHILE_READING] EOF occurred in violation of protocol (_ssl.c:1010)')))

During handling of the above exception, another exception occurred:

Traceback (most recent call last):
  File "/home/airflow/.local/lib/python3.12/site-packages/airflow/task/task_runner/standard_task_runner.py", line 117, in _start_by_fork
    ret = args.func(args, dag=self.dag)
          ^^^^^^^^^^^^^^^^^^^^^^^^^^^^^
  File "/home/airflow/.local/lib/python3.12/site-packages/airflow/cli/cli_config.py", line 49, in command
    return func(*args, **kwargs)
           ^^^^^^^^^^^^^^^^^^^^^
  File "/home/airflow/.local/lib/python3.12/site-packages/airflow/utils/cli.py", line 116, in wrapper
    return f(*args, **kwargs)
           ^^^^^^^^^^^^^^^^^^
  File "/home/airflow/.local/lib/python3.12/site-packages/airflow/cli/commands/task_command.py", line 483, in task_run
    task_return_code = _run_task_by_selected_method(args, _dag, ti)
                       ^^^^^^^^^^^^^^^^^^^^^^^^^^^^^^^^^^^^^^^^^^^^
  File "/home/airflow/.local/lib/python3.12/site-packages/airflow/cli/commands/task_command.py", line 256, in _run_task_by_selected_method
    return _run_raw_task(args, ti)
           ^^^^^^^^^^^^^^^^^^^^^^^
  File "/home/airflow/.local/lib/python3.12/site-packages/airflow/cli/commands/task_command.py", line 341, in _run_raw_task
    return ti._run_raw_task(
           ^^^^^^^^^^^^^^^^^
  File "/home/airflow/.local/lib/python3.12/site-packages/airflow/utils/session.py", line 97, in wrapper
    return func(*args, session=session, **kwargs)
           ^^^^^^^^^^^^^^^^^^^^^^^^^^^^^^^^^^^^^^
  File "/home/airflow/.local/lib/python3.12/site-packages/airflow/models/taskinstance.py", line 3006, in _run_raw_task
    return _run_raw_task(
           ^^^^^^^^^^^^^^
  File "/home/airflow/.local/lib/python3.12/site-packages/airflow/models/taskinstance.py", line 274, in _run_raw_task
    TaskInstance._execute_task_with_callbacks(
  File "/home/airflow/.local/lib/python3.12/site-packages/airflow/models/taskinstance.py", line 3161, in _execute_task_with_callbacks
    result = self._execute_task(context, task_orig)
             ^^^^^^^^^^^^^^^^^^^^^^^^^^^^^^^^^^^^^^
  File "/home/airflow/.local/lib/python3.12/site-packages/airflow/models/taskinstance.py", line 3185, in _execute_task
    return _execute_task(self, context, task_orig)
           ^^^^^^^^^^^^^^^^^^^^^^^^^^^^^^^^^^^^^^^
  File "/home/airflow/.local/lib/python3.12/site-packages/airflow/models/taskinstance.py", line 768, in _execute_task
    result = _execute_callable(context=context, **execute_callable_kwargs)
             ^^^^^^^^^^^^^^^^^^^^^^^^^^^^^^^^^^^^^^^^^^^^^^^^^^^^^^^^^^^^^
  File "/home/airflow/.local/lib/python3.12/site-packages/airflow/models/taskinstance.py", line 734, in _execute_callable
    return ExecutionCallableRunner(
           ^^^^^^^^^^^^^^^^^^^^^^^^
  File "/home/airflow/.local/lib/python3.12/site-packages/airflow/utils/operator_helpers.py", line 252, in run
    return self.func(*args, **kwargs)
           ^^^^^^^^^^^^^^^^^^^^^^^^^^
  File "/home/airflow/.local/lib/python3.12/site-packages/airflow/models/baseoperator.py", line 424, in wrapper
    return func(self, *args, **kwargs)
           ^^^^^^^^^^^^^^^^^^^^^^^^^^^
  File "/home/airflow/.local/lib/python3.12/site-packages/airflow/decorators/base.py", line 266, in execute
    return_value = super().execute(context)
                   ^^^^^^^^^^^^^^^^^^^^^^^^
  File "/home/airflow/.local/lib/python3.12/site-packages/airflow/models/baseoperator.py", line 424, in wrapper
    return func(self, *args, **kwargs)
           ^^^^^^^^^^^^^^^^^^^^^^^^^^^
  File "/home/airflow/.local/lib/python3.12/site-packages/airflow/operators/python.py", line 238, in execute
    return_value = self.execute_callable()
                   ^^^^^^^^^^^^^^^^^^^^^^^
  File "/home/airflow/.local/lib/python3.12/site-packages/airflow/operators/python.py", line 256, in execute_callable
    return runner.run(*self.op_args, **self.op_kwargs)
           ^^^^^^^^^^^^^^^^^^^^^^^^^^^^^^^^^^^^^^^^^^^
  File "/home/airflow/.local/lib/python3.12/site-packages/airflow/utils/operator_helpers.py", line 252, in run
    return self.func(*args, **kwargs)
           ^^^^^^^^^^^^^^^^^^^^^^^^^^
  File "/opt/airflow/dags/weather_forecast_ingestion_dag.py", line 57, in ingest
    save_weather_forecast_to_gcs(entry)
  File "/opt/airflow/app/ingestion/weather_forecast.py", line 84, in save_weather_forecast_to_gcs
    blob.upload_from_string(
  File "/usr/local/lib/python3.12/contextlib.py", line 81, in inner
    return func(*args, **kwds)
           ^^^^^^^^^^^^^^^^^^^
  File "/home/airflow/.local/lib/python3.12/site-packages/google/cloud/storage/blob.py", line 3128, in upload_from_string
    self.upload_from_file(
  File "/usr/local/lib/python3.12/contextlib.py", line 81, in inner
    return func(*args, **kwds)
           ^^^^^^^^^^^^^^^^^^^
  File "/home/airflow/.local/lib/python3.12/site-packages/google/cloud/storage/blob.py", line 2851, in upload_from_file
    self._prep_and_do_upload(
  File "/home/airflow/.local/lib/python3.12/site-packages/google/cloud/storage/blob.py", line 2700, in _prep_and_do_upload
    created_json = self._do_upload(
                   ^^^^^^^^^^^^^^^^
  File "/home/airflow/.local/lib/python3.12/site-packages/google/cloud/storage/blob.py", line 2506, in _do_upload
    response = self._do_multipart_upload(
               ^^^^^^^^^^^^^^^^^^^^^^^^^^
  File "/home/airflow/.local/lib/python3.12/site-packages/google/cloud/storage/blob.py", line 2007, in _do_multipart_upload
    response = upload.transmit(
               ^^^^^^^^^^^^^^^^
  File "/home/airflow/.local/lib/python3.12/site-packages/google/resumable_media/requests/upload.py", line 153, in transmit
    return _request_helpers.wait_and_retry(
           ^^^^^^^^^^^^^^^^^^^^^^^^^^^^^^^^
  File "/home/airflow/.local/lib/python3.12/site-packages/google/resumable_media/requests/_request_helpers.py", line 178, in wait_and_retry
    raise error
  File "/home/airflow/.local/lib/python3.12/site-packages/google/resumable_media/requests/_request_helpers.py", line 155, in wait_and_retry
    response = func()
               ^^^^^^
  File "/home/airflow/.local/lib/python3.12/site-packages/google/resumable_media/requests/upload.py", line 145, in retriable_request
    result = transport.request(
             ^^^^^^^^^^^^^^^^^^
  File "/home/airflow/.local/lib/python3.12/site-packages/google/auth/transport/requests.py", line 537, in request
    response = super(AuthorizedSession, self).request(
               ^^^^^^^^^^^^^^^^^^^^^^^^^^^^^^^^^^^^^^^
  File "/home/airflow/.local/lib/python3.12/site-packages/requests/sessions.py", line 589, in request
    resp = self.send(prep, **send_kwargs)
           ^^^^^^^^^^^^^^^^^^^^^^^^^^^^^^
  File "/home/airflow/.local/lib/python3.12/site-packages/requests/sessions.py", line 703, in send
    r = adapter.send(request, **kwargs)
        ^^^^^^^^^^^^^^^^^^^^^^^^^^^^^^^
  File "/home/airflow/.local/lib/python3.12/site-packages/requests/adapters.py", line 698, in send
    raise SSLError(e, request=request)
requests.exceptions.SSLError: HTTPSConnectionPool(host='storage.googleapis.com', port=443): Max retries exceeded with url: /upload/storage/v1/b/gooutside-raw/o?uploadType=multipart (Caused by SSLError(SSLEOFError(8, '[SSL: UNEXPECTED_EOF_WHILE_READING] EOF occurred in violation of protocol (_ssl.c:1010)')))
[2025-04-13T07:06:05.489+0000] {local_task_job_runner.py:266} INFO - Task exited with return code 1
[2025-04-13T07:06:05.504+0000] {taskinstance.py:3901} INFO - 0 downstream tasks scheduled from follow-on schedule check
[2025-04-13T07:06:05.505+0000] {local_task_job_runner.py:245} INFO - ::endgroup::
