[2025-04-10T14:37:46.314+0000] {local_task_job_runner.py:123} INFO - ::group::Pre task execution logs
[2025-04-10T14:37:46.350+0000] {taskinstance.py:2614} INFO - Dependencies all met for dep_context=non-requeueable deps ti=<TaskInstance: air_ingestion_backfill_dag.ingest scheduled__2025-04-09T23:00:00+00:00 [queued]>
[2025-04-10T14:37:46.360+0000] {taskinstance.py:2614} INFO - Dependencies all met for dep_context=requeueable deps ti=<TaskInstance: air_ingestion_backfill_dag.ingest scheduled__2025-04-09T23:00:00+00:00 [queued]>
[2025-04-10T14:37:46.360+0000] {taskinstance.py:2867} INFO - Starting attempt 1 of 2
[2025-04-10T14:37:46.370+0000] {taskinstance.py:2890} INFO - Executing <Task(_PythonDecoratedOperator): ingest> on 2025-04-09 23:00:00+00:00
[2025-04-10T14:37:46.374+0000] {warnings.py:112} WARNING - /home/***/.local/lib/python3.12/site-packages/***/task/task_runner/standard_task_runner.py:70: DeprecationWarning: This process (pid=359) is multi-threaded, use of fork() may lead to deadlocks in the child.
  pid = os.fork()

[2025-04-10T14:37:46.375+0000] {standard_task_runner.py:72} INFO - Started process 366 to run task
[2025-04-10T14:37:46.376+0000] {standard_task_runner.py:104} INFO - Running: ['***', 'tasks', 'run', 'air_ingestion_backfill_dag', 'ingest', 'scheduled__2025-04-09T23:00:00+00:00', '--job-id', '595', '--raw', '--subdir', 'DAGS_FOLDER/air_backfill_dag.py', '--cfg-path', '/tmp/tmp2wxfsi6_']
[2025-04-10T14:37:46.378+0000] {standard_task_runner.py:105} INFO - Job 595: Subtask ingest
[2025-04-10T14:37:46.439+0000] {task_command.py:467} INFO - Running <TaskInstance: air_ingestion_backfill_dag.ingest scheduled__2025-04-09T23:00:00+00:00 [running]> on host 98acdd3c69ae
[2025-04-10T14:37:46.516+0000] {taskinstance.py:3134} INFO - Exporting env vars: AIRFLOW_CTX_DAG_OWNER='beni' AIRFLOW_CTX_DAG_ID='air_ingestion_backfill_dag' AIRFLOW_CTX_TASK_ID='ingest' AIRFLOW_CTX_EXECUTION_DATE='2025-04-09T23:00:00+00:00' AIRFLOW_CTX_TRY_NUMBER='1' AIRFLOW_CTX_DAG_RUN_ID='scheduled__2025-04-09T23:00:00+00:00'
[2025-04-10T14:37:46.518+0000] {taskinstance.py:732} INFO - ::endgroup::
[2025-04-10T14:37:46.520+0000] {air_backfill_dag.py:34} INFO - ⏱ Execution time: 2025-04-09T23:00:00+00:00
[2025-04-10T14:37:46.521+0000] {air_backfill_dag.py:35} INFO - 📅 Fetching UBA data for MEZ day: 2025-04-10
[2025-04-10T14:37:46.662+0000] {air_backfill_dag.py:52} INFO - 📦 Parsed 6 entries, found 0 for current hour
[2025-04-10T14:37:46.662+0000] {python.py:240} INFO - Done. Returned value was: None
[2025-04-10T14:37:46.671+0000] {taskinstance.py:341} INFO - ::group::Post task execution logs
[2025-04-10T14:37:46.671+0000] {taskinstance.py:353} INFO - Marking task as SUCCESS. dag_id=air_ingestion_backfill_dag, task_id=ingest, run_id=scheduled__2025-04-09T23:00:00+00:00, execution_date=20250409T230000, start_date=20250410T143746, end_date=20250410T143746
[2025-04-10T14:37:46.721+0000] {local_task_job_runner.py:266} INFO - Task exited with return code 0
[2025-04-10T14:37:46.732+0000] {taskinstance.py:3901} INFO - 0 downstream tasks scheduled from follow-on schedule check
[2025-04-10T14:37:46.733+0000] {local_task_job_runner.py:245} INFO - ::endgroup::
