[2025-04-08T10:00:00.976+0000] {local_task_job_runner.py:123} INFO - ::group::Pre task execution logs
[2025-04-08T10:00:00.996+0000] {taskinstance.py:2614} INFO - Dependencies all met for dep_context=non-requeueable deps ti=<TaskInstance: air_ingestion_dag.ingest scheduled__2025-04-08T09:00:00+00:00 [queued]>
[2025-04-08T10:00:01.002+0000] {taskinstance.py:2614} INFO - Dependencies all met for dep_context=requeueable deps ti=<TaskInstance: air_ingestion_dag.ingest scheduled__2025-04-08T09:00:00+00:00 [queued]>
[2025-04-08T10:00:01.002+0000] {taskinstance.py:2867} INFO - Starting attempt 1 of 2
[2025-04-08T10:00:01.011+0000] {taskinstance.py:2890} INFO - Executing <Task(_PythonDecoratedOperator): ingest> on 2025-04-08 09:00:00+00:00
[2025-04-08T10:00:01.023+0000] {warnings.py:112} WARNING - /home/***/.local/lib/python3.12/site-packages/***/task/task_runner/standard_task_runner.py:70: DeprecationWarning: This process (pid=190) is multi-threaded, use of fork() may lead to deadlocks in the child.
  pid = os.fork()

[2025-04-08T10:00:01.027+0000] {standard_task_runner.py:72} INFO - Started process 194 to run task
[2025-04-08T10:00:01.024+0000] {standard_task_runner.py:104} INFO - Running: ['***', 'tasks', 'run', 'air_ingestion_dag', 'ingest', 'scheduled__2025-04-08T09:00:00+00:00', '--job-id', '271', '--raw', '--subdir', 'DAGS_FOLDER/air_ingestion_dag.py', '--cfg-path', '/tmp/tmp6klw9wnn']
[2025-04-08T10:00:01.028+0000] {standard_task_runner.py:105} INFO - Job 271: Subtask ingest
[2025-04-08T10:00:01.088+0000] {task_command.py:467} INFO - Running <TaskInstance: air_ingestion_dag.ingest scheduled__2025-04-08T09:00:00+00:00 [running]> on host 242fb041fbeb
[2025-04-08T10:00:01.148+0000] {taskinstance.py:3134} INFO - Exporting env vars: AIRFLOW_CTX_DAG_OWNER='beni' AIRFLOW_CTX_DAG_ID='air_ingestion_dag' AIRFLOW_CTX_TASK_ID='ingest' AIRFLOW_CTX_EXECUTION_DATE='2025-04-08T09:00:00+00:00' AIRFLOW_CTX_TRY_NUMBER='1' AIRFLOW_CTX_DAG_RUN_ID='scheduled__2025-04-08T09:00:00+00:00'
[2025-04-08T10:00:01.149+0000] {taskinstance.py:732} INFO - ::endgroup::
[2025-04-08T10:00:01.763+0000] {logging_mixin.py:190} INFO - ✅ Saved: gs://gooutside-raw/air/bamberg/2025-04-08T0500.json
[2025-04-08T10:00:02.092+0000] {logging_mixin.py:190} INFO - ✅ Saved: gs://gooutside-raw/air/bamberg/2025-04-08T0600.json
[2025-04-08T10:00:02.473+0000] {logging_mixin.py:190} INFO - ✅ Saved: gs://gooutside-raw/air/bamberg/2025-04-08T0700.json
[2025-04-08T10:00:02.822+0000] {logging_mixin.py:190} INFO - ✅ Saved: gs://gooutside-raw/air/bamberg/2025-04-08T0800.json
[2025-04-08T10:00:02.823+0000] {python.py:240} INFO - Done. Returned value was: None
[2025-04-08T10:00:02.836+0000] {taskinstance.py:341} INFO - ::group::Post task execution logs
[2025-04-08T10:00:02.837+0000] {taskinstance.py:353} INFO - Marking task as SUCCESS. dag_id=air_ingestion_dag, task_id=ingest, run_id=scheduled__2025-04-08T09:00:00+00:00, execution_date=20250408T090000, start_date=20250408T100000, end_date=20250408T100002
[2025-04-08T10:00:02.905+0000] {local_task_job_runner.py:266} INFO - Task exited with return code 0
[2025-04-08T10:00:02.915+0000] {taskinstance.py:3901} INFO - 0 downstream tasks scheduled from follow-on schedule check
[2025-04-08T10:00:02.916+0000] {local_task_job_runner.py:245} INFO - ::endgroup::
[2025-04-08T17:20:53.177+0000] {local_task_job_runner.py:123} INFO - ::group::Pre task execution logs
[2025-04-08T17:20:53.237+0000] {taskinstance.py:2614} INFO - Dependencies all met for dep_context=non-requeueable deps ti=<TaskInstance: air_ingestion_dag.ingest scheduled__2025-04-08T09:00:00+00:00 [queued]>
[2025-04-08T17:20:53.251+0000] {taskinstance.py:2614} INFO - Dependencies all met for dep_context=requeueable deps ti=<TaskInstance: air_ingestion_dag.ingest scheduled__2025-04-08T09:00:00+00:00 [queued]>
[2025-04-08T17:20:53.251+0000] {taskinstance.py:2867} INFO - Starting attempt 1 of 2
[2025-04-08T17:20:53.264+0000] {taskinstance.py:2890} INFO - Executing <Task(_PythonDecoratedOperator): ingest> on 2025-04-08 09:00:00+00:00
[2025-04-08T17:20:53.276+0000] {warnings.py:112} WARNING - /home/***/.local/lib/python3.12/site-packages/***/task/task_runner/standard_task_runner.py:70: DeprecationWarning: This process (pid=131) is multi-threaded, use of fork() may lead to deadlocks in the child.
  pid = os.fork()

[2025-04-08T17:20:53.277+0000] {standard_task_runner.py:104} INFO - Running: ['***', 'tasks', 'run', 'air_ingestion_dag', 'ingest', 'scheduled__2025-04-08T09:00:00+00:00', '--job-id', '432', '--raw', '--subdir', 'DAGS_FOLDER/air_ingestion_dag.py', '--cfg-path', '/tmp/tmpbhg4q0ok']
[2025-04-08T17:20:53.280+0000] {standard_task_runner.py:105} INFO - Job 432: Subtask ingest
[2025-04-08T17:20:53.281+0000] {standard_task_runner.py:72} INFO - Started process 134 to run task
[2025-04-08T17:20:53.352+0000] {task_command.py:467} INFO - Running <TaskInstance: air_ingestion_dag.ingest scheduled__2025-04-08T09:00:00+00:00 [running]> on host bb9ffce3cfda
[2025-04-08T17:20:53.465+0000] {taskinstance.py:3134} INFO - Exporting env vars: AIRFLOW_CTX_DAG_OWNER='beni' AIRFLOW_CTX_DAG_ID='air_ingestion_dag' AIRFLOW_CTX_TASK_ID='ingest' AIRFLOW_CTX_EXECUTION_DATE='2025-04-08T09:00:00+00:00' AIRFLOW_CTX_TRY_NUMBER='1' AIRFLOW_CTX_DAG_RUN_ID='scheduled__2025-04-08T09:00:00+00:00'
[2025-04-08T17:20:53.467+0000] {taskinstance.py:732} INFO - ::endgroup::
[2025-04-08T17:20:53.469+0000] {logging_mixin.py:190} INFO - ⏰ Running for local time: 2025-04-08T11:00:00+02:00 (UTC: 2025-04-08T09:00:00+00:00)
[2025-04-08T17:20:54.020+0000] {logging_mixin.py:190} INFO - ✅ Saved: gs://gooutside-raw/air/bamberg/2025-04-08T0600.json
[2025-04-08T17:20:54.361+0000] {logging_mixin.py:190} INFO - ✅ Saved: gs://gooutside-raw/air/bamberg/2025-04-08T0700.json
[2025-04-08T17:20:54.725+0000] {logging_mixin.py:190} INFO - ✅ Saved: gs://gooutside-raw/air/bamberg/2025-04-08T0800.json
[2025-04-08T17:20:55.070+0000] {logging_mixin.py:190} INFO - ✅ Saved: gs://gooutside-raw/air/bamberg/2025-04-08T0900.json
[2025-04-08T17:20:55.419+0000] {logging_mixin.py:190} INFO - ✅ Saved: gs://gooutside-raw/air/bamberg/2025-04-08T1000.json
[2025-04-08T17:20:55.803+0000] {logging_mixin.py:190} INFO - ✅ Saved: gs://gooutside-raw/air/bamberg/2025-04-08T1100.json
[2025-04-08T17:20:56.155+0000] {logging_mixin.py:190} INFO - ✅ Saved: gs://gooutside-raw/air/bamberg/2025-04-08T1200.json
[2025-04-08T17:20:56.542+0000] {logging_mixin.py:190} INFO - ✅ Saved: gs://gooutside-raw/air/bamberg/2025-04-08T1300.json
[2025-04-08T17:20:56.904+0000] {logging_mixin.py:190} INFO - ✅ Saved: gs://gooutside-raw/air/bamberg/2025-04-08T1400.json
[2025-04-08T17:20:57.256+0000] {logging_mixin.py:190} INFO - ✅ Saved: gs://gooutside-raw/air/bamberg/2025-04-08T1500.json
[2025-04-08T17:20:57.601+0000] {logging_mixin.py:190} INFO - ✅ Saved: gs://gooutside-raw/air/bamberg/2025-04-08T1600.json
[2025-04-08T17:20:57.602+0000] {python.py:240} INFO - Done. Returned value was: None
[2025-04-08T17:20:57.611+0000] {taskinstance.py:341} INFO - ::group::Post task execution logs
[2025-04-08T17:20:57.612+0000] {taskinstance.py:353} INFO - Marking task as SUCCESS. dag_id=air_ingestion_dag, task_id=ingest, run_id=scheduled__2025-04-08T09:00:00+00:00, execution_date=20250408T090000, start_date=20250408T172053, end_date=20250408T172057
[2025-04-08T17:20:57.643+0000] {local_task_job_runner.py:266} INFO - Task exited with return code 0
[2025-04-08T17:20:57.655+0000] {taskinstance.py:3901} INFO - 0 downstream tasks scheduled from follow-on schedule check
[2025-04-08T17:20:57.656+0000] {local_task_job_runner.py:245} INFO - ::endgroup::
