[2025-04-08T14:52:22.216+0000] {local_task_job_runner.py:123} INFO - ::group::Pre task execution logs
[2025-04-08T14:52:22.240+0000] {taskinstance.py:2614} INFO - Dependencies all met for dep_context=non-requeueable deps ti=<TaskInstance: air_ingestion_dag.ingest backfill__2024-01-05T07:00:00+00:00 [queued]>
[2025-04-08T14:52:22.252+0000] {taskinstance.py:2614} INFO - Dependencies all met for dep_context=requeueable deps ti=<TaskInstance: air_ingestion_dag.ingest backfill__2024-01-05T07:00:00+00:00 [queued]>
[2025-04-08T14:52:22.252+0000] {taskinstance.py:2867} INFO - Starting attempt 1 of 2
[2025-04-08T14:52:22.265+0000] {taskinstance.py:2890} INFO - Executing <Task(_PythonDecoratedOperator): ingest> on 2024-01-05 07:00:00+00:00
[2025-04-08T14:52:22.275+0000] {warnings.py:112} WARNING - /home/***/.local/lib/python3.12/site-packages/***/task/task_runner/standard_task_runner.py:70: DeprecationWarning: This process (pid=111) is multi-threaded, use of fork() may lead to deadlocks in the child.
  pid = os.fork()

[2025-04-08T14:52:22.277+0000] {standard_task_runner.py:72} INFO - Started process 118 to run task
[2025-04-08T14:52:22.278+0000] {standard_task_runner.py:104} INFO - Running: ['***', 'tasks', 'run', 'air_ingestion_dag', 'ingest', 'backfill__2024-01-05T07:00:00+00:00', '--job-id', '407', '--pool', 'default_pool', '--raw', '--subdir', 'DAGS_FOLDER/air_ingestion_dag.py', '--cfg-path', '/tmp/tmptgy8licp']
[2025-04-08T14:52:22.280+0000] {standard_task_runner.py:105} INFO - Job 407: Subtask ingest
[2025-04-08T14:52:22.344+0000] {task_command.py:467} INFO - Running <TaskInstance: air_ingestion_dag.ingest backfill__2024-01-05T07:00:00+00:00 [running]> on host 48eda3218d1e
[2025-04-08T14:52:22.447+0000] {taskinstance.py:3134} INFO - Exporting env vars: AIRFLOW_CTX_DAG_OWNER='beni' AIRFLOW_CTX_DAG_ID='air_ingestion_dag' AIRFLOW_CTX_TASK_ID='ingest' AIRFLOW_CTX_EXECUTION_DATE='2024-01-05T07:00:00+00:00' AIRFLOW_CTX_TRY_NUMBER='1' AIRFLOW_CTX_DAG_RUN_ID='backfill__2024-01-05T07:00:00+00:00'
[2025-04-08T14:52:22.448+0000] {taskinstance.py:732} INFO - ::endgroup::
[2025-04-08T14:52:22.450+0000] {logging_mixin.py:190} INFO - ⏰ Running for local time: 2024-01-05T08:00:00+01:00 (UTC: 2024-01-05T07:00:00+00:00)
[2025-04-08T14:52:23.712+0000] {logging_mixin.py:190} INFO - ✅ Saved: gs://gooutside-raw/air/bamberg/2024-01-05T0600.json
[2025-04-08T14:52:24.083+0000] {logging_mixin.py:190} INFO - ✅ Saved: gs://gooutside-raw/air/bamberg/2024-01-05T0700.json
[2025-04-08T14:52:24.409+0000] {logging_mixin.py:190} INFO - ✅ Saved: gs://gooutside-raw/air/bamberg/2024-01-05T0800.json
[2025-04-08T14:52:24.755+0000] {logging_mixin.py:190} INFO - ✅ Saved: gs://gooutside-raw/air/bamberg/2024-01-05T0900.json
[2025-04-08T14:52:25.092+0000] {logging_mixin.py:190} INFO - ✅ Saved: gs://gooutside-raw/air/bamberg/2024-01-05T1000.json
[2025-04-08T14:52:25.490+0000] {logging_mixin.py:190} INFO - ✅ Saved: gs://gooutside-raw/air/bamberg/2024-01-05T1100.json
[2025-04-08T14:52:25.805+0000] {logging_mixin.py:190} INFO - ✅ Saved: gs://gooutside-raw/air/bamberg/2024-01-05T1200.json
[2025-04-08T14:52:26.126+0000] {logging_mixin.py:190} INFO - ✅ Saved: gs://gooutside-raw/air/bamberg/2024-01-05T1300.json
[2025-04-08T14:52:26.496+0000] {logging_mixin.py:190} INFO - ✅ Saved: gs://gooutside-raw/air/bamberg/2024-01-05T1400.json
[2025-04-08T14:52:26.837+0000] {logging_mixin.py:190} INFO - ✅ Saved: gs://gooutside-raw/air/bamberg/2024-01-05T1500.json
[2025-04-08T14:52:27.164+0000] {logging_mixin.py:190} INFO - ✅ Saved: gs://gooutside-raw/air/bamberg/2024-01-05T1600.json
[2025-04-08T14:52:27.468+0000] {logging_mixin.py:190} INFO - ✅ Saved: gs://gooutside-raw/air/bamberg/2024-01-05T1700.json
[2025-04-08T14:52:27.804+0000] {logging_mixin.py:190} INFO - ✅ Saved: gs://gooutside-raw/air/bamberg/2024-01-05T1800.json
[2025-04-08T14:52:28.118+0000] {logging_mixin.py:190} INFO - ✅ Saved: gs://gooutside-raw/air/bamberg/2024-01-05T1900.json
[2025-04-08T14:52:28.119+0000] {python.py:240} INFO - Done. Returned value was: None
[2025-04-08T14:52:28.134+0000] {taskinstance.py:341} INFO - ::group::Post task execution logs
[2025-04-08T14:52:28.135+0000] {taskinstance.py:353} INFO - Marking task as SUCCESS. dag_id=air_ingestion_dag, task_id=ingest, run_id=backfill__2024-01-05T07:00:00+00:00, execution_date=20240105T070000, start_date=20250408T145222, end_date=20250408T145228
[2025-04-08T14:52:28.193+0000] {local_task_job_runner.py:266} INFO - Task exited with return code 0
[2025-04-08T14:52:28.207+0000] {taskinstance.py:3901} INFO - 0 downstream tasks scheduled from follow-on schedule check
[2025-04-08T14:52:28.208+0000] {local_task_job_runner.py:245} INFO - ::endgroup::
