[2025-04-12T17:12:10.287+0000] {local_task_job_runner.py:123} INFO - ::group::Pre task execution logs
[2025-04-12T17:12:10.300+0000] {taskinstance.py:2614} INFO - Dependencies all met for dep_context=non-requeueable deps ti=<TaskInstance: air_ingestion_dag.ingest scheduled__2025-04-12T16:00:00+00:00 [queued]>
[2025-04-12T17:12:10.306+0000] {taskinstance.py:2614} INFO - Dependencies all met for dep_context=requeueable deps ti=<TaskInstance: air_ingestion_dag.ingest scheduled__2025-04-12T16:00:00+00:00 [queued]>
[2025-04-12T17:12:10.307+0000] {taskinstance.py:2867} INFO - Starting attempt 1 of 2
[2025-04-12T17:12:10.316+0000] {taskinstance.py:2890} INFO - Executing <Task(_PythonDecoratedOperator): ingest> on 2025-04-12 16:00:00+00:00
[2025-04-12T17:12:10.322+0000] {warnings.py:112} WARNING - /home/***/.local/lib/python3.12/site-packages/***/task/task_runner/standard_task_runner.py:70: DeprecationWarning: This process (pid=218) is multi-threaded, use of fork() may lead to deadlocks in the child.
  pid = os.fork()

[2025-04-12T17:12:10.325+0000] {standard_task_runner.py:72} INFO - Started process 221 to run task
[2025-04-12T17:12:10.325+0000] {standard_task_runner.py:104} INFO - Running: ['***', 'tasks', 'run', 'air_ingestion_dag', 'ingest', 'scheduled__2025-04-12T16:00:00+00:00', '--job-id', '823', '--raw', '--subdir', 'DAGS_FOLDER/air_ingestion_dag.py', '--cfg-path', '/tmp/tmptxrpzjta']
[2025-04-12T17:12:10.328+0000] {standard_task_runner.py:105} INFO - Job 823: Subtask ingest
[2025-04-12T17:12:10.376+0000] {task_command.py:467} INFO - Running <TaskInstance: air_ingestion_dag.ingest scheduled__2025-04-12T16:00:00+00:00 [running]> on host caedfbfc7792
[2025-04-12T17:12:10.442+0000] {taskinstance.py:3134} INFO - Exporting env vars: AIRFLOW_CTX_DAG_OWNER='beni' AIRFLOW_CTX_DAG_ID='air_ingestion_dag' AIRFLOW_CTX_TASK_ID='ingest' AIRFLOW_CTX_EXECUTION_DATE='2025-04-12T16:00:00+00:00' AIRFLOW_CTX_TRY_NUMBER='1' AIRFLOW_CTX_DAG_RUN_ID='scheduled__2025-04-12T16:00:00+00:00'
[2025-04-12T17:12:10.444+0000] {taskinstance.py:732} INFO - ::endgroup::
[2025-04-12T17:12:10.447+0000] {air_ingestion_dag.py:30} INFO - 📅 Fetching UBA data for MEZ day: 2025-04-12
[2025-04-12T17:12:11.067+0000] {air_ingestion_dag.py:40} INFO - 📦 Parsed 9 entries
[2025-04-12T17:12:11.068+0000] {air_ingestion_dag.py:43} INFO - 💾 Saving air entry for 2025-04-12T04:00:00+00:00
[2025-04-12T17:12:11.996+0000] {logging_mixin.py:190} INFO - ✅ Saved: gs://gooutside-raw/air/bamberg/2025-04-12T0400.json
[2025-04-12T17:12:11.997+0000] {air_ingestion_dag.py:43} INFO - 💾 Saving air entry for 2025-04-12T05:00:00+00:00
[2025-04-12T17:12:12.875+0000] {logging_mixin.py:190} INFO - ✅ Saved: gs://gooutside-raw/air/bamberg/2025-04-12T0500.json
[2025-04-12T17:12:12.875+0000] {air_ingestion_dag.py:43} INFO - 💾 Saving air entry for 2025-04-12T06:00:00+00:00
[2025-04-12T17:12:13.560+0000] {logging_mixin.py:190} INFO - ✅ Saved: gs://gooutside-raw/air/bamberg/2025-04-12T0600.json
[2025-04-12T17:12:13.562+0000] {air_ingestion_dag.py:43} INFO - 💾 Saving air entry for 2025-04-12T07:00:00+00:00
[2025-04-12T17:12:13.926+0000] {logging_mixin.py:190} INFO - ✅ Saved: gs://gooutside-raw/air/bamberg/2025-04-12T0700.json
[2025-04-12T17:12:13.926+0000] {air_ingestion_dag.py:43} INFO - 💾 Saving air entry for 2025-04-12T08:00:00+00:00
[2025-04-12T17:12:14.309+0000] {logging_mixin.py:190} INFO - ✅ Saved: gs://gooutside-raw/air/bamberg/2025-04-12T0800.json
[2025-04-12T17:12:14.313+0000] {air_ingestion_dag.py:43} INFO - 💾 Saving air entry for 2025-04-12T09:00:00+00:00
[2025-04-12T17:12:14.687+0000] {logging_mixin.py:190} INFO - ✅ Saved: gs://gooutside-raw/air/bamberg/2025-04-12T0900.json
[2025-04-12T17:12:14.693+0000] {air_ingestion_dag.py:43} INFO - 💾 Saving air entry for 2025-04-12T10:00:00+00:00
[2025-04-12T17:12:15.056+0000] {logging_mixin.py:190} INFO - ✅ Saved: gs://gooutside-raw/air/bamberg/2025-04-12T1000.json
[2025-04-12T17:12:15.059+0000] {air_ingestion_dag.py:43} INFO - 💾 Saving air entry for 2025-04-12T11:00:00+00:00
[2025-04-12T17:12:15.397+0000] {logging_mixin.py:190} INFO - ✅ Saved: gs://gooutside-raw/air/bamberg/2025-04-12T1100.json
[2025-04-12T17:12:15.397+0000] {air_ingestion_dag.py:43} INFO - 💾 Saving air entry for 2025-04-12T12:00:00+00:00
[2025-04-12T17:12:15.729+0000] {logging_mixin.py:190} INFO - ✅ Saved: gs://gooutside-raw/air/bamberg/2025-04-12T1200.json
[2025-04-12T17:12:15.730+0000] {python.py:240} INFO - Done. Returned value was: None
[2025-04-12T17:12:15.740+0000] {taskinstance.py:341} INFO - ::group::Post task execution logs
[2025-04-12T17:12:15.740+0000] {taskinstance.py:353} INFO - Marking task as SUCCESS. dag_id=air_ingestion_dag, task_id=ingest, run_id=scheduled__2025-04-12T16:00:00+00:00, execution_date=20250412T160000, start_date=20250412T171210, end_date=20250412T171215
[2025-04-12T17:12:15.766+0000] {local_task_job_runner.py:266} INFO - Task exited with return code 0
[2025-04-12T17:12:15.781+0000] {taskinstance.py:3901} INFO - 0 downstream tasks scheduled from follow-on schedule check
[2025-04-12T17:12:15.784+0000] {local_task_job_runner.py:245} INFO - ::endgroup::
