[2025-04-08T14:51:30.577+0000] {local_task_job_runner.py:123} INFO - ::group::Pre task execution logs
[2025-04-08T14:51:30.600+0000] {taskinstance.py:2614} INFO - Dependencies all met for dep_context=non-requeueable deps ti=<TaskInstance: air_ingestion_dag.ingest backfill__2024-01-04T17:00:00+00:00 [queued]>
[2025-04-08T14:51:30.609+0000] {taskinstance.py:2614} INFO - Dependencies all met for dep_context=requeueable deps ti=<TaskInstance: air_ingestion_dag.ingest backfill__2024-01-04T17:00:00+00:00 [queued]>
[2025-04-08T14:51:30.610+0000] {taskinstance.py:2867} INFO - Starting attempt 1 of 2
[2025-04-08T14:51:30.620+0000] {taskinstance.py:2890} INFO - Executing <Task(_PythonDecoratedOperator): ingest> on 2024-01-04 17:00:00+00:00
[2025-04-08T14:51:30.640+0000] {warnings.py:112} WARNING - /home/***/.local/lib/python3.12/site-packages/***/task/task_runner/standard_task_runner.py:70: DeprecationWarning: This process (pid=82) is multi-threaded, use of fork() may lead to deadlocks in the child.
  pid = os.fork()

[2025-04-08T14:51:30.646+0000] {standard_task_runner.py:72} INFO - Started process 88 to run task
[2025-04-08T14:51:30.646+0000] {standard_task_runner.py:104} INFO - Running: ['***', 'tasks', 'run', 'air_ingestion_dag', 'ingest', 'backfill__2024-01-04T17:00:00+00:00', '--job-id', '391', '--pool', 'default_pool', '--raw', '--subdir', 'DAGS_FOLDER/air_ingestion_dag.py', '--cfg-path', '/tmp/tmpoa9blos9']
[2025-04-08T14:51:30.649+0000] {standard_task_runner.py:105} INFO - Job 391: Subtask ingest
[2025-04-08T14:51:30.762+0000] {task_command.py:467} INFO - Running <TaskInstance: air_ingestion_dag.ingest backfill__2024-01-04T17:00:00+00:00 [running]> on host bb9ffce3cfda
[2025-04-08T14:51:30.896+0000] {taskinstance.py:3134} INFO - Exporting env vars: AIRFLOW_CTX_DAG_OWNER='beni' AIRFLOW_CTX_DAG_ID='air_ingestion_dag' AIRFLOW_CTX_TASK_ID='ingest' AIRFLOW_CTX_EXECUTION_DATE='2024-01-04T17:00:00+00:00' AIRFLOW_CTX_TRY_NUMBER='1' AIRFLOW_CTX_DAG_RUN_ID='backfill__2024-01-04T17:00:00+00:00'
[2025-04-08T14:51:30.901+0000] {taskinstance.py:732} INFO - ::endgroup::
[2025-04-08T14:51:30.908+0000] {logging_mixin.py:190} INFO - ⏰ Running for local time: 2024-01-04T18:00:00+01:00 (UTC: 2024-01-04T17:00:00+00:00)
[2025-04-08T14:51:31.441+0000] {logging_mixin.py:190} INFO - ✅ Saved: gs://gooutside-raw/air/bamberg/2024-01-04T0600.json
[2025-04-08T14:51:31.780+0000] {logging_mixin.py:190} INFO - ✅ Saved: gs://gooutside-raw/air/bamberg/2024-01-04T0700.json
[2025-04-08T14:51:32.091+0000] {logging_mixin.py:190} INFO - ✅ Saved: gs://gooutside-raw/air/bamberg/2024-01-04T0800.json
[2025-04-08T14:51:32.587+0000] {logging_mixin.py:190} INFO - ✅ Saved: gs://gooutside-raw/air/bamberg/2024-01-04T0900.json
[2025-04-08T14:51:32.916+0000] {logging_mixin.py:190} INFO - ✅ Saved: gs://gooutside-raw/air/bamberg/2024-01-04T1100.json
[2025-04-08T14:51:33.252+0000] {logging_mixin.py:190} INFO - ✅ Saved: gs://gooutside-raw/air/bamberg/2024-01-04T1200.json
[2025-04-08T14:51:33.565+0000] {logging_mixin.py:190} INFO - ✅ Saved: gs://gooutside-raw/air/bamberg/2024-01-04T1300.json
[2025-04-08T14:51:33.888+0000] {logging_mixin.py:190} INFO - ✅ Saved: gs://gooutside-raw/air/bamberg/2024-01-04T1400.json
[2025-04-08T14:51:34.225+0000] {logging_mixin.py:190} INFO - ✅ Saved: gs://gooutside-raw/air/bamberg/2024-01-04T1500.json
[2025-04-08T14:51:34.555+0000] {logging_mixin.py:190} INFO - ✅ Saved: gs://gooutside-raw/air/bamberg/2024-01-04T1600.json
[2025-04-08T14:51:34.922+0000] {logging_mixin.py:190} INFO - ✅ Saved: gs://gooutside-raw/air/bamberg/2024-01-04T1700.json
[2025-04-08T14:51:35.257+0000] {logging_mixin.py:190} INFO - ✅ Saved: gs://gooutside-raw/air/bamberg/2024-01-04T1800.json
[2025-04-08T14:51:35.566+0000] {logging_mixin.py:190} INFO - ✅ Saved: gs://gooutside-raw/air/bamberg/2024-01-04T1900.json
[2025-04-08T14:51:35.890+0000] {logging_mixin.py:190} INFO - ✅ Saved: gs://gooutside-raw/air/bamberg/2024-01-04T1000.json
[2025-04-08T14:51:35.892+0000] {python.py:240} INFO - Done. Returned value was: None
[2025-04-08T14:51:35.908+0000] {taskinstance.py:341} INFO - ::group::Post task execution logs
[2025-04-08T14:51:35.909+0000] {taskinstance.py:353} INFO - Marking task as SUCCESS. dag_id=air_ingestion_dag, task_id=ingest, run_id=backfill__2024-01-04T17:00:00+00:00, execution_date=20240104T170000, start_date=20250408T145130, end_date=20250408T145135
[2025-04-08T14:51:35.985+0000] {local_task_job_runner.py:266} INFO - Task exited with return code 0
[2025-04-08T14:51:36.014+0000] {taskinstance.py:3901} INFO - 0 downstream tasks scheduled from follow-on schedule check
[2025-04-08T14:51:36.017+0000] {local_task_job_runner.py:245} INFO - ::endgroup::
