[2025-04-07T14:00:00.841+0000] {local_task_job_runner.py:123} INFO - ::group::Pre task execution logs
[2025-04-07T14:00:00.854+0000] {taskinstance.py:2614} INFO - Dependencies all met for dep_context=non-requeueable deps ti=<TaskInstance: air_ingestion_dag.ingest scheduled__2025-04-07T13:00:00+00:00 [queued]>
[2025-04-07T14:00:00.858+0000] {taskinstance.py:2614} INFO - Dependencies all met for dep_context=requeueable deps ti=<TaskInstance: air_ingestion_dag.ingest scheduled__2025-04-07T13:00:00+00:00 [queued]>
[2025-04-07T14:00:00.858+0000] {taskinstance.py:2867} INFO - Starting attempt 1 of 2
[2025-04-07T14:00:00.865+0000] {taskinstance.py:2890} INFO - Executing <Task(_PythonDecoratedOperator): ingest> on 2025-04-07 13:00:00+00:00
[2025-04-07T14:00:00.869+0000] {warnings.py:112} WARNING - /home/***/.local/lib/python3.12/site-packages/***/task/task_runner/standard_task_runner.py:70: DeprecationWarning: This process (pid=371) is multi-threaded, use of fork() may lead to deadlocks in the child.
  pid = os.fork()

[2025-04-07T14:00:00.871+0000] {standard_task_runner.py:72} INFO - Started process 373 to run task
[2025-04-07T14:00:00.871+0000] {standard_task_runner.py:104} INFO - Running: ['***', 'tasks', 'run', 'air_ingestion_dag', 'ingest', 'scheduled__2025-04-07T13:00:00+00:00', '--job-id', '221', '--raw', '--subdir', 'DAGS_FOLDER/air_ingestion_dag.py', '--cfg-path', '/tmp/tmp8key46w5']
[2025-04-07T14:00:00.873+0000] {standard_task_runner.py:105} INFO - Job 221: Subtask ingest
[2025-04-07T14:00:00.920+0000] {task_command.py:467} INFO - Running <TaskInstance: air_ingestion_dag.ingest scheduled__2025-04-07T13:00:00+00:00 [running]> on host 242fb041fbeb
[2025-04-07T14:00:00.980+0000] {taskinstance.py:3134} INFO - Exporting env vars: AIRFLOW_CTX_DAG_OWNER='beni' AIRFLOW_CTX_DAG_ID='air_ingestion_dag' AIRFLOW_CTX_TASK_ID='ingest' AIRFLOW_CTX_EXECUTION_DATE='2025-04-07T13:00:00+00:00' AIRFLOW_CTX_TRY_NUMBER='1' AIRFLOW_CTX_DAG_RUN_ID='scheduled__2025-04-07T13:00:00+00:00'
[2025-04-07T14:00:00.982+0000] {taskinstance.py:732} INFO - ::endgroup::
[2025-04-07T14:00:01.613+0000] {logging_mixin.py:190} INFO - ✅ Saved: gs://gooutside-raw/air/bamberg/2025-04-07 05:00:00.json
[2025-04-07T14:00:01.971+0000] {logging_mixin.py:190} INFO - ✅ Saved: gs://gooutside-raw/air/bamberg/2025-04-07 06:00:00.json
[2025-04-07T14:00:02.326+0000] {logging_mixin.py:190} INFO - ✅ Saved: gs://gooutside-raw/air/bamberg/2025-04-07 07:00:00.json
[2025-04-07T14:00:02.677+0000] {logging_mixin.py:190} INFO - ✅ Saved: gs://gooutside-raw/air/bamberg/2025-04-07 08:00:00.json
[2025-04-07T14:00:03.075+0000] {logging_mixin.py:190} INFO - ✅ Saved: gs://gooutside-raw/air/bamberg/2025-04-07 09:00:00.json
[2025-04-07T14:00:03.410+0000] {logging_mixin.py:190} INFO - ✅ Saved: gs://gooutside-raw/air/bamberg/2025-04-07 10:00:00.json
[2025-04-07T14:00:03.764+0000] {logging_mixin.py:190} INFO - ✅ Saved: gs://gooutside-raw/air/bamberg/2025-04-07 11:00:00.json
[2025-04-07T14:00:04.117+0000] {logging_mixin.py:190} INFO - ✅ Saved: gs://gooutside-raw/air/bamberg/2025-04-07 12:00:00.json
[2025-04-07T14:00:04.119+0000] {python.py:240} INFO - Done. Returned value was: None
[2025-04-07T14:00:04.137+0000] {taskinstance.py:341} INFO - ::group::Post task execution logs
[2025-04-07T14:00:04.138+0000] {taskinstance.py:353} INFO - Marking task as SUCCESS. dag_id=air_ingestion_dag, task_id=ingest, run_id=scheduled__2025-04-07T13:00:00+00:00, execution_date=20250407T130000, start_date=20250407T140000, end_date=20250407T140004
[2025-04-07T14:00:04.214+0000] {local_task_job_runner.py:266} INFO - Task exited with return code 0
[2025-04-07T14:00:04.225+0000] {taskinstance.py:3901} INFO - 0 downstream tasks scheduled from follow-on schedule check
[2025-04-07T14:00:04.226+0000] {local_task_job_runner.py:245} INFO - ::endgroup::
