[2025-04-07T19:33:20.125+0000] {local_task_job_runner.py:123} INFO - ::group::Pre task execution logs
[2025-04-07T19:33:20.143+0000] {taskinstance.py:2614} INFO - Dependencies all met for dep_context=non-requeueable deps ti=<TaskInstance: air_ingestion_dag.ingest scheduled__2025-04-07T18:00:00+00:00 [queued]>
[2025-04-07T19:33:20.150+0000] {taskinstance.py:2614} INFO - Dependencies all met for dep_context=requeueable deps ti=<TaskInstance: air_ingestion_dag.ingest scheduled__2025-04-07T18:00:00+00:00 [queued]>
[2025-04-07T19:33:20.151+0000] {taskinstance.py:2867} INFO - Starting attempt 1 of 2
[2025-04-07T19:33:20.159+0000] {taskinstance.py:2890} INFO - Executing <Task(_PythonDecoratedOperator): ingest> on 2025-04-07 18:00:00+00:00
[2025-04-07T19:33:20.164+0000] {warnings.py:112} WARNING - /home/***/.local/lib/python3.12/site-packages/***/task/task_runner/standard_task_runner.py:70: DeprecationWarning: This process (pid=77) is multi-threaded, use of fork() may lead to deadlocks in the child.
  pid = os.fork()

[2025-04-07T19:33:20.165+0000] {standard_task_runner.py:72} INFO - Started process 80 to run task
[2025-04-07T19:33:20.165+0000] {standard_task_runner.py:104} INFO - Running: ['***', 'tasks', 'run', 'air_ingestion_dag', 'ingest', 'scheduled__2025-04-07T18:00:00+00:00', '--job-id', '233', '--raw', '--subdir', 'DAGS_FOLDER/air_ingestion_dag.py', '--cfg-path', '/tmp/tmp_1dw0fsg']
[2025-04-07T19:33:20.166+0000] {standard_task_runner.py:105} INFO - Job 233: Subtask ingest
[2025-04-07T19:33:20.204+0000] {task_command.py:467} INFO - Running <TaskInstance: air_ingestion_dag.ingest scheduled__2025-04-07T18:00:00+00:00 [running]> on host 242fb041fbeb
[2025-04-07T19:33:20.259+0000] {taskinstance.py:3134} INFO - Exporting env vars: AIRFLOW_CTX_DAG_OWNER='beni' AIRFLOW_CTX_DAG_ID='air_ingestion_dag' AIRFLOW_CTX_TASK_ID='ingest' AIRFLOW_CTX_EXECUTION_DATE='2025-04-07T18:00:00+00:00' AIRFLOW_CTX_TRY_NUMBER='1' AIRFLOW_CTX_DAG_RUN_ID='scheduled__2025-04-07T18:00:00+00:00'
[2025-04-07T19:33:20.260+0000] {taskinstance.py:732} INFO - ::endgroup::
[2025-04-07T19:33:20.840+0000] {logging_mixin.py:190} INFO - ✅ Saved: gs://gooutside-raw/air/bamberg/2025-04-07T0500.json
[2025-04-07T19:33:21.196+0000] {logging_mixin.py:190} INFO - ✅ Saved: gs://gooutside-raw/air/bamberg/2025-04-07T0600.json
[2025-04-07T19:33:21.554+0000] {logging_mixin.py:190} INFO - ✅ Saved: gs://gooutside-raw/air/bamberg/2025-04-07T0700.json
[2025-04-07T19:33:21.910+0000] {logging_mixin.py:190} INFO - ✅ Saved: gs://gooutside-raw/air/bamberg/2025-04-07T0800.json
[2025-04-07T19:33:22.255+0000] {logging_mixin.py:190} INFO - ✅ Saved: gs://gooutside-raw/air/bamberg/2025-04-07T0900.json
[2025-04-07T19:33:22.608+0000] {logging_mixin.py:190} INFO - ✅ Saved: gs://gooutside-raw/air/bamberg/2025-04-07T1000.json
[2025-04-07T19:33:22.967+0000] {logging_mixin.py:190} INFO - ✅ Saved: gs://gooutside-raw/air/bamberg/2025-04-07T1100.json
[2025-04-07T19:33:23.323+0000] {logging_mixin.py:190} INFO - ✅ Saved: gs://gooutside-raw/air/bamberg/2025-04-07T1200.json
[2025-04-07T19:33:23.662+0000] {logging_mixin.py:190} INFO - ✅ Saved: gs://gooutside-raw/air/bamberg/2025-04-07T1300.json
[2025-04-07T19:33:24.024+0000] {logging_mixin.py:190} INFO - ✅ Saved: gs://gooutside-raw/air/bamberg/2025-04-07T1400.json
[2025-04-07T19:33:24.365+0000] {logging_mixin.py:190} INFO - ✅ Saved: gs://gooutside-raw/air/bamberg/2025-04-07T1500.json
[2025-04-07T19:33:24.710+0000] {logging_mixin.py:190} INFO - ✅ Saved: gs://gooutside-raw/air/bamberg/2025-04-07T1600.json
[2025-04-07T19:33:24.711+0000] {python.py:240} INFO - Done. Returned value was: None
[2025-04-07T19:33:24.727+0000] {taskinstance.py:341} INFO - ::group::Post task execution logs
[2025-04-07T19:33:24.731+0000] {taskinstance.py:353} INFO - Marking task as SUCCESS. dag_id=air_ingestion_dag, task_id=ingest, run_id=scheduled__2025-04-07T18:00:00+00:00, execution_date=20250407T180000, start_date=20250407T193320, end_date=20250407T193324
[2025-04-07T19:33:24.783+0000] {local_task_job_runner.py:266} INFO - Task exited with return code 0
[2025-04-07T19:33:24.800+0000] {taskinstance.py:3901} INFO - 0 downstream tasks scheduled from follow-on schedule check
[2025-04-07T19:33:24.802+0000] {local_task_job_runner.py:245} INFO - ::endgroup::
