[2025-04-08T10:44:28.527+0000] {local_task_job_runner.py:123} INFO - ::group::Pre task execution logs
[2025-04-08T10:44:28.540+0000] {taskinstance.py:2614} INFO - Dependencies all met for dep_context=non-requeueable deps ti=<TaskInstance: air_ingestion_dag.ingest manual__2025-04-08T10:44:27.598319+00:00 [queued]>
[2025-04-08T10:44:28.545+0000] {taskinstance.py:2614} INFO - Dependencies all met for dep_context=requeueable deps ti=<TaskInstance: air_ingestion_dag.ingest manual__2025-04-08T10:44:27.598319+00:00 [queued]>
[2025-04-08T10:44:28.545+0000] {taskinstance.py:2867} INFO - Starting attempt 1 of 2
[2025-04-08T10:44:28.553+0000] {taskinstance.py:2890} INFO - Executing <Task(_PythonDecoratedOperator): ingest> on 2025-04-08 10:44:27.598319+00:00
[2025-04-08T10:44:28.556+0000] {warnings.py:112} WARNING - /home/***/.local/lib/python3.12/site-packages/***/task/task_runner/standard_task_runner.py:70: DeprecationWarning: This process (pid=52) is multi-threaded, use of fork() may lead to deadlocks in the child.
  pid = os.fork()

[2025-04-08T10:44:28.558+0000] {standard_task_runner.py:72} INFO - Started process 53 to run task
[2025-04-08T10:44:28.558+0000] {standard_task_runner.py:104} INFO - Running: ['***', 'tasks', 'run', 'air_ingestion_dag', 'ingest', 'manual__2025-04-08T10:44:27.598319+00:00', '--job-id', '274', '--raw', '--subdir', 'DAGS_FOLDER/air_ingestion_dag.py', '--cfg-path', '/tmp/tmpsr0yr978']
[2025-04-08T10:44:28.560+0000] {standard_task_runner.py:105} INFO - Job 274: Subtask ingest
[2025-04-08T10:44:28.595+0000] {task_command.py:467} INFO - Running <TaskInstance: air_ingestion_dag.ingest manual__2025-04-08T10:44:27.598319+00:00 [running]> on host 55c70f88864a
[2025-04-08T10:44:28.647+0000] {taskinstance.py:3134} INFO - Exporting env vars: AIRFLOW_CTX_DAG_OWNER='beni' AIRFLOW_CTX_DAG_ID='air_ingestion_dag' AIRFLOW_CTX_TASK_ID='ingest' AIRFLOW_CTX_EXECUTION_DATE='2025-04-08T10:44:27.598319+00:00' AIRFLOW_CTX_TRY_NUMBER='1' AIRFLOW_CTX_DAG_RUN_ID='manual__2025-04-08T10:44:27.598319+00:00'
[2025-04-08T10:44:28.648+0000] {taskinstance.py:732} INFO - ::endgroup::
[2025-04-08T10:44:29.246+0000] {logging_mixin.py:190} INFO - ✅ Saved: gs://gooutside-raw/air/bamberg/2025-04-08T0700.json
[2025-04-08T10:44:29.601+0000] {logging_mixin.py:190} INFO - ✅ Saved: gs://gooutside-raw/air/bamberg/2025-04-08T0800.json
[2025-04-08T10:44:29.963+0000] {logging_mixin.py:190} INFO - ✅ Saved: gs://gooutside-raw/air/bamberg/2025-04-08T0900.json
[2025-04-08T10:44:30.327+0000] {logging_mixin.py:190} INFO - ✅ Saved: gs://gooutside-raw/air/bamberg/2025-04-08T1000.json
[2025-04-08T10:44:30.328+0000] {python.py:240} INFO - Done. Returned value was: None
[2025-04-08T10:44:30.345+0000] {taskinstance.py:341} INFO - ::group::Post task execution logs
[2025-04-08T10:44:30.346+0000] {taskinstance.py:353} INFO - Marking task as SUCCESS. dag_id=air_ingestion_dag, task_id=ingest, run_id=manual__2025-04-08T10:44:27.598319+00:00, execution_date=20250408T104427, start_date=20250408T104428, end_date=20250408T104430
[2025-04-08T10:44:30.395+0000] {local_task_job_runner.py:266} INFO - Task exited with return code 0
[2025-04-08T10:44:30.409+0000] {taskinstance.py:3901} INFO - 0 downstream tasks scheduled from follow-on schedule check
[2025-04-08T10:44:30.410+0000] {local_task_job_runner.py:245} INFO - ::endgroup::
