[2025-04-08T22:03:10.505+0000] {local_task_job_runner.py:123} INFO - ::group::Pre task execution logs
[2025-04-08T22:03:10.517+0000] {taskinstance.py:2614} INFO - Dependencies all met for dep_context=non-requeueable deps ti=<TaskInstance: weather_ingestion_dag.ingest scheduled__2025-04-08T21:00:00+00:00 [queued]>
[2025-04-08T22:03:10.522+0000] {taskinstance.py:2614} INFO - Dependencies all met for dep_context=requeueable deps ti=<TaskInstance: weather_ingestion_dag.ingest scheduled__2025-04-08T21:00:00+00:00 [queued]>
[2025-04-08T22:03:10.524+0000] {taskinstance.py:2867} INFO - Starting attempt 1 of 2
[2025-04-08T22:03:10.531+0000] {taskinstance.py:2890} INFO - Executing <Task(_PythonDecoratedOperator): ingest> on 2025-04-08 21:00:00+00:00
[2025-04-08T22:03:10.535+0000] {warnings.py:112} WARNING - /home/***/.local/lib/python3.12/site-packages/***/task/task_runner/standard_task_runner.py:70: DeprecationWarning: This process (pid=189) is multi-threaded, use of fork() may lead to deadlocks in the child.
  pid = os.fork()

[2025-04-08T22:03:10.536+0000] {standard_task_runner.py:72} INFO - Started process 190 to run task
[2025-04-08T22:03:10.537+0000] {standard_task_runner.py:104} INFO - Running: ['***', 'tasks', 'run', 'weather_ingestion_dag', 'ingest', 'scheduled__2025-04-08T21:00:00+00:00', '--job-id', '452', '--raw', '--subdir', 'DAGS_FOLDER/weather_ingestion_dag.py', '--cfg-path', '/tmp/tmpy313tobg']
[2025-04-08T22:03:10.538+0000] {standard_task_runner.py:105} INFO - Job 452: Subtask ingest
[2025-04-08T22:03:10.577+0000] {task_command.py:467} INFO - Running <TaskInstance: weather_ingestion_dag.ingest scheduled__2025-04-08T21:00:00+00:00 [running]> on host 48eda3218d1e
[2025-04-08T22:03:10.631+0000] {taskinstance.py:3134} INFO - Exporting env vars: AIRFLOW_CTX_DAG_OWNER='beni' AIRFLOW_CTX_DAG_ID='weather_ingestion_dag' AIRFLOW_CTX_TASK_ID='ingest' AIRFLOW_CTX_EXECUTION_DATE='2025-04-08T21:00:00+00:00' AIRFLOW_CTX_TRY_NUMBER='1' AIRFLOW_CTX_DAG_RUN_ID='scheduled__2025-04-08T21:00:00+00:00'
[2025-04-08T22:03:10.632+0000] {taskinstance.py:732} INFO - ::endgroup::
[2025-04-08T22:03:11.342+0000] {logging_mixin.py:190} INFO - ✅ Saved: gs://gooutside-raw/weather/bamberg/2025-04-08T06:00:00+02:00.json
[2025-04-08T22:03:11.701+0000] {logging_mixin.py:190} INFO - ✅ Saved: gs://gooutside-raw/weather/bamberg/2025-04-08T07:00:00+02:00.json
[2025-04-08T22:03:12.070+0000] {logging_mixin.py:190} INFO - ✅ Saved: gs://gooutside-raw/weather/bamberg/2025-04-08T08:00:00+02:00.json
[2025-04-08T22:03:12.460+0000] {logging_mixin.py:190} INFO - ✅ Saved: gs://gooutside-raw/weather/bamberg/2025-04-08T09:00:00+02:00.json
[2025-04-08T22:03:12.836+0000] {logging_mixin.py:190} INFO - ✅ Saved: gs://gooutside-raw/weather/bamberg/2025-04-08T10:00:00+02:00.json
[2025-04-08T22:03:13.214+0000] {logging_mixin.py:190} INFO - ✅ Saved: gs://gooutside-raw/weather/bamberg/2025-04-08T11:00:00+02:00.json
[2025-04-08T22:03:13.575+0000] {logging_mixin.py:190} INFO - ✅ Saved: gs://gooutside-raw/weather/bamberg/2025-04-08T12:00:00+02:00.json
[2025-04-08T22:03:14.038+0000] {logging_mixin.py:190} INFO - ✅ Saved: gs://gooutside-raw/weather/bamberg/2025-04-08T13:00:00+02:00.json
[2025-04-08T22:03:14.397+0000] {logging_mixin.py:190} INFO - ✅ Saved: gs://gooutside-raw/weather/bamberg/2025-04-08T14:00:00+02:00.json
[2025-04-08T22:03:14.767+0000] {logging_mixin.py:190} INFO - ✅ Saved: gs://gooutside-raw/weather/bamberg/2025-04-08T15:00:00+02:00.json
[2025-04-08T22:03:15.223+0000] {logging_mixin.py:190} INFO - ✅ Saved: gs://gooutside-raw/weather/bamberg/2025-04-08T16:00:00+02:00.json
[2025-04-08T22:03:15.583+0000] {logging_mixin.py:190} INFO - ✅ Saved: gs://gooutside-raw/weather/bamberg/2025-04-08T17:00:00+02:00.json
[2025-04-08T22:03:15.937+0000] {logging_mixin.py:190} INFO - ✅ Saved: gs://gooutside-raw/weather/bamberg/2025-04-08T18:00:00+02:00.json
[2025-04-08T22:03:15.939+0000] {python.py:240} INFO - Done. Returned value was: None
[2025-04-08T22:03:15.961+0000] {taskinstance.py:341} INFO - ::group::Post task execution logs
[2025-04-08T22:03:15.962+0000] {taskinstance.py:353} INFO - Marking task as SUCCESS. dag_id=weather_ingestion_dag, task_id=ingest, run_id=scheduled__2025-04-08T21:00:00+00:00, execution_date=20250408T210000, start_date=20250408T220310, end_date=20250408T220315
[2025-04-08T22:03:16.035+0000] {local_task_job_runner.py:266} INFO - Task exited with return code 0
[2025-04-08T22:03:16.050+0000] {taskinstance.py:3901} INFO - 0 downstream tasks scheduled from follow-on schedule check
[2025-04-08T22:03:16.051+0000] {local_task_job_runner.py:245} INFO - ::endgroup::
