[2025-04-08T13:14:22.780+0000] {local_task_job_runner.py:123} INFO - ::group::Pre task execution logs
[2025-04-08T13:14:22.793+0000] {taskinstance.py:2614} INFO - Dependencies all met for dep_context=non-requeueable deps ti=<TaskInstance: air_ingestion_dag.ingest scheduled__2025-04-08T12:00:00+00:00 [queued]>
[2025-04-08T13:14:22.798+0000] {taskinstance.py:2614} INFO - Dependencies all met for dep_context=requeueable deps ti=<TaskInstance: air_ingestion_dag.ingest scheduled__2025-04-08T12:00:00+00:00 [queued]>
[2025-04-08T13:14:22.798+0000] {taskinstance.py:2867} INFO - Starting attempt 1 of 2
[2025-04-08T13:14:22.806+0000] {taskinstance.py:2890} INFO - Executing <Task(_PythonDecoratedOperator): ingest> on 2025-04-08 12:00:00+00:00
[2025-04-08T13:14:22.810+0000] {warnings.py:112} WARNING - /home/***/.local/lib/python3.12/site-packages/***/task/task_runner/standard_task_runner.py:70: DeprecationWarning: This process (pid=68) is multi-threaded, use of fork() may lead to deadlocks in the child.
  pid = os.fork()

[2025-04-08T13:14:22.812+0000] {standard_task_runner.py:72} INFO - Started process 71 to run task
[2025-04-08T13:14:22.812+0000] {standard_task_runner.py:104} INFO - Running: ['***', 'tasks', 'run', 'air_ingestion_dag', 'ingest', 'scheduled__2025-04-08T12:00:00+00:00', '--job-id', '280', '--raw', '--subdir', 'DAGS_FOLDER/air_ingestion_dag.py', '--cfg-path', '/tmp/tmpy2q_3_yh']
[2025-04-08T13:14:22.814+0000] {standard_task_runner.py:105} INFO - Job 280: Subtask ingest
[2025-04-08T13:14:22.851+0000] {task_command.py:467} INFO - Running <TaskInstance: air_ingestion_dag.ingest scheduled__2025-04-08T12:00:00+00:00 [running]> on host 55c70f88864a
[2025-04-08T13:14:22.907+0000] {taskinstance.py:3134} INFO - Exporting env vars: AIRFLOW_CTX_DAG_OWNER='beni' AIRFLOW_CTX_DAG_ID='air_ingestion_dag' AIRFLOW_CTX_TASK_ID='ingest' AIRFLOW_CTX_EXECUTION_DATE='2025-04-08T12:00:00+00:00' AIRFLOW_CTX_TRY_NUMBER='1' AIRFLOW_CTX_DAG_RUN_ID='scheduled__2025-04-08T12:00:00+00:00'
[2025-04-08T13:14:22.908+0000] {taskinstance.py:732} INFO - ::endgroup::
[2025-04-08T13:14:23.708+0000] {logging_mixin.py:190} INFO - ✅ Saved: gs://gooutside-raw/air/bamberg/2025-04-08T0700.json
[2025-04-08T13:14:24.228+0000] {logging_mixin.py:190} INFO - ✅ Saved: gs://gooutside-raw/air/bamberg/2025-04-08T0800.json
[2025-04-08T13:14:25.252+0000] {logging_mixin.py:190} INFO - ✅ Saved: gs://gooutside-raw/air/bamberg/2025-04-08T0900.json
[2025-04-08T13:14:26.854+0000] {logging_mixin.py:190} INFO - ✅ Saved: gs://gooutside-raw/air/bamberg/2025-04-08T1000.json
[2025-04-08T13:14:28.236+0000] {logging_mixin.py:190} INFO - ✅ Saved: gs://gooutside-raw/air/bamberg/2025-04-08T1100.json
[2025-04-08T13:14:28.934+0000] {logging_mixin.py:190} INFO - ✅ Saved: gs://gooutside-raw/air/bamberg/2025-04-08T1200.json
[2025-04-08T13:14:29.553+0000] {logging_mixin.py:190} INFO - ✅ Saved: gs://gooutside-raw/air/bamberg/2025-04-08T1300.json
[2025-04-08T13:14:29.555+0000] {python.py:240} INFO - Done. Returned value was: None
[2025-04-08T13:14:29.591+0000] {taskinstance.py:341} INFO - ::group::Post task execution logs
[2025-04-08T13:14:29.592+0000] {taskinstance.py:353} INFO - Marking task as SUCCESS. dag_id=air_ingestion_dag, task_id=ingest, run_id=scheduled__2025-04-08T12:00:00+00:00, execution_date=20250408T120000, start_date=20250408T131422, end_date=20250408T131429
[2025-04-08T13:14:29.668+0000] {local_task_job_runner.py:266} INFO - Task exited with return code 0
[2025-04-08T13:14:29.683+0000] {taskinstance.py:3901} INFO - 0 downstream tasks scheduled from follow-on schedule check
[2025-04-08T13:14:29.684+0000] {local_task_job_runner.py:245} INFO - ::endgroup::
[2025-04-08T17:20:59.958+0000] {local_task_job_runner.py:123} INFO - ::group::Pre task execution logs
[2025-04-08T17:20:59.978+0000] {taskinstance.py:2614} INFO - Dependencies all met for dep_context=non-requeueable deps ti=<TaskInstance: air_ingestion_dag.ingest scheduled__2025-04-08T12:00:00+00:00 [queued]>
[2025-04-08T17:20:59.984+0000] {taskinstance.py:2614} INFO - Dependencies all met for dep_context=requeueable deps ti=<TaskInstance: air_ingestion_dag.ingest scheduled__2025-04-08T12:00:00+00:00 [queued]>
[2025-04-08T17:20:59.985+0000] {taskinstance.py:2867} INFO - Starting attempt 1 of 2
[2025-04-08T17:20:59.996+0000] {taskinstance.py:2890} INFO - Executing <Task(_PythonDecoratedOperator): ingest> on 2025-04-08 12:00:00+00:00
[2025-04-08T17:21:00.000+0000] {warnings.py:112} WARNING - /home/***/.local/lib/python3.12/site-packages/***/task/task_runner/standard_task_runner.py:70: DeprecationWarning: This process (pid=165) is multi-threaded, use of fork() may lead to deadlocks in the child.
  pid = os.fork()

[2025-04-08T17:21:00.004+0000] {standard_task_runner.py:72} INFO - Started process 167 to run task
[2025-04-08T17:21:00.004+0000] {standard_task_runner.py:104} INFO - Running: ['***', 'tasks', 'run', 'air_ingestion_dag', 'ingest', 'scheduled__2025-04-08T12:00:00+00:00', '--job-id', '435', '--raw', '--subdir', 'DAGS_FOLDER/air_ingestion_dag.py', '--cfg-path', '/tmp/tmpaz8yx4yn']
[2025-04-08T17:21:00.008+0000] {standard_task_runner.py:105} INFO - Job 435: Subtask ingest
[2025-04-08T17:21:00.078+0000] {task_command.py:467} INFO - Running <TaskInstance: air_ingestion_dag.ingest scheduled__2025-04-08T12:00:00+00:00 [running]> on host 48eda3218d1e
[2025-04-08T17:21:00.162+0000] {taskinstance.py:3134} INFO - Exporting env vars: AIRFLOW_CTX_DAG_OWNER='beni' AIRFLOW_CTX_DAG_ID='air_ingestion_dag' AIRFLOW_CTX_TASK_ID='ingest' AIRFLOW_CTX_EXECUTION_DATE='2025-04-08T12:00:00+00:00' AIRFLOW_CTX_TRY_NUMBER='1' AIRFLOW_CTX_DAG_RUN_ID='scheduled__2025-04-08T12:00:00+00:00'
[2025-04-08T17:21:00.163+0000] {taskinstance.py:732} INFO - ::endgroup::
[2025-04-08T17:21:00.165+0000] {logging_mixin.py:190} INFO - ⏰ Running for local time: 2025-04-08T14:00:00+02:00 (UTC: 2025-04-08T12:00:00+00:00)
[2025-04-08T17:21:00.697+0000] {logging_mixin.py:190} INFO - ✅ Saved: gs://gooutside-raw/air/bamberg/2025-04-08T0600.json
[2025-04-08T17:21:01.030+0000] {logging_mixin.py:190} INFO - ✅ Saved: gs://gooutside-raw/air/bamberg/2025-04-08T0700.json
[2025-04-08T17:21:01.358+0000] {logging_mixin.py:190} INFO - ✅ Saved: gs://gooutside-raw/air/bamberg/2025-04-08T0800.json
[2025-04-08T17:21:01.714+0000] {logging_mixin.py:190} INFO - ✅ Saved: gs://gooutside-raw/air/bamberg/2025-04-08T0900.json
[2025-04-08T17:21:02.051+0000] {logging_mixin.py:190} INFO - ✅ Saved: gs://gooutside-raw/air/bamberg/2025-04-08T1000.json
[2025-04-08T17:21:02.399+0000] {logging_mixin.py:190} INFO - ✅ Saved: gs://gooutside-raw/air/bamberg/2025-04-08T1100.json
[2025-04-08T17:21:02.747+0000] {logging_mixin.py:190} INFO - ✅ Saved: gs://gooutside-raw/air/bamberg/2025-04-08T1200.json
[2025-04-08T17:21:03.075+0000] {logging_mixin.py:190} INFO - ✅ Saved: gs://gooutside-raw/air/bamberg/2025-04-08T1300.json
[2025-04-08T17:21:03.394+0000] {logging_mixin.py:190} INFO - ✅ Saved: gs://gooutside-raw/air/bamberg/2025-04-08T1400.json
[2025-04-08T17:21:03.746+0000] {logging_mixin.py:190} INFO - ✅ Saved: gs://gooutside-raw/air/bamberg/2025-04-08T1500.json
[2025-04-08T17:21:04.079+0000] {logging_mixin.py:190} INFO - ✅ Saved: gs://gooutside-raw/air/bamberg/2025-04-08T1600.json
[2025-04-08T17:21:04.080+0000] {python.py:240} INFO - Done. Returned value was: None
[2025-04-08T17:21:04.091+0000] {taskinstance.py:341} INFO - ::group::Post task execution logs
[2025-04-08T17:21:04.092+0000] {taskinstance.py:353} INFO - Marking task as SUCCESS. dag_id=air_ingestion_dag, task_id=ingest, run_id=scheduled__2025-04-08T12:00:00+00:00, execution_date=20250408T120000, start_date=20250408T172059, end_date=20250408T172104
[2025-04-08T17:21:04.128+0000] {local_task_job_runner.py:266} INFO - Task exited with return code 0
[2025-04-08T17:21:04.139+0000] {taskinstance.py:3901} INFO - 0 downstream tasks scheduled from follow-on schedule check
[2025-04-08T17:21:04.139+0000] {local_task_job_runner.py:245} INFO - ::endgroup::
